--2019-06-20 20:08:40--  ftp://ftp-private.ncbi.nlm.nih.gov/pubchem/.fetch/31/3002019416230259590.txt.gz
           => ‘3002019416230259590.txt.gz’
Resolving ftp-private.ncbi.nlm.nih.gov (ftp-private.ncbi.nlm.nih.gov)... 130.14.29.30
Connecting to ftp-private.ncbi.nlm.nih.gov (ftp-private.ncbi.nlm.nih.gov)|130.14.29.30|:21... connected.
Logging in as anonymous ... Logged in!
==> SYST ... done.    ==> PWD ... done.
==> TYPE I ... done.  ==> CWD (1) /pubchem/.fetch/31 ... done.
==> SIZE 3002019416230259590.txt.gz ... 57
==> PASV ... done.    ==> RETR 3002019416230259590.txt.gz ... done.
Length: 57 (unauthoritative)

     0K                                                       100% 79.5K=0.001s

2019-06-20 20:08:40 (79.5 KB/s) - ‘3002019416230259590.txt.gz’ saved [57]

--2019-06-20 20:08:40--  http://query/
Resolving query (query)... failed: Name or service not known.
wget: unable to resolve host address ‘query’
--2019-06-20 20:08:40--  ftp://xml/
           => ‘.listing’
Resolving xml (xml)... failed: Name or service not known.
wget: unable to resolve host address ‘xml’
--2019-06-20 20:08:40--  http://pc_fetch_aid1303255_activities_0.cgi/
Resolving pc_fetch_aid1303255_activities_0.cgi (pc_fetch_aid1303255_activities_0.cgi)... failed: Name or service not known.
wget: unable to resolve host address ‘pc_fetch_aid1303255_activities_0.cgi’
FINISHED --2019-06-20 20:08:40--
Total wall clock time: 0.8s
Downloaded: 1 files, 57 in 0.001s (79.5 KB/s)
