--2019-06-20 20:06:20--  ftp://ftp-private.ncbi.nlm.nih.gov/pubchem/.fetch/52/3366956270353808780.txt.gz
           => ‘3366956270353808780.txt.gz’
Resolving ftp-private.ncbi.nlm.nih.gov (ftp-private.ncbi.nlm.nih.gov)... 130.14.29.30
Connecting to ftp-private.ncbi.nlm.nih.gov (ftp-private.ncbi.nlm.nih.gov)|130.14.29.30|:21... connected.
Logging in as anonymous ... Logged in!
==> SYST ... done.    ==> PWD ... done.
==> TYPE I ... done.  ==> CWD (1) /pubchem/.fetch/52 ... done.
==> SIZE 3366956270353808780.txt.gz ... 104
==> PASV ... done.    ==> RETR 3366956270353808780.txt.gz ... done.
Length: 104 (unauthoritative)

     0K                                                       100%  126K=0.001s

2019-06-20 20:06:21 (126 KB/s) - ‘3366956270353808780.txt.gz’ saved [104]

--2019-06-20 20:06:21--  http://query/
Resolving query (query)... failed: Name or service not known.
wget: unable to resolve host address ‘query’
--2019-06-20 20:06:21--  ftp://xml/
           => ‘.listing’
Resolving xml (xml)... failed: Name or service not known.
wget: unable to resolve host address ‘xml’
--2019-06-20 20:06:21--  http://pc_fetch_aid1300986_activities_0.cgi/
Resolving pc_fetch_aid1300986_activities_0.cgi (pc_fetch_aid1300986_activities_0.cgi)... failed: Name or service not known.
wget: unable to resolve host address ‘pc_fetch_aid1300986_activities_0.cgi’
FINISHED --2019-06-20 20:06:21--
Total wall clock time: 0.7s
Downloaded: 1 files, 104 in 0.001s (126 KB/s)
