--2019-06-20 17:45:30--  ftp://ftp-private.ncbi.nlm.nih.gov/pubchem/.fetch/86/3620681635890936622.txt.gz
           => ‘3620681635890936622.txt.gz’
Resolving ftp-private.ncbi.nlm.nih.gov (ftp-private.ncbi.nlm.nih.gov)... 130.14.29.35
Connecting to ftp-private.ncbi.nlm.nih.gov (ftp-private.ncbi.nlm.nih.gov)|130.14.29.35|:21... connected.
Logging in as anonymous ... Logged in!
==> SYST ... done.    ==> PWD ... done.
==> TYPE I ... done.  ==> CWD (1) /pubchem/.fetch/86 ... done.
==> SIZE 3620681635890936622.txt.gz ... 78
==> PASV ... done.    ==> RETR 3620681635890936622.txt.gz ... done.
Length: 78 (unauthoritative)

     0K                                                       100% 92.9K=0.001s

2019-06-20 17:45:31 (92.9 KB/s) - ‘3620681635890936622.txt.gz’ saved [78]

--2019-06-20 17:45:31--  http://query/
Resolving query (query)... failed: Name or service not known.
wget: unable to resolve host address ‘query’
--2019-06-20 17:45:31--  ftp://xml/
           => ‘.listing’
Resolving xml (xml)... failed: Name or service not known.
wget: unable to resolve host address ‘xml’
--2019-06-20 17:45:31--  http://pc_fetch_aid1154439_activities_0.cgi/
Resolving pc_fetch_aid1154439_activities_0.cgi (pc_fetch_aid1154439_activities_0.cgi)... failed: Name or service not known.
wget: unable to resolve host address ‘pc_fetch_aid1154439_activities_0.cgi’
FINISHED --2019-06-20 17:45:31--
Total wall clock time: 0.6s
Downloaded: 1 files, 78 in 0.001s (92.9 KB/s)
