--2019-06-21 00:54:17--  ftp://ftp-private.ncbi.nlm.nih.gov/pubchem/.fetch/26/1053490955463600376.txt.gz
           => ‘1053490955463600376.txt.gz’
Resolving ftp-private.ncbi.nlm.nih.gov (ftp-private.ncbi.nlm.nih.gov)... 130.14.29.30
Connecting to ftp-private.ncbi.nlm.nih.gov (ftp-private.ncbi.nlm.nih.gov)|130.14.29.30|:21... connected.
Logging in as anonymous ... Logged in!
==> SYST ... done.    ==> PWD ... done.
==> TYPE I ... done.  ==> CWD (1) /pubchem/.fetch/26 ... done.
==> SIZE 1053490955463600376.txt.gz ... 77
==> PASV ... done.    ==> RETR 1053490955463600376.txt.gz ... done.
Length: 77 (unauthoritative)

     0K                                                       100% 99.3K=0.001s

2019-06-21 00:54:18 (99.3 KB/s) - ‘1053490955463600376.txt.gz’ saved [77]

--2019-06-21 00:54:18--  http://query/
Resolving query (query)... failed: Name or service not known.
wget: unable to resolve host address ‘query’
--2019-06-21 00:54:18--  ftp://xml/
           => ‘.listing’
Resolving xml (xml)... failed: Name or service not known.
wget: unable to resolve host address ‘xml’
--2019-06-21 00:54:18--  http://pc_fetch_aid777323_activities_0.cgi/
Resolving pc_fetch_aid777323_activities_0.cgi (pc_fetch_aid777323_activities_0.cgi)... failed: Name or service not known.
wget: unable to resolve host address ‘pc_fetch_aid777323_activities_0.cgi’
FINISHED --2019-06-21 00:54:18--
Total wall clock time: 0.6s
Downloaded: 1 files, 77 in 0.001s (99.3 KB/s)
