--2019-06-21 00:41:24--  ftp://ftp-private.ncbi.nlm.nih.gov/pubchem/.fetch/98/1902866329129313550.txt.gz
           => ‘1902866329129313550.txt.gz’
Resolving ftp-private.ncbi.nlm.nih.gov (ftp-private.ncbi.nlm.nih.gov)... 130.14.29.30
Connecting to ftp-private.ncbi.nlm.nih.gov (ftp-private.ncbi.nlm.nih.gov)|130.14.29.30|:21... connected.
Logging in as anonymous ... Logged in!
==> SYST ... done.    ==> PWD ... done.
==> TYPE I ... done.  ==> CWD (1) /pubchem/.fetch/98 ... done.
==> SIZE 1902866329129313550.txt.gz ... 96
==> PASV ... done.    ==> RETR 1902866329129313550.txt.gz ... done.
Length: 96 (unauthoritative)

     0K                                                       100%  119K=0.001s

2019-06-21 00:41:24 (119 KB/s) - ‘1902866329129313550.txt.gz’ saved [96]

--2019-06-21 00:41:24--  http://query/
Resolving query (query)... failed: Name or service not known.
wget: unable to resolve host address ‘query’
--2019-06-21 00:41:24--  ftp://xml/
           => ‘.listing’
Resolving xml (xml)... failed: Name or service not known.
wget: unable to resolve host address ‘xml’
--2019-06-21 00:41:24--  http://pc_fetch_aid774803_activities_0.cgi/
Resolving pc_fetch_aid774803_activities_0.cgi (pc_fetch_aid774803_activities_0.cgi)... failed: Name or service not known.
wget: unable to resolve host address ‘pc_fetch_aid774803_activities_0.cgi’
FINISHED --2019-06-21 00:41:24--
Total wall clock time: 0.8s
Downloaded: 1 files, 96 in 0.001s (119 KB/s)
