--2019-06-20 23:28:12--  ftp://ftp-private.ncbi.nlm.nih.gov/pubchem/.fetch/65/3922714218210776207.txt.gz
           => ‘3922714218210776207.txt.gz’
Resolving ftp-private.ncbi.nlm.nih.gov (ftp-private.ncbi.nlm.nih.gov)... 130.14.29.35
Connecting to ftp-private.ncbi.nlm.nih.gov (ftp-private.ncbi.nlm.nih.gov)|130.14.29.35|:21... connected.
Logging in as anonymous ... Logged in!
==> SYST ... done.    ==> PWD ... done.
==> TYPE I ... done.  ==> CWD (1) /pubchem/.fetch/65 ... done.
==> SIZE 3922714218210776207.txt.gz ... 175
==> PASV ... done.    ==> RETR 3922714218210776207.txt.gz ... done.
Length: 175 (unauthoritative)

     0K                                                       100%  155K=0.001s

2019-06-20 23:28:13 (155 KB/s) - ‘3922714218210776207.txt.gz’ saved [175]

--2019-06-20 23:28:13--  http://query/
Resolving query (query)... failed: Name or service not known.
wget: unable to resolve host address ‘query’
--2019-06-20 23:28:13--  ftp://xml/
           => ‘.listing’
Resolving xml (xml)... failed: Name or service not known.
wget: unable to resolve host address ‘xml’
--2019-06-20 23:28:13--  http://pc_fetch_aid663109_activities_0.cgi/
Resolving pc_fetch_aid663109_activities_0.cgi (pc_fetch_aid663109_activities_0.cgi)... failed: Name or service not known.
wget: unable to resolve host address ‘pc_fetch_aid663109_activities_0.cgi’
FINISHED --2019-06-20 23:28:13--
Total wall clock time: 0.4s
Downloaded: 1 files, 175 in 0.001s (155 KB/s)
