--2019-06-20 22:10:24--  ftp://ftp-private.ncbi.nlm.nih.gov/pubchem/.fetch/83/3726020365922801776.txt.gz
           => ‘3726020365922801776.txt.gz’
Resolving ftp-private.ncbi.nlm.nih.gov (ftp-private.ncbi.nlm.nih.gov)... 130.14.29.35
Connecting to ftp-private.ncbi.nlm.nih.gov (ftp-private.ncbi.nlm.nih.gov)|130.14.29.35|:21... connected.
Logging in as anonymous ... Logged in!
==> SYST ... done.    ==> PWD ... done.
==> TYPE I ... done.  ==> CWD (1) /pubchem/.fetch/83 ... done.
==> SIZE 3726020365922801776.txt.gz ... 89
==> PASV ... done.    ==> RETR 3726020365922801776.txt.gz ... done.
Length: 89 (unauthoritative)

     0K                                                       100% 81.8K=0.001s

2019-06-20 22:10:24 (81.8 KB/s) - ‘3726020365922801776.txt.gz’ saved [89]

--2019-06-20 22:10:24--  http://query/
Resolving query (query)... failed: Name or service not known.
wget: unable to resolve host address ‘query’
--2019-06-20 22:10:24--  ftp://xml/
           => ‘.listing’
Resolving xml (xml)... failed: Name or service not known.
wget: unable to resolve host address ‘xml’
--2019-06-20 22:10:24--  http://pc_fetch_aid486652_activities_0.cgi/
Resolving pc_fetch_aid486652_activities_0.cgi (pc_fetch_aid486652_activities_0.cgi)... failed: Name or service not known.
wget: unable to resolve host address ‘pc_fetch_aid486652_activities_0.cgi’
FINISHED --2019-06-20 22:10:24--
Total wall clock time: 0.5s
Downloaded: 1 files, 89 in 0.001s (81.8 KB/s)
