--2019-06-20 22:40:55--  ftp://ftp-private.ncbi.nlm.nih.gov/pubchem/.fetch/50/2042082612138224891.txt.gz
           => ‘2042082612138224891.txt.gz’
Resolving ftp-private.ncbi.nlm.nih.gov (ftp-private.ncbi.nlm.nih.gov)... 130.14.29.30
Connecting to ftp-private.ncbi.nlm.nih.gov (ftp-private.ncbi.nlm.nih.gov)|130.14.29.30|:21... connected.
Logging in as anonymous ... Logged in!
==> SYST ... done.    ==> PWD ... done.
==> TYPE I ... done.  ==> CWD (1) /pubchem/.fetch/50 ... done.
==> SIZE 2042082612138224891.txt.gz ... 91
==> PASV ... done.    ==> RETR 2042082612138224891.txt.gz ... done.
Length: 91 (unauthoritative)

     0K                                                       100%  112K=0.001s

2019-06-20 22:40:55 (112 KB/s) - ‘2042082612138224891.txt.gz’ saved [91]

--2019-06-20 22:40:55--  http://query/
Resolving query (query)... failed: Name or service not known.
wget: unable to resolve host address ‘query’
--2019-06-20 22:40:55--  ftp://xml/
           => ‘.listing’
Resolving xml (xml)... failed: Name or service not known.
wget: unable to resolve host address ‘xml’
--2019-06-20 22:40:55--  http://pc_fetch_aid528373_activities_0.cgi/
Resolving pc_fetch_aid528373_activities_0.cgi (pc_fetch_aid528373_activities_0.cgi)... failed: Name or service not known.
wget: unable to resolve host address ‘pc_fetch_aid528373_activities_0.cgi’
FINISHED --2019-06-20 22:40:55--
Total wall clock time: 0.4s
Downloaded: 1 files, 91 in 0.001s (112 KB/s)
