--2019-06-20 18:23:47--  ftp://ftp-private.ncbi.nlm.nih.gov/pubchem/.fetch/26/4323477898026701468.txt.gz
           => ‘4323477898026701468.txt.gz’
Resolving ftp-private.ncbi.nlm.nih.gov (ftp-private.ncbi.nlm.nih.gov)... 130.14.29.30
Connecting to ftp-private.ncbi.nlm.nih.gov (ftp-private.ncbi.nlm.nih.gov)|130.14.29.30|:21... connected.
Logging in as anonymous ... Logged in!
==> SYST ... done.    ==> PWD ... done.
==> TYPE I ... done.  ==> CWD (1) /pubchem/.fetch/26 ... done.
==> SIZE 4323477898026701468.txt.gz ... 230
==> PASV ... done.    ==> RETR 4323477898026701468.txt.gz ... done.
Length: 230 (unauthoritative)

     0K                                                       100%  160K=0.001s

2019-06-20 18:23:47 (160 KB/s) - ‘4323477898026701468.txt.gz’ saved [230]

--2019-06-20 18:23:47--  http://query/
Resolving query (query)... failed: Name or service not known.
wget: unable to resolve host address ‘query’
--2019-06-20 18:23:47--  ftp://xml/
           => ‘.listing’
Resolving xml (xml)... failed: Name or service not known.
wget: unable to resolve host address ‘xml’
--2019-06-20 18:23:47--  http://pc_fetch_aid1175460_activities_0.cgi/
Resolving pc_fetch_aid1175460_activities_0.cgi (pc_fetch_aid1175460_activities_0.cgi)... failed: Name or service not known.
wget: unable to resolve host address ‘pc_fetch_aid1175460_activities_0.cgi’
FINISHED --2019-06-20 18:23:47--
Total wall clock time: 0.4s
Downloaded: 1 files, 230 in 0.001s (160 KB/s)
