--2019-06-20 22:44:01--  ftp://ftp-private.ncbi.nlm.nih.gov/pubchem/.fetch/72/1866523442854513024.txt.gz
           => ‘1866523442854513024.txt.gz’
Resolving ftp-private.ncbi.nlm.nih.gov (ftp-private.ncbi.nlm.nih.gov)... 130.14.29.35
Connecting to ftp-private.ncbi.nlm.nih.gov (ftp-private.ncbi.nlm.nih.gov)|130.14.29.35|:21... connected.
Logging in as anonymous ... Logged in!
==> SYST ... done.    ==> PWD ... done.
==> TYPE I ... done.  ==> CWD (1) /pubchem/.fetch/72 ... done.
==> SIZE 1866523442854513024.txt.gz ... 77
==> PASV ... done.    ==> RETR 1866523442854513024.txt.gz ... done.
Length: 77 (unauthoritative)

     0K                                                       100% 74.8K=0.001s

2019-06-20 22:44:02 (74.8 KB/s) - ‘1866523442854513024.txt.gz’ saved [77]

--2019-06-20 22:44:02--  http://query/
Resolving query (query)... failed: Name or service not known.
wget: unable to resolve host address ‘query’
--2019-06-20 22:44:02--  ftp://xml/
           => ‘.listing’
Resolving xml (xml)... failed: Name or service not known.
wget: unable to resolve host address ‘xml’
--2019-06-20 22:44:02--  http://pc_fetch_aid549153_activities_0.cgi/
Resolving pc_fetch_aid549153_activities_0.cgi (pc_fetch_aid549153_activities_0.cgi)... failed: Name or service not known.
wget: unable to resolve host address ‘pc_fetch_aid549153_activities_0.cgi’
FINISHED --2019-06-20 22:44:02--
Total wall clock time: 0.5s
Downloaded: 1 files, 77 in 0.001s (74.8 KB/s)
