--2019-06-20 20:16:12--  ftp://ftp-private.ncbi.nlm.nih.gov/pubchem/.fetch/22/2919770750166009990.txt.gz
           => ‘2919770750166009990.txt.gz’
Resolving ftp-private.ncbi.nlm.nih.gov (ftp-private.ncbi.nlm.nih.gov)... 130.14.29.35
Connecting to ftp-private.ncbi.nlm.nih.gov (ftp-private.ncbi.nlm.nih.gov)|130.14.29.35|:21... connected.
Logging in as anonymous ... Logged in!
==> SYST ... done.    ==> PWD ... done.
==> TYPE I ... done.  ==> CWD (1) /pubchem/.fetch/22 ... done.
==> SIZE 2919770750166009990.txt.gz ... 72
==> PASV ... done.    ==> RETR 2919770750166009990.txt.gz ... done.
Length: 72 (unauthoritative)

     0K                                                       100% 79.9K=0.001s

2019-06-20 20:16:13 (79.9 KB/s) - ‘2919770750166009990.txt.gz’ saved [72]

--2019-06-20 20:16:13--  http://query/
Resolving query (query)... failed: Name or service not known.
wget: unable to resolve host address ‘query’
--2019-06-20 20:16:13--  ftp://xml/
           => ‘.listing’
Resolving xml (xml)... failed: Name or service not known.
wget: unable to resolve host address ‘xml’
--2019-06-20 20:16:13--  http://pc_fetch_aid1308548_activities_0.cgi/
Resolving pc_fetch_aid1308548_activities_0.cgi (pc_fetch_aid1308548_activities_0.cgi)... failed: Name or service not known.
wget: unable to resolve host address ‘pc_fetch_aid1308548_activities_0.cgi’
FINISHED --2019-06-20 20:16:13--
Total wall clock time: 0.7s
Downloaded: 1 files, 72 in 0.001s (79.9 KB/s)
