--2019-06-20 22:33:44--  ftp://ftp-private.ncbi.nlm.nih.gov/pubchem/.fetch/62/2262322283588430587.txt.gz
           => ‘2262322283588430587.txt.gz’
Resolving ftp-private.ncbi.nlm.nih.gov (ftp-private.ncbi.nlm.nih.gov)... 130.14.29.30
Connecting to ftp-private.ncbi.nlm.nih.gov (ftp-private.ncbi.nlm.nih.gov)|130.14.29.30|:21... connected.
Logging in as anonymous ... Logged in!
==> SYST ... done.    ==> PWD ... done.
==> TYPE I ... done.  ==> CWD (1) /pubchem/.fetch/62 ... done.
==> SIZE 2262322283588430587.txt.gz ... 106
==> PASV ... done.    ==> RETR 2262322283588430587.txt.gz ... done.
Length: 106 (unauthoritative)

     0K                                                       100%  117K=0.001s

2019-06-20 22:33:44 (117 KB/s) - ‘2262322283588430587.txt.gz’ saved [106]

--2019-06-20 22:33:44--  http://query/
Resolving query (query)... failed: Name or service not known.
wget: unable to resolve host address ‘query’
--2019-06-20 22:33:44--  ftp://xml/
           => ‘.listing’
Resolving xml (xml)... failed: Name or service not known.
wget: unable to resolve host address ‘xml’
--2019-06-20 22:33:44--  http://pc_fetch_aid521051_activities_0.cgi/
Resolving pc_fetch_aid521051_activities_0.cgi (pc_fetch_aid521051_activities_0.cgi)... failed: Name or service not known.
wget: unable to resolve host address ‘pc_fetch_aid521051_activities_0.cgi’
FINISHED --2019-06-20 22:33:44--
Total wall clock time: 0.7s
Downloaded: 1 files, 106 in 0.001s (117 KB/s)
