--2019-06-20 17:13:13--  ftp://ftp-private.ncbi.nlm.nih.gov/pubchem/.fetch/68/568336114134037100.txt.gz
           => ‘568336114134037100.txt.gz’
Resolving ftp-private.ncbi.nlm.nih.gov (ftp-private.ncbi.nlm.nih.gov)... 130.14.29.30
Connecting to ftp-private.ncbi.nlm.nih.gov (ftp-private.ncbi.nlm.nih.gov)|130.14.29.30|:21... connected.
Logging in as anonymous ... Logged in!
==> SYST ... done.    ==> PWD ... done.
==> TYPE I ... done.  ==> CWD (1) /pubchem/.fetch/68 ... done.
==> SIZE 568336114134037100.txt.gz ... 271
==> PASV ... done.    ==> RETR 568336114134037100.txt.gz ... done.
Length: 271 (unauthoritative)

     0K                                                       100%  174K=0.002s

2019-06-20 17:13:14 (174 KB/s) - ‘568336114134037100.txt.gz’ saved [271]

--2019-06-20 17:13:14--  http://query/
Resolving query (query)... failed: Name or service not known.
wget: unable to resolve host address ‘query’
--2019-06-20 17:13:14--  ftp://xml/
           => ‘.listing’
Resolving xml (xml)... failed: Name or service not known.
wget: unable to resolve host address ‘xml’
--2019-06-20 17:13:14--  http://pc_fetch_aid1064215_activities_0.cgi/
Resolving pc_fetch_aid1064215_activities_0.cgi (pc_fetch_aid1064215_activities_0.cgi)... failed: Name or service not known.
wget: unable to resolve host address ‘pc_fetch_aid1064215_activities_0.cgi’
FINISHED --2019-06-20 17:13:14--
Total wall clock time: 0.4s
Downloaded: 1 files, 271 in 0.002s (174 KB/s)
