--2019-06-20 19:42:09--  ftp://ftp-private.ncbi.nlm.nih.gov/pubchem/.fetch/86/3947571097648639751.txt.gz
           => ‘3947571097648639751.txt.gz’
Resolving ftp-private.ncbi.nlm.nih.gov (ftp-private.ncbi.nlm.nih.gov)... 130.14.29.35
Connecting to ftp-private.ncbi.nlm.nih.gov (ftp-private.ncbi.nlm.nih.gov)|130.14.29.35|:21... connected.
Logging in as anonymous ... Logged in!
==> SYST ... done.    ==> PWD ... done.
==> TYPE I ... done.  ==> CWD (1) /pubchem/.fetch/86 ... done.
==> SIZE 3947571097648639751.txt.gz ... 70
==> PASV ... done.    ==> RETR 3947571097648639751.txt.gz ... done.
Length: 70 (unauthoritative)

     0K                                                       100% 81.3K=0.001s

2019-06-20 19:42:10 (81.3 KB/s) - ‘3947571097648639751.txt.gz’ saved [70]

--2019-06-20 19:42:10--  http://query/
Resolving query (query)... failed: Name or service not known.
wget: unable to resolve host address ‘query’
--2019-06-20 19:42:10--  ftp://xml/
           => ‘.listing’
Resolving xml (xml)... failed: Name or service not known.
wget: unable to resolve host address ‘xml’
--2019-06-20 19:42:10--  http://pc_fetch_aid1277099_activities_0.cgi/
Resolving pc_fetch_aid1277099_activities_0.cgi (pc_fetch_aid1277099_activities_0.cgi)... failed: Name or service not known.
wget: unable to resolve host address ‘pc_fetch_aid1277099_activities_0.cgi’
FINISHED --2019-06-20 19:42:10--
Total wall clock time: 0.7s
Downloaded: 1 files, 70 in 0.001s (81.3 KB/s)
