--2019-06-20 21:46:34--  ftp://ftp-private.ncbi.nlm.nih.gov/pubchem/.fetch/53/1578502109733467024.txt.gz
           => ‘1578502109733467024.txt.gz’
Resolving ftp-private.ncbi.nlm.nih.gov (ftp-private.ncbi.nlm.nih.gov)... 130.14.29.30
Connecting to ftp-private.ncbi.nlm.nih.gov (ftp-private.ncbi.nlm.nih.gov)|130.14.29.30|:21... connected.
Logging in as anonymous ... Logged in!
==> SYST ... done.    ==> PWD ... done.
==> TYPE I ... done.  ==> CWD (1) /pubchem/.fetch/53 ... done.
==> SIZE 1578502109733467024.txt.gz ... 163
==> PASV ... done.    ==> RETR 1578502109733467024.txt.gz ... done.
Length: 163 (unauthoritative)

     0K                                                       100%  129K=0.001s

2019-06-20 21:46:34 (129 KB/s) - ‘1578502109733467024.txt.gz’ saved [163]

--2019-06-20 21:46:34--  http://query/
Resolving query (query)... failed: Name or service not known.
wget: unable to resolve host address ‘query’
--2019-06-20 21:46:34--  ftp://xml/
           => ‘.listing’
Resolving xml (xml)... failed: Name or service not known.
wget: unable to resolve host address ‘xml’
--2019-06-20 21:46:34--  http://pc_fetch_aid402061_activities_0.cgi/
Resolving pc_fetch_aid402061_activities_0.cgi (pc_fetch_aid402061_activities_0.cgi)... failed: Name or service not known.
wget: unable to resolve host address ‘pc_fetch_aid402061_activities_0.cgi’
FINISHED --2019-06-20 21:46:35--
Total wall clock time: 0.5s
Downloaded: 1 files, 163 in 0.001s (129 KB/s)
