--2019-06-20 20:07:40--  ftp://ftp-private.ncbi.nlm.nih.gov/pubchem/.fetch/78/527518976138015074.txt.gz
           => ‘527518976138015074.txt.gz’
Resolving ftp-private.ncbi.nlm.nih.gov (ftp-private.ncbi.nlm.nih.gov)... 130.14.29.30
Connecting to ftp-private.ncbi.nlm.nih.gov (ftp-private.ncbi.nlm.nih.gov)|130.14.29.30|:21... connected.
Logging in as anonymous ... Logged in!
==> SYST ... done.    ==> PWD ... done.
==> TYPE I ... done.  ==> CWD (1) /pubchem/.fetch/78 ... done.
==> SIZE 527518976138015074.txt.gz ... 69
==> PASV ... done.    ==> RETR 527518976138015074.txt.gz ... done.
Length: 69 (unauthoritative)

     0K                                                       100% 82.6K=0.001s

2019-06-20 20:07:40 (82.6 KB/s) - ‘527518976138015074.txt.gz’ saved [69]

--2019-06-20 20:07:40--  http://query/
Resolving query (query)... failed: Name or service not known.
wget: unable to resolve host address ‘query’
--2019-06-20 20:07:40--  ftp://xml/
           => ‘.listing’
Resolving xml (xml)... failed: Name or service not known.
wget: unable to resolve host address ‘xml’
--2019-06-20 20:07:40--  http://pc_fetch_aid1303245_activities_0.cgi/
Resolving pc_fetch_aid1303245_activities_0.cgi (pc_fetch_aid1303245_activities_0.cgi)... failed: Name or service not known.
wget: unable to resolve host address ‘pc_fetch_aid1303245_activities_0.cgi’
FINISHED --2019-06-20 20:07:40--
Total wall clock time: 0.4s
Downloaded: 1 files, 69 in 0.001s (82.6 KB/s)
