--2019-06-20 17:17:04--  ftp://ftp-private.ncbi.nlm.nih.gov/pubchem/.fetch/45/1717352323982886233.txt.gz
           => ‘1717352323982886233.txt.gz’
Resolving ftp-private.ncbi.nlm.nih.gov (ftp-private.ncbi.nlm.nih.gov)... 130.14.29.35
Connecting to ftp-private.ncbi.nlm.nih.gov (ftp-private.ncbi.nlm.nih.gov)|130.14.29.35|:21... connected.
Logging in as anonymous ... Logged in!
==> SYST ... done.    ==> PWD ... done.
==> TYPE I ... done.  ==> CWD (1) /pubchem/.fetch/45 ... done.
==> SIZE 1717352323982886233.txt.gz ... 111
==> PASV ... done.    ==> RETR 1717352323982886233.txt.gz ... done.
Length: 111 (unauthoritative)

     0K                                                       100% 7.03K=0.02s

2019-06-20 17:17:05 (7.03 KB/s) - ‘1717352323982886233.txt.gz’ saved [111]

--2019-06-20 17:17:05--  http://query/
Resolving query (query)... failed: Name or service not known.
wget: unable to resolve host address ‘query’
--2019-06-20 17:17:05--  ftp://xml/
           => ‘.listing’
Resolving xml (xml)... failed: Name or service not known.
wget: unable to resolve host address ‘xml’
--2019-06-20 17:17:05--  http://pc_fetch_aid1064574_activities_0.cgi/
Resolving pc_fetch_aid1064574_activities_0.cgi (pc_fetch_aid1064574_activities_0.cgi)... failed: Name or service not known.
wget: unable to resolve host address ‘pc_fetch_aid1064574_activities_0.cgi’
FINISHED --2019-06-20 17:17:05--
Total wall clock time: 0.8s
Downloaded: 1 files, 111 in 0.02s (7.03 KB/s)
