--2019-06-20 22:03:50--  ftp://ftp-private.ncbi.nlm.nih.gov/pubchem/.fetch/42/345777907527510527.txt.gz
           => ‘345777907527510527.txt.gz’
Resolving ftp-private.ncbi.nlm.nih.gov (ftp-private.ncbi.nlm.nih.gov)... 130.14.29.35
Connecting to ftp-private.ncbi.nlm.nih.gov (ftp-private.ncbi.nlm.nih.gov)|130.14.29.35|:21... connected.
Logging in as anonymous ... Logged in!
==> SYST ... done.    ==> PWD ... done.
==> TYPE I ... done.  ==> CWD (1) /pubchem/.fetch/42 ... done.
==> SIZE 345777907527510527.txt.gz ... 320
==> PASV ... done.    ==> RETR 345777907527510527.txt.gz ... done.
Length: 320 (unauthoritative)

     0K                                                       100%  215K=0.001s

2019-06-20 22:03:51 (215 KB/s) - ‘345777907527510527.txt.gz’ saved [320]

--2019-06-20 22:03:51--  http://query/
Resolving query (query)... failed: Name or service not known.
wget: unable to resolve host address ‘query’
--2019-06-20 22:03:51--  ftp://xml/
           => ‘.listing’
Resolving xml (xml)... failed: Name or service not known.
wget: unable to resolve host address ‘xml’
--2019-06-20 22:03:51--  http://pc_fetch_aid465213_activities_0.cgi/
Resolving pc_fetch_aid465213_activities_0.cgi (pc_fetch_aid465213_activities_0.cgi)... failed: Name or service not known.
wget: unable to resolve host address ‘pc_fetch_aid465213_activities_0.cgi’
FINISHED --2019-06-20 22:03:51--
Total wall clock time: 0.6s
Downloaded: 1 files, 320 in 0.001s (215 KB/s)
