--2019-06-20 21:06:27--  ftp://ftp-private.ncbi.nlm.nih.gov/pubchem/.fetch/15/757713207252580507.txt.gz
           => ‘757713207252580507.txt.gz’
Resolving ftp-private.ncbi.nlm.nih.gov (ftp-private.ncbi.nlm.nih.gov)... 130.14.29.35
Connecting to ftp-private.ncbi.nlm.nih.gov (ftp-private.ncbi.nlm.nih.gov)|130.14.29.35|:21... connected.
Logging in as anonymous ... Logged in!
==> SYST ... done.    ==> PWD ... done.
==> TYPE I ... done.  ==> CWD (1) /pubchem/.fetch/15 ... done.
==> SIZE 757713207252580507.txt.gz ... 113
==> PASV ... done.    ==> RETR 757713207252580507.txt.gz ... done.
Length: 113 (unauthoritative)

     0K                                                       100%  120K=0.001s

2019-06-20 21:06:28 (120 KB/s) - ‘757713207252580507.txt.gz’ saved [113]

--2019-06-20 21:06:28--  http://query/
Resolving query (query)... failed: Name or service not known.
wget: unable to resolve host address ‘query’
--2019-06-20 21:06:28--  ftp://xml/
           => ‘.listing’
Resolving xml (xml)... failed: Name or service not known.
wget: unable to resolve host address ‘xml’
--2019-06-20 21:06:28--  http://pc_fetch_aid1336769_activities_0.cgi/
Resolving pc_fetch_aid1336769_activities_0.cgi (pc_fetch_aid1336769_activities_0.cgi)... failed: Name or service not known.
wget: unable to resolve host address ‘pc_fetch_aid1336769_activities_0.cgi’
FINISHED --2019-06-20 21:06:28--
Total wall clock time: 0.5s
Downloaded: 1 files, 113 in 0.001s (120 KB/s)
