--2019-06-20 18:12:23--  ftp://ftp-private.ncbi.nlm.nih.gov/pubchem/.fetch/54/1549134270344632671.txt.gz
           => ‘1549134270344632671.txt.gz’
Resolving ftp-private.ncbi.nlm.nih.gov (ftp-private.ncbi.nlm.nih.gov)... 130.14.29.35
Connecting to ftp-private.ncbi.nlm.nih.gov (ftp-private.ncbi.nlm.nih.gov)|130.14.29.35|:21... connected.
Logging in as anonymous ... Logged in!
==> SYST ... done.    ==> PWD ... done.
==> TYPE I ... done.  ==> CWD (1) /pubchem/.fetch/54 ... done.
==> SIZE 1549134270344632671.txt.gz ... 123
==> PASV ... done.    ==> RETR 1549134270344632671.txt.gz ... done.
Length: 123 (unauthoritative)

     0K                                                       100%  142K=0.001s

2019-06-20 18:12:24 (142 KB/s) - ‘1549134270344632671.txt.gz’ saved [123]

--2019-06-20 18:12:24--  http://query/
Resolving query (query)... failed: Name or service not known.
wget: unable to resolve host address ‘query’
--2019-06-20 18:12:24--  ftp://xml/
           => ‘.listing’
Resolving xml (xml)... failed: Name or service not known.
wget: unable to resolve host address ‘xml’
--2019-06-20 18:12:24--  http://pc_fetch_aid1165514_activities_0.cgi/
Resolving pc_fetch_aid1165514_activities_0.cgi (pc_fetch_aid1165514_activities_0.cgi)... failed: Name or service not known.
wget: unable to resolve host address ‘pc_fetch_aid1165514_activities_0.cgi’
FINISHED --2019-06-20 18:12:24--
Total wall clock time: 0.8s
Downloaded: 1 files, 123 in 0.001s (142 KB/s)
