--2019-06-20 22:26:39--  ftp://ftp-private.ncbi.nlm.nih.gov/pubchem/.fetch/30/2170076504570424402.txt.gz
           => ‘2170076504570424402.txt.gz’
Resolving ftp-private.ncbi.nlm.nih.gov (ftp-private.ncbi.nlm.nih.gov)... 130.14.29.30
Connecting to ftp-private.ncbi.nlm.nih.gov (ftp-private.ncbi.nlm.nih.gov)|130.14.29.30|:21... connected.
Logging in as anonymous ... Logged in!
==> SYST ... done.    ==> PWD ... done.
==> TYPE I ... done.  ==> CWD (1) /pubchem/.fetch/30 ... done.
==> SIZE 2170076504570424402.txt.gz ... 121
==> PASV ... done.    ==> RETR 2170076504570424402.txt.gz ... done.
Length: 121 (unauthoritative)

     0K                                                       100%  129K=0.001s

2019-06-20 22:26:40 (129 KB/s) - ‘2170076504570424402.txt.gz’ saved [121]

--2019-06-20 22:26:40--  http://query/
Resolving query (query)... failed: Name or service not known.
wget: unable to resolve host address ‘query’
--2019-06-20 22:26:40--  ftp://xml/
           => ‘.listing’
Resolving xml (xml)... failed: Name or service not known.
wget: unable to resolve host address ‘xml’
--2019-06-20 22:26:40--  http://pc_fetch_aid503300_activities_0.cgi/
Resolving pc_fetch_aid503300_activities_0.cgi (pc_fetch_aid503300_activities_0.cgi)... failed: Name or service not known.
wget: unable to resolve host address ‘pc_fetch_aid503300_activities_0.cgi’
FINISHED --2019-06-20 22:26:40--
Total wall clock time: 0.6s
Downloaded: 1 files, 121 in 0.001s (129 KB/s)
