--2019-06-20 23:36:35--  ftp://ftp-private.ncbi.nlm.nih.gov/pubchem/.fetch/58/66343468807531267.txt.gz
           => ‘66343468807531267.txt.gz’
Resolving ftp-private.ncbi.nlm.nih.gov (ftp-private.ncbi.nlm.nih.gov)... 130.14.29.35
Connecting to ftp-private.ncbi.nlm.nih.gov (ftp-private.ncbi.nlm.nih.gov)|130.14.29.35|:21... connected.
Logging in as anonymous ... Logged in!
==> SYST ... done.    ==> PWD ... done.
==> TYPE I ... done.  ==> CWD (1) /pubchem/.fetch/58 ... done.
==> SIZE 66343468807531267.txt.gz ... 105
==> PASV ... done.    ==> RETR 66343468807531267.txt.gz ... done.
Length: 105 (unauthoritative)

     0K                                                       100%  106K=0.001s

2019-06-20 23:36:35 (106 KB/s) - ‘66343468807531267.txt.gz’ saved [105]

--2019-06-20 23:36:35--  http://query/
Resolving query (query)... failed: Name or service not known.
wget: unable to resolve host address ‘query’
--2019-06-20 23:36:35--  ftp://xml/
           => ‘.listing’
Resolving xml (xml)... failed: Name or service not known.
wget: unable to resolve host address ‘xml’
--2019-06-20 23:36:35--  http://pc_fetch_aid701748_activities_0.cgi/
Resolving pc_fetch_aid701748_activities_0.cgi (pc_fetch_aid701748_activities_0.cgi)... failed: Name or service not known.
wget: unable to resolve host address ‘pc_fetch_aid701748_activities_0.cgi’
FINISHED --2019-06-20 23:36:35--
Total wall clock time: 0.7s
Downloaded: 1 files, 105 in 0.001s (106 KB/s)
