--2019-06-20 23:48:28--  ftp://ftp-private.ncbi.nlm.nih.gov/pubchem/.fetch/83/977250655981640178.txt.gz
           => ‘977250655981640178.txt.gz’
Resolving ftp-private.ncbi.nlm.nih.gov (ftp-private.ncbi.nlm.nih.gov)... 130.14.29.30
Connecting to ftp-private.ncbi.nlm.nih.gov (ftp-private.ncbi.nlm.nih.gov)|130.14.29.30|:21... connected.
Logging in as anonymous ... Logged in!
==> SYST ... done.    ==> PWD ... done.
==> TYPE I ... done.  ==> CWD (1) /pubchem/.fetch/83 ... done.
==> SIZE 977250655981640178.txt.gz ... 87
==> PASV ... done.    ==> RETR 977250655981640178.txt.gz ... done.
Length: 87 (unauthoritative)

     0K                                                       100% 99.1K=0.001s

2019-06-20 23:48:29 (99.1 KB/s) - ‘977250655981640178.txt.gz’ saved [87]

--2019-06-20 23:48:29--  http://query/
Resolving query (query)... failed: Name or service not known.
wget: unable to resolve host address ‘query’
--2019-06-20 23:48:29--  ftp://xml/
           => ‘.listing’
Resolving xml (xml)... failed: Name or service not known.
wget: unable to resolve host address ‘xml’
--2019-06-20 23:48:29--  http://pc_fetch_aid713383_activities_0.cgi/
Resolving pc_fetch_aid713383_activities_0.cgi (pc_fetch_aid713383_activities_0.cgi)... failed: Name or service not known.
wget: unable to resolve host address ‘pc_fetch_aid713383_activities_0.cgi’
FINISHED --2019-06-20 23:48:29--
Total wall clock time: 0.5s
Downloaded: 1 files, 87 in 0.001s (99.1 KB/s)
