--2019-06-20 17:34:26--  ftp://ftp-private.ncbi.nlm.nih.gov/pubchem/.fetch/90/368634321101451182.txt.gz
           => ‘368634321101451182.txt.gz’
Resolving ftp-private.ncbi.nlm.nih.gov (ftp-private.ncbi.nlm.nih.gov)... 130.14.29.30
Connecting to ftp-private.ncbi.nlm.nih.gov (ftp-private.ncbi.nlm.nih.gov)|130.14.29.30|:21... connected.
Logging in as anonymous ... Logged in!
==> SYST ... done.    ==> PWD ... done.
==> TYPE I ... done.  ==> CWD (1) /pubchem/.fetch/90 ... done.
==> SIZE 368634321101451182.txt.gz ... 83
==> PASV ... done.    ==> RETR 368634321101451182.txt.gz ... done.
Length: 83 (unauthoritative)

     0K                                                       100% 97.2K=0.001s

2019-06-20 17:34:26 (97.2 KB/s) - ‘368634321101451182.txt.gz’ saved [83]

--2019-06-20 17:34:26--  http://query/
Resolving query (query)... failed: Name or service not known.
wget: unable to resolve host address ‘query’
--2019-06-20 17:34:26--  ftp://xml/
           => ‘.listing’
Resolving xml (xml)... failed: Name or service not known.
wget: unable to resolve host address ‘xml’
--2019-06-20 17:34:26--  http://pc_fetch_aid1121619_activities_0.cgi/
Resolving pc_fetch_aid1121619_activities_0.cgi (pc_fetch_aid1121619_activities_0.cgi)... failed: Name or service not known.
wget: unable to resolve host address ‘pc_fetch_aid1121619_activities_0.cgi’
FINISHED --2019-06-20 17:34:26--
Total wall clock time: 0.5s
Downloaded: 1 files, 83 in 0.001s (97.2 KB/s)
