--2019-06-20 18:12:35--  ftp://ftp-private.ncbi.nlm.nih.gov/pubchem/.fetch/100/1673659986339143402.txt.gz
           => ‘1673659986339143402.txt.gz’
Resolving ftp-private.ncbi.nlm.nih.gov (ftp-private.ncbi.nlm.nih.gov)... 130.14.29.35
Connecting to ftp-private.ncbi.nlm.nih.gov (ftp-private.ncbi.nlm.nih.gov)|130.14.29.35|:21... connected.
Logging in as anonymous ... Logged in!
==> SYST ... done.    ==> PWD ... done.
==> TYPE I ... done.  ==> CWD (1) /pubchem/.fetch/100 ... done.
==> SIZE 1673659986339143402.txt.gz ... 123
==> PASV ... done.    ==> RETR 1673659986339143402.txt.gz ... done.
Length: 123 (unauthoritative)

     0K                                                       100% 7.47K=0.02s

2019-06-20 18:12:36 (7.47 KB/s) - ‘1673659986339143402.txt.gz’ saved [123]

--2019-06-20 18:12:36--  http://query/
Resolving query (query)... failed: Name or service not known.
wget: unable to resolve host address ‘query’
--2019-06-20 18:12:36--  ftp://xml/
           => ‘.listing’
Resolving xml (xml)... failed: Name or service not known.
wget: unable to resolve host address ‘xml’
--2019-06-20 18:12:36--  http://pc_fetch_aid1165516_activities_0.cgi/
Resolving pc_fetch_aid1165516_activities_0.cgi (pc_fetch_aid1165516_activities_0.cgi)... failed: Name or service not known.
wget: unable to resolve host address ‘pc_fetch_aid1165516_activities_0.cgi’
FINISHED --2019-06-20 18:12:36--
Total wall clock time: 0.7s
Downloaded: 1 files, 123 in 0.02s (7.47 KB/s)
