--2019-06-20 23:13:03--  ftp://ftp-private.ncbi.nlm.nih.gov/pubchem/.fetch/83/3527543302894375227.txt.gz
           => ‘3527543302894375227.txt.gz’
Resolving ftp-private.ncbi.nlm.nih.gov (ftp-private.ncbi.nlm.nih.gov)... 130.14.29.35
Connecting to ftp-private.ncbi.nlm.nih.gov (ftp-private.ncbi.nlm.nih.gov)|130.14.29.35|:21... connected.
Logging in as anonymous ... Logged in!
==> SYST ... done.    ==> PWD ... done.
==> TYPE I ... done.  ==> CWD (1) /pubchem/.fetch/83 ... done.
==> SIZE 3527543302894375227.txt.gz ... 176
==> PASV ... done.    ==> RETR 3527543302894375227.txt.gz ... done.
Length: 176 (unauthoritative)

     0K                                                       100%  178K=0.001s

2019-06-20 23:13:03 (178 KB/s) - ‘3527543302894375227.txt.gz’ saved [176]

--2019-06-20 23:13:03--  http://query/
Resolving query (query)... failed: Name or service not known.
wget: unable to resolve host address ‘query’
--2019-06-20 23:13:03--  ftp://xml/
           => ‘.listing’
Resolving xml (xml)... failed: Name or service not known.
wget: unable to resolve host address ‘xml’
--2019-06-20 23:13:03--  http://pc_fetch_aid636051_activities_0.cgi/
Resolving pc_fetch_aid636051_activities_0.cgi (pc_fetch_aid636051_activities_0.cgi)... failed: Name or service not known.
wget: unable to resolve host address ‘pc_fetch_aid636051_activities_0.cgi’
FINISHED --2019-06-20 23:13:03--
Total wall clock time: 0.5s
Downloaded: 1 files, 176 in 0.001s (178 KB/s)
