--2019-06-20 22:27:22--  ftp://ftp-private.ncbi.nlm.nih.gov/pubchem/.fetch/51/4367494991050850086.txt.gz
           => ‘4367494991050850086.txt.gz’
Resolving ftp-private.ncbi.nlm.nih.gov (ftp-private.ncbi.nlm.nih.gov)... 130.14.29.30
Connecting to ftp-private.ncbi.nlm.nih.gov (ftp-private.ncbi.nlm.nih.gov)|130.14.29.30|:21... connected.
Logging in as anonymous ... Logged in!
==> SYST ... done.    ==> PWD ... done.
==> TYPE I ... done.  ==> CWD (1) /pubchem/.fetch/51 ... done.
==> SIZE 4367494991050850086.txt.gz ... 164
==> PASV ... done.    ==> RETR 4367494991050850086.txt.gz ... done.
Length: 164 (unauthoritative)

     0K                                                       100%  182K=0.001s

2019-06-20 22:27:22 (182 KB/s) - ‘4367494991050850086.txt.gz’ saved [164]

--2019-06-20 22:27:22--  http://query/
Resolving query (query)... failed: Name or service not known.
wget: unable to resolve host address ‘query’
--2019-06-20 22:27:22--  ftp://xml/
           => ‘.listing’
Resolving xml (xml)... failed: Name or service not known.
wget: unable to resolve host address ‘xml’
--2019-06-20 22:27:22--  http://pc_fetch_aid503307_activities_0.cgi/
Resolving pc_fetch_aid503307_activities_0.cgi (pc_fetch_aid503307_activities_0.cgi)... failed: Name or service not known.
wget: unable to resolve host address ‘pc_fetch_aid503307_activities_0.cgi’
FINISHED --2019-06-20 22:27:22--
Total wall clock time: 0.4s
Downloaded: 1 files, 164 in 0.001s (182 KB/s)
