--2019-06-20 18:01:42--  ftp://ftp-private.ncbi.nlm.nih.gov/pubchem/.fetch/9/2448476531807496029.txt.gz
           => ‘2448476531807496029.txt.gz’
Resolving ftp-private.ncbi.nlm.nih.gov (ftp-private.ncbi.nlm.nih.gov)... 130.14.29.30
Connecting to ftp-private.ncbi.nlm.nih.gov (ftp-private.ncbi.nlm.nih.gov)|130.14.29.30|:21... connected.
Logging in as anonymous ... Logged in!
==> SYST ... done.    ==> PWD ... done.
==> TYPE I ... done.  ==> CWD (1) /pubchem/.fetch/9 ... done.
==> SIZE 2448476531807496029.txt.gz ... 287
==> PASV ... done.    ==> RETR 2448476531807496029.txt.gz ... done.
Length: 287 (unauthoritative)

     0K                                                       100%  228K=0.001s

2019-06-20 18:01:42 (228 KB/s) - ‘2448476531807496029.txt.gz’ saved [287]

--2019-06-20 18:01:42--  http://query/
Resolving query (query)... failed: Name or service not known.
wget: unable to resolve host address ‘query’
--2019-06-20 18:01:42--  ftp://xml/
           => ‘.listing’
Resolving xml (xml)... failed: Name or service not known.
wget: unable to resolve host address ‘xml’
--2019-06-20 18:01:42--  http://pc_fetch_aid1165236_activities_0.cgi/
Resolving pc_fetch_aid1165236_activities_0.cgi (pc_fetch_aid1165236_activities_0.cgi)... failed: Name or service not known.
wget: unable to resolve host address ‘pc_fetch_aid1165236_activities_0.cgi’
FINISHED --2019-06-20 18:01:42--
Total wall clock time: 0.4s
Downloaded: 1 files, 287 in 0.001s (228 KB/s)
