--2019-06-20 17:44:38--  ftp://ftp-private.ncbi.nlm.nih.gov/pubchem/.fetch/6/508021973494971221.txt.gz
           => ‘508021973494971221.txt.gz’
Resolving ftp-private.ncbi.nlm.nih.gov (ftp-private.ncbi.nlm.nih.gov)... 130.14.29.35
Connecting to ftp-private.ncbi.nlm.nih.gov (ftp-private.ncbi.nlm.nih.gov)|130.14.29.35|:21... connected.
Logging in as anonymous ... Logged in!
==> SYST ... done.    ==> PWD ... done.
==> TYPE I ... done.  ==> CWD (1) /pubchem/.fetch/6 ... done.
==> SIZE 508021973494971221.txt.gz ... 78
==> PASV ... done.    ==> RETR 508021973494971221.txt.gz ... done.
Length: 78 (unauthoritative)

     0K                                                       100% 96.3K=0.001s

2019-06-20 17:44:38 (96.3 KB/s) - ‘508021973494971221.txt.gz’ saved [78]

--2019-06-20 17:44:38--  http://query/
Resolving query (query)... failed: Name or service not known.
wget: unable to resolve host address ‘query’
--2019-06-20 17:44:38--  ftp://xml/
           => ‘.listing’
Resolving xml (xml)... failed: Name or service not known.
wget: unable to resolve host address ‘xml’
--2019-06-20 17:44:38--  http://pc_fetch_aid1154431_activities_0.cgi/
Resolving pc_fetch_aid1154431_activities_0.cgi (pc_fetch_aid1154431_activities_0.cgi)... failed: Name or service not known.
wget: unable to resolve host address ‘pc_fetch_aid1154431_activities_0.cgi’
FINISHED --2019-06-20 17:44:38--
Total wall clock time: 0.7s
Downloaded: 1 files, 78 in 0.001s (96.3 KB/s)
