--2019-06-20 21:41:51--  ftp://ftp-private.ncbi.nlm.nih.gov/pubchem/.fetch/63/509353917086249296.txt.gz
           => ‘509353917086249296.txt.gz’
Resolving ftp-private.ncbi.nlm.nih.gov (ftp-private.ncbi.nlm.nih.gov)... 130.14.29.30
Connecting to ftp-private.ncbi.nlm.nih.gov (ftp-private.ncbi.nlm.nih.gov)|130.14.29.30|:21... connected.
Logging in as anonymous ... Logged in!
==> SYST ... done.    ==> PWD ... done.
==> TYPE I ... done.  ==> CWD (1) /pubchem/.fetch/63 ... done.
==> SIZE 509353917086249296.txt.gz ... 75
==> PASV ... done.    ==> RETR 509353917086249296.txt.gz ... done.
Length: 75 (unauthoritative)

     0K                                                       100% 88.6K=0.001s

2019-06-20 21:41:51 (88.6 KB/s) - ‘509353917086249296.txt.gz’ saved [75]

--2019-06-20 21:41:51--  http://query/
Resolving query (query)... failed: Name or service not known.
wget: unable to resolve host address ‘query’
--2019-06-20 21:41:51--  ftp://xml/
           => ‘.listing’
Resolving xml (xml)... failed: Name or service not known.
wget: unable to resolve host address ‘xml’
--2019-06-20 21:41:51--  http://pc_fetch_aid384217_activities_0.cgi/
Resolving pc_fetch_aid384217_activities_0.cgi (pc_fetch_aid384217_activities_0.cgi)... failed: Name or service not known.
wget: unable to resolve host address ‘pc_fetch_aid384217_activities_0.cgi’
FINISHED --2019-06-20 21:41:51--
Total wall clock time: 0.5s
Downloaded: 1 files, 75 in 0.001s (88.6 KB/s)
