--2019-06-20 18:08:01--  ftp://ftp-private.ncbi.nlm.nih.gov/pubchem/.fetch/13/1634796938230502161.txt.gz
           => ‘1634796938230502161.txt.gz’
Resolving ftp-private.ncbi.nlm.nih.gov (ftp-private.ncbi.nlm.nih.gov)... 130.14.29.35
Connecting to ftp-private.ncbi.nlm.nih.gov (ftp-private.ncbi.nlm.nih.gov)|130.14.29.35|:21... connected.
Logging in as anonymous ... Logged in!
==> SYST ... done.    ==> PWD ... done.
==> TYPE I ... done.  ==> CWD (1) /pubchem/.fetch/13 ... done.
==> SIZE 1634796938230502161.txt.gz ... 198
==> PASV ... done.    ==> RETR 1634796938230502161.txt.gz ... done.
Length: 198 (unauthoritative)

     0K                                                       100%  178K=0.001s

2019-06-20 18:08:01 (178 KB/s) - ‘1634796938230502161.txt.gz’ saved [198]

--2019-06-20 18:08:01--  http://query/
Resolving query (query)... failed: Name or service not known.
wget: unable to resolve host address ‘query’
--2019-06-20 18:08:01--  ftp://xml/
           => ‘.listing’
Resolving xml (xml)... failed: Name or service not known.
wget: unable to resolve host address ‘xml’
--2019-06-20 18:08:01--  http://pc_fetch_aid1165471_activities_0.cgi/
Resolving pc_fetch_aid1165471_activities_0.cgi (pc_fetch_aid1165471_activities_0.cgi)... failed: Name or service not known.
wget: unable to resolve host address ‘pc_fetch_aid1165471_activities_0.cgi’
FINISHED --2019-06-20 18:08:01--
Total wall clock time: 0.5s
Downloaded: 1 files, 198 in 0.001s (178 KB/s)
