--2019-06-20 20:15:32--  ftp://ftp-private.ncbi.nlm.nih.gov/pubchem/.fetch/99/876667928099890742.txt.gz
           => ‘876667928099890742.txt.gz’
Resolving ftp-private.ncbi.nlm.nih.gov (ftp-private.ncbi.nlm.nih.gov)... 130.14.29.30
Connecting to ftp-private.ncbi.nlm.nih.gov (ftp-private.ncbi.nlm.nih.gov)|130.14.29.30|:21... connected.
Logging in as anonymous ... Logged in!
==> SYST ... done.    ==> PWD ... done.
==> TYPE I ... done.  ==> CWD (1) /pubchem/.fetch/99 ... done.
==> SIZE 876667928099890742.txt.gz ... 422
==> PASV ... done.    ==> RETR 876667928099890742.txt.gz ... done.
Length: 422 (unauthoritative)

     0K                                                       100%  250K=0.002s

2019-06-20 20:15:32 (250 KB/s) - ‘876667928099890742.txt.gz’ saved [422]

--2019-06-20 20:15:32--  http://query/
Resolving query (query)... failed: Name or service not known.
wget: unable to resolve host address ‘query’
--2019-06-20 20:15:32--  ftp://xml/
           => ‘.listing’
Resolving xml (xml)... failed: Name or service not known.
wget: unable to resolve host address ‘xml’
--2019-06-20 20:15:32--  http://pc_fetch_aid1308542_activities_0.cgi/
Resolving pc_fetch_aid1308542_activities_0.cgi (pc_fetch_aid1308542_activities_0.cgi)... failed: Name or service not known.
wget: unable to resolve host address ‘pc_fetch_aid1308542_activities_0.cgi’
FINISHED --2019-06-20 20:15:33--
Total wall clock time: 1.3s
Downloaded: 1 files, 422 in 0.002s (250 KB/s)
