--2019-06-20 19:40:38--  ftp://ftp-private.ncbi.nlm.nih.gov/pubchem/.fetch/29/3795427276465738966.txt.gz
           => ‘3795427276465738966.txt.gz’
Resolving ftp-private.ncbi.nlm.nih.gov (ftp-private.ncbi.nlm.nih.gov)... 130.14.29.30
Connecting to ftp-private.ncbi.nlm.nih.gov (ftp-private.ncbi.nlm.nih.gov)|130.14.29.30|:21... connected.
Logging in as anonymous ... Logged in!
==> SYST ... done.    ==> PWD ... done.
==> TYPE I ... done.  ==> CWD (1) /pubchem/.fetch/29 ... done.
==> SIZE 3795427276465738966.txt.gz ... 70
==> PASV ... done.    ==> RETR 3795427276465738966.txt.gz ... done.
Length: 70 (unauthoritative)

     0K                                                       100% 85.6K=0.001s

2019-06-20 19:40:39 (85.6 KB/s) - ‘3795427276465738966.txt.gz’ saved [70]

--2019-06-20 19:40:39--  http://query/
Resolving query (query)... failed: Name or service not known.
wget: unable to resolve host address ‘query’
--2019-06-20 19:40:39--  ftp://xml/
           => ‘.listing’
Resolving xml (xml)... failed: Name or service not known.
wget: unable to resolve host address ‘xml’
--2019-06-20 19:40:39--  http://pc_fetch_aid1277084_activities_0.cgi/
Resolving pc_fetch_aid1277084_activities_0.cgi (pc_fetch_aid1277084_activities_0.cgi)... failed: Name or service not known.
wget: unable to resolve host address ‘pc_fetch_aid1277084_activities_0.cgi’
FINISHED --2019-06-20 19:40:39--
Total wall clock time: 0.5s
Downloaded: 1 files, 70 in 0.001s (85.6 KB/s)
