--2019-06-21 00:48:54--  ftp://ftp-private.ncbi.nlm.nih.gov/pubchem/.fetch/92/537667073256686709.txt.gz
           => ‘537667073256686709.txt.gz’
Resolving ftp-private.ncbi.nlm.nih.gov (ftp-private.ncbi.nlm.nih.gov)... 130.14.29.35
Connecting to ftp-private.ncbi.nlm.nih.gov (ftp-private.ncbi.nlm.nih.gov)|130.14.29.35|:21... connected.
Logging in as anonymous ... Logged in!
==> SYST ... done.    ==> PWD ... done.
==> TYPE I ... done.  ==> CWD (1) /pubchem/.fetch/92 ... done.
==> SIZE 537667073256686709.txt.gz ... 125
==> PASV ... done.    ==> RETR 537667073256686709.txt.gz ... done.
Length: 125 (unauthoritative)

     0K                                                       100% 95.1K=0.001s

2019-06-21 00:48:55 (95.1 KB/s) - ‘537667073256686709.txt.gz’ saved [125]

--2019-06-21 00:48:55--  http://query/
Resolving query (query)... failed: Name or service not known.
wget: unable to resolve host address ‘query’
--2019-06-21 00:48:55--  ftp://xml/
           => ‘.listing’
Resolving xml (xml)... failed: Name or service not known.
wget: unable to resolve host address ‘xml’
--2019-06-21 00:48:55--  http://pc_fetch_aid775925_activities_0.cgi/
Resolving pc_fetch_aid775925_activities_0.cgi (pc_fetch_aid775925_activities_0.cgi)... failed: Name or service not known.
wget: unable to resolve host address ‘pc_fetch_aid775925_activities_0.cgi’
FINISHED --2019-06-21 00:48:55--
Total wall clock time: 0.8s
Downloaded: 1 files, 125 in 0.001s (95.1 KB/s)
