--2019-06-20 21:49:42--  ftp://ftp-private.ncbi.nlm.nih.gov/pubchem/.fetch/7/3128057194269823058.txt.gz
           => ‘3128057194269823058.txt.gz’
Resolving ftp-private.ncbi.nlm.nih.gov (ftp-private.ncbi.nlm.nih.gov)... 130.14.29.35
Connecting to ftp-private.ncbi.nlm.nih.gov (ftp-private.ncbi.nlm.nih.gov)|130.14.29.35|:21... connected.
Logging in as anonymous ... Logged in!
==> SYST ... done.    ==> PWD ... done.
==> TYPE I ... done.  ==> CWD (1) /pubchem/.fetch/7 ... done.
==> SIZE 3128057194269823058.txt.gz ... 57
==> PASV ... done.    ==> RETR 3128057194269823058.txt.gz ... done.
Length: 57 (unauthoritative)

     0K                                                       100% 72.9K=0.001s

2019-06-20 21:49:43 (72.9 KB/s) - ‘3128057194269823058.txt.gz’ saved [57]

--2019-06-20 21:49:43--  http://query/
Resolving query (query)... failed: Name or service not known.
wget: unable to resolve host address ‘query’
--2019-06-20 21:49:43--  ftp://xml/
           => ‘.listing’
Resolving xml (xml)... failed: Name or service not known.
wget: unable to resolve host address ‘xml’
--2019-06-20 21:49:43--  http://pc_fetch_aid405733_activities_0.cgi/
Resolving pc_fetch_aid405733_activities_0.cgi (pc_fetch_aid405733_activities_0.cgi)... failed: Name or service not known.
wget: unable to resolve host address ‘pc_fetch_aid405733_activities_0.cgi’
FINISHED --2019-06-20 21:49:43--
Total wall clock time: 0.5s
Downloaded: 1 files, 57 in 0.001s (72.9 KB/s)
