--2019-06-20 20:13:54--  ftp://ftp-private.ncbi.nlm.nih.gov/pubchem/.fetch/95/4062210365749226234.txt.gz
           => ‘4062210365749226234.txt.gz’
Resolving ftp-private.ncbi.nlm.nih.gov (ftp-private.ncbi.nlm.nih.gov)... 130.14.29.35
Connecting to ftp-private.ncbi.nlm.nih.gov (ftp-private.ncbi.nlm.nih.gov)|130.14.29.35|:21... connected.
Logging in as anonymous ... Logged in!
==> SYST ... done.    ==> PWD ... done.
==> TYPE I ... done.  ==> CWD (1) /pubchem/.fetch/95 ... done.
==> SIZE 4062210365749226234.txt.gz ... 115
==> PASV ... done.    ==> RETR 4062210365749226234.txt.gz ... done.
Length: 115 (unauthoritative)

     0K                                                       100% 92.8K=0.001s

2019-06-20 20:13:54 (92.8 KB/s) - ‘4062210365749226234.txt.gz’ saved [115]

--2019-06-20 20:13:54--  http://query/
Resolving query (query)... failed: Name or service not known.
wget: unable to resolve host address ‘query’
--2019-06-20 20:13:54--  ftp://xml/
           => ‘.listing’
Resolving xml (xml)... failed: Name or service not known.
wget: unable to resolve host address ‘xml’
--2019-06-20 20:13:54--  http://pc_fetch_aid1306309_activities_0.cgi/
Resolving pc_fetch_aid1306309_activities_0.cgi (pc_fetch_aid1306309_activities_0.cgi)... failed: Name or service not known.
wget: unable to resolve host address ‘pc_fetch_aid1306309_activities_0.cgi’
FINISHED --2019-06-20 20:13:54--
Total wall clock time: 0.6s
Downloaded: 1 files, 115 in 0.001s (92.8 KB/s)
