--2019-06-21 00:11:07--  ftp://ftp-private.ncbi.nlm.nih.gov/pubchem/.fetch/100/1918880882108782447.txt.gz
           => ‘1918880882108782447.txt.gz’
Resolving ftp-private.ncbi.nlm.nih.gov (ftp-private.ncbi.nlm.nih.gov)... 130.14.29.35
Connecting to ftp-private.ncbi.nlm.nih.gov (ftp-private.ncbi.nlm.nih.gov)|130.14.29.35|:21... connected.
Logging in as anonymous ... Logged in!
==> SYST ... done.    ==> PWD ... done.
==> TYPE I ... done.  ==> CWD (1) /pubchem/.fetch/100 ... done.
==> SIZE 1918880882108782447.txt.gz ... 177
==> PASV ... done.    ==> RETR 1918880882108782447.txt.gz ... done.
Length: 177 (unauthoritative)

     0K                                                       100%  153K=0.001s

2019-06-21 00:11:07 (153 KB/s) - ‘1918880882108782447.txt.gz’ saved [177]

--2019-06-21 00:11:07--  http://query/
Resolving query (query)... failed: Name or service not known.
wget: unable to resolve host address ‘query’
--2019-06-21 00:11:07--  ftp://xml/
           => ‘.listing’
Resolving xml (xml)... failed: Name or service not known.
wget: unable to resolve host address ‘xml’
--2019-06-21 00:11:07--  http://pc_fetch_aid744655_activities_0.cgi/
Resolving pc_fetch_aid744655_activities_0.cgi (pc_fetch_aid744655_activities_0.cgi)... failed: Name or service not known.
wget: unable to resolve host address ‘pc_fetch_aid744655_activities_0.cgi’
FINISHED --2019-06-21 00:11:08--
Total wall clock time: 1.3s
Downloaded: 1 files, 177 in 0.001s (153 KB/s)
