--2019-06-21 00:46:14--  ftp://ftp-private.ncbi.nlm.nih.gov/pubchem/.fetch/47/1891586305414172424.txt.gz
           => ‘1891586305414172424.txt.gz’
Resolving ftp-private.ncbi.nlm.nih.gov (ftp-private.ncbi.nlm.nih.gov)... 130.14.29.35
Connecting to ftp-private.ncbi.nlm.nih.gov (ftp-private.ncbi.nlm.nih.gov)|130.14.29.35|:21... connected.
Logging in as anonymous ... Logged in!
==> SYST ... done.    ==> PWD ... done.
==> TYPE I ... done.  ==> CWD (1) /pubchem/.fetch/47 ... done.
==> SIZE 1891586305414172424.txt.gz ... 125
==> PASV ... done.    ==> RETR 1891586305414172424.txt.gz ... done.
Length: 125 (unauthoritative)

     0K                                                       100%  135K=0.001s

2019-06-21 00:46:15 (135 KB/s) - ‘1891586305414172424.txt.gz’ saved [125]

--2019-06-21 00:46:15--  http://query/
Resolving query (query)... failed: Name or service not known.
wget: unable to resolve host address ‘query’
--2019-06-21 00:46:15--  ftp://xml/
           => ‘.listing’
Resolving xml (xml)... failed: Name or service not known.
wget: unable to resolve host address ‘xml’
--2019-06-21 00:46:15--  http://pc_fetch_aid775898_activities_0.cgi/
Resolving pc_fetch_aid775898_activities_0.cgi (pc_fetch_aid775898_activities_0.cgi)... failed: Name or service not known.
wget: unable to resolve host address ‘pc_fetch_aid775898_activities_0.cgi’
FINISHED --2019-06-21 00:46:15--
Total wall clock time: 0.4s
Downloaded: 1 files, 125 in 0.001s (135 KB/s)
