--2019-06-20 20:29:33--  ftp://ftp-private.ncbi.nlm.nih.gov/pubchem/.fetch/24/1518168649434888129.txt.gz
           => ‘1518168649434888129.txt.gz’
Resolving ftp-private.ncbi.nlm.nih.gov (ftp-private.ncbi.nlm.nih.gov)... 130.14.29.30
Connecting to ftp-private.ncbi.nlm.nih.gov (ftp-private.ncbi.nlm.nih.gov)|130.14.29.30|:21... connected.
Logging in as anonymous ... Logged in!
==> SYST ... done.    ==> PWD ... done.
==> TYPE I ... done.  ==> CWD (1) /pubchem/.fetch/24 ... done.
==> SIZE 1518168649434888129.txt.gz ... 174
==> PASV ... done.    ==> RETR 1518168649434888129.txt.gz ... done.
Length: 174 (unauthoritative)

     0K                                                       100%  156K=0.001s

2019-06-20 20:29:33 (156 KB/s) - ‘1518168649434888129.txt.gz’ saved [174]

--2019-06-20 20:29:33--  http://query/
Resolving query (query)... failed: Name or service not known.
wget: unable to resolve host address ‘query’
--2019-06-20 20:29:33--  ftp://xml/
           => ‘.listing’
Resolving xml (xml)... failed: Name or service not known.
wget: unable to resolve host address ‘xml’
--2019-06-20 20:29:33--  http://pc_fetch_aid1310464_activities_0.cgi/
Resolving pc_fetch_aid1310464_activities_0.cgi (pc_fetch_aid1310464_activities_0.cgi)... failed: Name or service not known.
wget: unable to resolve host address ‘pc_fetch_aid1310464_activities_0.cgi’
FINISHED --2019-06-20 20:29:33--
Total wall clock time: 0.5s
Downloaded: 1 files, 174 in 0.001s (156 KB/s)
