--2019-06-20 23:28:30--  ftp://ftp-private.ncbi.nlm.nih.gov/pubchem/.fetch/21/428142634675285228.txt.gz
           => ‘428142634675285228.txt.gz’
Resolving ftp-private.ncbi.nlm.nih.gov (ftp-private.ncbi.nlm.nih.gov)... 130.14.29.35
Connecting to ftp-private.ncbi.nlm.nih.gov (ftp-private.ncbi.nlm.nih.gov)|130.14.29.35|:21... connected.
Logging in as anonymous ... Logged in!
==> SYST ... done.    ==> PWD ... done.
==> TYPE I ... done.  ==> CWD (1) /pubchem/.fetch/21 ... done.
==> SIZE 428142634675285228.txt.gz ... 163
==> PASV ... done.    ==> RETR 428142634675285228.txt.gz ... done.
Length: 163 (unauthoritative)

     0K                                                       100%  161K=0.001s

2019-06-20 23:28:30 (161 KB/s) - ‘428142634675285228.txt.gz’ saved [163]

--2019-06-20 23:28:30--  http://query/
Resolving query (query)... failed: Name or service not known.
wget: unable to resolve host address ‘query’
--2019-06-20 23:28:30--  ftp://xml/
           => ‘.listing’
Resolving xml (xml)... failed: Name or service not known.
wget: unable to resolve host address ‘xml’
--2019-06-20 23:28:30--  http://pc_fetch_aid663112_activities_0.cgi/
Resolving pc_fetch_aid663112_activities_0.cgi (pc_fetch_aid663112_activities_0.cgi)... failed: Name or service not known.
wget: unable to resolve host address ‘pc_fetch_aid663112_activities_0.cgi’
FINISHED --2019-06-20 23:28:30--
Total wall clock time: 0.5s
Downloaded: 1 files, 163 in 0.001s (161 KB/s)
