--2019-06-21 00:16:32--  ftp://ftp-private.ncbi.nlm.nih.gov/pubchem/.fetch/44/82775167953602102.txt.gz
           => ‘82775167953602102.txt.gz’
Resolving ftp-private.ncbi.nlm.nih.gov (ftp-private.ncbi.nlm.nih.gov)... 130.14.29.35
Connecting to ftp-private.ncbi.nlm.nih.gov (ftp-private.ncbi.nlm.nih.gov)|130.14.29.35|:21... connected.
Logging in as anonymous ... Logged in!
==> SYST ... done.    ==> PWD ... done.
==> TYPE I ... done.  ==> CWD (1) /pubchem/.fetch/44 ... done.
==> SIZE 82775167953602102.txt.gz ... 139
==> PASV ... done.    ==> RETR 82775167953602102.txt.gz ... done.
Length: 139 (unauthoritative)

     0K                                                       100% 8.91K=0.02s

2019-06-21 00:16:32 (8.91 KB/s) - ‘82775167953602102.txt.gz’ saved [139]

--2019-06-21 00:16:32--  http://query/
Resolving query (query)... failed: Name or service not known.
wget: unable to resolve host address ‘query’
--2019-06-21 00:16:32--  ftp://xml/
           => ‘.listing’
Resolving xml (xml)... failed: Name or service not known.
wget: unable to resolve host address ‘xml’
--2019-06-21 00:16:32--  http://pc_fetch_aid747211_activities_0.cgi/
Resolving pc_fetch_aid747211_activities_0.cgi (pc_fetch_aid747211_activities_0.cgi)... failed: Name or service not known.
wget: unable to resolve host address ‘pc_fetch_aid747211_activities_0.cgi’
FINISHED --2019-06-21 00:16:32--
Total wall clock time: 0.5s
Downloaded: 1 files, 139 in 0.02s (8.91 KB/s)
