--2019-06-20 18:24:36--  ftp://ftp-private.ncbi.nlm.nih.gov/pubchem/.fetch/21/254279638517768049.txt.gz
           => ‘254279638517768049.txt.gz’
Resolving ftp-private.ncbi.nlm.nih.gov (ftp-private.ncbi.nlm.nih.gov)... 130.14.29.30
Connecting to ftp-private.ncbi.nlm.nih.gov (ftp-private.ncbi.nlm.nih.gov)|130.14.29.30|:21... connected.
Logging in as anonymous ... Logged in!
==> SYST ... done.    ==> PWD ... done.
==> TYPE I ... done.  ==> CWD (1) /pubchem/.fetch/21 ... done.
==> SIZE 254279638517768049.txt.gz ... 82
==> PASV ... done.    ==> RETR 254279638517768049.txt.gz ... done.
Length: 82 (unauthoritative)

     0K                                                       100% 98.3K=0.001s

2019-06-20 18:24:36 (98.3 KB/s) - ‘254279638517768049.txt.gz’ saved [82]

--2019-06-20 18:24:36--  http://query/
Resolving query (query)... failed: Name or service not known.
wget: unable to resolve host address ‘query’
--2019-06-20 18:24:36--  ftp://xml/
           => ‘.listing’
Resolving xml (xml)... failed: Name or service not known.
wget: unable to resolve host address ‘xml’
--2019-06-20 18:24:36--  http://pc_fetch_aid1175468_activities_0.cgi/
Resolving pc_fetch_aid1175468_activities_0.cgi (pc_fetch_aid1175468_activities_0.cgi)... failed: Name or service not known.
wget: unable to resolve host address ‘pc_fetch_aid1175468_activities_0.cgi’
FINISHED --2019-06-20 18:24:36--
Total wall clock time: 0.4s
Downloaded: 1 files, 82 in 0.001s (98.3 KB/s)
