--2019-06-20 22:07:23--  ftp://ftp-private.ncbi.nlm.nih.gov/pubchem/.fetch/31/3682375585280424584.txt.gz
           => ‘3682375585280424584.txt.gz’
Resolving ftp-private.ncbi.nlm.nih.gov (ftp-private.ncbi.nlm.nih.gov)... 130.14.29.35
Connecting to ftp-private.ncbi.nlm.nih.gov (ftp-private.ncbi.nlm.nih.gov)|130.14.29.35|:21... connected.
Logging in as anonymous ... Logged in!
==> SYST ... done.    ==> PWD ... done.
==> TYPE I ... done.  ==> CWD (1) /pubchem/.fetch/31 ... done.
==> SIZE 3682375585280424584.txt.gz ... 79
==> PASV ... done.    ==> RETR 3682375585280424584.txt.gz ... done.
Length: 79 (unauthoritative)

     0K                                                       100%  107K=0.001s

2019-06-20 22:07:23 (107 KB/s) - ‘3682375585280424584.txt.gz’ saved [79]

--2019-06-20 22:07:23--  http://query/
Resolving query (query)... failed: Name or service not known.
wget: unable to resolve host address ‘query’
--2019-06-20 22:07:23--  ftp://xml/
           => ‘.listing’
Resolving xml (xml)... failed: Name or service not known.
wget: unable to resolve host address ‘xml’
--2019-06-20 22:07:23--  http://pc_fetch_aid468785_activities_0.cgi/
Resolving pc_fetch_aid468785_activities_0.cgi (pc_fetch_aid468785_activities_0.cgi)... failed: Name or service not known.
wget: unable to resolve host address ‘pc_fetch_aid468785_activities_0.cgi’
FINISHED --2019-06-20 22:07:23--
Total wall clock time: 0.8s
Downloaded: 1 files, 79 in 0.001s (107 KB/s)
