--2019-06-20 21:17:27--  ftp://ftp-private.ncbi.nlm.nih.gov/pubchem/.fetch/23/2863141020118097364.txt.gz
           => ‘2863141020118097364.txt.gz’
Resolving ftp-private.ncbi.nlm.nih.gov (ftp-private.ncbi.nlm.nih.gov)... 130.14.29.35
Connecting to ftp-private.ncbi.nlm.nih.gov (ftp-private.ncbi.nlm.nih.gov)|130.14.29.35|:21... connected.
Logging in as anonymous ... Logged in!
==> SYST ... done.    ==> PWD ... done.
==> TYPE I ... done.  ==> CWD (1) /pubchem/.fetch/23 ... done.
==> SIZE 2863141020118097364.txt.gz ... 71
==> PASV ... done.    ==> RETR 2863141020118097364.txt.gz ... done.
Length: 71 (unauthoritative)

     0K                                                       100% 82.1K=0.001s

2019-06-20 21:17:27 (82.1 KB/s) - ‘2863141020118097364.txt.gz’ saved [71]

--2019-06-20 21:17:27--  http://query/
Resolving query (query)... failed: Name or service not known.
wget: unable to resolve host address ‘query’
--2019-06-20 21:17:27--  ftp://xml/
           => ‘.listing’
Resolving xml (xml)... failed: Name or service not known.
wget: unable to resolve host address ‘xml’
--2019-06-20 21:17:27--  http://pc_fetch_aid283389_activities_0.cgi/
Resolving pc_fetch_aid283389_activities_0.cgi (pc_fetch_aid283389_activities_0.cgi)... failed: Name or service not known.
wget: unable to resolve host address ‘pc_fetch_aid283389_activities_0.cgi’
FINISHED --2019-06-20 21:17:27--
Total wall clock time: 0.5s
Downloaded: 1 files, 71 in 0.001s (82.1 KB/s)
