--2019-06-20 23:52:07--  ftp://ftp-private.ncbi.nlm.nih.gov/pubchem/.fetch/25/1318814806109119087.txt.gz
           => ‘1318814806109119087.txt.gz’
Resolving ftp-private.ncbi.nlm.nih.gov (ftp-private.ncbi.nlm.nih.gov)... 130.14.29.30
Connecting to ftp-private.ncbi.nlm.nih.gov (ftp-private.ncbi.nlm.nih.gov)|130.14.29.30|:21... connected.
Logging in as anonymous ... Logged in!
==> SYST ... done.    ==> PWD ... done.
==> TYPE I ... done.  ==> CWD (1) /pubchem/.fetch/25 ... done.
==> SIZE 1318814806109119087.txt.gz ... 59
==> PASV ... done.    ==> RETR 1318814806109119087.txt.gz ... done.
Length: 59 (unauthoritative)

     0K                                                       100% 78.5K=0.001s

2019-06-20 23:52:08 (78.5 KB/s) - ‘1318814806109119087.txt.gz’ saved [59]

--2019-06-20 23:52:08--  http://query/
Resolving query (query)... failed: Name or service not known.
wget: unable to resolve host address ‘query’
--2019-06-20 23:52:08--  ftp://xml/
           => ‘.listing’
Resolving xml (xml)... failed: Name or service not known.
wget: unable to resolve host address ‘xml’
--2019-06-20 23:52:08--  http://pc_fetch_aid713645_activities_0.cgi/
Resolving pc_fetch_aid713645_activities_0.cgi (pc_fetch_aid713645_activities_0.cgi)... failed: Name or service not known.
wget: unable to resolve host address ‘pc_fetch_aid713645_activities_0.cgi’
FINISHED --2019-06-20 23:52:08--
Total wall clock time: 0.4s
Downloaded: 1 files, 59 in 0.001s (78.5 KB/s)
