--2019-06-20 18:11:42--  ftp://ftp-private.ncbi.nlm.nih.gov/pubchem/.fetch/31/3001172118829031898.txt.gz
           => ‘3001172118829031898.txt.gz’
Resolving ftp-private.ncbi.nlm.nih.gov (ftp-private.ncbi.nlm.nih.gov)... 130.14.29.35
Connecting to ftp-private.ncbi.nlm.nih.gov (ftp-private.ncbi.nlm.nih.gov)|130.14.29.35|:21... connected.
Logging in as anonymous ... Logged in!
==> SYST ... done.    ==> PWD ... done.
==> TYPE I ... done.  ==> CWD (1) /pubchem/.fetch/31 ... done.
==> SIZE 3001172118829031898.txt.gz ... 118
==> PASV ... done.    ==> RETR 3001172118829031898.txt.gz ... done.
Length: 118 (unauthoritative)

     0K                                                       100%  128K=0.001s

2019-06-20 18:11:42 (128 KB/s) - ‘3001172118829031898.txt.gz’ saved [118]

--2019-06-20 18:11:42--  http://query/
Resolving query (query)... failed: Name or service not known.
wget: unable to resolve host address ‘query’
--2019-06-20 18:11:42--  ftp://xml/
           => ‘.listing’
Resolving xml (xml)... failed: Name or service not known.
wget: unable to resolve host address ‘xml’
--2019-06-20 18:11:42--  http://pc_fetch_aid1165507_activities_0.cgi/
Resolving pc_fetch_aid1165507_activities_0.cgi (pc_fetch_aid1165507_activities_0.cgi)... failed: Name or service not known.
wget: unable to resolve host address ‘pc_fetch_aid1165507_activities_0.cgi’
FINISHED --2019-06-20 18:11:42--
Total wall clock time: 0.4s
Downloaded: 1 files, 118 in 0.001s (128 KB/s)
