--2019-06-20 23:17:40--  ftp://ftp-private.ncbi.nlm.nih.gov/pubchem/.fetch/32/926268503563473176.txt.gz
           => ‘926268503563473176.txt.gz’
Resolving ftp-private.ncbi.nlm.nih.gov (ftp-private.ncbi.nlm.nih.gov)... 130.14.29.35
Connecting to ftp-private.ncbi.nlm.nih.gov (ftp-private.ncbi.nlm.nih.gov)|130.14.29.35|:21... connected.
Logging in as anonymous ... Logged in!
==> SYST ... done.    ==> PWD ... done.
==> TYPE I ... done.  ==> CWD (1) /pubchem/.fetch/32 ... done.
==> SIZE 926268503563473176.txt.gz ... 70
==> PASV ... done.    ==> RETR 926268503563473176.txt.gz ... done.
Length: 70 (unauthoritative)

     0K                                                       100% 75.2K=0.001s

2019-06-20 23:17:40 (75.2 KB/s) - ‘926268503563473176.txt.gz’ saved [70]

--2019-06-20 23:17:40--  http://query/
Resolving query (query)... failed: Name or service not known.
wget: unable to resolve host address ‘query’
--2019-06-20 23:17:40--  ftp://xml/
           => ‘.listing’
Resolving xml (xml)... failed: Name or service not known.
wget: unable to resolve host address ‘xml’
--2019-06-20 23:17:40--  http://pc_fetch_aid645818_activities_0.cgi/
Resolving pc_fetch_aid645818_activities_0.cgi (pc_fetch_aid645818_activities_0.cgi)... failed: Name or service not known.
wget: unable to resolve host address ‘pc_fetch_aid645818_activities_0.cgi’
FINISHED --2019-06-20 23:17:40--
Total wall clock time: 0.4s
Downloaded: 1 files, 70 in 0.001s (75.2 KB/s)
