--2019-06-20 17:05:03--  ftp://ftp-private.ncbi.nlm.nih.gov/pubchem/.fetch/43/3392809818092533067.txt.gz
           => ‘3392809818092533067.txt.gz’
Resolving ftp-private.ncbi.nlm.nih.gov (ftp-private.ncbi.nlm.nih.gov)... 130.14.29.30
Connecting to ftp-private.ncbi.nlm.nih.gov (ftp-private.ncbi.nlm.nih.gov)|130.14.29.30|:21... connected.
Logging in as anonymous ... Logged in!
==> SYST ... done.    ==> PWD ... done.
==> TYPE I ... done.  ==> CWD (1) /pubchem/.fetch/43 ... done.
==> SIZE 3392809818092533067.txt.gz ... 97
==> PASV ... done.    ==> RETR 3392809818092533067.txt.gz ... done.
Length: 97 (unauthoritative)

     0K                                                       100%  131K=0.001s

2019-06-20 17:05:04 (131 KB/s) - ‘3392809818092533067.txt.gz’ saved [97]

--2019-06-20 17:05:04--  http://query/
Resolving query (query)... failed: Name or service not known.
wget: unable to resolve host address ‘query’
--2019-06-20 17:05:04--  ftp://xml/
           => ‘.listing’
Resolving xml (xml)... failed: Name or service not known.
wget: unable to resolve host address ‘xml’
--2019-06-20 17:05:04--  http://pc_fetch_aid1057201_activities_0.cgi/
Resolving pc_fetch_aid1057201_activities_0.cgi (pc_fetch_aid1057201_activities_0.cgi)... failed: Name or service not known.
wget: unable to resolve host address ‘pc_fetch_aid1057201_activities_0.cgi’
FINISHED --2019-06-20 17:05:04--
Total wall clock time: 0.5s
Downloaded: 1 files, 97 in 0.001s (131 KB/s)
