--2019-06-20 23:54:16--  ftp://ftp-private.ncbi.nlm.nih.gov/pubchem/.fetch/2/2195502369464450348.txt.gz
           => ‘2195502369464450348.txt.gz’
Resolving ftp-private.ncbi.nlm.nih.gov (ftp-private.ncbi.nlm.nih.gov)... 130.14.29.30
Connecting to ftp-private.ncbi.nlm.nih.gov (ftp-private.ncbi.nlm.nih.gov)|130.14.29.30|:21... connected.
Logging in as anonymous ... Logged in!
==> SYST ... done.    ==> PWD ... done.
==> TYPE I ... done.  ==> CWD (1) /pubchem/.fetch/2 ... done.
==> SIZE 2195502369464450348.txt.gz ... 59
==> PASV ... done.    ==> RETR 2195502369464450348.txt.gz ... done.
Length: 59 (unauthoritative)

     0K                                                       100% 82.6K=0.001s

2019-06-20 23:54:17 (82.6 KB/s) - ‘2195502369464450348.txt.gz’ saved [59]

--2019-06-20 23:54:17--  http://query/
Resolving query (query)... failed: Name or service not known.
wget: unable to resolve host address ‘query’
--2019-06-20 23:54:17--  ftp://xml/
           => ‘.listing’
Resolving xml (xml)... failed: Name or service not known.
wget: unable to resolve host address ‘xml’
--2019-06-20 23:54:17--  http://pc_fetch_aid713666_activities_0.cgi/
Resolving pc_fetch_aid713666_activities_0.cgi (pc_fetch_aid713666_activities_0.cgi)... failed: Name or service not known.
wget: unable to resolve host address ‘pc_fetch_aid713666_activities_0.cgi’
FINISHED --2019-06-20 23:54:17--
Total wall clock time: 0.8s
Downloaded: 1 files, 59 in 0.001s (82.6 KB/s)
