--2019-06-20 20:17:05--  ftp://ftp-private.ncbi.nlm.nih.gov/pubchem/.fetch/14/2919387130242821151.txt.gz
           => ‘2919387130242821151.txt.gz’
Resolving ftp-private.ncbi.nlm.nih.gov (ftp-private.ncbi.nlm.nih.gov)... 130.14.29.30
Connecting to ftp-private.ncbi.nlm.nih.gov (ftp-private.ncbi.nlm.nih.gov)|130.14.29.30|:21... connected.
Logging in as anonymous ... Logged in!
==> SYST ... done.    ==> PWD ... done.
==> TYPE I ... done.  ==> CWD (1) /pubchem/.fetch/14 ... done.
==> SIZE 2919387130242821151.txt.gz ... 271
==> PASV ... done.    ==> RETR 2919387130242821151.txt.gz ... done.
Length: 271 (unauthoritative)

     0K                                                       100%  227K=0.001s

2019-06-20 20:17:06 (227 KB/s) - ‘2919387130242821151.txt.gz’ saved [271]

--2019-06-20 20:17:06--  http://query/
Resolving query (query)... failed: Name or service not known.
wget: unable to resolve host address ‘query’
--2019-06-20 20:17:06--  ftp://xml/
           => ‘.listing’
Resolving xml (xml)... failed: Name or service not known.
wget: unable to resolve host address ‘xml’
--2019-06-20 20:17:06--  http://pc_fetch_aid1308557_activities_0.cgi/
Resolving pc_fetch_aid1308557_activities_0.cgi (pc_fetch_aid1308557_activities_0.cgi)... failed: Name or service not known.
wget: unable to resolve host address ‘pc_fetch_aid1308557_activities_0.cgi’
FINISHED --2019-06-20 20:17:06--
Total wall clock time: 0.5s
Downloaded: 1 files, 271 in 0.001s (227 KB/s)
