--2019-06-20 22:25:35--  ftp://ftp-private.ncbi.nlm.nih.gov/pubchem/.fetch/45/1320237226075376972.txt.gz
           => ‘1320237226075376972.txt.gz’
Resolving ftp-private.ncbi.nlm.nih.gov (ftp-private.ncbi.nlm.nih.gov)... 130.14.29.30
Connecting to ftp-private.ncbi.nlm.nih.gov (ftp-private.ncbi.nlm.nih.gov)|130.14.29.30|:21... connected.
Logging in as anonymous ... Logged in!
==> SYST ... done.    ==> PWD ... done.
==> TYPE I ... done.  ==> CWD (1) /pubchem/.fetch/45 ... done.
==> SIZE 1320237226075376972.txt.gz ... 85
==> PASV ... done.    ==> RETR 1320237226075376972.txt.gz ... done.
Length: 85 (unauthoritative)

     0K                                                       100% 91.6K=0.001s

2019-06-20 22:25:36 (91.6 KB/s) - ‘1320237226075376972.txt.gz’ saved [85]

--2019-06-20 22:25:36--  http://query/
Resolving query (query)... failed: Name or service not known.
wget: unable to resolve host address ‘query’
--2019-06-20 22:25:36--  ftp://xml/
           => ‘.listing’
Resolving xml (xml)... failed: Name or service not known.
wget: unable to resolve host address ‘xml’
--2019-06-20 22:25:36--  http://pc_fetch_aid502266_activities_0.cgi/
Resolving pc_fetch_aid502266_activities_0.cgi (pc_fetch_aid502266_activities_0.cgi)... failed: Name or service not known.
wget: unable to resolve host address ‘pc_fetch_aid502266_activities_0.cgi’
FINISHED --2019-06-20 22:25:36--
Total wall clock time: 0.4s
Downloaded: 1 files, 85 in 0.001s (91.6 KB/s)
