--2019-06-20 19:11:49--  ftp://ftp-private.ncbi.nlm.nih.gov/pubchem/.fetch/93/257300350152672001.txt.gz
           => ‘257300350152672001.txt.gz’
Resolving ftp-private.ncbi.nlm.nih.gov (ftp-private.ncbi.nlm.nih.gov)... 130.14.29.30
Connecting to ftp-private.ncbi.nlm.nih.gov (ftp-private.ncbi.nlm.nih.gov)|130.14.29.30|:21... connected.
Logging in as anonymous ... Logged in!
==> SYST ... done.    ==> PWD ... done.
==> TYPE I ... done.  ==> CWD (1) /pubchem/.fetch/93 ... done.
==> SIZE 257300350152672001.txt.gz ... 304
==> PASV ... done.    ==> RETR 257300350152672001.txt.gz ... done.
Length: 304 (unauthoritative)

     0K                                                       100%  209K=0.001s

2019-06-20 19:11:50 (209 KB/s) - ‘257300350152672001.txt.gz’ saved [304]

--2019-06-20 19:11:50--  http://query/
Resolving query (query)... failed: Name or service not known.
wget: unable to resolve host address ‘query’
--2019-06-20 19:11:50--  ftp://xml/
           => ‘.listing’
Resolving xml (xml)... failed: Name or service not known.
wget: unable to resolve host address ‘xml’
--2019-06-20 19:11:50--  http://pc_fetch_aid1247279_activities_0.cgi/
Resolving pc_fetch_aid1247279_activities_0.cgi (pc_fetch_aid1247279_activities_0.cgi)... failed: Name or service not known.
wget: unable to resolve host address ‘pc_fetch_aid1247279_activities_0.cgi’
FINISHED --2019-06-20 19:11:50--
Total wall clock time: 0.4s
Downloaded: 1 files, 304 in 0.001s (209 KB/s)
