--2019-06-20 18:33:51--  ftp://ftp-private.ncbi.nlm.nih.gov/pubchem/.fetch/71/2106319592693920712.txt.gz
           => ‘2106319592693920712.txt.gz’
Resolving ftp-private.ncbi.nlm.nih.gov (ftp-private.ncbi.nlm.nih.gov)... 130.14.29.35
Connecting to ftp-private.ncbi.nlm.nih.gov (ftp-private.ncbi.nlm.nih.gov)|130.14.29.35|:21... connected.
Logging in as anonymous ... Logged in!
==> SYST ... done.    ==> PWD ... done.
==> TYPE I ... done.  ==> CWD (1) /pubchem/.fetch/71 ... done.
==> SIZE 2106319592693920712.txt.gz ... 317
==> PASV ... done.    ==> RETR 2106319592693920712.txt.gz ... done.
Length: 317 (unauthoritative)

     0K                                                       100%  237K=0.001s

2019-06-20 18:33:51 (237 KB/s) - ‘2106319592693920712.txt.gz’ saved [317]

--2019-06-20 18:33:51--  http://query/
Resolving query (query)... failed: Name or service not known.
wget: unable to resolve host address ‘query’
--2019-06-20 18:33:51--  ftp://xml/
           => ‘.listing’
Resolving xml (xml)... failed: Name or service not known.
wget: unable to resolve host address ‘xml’
--2019-06-20 18:33:51--  http://pc_fetch_aid1185487_activities_0.cgi/
Resolving pc_fetch_aid1185487_activities_0.cgi (pc_fetch_aid1185487_activities_0.cgi)... failed: Name or service not known.
wget: unable to resolve host address ‘pc_fetch_aid1185487_activities_0.cgi’
FINISHED --2019-06-20 18:33:52--
Total wall clock time: 0.6s
Downloaded: 1 files, 317 in 0.001s (237 KB/s)
