--2019-06-20 19:18:50--  ftp://ftp-private.ncbi.nlm.nih.gov/pubchem/.fetch/3/4365475604574826603.txt.gz
           => ‘4365475604574826603.txt.gz’
Resolving ftp-private.ncbi.nlm.nih.gov (ftp-private.ncbi.nlm.nih.gov)... 130.14.29.35
Connecting to ftp-private.ncbi.nlm.nih.gov (ftp-private.ncbi.nlm.nih.gov)|130.14.29.35|:21... connected.
Logging in as anonymous ... Logged in!
==> SYST ... done.    ==> PWD ... done.
==> TYPE I ... done.  ==> CWD (1) /pubchem/.fetch/3 ... done.
==> SIZE 4365475604574826603.txt.gz ... 144
==> PASV ... done.    ==> RETR 4365475604574826603.txt.gz ... done.
Length: 144 (unauthoritative)

     0K                                                       100%  144K=0.001s

2019-06-20 19:18:51 (144 KB/s) - ‘4365475604574826603.txt.gz’ saved [144]

--2019-06-20 19:18:51--  http://query/
Resolving query (query)... failed: Name or service not known.
wget: unable to resolve host address ‘query’
--2019-06-20 19:18:51--  ftp://xml/
           => ‘.listing’
Resolving xml (xml)... failed: Name or service not known.
wget: unable to resolve host address ‘xml’
--2019-06-20 19:18:51--  http://pc_fetch_aid1261138_activities_0.cgi/
Resolving pc_fetch_aid1261138_activities_0.cgi (pc_fetch_aid1261138_activities_0.cgi)... failed: Name or service not known.
wget: unable to resolve host address ‘pc_fetch_aid1261138_activities_0.cgi’
FINISHED --2019-06-20 19:18:51--
Total wall clock time: 0.4s
Downloaded: 1 files, 144 in 0.001s (144 KB/s)
