--2019-06-20 21:12:40--  ftp://ftp-private.ncbi.nlm.nih.gov/pubchem/.fetch/9/3559346528487409408.txt.gz
           => ‘3559346528487409408.txt.gz’
Resolving ftp-private.ncbi.nlm.nih.gov (ftp-private.ncbi.nlm.nih.gov)... 130.14.29.35
Connecting to ftp-private.ncbi.nlm.nih.gov (ftp-private.ncbi.nlm.nih.gov)|130.14.29.35|:21... connected.
Logging in as anonymous ... Logged in!
==> SYST ... done.    ==> PWD ... done.
==> TYPE I ... done.  ==> CWD (1) /pubchem/.fetch/9 ... done.
==> SIZE 3559346528487409408.txt.gz ... 101
==> PASV ... done.    ==> RETR 3559346528487409408.txt.gz ... done.
Length: 101 (unauthoritative)

     0K                                                       100%  104K=0.001s

2019-06-20 21:12:40 (104 KB/s) - ‘3559346528487409408.txt.gz’ saved [101]

--2019-06-20 21:12:40--  http://query/
Resolving query (query)... failed: Name or service not known.
wget: unable to resolve host address ‘query’
--2019-06-20 21:12:40--  ftp://xml/
           => ‘.listing’
Resolving xml (xml)... failed: Name or service not known.
wget: unable to resolve host address ‘xml’
--2019-06-20 21:12:40--  http://pc_fetch_aid249851_activities_0.cgi/
Resolving pc_fetch_aid249851_activities_0.cgi (pc_fetch_aid249851_activities_0.cgi)... failed: Name or service not known.
wget: unable to resolve host address ‘pc_fetch_aid249851_activities_0.cgi’
FINISHED --2019-06-20 21:12:40--
Total wall clock time: 0.5s
Downloaded: 1 files, 101 in 0.001s (104 KB/s)
