--2019-06-20 21:56:23--  ftp://ftp-private.ncbi.nlm.nih.gov/pubchem/.fetch/70/2014290733979217541.txt.gz
           => ‘2014290733979217541.txt.gz’
Resolving ftp-private.ncbi.nlm.nih.gov (ftp-private.ncbi.nlm.nih.gov)... 130.14.29.30
Connecting to ftp-private.ncbi.nlm.nih.gov (ftp-private.ncbi.nlm.nih.gov)|130.14.29.30|:21... connected.
Logging in as anonymous ... Logged in!
==> SYST ... done.    ==> PWD ... done.
==> TYPE I ... done.  ==> CWD (1) /pubchem/.fetch/70 ... done.
==> SIZE 2014290733979217541.txt.gz ... 73
==> PASV ... done.    ==> RETR 2014290733979217541.txt.gz ... done.
Length: 73 (unauthoritative)

     0K                                                       100% 73.2K=0.001s

2019-06-20 21:56:24 (73.2 KB/s) - ‘2014290733979217541.txt.gz’ saved [73]

--2019-06-20 21:56:24--  http://query/
Resolving query (query)... failed: Name or service not known.
wget: unable to resolve host address ‘query’
--2019-06-20 21:56:24--  ftp://xml/
           => ‘.listing’
Resolving xml (xml)... failed: Name or service not known.
wget: unable to resolve host address ‘xml’
--2019-06-20 21:56:24--  http://pc_fetch_aid457554_activities_0.cgi/
Resolving pc_fetch_aid457554_activities_0.cgi (pc_fetch_aid457554_activities_0.cgi)... failed: Name or service not known.
wget: unable to resolve host address ‘pc_fetch_aid457554_activities_0.cgi’
FINISHED --2019-06-20 21:56:24--
Total wall clock time: 0.7s
Downloaded: 1 files, 73 in 0.001s (73.2 KB/s)
