--2019-06-20 18:30:08--  ftp://ftp-private.ncbi.nlm.nih.gov/pubchem/.fetch/69/2167334277967123739.txt.gz
           => ‘2167334277967123739.txt.gz’
Resolving ftp-private.ncbi.nlm.nih.gov (ftp-private.ncbi.nlm.nih.gov)... 130.14.29.30
Connecting to ftp-private.ncbi.nlm.nih.gov (ftp-private.ncbi.nlm.nih.gov)|130.14.29.30|:21... connected.
Logging in as anonymous ... Logged in!
==> SYST ... done.    ==> PWD ... done.
==> TYPE I ... done.  ==> CWD (1) /pubchem/.fetch/69 ... done.
==> SIZE 2167334277967123739.txt.gz ... 289
==> PASV ... done.    ==> RETR 2167334277967123739.txt.gz ... done.
Length: 289 (unauthoritative)

     0K                                                       100%  207K=0.001s

2019-06-20 18:30:09 (207 KB/s) - ‘2167334277967123739.txt.gz’ saved [289]

--2019-06-20 18:30:09--  http://query/
Resolving query (query)... failed: Name or service not known.
wget: unable to resolve host address ‘query’
--2019-06-20 18:30:09--  ftp://xml/
           => ‘.listing’
Resolving xml (xml)... failed: Name or service not known.
wget: unable to resolve host address ‘xml’
--2019-06-20 18:30:09--  http://pc_fetch_aid1178031_activities_0.cgi/
Resolving pc_fetch_aid1178031_activities_0.cgi (pc_fetch_aid1178031_activities_0.cgi)... failed: Name or service not known.
wget: unable to resolve host address ‘pc_fetch_aid1178031_activities_0.cgi’
FINISHED --2019-06-20 18:30:09--
Total wall clock time: 0.4s
Downloaded: 1 files, 289 in 0.001s (207 KB/s)
