--2019-06-20 22:17:26--  ftp://ftp-private.ncbi.nlm.nih.gov/pubchem/.fetch/94/2644786378054288786.txt.gz
           => ‘2644786378054288786.txt.gz’
Resolving ftp-private.ncbi.nlm.nih.gov (ftp-private.ncbi.nlm.nih.gov)... 130.14.29.30
Connecting to ftp-private.ncbi.nlm.nih.gov (ftp-private.ncbi.nlm.nih.gov)|130.14.29.30|:21... connected.
Logging in as anonymous ... Logged in!
==> SYST ... done.    ==> PWD ... done.
==> TYPE I ... done.  ==> CWD (1) /pubchem/.fetch/94 ... done.
==> SIZE 2644786378054288786.txt.gz ... 122
==> PASV ... done.    ==> RETR 2644786378054288786.txt.gz ... done.
Length: 122 (unauthoritative)

     0K                                                       100%  146K=0.001s

2019-06-20 22:17:27 (146 KB/s) - ‘2644786378054288786.txt.gz’ saved [122]

--2019-06-20 22:17:27--  http://query/
Resolving query (query)... failed: Name or service not known.
wget: unable to resolve host address ‘query’
--2019-06-20 22:17:27--  ftp://xml/
           => ‘.listing’
Resolving xml (xml)... failed: Name or service not known.
wget: unable to resolve host address ‘xml’
--2019-06-20 22:17:27--  http://pc_fetch_aid491809_activities_0.cgi/
Resolving pc_fetch_aid491809_activities_0.cgi (pc_fetch_aid491809_activities_0.cgi)... failed: Name or service not known.
wget: unable to resolve host address ‘pc_fetch_aid491809_activities_0.cgi’
FINISHED --2019-06-20 22:17:27--
Total wall clock time: 0.5s
Downloaded: 1 files, 122 in 0.001s (146 KB/s)
