--2019-06-20 19:31:07--  ftp://ftp-private.ncbi.nlm.nih.gov/pubchem/.fetch/95/2583935749606655947.txt.gz
           => ‘2583935749606655947.txt.gz’
Resolving ftp-private.ncbi.nlm.nih.gov (ftp-private.ncbi.nlm.nih.gov)... 130.14.29.35
Connecting to ftp-private.ncbi.nlm.nih.gov (ftp-private.ncbi.nlm.nih.gov)|130.14.29.35|:21... connected.
Logging in as anonymous ... Logged in!
==> SYST ... done.    ==> PWD ... done.
==> TYPE I ... done.  ==> CWD (1) /pubchem/.fetch/95 ... done.
==> SIZE 2583935749606655947.txt.gz ... 530
==> PASV ... done.    ==> RETR 2583935749606655947.txt.gz ... done.
Length: 530 (unauthoritative)

     0K                                                       100%  206K=0.003s

2019-06-20 19:31:07 (206 KB/s) - ‘2583935749606655947.txt.gz’ saved [530]

--2019-06-20 19:31:07--  http://query/
Resolving query (query)... failed: Name or service not known.
wget: unable to resolve host address ‘query’
--2019-06-20 19:31:07--  ftp://xml/
           => ‘.listing’
Resolving xml (xml)... failed: Name or service not known.
wget: unable to resolve host address ‘xml’
--2019-06-20 19:31:07--  http://pc_fetch_aid1273893_activities_0.cgi/
Resolving pc_fetch_aid1273893_activities_0.cgi (pc_fetch_aid1273893_activities_0.cgi)... failed: Name or service not known.
wget: unable to resolve host address ‘pc_fetch_aid1273893_activities_0.cgi’
FINISHED --2019-06-20 19:31:07--
Total wall clock time: 0.8s
Downloaded: 1 files, 530 in 0.003s (206 KB/s)
