--2019-06-20 17:57:17--  ftp://ftp-private.ncbi.nlm.nih.gov/pubchem/.fetch/26/271537724423169013.txt.gz
           => ‘271537724423169013.txt.gz’
Resolving ftp-private.ncbi.nlm.nih.gov (ftp-private.ncbi.nlm.nih.gov)... 130.14.29.35
Connecting to ftp-private.ncbi.nlm.nih.gov (ftp-private.ncbi.nlm.nih.gov)|130.14.29.35|:21... connected.
Logging in as anonymous ... Logged in!
==> SYST ... done.    ==> PWD ... done.
==> TYPE I ... done.  ==> CWD (1) /pubchem/.fetch/26 ... done.
==> SIZE 271537724423169013.txt.gz ... 72
==> PASV ... done.    ==> RETR 271537724423169013.txt.gz ... done.
Length: 72 (unauthoritative)

     0K                                                       100% 93.8K=0.001s

2019-06-20 17:57:18 (93.8 KB/s) - ‘271537724423169013.txt.gz’ saved [72]

--2019-06-20 17:57:18--  http://query/
Resolving query (query)... failed: Name or service not known.
wget: unable to resolve host address ‘query’
--2019-06-20 17:57:18--  ftp://xml/
           => ‘.listing’
Resolving xml (xml)... failed: Name or service not known.
wget: unable to resolve host address ‘xml’
--2019-06-20 17:57:18--  http://pc_fetch_aid1163452_activities_0.cgi/
Resolving pc_fetch_aid1163452_activities_0.cgi (pc_fetch_aid1163452_activities_0.cgi)... failed: Name or service not known.
wget: unable to resolve host address ‘pc_fetch_aid1163452_activities_0.cgi’
FINISHED --2019-06-20 17:57:18--
Total wall clock time: 0.5s
Downloaded: 1 files, 72 in 0.001s (93.8 KB/s)
