--2019-06-20 23:49:55--  ftp://ftp-private.ncbi.nlm.nih.gov/pubchem/.fetch/94/1427291154321153738.txt.gz
           => ‘1427291154321153738.txt.gz’
Resolving ftp-private.ncbi.nlm.nih.gov (ftp-private.ncbi.nlm.nih.gov)... 130.14.29.30
Connecting to ftp-private.ncbi.nlm.nih.gov (ftp-private.ncbi.nlm.nih.gov)|130.14.29.30|:21... connected.
Logging in as anonymous ... Logged in!
==> SYST ... done.    ==> PWD ... done.
==> TYPE I ... done.  ==> CWD (1) /pubchem/.fetch/94 ... done.
==> SIZE 1427291154321153738.txt.gz ... 59
==> PASV ... done.    ==> RETR 1427291154321153738.txt.gz ... done.
Length: 59 (unauthoritative)

     0K                                                       100% 79.2K=0.001s

2019-06-20 23:49:55 (79.2 KB/s) - ‘1427291154321153738.txt.gz’ saved [59]

--2019-06-20 23:49:55--  http://query/
Resolving query (query)... failed: Name or service not known.
wget: unable to resolve host address ‘query’
--2019-06-20 23:49:55--  ftp://xml/
           => ‘.listing’
Resolving xml (xml)... failed: Name or service not known.
wget: unable to resolve host address ‘xml’
--2019-06-20 23:49:55--  http://pc_fetch_aid713397_activities_0.cgi/
Resolving pc_fetch_aid713397_activities_0.cgi (pc_fetch_aid713397_activities_0.cgi)... failed: Name or service not known.
wget: unable to resolve host address ‘pc_fetch_aid713397_activities_0.cgi’
FINISHED --2019-06-20 23:49:55--
Total wall clock time: 0.5s
Downloaded: 1 files, 59 in 0.001s (79.2 KB/s)
