--2019-06-20 20:45:17--  ftp://ftp-private.ncbi.nlm.nih.gov/pubchem/.fetch/39/1868068250575656532.txt.gz
           => ‘1868068250575656532.txt.gz’
Resolving ftp-private.ncbi.nlm.nih.gov (ftp-private.ncbi.nlm.nih.gov)... 130.14.29.30
Connecting to ftp-private.ncbi.nlm.nih.gov (ftp-private.ncbi.nlm.nih.gov)|130.14.29.30|:21... connected.
Logging in as anonymous ... Logged in!
==> SYST ... done.    ==> PWD ... done.
==> TYPE I ... done.  ==> CWD (1) /pubchem/.fetch/39 ... done.
==> SIZE 1868068250575656532.txt.gz ... 112
==> PASV ... done.    ==> RETR 1868068250575656532.txt.gz ... done.
Length: 112 (unauthoritative)

     0K                                                       100%  131K=0.001s

2019-06-20 20:45:18 (131 KB/s) - ‘1868068250575656532.txt.gz’ saved [112]

--2019-06-20 20:45:18--  http://query/
Resolving query (query)... failed: Name or service not known.
wget: unable to resolve host address ‘query’
--2019-06-20 20:45:18--  ftp://xml/
           => ‘.listing’
Resolving xml (xml)... failed: Name or service not known.
wget: unable to resolve host address ‘xml’
--2019-06-20 20:45:18--  http://pc_fetch_aid1323044_activities_0.cgi/
Resolving pc_fetch_aid1323044_activities_0.cgi (pc_fetch_aid1323044_activities_0.cgi)... failed: Name or service not known.
wget: unable to resolve host address ‘pc_fetch_aid1323044_activities_0.cgi’
FINISHED --2019-06-20 20:45:19--
Total wall clock time: 1.2s
Downloaded: 1 files, 112 in 0.001s (131 KB/s)
