--2019-06-20 21:21:55--  ftp://ftp-private.ncbi.nlm.nih.gov/pubchem/.fetch/49/1149197272102802161.txt.gz
           => ‘1149197272102802161.txt.gz’
Resolving ftp-private.ncbi.nlm.nih.gov (ftp-private.ncbi.nlm.nih.gov)... 130.14.29.35
Connecting to ftp-private.ncbi.nlm.nih.gov (ftp-private.ncbi.nlm.nih.gov)|130.14.29.35|:21... connected.
Logging in as anonymous ... Logged in!
==> SYST ... done.    ==> PWD ... done.
==> TYPE I ... done.  ==> CWD (1) /pubchem/.fetch/49 ... done.
==> SIZE 1149197272102802161.txt.gz ... 73
==> PASV ... done.    ==> RETR 1149197272102802161.txt.gz ... done.
Length: 73 (unauthoritative)

     0K                                                       100% 80.2K=0.001s

2019-06-20 21:21:55 (80.2 KB/s) - ‘1149197272102802161.txt.gz’ saved [73]

--2019-06-20 21:21:55--  http://query/
Resolving query (query)... failed: Name or service not known.
wget: unable to resolve host address ‘query’
--2019-06-20 21:21:55--  ftp://xml/
           => ‘.listing’
Resolving xml (xml)... failed: Name or service not known.
wget: unable to resolve host address ‘xml’
--2019-06-20 21:21:55--  http://pc_fetch_aid300131_activities_0.cgi/
Resolving pc_fetch_aid300131_activities_0.cgi (pc_fetch_aid300131_activities_0.cgi)... failed: Name or service not known.
wget: unable to resolve host address ‘pc_fetch_aid300131_activities_0.cgi’
FINISHED --2019-06-20 21:21:55--
Total wall clock time: 0.5s
Downloaded: 1 files, 73 in 0.001s (80.2 KB/s)
