--2019-06-20 20:19:34--  ftp://ftp-private.ncbi.nlm.nih.gov/pubchem/.fetch/22/4036290258913737563.txt.gz
           => ‘4036290258913737563.txt.gz’
Resolving ftp-private.ncbi.nlm.nih.gov (ftp-private.ncbi.nlm.nih.gov)... 130.14.29.30
Connecting to ftp-private.ncbi.nlm.nih.gov (ftp-private.ncbi.nlm.nih.gov)|130.14.29.30|:21... connected.
Logging in as anonymous ... Logged in!
==> SYST ... done.    ==> PWD ... done.
==> TYPE I ... done.  ==> CWD (1) /pubchem/.fetch/22 ... done.
==> SIZE 4036290258913737563.txt.gz ... 72
==> PASV ... done.    ==> RETR 4036290258913737563.txt.gz ... done.
Length: 72 (unauthoritative)

     0K                                                       100% 82.3K=0.001s

2019-06-20 20:19:34 (82.3 KB/s) - ‘4036290258913737563.txt.gz’ saved [72]

--2019-06-20 20:19:34--  http://query/
Resolving query (query)... failed: Name or service not known.
wget: unable to resolve host address ‘query’
--2019-06-20 20:19:34--  ftp://xml/
           => ‘.listing’
Resolving xml (xml)... failed: Name or service not known.
wget: unable to resolve host address ‘xml’
--2019-06-20 20:19:34--  http://pc_fetch_aid1308581_activities_0.cgi/
Resolving pc_fetch_aid1308581_activities_0.cgi (pc_fetch_aid1308581_activities_0.cgi)... failed: Name or service not known.
wget: unable to resolve host address ‘pc_fetch_aid1308581_activities_0.cgi’
FINISHED --2019-06-20 20:19:35--
Total wall clock time: 1.2s
Downloaded: 1 files, 72 in 0.001s (82.3 KB/s)
