--2019-06-20 23:38:10--  ftp://ftp-private.ncbi.nlm.nih.gov/pubchem/.fetch/93/4297410890823830430.txt.gz
           => ‘4297410890823830430.txt.gz’
Resolving ftp-private.ncbi.nlm.nih.gov (ftp-private.ncbi.nlm.nih.gov)... 130.14.29.30
Connecting to ftp-private.ncbi.nlm.nih.gov (ftp-private.ncbi.nlm.nih.gov)|130.14.29.30|:21... connected.
Logging in as anonymous ... Logged in!
==> SYST ... done.    ==> PWD ... done.
==> TYPE I ... done.  ==> CWD (1) /pubchem/.fetch/93 ... done.
==> SIZE 4297410890823830430.txt.gz ... 105
==> PASV ... done.    ==> RETR 4297410890823830430.txt.gz ... done.
Length: 105 (unauthoritative)

     0K                                                       100%  107K=0.001s

2019-06-20 23:38:11 (107 KB/s) - ‘4297410890823830430.txt.gz’ saved [105]

--2019-06-20 23:38:11--  http://query/
Resolving query (query)... failed: Name or service not known.
wget: unable to resolve host address ‘query’
--2019-06-20 23:38:11--  ftp://xml/
           => ‘.listing’
Resolving xml (xml)... failed: Name or service not known.
wget: unable to resolve host address ‘xml’
--2019-06-20 23:38:11--  http://pc_fetch_aid701763_activities_0.cgi/
Resolving pc_fetch_aid701763_activities_0.cgi (pc_fetch_aid701763_activities_0.cgi)... failed: Name or service not known.
wget: unable to resolve host address ‘pc_fetch_aid701763_activities_0.cgi’
FINISHED --2019-06-20 23:38:11--
Total wall clock time: 0.5s
Downloaded: 1 files, 105 in 0.001s (107 KB/s)
