--2019-06-20 17:31:12--  ftp://ftp-private.ncbi.nlm.nih.gov/pubchem/.fetch/92/700703473244761088.txt.gz
           => ‘700703473244761088.txt.gz’
Resolving ftp-private.ncbi.nlm.nih.gov (ftp-private.ncbi.nlm.nih.gov)... 130.14.29.30
Connecting to ftp-private.ncbi.nlm.nih.gov (ftp-private.ncbi.nlm.nih.gov)|130.14.29.30|:21... connected.
Logging in as anonymous ... Logged in!
==> SYST ... done.    ==> PWD ... done.
==> TYPE I ... done.  ==> CWD (1) /pubchem/.fetch/92 ... done.
==> SIZE 700703473244761088.txt.gz ... 96
==> PASV ... done.    ==> RETR 700703473244761088.txt.gz ... done.
Length: 96 (unauthoritative)

     0K                                                       100%  108K=0.001s

2019-06-20 17:31:12 (108 KB/s) - ‘700703473244761088.txt.gz’ saved [96]

--2019-06-20 17:31:12--  http://query/
Resolving query (query)... failed: Name or service not known.
wget: unable to resolve host address ‘query’
--2019-06-20 17:31:12--  ftp://xml/
           => ‘.listing’
Resolving xml (xml)... failed: Name or service not known.
wget: unable to resolve host address ‘xml’
--2019-06-20 17:31:12--  http://pc_fetch_aid1103765_activities_0.cgi/
Resolving pc_fetch_aid1103765_activities_0.cgi (pc_fetch_aid1103765_activities_0.cgi)... failed: Name or service not known.
wget: unable to resolve host address ‘pc_fetch_aid1103765_activities_0.cgi’
FINISHED --2019-06-20 17:31:12--
Total wall clock time: 0.4s
Downloaded: 1 files, 96 in 0.001s (108 KB/s)
