--2019-06-20 19:31:13--  ftp://ftp-private.ncbi.nlm.nih.gov/pubchem/.fetch/50/3897559639773670813.txt.gz
           => ‘3897559639773670813.txt.gz’
Resolving ftp-private.ncbi.nlm.nih.gov (ftp-private.ncbi.nlm.nih.gov)... 130.14.29.35
Connecting to ftp-private.ncbi.nlm.nih.gov (ftp-private.ncbi.nlm.nih.gov)|130.14.29.35|:21... connected.
Logging in as anonymous ... Logged in!
==> SYST ... done.    ==> PWD ... done.
==> TYPE I ... done.  ==> CWD (1) /pubchem/.fetch/50 ... done.
==> SIZE 3897559639773670813.txt.gz ... 530
==> PASV ... done.    ==> RETR 3897559639773670813.txt.gz ... done.
Length: 530 (unauthoritative)

     0K                                                       100%  198K=0.003s

2019-06-20 19:31:13 (198 KB/s) - ‘3897559639773670813.txt.gz’ saved [530]

--2019-06-20 19:31:13--  http://query/
Resolving query (query)... failed: Name or service not known.
wget: unable to resolve host address ‘query’
--2019-06-20 19:31:13--  ftp://xml/
           => ‘.listing’
Resolving xml (xml)... failed: Name or service not known.
wget: unable to resolve host address ‘xml’
--2019-06-20 19:31:13--  http://pc_fetch_aid1273894_activities_0.cgi/
Resolving pc_fetch_aid1273894_activities_0.cgi (pc_fetch_aid1273894_activities_0.cgi)... failed: Name or service not known.
wget: unable to resolve host address ‘pc_fetch_aid1273894_activities_0.cgi’
FINISHED --2019-06-20 19:31:13--
Total wall clock time: 0.4s
Downloaded: 1 files, 530 in 0.003s (198 KB/s)
