--2019-06-21 00:45:20--  ftp://ftp-private.ncbi.nlm.nih.gov/pubchem/.fetch/24/640285645031114017.txt.gz
           => ‘640285645031114017.txt.gz’
Resolving ftp-private.ncbi.nlm.nih.gov (ftp-private.ncbi.nlm.nih.gov)... 130.14.29.35
Connecting to ftp-private.ncbi.nlm.nih.gov (ftp-private.ncbi.nlm.nih.gov)|130.14.29.35|:21... connected.
Logging in as anonymous ... Logged in!
==> SYST ... done.    ==> PWD ... done.
==> TYPE I ... done.  ==> CWD (1) /pubchem/.fetch/24 ... done.
==> SIZE 640285645031114017.txt.gz ... 125
==> PASV ... done.    ==> RETR 640285645031114017.txt.gz ... done.
Length: 125 (unauthoritative)

     0K                                                       100%  132K=0.001s

2019-06-21 00:45:20 (132 KB/s) - ‘640285645031114017.txt.gz’ saved [125]

--2019-06-21 00:45:20--  http://query/
Resolving query (query)... failed: Name or service not known.
wget: unable to resolve host address ‘query’
--2019-06-21 00:45:20--  ftp://xml/
           => ‘.listing’
Resolving xml (xml)... failed: Name or service not known.
wget: unable to resolve host address ‘xml’
--2019-06-21 00:45:20--  http://pc_fetch_aid775889_activities_0.cgi/
Resolving pc_fetch_aid775889_activities_0.cgi (pc_fetch_aid775889_activities_0.cgi)... failed: Name or service not known.
wget: unable to resolve host address ‘pc_fetch_aid775889_activities_0.cgi’
FINISHED --2019-06-21 00:45:20--
Total wall clock time: 0.4s
Downloaded: 1 files, 125 in 0.001s (132 KB/s)
