--2019-06-20 23:31:41--  ftp://ftp-private.ncbi.nlm.nih.gov/pubchem/.fetch/49/646691498211450560.txt.gz
           => ‘646691498211450560.txt.gz’
Resolving ftp-private.ncbi.nlm.nih.gov (ftp-private.ncbi.nlm.nih.gov)... 130.14.29.35
Connecting to ftp-private.ncbi.nlm.nih.gov (ftp-private.ncbi.nlm.nih.gov)|130.14.29.35|:21... connected.
Logging in as anonymous ... Logged in!
==> SYST ... done.    ==> PWD ... done.
==> TYPE I ... done.  ==> CWD (1) /pubchem/.fetch/49 ... done.
==> SIZE 646691498211450560.txt.gz ... 80
==> PASV ... done.    ==> RETR 646691498211450560.txt.gz ... done.
Length: 80 (unauthoritative)

     0K                                                       100%  100K=0.001s

2019-06-20 23:31:42 (100 KB/s) - ‘646691498211450560.txt.gz’ saved [80]

--2019-06-20 23:31:42--  http://query/
Resolving query (query)... failed: Name or service not known.
wget: unable to resolve host address ‘query’
--2019-06-20 23:31:42--  ftp://xml/
           => ‘.listing’
Resolving xml (xml)... failed: Name or service not known.
wget: unable to resolve host address ‘xml’
--2019-06-20 23:31:42--  http://pc_fetch_aid690570_activities_0.cgi/
Resolving pc_fetch_aid690570_activities_0.cgi (pc_fetch_aid690570_activities_0.cgi)... failed: Name or service not known.
wget: unable to resolve host address ‘pc_fetch_aid690570_activities_0.cgi’
FINISHED --2019-06-20 23:31:42--
Total wall clock time: 0.5s
Downloaded: 1 files, 80 in 0.001s (100 KB/s)
