--2019-06-20 18:23:11--  ftp://ftp-private.ncbi.nlm.nih.gov/pubchem/.fetch/14/3375191305324443396.txt.gz
           => ‘3375191305324443396.txt.gz’
Resolving ftp-private.ncbi.nlm.nih.gov (ftp-private.ncbi.nlm.nih.gov)... 130.14.29.30
Connecting to ftp-private.ncbi.nlm.nih.gov (ftp-private.ncbi.nlm.nih.gov)|130.14.29.30|:21... connected.
Logging in as anonymous ... Logged in!
==> SYST ... done.    ==> PWD ... done.
==> TYPE I ... done.  ==> CWD (1) /pubchem/.fetch/14 ... done.
==> SIZE 3375191305324443396.txt.gz ... 97
==> PASV ... done.    ==> RETR 3375191305324443396.txt.gz ... done.
Length: 97 (unauthoritative)

     0K                                                       100% 1.94K=0.05s

2019-06-20 18:23:12 (1.94 KB/s) - ‘3375191305324443396.txt.gz’ saved [97]

--2019-06-20 18:23:12--  http://query/
Resolving query (query)... failed: Name or service not known.
wget: unable to resolve host address ‘query’
--2019-06-20 18:23:12--  ftp://xml/
           => ‘.listing’
Resolving xml (xml)... failed: Name or service not known.
wget: unable to resolve host address ‘xml’
--2019-06-20 18:23:12--  http://pc_fetch_aid1174437_activities_0.cgi/
Resolving pc_fetch_aid1174437_activities_0.cgi (pc_fetch_aid1174437_activities_0.cgi)... failed: Name or service not known.
wget: unable to resolve host address ‘pc_fetch_aid1174437_activities_0.cgi’
FINISHED --2019-06-20 18:23:12--
Total wall clock time: 0.6s
Downloaded: 1 files, 97 in 0.05s (1.94 KB/s)
