--2019-06-20 21:03:01--  ftp://ftp-private.ncbi.nlm.nih.gov/pubchem/.fetch/25/4027556457644093012.txt.gz
           => ‘4027556457644093012.txt.gz’
Resolving ftp-private.ncbi.nlm.nih.gov (ftp-private.ncbi.nlm.nih.gov)... 130.14.29.30
Connecting to ftp-private.ncbi.nlm.nih.gov (ftp-private.ncbi.nlm.nih.gov)|130.14.29.30|:21... connected.
Logging in as anonymous ... Logged in!
==> SYST ... done.    ==> PWD ... done.
==> TYPE I ... done.  ==> CWD (1) /pubchem/.fetch/25 ... done.
==> SIZE 4027556457644093012.txt.gz ... 77
==> PASV ... done.    ==> RETR 4027556457644093012.txt.gz ... done.
Length: 77 (unauthoritative)

     0K                                                       100% 82.3K=0.001s

2019-06-20 21:03:02 (82.3 KB/s) - ‘4027556457644093012.txt.gz’ saved [77]

--2019-06-20 21:03:02--  http://query/
Resolving query (query)... failed: Name or service not known.
wget: unable to resolve host address ‘query’
--2019-06-20 21:03:02--  ftp://xml/
           => ‘.listing’
Resolving xml (xml)... failed: Name or service not known.
wget: unable to resolve host address ‘xml’
--2019-06-20 21:03:02--  http://pc_fetch_aid1335872_activities_0.cgi/
Resolving pc_fetch_aid1335872_activities_0.cgi (pc_fetch_aid1335872_activities_0.cgi)... failed: Name or service not known.
wget: unable to resolve host address ‘pc_fetch_aid1335872_activities_0.cgi’
FINISHED --2019-06-20 21:03:02--
Total wall clock time: 0.6s
Downloaded: 1 files, 77 in 0.001s (82.3 KB/s)
