--2019-06-20 23:23:43--  ftp://ftp-private.ncbi.nlm.nih.gov/pubchem/.fetch/54/182248944529565562.txt.gz
           => ‘182248944529565562.txt.gz’
Resolving ftp-private.ncbi.nlm.nih.gov (ftp-private.ncbi.nlm.nih.gov)... 130.14.29.35
Connecting to ftp-private.ncbi.nlm.nih.gov (ftp-private.ncbi.nlm.nih.gov)|130.14.29.35|:21... connected.
Logging in as anonymous ... Logged in!
==> SYST ... done.    ==> PWD ... done.
==> TYPE I ... done.  ==> CWD (1) /pubchem/.fetch/54 ... done.
==> SIZE 182248944529565562.txt.gz ... 75
==> PASV ... done.    ==> RETR 182248944529565562.txt.gz ... done.
Length: 75 (unauthoritative)

     0K                                                       100% 95.0K=0.001s

2019-06-20 23:23:43 (95.0 KB/s) - ‘182248944529565562.txt.gz’ saved [75]

--2019-06-20 23:23:43--  http://query/
Resolving query (query)... failed: Name or service not known.
wget: unable to resolve host address ‘query’
--2019-06-20 23:23:43--  ftp://xml/
           => ‘.listing’
Resolving xml (xml)... failed: Name or service not known.
wget: unable to resolve host address ‘xml’
--2019-06-20 23:23:43--  http://pc_fetch_aid647339_activities_0.cgi/
Resolving pc_fetch_aid647339_activities_0.cgi (pc_fetch_aid647339_activities_0.cgi)... failed: Name or service not known.
wget: unable to resolve host address ‘pc_fetch_aid647339_activities_0.cgi’
FINISHED --2019-06-20 23:23:43--
Total wall clock time: 0.6s
Downloaded: 1 files, 75 in 0.001s (95.0 KB/s)
