--2019-06-20 18:17:04--  ftp://ftp-private.ncbi.nlm.nih.gov/pubchem/.fetch/30/2884357183026679150.txt.gz
           => ‘2884357183026679150.txt.gz’
Resolving ftp-private.ncbi.nlm.nih.gov (ftp-private.ncbi.nlm.nih.gov)... 130.14.29.30
Connecting to ftp-private.ncbi.nlm.nih.gov (ftp-private.ncbi.nlm.nih.gov)|130.14.29.30|:21... connected.
Logging in as anonymous ... Logged in!
==> SYST ... done.    ==> PWD ... done.
==> TYPE I ... done.  ==> CWD (1) /pubchem/.fetch/30 ... done.
==> SIZE 2884357183026679150.txt.gz ... 199
==> PASV ... done.    ==> RETR 2884357183026679150.txt.gz ... done.
Length: 199 (unauthoritative)

     0K                                                       100%  160K=0.001s

2019-06-20 18:17:05 (160 KB/s) - ‘2884357183026679150.txt.gz’ saved [199]

--2019-06-20 18:17:05--  http://query/
Resolving query (query)... failed: Name or service not known.
wget: unable to resolve host address ‘query’
--2019-06-20 18:17:05--  ftp://xml/
           => ‘.listing’
Resolving xml (xml)... failed: Name or service not known.
wget: unable to resolve host address ‘xml’
--2019-06-20 18:17:05--  http://pc_fetch_aid1170954_activities_0.cgi/
Resolving pc_fetch_aid1170954_activities_0.cgi (pc_fetch_aid1170954_activities_0.cgi)... failed: Name or service not known.
wget: unable to resolve host address ‘pc_fetch_aid1170954_activities_0.cgi’
FINISHED --2019-06-20 18:17:05--
Total wall clock time: 0.6s
Downloaded: 1 files, 199 in 0.001s (160 KB/s)
