--2019-06-21 00:24:37--  ftp://ftp-private.ncbi.nlm.nih.gov/pubchem/.fetch/95/4524000070319794168.txt.gz
           => ‘4524000070319794168.txt.gz’
Resolving ftp-private.ncbi.nlm.nih.gov (ftp-private.ncbi.nlm.nih.gov)... 130.14.29.30
Connecting to ftp-private.ncbi.nlm.nih.gov (ftp-private.ncbi.nlm.nih.gov)|130.14.29.30|:21... connected.
Logging in as anonymous ... Logged in!
==> SYST ... done.    ==> PWD ... done.
==> TYPE I ... done.  ==> CWD (1) /pubchem/.fetch/95 ... done.
==> SIZE 4524000070319794168.txt.gz ... 89
==> PASV ... done.    ==> RETR 4524000070319794168.txt.gz ... done.
Length: 89 (unauthoritative)

     0K                                                       100%  113K=0.001s

2019-06-21 00:24:38 (113 KB/s) - ‘4524000070319794168.txt.gz’ saved [89]

--2019-06-21 00:24:38--  http://query/
Resolving query (query)... failed: Name or service not known.
wget: unable to resolve host address ‘query’
--2019-06-21 00:24:38--  ftp://xml/
           => ‘.listing’
Resolving xml (xml)... failed: Name or service not known.
wget: unable to resolve host address ‘xml’
--2019-06-21 00:24:38--  http://pc_fetch_aid752574_activities_0.cgi/
Resolving pc_fetch_aid752574_activities_0.cgi (pc_fetch_aid752574_activities_0.cgi)... failed: Name or service not known.
wget: unable to resolve host address ‘pc_fetch_aid752574_activities_0.cgi’
FINISHED --2019-06-21 00:24:38--
Total wall clock time: 0.8s
Downloaded: 1 files, 89 in 0.001s (113 KB/s)
