--2019-06-20 19:54:26--  ftp://ftp-private.ncbi.nlm.nih.gov/pubchem/.fetch/61/3188435016973082998.txt.gz
           => ‘3188435016973082998.txt.gz’
Resolving ftp-private.ncbi.nlm.nih.gov (ftp-private.ncbi.nlm.nih.gov)... 130.14.29.30
Connecting to ftp-private.ncbi.nlm.nih.gov (ftp-private.ncbi.nlm.nih.gov)|130.14.29.30|:21... connected.
Logging in as anonymous ... Logged in!
==> SYST ... done.    ==> PWD ... done.
==> TYPE I ... done.  ==> CWD (1) /pubchem/.fetch/61 ... done.
==> SIZE 3188435016973082998.txt.gz ... 61
==> PASV ... done.    ==> RETR 3188435016973082998.txt.gz ... done.
Length: 61 (unauthoritative)

     0K                                                       100% 73.2K=0.001s

2019-06-20 19:54:26 (73.2 KB/s) - ‘3188435016973082998.txt.gz’ saved [61]

--2019-06-20 19:54:26--  http://query/
Resolving query (query)... failed: Name or service not known.
wget: unable to resolve host address ‘query’
--2019-06-20 19:54:26--  ftp://xml/
           => ‘.listing’
Resolving xml (xml)... failed: Name or service not known.
wget: unable to resolve host address ‘xml’
--2019-06-20 19:54:26--  http://pc_fetch_aid1287178_activities_0.cgi/
Resolving pc_fetch_aid1287178_activities_0.cgi (pc_fetch_aid1287178_activities_0.cgi)... failed: Name or service not known.
wget: unable to resolve host address ‘pc_fetch_aid1287178_activities_0.cgi’
FINISHED --2019-06-20 19:54:27--
Total wall clock time: 1.2s
Downloaded: 1 files, 61 in 0.001s (73.2 KB/s)
