--2019-06-20 21:02:35--  ftp://ftp-private.ncbi.nlm.nih.gov/pubchem/.fetch/92/3806177874279062422.txt.gz
           => ‘3806177874279062422.txt.gz’
Resolving ftp-private.ncbi.nlm.nih.gov (ftp-private.ncbi.nlm.nih.gov)... 130.14.29.35
Connecting to ftp-private.ncbi.nlm.nih.gov (ftp-private.ncbi.nlm.nih.gov)|130.14.29.35|:21... connected.
Logging in as anonymous ... Logged in!
==> SYST ... done.    ==> PWD ... done.
==> TYPE I ... done.  ==> CWD (1) /pubchem/.fetch/92 ... done.
==> SIZE 3806177874279062422.txt.gz ... 77
==> PASV ... done.    ==> RETR 3806177874279062422.txt.gz ... done.
Length: 77 (unauthoritative)

     0K                                                       100% 77.0K=0.001s

2019-06-20 21:02:36 (77.0 KB/s) - ‘3806177874279062422.txt.gz’ saved [77]

--2019-06-20 21:02:36--  http://query/
Resolving query (query)... failed: Name or service not known.
wget: unable to resolve host address ‘query’
--2019-06-20 21:02:36--  ftp://xml/
           => ‘.listing’
Resolving xml (xml)... failed: Name or service not known.
wget: unable to resolve host address ‘xml’
--2019-06-20 21:02:36--  http://pc_fetch_aid1335868_activities_0.cgi/
Resolving pc_fetch_aid1335868_activities_0.cgi (pc_fetch_aid1335868_activities_0.cgi)... failed: Name or service not known.
wget: unable to resolve host address ‘pc_fetch_aid1335868_activities_0.cgi’
FINISHED --2019-06-20 21:02:36--
Total wall clock time: 0.6s
Downloaded: 1 files, 77 in 0.001s (77.0 KB/s)
