--2019-06-20 21:16:57--  ftp://ftp-private.ncbi.nlm.nih.gov/pubchem/.fetch/63/204952500667427216.txt.gz
           => ‘204952500667427216.txt.gz’
Resolving ftp-private.ncbi.nlm.nih.gov (ftp-private.ncbi.nlm.nih.gov)... 130.14.29.35
Connecting to ftp-private.ncbi.nlm.nih.gov (ftp-private.ncbi.nlm.nih.gov)|130.14.29.35|:21... connected.
Logging in as anonymous ... Logged in!
==> SYST ... done.    ==> PWD ... done.
==> TYPE I ... done.  ==> CWD (1) /pubchem/.fetch/63 ... done.
==> SIZE 204952500667427216.txt.gz ... 71
==> PASV ... done.    ==> RETR 204952500667427216.txt.gz ... done.
Length: 71 (unauthoritative)

     0K                                                       100% 88.2K=0.001s

2019-06-20 21:16:58 (88.2 KB/s) - ‘204952500667427216.txt.gz’ saved [71]

--2019-06-20 21:16:58--  http://query/
Resolving query (query)... failed: Name or service not known.
wget: unable to resolve host address ‘query’
--2019-06-20 21:16:58--  ftp://xml/
           => ‘.listing’
Resolving xml (xml)... failed: Name or service not known.
wget: unable to resolve host address ‘xml’
--2019-06-20 21:16:58--  http://pc_fetch_aid283384_activities_0.cgi/
Resolving pc_fetch_aid283384_activities_0.cgi (pc_fetch_aid283384_activities_0.cgi)... failed: Name or service not known.
wget: unable to resolve host address ‘pc_fetch_aid283384_activities_0.cgi’
FINISHED --2019-06-20 21:16:58--
Total wall clock time: 0.7s
Downloaded: 1 files, 71 in 0.001s (88.2 KB/s)
