--2019-06-20 18:22:33--  ftp://ftp-private.ncbi.nlm.nih.gov/pubchem/.fetch/20/1045487925673865203.txt.gz
           => ‘1045487925673865203.txt.gz’
Resolving ftp-private.ncbi.nlm.nih.gov (ftp-private.ncbi.nlm.nih.gov)... 130.14.29.30
Connecting to ftp-private.ncbi.nlm.nih.gov (ftp-private.ncbi.nlm.nih.gov)|130.14.29.30|:21... connected.
Logging in as anonymous ... Logged in!
==> SYST ... done.    ==> PWD ... done.
==> TYPE I ... done.  ==> CWD (1) /pubchem/.fetch/20 ... done.
==> SIZE 1045487925673865203.txt.gz ... 97
==> PASV ... done.    ==> RETR 1045487925673865203.txt.gz ... done.
Length: 97 (unauthoritative)

     0K                                                       100% 4.32K=0.02s

2019-06-20 18:22:34 (4.32 KB/s) - ‘1045487925673865203.txt.gz’ saved [97]

--2019-06-20 18:22:34--  http://query/
Resolving query (query)... failed: Name or service not known.
wget: unable to resolve host address ‘query’
--2019-06-20 18:22:34--  ftp://xml/
           => ‘.listing’
Resolving xml (xml)... failed: Name or service not known.
wget: unable to resolve host address ‘xml’
--2019-06-20 18:22:34--  http://pc_fetch_aid1174431_activities_0.cgi/
Resolving pc_fetch_aid1174431_activities_0.cgi (pc_fetch_aid1174431_activities_0.cgi)... failed: Name or service not known.
wget: unable to resolve host address ‘pc_fetch_aid1174431_activities_0.cgi’
FINISHED --2019-06-20 18:22:34--
Total wall clock time: 0.5s
Downloaded: 1 files, 97 in 0.02s (4.32 KB/s)
