--2019-06-20 17:19:38--  ftp://ftp-private.ncbi.nlm.nih.gov/pubchem/.fetch/87/3352744030233780428.txt.gz
           => ‘3352744030233780428.txt.gz’
Resolving ftp-private.ncbi.nlm.nih.gov (ftp-private.ncbi.nlm.nih.gov)... 130.14.29.30
Connecting to ftp-private.ncbi.nlm.nih.gov (ftp-private.ncbi.nlm.nih.gov)|130.14.29.30|:21... connected.
Logging in as anonymous ... Logged in!
==> SYST ... done.    ==> PWD ... done.
==> TYPE I ... done.  ==> CWD (1) /pubchem/.fetch/87 ... done.
==> SIZE 3352744030233780428.txt.gz ... 302
==> PASV ... done.    ==> RETR 3352744030233780428.txt.gz ... done.
Length: 302 (unauthoritative)

     0K                                                       100%  198K=0.001s

2019-06-20 17:19:38 (198 KB/s) - ‘3352744030233780428.txt.gz’ saved [302]

--2019-06-20 17:19:38--  http://query/
Resolving query (query)... failed: Name or service not known.
wget: unable to resolve host address ‘query’
--2019-06-20 17:19:38--  ftp://xml/
           => ‘.listing’
Resolving xml (xml)... failed: Name or service not known.
wget: unable to resolve host address ‘xml’
--2019-06-20 17:19:38--  http://pc_fetch_aid1076721_activities_0.cgi/
Resolving pc_fetch_aid1076721_activities_0.cgi (pc_fetch_aid1076721_activities_0.cgi)... failed: Name or service not known.
wget: unable to resolve host address ‘pc_fetch_aid1076721_activities_0.cgi’
FINISHED --2019-06-20 17:19:38--
Total wall clock time: 0.5s
Downloaded: 1 files, 302 in 0.001s (198 KB/s)
