--2019-06-20 21:26:41--  ftp://ftp-private.ncbi.nlm.nih.gov/pubchem/.fetch/37/1544422558193951224.txt.gz
           => ‘1544422558193951224.txt.gz’
Resolving ftp-private.ncbi.nlm.nih.gov (ftp-private.ncbi.nlm.nih.gov)... 130.14.29.30
Connecting to ftp-private.ncbi.nlm.nih.gov (ftp-private.ncbi.nlm.nih.gov)|130.14.29.30|:21... connected.
Logging in as anonymous ... Logged in!
==> SYST ... done.    ==> PWD ... done.
==> TYPE I ... done.  ==> CWD (1) /pubchem/.fetch/37 ... done.
==> SIZE 1544422558193951224.txt.gz ... 78
==> PASV ... done.    ==> RETR 1544422558193951224.txt.gz ... done.
Length: 78 (unauthoritative)

     0K                                                       100% 85.9K=0.001s

2019-06-20 21:26:42 (85.9 KB/s) - ‘1544422558193951224.txt.gz’ saved [78]

--2019-06-20 21:26:42--  http://query/
Resolving query (query)... failed: Name or service not known.
wget: unable to resolve host address ‘query’
--2019-06-20 21:26:42--  ftp://xml/
           => ‘.listing’
Resolving xml (xml)... failed: Name or service not known.
wget: unable to resolve host address ‘xml’
--2019-06-20 21:26:42--  http://pc_fetch_aid321747_activities_0.cgi/
Resolving pc_fetch_aid321747_activities_0.cgi (pc_fetch_aid321747_activities_0.cgi)... failed: Name or service not known.
wget: unable to resolve host address ‘pc_fetch_aid321747_activities_0.cgi’
FINISHED --2019-06-20 21:26:42--
Total wall clock time: 0.4s
Downloaded: 1 files, 78 in 0.001s (85.9 KB/s)
