--2019-06-20 22:09:09--  ftp://ftp-private.ncbi.nlm.nih.gov/pubchem/.fetch/1/2738737286124514720.txt.gz
           => ‘2738737286124514720.txt.gz’
Resolving ftp-private.ncbi.nlm.nih.gov (ftp-private.ncbi.nlm.nih.gov)... 130.14.29.30
Connecting to ftp-private.ncbi.nlm.nih.gov (ftp-private.ncbi.nlm.nih.gov)|130.14.29.30|:21... connected.
Logging in as anonymous ... Logged in!
==> SYST ... done.    ==> PWD ... done.
==> TYPE I ... done.  ==> CWD (1) /pubchem/.fetch/1 ... done.
==> SIZE 2738737286124514720.txt.gz ... 79
==> PASV ... done.    ==> RETR 2738737286124514720.txt.gz ... done.
Length: 79 (unauthoritative)

     0K                                                       100% 86.0K=0.001s

2019-06-20 22:09:09 (86.0 KB/s) - ‘2738737286124514720.txt.gz’ saved [79]

--2019-06-20 22:09:09--  http://query/
Resolving query (query)... failed: Name or service not known.
wget: unable to resolve host address ‘query’
--2019-06-20 22:09:09--  ftp://xml/
           => ‘.listing’
Resolving xml (xml)... failed: Name or service not known.
wget: unable to resolve host address ‘xml’
--2019-06-20 22:09:09--  http://pc_fetch_aid468802_activities_0.cgi/
Resolving pc_fetch_aid468802_activities_0.cgi (pc_fetch_aid468802_activities_0.cgi)... failed: Name or service not known.
wget: unable to resolve host address ‘pc_fetch_aid468802_activities_0.cgi’
FINISHED --2019-06-20 22:09:09--
Total wall clock time: 0.6s
Downloaded: 1 files, 79 in 0.001s (86.0 KB/s)
