--2019-06-20 23:20:02--  ftp://ftp-private.ncbi.nlm.nih.gov/pubchem/.fetch/37/3496492126378332978.txt.gz
           => ‘3496492126378332978.txt.gz’
Resolving ftp-private.ncbi.nlm.nih.gov (ftp-private.ncbi.nlm.nih.gov)... 130.14.29.35
Connecting to ftp-private.ncbi.nlm.nih.gov (ftp-private.ncbi.nlm.nih.gov)|130.14.29.35|:21... connected.
Logging in as anonymous ... Logged in!
==> SYST ... done.    ==> PWD ... done.
==> TYPE I ... done.  ==> CWD (1) /pubchem/.fetch/37 ... done.
==> SIZE 3496492126378332978.txt.gz ... 70
==> PASV ... done.    ==> RETR 3496492126378332978.txt.gz ... done.
Length: 70 (unauthoritative)

     0K                                                       100% 92.0K=0.001s

2019-06-20 23:20:02 (92.0 KB/s) - ‘3496492126378332978.txt.gz’ saved [70]

--2019-06-20 23:20:02--  http://query/
Resolving query (query)... failed: Name or service not known.
wget: unable to resolve host address ‘query’
--2019-06-20 23:20:02--  ftp://xml/
           => ‘.listing’
Resolving xml (xml)... failed: Name or service not known.
wget: unable to resolve host address ‘xml’
--2019-06-20 23:20:02--  http://pc_fetch_aid645984_activities_0.cgi/
Resolving pc_fetch_aid645984_activities_0.cgi (pc_fetch_aid645984_activities_0.cgi)... failed: Name or service not known.
wget: unable to resolve host address ‘pc_fetch_aid645984_activities_0.cgi’
FINISHED --2019-06-20 23:20:02--
Total wall clock time: 0.4s
Downloaded: 1 files, 70 in 0.001s (92.0 KB/s)
