--2019-06-20 19:12:13--  ftp://ftp-private.ncbi.nlm.nih.gov/pubchem/.fetch/39/4224616668633688311.txt.gz
           => ‘4224616668633688311.txt.gz’
Resolving ftp-private.ncbi.nlm.nih.gov (ftp-private.ncbi.nlm.nih.gov)... 130.14.29.30
Connecting to ftp-private.ncbi.nlm.nih.gov (ftp-private.ncbi.nlm.nih.gov)|130.14.29.30|:21... connected.
Logging in as anonymous ... Logged in!
==> SYST ... done.    ==> PWD ... done.
==> TYPE I ... done.  ==> CWD (1) /pubchem/.fetch/39 ... done.
==> SIZE 4224616668633688311.txt.gz ... 99
==> PASV ... done.    ==> RETR 4224616668633688311.txt.gz ... done.
Length: 99 (unauthoritative)

     0K                                                       100%  116K=0.001s

2019-06-20 19:12:14 (116 KB/s) - ‘4224616668633688311.txt.gz’ saved [99]

--2019-06-20 19:12:14--  http://query/
Resolving query (query)... failed: Name or service not known.
wget: unable to resolve host address ‘query’
--2019-06-20 19:12:14--  ftp://xml/
           => ‘.listing’
Resolving xml (xml)... failed: Name or service not known.
wget: unable to resolve host address ‘xml’
--2019-06-20 19:12:14--  http://pc_fetch_aid1247283_activities_0.cgi/
Resolving pc_fetch_aid1247283_activities_0.cgi (pc_fetch_aid1247283_activities_0.cgi)... failed: Name or service not known.
wget: unable to resolve host address ‘pc_fetch_aid1247283_activities_0.cgi’
FINISHED --2019-06-20 19:12:14--
Total wall clock time: 0.8s
Downloaded: 1 files, 99 in 0.001s (116 KB/s)
