--2019-06-20 21:45:24--  ftp://ftp-private.ncbi.nlm.nih.gov/pubchem/.fetch/59/3910888770395176008.txt.gz
           => ‘3910888770395176008.txt.gz’
Resolving ftp-private.ncbi.nlm.nih.gov (ftp-private.ncbi.nlm.nih.gov)... 130.14.29.35
Connecting to ftp-private.ncbi.nlm.nih.gov (ftp-private.ncbi.nlm.nih.gov)|130.14.29.35|:21... connected.
Logging in as anonymous ... Logged in!
==> SYST ... done.    ==> PWD ... done.
==> TYPE I ... done.  ==> CWD (1) /pubchem/.fetch/59 ... done.
==> SIZE 3910888770395176008.txt.gz ... 133
==> PASV ... done.    ==> RETR 3910888770395176008.txt.gz ... done.
Length: 133 (unauthoritative)

     0K                                                       100% 64.5K=0.002s

2019-06-20 21:45:25 (64.5 KB/s) - ‘3910888770395176008.txt.gz’ saved [133]

--2019-06-20 21:45:25--  http://query/
Resolving query (query)... failed: Name or service not known.
wget: unable to resolve host address ‘query’
--2019-06-20 21:45:25--  ftp://xml/
           => ‘.listing’
Resolving xml (xml)... failed: Name or service not known.
wget: unable to resolve host address ‘xml’
--2019-06-20 21:45:25--  http://pc_fetch_aid395928_activities_0.cgi/
Resolving pc_fetch_aid395928_activities_0.cgi (pc_fetch_aid395928_activities_0.cgi)... failed: Name or service not known.
wget: unable to resolve host address ‘pc_fetch_aid395928_activities_0.cgi’
FINISHED --2019-06-20 21:45:25--
Total wall clock time: 1.5s
Downloaded: 1 files, 133 in 0.002s (64.5 KB/s)
