--2019-06-20 19:32:34--  ftp://ftp-private.ncbi.nlm.nih.gov/pubchem/.fetch/17/925463474092636572.txt.gz
           => ‘925463474092636572.txt.gz’
Resolving ftp-private.ncbi.nlm.nih.gov (ftp-private.ncbi.nlm.nih.gov)... 130.14.29.30
Connecting to ftp-private.ncbi.nlm.nih.gov (ftp-private.ncbi.nlm.nih.gov)|130.14.29.30|:21... connected.
Logging in as anonymous ... Logged in!
==> SYST ... done.    ==> PWD ... done.
==> TYPE I ... done.  ==> CWD (1) /pubchem/.fetch/17 ... done.
==> SIZE 925463474092636572.txt.gz ... 111
==> PASV ... done.    ==> RETR 925463474092636572.txt.gz ... done.
Length: 111 (unauthoritative)

     0K                                                       100%  123K=0.001s

2019-06-20 19:32:35 (123 KB/s) - ‘925463474092636572.txt.gz’ saved [111]

--2019-06-20 19:32:35--  http://query/
Resolving query (query)... failed: Name or service not known.
wget: unable to resolve host address ‘query’
--2019-06-20 19:32:35--  ftp://xml/
           => ‘.listing’
Resolving xml (xml)... failed: Name or service not known.
wget: unable to resolve host address ‘xml’
--2019-06-20 19:32:35--  http://pc_fetch_aid1273907_activities_0.cgi/
Resolving pc_fetch_aid1273907_activities_0.cgi (pc_fetch_aid1273907_activities_0.cgi)... failed: Name or service not known.
wget: unable to resolve host address ‘pc_fetch_aid1273907_activities_0.cgi’
FINISHED --2019-06-20 19:32:35--
Total wall clock time: 0.4s
Downloaded: 1 files, 111 in 0.001s (123 KB/s)
