--2019-06-20 17:10:32--  ftp://ftp-private.ncbi.nlm.nih.gov/pubchem/.fetch/74/3738103059491760440.txt.gz
           => ‘3738103059491760440.txt.gz’
Resolving ftp-private.ncbi.nlm.nih.gov (ftp-private.ncbi.nlm.nih.gov)... 130.14.29.35
Connecting to ftp-private.ncbi.nlm.nih.gov (ftp-private.ncbi.nlm.nih.gov)|130.14.29.35|:21... connected.
Logging in as anonymous ... Logged in!
==> SYST ... done.    ==> PWD ... done.
==> TYPE I ... done.  ==> CWD (1) /pubchem/.fetch/74 ... done.
==> SIZE 3738103059491760440.txt.gz ... 89
==> PASV ... done.    ==> RETR 3738103059491760440.txt.gz ... done.
Length: 89 (unauthoritative)

     0K                                                       100% 97.0K=0.001s

2019-06-20 17:10:33 (97.0 KB/s) - ‘3738103059491760440.txt.gz’ saved [89]

--2019-06-20 17:10:33--  http://query/
Resolving query (query)... failed: Name or service not known.
wget: unable to resolve host address ‘query’
--2019-06-20 17:10:33--  ftp://xml/
           => ‘.listing’
Resolving xml (xml)... failed: Name or service not known.
wget: unable to resolve host address ‘xml’
--2019-06-20 17:10:33--  http://pc_fetch_aid1063105_activities_0.cgi/
Resolving pc_fetch_aid1063105_activities_0.cgi (pc_fetch_aid1063105_activities_0.cgi)... failed: Name or service not known.
wget: unable to resolve host address ‘pc_fetch_aid1063105_activities_0.cgi’
FINISHED --2019-06-20 17:10:33--
Total wall clock time: 0.4s
Downloaded: 1 files, 89 in 0.001s (97.0 KB/s)
