--2019-06-20 20:04:25--  ftp://ftp-private.ncbi.nlm.nih.gov/pubchem/.fetch/96/144782904145448928.txt.gz
           => ‘144782904145448928.txt.gz’
Resolving ftp-private.ncbi.nlm.nih.gov (ftp-private.ncbi.nlm.nih.gov)... 130.14.29.35
Connecting to ftp-private.ncbi.nlm.nih.gov (ftp-private.ncbi.nlm.nih.gov)|130.14.29.35|:21... connected.
Logging in as anonymous ... Logged in!
==> SYST ... done.    ==> PWD ... done.
==> TYPE I ... done.  ==> CWD (1) /pubchem/.fetch/96 ... done.
==> SIZE 144782904145448928.txt.gz ... 104
==> PASV ... done.    ==> RETR 144782904145448928.txt.gz ... done.
Length: 104 (unauthoritative)

     0K                                                       100%  120K=0.001s

2019-06-20 20:04:26 (120 KB/s) - ‘144782904145448928.txt.gz’ saved [104]

--2019-06-20 20:04:26--  http://query/
Resolving query (query)... failed: Name or service not known.
wget: unable to resolve host address ‘query’
--2019-06-20 20:04:26--  ftp://xml/
           => ‘.listing’
Resolving xml (xml)... failed: Name or service not known.
wget: unable to resolve host address ‘xml’
--2019-06-20 20:04:26--  http://pc_fetch_aid1300967_activities_0.cgi/
Resolving pc_fetch_aid1300967_activities_0.cgi (pc_fetch_aid1300967_activities_0.cgi)... failed: Name or service not known.
wget: unable to resolve host address ‘pc_fetch_aid1300967_activities_0.cgi’
FINISHED --2019-06-20 20:04:26--
Total wall clock time: 0.9s
Downloaded: 1 files, 104 in 0.001s (120 KB/s)
