--2019-06-20 20:40:42--  ftp://ftp-private.ncbi.nlm.nih.gov/pubchem/.fetch/6/4377715593360837934.txt.gz
           => ‘4377715593360837934.txt.gz’
Resolving ftp-private.ncbi.nlm.nih.gov (ftp-private.ncbi.nlm.nih.gov)... 130.14.29.35
Connecting to ftp-private.ncbi.nlm.nih.gov (ftp-private.ncbi.nlm.nih.gov)|130.14.29.35|:21... connected.
Logging in as anonymous ... Logged in!
==> SYST ... done.    ==> PWD ... done.
==> TYPE I ... done.  ==> CWD (1) /pubchem/.fetch/6 ... done.
==> SIZE 4377715593360837934.txt.gz ... 440
==> PASV ... done.    ==> RETR 4377715593360837934.txt.gz ... done.
Length: 440 (unauthoritative)

     0K                                                       100%  270K=0.002s

2019-06-20 20:40:42 (270 KB/s) - ‘4377715593360837934.txt.gz’ saved [440]

--2019-06-20 20:40:42--  http://query/
Resolving query (query)... failed: Name or service not known.
wget: unable to resolve host address ‘query’
--2019-06-20 20:40:42--  ftp://xml/
           => ‘.listing’
Resolving xml (xml)... failed: Name or service not known.
wget: unable to resolve host address ‘xml’
--2019-06-20 20:40:42--  http://pc_fetch_aid1322999_activities_0.cgi/
Resolving pc_fetch_aid1322999_activities_0.cgi (pc_fetch_aid1322999_activities_0.cgi)... failed: Name or service not known.
wget: unable to resolve host address ‘pc_fetch_aid1322999_activities_0.cgi’
FINISHED --2019-06-20 20:40:42--
Total wall clock time: 0.5s
Downloaded: 1 files, 440 in 0.002s (270 KB/s)
