--2019-06-20 22:03:39--  ftp://ftp-private.ncbi.nlm.nih.gov/pubchem/.fetch/36/1299821578347240950.txt.gz
           => ‘1299821578347240950.txt.gz’
Resolving ftp-private.ncbi.nlm.nih.gov (ftp-private.ncbi.nlm.nih.gov)... 130.14.29.30
Connecting to ftp-private.ncbi.nlm.nih.gov (ftp-private.ncbi.nlm.nih.gov)|130.14.29.30|:21... connected.
Logging in as anonymous ... Logged in!
==> SYST ... done.    ==> PWD ... done.
==> TYPE I ... done.  ==> CWD (1) /pubchem/.fetch/36 ... done.
==> SIZE 1299821578347240950.txt.gz ... 367
==> PASV ... done.    ==> RETR 1299821578347240950.txt.gz ... done.
Length: 367 (unauthoritative)

     0K                                                       100%  256K=0.001s

2019-06-20 22:03:39 (256 KB/s) - ‘1299821578347240950.txt.gz’ saved [367]

--2019-06-20 22:03:39--  http://query/
Resolving query (query)... failed: Name or service not known.
wget: unable to resolve host address ‘query’
--2019-06-20 22:03:39--  ftp://xml/
           => ‘.listing’
Resolving xml (xml)... failed: Name or service not known.
wget: unable to resolve host address ‘xml’
--2019-06-20 22:03:39--  http://pc_fetch_aid465211_activities_0.cgi/
Resolving pc_fetch_aid465211_activities_0.cgi (pc_fetch_aid465211_activities_0.cgi)... failed: Name or service not known.
wget: unable to resolve host address ‘pc_fetch_aid465211_activities_0.cgi’
FINISHED --2019-06-20 22:03:39--
Total wall clock time: 0.5s
Downloaded: 1 files, 367 in 0.001s (256 KB/s)
