--2019-06-20 19:18:07--  ftp://ftp-private.ncbi.nlm.nih.gov/pubchem/.fetch/83/1085859479108080915.txt.gz
           => ‘1085859479108080915.txt.gz’
Resolving ftp-private.ncbi.nlm.nih.gov (ftp-private.ncbi.nlm.nih.gov)... 130.14.29.35
Connecting to ftp-private.ncbi.nlm.nih.gov (ftp-private.ncbi.nlm.nih.gov)|130.14.29.35|:21... connected.
Logging in as anonymous ... Logged in!
==> SYST ... done.    ==> PWD ... done.
==> TYPE I ... done.  ==> CWD (1) /pubchem/.fetch/83 ... done.
==> SIZE 1085859479108080915.txt.gz ... 73
==> PASV ... done.    ==> RETR 1085859479108080915.txt.gz ... done.
Length: 73 (unauthoritative)

     0K                                                       100% 83.7K=0.001s

2019-06-20 19:18:08 (83.7 KB/s) - ‘1085859479108080915.txt.gz’ saved [73]

--2019-06-20 19:18:08--  http://query/
Resolving query (query)... failed: Name or service not known.
wget: unable to resolve host address ‘query’
--2019-06-20 19:18:08--  ftp://xml/
           => ‘.listing’
Resolving xml (xml)... failed: Name or service not known.
wget: unable to resolve host address ‘xml’
--2019-06-20 19:18:08--  http://pc_fetch_aid1261131_activities_0.cgi/
Resolving pc_fetch_aid1261131_activities_0.cgi (pc_fetch_aid1261131_activities_0.cgi)... failed: Name or service not known.
wget: unable to resolve host address ‘pc_fetch_aid1261131_activities_0.cgi’
FINISHED --2019-06-20 19:18:08--
Total wall clock time: 0.4s
Downloaded: 1 files, 73 in 0.001s (83.7 KB/s)
