--2019-06-20 17:36:00--  ftp://ftp-private.ncbi.nlm.nih.gov/pubchem/.fetch/56/3025459045490650898.txt.gz
           => ‘3025459045490650898.txt.gz’
Resolving ftp-private.ncbi.nlm.nih.gov (ftp-private.ncbi.nlm.nih.gov)... 130.14.29.35
Connecting to ftp-private.ncbi.nlm.nih.gov (ftp-private.ncbi.nlm.nih.gov)|130.14.29.35|:21... connected.
Logging in as anonymous ... Logged in!
==> SYST ... done.    ==> PWD ... done.
==> TYPE I ... done.  ==> CWD (1) /pubchem/.fetch/56 ... done.
==> SIZE 3025459045490650898.txt.gz ... 41
==> PASV ... done.    ==> RETR 3025459045490650898.txt.gz ... done.
Length: 41 (unauthoritative)

     0K                                                       100% 57.6K=0.001s

2019-06-20 17:36:01 (57.6 KB/s) - ‘3025459045490650898.txt.gz’ saved [41]

--2019-06-20 17:36:01--  http://query/
Resolving query (query)... failed: Name or service not known.
wget: unable to resolve host address ‘query’
--2019-06-20 17:36:01--  ftp://xml/
           => ‘.listing’
Resolving xml (xml)... failed: Name or service not known.
wget: unable to resolve host address ‘xml’
--2019-06-20 17:36:01--  http://pc_fetch_aid1129865_activities_0.cgi/
Resolving pc_fetch_aid1129865_activities_0.cgi (pc_fetch_aid1129865_activities_0.cgi)... failed: Name or service not known.
wget: unable to resolve host address ‘pc_fetch_aid1129865_activities_0.cgi’
FINISHED --2019-06-20 17:36:01--
Total wall clock time: 0.8s
Downloaded: 1 files, 41 in 0.001s (57.6 KB/s)
