--2019-06-20 18:34:44--  ftp://ftp-private.ncbi.nlm.nih.gov/pubchem/.fetch/83/4091686505262429087.txt.gz
           => ‘4091686505262429087.txt.gz’
Resolving ftp-private.ncbi.nlm.nih.gov (ftp-private.ncbi.nlm.nih.gov)... 130.14.29.35
Connecting to ftp-private.ncbi.nlm.nih.gov (ftp-private.ncbi.nlm.nih.gov)|130.14.29.35|:21... connected.
Logging in as anonymous ... Logged in!
==> SYST ... done.    ==> PWD ... done.
==> TYPE I ... done.  ==> CWD (1) /pubchem/.fetch/83 ... done.
==> SIZE 4091686505262429087.txt.gz ... 83
==> PASV ... done.    ==> RETR 4091686505262429087.txt.gz ... done.
Length: 83 (unauthoritative)

     0K                                                       100% 96.3K=0.001s

2019-06-20 18:34:45 (96.3 KB/s) - ‘4091686505262429087.txt.gz’ saved [83]

--2019-06-20 18:34:45--  http://query/
Resolving query (query)... failed: Name or service not known.
wget: unable to resolve host address ‘query’
--2019-06-20 18:34:45--  ftp://xml/
           => ‘.listing’
Resolving xml (xml)... failed: Name or service not known.
wget: unable to resolve host address ‘xml’
--2019-06-20 18:34:45--  http://pc_fetch_aid1185496_activities_0.cgi/
Resolving pc_fetch_aid1185496_activities_0.cgi (pc_fetch_aid1185496_activities_0.cgi)... failed: Name or service not known.
wget: unable to resolve host address ‘pc_fetch_aid1185496_activities_0.cgi’
FINISHED --2019-06-20 18:34:45--
Total wall clock time: 0.4s
Downloaded: 1 files, 83 in 0.001s (96.3 KB/s)
