--2019-06-20 17:03:41--  ftp://ftp-private.ncbi.nlm.nih.gov/pubchem/.fetch/1/4223825127990120822.txt.gz
           => ‘4223825127990120822.txt.gz’
Resolving ftp-private.ncbi.nlm.nih.gov (ftp-private.ncbi.nlm.nih.gov)... 130.14.29.30
Connecting to ftp-private.ncbi.nlm.nih.gov (ftp-private.ncbi.nlm.nih.gov)|130.14.29.30|:21... connected.
Logging in as anonymous ... Logged in!
==> SYST ... done.    ==> PWD ... done.
==> TYPE I ... done.  ==> CWD (1) /pubchem/.fetch/1 ... done.
==> SIZE 4223825127990120822.txt.gz ... 73
==> PASV ... done.    ==> RETR 4223825127990120822.txt.gz ... done.
Length: 73 (unauthoritative)

     0K                                                       100% 82.4K=0.001s

2019-06-20 17:03:41 (82.4 KB/s) - ‘4223825127990120822.txt.gz’ saved [73]

--2019-06-20 17:03:41--  http://query/
Resolving query (query)... failed: Name or service not known.
wget: unable to resolve host address ‘query’
--2019-06-20 17:03:41--  ftp://xml/
           => ‘.listing’
Resolving xml (xml)... failed: Name or service not known.
wget: unable to resolve host address ‘xml’
--2019-06-20 17:03:41--  http://pc_fetch_aid1055310_activities_0.cgi/
Resolving pc_fetch_aid1055310_activities_0.cgi (pc_fetch_aid1055310_activities_0.cgi)... failed: Name or service not known.
wget: unable to resolve host address ‘pc_fetch_aid1055310_activities_0.cgi’
FINISHED --2019-06-20 17:03:42--
Total wall clock time: 1.2s
Downloaded: 1 files, 73 in 0.001s (82.4 KB/s)
