--2019-06-21 16:55:43--  ftp://ftp-private.ncbi.nlm.nih.gov/pubchem/.fetch/36/4557256700231953017.txt.gz
           => '4557256700231953017.txt.gz'
Resolving ftp-private.ncbi.nlm.nih.gov (ftp-private.ncbi.nlm.nih.gov)... 130.14.29.35
Connecting to ftp-private.ncbi.nlm.nih.gov (ftp-private.ncbi.nlm.nih.gov)|130.14.29.35|:21... connected.
Logging in as anonymous ... Logged in!
==> SYST ... done.    ==> PWD ... done.
==> TYPE I ... done.  ==> CWD (1) /pubchem/.fetch/36 ... done.
==> SIZE 4557256700231953017.txt.gz ... 97
==> PASV ... done.    ==> RETR 4557256700231953017.txt.gz ... done.
Length: 97 (unauthoritative)

     0K                                                       100%  113K=0.001s

2019-06-21 16:55:44 (113 KB/s) - '4557256700231953017.txt.gz' saved [97]

--2019-06-21 16:55:44--  http://query/
Resolving query (query)... failed: Name or service not known.
wget: unable to resolve host address 'query'
--2019-06-21 16:55:44--  ftp://xml/
           => '.listing'
Resolving xml (xml)... failed: Name or service not known.
wget: unable to resolve host address 'xml'
--2019-06-21 16:55:44--  http://pc_fetch_aid1057225_activities_0.cgi/
Resolving pc_fetch_aid1057225_activities_0.cgi (pc_fetch_aid1057225_activities_0.cgi)... failed: Name or service not known.
wget: unable to resolve host address 'pc_fetch_aid1057225_activities_0.cgi'
FINISHED --2019-06-21 16:55:44--
Total wall clock time: 0.4s
Downloaded: 1 files, 97 in 0.001s (113 KB/s)
