--2019-06-20 17:21:19--  ftp://ftp-private.ncbi.nlm.nih.gov/pubchem/.fetch/55/243601564293235601.txt.gz
           => ‘243601564293235601.txt.gz’
Resolving ftp-private.ncbi.nlm.nih.gov (ftp-private.ncbi.nlm.nih.gov)... 130.14.29.30
Connecting to ftp-private.ncbi.nlm.nih.gov (ftp-private.ncbi.nlm.nih.gov)|130.14.29.30|:21... connected.
Logging in as anonymous ... Logged in!
==> SYST ... done.    ==> PWD ... done.
==> TYPE I ... done.  ==> CWD (1) /pubchem/.fetch/55 ... done.
==> SIZE 243601564293235601.txt.gz ... 64
==> PASV ... done.    ==> RETR 243601564293235601.txt.gz ... done.
Length: 64 (unauthoritative)

     0K                                                       100% 72.1K=0.001s

2019-06-20 17:21:20 (72.1 KB/s) - ‘243601564293235601.txt.gz’ saved [64]

--2019-06-20 17:21:20--  http://query/
Resolving query (query)... failed: Name or service not known.
wget: unable to resolve host address ‘query’
--2019-06-20 17:21:20--  ftp://xml/
           => ‘.listing’
Resolving xml (xml)... failed: Name or service not known.
wget: unable to resolve host address ‘xml’
--2019-06-20 17:21:20--  http://pc_fetch_aid1090436_activities_0.cgi/
Resolving pc_fetch_aid1090436_activities_0.cgi (pc_fetch_aid1090436_activities_0.cgi)... failed: Name or service not known.
wget: unable to resolve host address ‘pc_fetch_aid1090436_activities_0.cgi’
FINISHED --2019-06-20 17:21:20--
Total wall clock time: 0.4s
Downloaded: 1 files, 64 in 0.001s (72.1 KB/s)
