--2019-06-20 21:15:47--  ftp://ftp-private.ncbi.nlm.nih.gov/pubchem/.fetch/40/520760172106046595.txt.gz
           => ‘520760172106046595.txt.gz’
Resolving ftp-private.ncbi.nlm.nih.gov (ftp-private.ncbi.nlm.nih.gov)... 130.14.29.30
Connecting to ftp-private.ncbi.nlm.nih.gov (ftp-private.ncbi.nlm.nih.gov)|130.14.29.30|:21... connected.
Logging in as anonymous ... Logged in!
==> SYST ... done.    ==> PWD ... done.
==> TYPE I ... done.  ==> CWD (1) /pubchem/.fetch/40 ... done.
==> SIZE 520760172106046595.txt.gz ... 242
==> PASV ... done.    ==> RETR 520760172106046595.txt.gz ... done.
Length: 242 (unauthoritative)

     0K                                                       100%  186K=0.001s

2019-06-20 21:15:47 (186 KB/s) - ‘520760172106046595.txt.gz’ saved [242]

--2019-06-20 21:15:47--  http://query/
Resolving query (query)... failed: Name or service not known.
wget: unable to resolve host address ‘query’
--2019-06-20 21:15:47--  ftp://xml/
           => ‘.listing’
Resolving xml (xml)... failed: Name or service not known.
wget: unable to resolve host address ‘xml’
--2019-06-20 21:15:47--  http://pc_fetch_aid268850_activities_0.cgi/
Resolving pc_fetch_aid268850_activities_0.cgi (pc_fetch_aid268850_activities_0.cgi)... failed: Name or service not known.
wget: unable to resolve host address ‘pc_fetch_aid268850_activities_0.cgi’
FINISHED --2019-06-20 21:15:47--
Total wall clock time: 0.4s
Downloaded: 1 files, 242 in 0.001s (186 KB/s)
