--2019-06-20 21:31:12--  ftp://ftp-private.ncbi.nlm.nih.gov/pubchem/.fetch/9/4160097989997477210.txt.gz
           => ‘4160097989997477210.txt.gz’
Resolving ftp-private.ncbi.nlm.nih.gov (ftp-private.ncbi.nlm.nih.gov)... 130.14.29.35
Connecting to ftp-private.ncbi.nlm.nih.gov (ftp-private.ncbi.nlm.nih.gov)|130.14.29.35|:21... connected.
Logging in as anonymous ... Logged in!
==> SYST ... done.    ==> PWD ... done.
==> TYPE I ... done.  ==> CWD (1) /pubchem/.fetch/9 ... done.
==> SIZE 4160097989997477210.txt.gz ... 72
==> PASV ... done.    ==> RETR 4160097989997477210.txt.gz ... done.
Length: 72 (unauthoritative)

     0K                                                       100% 86.9K=0.001s

2019-06-20 21:31:13 (86.9 KB/s) - ‘4160097989997477210.txt.gz’ saved [72]

--2019-06-20 21:31:13--  http://query/
Resolving query (query)... failed: Name or service not known.
wget: unable to resolve host address ‘query’
--2019-06-20 21:31:13--  ftp://xml/
           => ‘.listing’
Resolving xml (xml)... failed: Name or service not known.
wget: unable to resolve host address ‘xml’
--2019-06-20 21:31:13--  http://pc_fetch_aid340574_activities_0.cgi/
Resolving pc_fetch_aid340574_activities_0.cgi (pc_fetch_aid340574_activities_0.cgi)... failed: Name or service not known.
wget: unable to resolve host address ‘pc_fetch_aid340574_activities_0.cgi’
FINISHED --2019-06-20 21:31:13--
Total wall clock time: 0.5s
Downloaded: 1 files, 72 in 0.001s (86.9 KB/s)
