--2019-06-20 23:04:57--  ftp://ftp-private.ncbi.nlm.nih.gov/pubchem/.fetch/56/3348606377020144678.txt.gz
           => ‘3348606377020144678.txt.gz’
Resolving ftp-private.ncbi.nlm.nih.gov (ftp-private.ncbi.nlm.nih.gov)... 130.14.29.35
Connecting to ftp-private.ncbi.nlm.nih.gov (ftp-private.ncbi.nlm.nih.gov)|130.14.29.35|:21... connected.
Logging in as anonymous ... Logged in!
==> SYST ... done.    ==> PWD ... done.
==> TYPE I ... done.  ==> CWD (1) /pubchem/.fetch/56 ... done.
==> SIZE 3348606377020144678.txt.gz ... 119
==> PASV ... done.    ==> RETR 3348606377020144678.txt.gz ... done.
Length: 119 (unauthoritative)

     0K                                                       100%  120K=0.001s

2019-06-20 23:04:58 (120 KB/s) - ‘3348606377020144678.txt.gz’ saved [119]

--2019-06-20 23:04:58--  http://query/
Resolving query (query)... failed: Name or service not known.
wget: unable to resolve host address ‘query’
--2019-06-20 23:04:58--  ftp://xml/
           => ‘.listing’
Resolving xml (xml)... failed: Name or service not known.
wget: unable to resolve host address ‘xml’
--2019-06-20 23:04:58--  http://pc_fetch_aid627154_activities_0.cgi/
Resolving pc_fetch_aid627154_activities_0.cgi (pc_fetch_aid627154_activities_0.cgi)... failed: Name or service not known.
wget: unable to resolve host address ‘pc_fetch_aid627154_activities_0.cgi’
FINISHED --2019-06-20 23:04:58--
Total wall clock time: 0.6s
Downloaded: 1 files, 119 in 0.001s (120 KB/s)
