--2019-06-20 22:05:22--  ftp://ftp-private.ncbi.nlm.nih.gov/pubchem/.fetch/26/2171351820883665514.txt.gz
           => ‘2171351820883665514.txt.gz’
Resolving ftp-private.ncbi.nlm.nih.gov (ftp-private.ncbi.nlm.nih.gov)... 130.14.29.30
Connecting to ftp-private.ncbi.nlm.nih.gov (ftp-private.ncbi.nlm.nih.gov)|130.14.29.30|:21... connected.
Logging in as anonymous ... Logged in!
==> SYST ... done.    ==> PWD ... done.
==> TYPE I ... done.  ==> CWD (1) /pubchem/.fetch/26 ... done.
==> SIZE 2171351820883665514.txt.gz ... 79
==> PASV ... done.    ==> RETR 2171351820883665514.txt.gz ... done.
Length: 79 (unauthoritative)

     0K                                                       100% 85.4K=0.001s

2019-06-20 22:05:22 (85.4 KB/s) - ‘2171351820883665514.txt.gz’ saved [79]

--2019-06-20 22:05:22--  http://query/
Resolving query (query)... failed: Name or service not known.
wget: unable to resolve host address ‘query’
--2019-06-20 22:05:22--  ftp://xml/
           => ‘.listing’
Resolving xml (xml)... failed: Name or service not known.
wget: unable to resolve host address ‘xml’
--2019-06-20 22:05:22--  http://pc_fetch_aid468218_activities_0.cgi/
Resolving pc_fetch_aid468218_activities_0.cgi (pc_fetch_aid468218_activities_0.cgi)... failed: Name or service not known.
wget: unable to resolve host address ‘pc_fetch_aid468218_activities_0.cgi’
FINISHED --2019-06-20 22:05:22--
Total wall clock time: 0.4s
Downloaded: 1 files, 79 in 0.001s (85.4 KB/s)
