--2019-06-20 17:58:05--  ftp://ftp-private.ncbi.nlm.nih.gov/pubchem/.fetch/33/4452652584901831778.txt.gz
           => ‘4452652584901831778.txt.gz’
Resolving ftp-private.ncbi.nlm.nih.gov (ftp-private.ncbi.nlm.nih.gov)... 130.14.29.35
Connecting to ftp-private.ncbi.nlm.nih.gov (ftp-private.ncbi.nlm.nih.gov)|130.14.29.35|:21... connected.
Logging in as anonymous ... Logged in!
==> SYST ... done.    ==> PWD ... done.
==> TYPE I ... done.  ==> CWD (1) /pubchem/.fetch/33 ... done.
==> SIZE 4452652584901831778.txt.gz ... 72
==> PASV ... done.    ==> RETR 4452652584901831778.txt.gz ... done.
Length: 72 (unauthoritative)

     0K                                                       100% 89.7K=0.001s

2019-06-20 17:58:06 (89.7 KB/s) - ‘4452652584901831778.txt.gz’ saved [72]

--2019-06-20 17:58:06--  http://query/
Resolving query (query)... failed: Name or service not known.
wget: unable to resolve host address ‘query’
--2019-06-20 17:58:06--  ftp://xml/
           => ‘.listing’
Resolving xml (xml)... failed: Name or service not known.
wget: unable to resolve host address ‘xml’
--2019-06-20 17:58:06--  http://pc_fetch_aid1163460_activities_0.cgi/
Resolving pc_fetch_aid1163460_activities_0.cgi (pc_fetch_aid1163460_activities_0.cgi)... failed: Name or service not known.
wget: unable to resolve host address ‘pc_fetch_aid1163460_activities_0.cgi’
FINISHED --2019-06-20 17:58:06--
Total wall clock time: 0.8s
Downloaded: 1 files, 72 in 0.001s (89.7 KB/s)
