--2019-06-20 20:36:44--  ftp://ftp-private.ncbi.nlm.nih.gov/pubchem/.fetch/59/2091001504408078435.txt.gz
           => ‘2091001504408078435.txt.gz’
Resolving ftp-private.ncbi.nlm.nih.gov (ftp-private.ncbi.nlm.nih.gov)... 130.14.29.30
Connecting to ftp-private.ncbi.nlm.nih.gov (ftp-private.ncbi.nlm.nih.gov)|130.14.29.30|:21... connected.
Logging in as anonymous ... Logged in!
==> SYST ... done.    ==> PWD ... done.
==> TYPE I ... done.  ==> CWD (1) /pubchem/.fetch/59 ... done.
==> SIZE 2091001504408078435.txt.gz ... 84
==> PASV ... done.    ==> RETR 2091001504408078435.txt.gz ... done.
Length: 84 (unauthoritative)

     0K                                                       100% 4.73K=0.02s

2019-06-20 20:36:45 (4.73 KB/s) - ‘2091001504408078435.txt.gz’ saved [84]

--2019-06-20 20:36:45--  http://query/
Resolving query (query)... failed: Name or service not known.
wget: unable to resolve host address ‘query’
--2019-06-20 20:36:45--  ftp://xml/
           => ‘.listing’
Resolving xml (xml)... failed: Name or service not known.
wget: unable to resolve host address ‘xml’
--2019-06-20 20:36:45--  http://pc_fetch_aid1319570_activities_0.cgi/
Resolving pc_fetch_aid1319570_activities_0.cgi (pc_fetch_aid1319570_activities_0.cgi)... failed: Name or service not known.
wget: unable to resolve host address ‘pc_fetch_aid1319570_activities_0.cgi’
FINISHED --2019-06-20 20:36:45--
Total wall clock time: 0.5s
Downloaded: 1 files, 84 in 0.02s (4.73 KB/s)
