--2019-06-20 18:28:33--  ftp://ftp-private.ncbi.nlm.nih.gov/pubchem/.fetch/47/4327745588784924277.txt.gz
           => ‘4327745588784924277.txt.gz’
Resolving ftp-private.ncbi.nlm.nih.gov (ftp-private.ncbi.nlm.nih.gov)... 130.14.29.30
Connecting to ftp-private.ncbi.nlm.nih.gov (ftp-private.ncbi.nlm.nih.gov)|130.14.29.30|:21... connected.
Logging in as anonymous ... Logged in!
==> SYST ... done.    ==> PWD ... done.
==> TYPE I ... done.  ==> CWD (1) /pubchem/.fetch/47 ... done.
==> SIZE 4327745588784924277.txt.gz ... 328
==> PASV ... done.    ==> RETR 4327745588784924277.txt.gz ... done.
Length: 328 (unauthoritative)

     0K                                                       100% 13.8K=0.02s

2019-06-20 18:28:34 (13.8 KB/s) - ‘4327745588784924277.txt.gz’ saved [328]

--2019-06-20 18:28:34--  http://query/
Resolving query (query)... failed: Name or service not known.
wget: unable to resolve host address ‘query’
--2019-06-20 18:28:34--  ftp://xml/
           => ‘.listing’
Resolving xml (xml)... failed: Name or service not known.
wget: unable to resolve host address ‘xml’
--2019-06-20 18:28:34--  http://pc_fetch_aid1178015_activities_0.cgi/
Resolving pc_fetch_aid1178015_activities_0.cgi (pc_fetch_aid1178015_activities_0.cgi)... failed: Name or service not known.
wget: unable to resolve host address ‘pc_fetch_aid1178015_activities_0.cgi’
FINISHED --2019-06-20 18:28:34--
Total wall clock time: 0.6s
Downloaded: 1 files, 328 in 0.02s (13.8 KB/s)
