--2019-06-21 00:41:49--  ftp://ftp-private.ncbi.nlm.nih.gov/pubchem/.fetch/24/465792610802246621.txt.gz
           => ‘465792610802246621.txt.gz’
Resolving ftp-private.ncbi.nlm.nih.gov (ftp-private.ncbi.nlm.nih.gov)... 130.14.29.30
Connecting to ftp-private.ncbi.nlm.nih.gov (ftp-private.ncbi.nlm.nih.gov)|130.14.29.30|:21... connected.
Logging in as anonymous ... Logged in!
==> SYST ... done.    ==> PWD ... done.
==> TYPE I ... done.  ==> CWD (1) /pubchem/.fetch/24 ... done.
==> SIZE 465792610802246621.txt.gz ... 280
==> PASV ... done.    ==> RETR 465792610802246621.txt.gz ... done.
Length: 280 (unauthoritative)

     0K                                                       100%  186K=0.001s

2019-06-21 00:41:50 (186 KB/s) - ‘465792610802246621.txt.gz’ saved [280]

--2019-06-21 00:41:50--  http://query/
Resolving query (query)... failed: Name or service not known.
wget: unable to resolve host address ‘query’
--2019-06-21 00:41:50--  ftp://xml/
           => ‘.listing’
Resolving xml (xml)... failed: Name or service not known.
wget: unable to resolve host address ‘xml’
--2019-06-21 00:41:50--  http://pc_fetch_aid774807_activities_0.cgi/
Resolving pc_fetch_aid774807_activities_0.cgi (pc_fetch_aid774807_activities_0.cgi)... failed: Name or service not known.
wget: unable to resolve host address ‘pc_fetch_aid774807_activities_0.cgi’
FINISHED --2019-06-21 00:41:50--
Total wall clock time: 0.8s
Downloaded: 1 files, 280 in 0.001s (186 KB/s)
