--2019-06-20 21:10:45--  ftp://ftp-private.ncbi.nlm.nih.gov/pubchem/.fetch/98/1871002129374136937.txt.gz
           => ‘1871002129374136937.txt.gz’
Resolving ftp-private.ncbi.nlm.nih.gov (ftp-private.ncbi.nlm.nih.gov)... 130.14.29.30
Connecting to ftp-private.ncbi.nlm.nih.gov (ftp-private.ncbi.nlm.nih.gov)|130.14.29.30|:21... connected.
Logging in as anonymous ... Logged in!
==> SYST ... done.    ==> PWD ... done.
==> TYPE I ... done.  ==> CWD (1) /pubchem/.fetch/98 ... done.
==> SIZE 1871002129374136937.txt.gz ... 231
==> PASV ... done.    ==> RETR 1871002129374136937.txt.gz ... done.
Length: 231 (unauthoritative)

     0K                                                       100%  145K=0.002s

2019-06-20 21:10:46 (145 KB/s) - ‘1871002129374136937.txt.gz’ saved [231]

--2019-06-20 21:10:46--  http://query/
Resolving query (query)... failed: Name or service not known.
wget: unable to resolve host address ‘query’
--2019-06-20 21:10:46--  ftp://xml/
           => ‘.listing’
Resolving xml (xml)... failed: Name or service not known.
wget: unable to resolve host address ‘xml’
--2019-06-20 21:10:46--  http://pc_fetch_aid215473_activities_0.cgi/
Resolving pc_fetch_aid215473_activities_0.cgi (pc_fetch_aid215473_activities_0.cgi)... failed: Name or service not known.
wget: unable to resolve host address ‘pc_fetch_aid215473_activities_0.cgi’
FINISHED --2019-06-20 21:10:47--
Total wall clock time: 1.3s
Downloaded: 1 files, 231 in 0.002s (145 KB/s)
