--2019-06-21 00:27:43--  ftp://ftp-private.ncbi.nlm.nih.gov/pubchem/.fetch/29/2509610587701113287.txt.gz
           => ‘2509610587701113287.txt.gz’
Resolving ftp-private.ncbi.nlm.nih.gov (ftp-private.ncbi.nlm.nih.gov)... 130.14.29.35
Connecting to ftp-private.ncbi.nlm.nih.gov (ftp-private.ncbi.nlm.nih.gov)|130.14.29.35|:21... connected.
Logging in as anonymous ... Logged in!
==> SYST ... done.    ==> PWD ... done.
==> TYPE I ... done.  ==> CWD (1) /pubchem/.fetch/29 ... done.
==> SIZE 2509610587701113287.txt.gz ... 50
==> PASV ... done.    ==> RETR 2509610587701113287.txt.gz ... done.
Length: 50 (unauthoritative)

     0K                                                       100% 62.8K=0.001s

2019-06-21 00:27:43 (62.8 KB/s) - ‘2509610587701113287.txt.gz’ saved [50]

--2019-06-21 00:27:43--  http://query/
Resolving query (query)... failed: Name or service not known.
wget: unable to resolve host address ‘query’
--2019-06-21 00:27:43--  ftp://xml/
           => ‘.listing’
Resolving xml (xml)... failed: Name or service not known.
wget: unable to resolve host address ‘xml’
--2019-06-21 00:27:43--  http://pc_fetch_aid754318_activities_0.cgi/
Resolving pc_fetch_aid754318_activities_0.cgi (pc_fetch_aid754318_activities_0.cgi)... failed: Name or service not known.
wget: unable to resolve host address ‘pc_fetch_aid754318_activities_0.cgi’
FINISHED --2019-06-21 00:27:43--
Total wall clock time: 0.5s
Downloaded: 1 files, 50 in 0.001s (62.8 KB/s)
