--2019-06-20 20:37:21--  ftp://ftp-private.ncbi.nlm.nih.gov/pubchem/.fetch/8/1371815844997531241.txt.gz
           => ‘1371815844997531241.txt.gz’
Resolving ftp-private.ncbi.nlm.nih.gov (ftp-private.ncbi.nlm.nih.gov)... 130.14.29.35
Connecting to ftp-private.ncbi.nlm.nih.gov (ftp-private.ncbi.nlm.nih.gov)|130.14.29.35|:21... connected.
Logging in as anonymous ... Logged in!
==> SYST ... done.    ==> PWD ... done.
==> TYPE I ... done.  ==> CWD (1) /pubchem/.fetch/8 ... done.
==> SIZE 1371815844997531241.txt.gz ... 84
==> PASV ... done.    ==> RETR 1371815844997531241.txt.gz ... done.
Length: 84 (unauthoritative)

     0K                                                       100%  105K=0.001s

2019-06-20 20:37:22 (105 KB/s) - ‘1371815844997531241.txt.gz’ saved [84]

--2019-06-20 20:37:22--  http://query/
Resolving query (query)... failed: Name or service not known.
wget: unable to resolve host address ‘query’
--2019-06-20 20:37:22--  ftp://xml/
           => ‘.listing’
Resolving xml (xml)... failed: Name or service not known.
wget: unable to resolve host address ‘xml’
--2019-06-20 20:37:22--  http://pc_fetch_aid1319576_activities_0.cgi/
Resolving pc_fetch_aid1319576_activities_0.cgi (pc_fetch_aid1319576_activities_0.cgi)... failed: Name or service not known.
wget: unable to resolve host address ‘pc_fetch_aid1319576_activities_0.cgi’
FINISHED --2019-06-20 20:37:22--
Total wall clock time: 0.9s
Downloaded: 1 files, 84 in 0.001s (105 KB/s)
