--2019-06-20 21:53:41--  ftp://ftp-private.ncbi.nlm.nih.gov/pubchem/.fetch/28/2860660556872643307.txt.gz
           => ‘2860660556872643307.txt.gz’
Resolving ftp-private.ncbi.nlm.nih.gov (ftp-private.ncbi.nlm.nih.gov)... 130.14.29.35
Connecting to ftp-private.ncbi.nlm.nih.gov (ftp-private.ncbi.nlm.nih.gov)|130.14.29.35|:21... connected.
Logging in as anonymous ... Logged in!
==> SYST ... done.    ==> PWD ... done.
==> TYPE I ... done.  ==> CWD (1) /pubchem/.fetch/28 ... done.
==> SIZE 2860660556872643307.txt.gz ... 159
==> PASV ... done.    ==> RETR 2860660556872643307.txt.gz ... done.
Length: 159 (unauthoritative)

     0K                                                       100%  160K=0.001s

2019-06-20 21:53:41 (160 KB/s) - ‘2860660556872643307.txt.gz’ saved [159]

--2019-06-20 21:53:41--  http://query/
Resolving query (query)... failed: Name or service not known.
wget: unable to resolve host address ‘query’
--2019-06-20 21:53:41--  ftp://xml/
           => ‘.listing’
Resolving xml (xml)... failed: Name or service not known.
wget: unable to resolve host address ‘xml’
--2019-06-20 21:53:41--  http://pc_fetch_aid407945_activities_0.cgi/
Resolving pc_fetch_aid407945_activities_0.cgi (pc_fetch_aid407945_activities_0.cgi)... failed: Name or service not known.
wget: unable to resolve host address ‘pc_fetch_aid407945_activities_0.cgi’
FINISHED --2019-06-20 21:53:41--
Total wall clock time: 0.4s
Downloaded: 1 files, 159 in 0.001s (160 KB/s)
