--2019-06-20 21:51:05--  ftp://ftp-private.ncbi.nlm.nih.gov/pubchem/.fetch/19/1892966853084927511.txt.gz
           => ‘1892966853084927511.txt.gz’
Resolving ftp-private.ncbi.nlm.nih.gov (ftp-private.ncbi.nlm.nih.gov)... 130.14.29.30
Connecting to ftp-private.ncbi.nlm.nih.gov (ftp-private.ncbi.nlm.nih.gov)|130.14.29.30|:21... connected.
Logging in as anonymous ... Logged in!
==> SYST ... done.    ==> PWD ... done.
==> TYPE I ... done.  ==> CWD (1) /pubchem/.fetch/19 ... done.
==> SIZE 1892966853084927511.txt.gz ... 57
==> PASV ... done.    ==> RETR 1892966853084927511.txt.gz ... done.
Length: 57 (unauthoritative)

     0K                                                       100% 76.0K=0.001s

2019-06-20 21:51:06 (76.0 KB/s) - ‘1892966853084927511.txt.gz’ saved [57]

--2019-06-20 21:51:06--  http://query/
Resolving query (query)... failed: Name or service not known.
wget: unable to resolve host address ‘query’
--2019-06-20 21:51:06--  ftp://xml/
           => ‘.listing’
Resolving xml (xml)... failed: Name or service not known.
wget: unable to resolve host address ‘xml’
--2019-06-20 21:51:06--  http://pc_fetch_aid405746_activities_0.cgi/
Resolving pc_fetch_aid405746_activities_0.cgi (pc_fetch_aid405746_activities_0.cgi)... failed: Name or service not known.
wget: unable to resolve host address ‘pc_fetch_aid405746_activities_0.cgi’
FINISHED --2019-06-20 21:51:06--
Total wall clock time: 0.4s
Downloaded: 1 files, 57 in 0.001s (76.0 KB/s)
