--2019-06-20 20:42:38--  ftp://ftp-private.ncbi.nlm.nih.gov/pubchem/.fetch/47/3762814590455554113.txt.gz
           => ‘3762814590455554113.txt.gz’
Resolving ftp-private.ncbi.nlm.nih.gov (ftp-private.ncbi.nlm.nih.gov)... 130.14.29.30
Connecting to ftp-private.ncbi.nlm.nih.gov (ftp-private.ncbi.nlm.nih.gov)|130.14.29.30|:21... connected.
Logging in as anonymous ... Logged in!
==> SYST ... done.    ==> PWD ... done.
==> TYPE I ... done.  ==> CWD (1) /pubchem/.fetch/47 ... done.
==> SIZE 3762814590455554113.txt.gz ... 112
==> PASV ... done.    ==> RETR 3762814590455554113.txt.gz ... done.
Length: 112 (unauthoritative)

     0K                                                       100%  114K=0.001s

2019-06-20 20:42:39 (114 KB/s) - ‘3762814590455554113.txt.gz’ saved [112]

--2019-06-20 20:42:39--  http://query/
Resolving query (query)... failed: Name or service not known.
wget: unable to resolve host address ‘query’
--2019-06-20 20:42:39--  ftp://xml/
           => ‘.listing’
Resolving xml (xml)... failed: Name or service not known.
wget: unable to resolve host address ‘xml’
--2019-06-20 20:42:39--  http://pc_fetch_aid1323018_activities_0.cgi/
Resolving pc_fetch_aid1323018_activities_0.cgi (pc_fetch_aid1323018_activities_0.cgi)... failed: Name or service not known.
wget: unable to resolve host address ‘pc_fetch_aid1323018_activities_0.cgi’
FINISHED --2019-06-20 20:42:39--
Total wall clock time: 0.5s
Downloaded: 1 files, 112 in 0.001s (114 KB/s)
