--2019-06-20 21:50:07--  ftp://ftp-private.ncbi.nlm.nih.gov/pubchem/.fetch/97/2243552248742174342.txt.gz
           => ‘2243552248742174342.txt.gz’
Resolving ftp-private.ncbi.nlm.nih.gov (ftp-private.ncbi.nlm.nih.gov)... 130.14.29.35
Connecting to ftp-private.ncbi.nlm.nih.gov (ftp-private.ncbi.nlm.nih.gov)|130.14.29.35|:21... connected.
Logging in as anonymous ... Logged in!
==> SYST ... done.    ==> PWD ... done.
==> TYPE I ... done.  ==> CWD (1) /pubchem/.fetch/97 ... done.
==> SIZE 2243552248742174342.txt.gz ... 57
==> PASV ... done.    ==> RETR 2243552248742174342.txt.gz ... done.
Length: 57 (unauthoritative)

     0K                                                       100% 68.7K=0.001s

2019-06-20 21:50:08 (68.7 KB/s) - ‘2243552248742174342.txt.gz’ saved [57]

--2019-06-20 21:50:08--  http://query/
Resolving query (query)... failed: Name or service not known.
wget: unable to resolve host address ‘query’
--2019-06-20 21:50:08--  ftp://xml/
           => ‘.listing’
Resolving xml (xml)... failed: Name or service not known.
wget: unable to resolve host address ‘xml’
--2019-06-20 21:50:08--  http://pc_fetch_aid405737_activities_0.cgi/
Resolving pc_fetch_aid405737_activities_0.cgi (pc_fetch_aid405737_activities_0.cgi)... failed: Name or service not known.
wget: unable to resolve host address ‘pc_fetch_aid405737_activities_0.cgi’
FINISHED --2019-06-20 21:50:08--
Total wall clock time: 1.0s
Downloaded: 1 files, 57 in 0.001s (68.7 KB/s)
