--2019-06-20 17:16:58--  ftp://ftp-private.ncbi.nlm.nih.gov/pubchem/.fetch/34/2496314031499823622.txt.gz
           => ‘2496314031499823622.txt.gz’
Resolving ftp-private.ncbi.nlm.nih.gov (ftp-private.ncbi.nlm.nih.gov)... 130.14.29.35
Connecting to ftp-private.ncbi.nlm.nih.gov (ftp-private.ncbi.nlm.nih.gov)|130.14.29.35|:21... connected.
Logging in as anonymous ... Logged in!
==> SYST ... done.    ==> PWD ... done.
==> TYPE I ... done.  ==> CWD (1) /pubchem/.fetch/34 ... done.
==> SIZE 2496314031499823622.txt.gz ... 102
==> PASV ... done.    ==> RETR 2496314031499823622.txt.gz ... done.
Length: 102 (unauthoritative)

     0K                                                       100%  119K=0.001s

2019-06-20 17:16:59 (119 KB/s) - ‘2496314031499823622.txt.gz’ saved [102]

--2019-06-20 17:16:59--  http://query/
Resolving query (query)... failed: Name or service not known.
wget: unable to resolve host address ‘query’
--2019-06-20 17:16:59--  ftp://xml/
           => ‘.listing’
Resolving xml (xml)... failed: Name or service not known.
wget: unable to resolve host address ‘xml’
--2019-06-20 17:16:59--  http://pc_fetch_aid1064573_activities_0.cgi/
Resolving pc_fetch_aid1064573_activities_0.cgi (pc_fetch_aid1064573_activities_0.cgi)... failed: Name or service not known.
wget: unable to resolve host address ‘pc_fetch_aid1064573_activities_0.cgi’
FINISHED --2019-06-20 17:16:59--
Total wall clock time: 0.8s
Downloaded: 1 files, 102 in 0.001s (119 KB/s)
