--2019-06-20 18:51:40--  ftp://ftp-private.ncbi.nlm.nih.gov/pubchem/.fetch/58/92948183506377673.txt.gz
           => ‘92948183506377673.txt.gz’
Resolving ftp-private.ncbi.nlm.nih.gov (ftp-private.ncbi.nlm.nih.gov)... 130.14.29.30
Connecting to ftp-private.ncbi.nlm.nih.gov (ftp-private.ncbi.nlm.nih.gov)|130.14.29.30|:21... connected.
Logging in as anonymous ... Logged in!
==> SYST ... done.    ==> PWD ... done.
==> TYPE I ... done.  ==> CWD (1) /pubchem/.fetch/58 ... done.
==> SIZE 92948183506377673.txt.gz ... 358
==> PASV ... done.    ==> RETR 92948183506377673.txt.gz ... done.
Length: 358 (unauthoritative)

     0K                                                       100%  240K=0.001s

2019-06-20 18:51:41 (240 KB/s) - ‘92948183506377673.txt.gz’ saved [358]

--2019-06-20 18:51:41--  http://query/
Resolving query (query)... failed: Name or service not known.
wget: unable to resolve host address ‘query’
--2019-06-20 18:51:41--  ftp://xml/
           => ‘.listing’
Resolving xml (xml)... failed: Name or service not known.
wget: unable to resolve host address ‘xml’
--2019-06-20 18:51:41--  http://pc_fetch_aid1206149_activities_0.cgi/
Resolving pc_fetch_aid1206149_activities_0.cgi (pc_fetch_aid1206149_activities_0.cgi)... failed: Name or service not known.
wget: unable to resolve host address ‘pc_fetch_aid1206149_activities_0.cgi’
FINISHED --2019-06-20 18:51:41--
Total wall clock time: 0.6s
Downloaded: 1 files, 358 in 0.001s (240 KB/s)
