--2019-06-20 17:04:40--  ftp://ftp-private.ncbi.nlm.nih.gov/pubchem/.fetch/12/2636101524693740267.txt.gz
           => ‘2636101524693740267.txt.gz’
Resolving ftp-private.ncbi.nlm.nih.gov (ftp-private.ncbi.nlm.nih.gov)... 130.14.29.30
Connecting to ftp-private.ncbi.nlm.nih.gov (ftp-private.ncbi.nlm.nih.gov)|130.14.29.30|:21... connected.
Logging in as anonymous ... Logged in!
==> SYST ... done.    ==> PWD ... done.
==> TYPE I ... done.  ==> CWD (1) /pubchem/.fetch/12 ... done.
==> SIZE 2636101524693740267.txt.gz ... 138
==> PASV ... done.    ==> RETR 2636101524693740267.txt.gz ... done.
Length: 138 (unauthoritative)

     0K                                                       100%  153K=0.001s

2019-06-20 17:04:40 (153 KB/s) - ‘2636101524693740267.txt.gz’ saved [138]

--2019-06-20 17:04:40--  http://query/
Resolving query (query)... failed: Name or service not known.
wget: unable to resolve host address ‘query’
--2019-06-20 17:04:40--  ftp://xml/
           => ‘.listing’
Resolving xml (xml)... failed: Name or service not known.
wget: unable to resolve host address ‘xml’
--2019-06-20 17:04:40--  http://pc_fetch_aid1055319_activities_0.cgi/
Resolving pc_fetch_aid1055319_activities_0.cgi (pc_fetch_aid1055319_activities_0.cgi)... failed: Name or service not known.
wget: unable to resolve host address ‘pc_fetch_aid1055319_activities_0.cgi’
FINISHED --2019-06-20 17:04:40--
Total wall clock time: 0.4s
Downloaded: 1 files, 138 in 0.001s (153 KB/s)
