--2019-06-20 19:02:39--  ftp://ftp-private.ncbi.nlm.nih.gov/pubchem/.fetch/36/1354510239758524656.txt.gz
           => ‘1354510239758524656.txt.gz’
Resolving ftp-private.ncbi.nlm.nih.gov (ftp-private.ncbi.nlm.nih.gov)... 130.14.29.30
Connecting to ftp-private.ncbi.nlm.nih.gov (ftp-private.ncbi.nlm.nih.gov)|130.14.29.30|:21... connected.
Logging in as anonymous ... Logged in!
==> SYST ... done.    ==> PWD ... done.
==> TYPE I ... done.  ==> CWD (1) /pubchem/.fetch/36 ... done.
==> SIZE 1354510239758524656.txt.gz ... 299
==> PASV ... done.    ==> RETR 1354510239758524656.txt.gz ... done.
Length: 299 (unauthoritative)

     0K                                                       100%  217K=0.001s

2019-06-20 19:02:40 (217 KB/s) - ‘1354510239758524656.txt.gz’ saved [299]

--2019-06-20 19:02:40--  http://query/
Resolving query (query)... failed: Name or service not known.
wget: unable to resolve host address ‘query’
--2019-06-20 19:02:40--  ftp://xml/
           => ‘.listing’
Resolving xml (xml)... failed: Name or service not known.
wget: unable to resolve host address ‘xml’
--2019-06-20 19:02:40--  http://pc_fetch_aid1235395_activities_0.cgi/
Resolving pc_fetch_aid1235395_activities_0.cgi (pc_fetch_aid1235395_activities_0.cgi)... failed: Name or service not known.
wget: unable to resolve host address ‘pc_fetch_aid1235395_activities_0.cgi’
FINISHED --2019-06-20 19:02:40--
Total wall clock time: 0.4s
Downloaded: 1 files, 299 in 0.001s (217 KB/s)
