--2019-06-20 19:04:14--  ftp://ftp-private.ncbi.nlm.nih.gov/pubchem/.fetch/95/194305532485746421.txt.gz
           => ‘194305532485746421.txt.gz’
Resolving ftp-private.ncbi.nlm.nih.gov (ftp-private.ncbi.nlm.nih.gov)... 130.14.29.30
Connecting to ftp-private.ncbi.nlm.nih.gov (ftp-private.ncbi.nlm.nih.gov)|130.14.29.30|:21... connected.
Logging in as anonymous ... Logged in!
==> SYST ... done.    ==> PWD ... done.
==> TYPE I ... done.  ==> CWD (1) /pubchem/.fetch/95 ... done.
==> SIZE 194305532485746421.txt.gz ... 83
==> PASV ... done.    ==> RETR 194305532485746421.txt.gz ... done.
Length: 83 (unauthoritative)

     0K                                                       100% 4.26K=0.02s

2019-06-20 19:04:15 (4.26 KB/s) - ‘194305532485746421.txt.gz’ saved [83]

--2019-06-20 19:04:15--  http://query/
Resolving query (query)... failed: Name or service not known.
wget: unable to resolve host address ‘query’
--2019-06-20 19:04:15--  ftp://xml/
           => ‘.listing’
Resolving xml (xml)... failed: Name or service not known.
wget: unable to resolve host address ‘xml’
--2019-06-20 19:04:15--  http://pc_fetch_aid1235411_activities_0.cgi/
Resolving pc_fetch_aid1235411_activities_0.cgi (pc_fetch_aid1235411_activities_0.cgi)... failed: Name or service not known.
wget: unable to resolve host address ‘pc_fetch_aid1235411_activities_0.cgi’
FINISHED --2019-06-20 19:04:15--
Total wall clock time: 0.5s
Downloaded: 1 files, 83 in 0.02s (4.26 KB/s)
