--2019-06-20 21:26:47--  ftp://ftp-private.ncbi.nlm.nih.gov/pubchem/.fetch/94/216305334663830854.txt.gz
           => ‘216305334663830854.txt.gz’
Resolving ftp-private.ncbi.nlm.nih.gov (ftp-private.ncbi.nlm.nih.gov)... 130.14.29.30
Connecting to ftp-private.ncbi.nlm.nih.gov (ftp-private.ncbi.nlm.nih.gov)|130.14.29.30|:21... connected.
Logging in as anonymous ... Logged in!
==> SYST ... done.    ==> PWD ... done.
==> TYPE I ... done.  ==> CWD (1) /pubchem/.fetch/94 ... done.
==> SIZE 216305334663830854.txt.gz ... 64
==> PASV ... done.    ==> RETR 216305334663830854.txt.gz ... done.
Length: 64 (unauthoritative)

     0K                                                       100% 89.3K=0.001s

2019-06-20 21:26:48 (89.3 KB/s) - ‘216305334663830854.txt.gz’ saved [64]

--2019-06-20 21:26:48--  http://query/
Resolving query (query)... failed: Name or service not known.
wget: unable to resolve host address ‘query’
--2019-06-20 21:26:48--  ftp://xml/
           => ‘.listing’
Resolving xml (xml)... failed: Name or service not known.
wget: unable to resolve host address ‘xml’
--2019-06-20 21:26:48--  http://pc_fetch_aid321748_activities_0.cgi/
Resolving pc_fetch_aid321748_activities_0.cgi (pc_fetch_aid321748_activities_0.cgi)... failed: Name or service not known.
wget: unable to resolve host address ‘pc_fetch_aid321748_activities_0.cgi’
FINISHED --2019-06-20 21:26:48--
Total wall clock time: 0.7s
Downloaded: 1 files, 64 in 0.001s (89.3 KB/s)
