--2019-06-20 19:15:37--  ftp://ftp-private.ncbi.nlm.nih.gov/pubchem/.fetch/41/2654598679964473924.txt.gz
           => ‘2654598679964473924.txt.gz’
Resolving ftp-private.ncbi.nlm.nih.gov (ftp-private.ncbi.nlm.nih.gov)... 130.14.29.30
Connecting to ftp-private.ncbi.nlm.nih.gov (ftp-private.ncbi.nlm.nih.gov)|130.14.29.30|:21... connected.
Logging in as anonymous ... Logged in!
==> SYST ... done.    ==> PWD ... done.
==> TYPE I ... done.  ==> CWD (1) /pubchem/.fetch/41 ... done.
==> SIZE 2654598679964473924.txt.gz ... 97
==> PASV ... done.    ==> RETR 2654598679964473924.txt.gz ... done.
Length: 97 (unauthoritative)

     0K                                                       100%  108K=0.001s

2019-06-20 19:15:37 (108 KB/s) - ‘2654598679964473924.txt.gz’ saved [97]

--2019-06-20 19:15:37--  http://query/
Resolving query (query)... failed: Name or service not known.
wget: unable to resolve host address ‘query’
--2019-06-20 19:15:37--  ftp://xml/
           => ‘.listing’
Resolving xml (xml)... failed: Name or service not known.
wget: unable to resolve host address ‘xml’
--2019-06-20 19:15:37--  http://pc_fetch_aid1252556_activities_0.cgi/
Resolving pc_fetch_aid1252556_activities_0.cgi (pc_fetch_aid1252556_activities_0.cgi)... failed: Name or service not known.
wget: unable to resolve host address ‘pc_fetch_aid1252556_activities_0.cgi’
FINISHED --2019-06-20 19:15:37--
Total wall clock time: 0.5s
Downloaded: 1 files, 97 in 0.001s (108 KB/s)
