--2019-06-20 17:15:40--  ftp://ftp-private.ncbi.nlm.nih.gov/pubchem/.fetch/30/1756382387044796795.txt.gz
           => ‘1756382387044796795.txt.gz’
Resolving ftp-private.ncbi.nlm.nih.gov (ftp-private.ncbi.nlm.nih.gov)... 130.14.29.30
Connecting to ftp-private.ncbi.nlm.nih.gov (ftp-private.ncbi.nlm.nih.gov)|130.14.29.30|:21... connected.
Logging in as anonymous ... Logged in!
==> SYST ... done.    ==> PWD ... done.
==> TYPE I ... done.  ==> CWD (1) /pubchem/.fetch/30 ... done.
==> SIZE 1756382387044796795.txt.gz ... 111
==> PASV ... done.    ==> RETR 1756382387044796795.txt.gz ... done.
Length: 111 (unauthoritative)

     0K                                                       100%  120K=0.001s

2019-06-20 17:15:40 (120 KB/s) - ‘1756382387044796795.txt.gz’ saved [111]

--2019-06-20 17:15:40--  http://query/
Resolving query (query)... failed: Name or service not known.
wget: unable to resolve host address ‘query’
--2019-06-20 17:15:40--  ftp://xml/
           => ‘.listing’
Resolving xml (xml)... failed: Name or service not known.
wget: unable to resolve host address ‘xml’
--2019-06-20 17:15:40--  http://pc_fetch_aid1064560_activities_0.cgi/
Resolving pc_fetch_aid1064560_activities_0.cgi (pc_fetch_aid1064560_activities_0.cgi)... failed: Name or service not known.
wget: unable to resolve host address ‘pc_fetch_aid1064560_activities_0.cgi’
FINISHED --2019-06-20 17:15:40--
Total wall clock time: 0.4s
Downloaded: 1 files, 111 in 0.001s (120 KB/s)
