--2019-06-20 21:27:41--  ftp://ftp-private.ncbi.nlm.nih.gov/pubchem/.fetch/65/3994930705974556970.txt.gz
           => ‘3994930705974556970.txt.gz’
Resolving ftp-private.ncbi.nlm.nih.gov (ftp-private.ncbi.nlm.nih.gov)... 130.14.29.35
Connecting to ftp-private.ncbi.nlm.nih.gov (ftp-private.ncbi.nlm.nih.gov)|130.14.29.35|:21... connected.
Logging in as anonymous ... Logged in!
==> SYST ... done.    ==> PWD ... done.
==> TYPE I ... done.  ==> CWD (1) /pubchem/.fetch/65 ... done.
==> SIZE 3994930705974556970.txt.gz ... 91
==> PASV ... done.    ==> RETR 3994930705974556970.txt.gz ... done.
Length: 91 (unauthoritative)

     0K                                                       100% 99.9K=0.001s

2019-06-20 21:27:42 (99.9 KB/s) - ‘3994930705974556970.txt.gz’ saved [91]

--2019-06-20 21:27:42--  http://query/
Resolving query (query)... failed: Name or service not known.
wget: unable to resolve host address ‘query’
--2019-06-20 21:27:42--  ftp://xml/
           => ‘.listing’
Resolving xml (xml)... failed: Name or service not known.
wget: unable to resolve host address ‘xml’
--2019-06-20 21:27:42--  http://pc_fetch_aid322890_activities_0.cgi/
Resolving pc_fetch_aid322890_activities_0.cgi (pc_fetch_aid322890_activities_0.cgi)... failed: Name or service not known.
wget: unable to resolve host address ‘pc_fetch_aid322890_activities_0.cgi’
FINISHED --2019-06-20 21:27:42--
Total wall clock time: 0.7s
Downloaded: 1 files, 91 in 0.001s (99.9 KB/s)
