--2019-06-20 19:21:42--  ftp://ftp-private.ncbi.nlm.nih.gov/pubchem/.fetch/35/783055893052780875.txt.gz
           => ‘783055893052780875.txt.gz’
Resolving ftp-private.ncbi.nlm.nih.gov (ftp-private.ncbi.nlm.nih.gov)... 130.14.29.35
Connecting to ftp-private.ncbi.nlm.nih.gov (ftp-private.ncbi.nlm.nih.gov)|130.14.29.35|:21... connected.
Logging in as anonymous ... Logged in!
==> SYST ... done.    ==> PWD ... done.
==> TYPE I ... done.  ==> CWD (1) /pubchem/.fetch/35 ... done.
==> SIZE 783055893052780875.txt.gz ... 73
==> PASV ... done.    ==> RETR 783055893052780875.txt.gz ... done.
Length: 73 (unauthoritative)

     0K                                                       100% 6.94K=0.01s

2019-06-20 19:21:43 (6.94 KB/s) - ‘783055893052780875.txt.gz’ saved [73]

--2019-06-20 19:21:43--  http://query/
Resolving query (query)... failed: Name or service not known.
wget: unable to resolve host address ‘query’
--2019-06-20 19:21:43--  ftp://xml/
           => ‘.listing’
Resolving xml (xml)... failed: Name or service not known.
wget: unable to resolve host address ‘xml’
--2019-06-20 19:21:43--  http://pc_fetch_aid1261166_activities_0.cgi/
Resolving pc_fetch_aid1261166_activities_0.cgi (pc_fetch_aid1261166_activities_0.cgi)... failed: Name or service not known.
wget: unable to resolve host address ‘pc_fetch_aid1261166_activities_0.cgi’
FINISHED --2019-06-20 19:21:43--
Total wall clock time: 1.3s
Downloaded: 1 files, 73 in 0.01s (6.94 KB/s)
