--2019-06-21 00:33:17--  ftp://ftp-private.ncbi.nlm.nih.gov/pubchem/.fetch/30/2710646007166452448.txt.gz
           => ‘2710646007166452448.txt.gz’
Resolving ftp-private.ncbi.nlm.nih.gov (ftp-private.ncbi.nlm.nih.gov)... 130.14.29.35
Connecting to ftp-private.ncbi.nlm.nih.gov (ftp-private.ncbi.nlm.nih.gov)|130.14.29.35|:21... connected.
Logging in as anonymous ... Logged in!
==> SYST ... done.    ==> PWD ... done.
==> TYPE I ... done.  ==> CWD (1) /pubchem/.fetch/30 ... done.
==> SIZE 2710646007166452448.txt.gz ... 60
==> PASV ... done.    ==> RETR 2710646007166452448.txt.gz ... done.
Length: 60 (unauthoritative)

     0K                                                       100% 77.4K=0.001s

2019-06-21 00:33:18 (77.4 KB/s) - ‘2710646007166452448.txt.gz’ saved [60]

--2019-06-21 00:33:18--  http://query/
Resolving query (query)... failed: Name or service not known.
wget: unable to resolve host address ‘query’
--2019-06-21 00:33:18--  ftp://xml/
           => ‘.listing’
Resolving xml (xml)... failed: Name or service not known.
wget: unable to resolve host address ‘xml’
--2019-06-21 00:33:18--  http://pc_fetch_aid756742_activities_0.cgi/
Resolving pc_fetch_aid756742_activities_0.cgi (pc_fetch_aid756742_activities_0.cgi)... failed: Name or service not known.
wget: unable to resolve host address ‘pc_fetch_aid756742_activities_0.cgi’
FINISHED --2019-06-21 00:33:18--
Total wall clock time: 0.6s
Downloaded: 1 files, 60 in 0.001s (77.4 KB/s)
