--2019-06-20 19:26:44--  ftp://ftp-private.ncbi.nlm.nih.gov/pubchem/.fetch/95/121383424638677997.txt.gz
           => ‘121383424638677997.txt.gz’
Resolving ftp-private.ncbi.nlm.nih.gov (ftp-private.ncbi.nlm.nih.gov)... 130.14.29.35
Connecting to ftp-private.ncbi.nlm.nih.gov (ftp-private.ncbi.nlm.nih.gov)|130.14.29.35|:21... connected.
Logging in as anonymous ... Logged in!
==> SYST ... done.    ==> PWD ... done.
==> TYPE I ... done.  ==> CWD (1) /pubchem/.fetch/95 ... done.
==> SIZE 121383424638677997.txt.gz ... 79
==> PASV ... done.    ==> RETR 121383424638677997.txt.gz ... done.
Length: 79 (unauthoritative)

     0K                                                       100% 4.97K=0.02s

2019-06-20 19:26:44 (4.97 KB/s) - ‘121383424638677997.txt.gz’ saved [79]

--2019-06-20 19:26:44--  http://query/
Resolving query (query)... failed: Name or service not known.
wget: unable to resolve host address ‘query’
--2019-06-20 19:26:44--  ftp://xml/
           => ‘.listing’
Resolving xml (xml)... failed: Name or service not known.
wget: unable to resolve host address ‘xml’
--2019-06-20 19:26:44--  http://pc_fetch_aid1265442_activities_0.cgi/
Resolving pc_fetch_aid1265442_activities_0.cgi (pc_fetch_aid1265442_activities_0.cgi)... failed: Name or service not known.
wget: unable to resolve host address ‘pc_fetch_aid1265442_activities_0.cgi’
FINISHED --2019-06-20 19:26:44--
Total wall clock time: 0.5s
Downloaded: 1 files, 79 in 0.02s (4.97 KB/s)
