--2019-06-20 23:19:49--  ftp://ftp-private.ncbi.nlm.nih.gov/pubchem/.fetch/62/1340889567753944612.txt.gz
           => ‘1340889567753944612.txt.gz’
Resolving ftp-private.ncbi.nlm.nih.gov (ftp-private.ncbi.nlm.nih.gov)... 130.14.29.35
Connecting to ftp-private.ncbi.nlm.nih.gov (ftp-private.ncbi.nlm.nih.gov)|130.14.29.35|:21... connected.
Logging in as anonymous ... Logged in!
==> SYST ... done.    ==> PWD ... done.
==> TYPE I ... done.  ==> CWD (1) /pubchem/.fetch/62 ... done.
==> SIZE 1340889567753944612.txt.gz ... 70
==> PASV ... done.    ==> RETR 1340889567753944612.txt.gz ... done.
Length: 70 (unauthoritative)

     0K                                                       100% 77.1K=0.001s

2019-06-20 23:19:49 (77.1 KB/s) - ‘1340889567753944612.txt.gz’ saved [70]

--2019-06-20 23:19:49--  http://query/
Resolving query (query)... failed: Name or service not known.
wget: unable to resolve host address ‘query’
--2019-06-20 23:19:49--  ftp://xml/
           => ‘.listing’
Resolving xml (xml)... failed: Name or service not known.
wget: unable to resolve host address ‘xml’
--2019-06-20 23:19:49--  http://pc_fetch_aid645982_activities_0.cgi/
Resolving pc_fetch_aid645982_activities_0.cgi (pc_fetch_aid645982_activities_0.cgi)... failed: Name or service not known.
wget: unable to resolve host address ‘pc_fetch_aid645982_activities_0.cgi’
FINISHED --2019-06-20 23:19:49--
Total wall clock time: 0.4s
Downloaded: 1 files, 70 in 0.001s (77.1 KB/s)
