--2019-06-20 19:47:12--  ftp://ftp-private.ncbi.nlm.nih.gov/pubchem/.fetch/50/4179771772600957539.txt.gz
           => ‘4179771772600957539.txt.gz’
Resolving ftp-private.ncbi.nlm.nih.gov (ftp-private.ncbi.nlm.nih.gov)... 130.14.29.30
Connecting to ftp-private.ncbi.nlm.nih.gov (ftp-private.ncbi.nlm.nih.gov)|130.14.29.30|:21... connected.
Logging in as anonymous ... Logged in!
==> SYST ... done.    ==> PWD ... done.
==> TYPE I ... done.  ==> CWD (1) /pubchem/.fetch/50 ... done.
==> SIZE 4179771772600957539.txt.gz ... 90
==> PASV ... done.    ==> RETR 4179771772600957539.txt.gz ... done.
Length: 90 (unauthoritative)

     0K                                                       100% 94.2K=0.001s

2019-06-20 19:47:12 (94.2 KB/s) - ‘4179771772600957539.txt.gz’ saved [90]

--2019-06-20 19:47:12--  http://query/
Resolving query (query)... failed: Name or service not known.
wget: unable to resolve host address ‘query’
--2019-06-20 19:47:12--  ftp://xml/
           => ‘.listing’
Resolving xml (xml)... failed: Name or service not known.
wget: unable to resolve host address ‘xml’
--2019-06-20 19:47:12--  http://pc_fetch_aid1277276_activities_0.cgi/
Resolving pc_fetch_aid1277276_activities_0.cgi (pc_fetch_aid1277276_activities_0.cgi)... failed: Name or service not known.
wget: unable to resolve host address ‘pc_fetch_aid1277276_activities_0.cgi’
FINISHED --2019-06-20 19:47:12--
Total wall clock time: 0.6s
Downloaded: 1 files, 90 in 0.001s (94.2 KB/s)
