--2019-06-20 21:12:46--  ftp://ftp-private.ncbi.nlm.nih.gov/pubchem/.fetch/29/2030363855988692500.txt.gz
           => ‘2030363855988692500.txt.gz’
Resolving ftp-private.ncbi.nlm.nih.gov (ftp-private.ncbi.nlm.nih.gov)... 130.14.29.35
Connecting to ftp-private.ncbi.nlm.nih.gov (ftp-private.ncbi.nlm.nih.gov)|130.14.29.35|:21... connected.
Logging in as anonymous ... Logged in!
==> SYST ... done.    ==> PWD ... done.
==> TYPE I ... done.  ==> CWD (1) /pubchem/.fetch/29 ... done.
==> SIZE 2030363855988692500.txt.gz ... 101
==> PASV ... done.    ==> RETR 2030363855988692500.txt.gz ... done.
Length: 101 (unauthoritative)

     0K                                                       100%  111K=0.001s

2019-06-20 21:12:46 (111 KB/s) - ‘2030363855988692500.txt.gz’ saved [101]

--2019-06-20 21:12:46--  http://query/
Resolving query (query)... failed: Name or service not known.
wget: unable to resolve host address ‘query’
--2019-06-20 21:12:46--  ftp://xml/
           => ‘.listing’
Resolving xml (xml)... failed: Name or service not known.
wget: unable to resolve host address ‘xml’
--2019-06-20 21:12:46--  http://pc_fetch_aid249852_activities_0.cgi/
Resolving pc_fetch_aid249852_activities_0.cgi (pc_fetch_aid249852_activities_0.cgi)... failed: Name or service not known.
wget: unable to resolve host address ‘pc_fetch_aid249852_activities_0.cgi’
FINISHED --2019-06-20 21:12:46--
Total wall clock time: 0.5s
Downloaded: 1 files, 101 in 0.001s (111 KB/s)
