--2019-06-20 20:16:06--  ftp://ftp-private.ncbi.nlm.nih.gov/pubchem/.fetch/91/2086864076851398212.txt.gz
           => ‘2086864076851398212.txt.gz’
Resolving ftp-private.ncbi.nlm.nih.gov (ftp-private.ncbi.nlm.nih.gov)... 130.14.29.35
Connecting to ftp-private.ncbi.nlm.nih.gov (ftp-private.ncbi.nlm.nih.gov)|130.14.29.35|:21... connected.
Logging in as anonymous ... Logged in!
==> SYST ... done.    ==> PWD ... done.
==> TYPE I ... done.  ==> CWD (1) /pubchem/.fetch/91 ... done.
==> SIZE 2086864076851398212.txt.gz ... 72
==> PASV ... done.    ==> RETR 2086864076851398212.txt.gz ... done.
Length: 72 (unauthoritative)

     0K                                                       100% 54.6K=0.001s

2019-06-20 20:16:06 (54.6 KB/s) - ‘2086864076851398212.txt.gz’ saved [72]

--2019-06-20 20:16:06--  http://query/
Resolving query (query)... failed: Name or service not known.
wget: unable to resolve host address ‘query’
--2019-06-20 20:16:06--  ftp://xml/
           => ‘.listing’
Resolving xml (xml)... failed: Name or service not known.
wget: unable to resolve host address ‘xml’
--2019-06-20 20:16:06--  http://pc_fetch_aid1308547_activities_0.cgi/
Resolving pc_fetch_aid1308547_activities_0.cgi (pc_fetch_aid1308547_activities_0.cgi)... failed: Name or service not known.
wget: unable to resolve host address ‘pc_fetch_aid1308547_activities_0.cgi’
FINISHED --2019-06-20 20:16:06--
Total wall clock time: 0.5s
Downloaded: 1 files, 72 in 0.001s (54.6 KB/s)
