--2019-06-20 19:05:36--  ftp://ftp-private.ncbi.nlm.nih.gov/pubchem/.fetch/65/3801313307456390882.txt.gz
           => ‘3801313307456390882.txt.gz’
Resolving ftp-private.ncbi.nlm.nih.gov (ftp-private.ncbi.nlm.nih.gov)... 130.14.29.30
Connecting to ftp-private.ncbi.nlm.nih.gov (ftp-private.ncbi.nlm.nih.gov)|130.14.29.30|:21... connected.
Logging in as anonymous ... Logged in!
==> SYST ... done.    ==> PWD ... done.
==> TYPE I ... done.  ==> CWD (1) /pubchem/.fetch/65 ... done.
==> SIZE 3801313307456390882.txt.gz ... 83
==> PASV ... done.    ==> RETR 3801313307456390882.txt.gz ... done.
Length: 83 (unauthoritative)

     0K                                                       100% 3.59K=0.02s

2019-06-20 19:05:36 (3.59 KB/s) - ‘3801313307456390882.txt.gz’ saved [83]

--2019-06-20 19:05:36--  http://query/
Resolving query (query)... failed: Name or service not known.
wget: unable to resolve host address ‘query’
--2019-06-20 19:05:36--  ftp://xml/
           => ‘.listing’
Resolving xml (xml)... failed: Name or service not known.
wget: unable to resolve host address ‘xml’
--2019-06-20 19:05:36--  http://pc_fetch_aid1235425_activities_0.cgi/
Resolving pc_fetch_aid1235425_activities_0.cgi (pc_fetch_aid1235425_activities_0.cgi)... failed: Name or service not known.
wget: unable to resolve host address ‘pc_fetch_aid1235425_activities_0.cgi’
FINISHED --2019-06-20 19:05:37--
Total wall clock time: 0.4s
Downloaded: 1 files, 83 in 0.02s (3.59 KB/s)
