--2019-06-20 18:39:02--  ftp://ftp-private.ncbi.nlm.nih.gov/pubchem/.fetch/15/764742332610958093.txt.gz
           => ‘764742332610958093.txt.gz’
Resolving ftp-private.ncbi.nlm.nih.gov (ftp-private.ncbi.nlm.nih.gov)... 130.14.29.35
Connecting to ftp-private.ncbi.nlm.nih.gov (ftp-private.ncbi.nlm.nih.gov)|130.14.29.35|:21... connected.
Logging in as anonymous ... Logged in!
==> SYST ... done.    ==> PWD ... done.
==> TYPE I ... done.  ==> CWD (1) /pubchem/.fetch/15 ... done.
==> SIZE 764742332610958093.txt.gz ... 69
==> PASV ... done.    ==> RETR 764742332610958093.txt.gz ... done.
Length: 69 (unauthoritative)

     0K                                                       100% 80.4K=0.001s

2019-06-20 18:39:02 (80.4 KB/s) - ‘764742332610958093.txt.gz’ saved [69]

--2019-06-20 18:39:02--  http://query/
Resolving query (query)... failed: Name or service not known.
wget: unable to resolve host address ‘query’
--2019-06-20 18:39:02--  ftp://xml/
           => ‘.listing’
Resolving xml (xml)... failed: Name or service not known.
wget: unable to resolve host address ‘xml’
--2019-06-20 18:39:02--  http://pc_fetch_aid1186558_activities_0.cgi/
Resolving pc_fetch_aid1186558_activities_0.cgi (pc_fetch_aid1186558_activities_0.cgi)... failed: Name or service not known.
wget: unable to resolve host address ‘pc_fetch_aid1186558_activities_0.cgi’
FINISHED --2019-06-20 18:39:02--
Total wall clock time: 0.4s
Downloaded: 1 files, 69 in 0.001s (80.4 KB/s)
