--2019-06-20 23:24:19--  ftp://ftp-private.ncbi.nlm.nih.gov/pubchem/.fetch/2/865341670592963034.txt.gz
           => ‘865341670592963034.txt.gz’
Resolving ftp-private.ncbi.nlm.nih.gov (ftp-private.ncbi.nlm.nih.gov)... 130.14.29.35
Connecting to ftp-private.ncbi.nlm.nih.gov (ftp-private.ncbi.nlm.nih.gov)|130.14.29.35|:21... connected.
Logging in as anonymous ... Logged in!
==> SYST ... done.    ==> PWD ... done.
==> TYPE I ... done.  ==> CWD (1) /pubchem/.fetch/2 ... done.
==> SIZE 865341670592963034.txt.gz ... 75
==> PASV ... done.    ==> RETR 865341670592963034.txt.gz ... done.
Length: 75 (unauthoritative)

     0K                                                       100% 85.0K=0.001s

2019-06-20 23:24:19 (85.0 KB/s) - ‘865341670592963034.txt.gz’ saved [75]

--2019-06-20 23:24:19--  http://query/
Resolving query (query)... failed: Name or service not known.
wget: unable to resolve host address ‘query’
--2019-06-20 23:24:19--  ftp://xml/
           => ‘.listing’
Resolving xml (xml)... failed: Name or service not known.
wget: unable to resolve host address ‘xml’
--2019-06-20 23:24:19--  http://pc_fetch_aid647345_activities_0.cgi/
Resolving pc_fetch_aid647345_activities_0.cgi (pc_fetch_aid647345_activities_0.cgi)... failed: Name or service not known.
wget: unable to resolve host address ‘pc_fetch_aid647345_activities_0.cgi’
FINISHED --2019-06-20 23:24:19--
Total wall clock time: 0.4s
Downloaded: 1 files, 75 in 0.001s (85.0 KB/s)
