--2019-06-20 19:13:25--  ftp://ftp-private.ncbi.nlm.nih.gov/pubchem/.fetch/53/499030391340068315.txt.gz
           => ‘499030391340068315.txt.gz’
Resolving ftp-private.ncbi.nlm.nih.gov (ftp-private.ncbi.nlm.nih.gov)... 130.14.29.30
Connecting to ftp-private.ncbi.nlm.nih.gov (ftp-private.ncbi.nlm.nih.gov)|130.14.29.30|:21... connected.
Logging in as anonymous ... Logged in!
==> SYST ... done.    ==> PWD ... done.
==> TYPE I ... done.  ==> CWD (1) /pubchem/.fetch/53 ... done.
==> SIZE 499030391340068315.txt.gz ... 64
==> PASV ... done.    ==> RETR 499030391340068315.txt.gz ... done.
Length: 64 (unauthoritative)

     0K                                                       100% 76.8K=0.001s

2019-06-20 19:13:26 (76.8 KB/s) - ‘499030391340068315.txt.gz’ saved [64]

--2019-06-20 19:13:26--  http://query/
Resolving query (query)... failed: Name or service not known.
wget: unable to resolve host address ‘query’
--2019-06-20 19:13:26--  ftp://xml/
           => ‘.listing’
Resolving xml (xml)... failed: Name or service not known.
wget: unable to resolve host address ‘xml’
--2019-06-20 19:13:26--  http://pc_fetch_aid1247295_activities_0.cgi/
Resolving pc_fetch_aid1247295_activities_0.cgi (pc_fetch_aid1247295_activities_0.cgi)... failed: Name or service not known.
wget: unable to resolve host address ‘pc_fetch_aid1247295_activities_0.cgi’
FINISHED --2019-06-20 19:13:26--
Total wall clock time: 0.5s
Downloaded: 1 files, 64 in 0.001s (76.8 KB/s)
