--2019-06-20 19:57:08--  ftp://ftp-private.ncbi.nlm.nih.gov/pubchem/.fetch/5/2311065668263068528.txt.gz
           => ‘2311065668263068528.txt.gz’
Resolving ftp-private.ncbi.nlm.nih.gov (ftp-private.ncbi.nlm.nih.gov)... 130.14.29.30
Connecting to ftp-private.ncbi.nlm.nih.gov (ftp-private.ncbi.nlm.nih.gov)|130.14.29.30|:21... connected.
Logging in as anonymous ... Logged in!
==> SYST ... done.    ==> PWD ... done.
==> TYPE I ... done.  ==> CWD (1) /pubchem/.fetch/5 ... done.
==> SIZE 2311065668263068528.txt.gz ... 116
==> PASV ... done.    ==> RETR 2311065668263068528.txt.gz ... done.
Length: 116 (unauthoritative)

     0K                                                       100%  129K=0.001s

2019-06-20 19:57:08 (129 KB/s) - ‘2311065668263068528.txt.gz’ saved [116]

--2019-06-20 19:57:08--  http://query/
Resolving query (query)... failed: Name or service not known.
wget: unable to resolve host address ‘query’
--2019-06-20 19:57:08--  ftp://xml/
           => ‘.listing’
Resolving xml (xml)... failed: Name or service not known.
wget: unable to resolve host address ‘xml’
--2019-06-20 19:57:08--  http://pc_fetch_aid1292138_activities_0.cgi/
Resolving pc_fetch_aid1292138_activities_0.cgi (pc_fetch_aid1292138_activities_0.cgi)... failed: Name or service not known.
wget: unable to resolve host address ‘pc_fetch_aid1292138_activities_0.cgi’
FINISHED --2019-06-20 19:57:08--
Total wall clock time: 0.6s
Downloaded: 1 files, 116 in 0.001s (129 KB/s)
