--2019-06-20 22:26:07--  ftp://ftp-private.ncbi.nlm.nih.gov/pubchem/.fetch/87/677714542178508287.txt.gz
           => ‘677714542178508287.txt.gz’
Resolving ftp-private.ncbi.nlm.nih.gov (ftp-private.ncbi.nlm.nih.gov)... 130.14.29.35
Connecting to ftp-private.ncbi.nlm.nih.gov (ftp-private.ncbi.nlm.nih.gov)|130.14.29.35|:21... connected.
Logging in as anonymous ... Logged in!
==> SYST ... done.    ==> PWD ... done.
==> TYPE I ... done.  ==> CWD (1) /pubchem/.fetch/87 ... done.
==> SIZE 677714542178508287.txt.gz ... 49
==> PASV ... done.    ==> RETR 677714542178508287.txt.gz ... done.
Length: 49 (unauthoritative)

     0K                                                       100% 53.8K=0.001s

2019-06-20 22:26:07 (53.8 KB/s) - ‘677714542178508287.txt.gz’ saved [49]

--2019-06-20 22:26:07--  http://query/
Resolving query (query)... failed: Name or service not known.
wget: unable to resolve host address ‘query’
--2019-06-20 22:26:07--  ftp://xml/
           => ‘.listing’
Resolving xml (xml)... failed: Name or service not known.
wget: unable to resolve host address ‘xml’
--2019-06-20 22:26:07--  http://pc_fetch_aid503295_activities_0.cgi/
Resolving pc_fetch_aid503295_activities_0.cgi (pc_fetch_aid503295_activities_0.cgi)... failed: Name or service not known.
wget: unable to resolve host address ‘pc_fetch_aid503295_activities_0.cgi’
FINISHED --2019-06-20 22:26:07--
Total wall clock time: 0.5s
Downloaded: 1 files, 49 in 0.001s (53.8 KB/s)
