--2019-06-21 16:54:16--  ftp://ftp-private.ncbi.nlm.nih.gov/pubchem/.fetch/92/4379659289937210256.txt.gz
           => '4379659289937210256.txt.gz'
Resolving ftp-private.ncbi.nlm.nih.gov (ftp-private.ncbi.nlm.nih.gov)... 130.14.29.30
Connecting to ftp-private.ncbi.nlm.nih.gov (ftp-private.ncbi.nlm.nih.gov)|130.14.29.30|:21... connected.
Logging in as anonymous ... Logged in!
==> SYST ... done.    ==> PWD ... done.
==> TYPE I ... done.  ==> CWD (1) /pubchem/.fetch/92 ... done.
==> SIZE 4379659289937210256.txt.gz ... 97
==> PASV ... done.    ==> RETR 4379659289937210256.txt.gz ... done.
Length: 97 (unauthoritative)

     0K                                                       100%  110K=0.001s

2019-06-21 16:54:17 (110 KB/s) - '4379659289937210256.txt.gz' saved [97]

--2019-06-21 16:54:17--  http://query/
Resolving query (query)... failed: Name or service not known.
wget: unable to resolve host address 'query'
--2019-06-21 16:54:17--  ftp://xml/
           => '.listing'
Resolving xml (xml)... failed: Name or service not known.
wget: unable to resolve host address 'xml'
--2019-06-21 16:54:17--  http://pc_fetch_aid1057209_activities_0.cgi/
Resolving pc_fetch_aid1057209_activities_0.cgi (pc_fetch_aid1057209_activities_0.cgi)... failed: Name or service not known.
wget: unable to resolve host address 'pc_fetch_aid1057209_activities_0.cgi'
FINISHED --2019-06-21 16:54:17--
Total wall clock time: 0.6s
Downloaded: 1 files, 97 in 0.001s (110 KB/s)
