--2019-06-20 23:40:22--  ftp://ftp-private.ncbi.nlm.nih.gov/pubchem/.fetch/50/4490565121366584428.txt.gz
           => ‘4490565121366584428.txt.gz’
Resolving ftp-private.ncbi.nlm.nih.gov (ftp-private.ncbi.nlm.nih.gov)... 130.14.29.35
Connecting to ftp-private.ncbi.nlm.nih.gov (ftp-private.ncbi.nlm.nih.gov)|130.14.29.35|:21... connected.
Logging in as anonymous ... Logged in!
==> SYST ... done.    ==> PWD ... done.
==> TYPE I ... done.  ==> CWD (1) /pubchem/.fetch/50 ... done.
==> SIZE 4490565121366584428.txt.gz ... 114
==> PASV ... done.    ==> RETR 4490565121366584428.txt.gz ... done.
Length: 114 (unauthoritative)

     0K                                                       100%  125K=0.001s

2019-06-20 23:40:22 (125 KB/s) - ‘4490565121366584428.txt.gz’ saved [114]

--2019-06-20 23:40:22--  http://query/
Resolving query (query)... failed: Name or service not known.
wget: unable to resolve host address ‘query’
--2019-06-20 23:40:22--  ftp://xml/
           => ‘.listing’
Resolving xml (xml)... failed: Name or service not known.
wget: unable to resolve host address ‘xml’
--2019-06-20 23:40:22--  http://pc_fetch_aid701785_activities_0.cgi/
Resolving pc_fetch_aid701785_activities_0.cgi (pc_fetch_aid701785_activities_0.cgi)... failed: Name or service not known.
wget: unable to resolve host address ‘pc_fetch_aid701785_activities_0.cgi’
FINISHED --2019-06-20 23:40:22--
Total wall clock time: 0.7s
Downloaded: 1 files, 114 in 0.001s (125 KB/s)
