--2019-06-21 00:49:18--  ftp://ftp-private.ncbi.nlm.nih.gov/pubchem/.fetch/49/3980239316976076866.txt.gz
           => ‘3980239316976076866.txt.gz’
Resolving ftp-private.ncbi.nlm.nih.gov (ftp-private.ncbi.nlm.nih.gov)... 130.14.29.30
Connecting to ftp-private.ncbi.nlm.nih.gov (ftp-private.ncbi.nlm.nih.gov)|130.14.29.30|:21... connected.
Logging in as anonymous ... Logged in!
==> SYST ... done.    ==> PWD ... done.
==> TYPE I ... done.  ==> CWD (1) /pubchem/.fetch/49 ... done.
==> SIZE 3980239316976076866.txt.gz ... 125
==> PASV ... done.    ==> RETR 3980239316976076866.txt.gz ... done.
Length: 125 (unauthoritative)

     0K                                                       100%  138K=0.001s

2019-06-21 00:49:19 (138 KB/s) - ‘3980239316976076866.txt.gz’ saved [125]

--2019-06-21 00:49:19--  http://query/
Resolving query (query)... failed: Name or service not known.
wget: unable to resolve host address ‘query’
--2019-06-21 00:49:19--  ftp://xml/
           => ‘.listing’
Resolving xml (xml)... failed: Name or service not known.
wget: unable to resolve host address ‘xml’
--2019-06-21 00:49:19--  http://pc_fetch_aid775929_activities_0.cgi/
Resolving pc_fetch_aid775929_activities_0.cgi (pc_fetch_aid775929_activities_0.cgi)... failed: Name or service not known.
wget: unable to resolve host address ‘pc_fetch_aid775929_activities_0.cgi’
FINISHED --2019-06-21 00:49:19--
Total wall clock time: 0.7s
Downloaded: 1 files, 125 in 0.001s (138 KB/s)
