--2019-06-20 18:42:20--  ftp://ftp-private.ncbi.nlm.nih.gov/pubchem/.fetch/66/2650631156249031482.txt.gz
           => ‘2650631156249031482.txt.gz’
Resolving ftp-private.ncbi.nlm.nih.gov (ftp-private.ncbi.nlm.nih.gov)... 130.14.29.35
Connecting to ftp-private.ncbi.nlm.nih.gov (ftp-private.ncbi.nlm.nih.gov)|130.14.29.35|:21... connected.
Logging in as anonymous ... Logged in!
==> SYST ... done.    ==> PWD ... done.
==> TYPE I ... done.  ==> CWD (1) /pubchem/.fetch/66 ... done.
==> SIZE 2650631156249031482.txt.gz ... 67
==> PASV ... done.    ==> RETR 2650631156249031482.txt.gz ... done.
Length: 67 (unauthoritative)

     0K                                                       100% 77.9K=0.001s

2019-06-20 18:42:21 (77.9 KB/s) - ‘2650631156249031482.txt.gz’ saved [67]

--2019-06-20 18:42:21--  http://query/
Resolving query (query)... failed: Name or service not known.
wget: unable to resolve host address ‘query’
--2019-06-20 18:42:21--  ftp://xml/
           => ‘.listing’
Resolving xml (xml)... failed: Name or service not known.
wget: unable to resolve host address ‘xml’
--2019-06-20 18:42:21--  http://pc_fetch_aid1187287_activities_0.cgi/
Resolving pc_fetch_aid1187287_activities_0.cgi (pc_fetch_aid1187287_activities_0.cgi)... failed: Name or service not known.
wget: unable to resolve host address ‘pc_fetch_aid1187287_activities_0.cgi’
FINISHED --2019-06-20 18:42:21--
Total wall clock time: 0.4s
Downloaded: 1 files, 67 in 0.001s (77.9 KB/s)
