--2019-06-20 18:38:26--  ftp://ftp-private.ncbi.nlm.nih.gov/pubchem/.fetch/16/652507942797375737.txt.gz
           => ‘652507942797375737.txt.gz’
Resolving ftp-private.ncbi.nlm.nih.gov (ftp-private.ncbi.nlm.nih.gov)... 130.14.29.30
Connecting to ftp-private.ncbi.nlm.nih.gov (ftp-private.ncbi.nlm.nih.gov)|130.14.29.30|:21... connected.
Logging in as anonymous ... Logged in!
==> SYST ... done.    ==> PWD ... done.
==> TYPE I ... done.  ==> CWD (1) /pubchem/.fetch/16 ... done.
==> SIZE 652507942797375737.txt.gz ... 83
==> PASV ... done.    ==> RETR 652507942797375737.txt.gz ... done.
Length: 83 (unauthoritative)

     0K                                                       100% 3.93K=0.02s

2019-06-20 18:38:26 (3.93 KB/s) - ‘652507942797375737.txt.gz’ saved [83]

--2019-06-20 18:38:26--  http://query/
Resolving query (query)... failed: Name or service not known.
wget: unable to resolve host address ‘query’
--2019-06-20 18:38:26--  ftp://xml/
           => ‘.listing’
Resolving xml (xml)... failed: Name or service not known.
wget: unable to resolve host address ‘xml’
--2019-06-20 18:38:26--  http://pc_fetch_aid1185743_activities_0.cgi/
Resolving pc_fetch_aid1185743_activities_0.cgi (pc_fetch_aid1185743_activities_0.cgi)... failed: Name or service not known.
wget: unable to resolve host address ‘pc_fetch_aid1185743_activities_0.cgi’
FINISHED --2019-06-20 18:38:26--
Total wall clock time: 0.4s
Downloaded: 1 files, 83 in 0.02s (3.93 KB/s)
