--2019-06-21 00:09:13--  ftp://ftp-private.ncbi.nlm.nih.gov/pubchem/.fetch/100/960681844465164718.txt.gz
           => ‘960681844465164718.txt.gz’
Resolving ftp-private.ncbi.nlm.nih.gov (ftp-private.ncbi.nlm.nih.gov)... 130.14.29.35
Connecting to ftp-private.ncbi.nlm.nih.gov (ftp-private.ncbi.nlm.nih.gov)|130.14.29.35|:21... connected.
Logging in as anonymous ... Logged in!
==> SYST ... done.    ==> PWD ... done.
==> TYPE I ... done.  ==> CWD (1) /pubchem/.fetch/100 ... done.
==> SIZE 960681844465164718.txt.gz ... 538
==> PASV ... done.    ==> RETR 960681844465164718.txt.gz ... done.
Length: 538 (unauthoritative)

     0K                                                       100%  276K=0.002s

2019-06-21 00:09:13 (276 KB/s) - ‘960681844465164718.txt.gz’ saved [538]

--2019-06-21 00:09:13--  http://query/
Resolving query (query)... failed: Name or service not known.
wget: unable to resolve host address ‘query’
--2019-06-21 00:09:14--  ftp://xml/
           => ‘.listing’
Resolving xml (xml)... failed: Name or service not known.
wget: unable to resolve host address ‘xml’
--2019-06-21 00:09:14--  http://pc_fetch_aid734049_activities_0.cgi/
Resolving pc_fetch_aid734049_activities_0.cgi (pc_fetch_aid734049_activities_0.cgi)... failed: Name or service not known.
wget: unable to resolve host address ‘pc_fetch_aid734049_activities_0.cgi’
FINISHED --2019-06-21 00:09:14--
Total wall clock time: 0.4s
Downloaded: 1 files, 538 in 0.002s (276 KB/s)
