--2019-06-20 20:28:32--  ftp://ftp-private.ncbi.nlm.nih.gov/pubchem/.fetch/59/586006883712510725.txt.gz
           => ‘586006883712510725.txt.gz’
Resolving ftp-private.ncbi.nlm.nih.gov (ftp-private.ncbi.nlm.nih.gov)... 130.14.29.30
Connecting to ftp-private.ncbi.nlm.nih.gov (ftp-private.ncbi.nlm.nih.gov)|130.14.29.30|:21... connected.
Logging in as anonymous ... Logged in!
==> SYST ... done.    ==> PWD ... done.
==> TYPE I ... done.  ==> CWD (1) /pubchem/.fetch/59 ... done.
==> SIZE 586006883712510725.txt.gz ... 368
==> PASV ... done.    ==> RETR 586006883712510725.txt.gz ... done.
Length: 368 (unauthoritative)

     0K                                                       100%  207K=0.002s

2019-06-20 20:28:33 (207 KB/s) - ‘586006883712510725.txt.gz’ saved [368]

--2019-06-20 20:28:33--  http://query/
Resolving query (query)... failed: Name or service not known.
wget: unable to resolve host address ‘query’
--2019-06-20 20:28:33--  ftp://xml/
           => ‘.listing’
Resolving xml (xml)... failed: Name or service not known.
wget: unable to resolve host address ‘xml’
--2019-06-20 20:28:33--  http://pc_fetch_aid1310454_activities_0.cgi/
Resolving pc_fetch_aid1310454_activities_0.cgi (pc_fetch_aid1310454_activities_0.cgi)... failed: Name or service not known.
wget: unable to resolve host address ‘pc_fetch_aid1310454_activities_0.cgi’
FINISHED --2019-06-20 20:28:33--
Total wall clock time: 0.4s
Downloaded: 1 files, 368 in 0.002s (207 KB/s)
