--2019-06-20 20:12:05--  ftp://ftp-private.ncbi.nlm.nih.gov/pubchem/.fetch/75/3943835713729426377.txt.gz
           => ‘3943835713729426377.txt.gz’
Resolving ftp-private.ncbi.nlm.nih.gov (ftp-private.ncbi.nlm.nih.gov)... 130.14.29.30
Connecting to ftp-private.ncbi.nlm.nih.gov (ftp-private.ncbi.nlm.nih.gov)|130.14.29.30|:21... connected.
Logging in as anonymous ... Logged in!
==> SYST ... done.    ==> PWD ... done.
==> TYPE I ... done.  ==> CWD (1) /pubchem/.fetch/75 ... done.
==> SIZE 3943835713729426377.txt.gz ... 57
==> PASV ... done.    ==> RETR 3943835713729426377.txt.gz ... done.
Length: 57 (unauthoritative)

     0K                                                       100% 70.7K=0.001s

2019-06-20 20:12:05 (70.7 KB/s) - ‘3943835713729426377.txt.gz’ saved [57]

--2019-06-20 20:12:05--  http://query/
Resolving query (query)... failed: Name or service not known.
wget: unable to resolve host address ‘query’
--2019-06-20 20:12:05--  ftp://xml/
           => ‘.listing’
Resolving xml (xml)... failed: Name or service not known.
wget: unable to resolve host address ‘xml’
--2019-06-20 20:12:05--  http://pc_fetch_aid1303289_activities_0.cgi/
Resolving pc_fetch_aid1303289_activities_0.cgi (pc_fetch_aid1303289_activities_0.cgi)... failed: Name or service not known.
wget: unable to resolve host address ‘pc_fetch_aid1303289_activities_0.cgi’
FINISHED --2019-06-20 20:12:05--
Total wall clock time: 0.4s
Downloaded: 1 files, 57 in 0.001s (70.7 KB/s)
