--2019-06-21 00:09:25--  ftp://ftp-private.ncbi.nlm.nih.gov/pubchem/.fetch/53/3874138430013737817.txt.gz
           => ‘3874138430013737817.txt.gz’
Resolving ftp-private.ncbi.nlm.nih.gov (ftp-private.ncbi.nlm.nih.gov)... 130.14.29.35
Connecting to ftp-private.ncbi.nlm.nih.gov (ftp-private.ncbi.nlm.nih.gov)|130.14.29.35|:21... connected.
Logging in as anonymous ... Logged in!
==> SYST ... done.    ==> PWD ... done.
==> TYPE I ... done.  ==> CWD (1) /pubchem/.fetch/53 ... done.
==> SIZE 3874138430013737817.txt.gz ... 115
==> PASV ... done.    ==> RETR 3874138430013737817.txt.gz ... done.
Length: 115 (unauthoritative)

     0K                                                       100%  119K=0.001s

2019-06-21 00:09:25 (119 KB/s) - ‘3874138430013737817.txt.gz’ saved [115]

--2019-06-21 00:09:25--  http://query/
Resolving query (query)... failed: Name or service not known.
wget: unable to resolve host address ‘query’
--2019-06-21 00:09:25--  ftp://xml/
           => ‘.listing’
Resolving xml (xml)... failed: Name or service not known.
wget: unable to resolve host address ‘xml’
--2019-06-21 00:09:25--  http://pc_fetch_aid738399_activities_0.cgi/
Resolving pc_fetch_aid738399_activities_0.cgi (pc_fetch_aid738399_activities_0.cgi)... failed: Name or service not known.
wget: unable to resolve host address ‘pc_fetch_aid738399_activities_0.cgi’
FINISHED --2019-06-21 00:09:25--
Total wall clock time: 0.4s
Downloaded: 1 files, 115 in 0.001s (119 KB/s)
