--2019-06-20 17:39:17--  ftp://ftp-private.ncbi.nlm.nih.gov/pubchem/.fetch/13/1295560092530805066.txt.gz
           => ‘1295560092530805066.txt.gz’
Resolving ftp-private.ncbi.nlm.nih.gov (ftp-private.ncbi.nlm.nih.gov)... 130.14.29.30
Connecting to ftp-private.ncbi.nlm.nih.gov (ftp-private.ncbi.nlm.nih.gov)|130.14.29.30|:21... connected.
Logging in as anonymous ... Logged in!
==> SYST ... done.    ==> PWD ... done.
==> TYPE I ... done.  ==> CWD (1) /pubchem/.fetch/13 ... done.
==> SIZE 1295560092530805066.txt.gz ... 80
==> PASV ... done.    ==> RETR 1295560092530805066.txt.gz ... done.
Length: 80 (unauthoritative)

     0K                                                       100% 78.2K=0.001s

2019-06-20 17:39:18 (78.2 KB/s) - ‘1295560092530805066.txt.gz’ saved [80]

--2019-06-20 17:39:18--  http://query/
Resolving query (query)... failed: Name or service not known.
wget: unable to resolve host address ‘query’
--2019-06-20 17:39:18--  ftp://xml/
           => ‘.listing’
Resolving xml (xml)... failed: Name or service not known.
wget: unable to resolve host address ‘xml’
--2019-06-20 17:39:18--  http://pc_fetch_aid1138485_activities_0.cgi/
Resolving pc_fetch_aid1138485_activities_0.cgi (pc_fetch_aid1138485_activities_0.cgi)... failed: Name or service not known.
wget: unable to resolve host address ‘pc_fetch_aid1138485_activities_0.cgi’
FINISHED --2019-06-20 17:39:18--
Total wall clock time: 1.0s
Downloaded: 1 files, 80 in 0.001s (78.2 KB/s)
