--2019-06-20 19:06:59--  ftp://ftp-private.ncbi.nlm.nih.gov/pubchem/.fetch/48/4109297841345290103.txt.gz
           => ‘4109297841345290103.txt.gz’
Resolving ftp-private.ncbi.nlm.nih.gov (ftp-private.ncbi.nlm.nih.gov)... 130.14.29.30
Connecting to ftp-private.ncbi.nlm.nih.gov (ftp-private.ncbi.nlm.nih.gov)|130.14.29.30|:21... connected.
Logging in as anonymous ... Logged in!
==> SYST ... done.    ==> PWD ... done.
==> TYPE I ... done.  ==> CWD (1) /pubchem/.fetch/48 ... done.
==> SIZE 4109297841345290103.txt.gz ... 105
==> PASV ... done.    ==> RETR 4109297841345290103.txt.gz ... done.
Length: 105 (unauthoritative)

     0K                                                       100%  126K=0.001s

2019-06-20 19:06:59 (126 KB/s) - ‘4109297841345290103.txt.gz’ saved [105]

--2019-06-20 19:06:59--  http://query/
Resolving query (query)... failed: Name or service not known.
wget: unable to resolve host address ‘query’
--2019-06-20 19:06:59--  ftp://xml/
           => ‘.listing’
Resolving xml (xml)... failed: Name or service not known.
wget: unable to resolve host address ‘xml’
--2019-06-20 19:06:59--  http://pc_fetch_aid1242135_activities_0.cgi/
Resolving pc_fetch_aid1242135_activities_0.cgi (pc_fetch_aid1242135_activities_0.cgi)... failed: Name or service not known.
wget: unable to resolve host address ‘pc_fetch_aid1242135_activities_0.cgi’
FINISHED --2019-06-20 19:06:59--
Total wall clock time: 0.4s
Downloaded: 1 files, 105 in 0.001s (126 KB/s)
