--2019-06-20 20:14:32--  ftp://ftp-private.ncbi.nlm.nih.gov/pubchem/.fetch/94/2882952619185399645.txt.gz
           => ‘2882952619185399645.txt.gz’
Resolving ftp-private.ncbi.nlm.nih.gov (ftp-private.ncbi.nlm.nih.gov)... 130.14.29.35
Connecting to ftp-private.ncbi.nlm.nih.gov (ftp-private.ncbi.nlm.nih.gov)|130.14.29.35|:21... connected.
Logging in as anonymous ... Logged in!
==> SYST ... done.    ==> PWD ... done.
==> TYPE I ... done.  ==> CWD (1) /pubchem/.fetch/94 ... done.
==> SIZE 2882952619185399645.txt.gz ... 102
==> PASV ... done.    ==> RETR 2882952619185399645.txt.gz ... done.
Length: 102 (unauthoritative)

     0K                                                       100%  125K=0.001s

2019-06-20 20:14:32 (125 KB/s) - ‘2882952619185399645.txt.gz’ saved [102]

--2019-06-20 20:14:32--  http://query/
Resolving query (query)... failed: Name or service not known.
wget: unable to resolve host address ‘query’
--2019-06-20 20:14:32--  ftp://xml/
           => ‘.listing’
Resolving xml (xml)... failed: Name or service not known.
wget: unable to resolve host address ‘xml’
--2019-06-20 20:14:32--  http://pc_fetch_aid1307580_activities_0.cgi/
Resolving pc_fetch_aid1307580_activities_0.cgi (pc_fetch_aid1307580_activities_0.cgi)... failed: Name or service not known.
wget: unable to resolve host address ‘pc_fetch_aid1307580_activities_0.cgi’
FINISHED --2019-06-20 20:14:32--
Total wall clock time: 0.8s
Downloaded: 1 files, 102 in 0.001s (125 KB/s)
