--2019-06-20 21:07:29--  ftp://ftp-private.ncbi.nlm.nih.gov/pubchem/.fetch/100/1398637899744619971.txt.gz
           => ‘1398637899744619971.txt.gz’
Resolving ftp-private.ncbi.nlm.nih.gov (ftp-private.ncbi.nlm.nih.gov)... 130.14.29.35
Connecting to ftp-private.ncbi.nlm.nih.gov (ftp-private.ncbi.nlm.nih.gov)|130.14.29.35|:21... connected.
Logging in as anonymous ... Logged in!
==> SYST ... done.    ==> PWD ... done.
==> TYPE I ... done.  ==> CWD (1) /pubchem/.fetch/100 ... done.
==> SIZE 1398637899744619971.txt.gz ... 124
==> PASV ... done.    ==> RETR 1398637899744619971.txt.gz ... done.
Length: 124 (unauthoritative)

     0K                                                       100%  129K=0.001s

2019-06-20 21:07:30 (129 KB/s) - ‘1398637899744619971.txt.gz’ saved [124]

--2019-06-20 21:07:30--  http://query/
Resolving query (query)... failed: Name or service not known.
wget: unable to resolve host address ‘query’
--2019-06-20 21:07:30--  ftp://xml/
           => ‘.listing’
Resolving xml (xml)... failed: Name or service not known.
wget: unable to resolve host address ‘xml’
--2019-06-20 21:07:30--  http://pc_fetch_aid1336779_activities_0.cgi/
Resolving pc_fetch_aid1336779_activities_0.cgi (pc_fetch_aid1336779_activities_0.cgi)... failed: Name or service not known.
wget: unable to resolve host address ‘pc_fetch_aid1336779_activities_0.cgi’
FINISHED --2019-06-20 21:07:30--
Total wall clock time: 0.9s
Downloaded: 1 files, 124 in 0.001s (129 KB/s)
