--2019-06-20 23:45:52--  ftp://ftp-private.ncbi.nlm.nih.gov/pubchem/.fetch/17/2376384595568050001.txt.gz
           => ‘2376384595568050001.txt.gz’
Resolving ftp-private.ncbi.nlm.nih.gov (ftp-private.ncbi.nlm.nih.gov)... 130.14.29.35
Connecting to ftp-private.ncbi.nlm.nih.gov (ftp-private.ncbi.nlm.nih.gov)|130.14.29.35|:21... connected.
Logging in as anonymous ... Logged in!
==> SYST ... done.    ==> PWD ... done.
==> TYPE I ... done.  ==> CWD (1) /pubchem/.fetch/17 ... done.
==> SIZE 2376384595568050001.txt.gz ... 59
==> PASV ... done.    ==> RETR 2376384595568050001.txt.gz ... done.
Length: 59 (unauthoritative)

     0K                                                       100% 66.4K=0.001s

2019-06-20 23:45:52 (66.4 KB/s) - ‘2376384595568050001.txt.gz’ saved [59]

--2019-06-20 23:45:52--  http://query/
Resolving query (query)... failed: Name or service not known.
wget: unable to resolve host address ‘query’
--2019-06-20 23:45:52--  ftp://xml/
           => ‘.listing’
Resolving xml (xml)... failed: Name or service not known.
wget: unable to resolve host address ‘xml’
--2019-06-20 23:45:52--  http://pc_fetch_aid713144_activities_0.cgi/
Resolving pc_fetch_aid713144_activities_0.cgi (pc_fetch_aid713144_activities_0.cgi)... failed: Name or service not known.
wget: unable to resolve host address ‘pc_fetch_aid713144_activities_0.cgi’
FINISHED --2019-06-20 23:45:52--
Total wall clock time: 0.4s
Downloaded: 1 files, 59 in 0.001s (66.4 KB/s)
