--2019-06-20 17:29:59--  ftp://ftp-private.ncbi.nlm.nih.gov/pubchem/.fetch/22/907341340482458691.txt.gz
           => ‘907341340482458691.txt.gz’
Resolving ftp-private.ncbi.nlm.nih.gov (ftp-private.ncbi.nlm.nih.gov)... 130.14.29.35
Connecting to ftp-private.ncbi.nlm.nih.gov (ftp-private.ncbi.nlm.nih.gov)|130.14.29.35|:21... connected.
Logging in as anonymous ... Logged in!
==> SYST ... done.    ==> PWD ... done.
==> TYPE I ... done.  ==> CWD (1) /pubchem/.fetch/22 ... done.
==> SIZE 907341340482458691.txt.gz ... 96
==> PASV ... done.    ==> RETR 907341340482458691.txt.gz ... done.
Length: 96 (unauthoritative)

     0K                                                       100% 5.50K=0.02s

2019-06-20 17:29:59 (5.50 KB/s) - ‘907341340482458691.txt.gz’ saved [96]

--2019-06-20 17:29:59--  http://query/
Resolving query (query)... failed: Name or service not known.
wget: unable to resolve host address ‘query’
--2019-06-20 17:29:59--  ftp://xml/
           => ‘.listing’
Resolving xml (xml)... failed: Name or service not known.
wget: unable to resolve host address ‘xml’
--2019-06-20 17:29:59--  http://pc_fetch_aid1103753_activities_0.cgi/
Resolving pc_fetch_aid1103753_activities_0.cgi (pc_fetch_aid1103753_activities_0.cgi)... failed: Name or service not known.
wget: unable to resolve host address ‘pc_fetch_aid1103753_activities_0.cgi’
FINISHED --2019-06-20 17:29:59--
Total wall clock time: 0.6s
Downloaded: 1 files, 96 in 0.02s (5.50 KB/s)
