--2019-06-20 17:13:55--  ftp://ftp-private.ncbi.nlm.nih.gov/pubchem/.fetch/70/2089799720652098786.txt.gz
           => ‘2089799720652098786.txt.gz’
Resolving ftp-private.ncbi.nlm.nih.gov (ftp-private.ncbi.nlm.nih.gov)... 130.14.29.35
Connecting to ftp-private.ncbi.nlm.nih.gov (ftp-private.ncbi.nlm.nih.gov)|130.14.29.35|:21... connected.
Logging in as anonymous ... Logged in!
==> SYST ... done.    ==> PWD ... done.
==> TYPE I ... done.  ==> CWD (1) /pubchem/.fetch/70 ... done.
==> SIZE 2089799720652098786.txt.gz ... 271
==> PASV ... done.    ==> RETR 2089799720652098786.txt.gz ... done.
Length: 271 (unauthoritative)

     0K                                                       100% 12.2K=0.02s

2019-06-20 17:13:55 (12.2 KB/s) - ‘2089799720652098786.txt.gz’ saved [271]

--2019-06-20 17:13:55--  http://query/
Resolving query (query)... failed: Name or service not known.
wget: unable to resolve host address ‘query’
--2019-06-20 17:13:55--  ftp://xml/
           => ‘.listing’
Resolving xml (xml)... failed: Name or service not known.
wget: unable to resolve host address ‘xml’
--2019-06-20 17:13:55--  http://pc_fetch_aid1064222_activities_0.cgi/
Resolving pc_fetch_aid1064222_activities_0.cgi (pc_fetch_aid1064222_activities_0.cgi)... failed: Name or service not known.
wget: unable to resolve host address ‘pc_fetch_aid1064222_activities_0.cgi’
FINISHED --2019-06-20 17:13:55--
Total wall clock time: 0.5s
Downloaded: 1 files, 271 in 0.02s (12.2 KB/s)
