--2019-06-20 20:00:21--  ftp://ftp-private.ncbi.nlm.nih.gov/pubchem/.fetch/83/2129729314488492125.txt.gz
           => ‘2129729314488492125.txt.gz’
Resolving ftp-private.ncbi.nlm.nih.gov (ftp-private.ncbi.nlm.nih.gov)... 130.14.29.30
Connecting to ftp-private.ncbi.nlm.nih.gov (ftp-private.ncbi.nlm.nih.gov)|130.14.29.30|:21... connected.
Logging in as anonymous ... Logged in!
==> SYST ... done.    ==> PWD ... done.
==> TYPE I ... done.  ==> CWD (1) /pubchem/.fetch/83 ... done.
==> SIZE 2129729314488492125.txt.gz ... 78
==> PASV ... done.    ==> RETR 2129729314488492125.txt.gz ... done.
Length: 78 (unauthoritative)

     0K                                                       100% 87.0K=0.001s

2019-06-20 20:00:21 (87.0 KB/s) - ‘2129729314488492125.txt.gz’ saved [78]

--2019-06-20 20:00:21--  http://query/
Resolving query (query)... failed: Name or service not known.
wget: unable to resolve host address ‘query’
--2019-06-20 20:00:21--  ftp://xml/
           => ‘.listing’
Resolving xml (xml)... failed: Name or service not known.
wget: unable to resolve host address ‘xml’
--2019-06-20 20:00:21--  http://pc_fetch_aid1296464_activities_0.cgi/
Resolving pc_fetch_aid1296464_activities_0.cgi (pc_fetch_aid1296464_activities_0.cgi)... failed: Name or service not known.
wget: unable to resolve host address ‘pc_fetch_aid1296464_activities_0.cgi’
FINISHED --2019-06-20 20:00:21--
Total wall clock time: 0.4s
Downloaded: 1 files, 78 in 0.001s (87.0 KB/s)
