--2019-06-21 16:56:56--  ftp://ftp-private.ncbi.nlm.nih.gov/pubchem/.fetch/12/4306648846657073114.txt.gz
           => '4306648846657073114.txt.gz'
Resolving ftp-private.ncbi.nlm.nih.gov (ftp-private.ncbi.nlm.nih.gov)... 130.14.29.30
Connecting to ftp-private.ncbi.nlm.nih.gov (ftp-private.ncbi.nlm.nih.gov)|130.14.29.30|:21... connected.
Logging in as anonymous ... Logged in!
==> SYST ... done.    ==> PWD ... done.
==> TYPE I ... done.  ==> CWD (1) /pubchem/.fetch/12 ... done.
==> SIZE 4306648846657073114.txt.gz ... 112
==> PASV ... done.    ==> RETR 4306648846657073114.txt.gz ... done.
Length: 112 (unauthoritative)

     0K                                                       100%  150K=0.001s

2019-06-21 16:56:56 (150 KB/s) - '4306648846657073114.txt.gz' saved [112]

--2019-06-21 16:56:56--  http://query/
Resolving query (query)... failed: Name or service not known.
wget: unable to resolve host address 'query'
--2019-06-21 16:56:56--  ftp://xml/
           => '.listing'
Resolving xml (xml)... failed: Name or service not known.
wget: unable to resolve host address 'xml'
--2019-06-21 16:56:56--  http://pc_fetch_aid1057238_activities_0.cgi/
Resolving pc_fetch_aid1057238_activities_0.cgi (pc_fetch_aid1057238_activities_0.cgi)... failed: Name or service not known.
wget: unable to resolve host address 'pc_fetch_aid1057238_activities_0.cgi'
FINISHED --2019-06-21 16:56:57--
Total wall clock time: 1.2s
Downloaded: 1 files, 112 in 0.001s (150 KB/s)
