--2019-06-20 23:17:22--  ftp://ftp-private.ncbi.nlm.nih.gov/pubchem/.fetch/89/1338946937109001807.txt.gz
           => ‘1338946937109001807.txt.gz’
Resolving ftp-private.ncbi.nlm.nih.gov (ftp-private.ncbi.nlm.nih.gov)... 130.14.29.35
Connecting to ftp-private.ncbi.nlm.nih.gov (ftp-private.ncbi.nlm.nih.gov)|130.14.29.35|:21... connected.
Logging in as anonymous ... Logged in!
==> SYST ... done.    ==> PWD ... done.
==> TYPE I ... done.  ==> CWD (1) /pubchem/.fetch/89 ... done.
==> SIZE 1338946937109001807.txt.gz ... 70
==> PASV ... done.    ==> RETR 1338946937109001807.txt.gz ... done.
Length: 70 (unauthoritative)

     0K                                                       100% 71.2K=0.001s

2019-06-20 23:17:22 (71.2 KB/s) - ‘1338946937109001807.txt.gz’ saved [70]

--2019-06-20 23:17:22--  http://query/
Resolving query (query)... failed: Name or service not known.
wget: unable to resolve host address ‘query’
--2019-06-20 23:17:22--  ftp://xml/
           => ‘.listing’
Resolving xml (xml)... failed: Name or service not known.
wget: unable to resolve host address ‘xml’
--2019-06-20 23:17:22--  http://pc_fetch_aid645815_activities_0.cgi/
Resolving pc_fetch_aid645815_activities_0.cgi (pc_fetch_aid645815_activities_0.cgi)... failed: Name or service not known.
wget: unable to resolve host address ‘pc_fetch_aid645815_activities_0.cgi’
FINISHED --2019-06-20 23:17:22--
Total wall clock time: 0.5s
Downloaded: 1 files, 70 in 0.001s (71.2 KB/s)
