--2019-06-21 00:06:01--  ftp://ftp-private.ncbi.nlm.nih.gov/pubchem/.fetch/54/2485678875788584137.txt.gz
           => ‘2485678875788584137.txt.gz’
Resolving ftp-private.ncbi.nlm.nih.gov (ftp-private.ncbi.nlm.nih.gov)... 130.14.29.35
Connecting to ftp-private.ncbi.nlm.nih.gov (ftp-private.ncbi.nlm.nih.gov)|130.14.29.35|:21... connected.
Logging in as anonymous ... Logged in!
==> SYST ... done.    ==> PWD ... done.
==> TYPE I ... done.  ==> CWD (1) /pubchem/.fetch/54 ... done.
==> SIZE 2485678875788584137.txt.gz ... 227
==> PASV ... done.    ==> RETR 2485678875788584137.txt.gz ... done.
Length: 227 (unauthoritative)

     0K                                                       100% 22.0K=0.01s

2019-06-21 00:06:01 (22.0 KB/s) - ‘2485678875788584137.txt.gz’ saved [227]

--2019-06-21 00:06:01--  http://query/
Resolving query (query)... failed: Name or service not known.
wget: unable to resolve host address ‘query’
--2019-06-21 00:06:01--  ftp://xml/
           => ‘.listing’
Resolving xml (xml)... failed: Name or service not known.
wget: unable to resolve host address ‘xml’
--2019-06-21 00:06:01--  http://pc_fetch_aid733742_activities_0.cgi/
Resolving pc_fetch_aid733742_activities_0.cgi (pc_fetch_aid733742_activities_0.cgi)... failed: Name or service not known.
wget: unable to resolve host address ‘pc_fetch_aid733742_activities_0.cgi’
FINISHED --2019-06-21 00:06:01--
Total wall clock time: 0.7s
Downloaded: 1 files, 227 in 0.01s (22.0 KB/s)
