--2019-06-20 23:32:56--  ftp://ftp-private.ncbi.nlm.nih.gov/pubchem/.fetch/71/1318175404642249556.txt.gz
           => ‘1318175404642249556.txt.gz’
Resolving ftp-private.ncbi.nlm.nih.gov (ftp-private.ncbi.nlm.nih.gov)... 130.14.29.30
Connecting to ftp-private.ncbi.nlm.nih.gov (ftp-private.ncbi.nlm.nih.gov)|130.14.29.30|:21... connected.
Logging in as anonymous ... Logged in!
==> SYST ... done.    ==> PWD ... done.
==> TYPE I ... done.  ==> CWD (1) /pubchem/.fetch/71 ... done.
==> SIZE 1318175404642249556.txt.gz ... 77
==> PASV ... done.    ==> RETR 1318175404642249556.txt.gz ... done.
Length: 77 (unauthoritative)

     0K                                                       100% 92.0K=0.001s

2019-06-20 23:32:57 (92.0 KB/s) - ‘1318175404642249556.txt.gz’ saved [77]

--2019-06-20 23:32:57--  http://query/
Resolving query (query)... failed: Name or service not known.
wget: unable to resolve host address ‘query’
--2019-06-20 23:32:57--  ftp://xml/
           => ‘.listing’
Resolving xml (xml)... failed: Name or service not known.
wget: unable to resolve host address ‘xml’
--2019-06-20 23:32:57--  http://pc_fetch_aid700551_activities_0.cgi/
Resolving pc_fetch_aid700551_activities_0.cgi (pc_fetch_aid700551_activities_0.cgi)... failed: Name or service not known.
wget: unable to resolve host address ‘pc_fetch_aid700551_activities_0.cgi’
FINISHED --2019-06-20 23:32:57--
Total wall clock time: 0.4s
Downloaded: 1 files, 77 in 0.001s (92.0 KB/s)
