--2019-06-20 19:10:32--  ftp://ftp-private.ncbi.nlm.nih.gov/pubchem/.fetch/94/1267180922145257790.txt.gz
           => ‘1267180922145257790.txt.gz’
Resolving ftp-private.ncbi.nlm.nih.gov (ftp-private.ncbi.nlm.nih.gov)... 130.14.29.35
Connecting to ftp-private.ncbi.nlm.nih.gov (ftp-private.ncbi.nlm.nih.gov)|130.14.29.35|:21... connected.
Logging in as anonymous ... Logged in!
==> SYST ... done.    ==> PWD ... done.
==> TYPE I ... done.  ==> CWD (1) /pubchem/.fetch/94 ... done.
==> SIZE 1267180922145257790.txt.gz ... 118
==> PASV ... done.    ==> RETR 1267180922145257790.txt.gz ... done.
Length: 118 (unauthoritative)

     0K                                                       100%  130K=0.001s

2019-06-20 19:10:33 (130 KB/s) - ‘1267180922145257790.txt.gz’ saved [118]

--2019-06-20 19:10:33--  http://query/
Resolving query (query)... failed: Name or service not known.
wget: unable to resolve host address ‘query’
--2019-06-20 19:10:33--  ftp://xml/
           => ‘.listing’
Resolving xml (xml)... failed: Name or service not known.
wget: unable to resolve host address ‘xml’
--2019-06-20 19:10:33--  http://pc_fetch_aid1244556_activities_0.cgi/
Resolving pc_fetch_aid1244556_activities_0.cgi (pc_fetch_aid1244556_activities_0.cgi)... failed: Name or service not known.
wget: unable to resolve host address ‘pc_fetch_aid1244556_activities_0.cgi’
FINISHED --2019-06-20 19:10:33--
Total wall clock time: 0.7s
Downloaded: 1 files, 118 in 0.001s (130 KB/s)
