--2019-06-20 23:47:06--  ftp://ftp-private.ncbi.nlm.nih.gov/pubchem/.fetch/33/1084908112673002251.txt.gz
           => ‘1084908112673002251.txt.gz’
Resolving ftp-private.ncbi.nlm.nih.gov (ftp-private.ncbi.nlm.nih.gov)... 130.14.29.35
Connecting to ftp-private.ncbi.nlm.nih.gov (ftp-private.ncbi.nlm.nih.gov)|130.14.29.35|:21... connected.
Logging in as anonymous ... Logged in!
==> SYST ... done.    ==> PWD ... done.
==> TYPE I ... done.  ==> CWD (1) /pubchem/.fetch/33 ... done.
==> SIZE 1084908112673002251.txt.gz ... 87
==> PASV ... done.    ==> RETR 1084908112673002251.txt.gz ... done.
Length: 87 (unauthoritative)

     0K                                                       100% 89.5K=0.001s

2019-06-20 23:47:06 (89.5 KB/s) - ‘1084908112673002251.txt.gz’ saved [87]

--2019-06-20 23:47:06--  http://query/
Resolving query (query)... failed: Name or service not known.
wget: unable to resolve host address ‘query’
--2019-06-20 23:47:06--  ftp://xml/
           => ‘.listing’
Resolving xml (xml)... failed: Name or service not known.
wget: unable to resolve host address ‘xml’
--2019-06-20 23:47:06--  http://pc_fetch_aid713370_activities_0.cgi/
Resolving pc_fetch_aid713370_activities_0.cgi (pc_fetch_aid713370_activities_0.cgi)... failed: Name or service not known.
wget: unable to resolve host address ‘pc_fetch_aid713370_activities_0.cgi’
FINISHED --2019-06-20 23:47:06--
Total wall clock time: 0.5s
Downloaded: 1 files, 87 in 0.001s (89.5 KB/s)
