--2019-06-20 17:04:22--  ftp://ftp-private.ncbi.nlm.nih.gov/pubchem/.fetch/75/2995159396683573011.txt.gz
           => ‘2995159396683573011.txt.gz’
Resolving ftp-private.ncbi.nlm.nih.gov (ftp-private.ncbi.nlm.nih.gov)... 130.14.29.35
Connecting to ftp-private.ncbi.nlm.nih.gov (ftp-private.ncbi.nlm.nih.gov)|130.14.29.35|:21... connected.
Logging in as anonymous ... Logged in!
==> SYST ... done.    ==> PWD ... done.
==> TYPE I ... done.  ==> CWD (1) /pubchem/.fetch/75 ... done.
==> SIZE 2995159396683573011.txt.gz ... 251
==> PASV ... done.    ==> RETR 2995159396683573011.txt.gz ... done.
Length: 251 (unauthoritative)

     0K                                                       100%  210K=0.001s

2019-06-20 17:04:22 (210 KB/s) - ‘2995159396683573011.txt.gz’ saved [251]

--2019-06-20 17:04:22--  http://query/
Resolving query (query)... failed: Name or service not known.
wget: unable to resolve host address ‘query’
--2019-06-20 17:04:22--  ftp://xml/
           => ‘.listing’
Resolving xml (xml)... failed: Name or service not known.
wget: unable to resolve host address ‘xml’
--2019-06-20 17:04:22--  http://pc_fetch_aid1055316_activities_0.cgi/
Resolving pc_fetch_aid1055316_activities_0.cgi (pc_fetch_aid1055316_activities_0.cgi)... failed: Name or service not known.
wget: unable to resolve host address ‘pc_fetch_aid1055316_activities_0.cgi’
FINISHED --2019-06-20 17:04:22--
Total wall clock time: 0.6s
Downloaded: 1 files, 251 in 0.001s (210 KB/s)
