--2019-06-20 17:32:24--  ftp://ftp-private.ncbi.nlm.nih.gov/pubchem/.fetch/49/4408449829631415333.txt.gz
           => ‘4408449829631415333.txt.gz’
Resolving ftp-private.ncbi.nlm.nih.gov (ftp-private.ncbi.nlm.nih.gov)... 130.14.29.35
Connecting to ftp-private.ncbi.nlm.nih.gov (ftp-private.ncbi.nlm.nih.gov)|130.14.29.35|:21... connected.
Logging in as anonymous ... Logged in!
==> SYST ... done.    ==> PWD ... done.
==> TYPE I ... done.  ==> CWD (1) /pubchem/.fetch/49 ... done.
==> SIZE 4408449829631415333.txt.gz ... 113
==> PASV ... done.    ==> RETR 4408449829631415333.txt.gz ... done.
Length: 113 (unauthoritative)

     0K                                                       100%  122K=0.001s

2019-06-20 17:32:25 (122 KB/s) - ‘4408449829631415333.txt.gz’ saved [113]

--2019-06-20 17:32:25--  http://query/
Resolving query (query)... failed: Name or service not known.
wget: unable to resolve host address ‘query’
--2019-06-20 17:32:25--  ftp://xml/
           => ‘.listing’
Resolving xml (xml)... failed: Name or service not known.
wget: unable to resolve host address ‘xml’
--2019-06-20 17:32:25--  http://pc_fetch_aid1103777_activities_0.cgi/
Resolving pc_fetch_aid1103777_activities_0.cgi (pc_fetch_aid1103777_activities_0.cgi)... failed: Name or service not known.
wget: unable to resolve host address ‘pc_fetch_aid1103777_activities_0.cgi’
FINISHED --2019-06-20 17:32:26--
Total wall clock time: 1.2s
Downloaded: 1 files, 113 in 0.001s (122 KB/s)
