--2019-06-20 18:33:33--  ftp://ftp-private.ncbi.nlm.nih.gov/pubchem/.fetch/41/817316720642360998.txt.gz
           => ‘817316720642360998.txt.gz’
Resolving ftp-private.ncbi.nlm.nih.gov (ftp-private.ncbi.nlm.nih.gov)... 130.14.29.30
Connecting to ftp-private.ncbi.nlm.nih.gov (ftp-private.ncbi.nlm.nih.gov)|130.14.29.30|:21... connected.
Logging in as anonymous ... Logged in!
==> SYST ... done.    ==> PWD ... done.
==> TYPE I ... done.  ==> CWD (1) /pubchem/.fetch/41 ... done.
==> SIZE 817316720642360998.txt.gz ... 317
==> PASV ... done.    ==> RETR 817316720642360998.txt.gz ... done.
Length: 317 (unauthoritative)

     0K                                                       100%  222K=0.001s

2019-06-20 18:33:34 (222 KB/s) - ‘817316720642360998.txt.gz’ saved [317]

--2019-06-20 18:33:34--  http://query/
Resolving query (query)... failed: Name or service not known.
wget: unable to resolve host address ‘query’
--2019-06-20 18:33:34--  ftp://xml/
           => ‘.listing’
Resolving xml (xml)... failed: Name or service not known.
wget: unable to resolve host address ‘xml’
--2019-06-20 18:33:34--  http://pc_fetch_aid1185484_activities_0.cgi/
Resolving pc_fetch_aid1185484_activities_0.cgi (pc_fetch_aid1185484_activities_0.cgi)... failed: Name or service not known.
wget: unable to resolve host address ‘pc_fetch_aid1185484_activities_0.cgi’
FINISHED --2019-06-20 18:33:34--
Total wall clock time: 0.4s
Downloaded: 1 files, 317 in 0.001s (222 KB/s)
