--2019-06-20 22:32:59--  ftp://ftp-private.ncbi.nlm.nih.gov/pubchem/.fetch/53/3634516457718099803.txt.gz
           => ‘3634516457718099803.txt.gz’
Resolving ftp-private.ncbi.nlm.nih.gov (ftp-private.ncbi.nlm.nih.gov)... 130.14.29.35
Connecting to ftp-private.ncbi.nlm.nih.gov (ftp-private.ncbi.nlm.nih.gov)|130.14.29.35|:21... connected.
Logging in as anonymous ... Logged in!
==> SYST ... done.    ==> PWD ... done.
==> TYPE I ... done.  ==> CWD (1) /pubchem/.fetch/53 ... done.
==> SIZE 3634516457718099803.txt.gz ... 81
==> PASV ... done.    ==> RETR 3634516457718099803.txt.gz ... done.
Length: 81 (unauthoritative)

     0K                                                       100% 94.3K=0.001s

2019-06-20 22:33:00 (94.3 KB/s) - ‘3634516457718099803.txt.gz’ saved [81]

--2019-06-20 22:33:00--  http://query/
Resolving query (query)... failed: Name or service not known.
wget: unable to resolve host address ‘query’
--2019-06-20 22:33:00--  ftp://xml/
           => ‘.listing’
Resolving xml (xml)... failed: Name or service not known.
wget: unable to resolve host address ‘xml’
--2019-06-20 22:33:00--  http://pc_fetch_aid513936_activities_0.cgi/
Resolving pc_fetch_aid513936_activities_0.cgi (pc_fetch_aid513936_activities_0.cgi)... failed: Name or service not known.
wget: unable to resolve host address ‘pc_fetch_aid513936_activities_0.cgi’
FINISHED --2019-06-20 22:33:00--
Total wall clock time: 0.5s
Downloaded: 1 files, 81 in 0.001s (94.3 KB/s)
