--2019-06-20 21:49:24--  ftp://ftp-private.ncbi.nlm.nih.gov/pubchem/.fetch/95/4452576441925484138.txt.gz
           => ‘4452576441925484138.txt.gz’
Resolving ftp-private.ncbi.nlm.nih.gov (ftp-private.ncbi.nlm.nih.gov)... 130.14.29.35
Connecting to ftp-private.ncbi.nlm.nih.gov (ftp-private.ncbi.nlm.nih.gov)|130.14.29.35|:21... connected.
Logging in as anonymous ... Logged in!
==> SYST ... done.    ==> PWD ... done.
==> TYPE I ... done.  ==> CWD (1) /pubchem/.fetch/95 ... done.
==> SIZE 4452576441925484138.txt.gz ... 57
==> PASV ... done.    ==> RETR 4452576441925484138.txt.gz ... done.
Length: 57 (unauthoritative)

     0K                                                       100% 81.8K=0.001s

2019-06-20 21:49:25 (81.8 KB/s) - ‘4452576441925484138.txt.gz’ saved [57]

--2019-06-20 21:49:25--  http://query/
Resolving query (query)... failed: Name or service not known.
wget: unable to resolve host address ‘query’
--2019-06-20 21:49:25--  ftp://xml/
           => ‘.listing’
Resolving xml (xml)... failed: Name or service not known.
wget: unable to resolve host address ‘xml’
--2019-06-20 21:49:25--  http://pc_fetch_aid405730_activities_0.cgi/
Resolving pc_fetch_aid405730_activities_0.cgi (pc_fetch_aid405730_activities_0.cgi)... failed: Name or service not known.
wget: unable to resolve host address ‘pc_fetch_aid405730_activities_0.cgi’
FINISHED --2019-06-20 21:49:25--
Total wall clock time: 0.7s
Downloaded: 1 files, 57 in 0.001s (81.8 KB/s)
