--2019-06-20 17:55:46--  ftp://ftp-private.ncbi.nlm.nih.gov/pubchem/.fetch/47/3834589116371100798.txt.gz
           => ‘3834589116371100798.txt.gz’
Resolving ftp-private.ncbi.nlm.nih.gov (ftp-private.ncbi.nlm.nih.gov)... 130.14.29.30
Connecting to ftp-private.ncbi.nlm.nih.gov (ftp-private.ncbi.nlm.nih.gov)|130.14.29.30|:21... connected.
Logging in as anonymous ... Logged in!
==> SYST ... done.    ==> PWD ... done.
==> TYPE I ... done.  ==> CWD (1) /pubchem/.fetch/47 ... done.
==> SIZE 3834589116371100798.txt.gz ... 116
==> PASV ... done.    ==> RETR 3834589116371100798.txt.gz ... done.
Length: 116 (unauthoritative)

     0K                                                       100% 6.23K=0.02s

2019-06-20 17:55:46 (6.23 KB/s) - ‘3834589116371100798.txt.gz’ saved [116]

--2019-06-20 17:55:46--  http://query/
Resolving query (query)... failed: Name or service not known.
wget: unable to resolve host address ‘query’
--2019-06-20 17:55:46--  ftp://xml/
           => ‘.listing’
Resolving xml (xml)... failed: Name or service not known.
wget: unable to resolve host address ‘xml’
--2019-06-20 17:55:46--  http://pc_fetch_aid1162834_activities_0.cgi/
Resolving pc_fetch_aid1162834_activities_0.cgi (pc_fetch_aid1162834_activities_0.cgi)... failed: Name or service not known.
wget: unable to resolve host address ‘pc_fetch_aid1162834_activities_0.cgi’
FINISHED --2019-06-20 17:55:47--
Total wall clock time: 0.4s
Downloaded: 1 files, 116 in 0.02s (6.23 KB/s)
