--2019-06-20 21:23:14--  ftp://ftp-private.ncbi.nlm.nih.gov/pubchem/.fetch/73/3859607656508611288.txt.gz
           => ‘3859607656508611288.txt.gz’
Resolving ftp-private.ncbi.nlm.nih.gov (ftp-private.ncbi.nlm.nih.gov)... 130.14.29.35
Connecting to ftp-private.ncbi.nlm.nih.gov (ftp-private.ncbi.nlm.nih.gov)|130.14.29.35|:21... connected.
Logging in as anonymous ... Logged in!
==> SYST ... done.    ==> PWD ... done.
==> TYPE I ... done.  ==> CWD (1) /pubchem/.fetch/73 ... done.
==> SIZE 3859607656508611288.txt.gz ... 73
==> PASV ... done.    ==> RETR 3859607656508611288.txt.gz ... done.
Length: 73 (unauthoritative)

     0K                                                       100% 85.2K=0.001s

2019-06-20 21:23:15 (85.2 KB/s) - ‘3859607656508611288.txt.gz’ saved [73]

--2019-06-20 21:23:15--  http://query/
Resolving query (query)... failed: Name or service not known.
wget: unable to resolve host address ‘query’
--2019-06-20 21:23:15--  ftp://xml/
           => ‘.listing’
Resolving xml (xml)... failed: Name or service not known.
wget: unable to resolve host address ‘xml’
--2019-06-20 21:23:15--  http://pc_fetch_aid300144_activities_0.cgi/
Resolving pc_fetch_aid300144_activities_0.cgi (pc_fetch_aid300144_activities_0.cgi)... failed: Name or service not known.
wget: unable to resolve host address ‘pc_fetch_aid300144_activities_0.cgi’
FINISHED --2019-06-20 21:23:15--
Total wall clock time: 0.5s
Downloaded: 1 files, 73 in 0.001s (85.2 KB/s)
