--2019-06-21 00:09:37--  ftp://ftp-private.ncbi.nlm.nih.gov/pubchem/.fetch/6/2865454745947049444.txt.gz
           => ‘2865454745947049444.txt.gz’
Resolving ftp-private.ncbi.nlm.nih.gov (ftp-private.ncbi.nlm.nih.gov)... 130.14.29.30
Connecting to ftp-private.ncbi.nlm.nih.gov (ftp-private.ncbi.nlm.nih.gov)|130.14.29.30|:21... connected.
Logging in as anonymous ... Logged in!
==> SYST ... done.    ==> PWD ... done.
==> TYPE I ... done.  ==> CWD (1) /pubchem/.fetch/6 ... done.
==> SIZE 2865454745947049444.txt.gz ... 115
==> PASV ... done.    ==> RETR 2865454745947049444.txt.gz ... done.
Length: 115 (unauthoritative)

     0K                                                       100% 85.2K=0.001s

2019-06-21 00:09:37 (85.2 KB/s) - ‘2865454745947049444.txt.gz’ saved [115]

--2019-06-21 00:09:37--  http://query/
Resolving query (query)... failed: Name or service not known.
wget: unable to resolve host address ‘query’
--2019-06-21 00:09:37--  ftp://xml/
           => ‘.listing’
Resolving xml (xml)... failed: Name or service not known.
wget: unable to resolve host address ‘xml’
--2019-06-21 00:09:37--  http://pc_fetch_aid738401_activities_0.cgi/
Resolving pc_fetch_aid738401_activities_0.cgi (pc_fetch_aid738401_activities_0.cgi)... failed: Name or service not known.
wget: unable to resolve host address ‘pc_fetch_aid738401_activities_0.cgi’
FINISHED --2019-06-21 00:09:37--
Total wall clock time: 0.4s
Downloaded: 1 files, 115 in 0.001s (85.2 KB/s)
