--2019-06-21 00:11:20--  ftp://ftp-private.ncbi.nlm.nih.gov/pubchem/.fetch/16/2228676414807143656.txt.gz
           => ‘2228676414807143656.txt.gz’
Resolving ftp-private.ncbi.nlm.nih.gov (ftp-private.ncbi.nlm.nih.gov)... 130.14.29.35
Connecting to ftp-private.ncbi.nlm.nih.gov (ftp-private.ncbi.nlm.nih.gov)|130.14.29.35|:21... connected.
Logging in as anonymous ... Logged in!
==> SYST ... done.    ==> PWD ... done.
==> TYPE I ... done.  ==> CWD (1) /pubchem/.fetch/16 ... done.
==> SIZE 2228676414807143656.txt.gz ... 177
==> PASV ... done.    ==> RETR 2228676414807143656.txt.gz ... done.
Length: 177 (unauthoritative)

     0K                                                       100%  158K=0.001s

2019-06-21 00:11:20 (158 KB/s) - ‘2228676414807143656.txt.gz’ saved [177]

--2019-06-21 00:11:20--  http://query/
Resolving query (query)... failed: Name or service not known.
wget: unable to resolve host address ‘query’
--2019-06-21 00:11:20--  ftp://xml/
           => ‘.listing’
Resolving xml (xml)... failed: Name or service not known.
wget: unable to resolve host address ‘xml’
--2019-06-21 00:11:20--  http://pc_fetch_aid744657_activities_0.cgi/
Resolving pc_fetch_aid744657_activities_0.cgi (pc_fetch_aid744657_activities_0.cgi)... failed: Name or service not known.
wget: unable to resolve host address ‘pc_fetch_aid744657_activities_0.cgi’
FINISHED --2019-06-21 00:11:20--
Total wall clock time: 0.5s
Downloaded: 1 files, 177 in 0.001s (158 KB/s)
