--2019-06-20 18:38:19--  ftp://ftp-private.ncbi.nlm.nih.gov/pubchem/.fetch/55/1984327577167268689.txt.gz
           => ‘1984327577167268689.txt.gz’
Resolving ftp-private.ncbi.nlm.nih.gov (ftp-private.ncbi.nlm.nih.gov)... 130.14.29.30
Connecting to ftp-private.ncbi.nlm.nih.gov (ftp-private.ncbi.nlm.nih.gov)|130.14.29.30|:21... connected.
Logging in as anonymous ... Logged in!
==> SYST ... done.    ==> PWD ... done.
==> TYPE I ... done.  ==> CWD (1) /pubchem/.fetch/55 ... done.
==> SIZE 1984327577167268689.txt.gz ... 83
==> PASV ... done.    ==> RETR 1984327577167268689.txt.gz ... done.
Length: 83 (unauthoritative)

     0K                                                       100%  108K=0.001s

2019-06-20 18:38:20 (108 KB/s) - ‘1984327577167268689.txt.gz’ saved [83]

--2019-06-20 18:38:20--  http://query/
Resolving query (query)... failed: Name or service not known.
wget: unable to resolve host address ‘query’
--2019-06-20 18:38:20--  ftp://xml/
           => ‘.listing’
Resolving xml (xml)... failed: Name or service not known.
wget: unable to resolve host address ‘xml’
--2019-06-20 18:38:20--  http://pc_fetch_aid1185742_activities_0.cgi/
Resolving pc_fetch_aid1185742_activities_0.cgi (pc_fetch_aid1185742_activities_0.cgi)... failed: Name or service not known.
wget: unable to resolve host address ‘pc_fetch_aid1185742_activities_0.cgi’
FINISHED --2019-06-20 18:38:20--
Total wall clock time: 0.8s
Downloaded: 1 files, 83 in 0.001s (108 KB/s)
