--2019-06-21 15:57:40--  ftp://ftp-private.ncbi.nlm.nih.gov/pubchem/.fetch/28/3141377797907135620.txt.gz
           => ‘3141377797907135620.txt.gz’
Resolving ftp-private.ncbi.nlm.nih.gov (ftp-private.ncbi.nlm.nih.gov)... 130.14.29.35
Connecting to ftp-private.ncbi.nlm.nih.gov (ftp-private.ncbi.nlm.nih.gov)|130.14.29.35|:21... connected.
Logging in as anonymous ... Logged in!
==> SYST ... done.    ==> PWD ... done.
==> TYPE I ... done.  ==> CWD (1) /pubchem/.fetch/28 ... done.
==> SIZE 3141377797907135620.txt.gz ... 1315
==> PASV ... done.    ==> RETR 3141377797907135620.txt.gz ... done.
Length: 1315 (1.3K) (unauthoritative)

     0K .                                                     100%  408K=0.003s

2019-06-21 15:57:41 (408 KB/s) - ‘3141377797907135620.txt.gz’ saved [1315]

--2019-06-21 15:57:41--  http://query/
Resolving query (query)... failed: Name or service not known.
wget: unable to resolve host address ‘query’
--2019-06-21 15:57:41--  ftp://xml/
           => ‘.listing’
Resolving xml (xml)... failed: Name or service not known.
wget: unable to resolve host address ‘xml’
--2019-06-21 15:57:41--  http://pc_fetch_aid504801_activities_sid_0.cgi/
Resolving pc_fetch_aid504801_activities_sid_0.cgi (pc_fetch_aid504801_activities_sid_0.cgi)... failed: Name or service not known.
wget: unable to resolve host address ‘pc_fetch_aid504801_activities_sid_0.cgi’
FINISHED --2019-06-21 15:57:41--
Total wall clock time: 0.8s
Downloaded: 1 files, 1.3K in 0.003s (408 KB/s)
