--2019-06-21 00:39:41--  ftp://ftp-private.ncbi.nlm.nih.gov/pubchem/.fetch/13/436129516817852699.txt.gz
           => ‘436129516817852699.txt.gz’
Resolving ftp-private.ncbi.nlm.nih.gov (ftp-private.ncbi.nlm.nih.gov)... 130.14.29.30
Connecting to ftp-private.ncbi.nlm.nih.gov (ftp-private.ncbi.nlm.nih.gov)|130.14.29.30|:21... connected.
Logging in as anonymous ... Logged in!
==> SYST ... done.    ==> PWD ... done.
==> TYPE I ... done.  ==> CWD (1) /pubchem/.fetch/13 ... done.
==> SIZE 436129516817852699.txt.gz ... 559
==> PASV ... done.    ==> RETR 436129516817852699.txt.gz ... done.
Length: 559 (unauthoritative)

     0K                                                       100%  311K=0.002s

2019-06-21 00:39:42 (311 KB/s) - ‘436129516817852699.txt.gz’ saved [559]

--2019-06-21 00:39:42--  http://query/
Resolving query (query)... failed: Name or service not known.
wget: unable to resolve host address ‘query’
--2019-06-21 00:39:42--  ftp://xml/
           => ‘.listing’
Resolving xml (xml)... failed: Name or service not known.
wget: unable to resolve host address ‘xml’
--2019-06-21 00:39:42--  http://pc_fetch_aid769610_activities_0.cgi/
Resolving pc_fetch_aid769610_activities_0.cgi (pc_fetch_aid769610_activities_0.cgi)... failed: Name or service not known.
wget: unable to resolve host address ‘pc_fetch_aid769610_activities_0.cgi’
FINISHED --2019-06-21 00:39:42--
Total wall clock time: 0.4s
Downloaded: 1 files, 559 in 0.002s (311 KB/s)
