--2019-06-21 00:17:08--  ftp://ftp-private.ncbi.nlm.nih.gov/pubchem/.fetch/20/624430055592364758.txt.gz
           => ‘624430055592364758.txt.gz’
Resolving ftp-private.ncbi.nlm.nih.gov (ftp-private.ncbi.nlm.nih.gov)... 130.14.29.35
Connecting to ftp-private.ncbi.nlm.nih.gov (ftp-private.ncbi.nlm.nih.gov)|130.14.29.35|:21... connected.
Logging in as anonymous ... Logged in!
==> SYST ... done.    ==> PWD ... done.
==> TYPE I ... done.  ==> CWD (1) /pubchem/.fetch/20 ... done.
==> SIZE 624430055592364758.txt.gz ... 139
==> PASV ... done.    ==> RETR 624430055592364758.txt.gz ... done.
Length: 139 (unauthoritative)

     0K                                                       100%  129K=0.001s

2019-06-21 00:17:09 (129 KB/s) - ‘624430055592364758.txt.gz’ saved [139]

--2019-06-21 00:17:09--  http://query/
Resolving query (query)... failed: Name or service not known.
wget: unable to resolve host address ‘query’
--2019-06-21 00:17:09--  ftp://xml/
           => ‘.listing’
Resolving xml (xml)... failed: Name or service not known.
wget: unable to resolve host address ‘xml’
--2019-06-21 00:17:09--  http://pc_fetch_aid747217_activities_0.cgi/
Resolving pc_fetch_aid747217_activities_0.cgi (pc_fetch_aid747217_activities_0.cgi)... failed: Name or service not known.
wget: unable to resolve host address ‘pc_fetch_aid747217_activities_0.cgi’
FINISHED --2019-06-21 00:17:09--
Total wall clock time: 0.7s
Downloaded: 1 files, 139 in 0.001s (129 KB/s)
