--2019-06-20 17:46:49--  ftp://ftp-private.ncbi.nlm.nih.gov/pubchem/.fetch/59/1736329626222307348.txt.gz
           => ‘1736329626222307348.txt.gz’
Resolving ftp-private.ncbi.nlm.nih.gov (ftp-private.ncbi.nlm.nih.gov)... 130.14.29.30
Connecting to ftp-private.ncbi.nlm.nih.gov (ftp-private.ncbi.nlm.nih.gov)|130.14.29.30|:21... connected.
Logging in as anonymous ... Logged in!
==> SYST ... done.    ==> PWD ... done.
==> TYPE I ... done.  ==> CWD (1) /pubchem/.fetch/59 ... done.
==> SIZE 1736329626222307348.txt.gz ... 273
==> PASV ... done.    ==> RETR 1736329626222307348.txt.gz ... done.
Length: 273 (unauthoritative)

     0K                                                       100%  148K=0.002s

2019-06-20 17:46:49 (148 KB/s) - ‘1736329626222307348.txt.gz’ saved [273]

--2019-06-20 17:46:49--  http://query/
Resolving query (query)... failed: Name or service not known.
wget: unable to resolve host address ‘query’
--2019-06-20 17:46:49--  ftp://xml/
           => ‘.listing’
Resolving xml (xml)... failed: Name or service not known.
wget: unable to resolve host address ‘xml’
--2019-06-20 17:46:49--  http://pc_fetch_aid1161323_activities_0.cgi/
Resolving pc_fetch_aid1161323_activities_0.cgi (pc_fetch_aid1161323_activities_0.cgi)... failed: Name or service not known.
wget: unable to resolve host address ‘pc_fetch_aid1161323_activities_0.cgi’
FINISHED --2019-06-20 17:46:49--
Total wall clock time: 0.7s
Downloaded: 1 files, 273 in 0.002s (148 KB/s)
