--2019-06-20 22:57:58--  ftp://ftp-private.ncbi.nlm.nih.gov/pubchem/.fetch/40/1116240592185474659.txt.gz
           => ‘1116240592185474659.txt.gz’
Resolving ftp-private.ncbi.nlm.nih.gov (ftp-private.ncbi.nlm.nih.gov)... 130.14.29.35
Connecting to ftp-private.ncbi.nlm.nih.gov (ftp-private.ncbi.nlm.nih.gov)|130.14.29.35|:21... connected.
Logging in as anonymous ... Logged in!
==> SYST ... done.    ==> PWD ... done.
==> TYPE I ... done.  ==> CWD (1) /pubchem/.fetch/40 ... done.
==> SIZE 1116240592185474659.txt.gz ... 141
==> PASV ... done.    ==> RETR 1116240592185474659.txt.gz ... done.
Length: 141 (unauthoritative)

     0K                                                       100%  146K=0.001s

2019-06-20 22:57:59 (146 KB/s) - ‘1116240592185474659.txt.gz’ saved [141]

--2019-06-20 22:57:59--  http://query/
Resolving query (query)... failed: Name or service not known.
wget: unable to resolve host address ‘query’
--2019-06-20 22:57:59--  ftp://xml/
           => ‘.listing’
Resolving xml (xml)... failed: Name or service not known.
wget: unable to resolve host address ‘xml’
--2019-06-20 22:57:59--  http://pc_fetch_aid608124_activities_0.cgi/
Resolving pc_fetch_aid608124_activities_0.cgi (pc_fetch_aid608124_activities_0.cgi)... failed: Name or service not known.
wget: unable to resolve host address ‘pc_fetch_aid608124_activities_0.cgi’
FINISHED --2019-06-20 22:57:59--
Total wall clock time: 0.6s
Downloaded: 1 files, 141 in 0.001s (146 KB/s)
