--2019-06-20 17:02:59--  ftp://ftp-private.ncbi.nlm.nih.gov/pubchem/.fetch/13/2436993654017035747.txt.gz
           => ‘2436993654017035747.txt.gz’
Resolving ftp-private.ncbi.nlm.nih.gov (ftp-private.ncbi.nlm.nih.gov)... 130.14.29.35
Connecting to ftp-private.ncbi.nlm.nih.gov (ftp-private.ncbi.nlm.nih.gov)|130.14.29.35|:21... connected.
Logging in as anonymous ... Logged in!
==> SYST ... done.    ==> PWD ... done.
==> TYPE I ... done.  ==> CWD (1) /pubchem/.fetch/13 ... done.
==> SIZE 2436993654017035747.txt.gz ... 103
==> PASV ... done.    ==> RETR 2436993654017035747.txt.gz ... done.
Length: 103 (unauthoritative)

     0K                                                       100% 5.02K=0.02s

2019-06-20 17:03:00 (5.02 KB/s) - ‘2436993654017035747.txt.gz’ saved [103]

--2019-06-20 17:03:00--  http://query/
Resolving query (query)... failed: Name or service not known.
wget: unable to resolve host address ‘query’
--2019-06-20 17:03:00--  ftp://xml/
           => ‘.listing’
Resolving xml (xml)... failed: Name or service not known.
wget: unable to resolve host address ‘xml’
--2019-06-20 17:03:00--  http://pc_fetch_aid1055303_activities_0.cgi/
Resolving pc_fetch_aid1055303_activities_0.cgi (pc_fetch_aid1055303_activities_0.cgi)... failed: Name or service not known.
wget: unable to resolve host address ‘pc_fetch_aid1055303_activities_0.cgi’
FINISHED --2019-06-20 17:03:00--
Total wall clock time: 0.5s
Downloaded: 1 files, 103 in 0.02s (5.02 KB/s)
