--2019-06-20 21:34:48--  ftp://ftp-private.ncbi.nlm.nih.gov/pubchem/.fetch/72/1973825783571390848.txt.gz
           => ‘1973825783571390848.txt.gz’
Resolving ftp-private.ncbi.nlm.nih.gov (ftp-private.ncbi.nlm.nih.gov)... 130.14.29.30
Connecting to ftp-private.ncbi.nlm.nih.gov (ftp-private.ncbi.nlm.nih.gov)|130.14.29.30|:21... connected.
Logging in as anonymous ... Logged in!
==> SYST ... done.    ==> PWD ... done.
==> TYPE I ... done.  ==> CWD (1) /pubchem/.fetch/72 ... done.
==> SIZE 1973825783571390848.txt.gz ... 53
==> PASV ... done.    ==> RETR 1973825783571390848.txt.gz ... done.
Length: 53 (unauthoritative)

     0K                                                       100% 68.0K=0.001s

2019-06-20 21:34:49 (68.0 KB/s) - ‘1973825783571390848.txt.gz’ saved [53]

--2019-06-20 21:34:49--  http://query/
Resolving query (query)... failed: Name or service not known.
wget: unable to resolve host address ‘query’
--2019-06-20 21:34:49--  ftp://xml/
           => ‘.listing’
Resolving xml (xml)... failed: Name or service not known.
wget: unable to resolve host address ‘xml’
--2019-06-20 21:34:49--  http://pc_fetch_aid346057_activities_0.cgi/
Resolving pc_fetch_aid346057_activities_0.cgi (pc_fetch_aid346057_activities_0.cgi)... failed: Name or service not known.
wget: unable to resolve host address ‘pc_fetch_aid346057_activities_0.cgi’
FINISHED --2019-06-20 21:34:49--
Total wall clock time: 0.4s
Downloaded: 1 files, 53 in 0.001s (68.0 KB/s)
