--2019-06-20 20:44:30--  ftp://ftp-private.ncbi.nlm.nih.gov/pubchem/.fetch/99/3006700374369442187.txt.gz
           => ‘3006700374369442187.txt.gz’
Resolving ftp-private.ncbi.nlm.nih.gov (ftp-private.ncbi.nlm.nih.gov)... 130.14.29.35
Connecting to ftp-private.ncbi.nlm.nih.gov (ftp-private.ncbi.nlm.nih.gov)|130.14.29.35|:21... connected.
Logging in as anonymous ... Logged in!
==> SYST ... done.    ==> PWD ... done.
==> TYPE I ... done.  ==> CWD (1) /pubchem/.fetch/99 ... done.
==> SIZE 3006700374369442187.txt.gz ... 112
==> PASV ... done.    ==> RETR 3006700374369442187.txt.gz ... done.
Length: 112 (unauthoritative)

     0K                                                       100%  120K=0.001s

2019-06-20 20:44:30 (120 KB/s) - ‘3006700374369442187.txt.gz’ saved [112]

--2019-06-20 20:44:30--  http://query/
Resolving query (query)... failed: Name or service not known.
wget: unable to resolve host address ‘query’
--2019-06-20 20:44:30--  ftp://xml/
           => ‘.listing’
Resolving xml (xml)... failed: Name or service not known.
wget: unable to resolve host address ‘xml’
--2019-06-20 20:44:30--  http://pc_fetch_aid1323036_activities_0.cgi/
Resolving pc_fetch_aid1323036_activities_0.cgi (pc_fetch_aid1323036_activities_0.cgi)... failed: Name or service not known.
wget: unable to resolve host address ‘pc_fetch_aid1323036_activities_0.cgi’
FINISHED --2019-06-20 20:44:30--
Total wall clock time: 0.5s
Downloaded: 1 files, 112 in 0.001s (120 KB/s)
