--2019-06-20 17:42:09--  ftp://ftp-private.ncbi.nlm.nih.gov/pubchem/.fetch/52/1557940879533939086.txt.gz
           => ‘1557940879533939086.txt.gz’
Resolving ftp-private.ncbi.nlm.nih.gov (ftp-private.ncbi.nlm.nih.gov)... 130.14.29.35
Connecting to ftp-private.ncbi.nlm.nih.gov (ftp-private.ncbi.nlm.nih.gov)|130.14.29.35|:21... connected.
Logging in as anonymous ... Logged in!
==> SYST ... done.    ==> PWD ... done.
==> TYPE I ... done.  ==> CWD (1) /pubchem/.fetch/52 ... done.
==> SIZE 1557940879533939086.txt.gz ... 95
==> PASV ... done.    ==> RETR 1557940879533939086.txt.gz ... done.
Length: 95 (unauthoritative)

     0K                                                       100%  101K=0.001s

2019-06-20 17:42:10 (101 KB/s) - ‘1557940879533939086.txt.gz’ saved [95]

--2019-06-20 17:42:10--  http://query/
Resolving query (query)... failed: Name or service not known.
wget: unable to resolve host address ‘query’
--2019-06-20 17:42:10--  ftp://xml/
           => ‘.listing’
Resolving xml (xml)... failed: Name or service not known.
wget: unable to resolve host address ‘xml’
--2019-06-20 17:42:10--  http://pc_fetch_aid1154406_activities_0.cgi/
Resolving pc_fetch_aid1154406_activities_0.cgi (pc_fetch_aid1154406_activities_0.cgi)... failed: Name or service not known.
wget: unable to resolve host address ‘pc_fetch_aid1154406_activities_0.cgi’
FINISHED --2019-06-20 17:42:10--
Total wall clock time: 0.4s
Downloaded: 1 files, 95 in 0.001s (101 KB/s)
