--2019-06-20 18:34:21--  ftp://ftp-private.ncbi.nlm.nih.gov/pubchem/.fetch/11/1496273638247411859.txt.gz
           => ‘1496273638247411859.txt.gz’
Resolving ftp-private.ncbi.nlm.nih.gov (ftp-private.ncbi.nlm.nih.gov)... 130.14.29.35
Connecting to ftp-private.ncbi.nlm.nih.gov (ftp-private.ncbi.nlm.nih.gov)|130.14.29.35|:21... connected.
Logging in as anonymous ... Logged in!
==> SYST ... done.    ==> PWD ... done.
==> TYPE I ... done.  ==> CWD (1) /pubchem/.fetch/11 ... done.
==> SIZE 1496273638247411859.txt.gz ... 118
==> PASV ... done.    ==> RETR 1496273638247411859.txt.gz ... done.
Length: 118 (unauthoritative)

     0K                                                       100% 8.22K=0.01s

2019-06-20 18:34:21 (8.22 KB/s) - ‘1496273638247411859.txt.gz’ saved [118]

--2019-06-20 18:34:21--  http://query/
Resolving query (query)... failed: Name or service not known.
wget: unable to resolve host address ‘query’
--2019-06-20 18:34:21--  ftp://xml/
           => ‘.listing’
Resolving xml (xml)... failed: Name or service not known.
wget: unable to resolve host address ‘xml’
--2019-06-20 18:34:21--  http://pc_fetch_aid1185492_activities_0.cgi/
Resolving pc_fetch_aid1185492_activities_0.cgi (pc_fetch_aid1185492_activities_0.cgi)... failed: Name or service not known.
wget: unable to resolve host address ‘pc_fetch_aid1185492_activities_0.cgi’
FINISHED --2019-06-20 18:34:21--
Total wall clock time: 0.6s
Downloaded: 1 files, 118 in 0.01s (8.22 KB/s)
