--2019-06-20 18:12:11--  ftp://ftp-private.ncbi.nlm.nih.gov/pubchem/.fetch/49/2366657552297334168.txt.gz
           => ‘2366657552297334168.txt.gz’
Resolving ftp-private.ncbi.nlm.nih.gov (ftp-private.ncbi.nlm.nih.gov)... 130.14.29.35
Connecting to ftp-private.ncbi.nlm.nih.gov (ftp-private.ncbi.nlm.nih.gov)|130.14.29.35|:21... connected.
Logging in as anonymous ... Logged in!
==> SYST ... done.    ==> PWD ... done.
==> TYPE I ... done.  ==> CWD (1) /pubchem/.fetch/49 ... done.
==> SIZE 2366657552297334168.txt.gz ... 123
==> PASV ... done.    ==> RETR 2366657552297334168.txt.gz ... done.
Length: 123 (unauthoritative)

     0K                                                       100%  136K=0.001s

2019-06-20 18:12:11 (136 KB/s) - ‘2366657552297334168.txt.gz’ saved [123]

--2019-06-20 18:12:11--  http://query/
Resolving query (query)... failed: Name or service not known.
wget: unable to resolve host address ‘query’
--2019-06-20 18:12:11--  ftp://xml/
           => ‘.listing’
Resolving xml (xml)... failed: Name or service not known.
wget: unable to resolve host address ‘xml’
--2019-06-20 18:12:11--  http://pc_fetch_aid1165512_activities_0.cgi/
Resolving pc_fetch_aid1165512_activities_0.cgi (pc_fetch_aid1165512_activities_0.cgi)... failed: Name or service not known.
wget: unable to resolve host address ‘pc_fetch_aid1165512_activities_0.cgi’
FINISHED --2019-06-20 18:12:11--
Total wall clock time: 0.5s
Downloaded: 1 files, 123 in 0.001s (136 KB/s)
