--2019-06-20 19:56:08--  ftp://ftp-private.ncbi.nlm.nih.gov/pubchem/.fetch/70/278236440742684360.txt.gz
           => ‘278236440742684360.txt.gz’
Resolving ftp-private.ncbi.nlm.nih.gov (ftp-private.ncbi.nlm.nih.gov)... 130.14.29.35
Connecting to ftp-private.ncbi.nlm.nih.gov (ftp-private.ncbi.nlm.nih.gov)|130.14.29.35|:21... connected.
Logging in as anonymous ... Logged in!
==> SYST ... done.    ==> PWD ... done.
==> TYPE I ... done.  ==> CWD (1) /pubchem/.fetch/70 ... done.
==> SIZE 278236440742684360.txt.gz ... 61
==> PASV ... done.    ==> RETR 278236440742684360.txt.gz ... done.
Length: 61 (unauthoritative)

     0K                                                       100% 66.4K=0.001s

2019-06-20 19:56:09 (66.4 KB/s) - ‘278236440742684360.txt.gz’ saved [61]

--2019-06-20 19:56:09--  http://query/
Resolving query (query)... failed: Name or service not known.
wget: unable to resolve host address ‘query’
--2019-06-20 19:56:09--  ftp://xml/
           => ‘.listing’
Resolving xml (xml)... failed: Name or service not known.
wget: unable to resolve host address ‘xml’
--2019-06-20 19:56:09--  http://pc_fetch_aid1287195_activities_0.cgi/
Resolving pc_fetch_aid1287195_activities_0.cgi (pc_fetch_aid1287195_activities_0.cgi)... failed: Name or service not known.
wget: unable to resolve host address ‘pc_fetch_aid1287195_activities_0.cgi’
FINISHED --2019-06-20 19:56:09--
Total wall clock time: 0.5s
Downloaded: 1 files, 61 in 0.001s (66.4 KB/s)
