--2019-06-20 19:38:36--  ftp://ftp-private.ncbi.nlm.nih.gov/pubchem/.fetch/16/3916060176207508753.txt.gz
           => ‘3916060176207508753.txt.gz’
Resolving ftp-private.ncbi.nlm.nih.gov (ftp-private.ncbi.nlm.nih.gov)... 130.14.29.30
Connecting to ftp-private.ncbi.nlm.nih.gov (ftp-private.ncbi.nlm.nih.gov)|130.14.29.30|:21... connected.
Logging in as anonymous ... Logged in!
==> SYST ... done.    ==> PWD ... done.
==> TYPE I ... done.  ==> CWD (1) /pubchem/.fetch/16 ... done.
==> SIZE 3916060176207508753.txt.gz ... 82
==> PASV ... done.    ==> RETR 3916060176207508753.txt.gz ... done.
Length: 82 (unauthoritative)

     0K                                                       100% 95.9K=0.001s

2019-06-20 19:38:37 (95.9 KB/s) - ‘3916060176207508753.txt.gz’ saved [82]

--2019-06-20 19:38:37--  http://query/
Resolving query (query)... failed: Name or service not known.
wget: unable to resolve host address ‘query’
--2019-06-20 19:38:37--  ftp://xml/
           => ‘.listing’
Resolving xml (xml)... failed: Name or service not known.
wget: unable to resolve host address ‘xml’
--2019-06-20 19:38:37--  http://pc_fetch_aid1276769_activities_0.cgi/
Resolving pc_fetch_aid1276769_activities_0.cgi (pc_fetch_aid1276769_activities_0.cgi)... failed: Name or service not known.
wget: unable to resolve host address ‘pc_fetch_aid1276769_activities_0.cgi’
FINISHED --2019-06-20 19:38:37--
Total wall clock time: 0.4s
Downloaded: 1 files, 82 in 0.001s (95.9 KB/s)
