--2019-06-20 20:12:47--  ftp://ftp-private.ncbi.nlm.nih.gov/pubchem/.fetch/23/3718397839343662720.txt.gz
           => ‘3718397839343662720.txt.gz’
Resolving ftp-private.ncbi.nlm.nih.gov (ftp-private.ncbi.nlm.nih.gov)... 130.14.29.35
Connecting to ftp-private.ncbi.nlm.nih.gov (ftp-private.ncbi.nlm.nih.gov)|130.14.29.35|:21... connected.
Logging in as anonymous ... Logged in!
==> SYST ... done.    ==> PWD ... done.
==> TYPE I ... done.  ==> CWD (1) /pubchem/.fetch/23 ... done.
==> SIZE 3718397839343662720.txt.gz ... 115
==> PASV ... done.    ==> RETR 3718397839343662720.txt.gz ... done.
Length: 115 (unauthoritative)

     0K                                                       100%  115K=0.001s

2019-06-20 20:12:48 (115 KB/s) - ‘3718397839343662720.txt.gz’ saved [115]

--2019-06-20 20:12:48--  http://query/
Resolving query (query)... failed: Name or service not known.
wget: unable to resolve host address ‘query’
--2019-06-20 20:12:48--  ftp://xml/
           => ‘.listing’
Resolving xml (xml)... failed: Name or service not known.
wget: unable to resolve host address ‘xml’
--2019-06-20 20:12:48--  http://pc_fetch_aid1306298_activities_0.cgi/
Resolving pc_fetch_aid1306298_activities_0.cgi (pc_fetch_aid1306298_activities_0.cgi)... failed: Name or service not known.
wget: unable to resolve host address ‘pc_fetch_aid1306298_activities_0.cgi’
FINISHED --2019-06-20 20:12:48--
Total wall clock time: 0.4s
Downloaded: 1 files, 115 in 0.001s (115 KB/s)
