--2019-06-20 17:27:14--  ftp://ftp-private.ncbi.nlm.nih.gov/pubchem/.fetch/74/2423461857649085251.txt.gz
           => ‘2423461857649085251.txt.gz’
Resolving ftp-private.ncbi.nlm.nih.gov (ftp-private.ncbi.nlm.nih.gov)... 130.14.29.35
Connecting to ftp-private.ncbi.nlm.nih.gov (ftp-private.ncbi.nlm.nih.gov)|130.14.29.35|:21... connected.
Logging in as anonymous ... Logged in!
==> SYST ... done.    ==> PWD ... done.
==> TYPE I ... done.  ==> CWD (1) /pubchem/.fetch/74 ... done.
==> SIZE 2423461857649085251.txt.gz ... 53
==> PASV ... done.    ==> RETR 2423461857649085251.txt.gz ... done.
Length: 53 (unauthoritative)

     0K                                                       100% 29.7K=0.002s

2019-06-20 17:27:15 (29.7 KB/s) - ‘2423461857649085251.txt.gz’ saved [53]

--2019-06-20 17:27:15--  http://query/
Resolving query (query)... failed: Name or service not known.
wget: unable to resolve host address ‘query’
--2019-06-20 17:27:15--  ftp://xml/
           => ‘.listing’
Resolving xml (xml)... failed: Name or service not known.
wget: unable to resolve host address ‘xml’
--2019-06-20 17:27:15--  http://pc_fetch_aid1090819_activities_0.cgi/
Resolving pc_fetch_aid1090819_activities_0.cgi (pc_fetch_aid1090819_activities_0.cgi)... failed: Name or service not known.
wget: unable to resolve host address ‘pc_fetch_aid1090819_activities_0.cgi’
FINISHED --2019-06-20 17:27:15--
Total wall clock time: 0.4s
Downloaded: 1 files, 53 in 0.002s (29.7 KB/s)
