--2019-06-20 22:36:47--  ftp://ftp-private.ncbi.nlm.nih.gov/pubchem/.fetch/58/1288366649106473381.txt.gz
           => ‘1288366649106473381.txt.gz’
Resolving ftp-private.ncbi.nlm.nih.gov (ftp-private.ncbi.nlm.nih.gov)... 130.14.29.30
Connecting to ftp-private.ncbi.nlm.nih.gov (ftp-private.ncbi.nlm.nih.gov)|130.14.29.30|:21... connected.
Logging in as anonymous ... Logged in!
==> SYST ... done.    ==> PWD ... done.
==> TYPE I ... done.  ==> CWD (1) /pubchem/.fetch/58 ... done.
==> SIZE 1288366649106473381.txt.gz ... 69
==> PASV ... done.    ==> RETR 1288366649106473381.txt.gz ... done.
Length: 69 (unauthoritative)

     0K                                                       100% 86.3K=0.001s

2019-06-20 22:36:48 (86.3 KB/s) - ‘1288366649106473381.txt.gz’ saved [69]

--2019-06-20 22:36:48--  http://query/
Resolving query (query)... failed: Name or service not known.
wget: unable to resolve host address ‘query’
--2019-06-20 22:36:48--  ftp://xml/
           => ‘.listing’
Resolving xml (xml)... failed: Name or service not known.
wget: unable to resolve host address ‘xml’
--2019-06-20 22:36:48--  http://pc_fetch_aid527884_activities_0.cgi/
Resolving pc_fetch_aid527884_activities_0.cgi (pc_fetch_aid527884_activities_0.cgi)... failed: Name or service not known.
wget: unable to resolve host address ‘pc_fetch_aid527884_activities_0.cgi’
FINISHED --2019-06-20 22:36:48--
Total wall clock time: 0.8s
Downloaded: 1 files, 69 in 0.001s (86.3 KB/s)
