--2019-06-20 18:15:14--  ftp://ftp-private.ncbi.nlm.nih.gov/pubchem/.fetch/23/629352128188915493.txt.gz
           => ‘629352128188915493.txt.gz’
Resolving ftp-private.ncbi.nlm.nih.gov (ftp-private.ncbi.nlm.nih.gov)... 130.14.29.30
Connecting to ftp-private.ncbi.nlm.nih.gov (ftp-private.ncbi.nlm.nih.gov)|130.14.29.30|:21... connected.
Logging in as anonymous ... Logged in!
==> SYST ... done.    ==> PWD ... done.
==> TYPE I ... done.  ==> CWD (1) /pubchem/.fetch/23 ... done.
==> SIZE 629352128188915493.txt.gz ... 237
==> PASV ... done.    ==> RETR 629352128188915493.txt.gz ... done.
Length: 237 (unauthoritative)

     0K                                                       100%  201K=0.001s

2019-06-20 18:15:15 (201 KB/s) - ‘629352128188915493.txt.gz’ saved [237]

--2019-06-20 18:15:15--  http://query/
Resolving query (query)... failed: Name or service not known.
wget: unable to resolve host address ‘query’
--2019-06-20 18:15:15--  ftp://xml/
           => ‘.listing’
Resolving xml (xml)... failed: Name or service not known.
wget: unable to resolve host address ‘xml’
--2019-06-20 18:15:15--  http://pc_fetch_aid1166323_activities_0.cgi/
Resolving pc_fetch_aid1166323_activities_0.cgi (pc_fetch_aid1166323_activities_0.cgi)... failed: Name or service not known.
wget: unable to resolve host address ‘pc_fetch_aid1166323_activities_0.cgi’
FINISHED --2019-06-20 18:15:15--
Total wall clock time: 0.5s
Downloaded: 1 files, 237 in 0.001s (201 KB/s)
