--2019-06-20 23:27:07--  ftp://ftp-private.ncbi.nlm.nih.gov/pubchem/.fetch/38/1862446298660368880.txt.gz
           => ‘1862446298660368880.txt.gz’
Resolving ftp-private.ncbi.nlm.nih.gov (ftp-private.ncbi.nlm.nih.gov)... 130.14.29.35
Connecting to ftp-private.ncbi.nlm.nih.gov (ftp-private.ncbi.nlm.nih.gov)|130.14.29.35|:21... connected.
Logging in as anonymous ... Logged in!
==> SYST ... done.    ==> PWD ... done.
==> TYPE I ... done.  ==> CWD (1) /pubchem/.fetch/38 ... done.
==> SIZE 1862446298660368880.txt.gz ... 142
==> PASV ... done.    ==> RETR 1862446298660368880.txt.gz ... done.
Length: 142 (unauthoritative)

     0K                                                       100% 82.3K=0.002s

2019-06-20 23:27:07 (82.3 KB/s) - ‘1862446298660368880.txt.gz’ saved [142]

--2019-06-20 23:27:07--  http://query/
Resolving query (query)... failed: Name or service not known.
wget: unable to resolve host address ‘query’
--2019-06-20 23:27:07--  ftp://xml/
           => ‘.listing’
Resolving xml (xml)... failed: Name or service not known.
wget: unable to resolve host address ‘xml’
--2019-06-20 23:27:07--  http://pc_fetch_aid656948_activities_0.cgi/
Resolving pc_fetch_aid656948_activities_0.cgi (pc_fetch_aid656948_activities_0.cgi)... failed: Name or service not known.
wget: unable to resolve host address ‘pc_fetch_aid656948_activities_0.cgi’
FINISHED --2019-06-20 23:27:07--
Total wall clock time: 0.4s
Downloaded: 1 files, 142 in 0.002s (82.3 KB/s)
