--2019-06-21 00:31:15--  ftp://ftp-private.ncbi.nlm.nih.gov/pubchem/.fetch/14/3351344961730547999.txt.gz
           => ‘3351344961730547999.txt.gz’
Resolving ftp-private.ncbi.nlm.nih.gov (ftp-private.ncbi.nlm.nih.gov)... 130.14.29.30
Connecting to ftp-private.ncbi.nlm.nih.gov (ftp-private.ncbi.nlm.nih.gov)|130.14.29.30|:21... connected.
Logging in as anonymous ... Logged in!
==> SYST ... done.    ==> PWD ... done.
==> TYPE I ... done.  ==> CWD (1) /pubchem/.fetch/14 ... done.
==> SIZE 3351344961730547999.txt.gz ... 102
==> PASV ... done.    ==> RETR 3351344961730547999.txt.gz ... done.
Length: 102 (unauthoritative)

     0K                                                       100%  112K=0.001s

2019-06-21 00:31:15 (112 KB/s) - ‘3351344961730547999.txt.gz’ saved [102]

--2019-06-21 00:31:15--  http://query/
Resolving query (query)... failed: Name or service not known.
wget: unable to resolve host address ‘query’
--2019-06-21 00:31:15--  ftp://xml/
           => ‘.listing’
Resolving xml (xml)... failed: Name or service not known.
wget: unable to resolve host address ‘xml’
--2019-06-21 00:31:15--  http://pc_fetch_aid754353_activities_0.cgi/
Resolving pc_fetch_aid754353_activities_0.cgi (pc_fetch_aid754353_activities_0.cgi)... failed: Name or service not known.
wget: unable to resolve host address ‘pc_fetch_aid754353_activities_0.cgi’
FINISHED --2019-06-21 00:31:15--
Total wall clock time: 0.6s
Downloaded: 1 files, 102 in 0.001s (112 KB/s)
