--2019-06-20 21:44:53--  ftp://ftp-private.ncbi.nlm.nih.gov/pubchem/.fetch/28/134965879570870331.txt.gz
           => ‘134965879570870331.txt.gz’
Resolving ftp-private.ncbi.nlm.nih.gov (ftp-private.ncbi.nlm.nih.gov)... 130.14.29.35
Connecting to ftp-private.ncbi.nlm.nih.gov (ftp-private.ncbi.nlm.nih.gov)|130.14.29.35|:21... connected.
Logging in as anonymous ... Logged in!
==> SYST ... done.    ==> PWD ... done.
==> TYPE I ... done.  ==> CWD (1) /pubchem/.fetch/28 ... done.
==> SIZE 134965879570870331.txt.gz ... 62
==> PASV ... done.    ==> RETR 134965879570870331.txt.gz ... done.
Length: 62 (unauthoritative)

     0K                                                       100% 72.1K=0.001s

2019-06-20 21:44:54 (72.1 KB/s) - ‘134965879570870331.txt.gz’ saved [62]

--2019-06-20 21:44:54--  http://query/
Resolving query (query)... failed: Name or service not known.
wget: unable to resolve host address ‘query’
--2019-06-20 21:44:54--  ftp://xml/
           => ‘.listing’
Resolving xml (xml)... failed: Name or service not known.
wget: unable to resolve host address ‘xml’
--2019-06-20 21:44:54--  http://pc_fetch_aid395923_activities_0.cgi/
Resolving pc_fetch_aid395923_activities_0.cgi (pc_fetch_aid395923_activities_0.cgi)... failed: Name or service not known.
wget: unable to resolve host address ‘pc_fetch_aid395923_activities_0.cgi’
FINISHED --2019-06-20 21:44:54--
Total wall clock time: 0.6s
Downloaded: 1 files, 62 in 0.001s (72.1 KB/s)
