--2019-06-20 18:12:54--  ftp://ftp-private.ncbi.nlm.nih.gov/pubchem/.fetch/73/2195477323250594458.txt.gz
           => ‘2195477323250594458.txt.gz’
Resolving ftp-private.ncbi.nlm.nih.gov (ftp-private.ncbi.nlm.nih.gov)... 130.14.29.35
Connecting to ftp-private.ncbi.nlm.nih.gov (ftp-private.ncbi.nlm.nih.gov)|130.14.29.35|:21... connected.
Logging in as anonymous ... Logged in!
==> SYST ... done.    ==> PWD ... done.
==> TYPE I ... done.  ==> CWD (1) /pubchem/.fetch/73 ... done.
==> SIZE 2195477323250594458.txt.gz ... 123
==> PASV ... done.    ==> RETR 2195477323250594458.txt.gz ... done.
Length: 123 (unauthoritative)

     0K                                                       100%  129K=0.001s

2019-06-20 18:12:55 (129 KB/s) - ‘2195477323250594458.txt.gz’ saved [123]

--2019-06-20 18:12:55--  http://query/
Resolving query (query)... failed: Name or service not known.
wget: unable to resolve host address ‘query’
--2019-06-20 18:12:55--  ftp://xml/
           => ‘.listing’
Resolving xml (xml)... failed: Name or service not known.
wget: unable to resolve host address ‘xml’
--2019-06-20 18:12:55--  http://pc_fetch_aid1165519_activities_0.cgi/
Resolving pc_fetch_aid1165519_activities_0.cgi (pc_fetch_aid1165519_activities_0.cgi)... failed: Name or service not known.
wget: unable to resolve host address ‘pc_fetch_aid1165519_activities_0.cgi’
FINISHED --2019-06-20 18:12:55--
Total wall clock time: 0.5s
Downloaded: 1 files, 123 in 0.001s (129 KB/s)
