--2019-06-20 19:48:24--  ftp://ftp-private.ncbi.nlm.nih.gov/pubchem/.fetch/53/3226708486530292393.txt.gz
           => ‘3226708486530292393.txt.gz’
Resolving ftp-private.ncbi.nlm.nih.gov (ftp-private.ncbi.nlm.nih.gov)... 130.14.29.35
Connecting to ftp-private.ncbi.nlm.nih.gov (ftp-private.ncbi.nlm.nih.gov)|130.14.29.35|:21... connected.
Logging in as anonymous ... Logged in!
==> SYST ... done.    ==> PWD ... done.
==> TYPE I ... done.  ==> CWD (1) /pubchem/.fetch/53 ... done.
==> SIZE 3226708486530292393.txt.gz ... 81
==> PASV ... done.    ==> RETR 3226708486530292393.txt.gz ... done.
Length: 81 (unauthoritative)

     0K                                                       100% 5.09K=0.02s

2019-06-20 19:48:24 (5.09 KB/s) - ‘3226708486530292393.txt.gz’ saved [81]

--2019-06-20 19:48:24--  http://query/
Resolving query (query)... failed: Name or service not known.
wget: unable to resolve host address ‘query’
--2019-06-20 19:48:24--  ftp://xml/
           => ‘.listing’
Resolving xml (xml)... failed: Name or service not known.
wget: unable to resolve host address ‘xml’
--2019-06-20 19:48:24--  http://pc_fetch_aid1277288_activities_0.cgi/
Resolving pc_fetch_aid1277288_activities_0.cgi (pc_fetch_aid1277288_activities_0.cgi)... failed: Name or service not known.
wget: unable to resolve host address ‘pc_fetch_aid1277288_activities_0.cgi’
FINISHED --2019-06-20 19:48:24--
Total wall clock time: 0.5s
Downloaded: 1 files, 81 in 0.02s (5.09 KB/s)
