--2019-06-20 17:40:50--  ftp://ftp-private.ncbi.nlm.nih.gov/pubchem/.fetch/45/3673970038101022587.txt.gz
           => ‘3673970038101022587.txt.gz’
Resolving ftp-private.ncbi.nlm.nih.gov (ftp-private.ncbi.nlm.nih.gov)... 130.14.29.30
Connecting to ftp-private.ncbi.nlm.nih.gov (ftp-private.ncbi.nlm.nih.gov)|130.14.29.30|:21... connected.
Logging in as anonymous ... Logged in!
==> SYST ... done.    ==> PWD ... done.
==> TYPE I ... done.  ==> CWD (1) /pubchem/.fetch/45 ... done.
==> SIZE 3673970038101022587.txt.gz ... 80
==> PASV ... done.    ==> RETR 3673970038101022587.txt.gz ... done.
Length: 80 (unauthoritative)

     0K                                                       100% 89.2K=0.001s

2019-06-20 17:40:51 (89.2 KB/s) - ‘3673970038101022587.txt.gz’ saved [80]

--2019-06-20 17:40:51--  http://query/
Resolving query (query)... failed: Name or service not known.
wget: unable to resolve host address ‘query’
--2019-06-20 17:40:51--  ftp://xml/
           => ‘.listing’
Resolving xml (xml)... failed: Name or service not known.
wget: unable to resolve host address ‘xml’
--2019-06-20 17:40:51--  http://pc_fetch_aid1138500_activities_0.cgi/
Resolving pc_fetch_aid1138500_activities_0.cgi (pc_fetch_aid1138500_activities_0.cgi)... failed: Name or service not known.
wget: unable to resolve host address ‘pc_fetch_aid1138500_activities_0.cgi’
FINISHED --2019-06-20 17:40:51--
Total wall clock time: 0.4s
Downloaded: 1 files, 80 in 0.001s (89.2 KB/s)
