--2019-06-20 21:14:34--  ftp://ftp-private.ncbi.nlm.nih.gov/pubchem/.fetch/78/972281857156069171.txt.gz
           => ‘972281857156069171.txt.gz’
Resolving ftp-private.ncbi.nlm.nih.gov (ftp-private.ncbi.nlm.nih.gov)... 130.14.29.35
Connecting to ftp-private.ncbi.nlm.nih.gov (ftp-private.ncbi.nlm.nih.gov)|130.14.29.35|:21... connected.
Logging in as anonymous ... Logged in!
==> SYST ... done.    ==> PWD ... done.
==> TYPE I ... done.  ==> CWD (1) /pubchem/.fetch/78 ... done.
==> SIZE 972281857156069171.txt.gz ... 106
==> PASV ... done.    ==> RETR 972281857156069171.txt.gz ... done.
Length: 106 (unauthoritative)

     0K                                                       100%  124K=0.001s

2019-06-20 21:14:35 (124 KB/s) - ‘972281857156069171.txt.gz’ saved [106]

--2019-06-20 21:14:35--  http://query/
Resolving query (query)... failed: Name or service not known.
wget: unable to resolve host address ‘query’
--2019-06-20 21:14:35--  ftp://xml/
           => ‘.listing’
Resolving xml (xml)... failed: Name or service not known.
wget: unable to resolve host address ‘xml’
--2019-06-20 21:14:35--  http://pc_fetch_aid267796_activities_0.cgi/
Resolving pc_fetch_aid267796_activities_0.cgi (pc_fetch_aid267796_activities_0.cgi)... failed: Name or service not known.
wget: unable to resolve host address ‘pc_fetch_aid267796_activities_0.cgi’
FINISHED --2019-06-20 21:14:35--
Total wall clock time: 0.7s
Downloaded: 1 files, 106 in 0.001s (124 KB/s)
