--2019-06-20 21:44:27--  ftp://ftp-private.ncbi.nlm.nih.gov/pubchem/.fetch/97/2401964692436219625.txt.gz
           => ‘2401964692436219625.txt.gz’
Resolving ftp-private.ncbi.nlm.nih.gov (ftp-private.ncbi.nlm.nih.gov)... 130.14.29.35
Connecting to ftp-private.ncbi.nlm.nih.gov (ftp-private.ncbi.nlm.nih.gov)|130.14.29.35|:21... connected.
Logging in as anonymous ... Logged in!
==> SYST ... done.    ==> PWD ... done.
==> TYPE I ... done.  ==> CWD (1) /pubchem/.fetch/97 ... done.
==> SIZE 2401964692436219625.txt.gz ... 133
==> PASV ... done.    ==> RETR 2401964692436219625.txt.gz ... done.
Length: 133 (unauthoritative)

     0K                                                       100%  119K=0.001s

2019-06-20 21:44:28 (119 KB/s) - ‘2401964692436219625.txt.gz’ saved [133]

--2019-06-20 21:44:28--  http://query/
Resolving query (query)... failed: Name or service not known.
wget: unable to resolve host address ‘query’
--2019-06-20 21:44:28--  ftp://xml/
           => ‘.listing’
Resolving xml (xml)... failed: Name or service not known.
wget: unable to resolve host address ‘xml’
--2019-06-20 21:44:28--  http://pc_fetch_aid395919_activities_0.cgi/
Resolving pc_fetch_aid395919_activities_0.cgi (pc_fetch_aid395919_activities_0.cgi)... failed: Name or service not known.
wget: unable to resolve host address ‘pc_fetch_aid395919_activities_0.cgi’
FINISHED --2019-06-20 21:44:28--
Total wall clock time: 0.6s
Downloaded: 1 files, 133 in 0.001s (119 KB/s)
