--2019-06-20 17:18:44--  ftp://ftp-private.ncbi.nlm.nih.gov/pubchem/.fetch/92/2438375167299516228.txt.gz
           => ‘2438375167299516228.txt.gz’
Resolving ftp-private.ncbi.nlm.nih.gov (ftp-private.ncbi.nlm.nih.gov)... 130.14.29.30
Connecting to ftp-private.ncbi.nlm.nih.gov (ftp-private.ncbi.nlm.nih.gov)|130.14.29.30|:21... connected.
Logging in as anonymous ... Logged in!
==> SYST ... done.    ==> PWD ... done.
==> TYPE I ... done.  ==> CWD (1) /pubchem/.fetch/92 ... done.
==> SIZE 2438375167299516228.txt.gz ... 98
==> PASV ... done.    ==> RETR 2438375167299516228.txt.gz ... done.
Length: 98 (unauthoritative)

     0K                                                       100% 2.61K=0.04s

2019-06-20 17:18:44 (2.61 KB/s) - ‘2438375167299516228.txt.gz’ saved [98]

--2019-06-20 17:18:44--  http://query/
Resolving query (query)... failed: Name or service not known.
wget: unable to resolve host address ‘query’
--2019-06-20 17:18:44--  ftp://xml/
           => ‘.listing’
Resolving xml (xml)... failed: Name or service not known.
wget: unable to resolve host address ‘xml’
--2019-06-20 17:18:44--  http://pc_fetch_aid1076712_activities_0.cgi/
Resolving pc_fetch_aid1076712_activities_0.cgi (pc_fetch_aid1076712_activities_0.cgi)... failed: Name or service not known.
wget: unable to resolve host address ‘pc_fetch_aid1076712_activities_0.cgi’
FINISHED --2019-06-20 17:18:44--
Total wall clock time: 0.4s
Downloaded: 1 files, 98 in 0.04s (2.61 KB/s)
