--2019-06-20 22:56:27--  ftp://ftp-private.ncbi.nlm.nih.gov/pubchem/.fetch/68/4414292508347633358.txt.gz
           => ‘4414292508347633358.txt.gz’
Resolving ftp-private.ncbi.nlm.nih.gov (ftp-private.ncbi.nlm.nih.gov)... 130.14.29.30
Connecting to ftp-private.ncbi.nlm.nih.gov (ftp-private.ncbi.nlm.nih.gov)|130.14.29.30|:21... connected.
Logging in as anonymous ... Logged in!
==> SYST ... done.    ==> PWD ... done.
==> TYPE I ... done.  ==> CWD (1) /pubchem/.fetch/68 ... done.
==> SIZE 4414292508347633358.txt.gz ... 71
==> PASV ... done.    ==> RETR 4414292508347633358.txt.gz ... done.
Length: 71 (unauthoritative)

     0K                                                       100% 22.3K=0.003s

2019-06-20 22:56:28 (22.3 KB/s) - ‘4414292508347633358.txt.gz’ saved [71]

--2019-06-20 22:56:28--  http://query/
Resolving query (query)... failed: Name or service not known.
wget: unable to resolve host address ‘query’
--2019-06-20 22:56:28--  ftp://xml/
           => ‘.listing’
Resolving xml (xml)... failed: Name or service not known.
wget: unable to resolve host address ‘xml’
--2019-06-20 22:56:28--  http://pc_fetch_aid600317_activities_0.cgi/
Resolving pc_fetch_aid600317_activities_0.cgi (pc_fetch_aid600317_activities_0.cgi)... failed: Name or service not known.
wget: unable to resolve host address ‘pc_fetch_aid600317_activities_0.cgi’
FINISHED --2019-06-20 22:56:28--
Total wall clock time: 0.5s
Downloaded: 1 files, 71 in 0.003s (22.3 KB/s)
