--2019-06-20 20:38:51--  ftp://ftp-private.ncbi.nlm.nih.gov/pubchem/.fetch/56/1336855696506290847.txt.gz
           => ‘1336855696506290847.txt.gz’
Resolving ftp-private.ncbi.nlm.nih.gov (ftp-private.ncbi.nlm.nih.gov)... 130.14.29.35
Connecting to ftp-private.ncbi.nlm.nih.gov (ftp-private.ncbi.nlm.nih.gov)|130.14.29.35|:21... connected.
Logging in as anonymous ... Logged in!
==> SYST ... done.    ==> PWD ... done.
==> TYPE I ... done.  ==> CWD (1) /pubchem/.fetch/56 ... done.
==> SIZE 1336855696506290847.txt.gz ... 84
==> PASV ... done.    ==> RETR 1336855696506290847.txt.gz ... done.
Length: 84 (unauthoritative)

     0K                                                       100% 97.2K=0.001s

2019-06-20 20:38:52 (97.2 KB/s) - ‘1336855696506290847.txt.gz’ saved [84]

--2019-06-20 20:38:52--  http://query/
Resolving query (query)... failed: Name or service not known.
wget: unable to resolve host address ‘query’
--2019-06-20 20:38:52--  ftp://xml/
           => ‘.listing’
Resolving xml (xml)... failed: Name or service not known.
wget: unable to resolve host address ‘xml’
--2019-06-20 20:38:52--  http://pc_fetch_aid1319584_activities_0.cgi/
Resolving pc_fetch_aid1319584_activities_0.cgi (pc_fetch_aid1319584_activities_0.cgi)... failed: Name or service not known.
wget: unable to resolve host address ‘pc_fetch_aid1319584_activities_0.cgi’
FINISHED --2019-06-20 20:38:52--
Total wall clock time: 0.7s
Downloaded: 1 files, 84 in 0.001s (97.2 KB/s)
