--2019-06-20 18:16:40--  ftp://ftp-private.ncbi.nlm.nih.gov/pubchem/.fetch/12/4539467197510047735.txt.gz
           => ‘4539467197510047735.txt.gz’
Resolving ftp-private.ncbi.nlm.nih.gov (ftp-private.ncbi.nlm.nih.gov)... 130.14.29.35
Connecting to ftp-private.ncbi.nlm.nih.gov (ftp-private.ncbi.nlm.nih.gov)|130.14.29.35|:21... connected.
Logging in as anonymous ... Logged in!
==> SYST ... done.    ==> PWD ... done.
==> TYPE I ... done.  ==> CWD (1) /pubchem/.fetch/12 ... done.
==> SIZE 4539467197510047735.txt.gz ... 361
==> PASV ... done.    ==> RETR 4539467197510047735.txt.gz ... done.
Length: 361 (unauthoritative)

     0K                                                       100% 17.9K=0.02s

2019-06-20 18:16:41 (17.9 KB/s) - ‘4539467197510047735.txt.gz’ saved [361]

--2019-06-20 18:16:41--  http://query/
Resolving query (query)... failed: Name or service not known.
wget: unable to resolve host address ‘query’
--2019-06-20 18:16:41--  ftp://xml/
           => ‘.listing’
Resolving xml (xml)... failed: Name or service not known.
wget: unable to resolve host address ‘xml’
--2019-06-20 18:16:41--  http://pc_fetch_aid1170950_activities_0.cgi/
Resolving pc_fetch_aid1170950_activities_0.cgi (pc_fetch_aid1170950_activities_0.cgi)... failed: Name or service not known.
wget: unable to resolve host address ‘pc_fetch_aid1170950_activities_0.cgi’
FINISHED --2019-06-20 18:16:41--
Total wall clock time: 0.5s
Downloaded: 1 files, 361 in 0.02s (17.9 KB/s)
