--2019-06-20 22:46:01--  ftp://ftp-private.ncbi.nlm.nih.gov/pubchem/.fetch/25/723910093439073902.txt.gz
           => ‘723910093439073902.txt.gz’
Resolving ftp-private.ncbi.nlm.nih.gov (ftp-private.ncbi.nlm.nih.gov)... 130.14.29.35
Connecting to ftp-private.ncbi.nlm.nih.gov (ftp-private.ncbi.nlm.nih.gov)|130.14.29.35|:21... connected.
Logging in as anonymous ... Logged in!
==> SYST ... done.    ==> PWD ... done.
==> TYPE I ... done.  ==> CWD (1) /pubchem/.fetch/25 ... done.
==> SIZE 723910093439073902.txt.gz ... 77
==> PASV ... done.    ==> RETR 723910093439073902.txt.gz ... done.
Length: 77 (unauthoritative)

     0K                                                       100% 79.9K=0.001s

2019-06-20 22:46:01 (79.9 KB/s) - ‘723910093439073902.txt.gz’ saved [77]

--2019-06-20 22:46:01--  http://query/
Resolving query (query)... failed: Name or service not known.
wget: unable to resolve host address ‘query’
--2019-06-20 22:46:01--  ftp://xml/
           => ‘.listing’
Resolving xml (xml)... failed: Name or service not known.
wget: unable to resolve host address ‘xml’
--2019-06-20 22:46:01--  http://pc_fetch_aid549173_activities_0.cgi/
Resolving pc_fetch_aid549173_activities_0.cgi (pc_fetch_aid549173_activities_0.cgi)... failed: Name or service not known.
wget: unable to resolve host address ‘pc_fetch_aid549173_activities_0.cgi’
FINISHED --2019-06-20 22:46:01--
Total wall clock time: 0.4s
Downloaded: 1 files, 77 in 0.001s (79.9 KB/s)
