--2019-06-20 23:58:24--  ftp://ftp-private.ncbi.nlm.nih.gov/pubchem/.fetch/91/1255354762304199075.txt.gz
           => ‘1255354762304199075.txt.gz’
Resolving ftp-private.ncbi.nlm.nih.gov (ftp-private.ncbi.nlm.nih.gov)... 130.14.29.30
Connecting to ftp-private.ncbi.nlm.nih.gov (ftp-private.ncbi.nlm.nih.gov)|130.14.29.30|:21... connected.
Logging in as anonymous ... Logged in!
==> SYST ... done.    ==> PWD ... done.
==> TYPE I ... done.  ==> CWD (1) /pubchem/.fetch/91 ... done.
==> SIZE 1255354762304199075.txt.gz ... 93
==> PASV ... done.    ==> RETR 1255354762304199075.txt.gz ... done.
Length: 93 (unauthoritative)

     0K                                                       100%  108K=0.001s

2019-06-20 23:58:25 (108 KB/s) - ‘1255354762304199075.txt.gz’ saved [93]

--2019-06-20 23:58:25--  http://query/
Resolving query (query)... failed: Name or service not known.
wget: unable to resolve host address ‘query’
--2019-06-20 23:58:25--  ftp://xml/
           => ‘.listing’
Resolving xml (xml)... failed: Name or service not known.
wget: unable to resolve host address ‘xml’
--2019-06-20 23:58:25--  http://pc_fetch_aid716398_activities_0.cgi/
Resolving pc_fetch_aid716398_activities_0.cgi (pc_fetch_aid716398_activities_0.cgi)... failed: Name or service not known.
wget: unable to resolve host address ‘pc_fetch_aid716398_activities_0.cgi’
FINISHED --2019-06-20 23:58:25--
Total wall clock time: 0.7s
Downloaded: 1 files, 93 in 0.001s (108 KB/s)
