--2019-06-20 17:35:19--  ftp://ftp-private.ncbi.nlm.nih.gov/pubchem/.fetch/58/3021319503608676064.txt.gz
           => ‘3021319503608676064.txt.gz’
Resolving ftp-private.ncbi.nlm.nih.gov (ftp-private.ncbi.nlm.nih.gov)... 130.14.29.30
Connecting to ftp-private.ncbi.nlm.nih.gov (ftp-private.ncbi.nlm.nih.gov)|130.14.29.30|:21... connected.
Logging in as anonymous ... Logged in!
==> SYST ... done.    ==> PWD ... done.
==> TYPE I ... done.  ==> CWD (1) /pubchem/.fetch/58 ... done.
==> SIZE 3021319503608676064.txt.gz ... 41
==> PASV ... done.    ==> RETR 3021319503608676064.txt.gz ... done.
Length: 41 (unauthoritative)

     0K                                                       100% 58.1K=0.001s

2019-06-20 17:35:19 (58.1 KB/s) - ‘3021319503608676064.txt.gz’ saved [41]

--2019-06-20 17:35:19--  http://query/
Resolving query (query)... failed: Name or service not known.
wget: unable to resolve host address ‘query’
--2019-06-20 17:35:19--  ftp://xml/
           => ‘.listing’
Resolving xml (xml)... failed: Name or service not known.
wget: unable to resolve host address ‘xml’
--2019-06-20 17:35:19--  http://pc_fetch_aid1129858_activities_0.cgi/
Resolving pc_fetch_aid1129858_activities_0.cgi (pc_fetch_aid1129858_activities_0.cgi)... failed: Name or service not known.
wget: unable to resolve host address ‘pc_fetch_aid1129858_activities_0.cgi’
FINISHED --2019-06-20 17:35:19--
Total wall clock time: 0.4s
Downloaded: 1 files, 41 in 0.001s (58.1 KB/s)
