--2019-06-20 21:29:36--  ftp://ftp-private.ncbi.nlm.nih.gov/pubchem/.fetch/98/1146308767932256880.txt.gz
           => ‘1146308767932256880.txt.gz’
Resolving ftp-private.ncbi.nlm.nih.gov (ftp-private.ncbi.nlm.nih.gov)... 130.14.29.35
Connecting to ftp-private.ncbi.nlm.nih.gov (ftp-private.ncbi.nlm.nih.gov)|130.14.29.35|:21... connected.
Logging in as anonymous ... Logged in!
==> SYST ... done.    ==> PWD ... done.
==> TYPE I ... done.  ==> CWD (1) /pubchem/.fetch/98 ... done.
==> SIZE 1146308767932256880.txt.gz ... 65
==> PASV ... done.    ==> RETR 1146308767932256880.txt.gz ... done.
Length: 65 (unauthoritative)

     0K                                                       100% 70.2K=0.001s

2019-06-20 21:29:36 (70.2 KB/s) - ‘1146308767932256880.txt.gz’ saved [65]

--2019-06-20 21:29:36--  http://query/
Resolving query (query)... failed: Name or service not known.
wget: unable to resolve host address ‘query’
--2019-06-20 21:29:36--  ftp://xml/
           => ‘.listing’
Resolving xml (xml)... failed: Name or service not known.
wget: unable to resolve host address ‘xml’
--2019-06-20 21:29:36--  http://pc_fetch_aid330891_activities_0.cgi/
Resolving pc_fetch_aid330891_activities_0.cgi (pc_fetch_aid330891_activities_0.cgi)... failed: Name or service not known.
wget: unable to resolve host address ‘pc_fetch_aid330891_activities_0.cgi’
FINISHED --2019-06-20 21:29:36--
Total wall clock time: 0.4s
Downloaded: 1 files, 65 in 0.001s (70.2 KB/s)
