--2019-06-20 22:58:19--  ftp://ftp-private.ncbi.nlm.nih.gov/pubchem/.fetch/38/1205878057153718852.txt.gz
           => ‘1205878057153718852.txt.gz’
Resolving ftp-private.ncbi.nlm.nih.gov (ftp-private.ncbi.nlm.nih.gov)... 130.14.29.35
Connecting to ftp-private.ncbi.nlm.nih.gov (ftp-private.ncbi.nlm.nih.gov)|130.14.29.35|:21... connected.
Logging in as anonymous ... Logged in!
==> SYST ... done.    ==> PWD ... done.
==> TYPE I ... done.  ==> CWD (1) /pubchem/.fetch/38 ... done.
==> SIZE 1205878057153718852.txt.gz ... 407
==> PASV ... done.    ==> RETR 1205878057153718852.txt.gz ... done.
Length: 407 (unauthoritative)

     0K                                                       100% 13.6K=0.03s

2019-06-20 22:58:19 (13.6 KB/s) - ‘1205878057153718852.txt.gz’ saved [407]

--2019-06-20 22:58:19--  http://query/
Resolving query (query)... failed: Name or service not known.
wget: unable to resolve host address ‘query’
--2019-06-20 22:58:19--  ftp://xml/
           => ‘.listing’
Resolving xml (xml)... failed: Name or service not known.
wget: unable to resolve host address ‘xml’
--2019-06-20 22:58:19--  http://pc_fetch_aid608127_activities_0.cgi/
Resolving pc_fetch_aid608127_activities_0.cgi (pc_fetch_aid608127_activities_0.cgi)... failed: Name or service not known.
wget: unable to resolve host address ‘pc_fetch_aid608127_activities_0.cgi’
FINISHED --2019-06-20 22:58:19--
Total wall clock time: 0.8s
Downloaded: 1 files, 407 in 0.03s (13.6 KB/s)
