--2019-06-20 19:47:54--  ftp://ftp-private.ncbi.nlm.nih.gov/pubchem/.fetch/4/2504313043664751076.txt.gz
           => ‘2504313043664751076.txt.gz’
Resolving ftp-private.ncbi.nlm.nih.gov (ftp-private.ncbi.nlm.nih.gov)... 130.14.29.30
Connecting to ftp-private.ncbi.nlm.nih.gov (ftp-private.ncbi.nlm.nih.gov)|130.14.29.30|:21... connected.
Logging in as anonymous ... Logged in!
==> SYST ... done.    ==> PWD ... done.
==> TYPE I ... done.  ==> CWD (1) /pubchem/.fetch/4 ... done.
==> SIZE 2504313043664751076.txt.gz ... 90
==> PASV ... done.    ==> RETR 2504313043664751076.txt.gz ... done.
Length: 90 (unauthoritative)

     0K                                                       100%  108K=0.001s

2019-06-20 19:47:55 (108 KB/s) - ‘2504313043664751076.txt.gz’ saved [90]

--2019-06-20 19:47:55--  http://query/
Resolving query (query)... failed: Name or service not known.
wget: unable to resolve host address ‘query’
--2019-06-20 19:47:55--  ftp://xml/
           => ‘.listing’
Resolving xml (xml)... failed: Name or service not known.
wget: unable to resolve host address ‘xml’
--2019-06-20 19:47:55--  http://pc_fetch_aid1277283_activities_0.cgi/
Resolving pc_fetch_aid1277283_activities_0.cgi (pc_fetch_aid1277283_activities_0.cgi)... failed: Name or service not known.
wget: unable to resolve host address ‘pc_fetch_aid1277283_activities_0.cgi’
FINISHED --2019-06-20 19:47:55--
Total wall clock time: 0.4s
Downloaded: 1 files, 90 in 0.001s (108 KB/s)
