--2019-06-20 20:44:36--  ftp://ftp-private.ncbi.nlm.nih.gov/pubchem/.fetch/31/4034317433556753007.txt.gz
           => ‘4034317433556753007.txt.gz’
Resolving ftp-private.ncbi.nlm.nih.gov (ftp-private.ncbi.nlm.nih.gov)... 130.14.29.35
Connecting to ftp-private.ncbi.nlm.nih.gov (ftp-private.ncbi.nlm.nih.gov)|130.14.29.35|:21... connected.
Logging in as anonymous ... Logged in!
==> SYST ... done.    ==> PWD ... done.
==> TYPE I ... done.  ==> CWD (1) /pubchem/.fetch/31 ... done.
==> SIZE 4034317433556753007.txt.gz ... 112
==> PASV ... done.    ==> RETR 4034317433556753007.txt.gz ... done.
Length: 112 (unauthoritative)

     0K                                                       100%  113K=0.001s

2019-06-20 20:44:36 (113 KB/s) - ‘4034317433556753007.txt.gz’ saved [112]

--2019-06-20 20:44:36--  http://query/
Resolving query (query)... failed: Name or service not known.
wget: unable to resolve host address ‘query’
--2019-06-20 20:44:36--  ftp://xml/
           => ‘.listing’
Resolving xml (xml)... failed: Name or service not known.
wget: unable to resolve host address ‘xml’
--2019-06-20 20:44:36--  http://pc_fetch_aid1323037_activities_0.cgi/
Resolving pc_fetch_aid1323037_activities_0.cgi (pc_fetch_aid1323037_activities_0.cgi)... failed: Name or service not known.
wget: unable to resolve host address ‘pc_fetch_aid1323037_activities_0.cgi’
FINISHED --2019-06-20 20:44:36--
Total wall clock time: 0.5s
Downloaded: 1 files, 112 in 0.001s (113 KB/s)
