--2019-06-20 18:16:02--  ftp://ftp-private.ncbi.nlm.nih.gov/pubchem/.fetch/82/1032934722750501614.txt.gz
           => ‘1032934722750501614.txt.gz’
Resolving ftp-private.ncbi.nlm.nih.gov (ftp-private.ncbi.nlm.nih.gov)... 130.14.29.35
Connecting to ftp-private.ncbi.nlm.nih.gov (ftp-private.ncbi.nlm.nih.gov)|130.14.29.35|:21... connected.
Logging in as anonymous ... Logged in!
==> SYST ... done.    ==> PWD ... done.
==> TYPE I ... done.  ==> CWD (1) /pubchem/.fetch/82 ... done.
==> SIZE 1032934722750501614.txt.gz ... 185
==> PASV ... done.    ==> RETR 1032934722750501614.txt.gz ... done.
Length: 185 (unauthoritative)

     0K                                                       100%  137K=0.001s

2019-06-20 18:16:02 (137 KB/s) - ‘1032934722750501614.txt.gz’ saved [185]

--2019-06-20 18:16:02--  http://query/
Resolving query (query)... failed: Name or service not known.
wget: unable to resolve host address ‘query’
--2019-06-20 18:16:02--  ftp://xml/
           => ‘.listing’
Resolving xml (xml)... failed: Name or service not known.
wget: unable to resolve host address ‘xml’
--2019-06-20 18:16:02--  http://pc_fetch_aid1166331_activities_0.cgi/
Resolving pc_fetch_aid1166331_activities_0.cgi (pc_fetch_aid1166331_activities_0.cgi)... failed: Name or service not known.
wget: unable to resolve host address ‘pc_fetch_aid1166331_activities_0.cgi’
FINISHED --2019-06-20 18:16:02--
Total wall clock time: 0.5s
Downloaded: 1 files, 185 in 0.001s (137 KB/s)
