--2019-06-21 00:42:15--  ftp://ftp-private.ncbi.nlm.nih.gov/pubchem/.fetch/93/4150675553406520196.txt.gz
           => ‘4150675553406520196.txt.gz’
Resolving ftp-private.ncbi.nlm.nih.gov (ftp-private.ncbi.nlm.nih.gov)... 130.14.29.35
Connecting to ftp-private.ncbi.nlm.nih.gov (ftp-private.ncbi.nlm.nih.gov)|130.14.29.35|:21... connected.
Logging in as anonymous ... Logged in!
==> SYST ... done.    ==> PWD ... done.
==> TYPE I ... done.  ==> CWD (1) /pubchem/.fetch/93 ... done.
==> SIZE 4150675553406520196.txt.gz ... 96
==> PASV ... done.    ==> RETR 4150675553406520196.txt.gz ... done.
Length: 96 (unauthoritative)

     0K                                                       100%  108K=0.001s

2019-06-21 00:42:15 (108 KB/s) - ‘4150675553406520196.txt.gz’ saved [96]

--2019-06-21 00:42:15--  http://query/
Resolving query (query)... failed: Name or service not known.
wget: unable to resolve host address ‘query’
--2019-06-21 00:42:15--  ftp://xml/
           => ‘.listing’
Resolving xml (xml)... failed: Name or service not known.
wget: unable to resolve host address ‘xml’
--2019-06-21 00:42:15--  http://pc_fetch_aid774811_activities_0.cgi/
Resolving pc_fetch_aid774811_activities_0.cgi (pc_fetch_aid774811_activities_0.cgi)... failed: Name or service not known.
wget: unable to resolve host address ‘pc_fetch_aid774811_activities_0.cgi’
FINISHED --2019-06-21 00:42:15--
Total wall clock time: 0.4s
Downloaded: 1 files, 96 in 0.001s (108 KB/s)
