--2019-06-21 00:00:20--  ftp://ftp-private.ncbi.nlm.nih.gov/pubchem/.fetch/90/1836323123773376194.txt.gz
           => ‘1836323123773376194.txt.gz’
Resolving ftp-private.ncbi.nlm.nih.gov (ftp-private.ncbi.nlm.nih.gov)... 130.14.29.30
Connecting to ftp-private.ncbi.nlm.nih.gov (ftp-private.ncbi.nlm.nih.gov)|130.14.29.30|:21... connected.
Logging in as anonymous ... Logged in!
==> SYST ... done.    ==> PWD ... done.
==> TYPE I ... done.  ==> CWD (1) /pubchem/.fetch/90 ... done.
==> SIZE 1836323123773376194.txt.gz ... 126
==> PASV ... done.    ==> RETR 1836323123773376194.txt.gz ... done.
Length: 126 (unauthoritative)

     0K                                                       100%  148K=0.001s

2019-06-21 00:00:21 (148 KB/s) - ‘1836323123773376194.txt.gz’ saved [126]

--2019-06-21 00:00:21--  http://query/
Resolving query (query)... failed: Name or service not known.
wget: unable to resolve host address ‘query’
--2019-06-21 00:00:21--  ftp://xml/
           => ‘.listing’
Resolving xml (xml)... failed: Name or service not known.
wget: unable to resolve host address ‘xml’
--2019-06-21 00:00:21--  http://pc_fetch_aid726466_activities_0.cgi/
Resolving pc_fetch_aid726466_activities_0.cgi (pc_fetch_aid726466_activities_0.cgi)... failed: Name or service not known.
wget: unable to resolve host address ‘pc_fetch_aid726466_activities_0.cgi’
FINISHED --2019-06-21 00:00:21--
Total wall clock time: 0.7s
Downloaded: 1 files, 126 in 0.001s (148 KB/s)
