--2019-06-20 20:05:21--  ftp://ftp-private.ncbi.nlm.nih.gov/pubchem/.fetch/73/2393450143407396527.txt.gz
           => ‘2393450143407396527.txt.gz’
Resolving ftp-private.ncbi.nlm.nih.gov (ftp-private.ncbi.nlm.nih.gov)... 130.14.29.35
Connecting to ftp-private.ncbi.nlm.nih.gov (ftp-private.ncbi.nlm.nih.gov)|130.14.29.35|:21... connected.
Logging in as anonymous ... Logged in!
==> SYST ... done.    ==> PWD ... done.
==> TYPE I ... done.  ==> CWD (1) /pubchem/.fetch/73 ... done.
==> SIZE 2393450143407396527.txt.gz ... 104
==> PASV ... done.    ==> RETR 2393450143407396527.txt.gz ... done.
Length: 104 (unauthoritative)

     0K                                                       100% 10.6K=0.01s

2019-06-20 20:05:21 (10.6 KB/s) - ‘2393450143407396527.txt.gz’ saved [104]

--2019-06-20 20:05:21--  http://query/
Resolving query (query)... failed: Name or service not known.
wget: unable to resolve host address ‘query’
--2019-06-20 20:05:21--  ftp://xml/
           => ‘.listing’
Resolving xml (xml)... failed: Name or service not known.
wget: unable to resolve host address ‘xml’
--2019-06-20 20:05:21--  http://pc_fetch_aid1300976_activities_0.cgi/
Resolving pc_fetch_aid1300976_activities_0.cgi (pc_fetch_aid1300976_activities_0.cgi)... failed: Name or service not known.
wget: unable to resolve host address ‘pc_fetch_aid1300976_activities_0.cgi’
FINISHED --2019-06-20 20:05:21--
Total wall clock time: 0.4s
Downloaded: 1 files, 104 in 0.01s (10.6 KB/s)
