--2019-06-20 18:31:51--  ftp://ftp-private.ncbi.nlm.nih.gov/pubchem/.fetch/42/4566979317521506458.txt.gz
           => ‘4566979317521506458.txt.gz’
Resolving ftp-private.ncbi.nlm.nih.gov (ftp-private.ncbi.nlm.nih.gov)... 130.14.29.30
Connecting to ftp-private.ncbi.nlm.nih.gov (ftp-private.ncbi.nlm.nih.gov)|130.14.29.30|:21... connected.
Logging in as anonymous ... Logged in!
==> SYST ... done.    ==> PWD ... done.
==> TYPE I ... done.  ==> CWD (1) /pubchem/.fetch/42 ... done.
==> SIZE 4566979317521506458.txt.gz ... 114
==> PASV ... done.    ==> RETR 4566979317521506458.txt.gz ... done.
Length: 114 (unauthoritative)

     0K                                                       100%  110K=0.001s

2019-06-20 18:31:51 (110 KB/s) - ‘4566979317521506458.txt.gz’ saved [114]

--2019-06-20 18:31:51--  http://query/
Resolving query (query)... failed: Name or service not known.
wget: unable to resolve host address ‘query’
--2019-06-20 18:31:51--  ftp://xml/
           => ‘.listing’
Resolving xml (xml)... failed: Name or service not known.
wget: unable to resolve host address ‘xml’
--2019-06-20 18:31:51--  http://pc_fetch_aid1178048_activities_0.cgi/
Resolving pc_fetch_aid1178048_activities_0.cgi (pc_fetch_aid1178048_activities_0.cgi)... failed: Name or service not known.
wget: unable to resolve host address ‘pc_fetch_aid1178048_activities_0.cgi’
FINISHED --2019-06-20 18:31:51--
Total wall clock time: 0.6s
Downloaded: 1 files, 114 in 0.001s (110 KB/s)
