--2019-06-20 19:15:55--  ftp://ftp-private.ncbi.nlm.nih.gov/pubchem/.fetch/87/4200945200322050984.txt.gz
           => ‘4200945200322050984.txt.gz’
Resolving ftp-private.ncbi.nlm.nih.gov (ftp-private.ncbi.nlm.nih.gov)... 130.14.29.30
Connecting to ftp-private.ncbi.nlm.nih.gov (ftp-private.ncbi.nlm.nih.gov)|130.14.29.30|:21... connected.
Logging in as anonymous ... Logged in!
==> SYST ... done.    ==> PWD ... done.
==> TYPE I ... done.  ==> CWD (1) /pubchem/.fetch/87 ... done.
==> SIZE 4200945200322050984.txt.gz ... 121
==> PASV ... done.    ==> RETR 4200945200322050984.txt.gz ... done.
Length: 121 (unauthoritative)

     0K                                                       100%  133K=0.001s

2019-06-20 19:15:55 (133 KB/s) - ‘4200945200322050984.txt.gz’ saved [121]

--2019-06-20 19:15:55--  http://query/
Resolving query (query)... failed: Name or service not known.
wget: unable to resolve host address ‘query’
--2019-06-20 19:15:55--  ftp://xml/
           => ‘.listing’
Resolving xml (xml)... failed: Name or service not known.
wget: unable to resolve host address ‘xml’
--2019-06-20 19:15:55--  http://pc_fetch_aid1252559_activities_0.cgi/
Resolving pc_fetch_aid1252559_activities_0.cgi (pc_fetch_aid1252559_activities_0.cgi)... failed: Name or service not known.
wget: unable to resolve host address ‘pc_fetch_aid1252559_activities_0.cgi’
FINISHED --2019-06-20 19:15:55--
Total wall clock time: 0.8s
Downloaded: 1 files, 121 in 0.001s (133 KB/s)
