--2019-06-20 22:33:19--  ftp://ftp-private.ncbi.nlm.nih.gov/pubchem/.fetch/53/304444369690899585.txt.gz
           => ‘304444369690899585.txt.gz’
Resolving ftp-private.ncbi.nlm.nih.gov (ftp-private.ncbi.nlm.nih.gov)... 130.14.29.30
Connecting to ftp-private.ncbi.nlm.nih.gov (ftp-private.ncbi.nlm.nih.gov)|130.14.29.30|:21... connected.
Logging in as anonymous ... Logged in!
==> SYST ... done.    ==> PWD ... done.
==> TYPE I ... done.  ==> CWD (1) /pubchem/.fetch/53 ... done.
==> SIZE 304444369690899585.txt.gz ... 60
==> PASV ... done.    ==> RETR 304444369690899585.txt.gz ... done.
Length: 60 (unauthoritative)

     0K                                                       100% 77.3K=0.001s

2019-06-20 22:33:20 (77.3 KB/s) - ‘304444369690899585.txt.gz’ saved [60]

--2019-06-20 22:33:20--  http://query/
Resolving query (query)... failed: Name or service not known.
wget: unable to resolve host address ‘query’
--2019-06-20 22:33:20--  ftp://xml/
           => ‘.listing’
Resolving xml (xml)... failed: Name or service not known.
wget: unable to resolve host address ‘xml’
--2019-06-20 22:33:20--  http://pc_fetch_aid521047_activities_0.cgi/
Resolving pc_fetch_aid521047_activities_0.cgi (pc_fetch_aid521047_activities_0.cgi)... failed: Name or service not known.
wget: unable to resolve host address ‘pc_fetch_aid521047_activities_0.cgi’
FINISHED --2019-06-20 22:33:20--
Total wall clock time: 0.8s
Downloaded: 1 files, 60 in 0.001s (77.3 KB/s)
