--2019-06-20 19:43:47--  ftp://ftp-private.ncbi.nlm.nih.gov/pubchem/.fetch/90/641073526205728889.txt.gz
           => ‘641073526205728889.txt.gz’
Resolving ftp-private.ncbi.nlm.nih.gov (ftp-private.ncbi.nlm.nih.gov)... 130.14.29.30
Connecting to ftp-private.ncbi.nlm.nih.gov (ftp-private.ncbi.nlm.nih.gov)|130.14.29.30|:21... connected.
Logging in as anonymous ... Logged in!
==> SYST ... done.    ==> PWD ... done.
==> TYPE I ... done.  ==> CWD (1) /pubchem/.fetch/90 ... done.
==> SIZE 641073526205728889.txt.gz ... 70
==> PASV ... done.    ==> RETR 641073526205728889.txt.gz ... done.
Length: 70 (unauthoritative)

     0K                                                       100% 79.0K=0.001s

2019-06-20 19:43:47 (79.0 KB/s) - ‘641073526205728889.txt.gz’ saved [70]

--2019-06-20 19:43:47--  http://query/
Resolving query (query)... failed: Name or service not known.
wget: unable to resolve host address ‘query’
--2019-06-20 19:43:47--  ftp://xml/
           => ‘.listing’
Resolving xml (xml)... failed: Name or service not known.
wget: unable to resolve host address ‘xml’
--2019-06-20 19:43:47--  http://pc_fetch_aid1277115_activities_0.cgi/
Resolving pc_fetch_aid1277115_activities_0.cgi (pc_fetch_aid1277115_activities_0.cgi)... failed: Name or service not known.
wget: unable to resolve host address ‘pc_fetch_aid1277115_activities_0.cgi’
FINISHED --2019-06-20 19:43:47--
Total wall clock time: 0.7s
Downloaded: 1 files, 70 in 0.001s (79.0 KB/s)
