--2019-06-20 20:12:59--  ftp://ftp-private.ncbi.nlm.nih.gov/pubchem/.fetch/37/139934960540445093.txt.gz
           => ‘139934960540445093.txt.gz’
Resolving ftp-private.ncbi.nlm.nih.gov (ftp-private.ncbi.nlm.nih.gov)... 130.14.29.35
Connecting to ftp-private.ncbi.nlm.nih.gov (ftp-private.ncbi.nlm.nih.gov)|130.14.29.35|:21... connected.
Logging in as anonymous ... Logged in!
==> SYST ... done.    ==> PWD ... done.
==> TYPE I ... done.  ==> CWD (1) /pubchem/.fetch/37 ... done.
==> SIZE 139934960540445093.txt.gz ... 115
==> PASV ... done.    ==> RETR 139934960540445093.txt.gz ... done.
Length: 115 (unauthoritative)

     0K                                                       100%  112K=0.001s

2019-06-20 20:12:59 (112 KB/s) - ‘139934960540445093.txt.gz’ saved [115]

--2019-06-20 20:12:59--  http://query/
Resolving query (query)... failed: Name or service not known.
wget: unable to resolve host address ‘query’
--2019-06-20 20:12:59--  ftp://xml/
           => ‘.listing’
Resolving xml (xml)... failed: Name or service not known.
wget: unable to resolve host address ‘xml’
--2019-06-20 20:12:59--  http://pc_fetch_aid1306300_activities_0.cgi/
Resolving pc_fetch_aid1306300_activities_0.cgi (pc_fetch_aid1306300_activities_0.cgi)... failed: Name or service not known.
wget: unable to resolve host address ‘pc_fetch_aid1306300_activities_0.cgi’
FINISHED --2019-06-20 20:12:59--
Total wall clock time: 0.4s
Downloaded: 1 files, 115 in 0.001s (112 KB/s)
