--2019-06-20 23:29:24--  ftp://ftp-private.ncbi.nlm.nih.gov/pubchem/.fetch/82/2078703291113655195.txt.gz
           => ‘2078703291113655195.txt.gz’
Resolving ftp-private.ncbi.nlm.nih.gov (ftp-private.ncbi.nlm.nih.gov)... 130.14.29.30
Connecting to ftp-private.ncbi.nlm.nih.gov (ftp-private.ncbi.nlm.nih.gov)|130.14.29.30|:21... connected.
Logging in as anonymous ... Logged in!
==> SYST ... done.    ==> PWD ... done.
==> TYPE I ... done.  ==> CWD (1) /pubchem/.fetch/82 ... done.
==> SIZE 2078703291113655195.txt.gz ... 68
==> PASV ... done.    ==> RETR 2078703291113655195.txt.gz ... done.
Length: 68 (unauthoritative)

     0K                                                       100% 96.2K=0.001s

2019-06-20 23:29:25 (96.2 KB/s) - ‘2078703291113655195.txt.gz’ saved [68]

--2019-06-20 23:29:25--  http://query/
Resolving query (query)... failed: Name or service not known.
wget: unable to resolve host address ‘query’
--2019-06-20 23:29:25--  ftp://xml/
           => ‘.listing’
Resolving xml (xml)... failed: Name or service not known.
wget: unable to resolve host address ‘xml’
--2019-06-20 23:29:25--  http://pc_fetch_aid675246_activities_0.cgi/
Resolving pc_fetch_aid675246_activities_0.cgi (pc_fetch_aid675246_activities_0.cgi)... failed: Name or service not known.
wget: unable to resolve host address ‘pc_fetch_aid675246_activities_0.cgi’
FINISHED --2019-06-20 23:29:25--
Total wall clock time: 0.4s
Downloaded: 1 files, 68 in 0.001s (96.2 KB/s)
