--2019-06-20 23:56:51--  ftp://ftp-private.ncbi.nlm.nih.gov/pubchem/.fetch/29/1595617168253918355.txt.gz
           => ‘1595617168253918355.txt.gz’
Resolving ftp-private.ncbi.nlm.nih.gov (ftp-private.ncbi.nlm.nih.gov)... 130.14.29.30
Connecting to ftp-private.ncbi.nlm.nih.gov (ftp-private.ncbi.nlm.nih.gov)|130.14.29.30|:21... connected.
Logging in as anonymous ... Logged in!
==> SYST ... done.    ==> PWD ... done.
==> TYPE I ... done.  ==> CWD (1) /pubchem/.fetch/29 ... done.
==> SIZE 1595617168253918355.txt.gz ... 105
==> PASV ... done.    ==> RETR 1595617168253918355.txt.gz ... done.
Length: 105 (unauthoritative)

     0K                                                       100% 1.05K=0.1s

2019-06-20 23:56:52 (1.05 KB/s) - ‘1595617168253918355.txt.gz’ saved [105]

--2019-06-20 23:56:52--  http://query/
Resolving query (query)... failed: Name or service not known.
wget: unable to resolve host address ‘query’
--2019-06-20 23:56:52--  ftp://xml/
           => ‘.listing’
Resolving xml (xml)... failed: Name or service not known.
wget: unable to resolve host address ‘xml’
--2019-06-20 23:56:52--  http://pc_fetch_aid716383_activities_0.cgi/
Resolving pc_fetch_aid716383_activities_0.cgi (pc_fetch_aid716383_activities_0.cgi)... failed: Name or service not known.
wget: unable to resolve host address ‘pc_fetch_aid716383_activities_0.cgi’
FINISHED --2019-06-20 23:56:52--
Total wall clock time: 0.7s
Downloaded: 1 files, 105 in 0.1s (1.05 KB/s)
