--2019-06-20 19:40:26--  ftp://ftp-private.ncbi.nlm.nih.gov/pubchem/.fetch/42/2611320892878473098.txt.gz
           => ‘2611320892878473098.txt.gz’
Resolving ftp-private.ncbi.nlm.nih.gov (ftp-private.ncbi.nlm.nih.gov)... 130.14.29.30
Connecting to ftp-private.ncbi.nlm.nih.gov (ftp-private.ncbi.nlm.nih.gov)|130.14.29.30|:21... connected.
Logging in as anonymous ... Logged in!
==> SYST ... done.    ==> PWD ... done.
==> TYPE I ... done.  ==> CWD (1) /pubchem/.fetch/42 ... done.
==> SIZE 2611320892878473098.txt.gz ... 70
==> PASV ... done.    ==> RETR 2611320892878473098.txt.gz ... done.
Length: 70 (unauthoritative)

     0K                                                       100% 69.6K=0.001s

2019-06-20 19:40:26 (69.6 KB/s) - ‘2611320892878473098.txt.gz’ saved [70]

--2019-06-20 19:40:26--  http://query/
Resolving query (query)... failed: Name or service not known.
wget: unable to resolve host address ‘query’
--2019-06-20 19:40:26--  ftp://xml/
           => ‘.listing’
Resolving xml (xml)... failed: Name or service not known.
wget: unable to resolve host address ‘xml’
--2019-06-20 19:40:26--  http://pc_fetch_aid1277082_activities_0.cgi/
Resolving pc_fetch_aid1277082_activities_0.cgi (pc_fetch_aid1277082_activities_0.cgi)... failed: Name or service not known.
wget: unable to resolve host address ‘pc_fetch_aid1277082_activities_0.cgi’
FINISHED --2019-06-20 19:40:27--
Total wall clock time: 0.6s
Downloaded: 1 files, 70 in 0.001s (69.6 KB/s)
