--2019-06-21 00:14:50--  ftp://ftp-private.ncbi.nlm.nih.gov/pubchem/.fetch/1/2300737755107788799.txt.gz
           => ‘2300737755107788799.txt.gz’
Resolving ftp-private.ncbi.nlm.nih.gov (ftp-private.ncbi.nlm.nih.gov)... 130.14.29.30
Connecting to ftp-private.ncbi.nlm.nih.gov (ftp-private.ncbi.nlm.nih.gov)|130.14.29.30|:21... connected.
Logging in as anonymous ... Logged in!
==> SYST ... done.    ==> PWD ... done.
==> TYPE I ... done.  ==> CWD (1) /pubchem/.fetch/1 ... done.
==> SIZE 2300737755107788799.txt.gz ... 143
==> PASV ... done.    ==> RETR 2300737755107788799.txt.gz ... done.
Length: 143 (unauthoritative)

     0K                                                       100%  153K=0.001s

2019-06-21 00:14:50 (153 KB/s) - ‘2300737755107788799.txt.gz’ saved [143]

--2019-06-21 00:14:50--  http://query/
Resolving query (query)... failed: Name or service not known.
wget: unable to resolve host address ‘query’
--2019-06-21 00:14:50--  ftp://xml/
           => ‘.listing’
Resolving xml (xml)... failed: Name or service not known.
wget: unable to resolve host address ‘xml’
--2019-06-21 00:14:50--  http://pc_fetch_aid745800_activities_0.cgi/
Resolving pc_fetch_aid745800_activities_0.cgi (pc_fetch_aid745800_activities_0.cgi)... failed: Name or service not known.
wget: unable to resolve host address ‘pc_fetch_aid745800_activities_0.cgi’
FINISHED --2019-06-21 00:14:51--
Total wall clock time: 1.2s
Downloaded: 1 files, 143 in 0.001s (153 KB/s)
