--2019-06-21 00:50:58--  ftp://ftp-private.ncbi.nlm.nih.gov/pubchem/.fetch/25/467438856504773315.txt.gz
           => ‘467438856504773315.txt.gz’
Resolving ftp-private.ncbi.nlm.nih.gov (ftp-private.ncbi.nlm.nih.gov)... 130.14.29.35
Connecting to ftp-private.ncbi.nlm.nih.gov (ftp-private.ncbi.nlm.nih.gov)|130.14.29.35|:21... connected.
Logging in as anonymous ... Logged in!
==> SYST ... done.    ==> PWD ... done.
==> TYPE I ... done.  ==> CWD (1) /pubchem/.fetch/25 ... done.
==> SIZE 467438856504773315.txt.gz ... 102
==> PASV ... done.    ==> RETR 467438856504773315.txt.gz ... done.
Length: 102 (unauthoritative)

     0K                                                       100% 9.18K=0.01s

2019-06-21 00:50:59 (9.18 KB/s) - ‘467438856504773315.txt.gz’ saved [102]

--2019-06-21 00:50:59--  http://query/
Resolving query (query)... failed: Name or service not known.
wget: unable to resolve host address ‘query’
--2019-06-21 00:50:59--  ftp://xml/
           => ‘.listing’
Resolving xml (xml)... failed: Name or service not known.
wget: unable to resolve host address ‘xml’
--2019-06-21 00:50:59--  http://pc_fetch_aid776372_activities_0.cgi/
Resolving pc_fetch_aid776372_activities_0.cgi (pc_fetch_aid776372_activities_0.cgi)... failed: Name or service not known.
wget: unable to resolve host address ‘pc_fetch_aid776372_activities_0.cgi’
FINISHED --2019-06-21 00:50:59--
Total wall clock time: 0.4s
Downloaded: 1 files, 102 in 0.01s (9.18 KB/s)
