--2019-06-20 18:26:13--  ftp://ftp-private.ncbi.nlm.nih.gov/pubchem/.fetch/26/3988396947067324176.txt.gz
           => ‘3988396947067324176.txt.gz’
Resolving ftp-private.ncbi.nlm.nih.gov (ftp-private.ncbi.nlm.nih.gov)... 130.14.29.30
Connecting to ftp-private.ncbi.nlm.nih.gov (ftp-private.ncbi.nlm.nih.gov)|130.14.29.30|:21... connected.
Logging in as anonymous ... Logged in!
==> SYST ... done.    ==> PWD ... done.
==> TYPE I ... done.  ==> CWD (1) /pubchem/.fetch/26 ... done.
==> SIZE 3988396947067324176.txt.gz ... 82
==> PASV ... done.    ==> RETR 3988396947067324176.txt.gz ... done.
Length: 82 (unauthoritative)

     0K                                                       100% 97.1K=0.001s

2019-06-20 18:26:13 (97.1 KB/s) - ‘3988396947067324176.txt.gz’ saved [82]

--2019-06-20 18:26:13--  http://query/
Resolving query (query)... failed: Name or service not known.
wget: unable to resolve host address ‘query’
--2019-06-20 18:26:13--  ftp://xml/
           => ‘.listing’
Resolving xml (xml)... failed: Name or service not known.
wget: unable to resolve host address ‘xml’
--2019-06-20 18:26:13--  http://pc_fetch_aid1175484_activities_0.cgi/
Resolving pc_fetch_aid1175484_activities_0.cgi (pc_fetch_aid1175484_activities_0.cgi)... failed: Name or service not known.
wget: unable to resolve host address ‘pc_fetch_aid1175484_activities_0.cgi’
FINISHED --2019-06-20 18:26:14--
Total wall clock time: 0.6s
Downloaded: 1 files, 82 in 0.001s (97.1 KB/s)
