--2019-06-20 17:27:56--  ftp://ftp-private.ncbi.nlm.nih.gov/pubchem/.fetch/75/28306281417722471.txt.gz
           => ‘28306281417722471.txt.gz’
Resolving ftp-private.ncbi.nlm.nih.gov (ftp-private.ncbi.nlm.nih.gov)... 130.14.29.35
Connecting to ftp-private.ncbi.nlm.nih.gov (ftp-private.ncbi.nlm.nih.gov)|130.14.29.35|:21... connected.
Logging in as anonymous ... Logged in!
==> SYST ... done.    ==> PWD ... done.
==> TYPE I ... done.  ==> CWD (1) /pubchem/.fetch/75 ... done.
==> SIZE 28306281417722471.txt.gz ... 121
==> PASV ... done.    ==> RETR 28306281417722471.txt.gz ... done.
Length: 121 (unauthoritative)

     0K                                                       100%  132K=0.001s

2019-06-20 17:27:56 (132 KB/s) - ‘28306281417722471.txt.gz’ saved [121]

--2019-06-20 17:27:56--  http://query/
Resolving query (query)... failed: Name or service not known.
wget: unable to resolve host address ‘query’
--2019-06-20 17:27:56--  ftp://xml/
           => ‘.listing’
Resolving xml (xml)... failed: Name or service not known.
wget: unable to resolve host address ‘xml’
--2019-06-20 17:27:56--  http://pc_fetch_aid1099776_activities_0.cgi/
Resolving pc_fetch_aid1099776_activities_0.cgi (pc_fetch_aid1099776_activities_0.cgi)... failed: Name or service not known.
wget: unable to resolve host address ‘pc_fetch_aid1099776_activities_0.cgi’
FINISHED --2019-06-20 17:27:56--
Total wall clock time: 0.6s
Downloaded: 1 files, 121 in 0.001s (132 KB/s)
