--2019-06-21 00:35:11--  ftp://ftp-private.ncbi.nlm.nih.gov/pubchem/.fetch/33/357322035408703773.txt.gz
           => ‘357322035408703773.txt.gz’
Resolving ftp-private.ncbi.nlm.nih.gov (ftp-private.ncbi.nlm.nih.gov)... 130.14.29.35
Connecting to ftp-private.ncbi.nlm.nih.gov (ftp-private.ncbi.nlm.nih.gov)|130.14.29.35|:21... connected.
Logging in as anonymous ... Logged in!
==> SYST ... done.    ==> PWD ... done.
==> TYPE I ... done.  ==> CWD (1) /pubchem/.fetch/33 ... done.
==> SIZE 357322035408703773.txt.gz ... 111
==> PASV ... done.    ==> RETR 357322035408703773.txt.gz ... done.
Length: 111 (unauthoritative)

     0K                                                       100%  126K=0.001s

2019-06-21 00:35:12 (126 KB/s) - ‘357322035408703773.txt.gz’ saved [111]

--2019-06-21 00:35:12--  http://query/
Resolving query (query)... failed: Name or service not known.
wget: unable to resolve host address ‘query’
--2019-06-21 00:35:12--  ftp://xml/
           => ‘.listing’
Resolving xml (xml)... failed: Name or service not known.
wget: unable to resolve host address ‘xml’
--2019-06-21 00:35:12--  http://pc_fetch_aid769567_activities_0.cgi/
Resolving pc_fetch_aid769567_activities_0.cgi (pc_fetch_aid769567_activities_0.cgi)... failed: Name or service not known.
wget: unable to resolve host address ‘pc_fetch_aid769567_activities_0.cgi’
FINISHED --2019-06-21 00:35:12--
Total wall clock time: 0.7s
Downloaded: 1 files, 111 in 0.001s (126 KB/s)
