--2019-06-20 22:22:49--  ftp://ftp-private.ncbi.nlm.nih.gov/pubchem/.fetch/59/2815755860123021240.txt.gz
           => ‘2815755860123021240.txt.gz’
Resolving ftp-private.ncbi.nlm.nih.gov (ftp-private.ncbi.nlm.nih.gov)... 130.14.29.30
Connecting to ftp-private.ncbi.nlm.nih.gov (ftp-private.ncbi.nlm.nih.gov)|130.14.29.30|:21... connected.
Logging in as anonymous ... Logged in!
==> SYST ... done.    ==> PWD ... done.
==> TYPE I ... done.  ==> CWD (1) /pubchem/.fetch/59 ... done.
==> SIZE 2815755860123021240.txt.gz ... 92
==> PASV ... done.    ==> RETR 2815755860123021240.txt.gz ... done.
Length: 92 (unauthoritative)

     0K                                                       100%  109K=0.001s

2019-06-20 22:22:49 (109 KB/s) - ‘2815755860123021240.txt.gz’ saved [92]

--2019-06-20 22:22:49--  http://query/
Resolving query (query)... failed: Name or service not known.
wget: unable to resolve host address ‘query’
--2019-06-20 22:22:49--  ftp://xml/
           => ‘.listing’
Resolving xml (xml)... failed: Name or service not known.
wget: unable to resolve host address ‘xml’
--2019-06-20 22:22:49--  http://pc_fetch_aid500491_activities_0.cgi/
Resolving pc_fetch_aid500491_activities_0.cgi (pc_fetch_aid500491_activities_0.cgi)... failed: Name or service not known.
wget: unable to resolve host address ‘pc_fetch_aid500491_activities_0.cgi’
FINISHED --2019-06-20 22:22:50--
Total wall clock time: 1.2s
Downloaded: 1 files, 92 in 0.001s (109 KB/s)
