--2019-06-20 19:02:45--  ftp://ftp-private.ncbi.nlm.nih.gov/pubchem/.fetch/59/2893785551905602629.txt.gz
           => ‘2893785551905602629.txt.gz’
Resolving ftp-private.ncbi.nlm.nih.gov (ftp-private.ncbi.nlm.nih.gov)... 130.14.29.30
Connecting to ftp-private.ncbi.nlm.nih.gov (ftp-private.ncbi.nlm.nih.gov)|130.14.29.30|:21... connected.
Logging in as anonymous ... Logged in!
==> SYST ... done.    ==> PWD ... done.
==> TYPE I ... done.  ==> CWD (1) /pubchem/.fetch/59 ... done.
==> SIZE 2893785551905602629.txt.gz ... 299
==> PASV ... done.    ==> RETR 2893785551905602629.txt.gz ... done.
Length: 299 (unauthoritative)

     0K                                                       100%  212K=0.001s

2019-06-20 19:02:46 (212 KB/s) - ‘2893785551905602629.txt.gz’ saved [299]

--2019-06-20 19:02:46--  http://query/
Resolving query (query)... failed: Name or service not known.
wget: unable to resolve host address ‘query’
--2019-06-20 19:02:46--  ftp://xml/
           => ‘.listing’
Resolving xml (xml)... failed: Name or service not known.
wget: unable to resolve host address ‘xml’
--2019-06-20 19:02:46--  http://pc_fetch_aid1235396_activities_0.cgi/
Resolving pc_fetch_aid1235396_activities_0.cgi (pc_fetch_aid1235396_activities_0.cgi)... failed: Name or service not known.
wget: unable to resolve host address ‘pc_fetch_aid1235396_activities_0.cgi’
FINISHED --2019-06-20 19:02:46--
Total wall clock time: 0.4s
Downloaded: 1 files, 299 in 0.001s (212 KB/s)
