--2019-06-20 22:12:16--  ftp://ftp-private.ncbi.nlm.nih.gov/pubchem/.fetch/38/3584520190954566847.txt.gz
           => ‘3584520190954566847.txt.gz’
Resolving ftp-private.ncbi.nlm.nih.gov (ftp-private.ncbi.nlm.nih.gov)... 130.14.29.35
Connecting to ftp-private.ncbi.nlm.nih.gov (ftp-private.ncbi.nlm.nih.gov)|130.14.29.35|:21... connected.
Logging in as anonymous ... Logged in!
==> SYST ... done.    ==> PWD ... done.
==> TYPE I ... done.  ==> CWD (1) /pubchem/.fetch/38 ... done.
==> SIZE 3584520190954566847.txt.gz ... 89
==> PASV ... done.    ==> RETR 3584520190954566847.txt.gz ... done.
Length: 89 (unauthoritative)

     0K                                                       100% 3.42K=0.03s

2019-06-20 22:12:16 (3.42 KB/s) - ‘3584520190954566847.txt.gz’ saved [89]

--2019-06-20 22:12:16--  http://query/
Resolving query (query)... failed: Name or service not known.
wget: unable to resolve host address ‘query’
--2019-06-20 22:12:16--  ftp://xml/
           => ‘.listing’
Resolving xml (xml)... failed: Name or service not known.
wget: unable to resolve host address ‘xml’
--2019-06-20 22:12:16--  http://pc_fetch_aid486670_activities_0.cgi/
Resolving pc_fetch_aid486670_activities_0.cgi (pc_fetch_aid486670_activities_0.cgi)... failed: Name or service not known.
wget: unable to resolve host address ‘pc_fetch_aid486670_activities_0.cgi’
FINISHED --2019-06-20 22:12:16--
Total wall clock time: 0.8s
Downloaded: 1 files, 89 in 0.03s (3.42 KB/s)
