--2019-06-20 18:05:30--  ftp://ftp-private.ncbi.nlm.nih.gov/pubchem/.fetch/70/2615475658459406285.txt.gz
           => ‘2615475658459406285.txt.gz’
Resolving ftp-private.ncbi.nlm.nih.gov (ftp-private.ncbi.nlm.nih.gov)... 130.14.29.30
Connecting to ftp-private.ncbi.nlm.nih.gov (ftp-private.ncbi.nlm.nih.gov)|130.14.29.30|:21... connected.
Logging in as anonymous ... Logged in!
==> SYST ... done.    ==> PWD ... done.
==> TYPE I ... done.  ==> CWD (1) /pubchem/.fetch/70 ... done.
==> SIZE 2615475658459406285.txt.gz ... 184
==> PASV ... done.    ==> RETR 2615475658459406285.txt.gz ... done.
Length: 184 (unauthoritative)

     0K                                                       100%  178K=0.001s

2019-06-20 18:05:31 (178 KB/s) - ‘2615475658459406285.txt.gz’ saved [184]

--2019-06-20 18:05:31--  http://query/
Resolving query (query)... failed: Name or service not known.
wget: unable to resolve host address ‘query’
--2019-06-20 18:05:31--  ftp://xml/
           => ‘.listing’
Resolving xml (xml)... failed: Name or service not known.
wget: unable to resolve host address ‘xml’
--2019-06-20 18:05:31--  http://pc_fetch_aid1165447_activities_0.cgi/
Resolving pc_fetch_aid1165447_activities_0.cgi (pc_fetch_aid1165447_activities_0.cgi)... failed: Name or service not known.
wget: unable to resolve host address ‘pc_fetch_aid1165447_activities_0.cgi’
FINISHED --2019-06-20 18:05:31--
Total wall clock time: 0.8s
Downloaded: 1 files, 184 in 0.001s (178 KB/s)
