--2019-06-20 19:10:08--  ftp://ftp-private.ncbi.nlm.nih.gov/pubchem/.fetch/25/2957553097509777677.txt.gz
           => ‘2957553097509777677.txt.gz’
Resolving ftp-private.ncbi.nlm.nih.gov (ftp-private.ncbi.nlm.nih.gov)... 130.14.29.35
Connecting to ftp-private.ncbi.nlm.nih.gov (ftp-private.ncbi.nlm.nih.gov)|130.14.29.35|:21... connected.
Logging in as anonymous ... Logged in!
==> SYST ... done.    ==> PWD ... done.
==> TYPE I ... done.  ==> CWD (1) /pubchem/.fetch/25 ... done.
==> SIZE 2957553097509777677.txt.gz ... 118
==> PASV ... done.    ==> RETR 2957553097509777677.txt.gz ... done.
Length: 118 (unauthoritative)

     0K                                                       100%  112K=0.001s

2019-06-20 19:10:08 (112 KB/s) - ‘2957553097509777677.txt.gz’ saved [118]

--2019-06-20 19:10:08--  http://query/
Resolving query (query)... failed: Name or service not known.
wget: unable to resolve host address ‘query’
--2019-06-20 19:10:08--  ftp://xml/
           => ‘.listing’
Resolving xml (xml)... failed: Name or service not known.
wget: unable to resolve host address ‘xml’
--2019-06-20 19:10:08--  http://pc_fetch_aid1244552_activities_0.cgi/
Resolving pc_fetch_aid1244552_activities_0.cgi (pc_fetch_aid1244552_activities_0.cgi)... failed: Name or service not known.
wget: unable to resolve host address ‘pc_fetch_aid1244552_activities_0.cgi’
FINISHED --2019-06-20 19:10:09--
Total wall clock time: 1.2s
Downloaded: 1 files, 118 in 0.001s (112 KB/s)
