--2019-06-20 21:55:24--  ftp://ftp-private.ncbi.nlm.nih.gov/pubchem/.fetch/11/3136092702429419882.txt.gz
           => ‘3136092702429419882.txt.gz’
Resolving ftp-private.ncbi.nlm.nih.gov (ftp-private.ncbi.nlm.nih.gov)... 130.14.29.35
Connecting to ftp-private.ncbi.nlm.nih.gov (ftp-private.ncbi.nlm.nih.gov)|130.14.29.35|:21... connected.
Logging in as anonymous ... Logged in!
==> SYST ... done.    ==> PWD ... done.
==> TYPE I ... done.  ==> CWD (1) /pubchem/.fetch/11 ... done.
==> SIZE 3136092702429419882.txt.gz ... 66
==> PASV ... done.    ==> RETR 3136092702429419882.txt.gz ... done.
Length: 66 (unauthoritative)

     0K                                                       100% 73.0K=0.001s

2019-06-20 21:55:25 (73.0 KB/s) - ‘3136092702429419882.txt.gz’ saved [66]

--2019-06-20 21:55:25--  http://query/
Resolving query (query)... failed: Name or service not known.
wget: unable to resolve host address ‘query’
--2019-06-20 21:55:25--  ftp://xml/
           => ‘.listing’
Resolving xml (xml)... failed: Name or service not known.
wget: unable to resolve host address ‘xml’
--2019-06-20 21:55:25--  http://pc_fetch_aid422947_activities_0.cgi/
Resolving pc_fetch_aid422947_activities_0.cgi (pc_fetch_aid422947_activities_0.cgi)... failed: Name or service not known.
wget: unable to resolve host address ‘pc_fetch_aid422947_activities_0.cgi’
FINISHED --2019-06-20 21:55:25--
Total wall clock time: 0.4s
Downloaded: 1 files, 66 in 0.001s (73.0 KB/s)
