--2019-06-20 22:15:12--  ftp://ftp-private.ncbi.nlm.nih.gov/pubchem/.fetch/30/4398830045270505708.txt.gz
           => ‘4398830045270505708.txt.gz’
Resolving ftp-private.ncbi.nlm.nih.gov (ftp-private.ncbi.nlm.nih.gov)... 130.14.29.35
Connecting to ftp-private.ncbi.nlm.nih.gov (ftp-private.ncbi.nlm.nih.gov)|130.14.29.35|:21... connected.
Logging in as anonymous ... Logged in!
==> SYST ... done.    ==> PWD ... done.
==> TYPE I ... done.  ==> CWD (1) /pubchem/.fetch/30 ... done.
==> SIZE 4398830045270505708.txt.gz ... 89
==> PASV ... done.    ==> RETR 4398830045270505708.txt.gz ... done.
Length: 89 (unauthoritative)

     0K                                                       100%  105K=0.001s

2019-06-20 22:15:12 (105 KB/s) - ‘4398830045270505708.txt.gz’ saved [89]

--2019-06-20 22:15:12--  http://query/
Resolving query (query)... failed: Name or service not known.
wget: unable to resolve host address ‘query’
--2019-06-20 22:15:12--  ftp://xml/
           => ‘.listing’
Resolving xml (xml)... failed: Name or service not known.
wget: unable to resolve host address ‘xml’
--2019-06-20 22:15:12--  http://pc_fetch_aid486863_activities_0.cgi/
Resolving pc_fetch_aid486863_activities_0.cgi (pc_fetch_aid486863_activities_0.cgi)... failed: Name or service not known.
wget: unable to resolve host address ‘pc_fetch_aid486863_activities_0.cgi’
FINISHED --2019-06-20 22:15:13--
Total wall clock time: 0.6s
Downloaded: 1 files, 89 in 0.001s (105 KB/s)
