--2019-06-21 16:58:15--  ftp://ftp-private.ncbi.nlm.nih.gov/pubchem/.fetch/11/4220198962561075456.txt.gz
           => '4220198962561075456.txt.gz'
Resolving ftp-private.ncbi.nlm.nih.gov (ftp-private.ncbi.nlm.nih.gov)... 130.14.29.30
Connecting to ftp-private.ncbi.nlm.nih.gov (ftp-private.ncbi.nlm.nih.gov)|130.14.29.30|:21... connected.
Logging in as anonymous ... Logged in!
==> SYST ... done.    ==> PWD ... done.
==> TYPE I ... done.  ==> CWD (1) /pubchem/.fetch/11 ... done.
==> SIZE 4220198962561075456.txt.gz ... 75
==> PASV ... done.    ==> RETR 4220198962561075456.txt.gz ... done.
Length: 75 (unauthoritative)

     0K                                                       100% 86.2K=0.001s

2019-06-21 16:58:16 (86.2 KB/s) - '4220198962561075456.txt.gz' saved [75]

--2019-06-21 16:58:16--  http://query/
Resolving query (query)... failed: Name or service not known.
wget: unable to resolve host address 'query'
--2019-06-21 16:58:16--  ftp://xml/
           => '.listing'
Resolving xml (xml)... failed: Name or service not known.
wget: unable to resolve host address 'xml'
--2019-06-21 16:58:16--  http://pc_fetch_aid1061781_activities_0.cgi/
Resolving pc_fetch_aid1061781_activities_0.cgi (pc_fetch_aid1061781_activities_0.cgi)... failed: Name or service not known.
wget: unable to resolve host address 'pc_fetch_aid1061781_activities_0.cgi'
FINISHED --2019-06-21 16:58:16--
Total wall clock time: 0.8s
Downloaded: 1 files, 75 in 0.001s (86.2 KB/s)
