--2019-06-20 20:48:44--  ftp://ftp-private.ncbi.nlm.nih.gov/pubchem/.fetch/76/2771761091456203448.txt.gz
           => ‘2771761091456203448.txt.gz’
Resolving ftp-private.ncbi.nlm.nih.gov (ftp-private.ncbi.nlm.nih.gov)... 130.14.29.30
Connecting to ftp-private.ncbi.nlm.nih.gov (ftp-private.ncbi.nlm.nih.gov)|130.14.29.30|:21... connected.
Logging in as anonymous ... Logged in!
==> SYST ... done.    ==> PWD ... done.
==> TYPE I ... done.  ==> CWD (1) /pubchem/.fetch/76 ... done.
==> SIZE 2771761091456203448.txt.gz ... 217
==> PASV ... done.    ==> RETR 2771761091456203448.txt.gz ... done.
Length: 217 (unauthoritative)

     0K                                                       100%  189K=0.001s

2019-06-20 20:48:45 (189 KB/s) - ‘2771761091456203448.txt.gz’ saved [217]

--2019-06-20 20:48:45--  http://query/
Resolving query (query)... failed: Name or service not known.
wget: unable to resolve host address ‘query’
--2019-06-20 20:48:45--  ftp://xml/
           => ‘.listing’
Resolving xml (xml)... failed: Name or service not known.
wget: unable to resolve host address ‘xml’
--2019-06-20 20:48:45--  http://pc_fetch_aid1326807_activities_0.cgi/
Resolving pc_fetch_aid1326807_activities_0.cgi (pc_fetch_aid1326807_activities_0.cgi)... failed: Name or service not known.
wget: unable to resolve host address ‘pc_fetch_aid1326807_activities_0.cgi’
FINISHED --2019-06-20 20:48:45--
Total wall clock time: 0.5s
Downloaded: 1 files, 217 in 0.001s (189 KB/s)
