--2019-06-20 19:45:57--  ftp://ftp-private.ncbi.nlm.nih.gov/pubchem/.fetch/73/3624878627693459311.txt.gz
           => ‘3624878627693459311.txt.gz’
Resolving ftp-private.ncbi.nlm.nih.gov (ftp-private.ncbi.nlm.nih.gov)... 130.14.29.35
Connecting to ftp-private.ncbi.nlm.nih.gov (ftp-private.ncbi.nlm.nih.gov)|130.14.29.35|:21... connected.
Logging in as anonymous ... Logged in!
==> SYST ... done.    ==> PWD ... done.
==> TYPE I ... done.  ==> CWD (1) /pubchem/.fetch/73 ... done.
==> SIZE 3624878627693459311.txt.gz ... 90
==> PASV ... done.    ==> RETR 3624878627693459311.txt.gz ... done.
Length: 90 (unauthoritative)

     0K                                                       100%  128K=0.001s

2019-06-20 19:45:58 (128 KB/s) - ‘3624878627693459311.txt.gz’ saved [90]

--2019-06-20 19:45:58--  http://query/
Resolving query (query)... failed: Name or service not known.
wget: unable to resolve host address ‘query’
--2019-06-20 19:45:58--  ftp://xml/
           => ‘.listing’
Resolving xml (xml)... failed: Name or service not known.
wget: unable to resolve host address ‘xml’
--2019-06-20 19:45:58--  http://pc_fetch_aid1277264_activities_0.cgi/
Resolving pc_fetch_aid1277264_activities_0.cgi (pc_fetch_aid1277264_activities_0.cgi)... failed: Name or service not known.
wget: unable to resolve host address ‘pc_fetch_aid1277264_activities_0.cgi’
FINISHED --2019-06-20 19:45:58--
Total wall clock time: 0.8s
Downloaded: 1 files, 90 in 0.001s (128 KB/s)
