--2019-06-20 21:23:20--  ftp://ftp-private.ncbi.nlm.nih.gov/pubchem/.fetch/90/3886462543313201829.txt.gz
           => ‘3886462543313201829.txt.gz’
Resolving ftp-private.ncbi.nlm.nih.gov (ftp-private.ncbi.nlm.nih.gov)... 130.14.29.35
Connecting to ftp-private.ncbi.nlm.nih.gov (ftp-private.ncbi.nlm.nih.gov)|130.14.29.35|:21... connected.
Logging in as anonymous ... Logged in!
==> SYST ... done.    ==> PWD ... done.
==> TYPE I ... done.  ==> CWD (1) /pubchem/.fetch/90 ... done.
==> SIZE 3886462543313201829.txt.gz ... 41
==> PASV ... done.    ==> RETR 3886462543313201829.txt.gz ... done.
Length: 41 (unauthoritative)

     0K                                                       100% 45.4K=0.001s

2019-06-20 21:23:20 (45.4 KB/s) - ‘3886462543313201829.txt.gz’ saved [41]

--2019-06-20 21:23:20--  http://query/
Resolving query (query)... failed: Name or service not known.
wget: unable to resolve host address ‘query’
--2019-06-20 21:23:20--  ftp://xml/
           => ‘.listing’
Resolving xml (xml)... failed: Name or service not known.
wget: unable to resolve host address ‘xml’
--2019-06-20 21:23:20--  http://pc_fetch_aid300145_activities_0.cgi/
Resolving pc_fetch_aid300145_activities_0.cgi (pc_fetch_aid300145_activities_0.cgi)... failed: Name or service not known.
wget: unable to resolve host address ‘pc_fetch_aid300145_activities_0.cgi’
FINISHED --2019-06-20 21:23:21--
Total wall clock time: 0.4s
Downloaded: 1 files, 41 in 0.001s (45.4 KB/s)
