--2019-06-20 19:30:02--  ftp://ftp-private.ncbi.nlm.nih.gov/pubchem/.fetch/87/4018702549769530672.txt.gz
           => ‘4018702549769530672.txt.gz’
Resolving ftp-private.ncbi.nlm.nih.gov (ftp-private.ncbi.nlm.nih.gov)... 130.14.29.35
Connecting to ftp-private.ncbi.nlm.nih.gov (ftp-private.ncbi.nlm.nih.gov)|130.14.29.35|:21... connected.
Logging in as anonymous ... Logged in!
==> SYST ... done.    ==> PWD ... done.
==> TYPE I ... done.  ==> CWD (1) /pubchem/.fetch/87 ... done.
==> SIZE 4018702549769530672.txt.gz ... 161
==> PASV ... done.    ==> RETR 4018702549769530672.txt.gz ... done.
Length: 161 (unauthoritative)

     0K                                                       100%  163K=0.001s

2019-06-20 19:30:03 (163 KB/s) - ‘4018702549769530672.txt.gz’ saved [161]

--2019-06-20 19:30:03--  http://query/
Resolving query (query)... failed: Name or service not known.
wget: unable to resolve host address ‘query’
--2019-06-20 19:30:03--  ftp://xml/
           => ‘.listing’
Resolving xml (xml)... failed: Name or service not known.
wget: unable to resolve host address ‘xml’
--2019-06-20 19:30:03--  http://pc_fetch_aid1267543_activities_0.cgi/
Resolving pc_fetch_aid1267543_activities_0.cgi (pc_fetch_aid1267543_activities_0.cgi)... failed: Name or service not known.
wget: unable to resolve host address ‘pc_fetch_aid1267543_activities_0.cgi’
FINISHED --2019-06-20 19:30:03--
Total wall clock time: 0.7s
Downloaded: 1 files, 161 in 0.001s (163 KB/s)
