--2019-06-20 23:02:02--  ftp://ftp-private.ncbi.nlm.nih.gov/pubchem/.fetch/31/743371902037975962.txt.gz
           => ‘743371902037975962.txt.gz’
Resolving ftp-private.ncbi.nlm.nih.gov (ftp-private.ncbi.nlm.nih.gov)... 130.14.29.30
Connecting to ftp-private.ncbi.nlm.nih.gov (ftp-private.ncbi.nlm.nih.gov)|130.14.29.30|:21... connected.
Logging in as anonymous ... Logged in!
==> SYST ... done.    ==> PWD ... done.
==> TYPE I ... done.  ==> CWD (1) /pubchem/.fetch/31 ... done.
==> SIZE 743371902037975962.txt.gz ... 92
==> PASV ... done.    ==> RETR 743371902037975962.txt.gz ... done.
Length: 92 (unauthoritative)

     0K                                                       100% 35.8K=0.003s

2019-06-20 23:02:03 (35.8 KB/s) - ‘743371902037975962.txt.gz’ saved [92]

--2019-06-20 23:02:03--  http://query/
Resolving query (query)... failed: Name or service not known.
wget: unable to resolve host address ‘query’
--2019-06-20 23:02:03--  ftp://xml/
           => ‘.listing’
Resolving xml (xml)... failed: Name or service not known.
wget: unable to resolve host address ‘xml’
--2019-06-20 23:02:03--  http://pc_fetch_aid617169_activities_0.cgi/
Resolving pc_fetch_aid617169_activities_0.cgi (pc_fetch_aid617169_activities_0.cgi)... failed: Name or service not known.
wget: unable to resolve host address ‘pc_fetch_aid617169_activities_0.cgi’
FINISHED --2019-06-20 23:02:03--
Total wall clock time: 0.6s
Downloaded: 1 files, 92 in 0.003s (35.8 KB/s)
