--2019-06-20 17:22:13--  ftp://ftp-private.ncbi.nlm.nih.gov/pubchem/.fetch/12/836453415159224047.txt.gz
           => ‘836453415159224047.txt.gz’
Resolving ftp-private.ncbi.nlm.nih.gov (ftp-private.ncbi.nlm.nih.gov)... 130.14.29.35
Connecting to ftp-private.ncbi.nlm.nih.gov (ftp-private.ncbi.nlm.nih.gov)|130.14.29.35|:21... connected.
Logging in as anonymous ... Logged in!
==> SYST ... done.    ==> PWD ... done.
==> TYPE I ... done.  ==> CWD (1) /pubchem/.fetch/12 ... done.
==> SIZE 836453415159224047.txt.gz ... 94
==> PASV ... done.    ==> RETR 836453415159224047.txt.gz ... done.
Length: 94 (unauthoritative)

     0K                                                       100%  113K=0.001s

2019-06-20 17:22:13 (113 KB/s) - ‘836453415159224047.txt.gz’ saved [94]

--2019-06-20 17:22:13--  http://query/
Resolving query (query)... failed: Name or service not known.
wget: unable to resolve host address ‘query’
--2019-06-20 17:22:13--  ftp://xml/
           => ‘.listing’
Resolving xml (xml)... failed: Name or service not known.
wget: unable to resolve host address ‘xml’
--2019-06-20 17:22:13--  http://pc_fetch_aid1090445_activities_0.cgi/
Resolving pc_fetch_aid1090445_activities_0.cgi (pc_fetch_aid1090445_activities_0.cgi)... failed: Name or service not known.
wget: unable to resolve host address ‘pc_fetch_aid1090445_activities_0.cgi’
FINISHED --2019-06-20 17:22:13--
Total wall clock time: 0.4s
Downloaded: 1 files, 94 in 0.001s (113 KB/s)
