--2019-06-20 19:31:33--  ftp://ftp-private.ncbi.nlm.nih.gov/pubchem/.fetch/94/2217548261238584162.txt.gz
           => ‘2217548261238584162.txt.gz’
Resolving ftp-private.ncbi.nlm.nih.gov (ftp-private.ncbi.nlm.nih.gov)... 130.14.29.35
Connecting to ftp-private.ncbi.nlm.nih.gov (ftp-private.ncbi.nlm.nih.gov)|130.14.29.35|:21... connected.
Logging in as anonymous ... Logged in!
==> SYST ... done.    ==> PWD ... done.
==> TYPE I ... done.  ==> CWD (1) /pubchem/.fetch/94 ... done.
==> SIZE 2217548261238584162.txt.gz ... 239
==> PASV ... done.    ==> RETR 2217548261238584162.txt.gz ... done.
Length: 239 (unauthoritative)

     0K                                                       100%  162K=0.001s

2019-06-20 19:31:33 (162 KB/s) - ‘2217548261238584162.txt.gz’ saved [239]

--2019-06-20 19:31:33--  http://query/
Resolving query (query)... failed: Name or service not known.
wget: unable to resolve host address ‘query’
--2019-06-20 19:31:33--  ftp://xml/
           => ‘.listing’
Resolving xml (xml)... failed: Name or service not known.
wget: unable to resolve host address ‘xml’
--2019-06-20 19:31:33--  http://pc_fetch_aid1273897_activities_0.cgi/
Resolving pc_fetch_aid1273897_activities_0.cgi (pc_fetch_aid1273897_activities_0.cgi)... failed: Name or service not known.
wget: unable to resolve host address ‘pc_fetch_aid1273897_activities_0.cgi’
FINISHED --2019-06-20 19:31:33--
Total wall clock time: 0.6s
Downloaded: 1 files, 239 in 0.001s (162 KB/s)
