--2019-06-20 23:06:52--  ftp://ftp-private.ncbi.nlm.nih.gov/pubchem/.fetch/3/3152830925414916579.txt.gz
           => ‘3152830925414916579.txt.gz’
Resolving ftp-private.ncbi.nlm.nih.gov (ftp-private.ncbi.nlm.nih.gov)... 130.14.29.30
Connecting to ftp-private.ncbi.nlm.nih.gov (ftp-private.ncbi.nlm.nih.gov)|130.14.29.30|:21... connected.
Logging in as anonymous ... Logged in!
==> SYST ... done.    ==> PWD ... done.
==> TYPE I ... done.  ==> CWD (1) /pubchem/.fetch/3 ... done.
==> SIZE 3152830925414916579.txt.gz ... 81
==> PASV ... done.    ==> RETR 3152830925414916579.txt.gz ... done.
Length: 81 (unauthoritative)

     0K                                                       100% 93.9K=0.001s

2019-06-20 23:06:53 (93.9 KB/s) - ‘3152830925414916579.txt.gz’ saved [81]

--2019-06-20 23:06:53--  http://query/
Resolving query (query)... failed: Name or service not known.
wget: unable to resolve host address ‘query’
--2019-06-20 23:06:53--  ftp://xml/
           => ‘.listing’
Resolving xml (xml)... failed: Name or service not known.
wget: unable to resolve host address ‘xml’
--2019-06-20 23:06:53--  http://pc_fetch_aid627228_activities_0.cgi/
Resolving pc_fetch_aid627228_activities_0.cgi (pc_fetch_aid627228_activities_0.cgi)... failed: Name or service not known.
wget: unable to resolve host address ‘pc_fetch_aid627228_activities_0.cgi’
FINISHED --2019-06-20 23:06:53--
Total wall clock time: 0.6s
Downloaded: 1 files, 81 in 0.001s (93.9 KB/s)
