--2019-06-20 17:49:06--  ftp://ftp-private.ncbi.nlm.nih.gov/pubchem/.fetch/53/22560406135082391.txt.gz
           => ‘22560406135082391.txt.gz’
Resolving ftp-private.ncbi.nlm.nih.gov (ftp-private.ncbi.nlm.nih.gov)... 130.14.29.30
Connecting to ftp-private.ncbi.nlm.nih.gov (ftp-private.ncbi.nlm.nih.gov)|130.14.29.30|:21... connected.
Logging in as anonymous ... Logged in!
==> SYST ... done.    ==> PWD ... done.
==> TYPE I ... done.  ==> CWD (1) /pubchem/.fetch/53 ... done.
==> SIZE 22560406135082391.txt.gz ... 107
==> PASV ... done.    ==> RETR 22560406135082391.txt.gz ... done.
Length: 107 (unauthoritative)

     0K                                                       100%  133K=0.001s

2019-06-20 17:49:07 (133 KB/s) - ‘22560406135082391.txt.gz’ saved [107]

--2019-06-20 17:49:07--  http://query/
Resolving query (query)... failed: Name or service not known.
wget: unable to resolve host address ‘query’
--2019-06-20 17:49:07--  ftp://xml/
           => ‘.listing’
Resolving xml (xml)... failed: Name or service not known.
wget: unable to resolve host address ‘xml’
--2019-06-20 17:49:07--  http://pc_fetch_aid1161346_activities_0.cgi/
Resolving pc_fetch_aid1161346_activities_0.cgi (pc_fetch_aid1161346_activities_0.cgi)... failed: Name or service not known.
wget: unable to resolve host address ‘pc_fetch_aid1161346_activities_0.cgi’
FINISHED --2019-06-20 17:49:07--
Total wall clock time: 0.7s
Downloaded: 1 files, 107 in 0.001s (133 KB/s)
