--2019-06-20 22:24:03--  ftp://ftp-private.ncbi.nlm.nih.gov/pubchem/.fetch/67/485571157387036342.txt.gz
           => ‘485571157387036342.txt.gz’
Resolving ftp-private.ncbi.nlm.nih.gov (ftp-private.ncbi.nlm.nih.gov)... 130.14.29.35
Connecting to ftp-private.ncbi.nlm.nih.gov (ftp-private.ncbi.nlm.nih.gov)|130.14.29.35|:21... connected.
Logging in as anonymous ... Logged in!
==> SYST ... done.    ==> PWD ... done.
==> TYPE I ... done.  ==> CWD (1) /pubchem/.fetch/67 ... done.
==> SIZE 485571157387036342.txt.gz ... 100
==> PASV ... done.    ==> RETR 485571157387036342.txt.gz ... done.
Length: 100 (unauthoritative)

     0K                                                       100% 79.1K=0.001s

2019-06-20 22:24:03 (79.1 KB/s) - ‘485571157387036342.txt.gz’ saved [100]

--2019-06-20 22:24:03--  http://query/
Resolving query (query)... failed: Name or service not known.
wget: unable to resolve host address ‘query’
--2019-06-20 22:24:03--  ftp://xml/
           => ‘.listing’
Resolving xml (xml)... failed: Name or service not known.
wget: unable to resolve host address ‘xml’
--2019-06-20 22:24:03--  http://pc_fetch_aid500504_activities_0.cgi/
Resolving pc_fetch_aid500504_activities_0.cgi (pc_fetch_aid500504_activities_0.cgi)... failed: Name or service not known.
wget: unable to resolve host address ‘pc_fetch_aid500504_activities_0.cgi’
FINISHED --2019-06-20 22:24:03--
Total wall clock time: 0.4s
Downloaded: 1 files, 100 in 0.001s (79.1 KB/s)
