--2019-06-20 17:58:38--  ftp://ftp-private.ncbi.nlm.nih.gov/pubchem/.fetch/13/590231221808600611.txt.gz
           => ‘590231221808600611.txt.gz’
Resolving ftp-private.ncbi.nlm.nih.gov (ftp-private.ncbi.nlm.nih.gov)... 130.14.29.35
Connecting to ftp-private.ncbi.nlm.nih.gov (ftp-private.ncbi.nlm.nih.gov)|130.14.29.35|:21... connected.
Logging in as anonymous ... Logged in!
==> SYST ... done.    ==> PWD ... done.
==> TYPE I ... done.  ==> CWD (1) /pubchem/.fetch/13 ... done.
==> SIZE 590231221808600611.txt.gz ... 72
==> PASV ... done.    ==> RETR 590231221808600611.txt.gz ... done.
Length: 72 (unauthoritative)

     0K                                                       100% 71.8K=0.001s

2019-06-20 17:58:39 (71.8 KB/s) - ‘590231221808600611.txt.gz’ saved [72]

--2019-06-20 17:58:39--  http://query/
Resolving query (query)... failed: Name or service not known.
wget: unable to resolve host address ‘query’
--2019-06-20 17:58:39--  ftp://xml/
           => ‘.listing’
Resolving xml (xml)... failed: Name or service not known.
wget: unable to resolve host address ‘xml’
--2019-06-20 17:58:39--  http://pc_fetch_aid1163465_activities_0.cgi/
Resolving pc_fetch_aid1163465_activities_0.cgi (pc_fetch_aid1163465_activities_0.cgi)... failed: Name or service not known.
wget: unable to resolve host address ‘pc_fetch_aid1163465_activities_0.cgi’
FINISHED --2019-06-20 17:58:39--
Total wall clock time: 0.7s
Downloaded: 1 files, 72 in 0.001s (71.8 KB/s)
