--2019-06-20 21:18:15--  ftp://ftp-private.ncbi.nlm.nih.gov/pubchem/.fetch/11/1920040838734151319.txt.gz
           => ‘1920040838734151319.txt.gz’
Resolving ftp-private.ncbi.nlm.nih.gov (ftp-private.ncbi.nlm.nih.gov)... 130.14.29.35
Connecting to ftp-private.ncbi.nlm.nih.gov (ftp-private.ncbi.nlm.nih.gov)|130.14.29.35|:21... connected.
Logging in as anonymous ... Logged in!
==> SYST ... done.    ==> PWD ... done.
==> TYPE I ... done.  ==> CWD (1) /pubchem/.fetch/11 ... done.
==> SIZE 1920040838734151319.txt.gz ... 53
==> PASV ... done.    ==> RETR 1920040838734151319.txt.gz ... done.
Length: 53 (unauthoritative)

     0K                                                       100% 70.4K=0.001s

2019-06-20 21:18:15 (70.4 KB/s) - ‘1920040838734151319.txt.gz’ saved [53]

--2019-06-20 21:18:15--  http://query/
Resolving query (query)... failed: Name or service not known.
wget: unable to resolve host address ‘query’
--2019-06-20 21:18:15--  ftp://xml/
           => ‘.listing’
Resolving xml (xml)... failed: Name or service not known.
wget: unable to resolve host address ‘xml’
--2019-06-20 21:18:15--  http://pc_fetch_aid285950_activities_0.cgi/
Resolving pc_fetch_aid285950_activities_0.cgi (pc_fetch_aid285950_activities_0.cgi)... failed: Name or service not known.
wget: unable to resolve host address ‘pc_fetch_aid285950_activities_0.cgi’
FINISHED --2019-06-20 21:18:15--
Total wall clock time: 0.6s
Downloaded: 1 files, 53 in 0.001s (70.4 KB/s)
