--2019-06-20 21:28:29--  ftp://ftp-private.ncbi.nlm.nih.gov/pubchem/.fetch/25/2089347133300708493.txt.gz
           => ‘2089347133300708493.txt.gz’
Resolving ftp-private.ncbi.nlm.nih.gov (ftp-private.ncbi.nlm.nih.gov)... 130.14.29.30
Connecting to ftp-private.ncbi.nlm.nih.gov (ftp-private.ncbi.nlm.nih.gov)|130.14.29.30|:21... connected.
Logging in as anonymous ... Logged in!
==> SYST ... done.    ==> PWD ... done.
==> TYPE I ... done.  ==> CWD (1) /pubchem/.fetch/25 ... done.
==> SIZE 2089347133300708493.txt.gz ... 91
==> PASV ... done.    ==> RETR 2089347133300708493.txt.gz ... done.
Length: 91 (unauthoritative)

     0K                                                       100%  117K=0.001s

2019-06-20 21:28:30 (117 KB/s) - ‘2089347133300708493.txt.gz’ saved [91]

--2019-06-20 21:28:30--  http://query/
Resolving query (query)... failed: Name or service not known.
wget: unable to resolve host address ‘query’
--2019-06-20 21:28:30--  ftp://xml/
           => ‘.listing’
Resolving xml (xml)... failed: Name or service not known.
wget: unable to resolve host address ‘xml’
--2019-06-20 21:28:30--  http://pc_fetch_aid322898_activities_0.cgi/
Resolving pc_fetch_aid322898_activities_0.cgi (pc_fetch_aid322898_activities_0.cgi)... failed: Name or service not known.
wget: unable to resolve host address ‘pc_fetch_aid322898_activities_0.cgi’
FINISHED --2019-06-20 21:28:30--
Total wall clock time: 0.6s
Downloaded: 1 files, 91 in 0.001s (117 KB/s)
