--2019-06-20 17:41:32--  ftp://ftp-private.ncbi.nlm.nih.gov/pubchem/.fetch/58/2514887019214354968.txt.gz
           => ‘2514887019214354968.txt.gz’
Resolving ftp-private.ncbi.nlm.nih.gov (ftp-private.ncbi.nlm.nih.gov)... 130.14.29.30
Connecting to ftp-private.ncbi.nlm.nih.gov (ftp-private.ncbi.nlm.nih.gov)|130.14.29.30|:21... connected.
Logging in as anonymous ... Logged in!
==> SYST ... done.    ==> PWD ... done.
==> TYPE I ... done.  ==> CWD (1) /pubchem/.fetch/58 ... done.
==> SIZE 2514887019214354968.txt.gz ... 288
==> PASV ... done.    ==> RETR 2514887019214354968.txt.gz ... done.
Length: 288 (unauthoritative)

     0K                                                       100%  225K=0.001s

2019-06-20 17:41:33 (225 KB/s) - ‘2514887019214354968.txt.gz’ saved [288]

--2019-06-20 17:41:33--  http://query/
Resolving query (query)... failed: Name or service not known.
wget: unable to resolve host address ‘query’
--2019-06-20 17:41:33--  ftp://xml/
           => ‘.listing’
Resolving xml (xml)... failed: Name or service not known.
wget: unable to resolve host address ‘xml’
--2019-06-20 17:41:33--  http://pc_fetch_aid1143737_activities_0.cgi/
Resolving pc_fetch_aid1143737_activities_0.cgi (pc_fetch_aid1143737_activities_0.cgi)... failed: Name or service not known.
wget: unable to resolve host address ‘pc_fetch_aid1143737_activities_0.cgi’
FINISHED --2019-06-20 17:41:33--
Total wall clock time: 0.5s
Downloaded: 1 files, 288 in 0.001s (225 KB/s)
