--2019-06-20 20:47:26--  ftp://ftp-private.ncbi.nlm.nih.gov/pubchem/.fetch/85/2718330177194077622.txt.gz
           => ‘2718330177194077622.txt.gz’
Resolving ftp-private.ncbi.nlm.nih.gov (ftp-private.ncbi.nlm.nih.gov)... 130.14.29.35
Connecting to ftp-private.ncbi.nlm.nih.gov (ftp-private.ncbi.nlm.nih.gov)|130.14.29.35|:21... connected.
Logging in as anonymous ... Logged in!
==> SYST ... done.    ==> PWD ... done.
==> TYPE I ... done.  ==> CWD (1) /pubchem/.fetch/85 ... done.
==> SIZE 2718330177194077622.txt.gz ... 112
==> PASV ... done.    ==> RETR 2718330177194077622.txt.gz ... done.
Length: 112 (unauthoritative)

     0K                                                       100%  120K=0.001s

2019-06-20 20:47:26 (120 KB/s) - ‘2718330177194077622.txt.gz’ saved [112]

--2019-06-20 20:47:26--  http://query/
Resolving query (query)... failed: Name or service not known.
wget: unable to resolve host address ‘query’
--2019-06-20 20:47:26--  ftp://xml/
           => ‘.listing’
Resolving xml (xml)... failed: Name or service not known.
wget: unable to resolve host address ‘xml’
--2019-06-20 20:47:26--  http://pc_fetch_aid1323065_activities_0.cgi/
Resolving pc_fetch_aid1323065_activities_0.cgi (pc_fetch_aid1323065_activities_0.cgi)... failed: Name or service not known.
wget: unable to resolve host address ‘pc_fetch_aid1323065_activities_0.cgi’
FINISHED --2019-06-20 20:47:26--
Total wall clock time: 0.6s
Downloaded: 1 files, 112 in 0.001s (120 KB/s)
