--2019-06-20 20:14:44--  ftp://ftp-private.ncbi.nlm.nih.gov/pubchem/.fetch/58/1504456293731195107.txt.gz
           => ‘1504456293731195107.txt.gz’
Resolving ftp-private.ncbi.nlm.nih.gov (ftp-private.ncbi.nlm.nih.gov)... 130.14.29.35
Connecting to ftp-private.ncbi.nlm.nih.gov (ftp-private.ncbi.nlm.nih.gov)|130.14.29.35|:21... connected.
Logging in as anonymous ... Logged in!
==> SYST ... done.    ==> PWD ... done.
==> TYPE I ... done.  ==> CWD (1) /pubchem/.fetch/58 ... done.
==> SIZE 1504456293731195107.txt.gz ... 102
==> PASV ... done.    ==> RETR 1504456293731195107.txt.gz ... done.
Length: 102 (unauthoritative)

     0K                                                       100%  121K=0.001s

2019-06-20 20:14:45 (121 KB/s) - ‘1504456293731195107.txt.gz’ saved [102]

--2019-06-20 20:14:45--  http://query/
Resolving query (query)... failed: Name or service not known.
wget: unable to resolve host address ‘query’
--2019-06-20 20:14:45--  ftp://xml/
           => ‘.listing’
Resolving xml (xml)... failed: Name or service not known.
wget: unable to resolve host address ‘xml’
--2019-06-20 20:14:45--  http://pc_fetch_aid1307582_activities_0.cgi/
Resolving pc_fetch_aid1307582_activities_0.cgi (pc_fetch_aid1307582_activities_0.cgi)... failed: Name or service not known.
wget: unable to resolve host address ‘pc_fetch_aid1307582_activities_0.cgi’
FINISHED --2019-06-20 20:14:45--
Total wall clock time: 0.7s
Downloaded: 1 files, 102 in 0.001s (121 KB/s)
