--2019-06-20 20:03:01--  ftp://ftp-private.ncbi.nlm.nih.gov/pubchem/.fetch/34/1994815002283754662.txt.gz
           => ‘1994815002283754662.txt.gz’
Resolving ftp-private.ncbi.nlm.nih.gov (ftp-private.ncbi.nlm.nih.gov)... 130.14.29.35
Connecting to ftp-private.ncbi.nlm.nih.gov (ftp-private.ncbi.nlm.nih.gov)|130.14.29.35|:21... connected.
Logging in as anonymous ... Logged in!
==> SYST ... done.    ==> PWD ... done.
==> TYPE I ... done.  ==> CWD (1) /pubchem/.fetch/34 ... done.
==> SIZE 1994815002283754662.txt.gz ... 104
==> PASV ... done.    ==> RETR 1994815002283754662.txt.gz ... done.
Length: 104 (unauthoritative)

     0K                                                       100%  104K=0.001s

2019-06-20 20:03:01 (104 KB/s) - ‘1994815002283754662.txt.gz’ saved [104]

--2019-06-20 20:03:01--  http://query/
Resolving query (query)... failed: Name or service not known.
wget: unable to resolve host address ‘query’
--2019-06-20 20:03:01--  ftp://xml/
           => ‘.listing’
Resolving xml (xml)... failed: Name or service not known.
wget: unable to resolve host address ‘xml’
--2019-06-20 20:03:01--  http://pc_fetch_aid1300953_activities_0.cgi/
Resolving pc_fetch_aid1300953_activities_0.cgi (pc_fetch_aid1300953_activities_0.cgi)... failed: Name or service not known.
wget: unable to resolve host address ‘pc_fetch_aid1300953_activities_0.cgi’
FINISHED --2019-06-20 20:03:01--
Total wall clock time: 0.4s
Downloaded: 1 files, 104 in 0.001s (104 KB/s)
