--2019-06-20 22:14:08--  ftp://ftp-private.ncbi.nlm.nih.gov/pubchem/.fetch/74/136208858126166942.txt.gz
           => ‘136208858126166942.txt.gz’
Resolving ftp-private.ncbi.nlm.nih.gov (ftp-private.ncbi.nlm.nih.gov)... 130.14.29.30
Connecting to ftp-private.ncbi.nlm.nih.gov (ftp-private.ncbi.nlm.nih.gov)|130.14.29.30|:21... connected.
Logging in as anonymous ... Logged in!
==> SYST ... done.    ==> PWD ... done.
==> TYPE I ... done.  ==> CWD (1) /pubchem/.fetch/74 ... done.
==> SIZE 136208858126166942.txt.gz ... 89
==> PASV ... done.    ==> RETR 136208858126166942.txt.gz ... done.
Length: 89 (unauthoritative)

     0K                                                       100% 93.9K=0.001s

2019-06-20 22:14:09 (93.9 KB/s) - ‘136208858126166942.txt.gz’ saved [89]

--2019-06-20 22:14:09--  http://query/
Resolving query (query)... failed: Name or service not known.
wget: unable to resolve host address ‘query’
--2019-06-20 22:14:09--  ftp://xml/
           => ‘.listing’
Resolving xml (xml)... failed: Name or service not known.
wget: unable to resolve host address ‘xml’
--2019-06-20 22:14:09--  http://pc_fetch_aid486853_activities_0.cgi/
Resolving pc_fetch_aid486853_activities_0.cgi (pc_fetch_aid486853_activities_0.cgi)... failed: Name or service not known.
wget: unable to resolve host address ‘pc_fetch_aid486853_activities_0.cgi’
FINISHED --2019-06-20 22:14:09--
Total wall clock time: 0.4s
Downloaded: 1 files, 89 in 0.001s (93.9 KB/s)
