--2019-06-20 23:11:26--  ftp://ftp-private.ncbi.nlm.nih.gov/pubchem/.fetch/42/2389779334879898650.txt.gz
           => ‘2389779334879898650.txt.gz’
Resolving ftp-private.ncbi.nlm.nih.gov (ftp-private.ncbi.nlm.nih.gov)... 130.14.29.35
Connecting to ftp-private.ncbi.nlm.nih.gov (ftp-private.ncbi.nlm.nih.gov)|130.14.29.35|:21... connected.
Logging in as anonymous ... Logged in!
==> SYST ... done.    ==> PWD ... done.
==> TYPE I ... done.  ==> CWD (1) /pubchem/.fetch/42 ... done.
==> SIZE 2389779334879898650.txt.gz ... 172
==> PASV ... done.    ==> RETR 2389779334879898650.txt.gz ... done.
Length: 172 (unauthoritative)

     0K                                                       100%  162K=0.001s

2019-06-20 23:11:27 (162 KB/s) - ‘2389779334879898650.txt.gz’ saved [172]

--2019-06-20 23:11:27--  http://query/
Resolving query (query)... failed: Name or service not known.
wget: unable to resolve host address ‘query’
--2019-06-20 23:11:27--  ftp://xml/
           => ‘.listing’
Resolving xml (xml)... failed: Name or service not known.
wget: unable to resolve host address ‘xml’
--2019-06-20 23:11:27--  http://pc_fetch_aid635961_activities_0.cgi/
Resolving pc_fetch_aid635961_activities_0.cgi (pc_fetch_aid635961_activities_0.cgi)... failed: Name or service not known.
wget: unable to resolve host address ‘pc_fetch_aid635961_activities_0.cgi’
FINISHED --2019-06-20 23:11:27--
Total wall clock time: 0.6s
Downloaded: 1 files, 172 in 0.001s (162 KB/s)
