--2019-06-20 22:18:08--  ftp://ftp-private.ncbi.nlm.nih.gov/pubchem/.fetch/87/137702801578896137.txt.gz
           => ‘137702801578896137.txt.gz’
Resolving ftp-private.ncbi.nlm.nih.gov (ftp-private.ncbi.nlm.nih.gov)... 130.14.29.35
Connecting to ftp-private.ncbi.nlm.nih.gov (ftp-private.ncbi.nlm.nih.gov)|130.14.29.35|:21... connected.
Logging in as anonymous ... Logged in!
==> SYST ... done.    ==> PWD ... done.
==> TYPE I ... done.  ==> CWD (1) /pubchem/.fetch/87 ... done.
==> SIZE 137702801578896137.txt.gz ... 180
==> PASV ... done.    ==> RETR 137702801578896137.txt.gz ... done.
Length: 180 (unauthoritative)

     0K                                                       100% 15.2K=0.01s

2019-06-20 22:18:08 (15.2 KB/s) - ‘137702801578896137.txt.gz’ saved [180]

--2019-06-20 22:18:08--  http://query/
Resolving query (query)... failed: Name or service not known.
wget: unable to resolve host address ‘query’
--2019-06-20 22:18:08--  ftp://xml/
           => ‘.listing’
Resolving xml (xml)... failed: Name or service not known.
wget: unable to resolve host address ‘xml’
--2019-06-20 22:18:08--  http://pc_fetch_aid491816_activities_0.cgi/
Resolving pc_fetch_aid491816_activities_0.cgi (pc_fetch_aid491816_activities_0.cgi)... failed: Name or service not known.
wget: unable to resolve host address ‘pc_fetch_aid491816_activities_0.cgi’
FINISHED --2019-06-20 22:18:08--
Total wall clock time: 0.4s
Downloaded: 1 files, 180 in 0.01s (15.2 KB/s)
