--2019-06-20 19:25:54--  ftp://ftp-private.ncbi.nlm.nih.gov/pubchem/.fetch/55/2150784811551832652.txt.gz
           => ‘2150784811551832652.txt.gz’
Resolving ftp-private.ncbi.nlm.nih.gov (ftp-private.ncbi.nlm.nih.gov)... 130.14.29.35
Connecting to ftp-private.ncbi.nlm.nih.gov (ftp-private.ncbi.nlm.nih.gov)|130.14.29.35|:21... connected.
Logging in as anonymous ... Logged in!
==> SYST ... done.    ==> PWD ... done.
==> TYPE I ... done.  ==> CWD (1) /pubchem/.fetch/55 ... done.
==> SIZE 2150784811551832652.txt.gz ... 79
==> PASV ... done.    ==> RETR 2150784811551832652.txt.gz ... done.
Length: 79 (unauthoritative)

     0K                                                       100% 5.30K=0.01s

2019-06-20 19:25:55 (5.30 KB/s) - ‘2150784811551832652.txt.gz’ saved [79]

--2019-06-20 19:25:55--  http://query/
Resolving query (query)... failed: Name or service not known.
wget: unable to resolve host address ‘query’
--2019-06-20 19:25:55--  ftp://xml/
           => ‘.listing’
Resolving xml (xml)... failed: Name or service not known.
wget: unable to resolve host address ‘xml’
--2019-06-20 19:25:55--  http://pc_fetch_aid1265434_activities_0.cgi/
Resolving pc_fetch_aid1265434_activities_0.cgi (pc_fetch_aid1265434_activities_0.cgi)... failed: Name or service not known.
wget: unable to resolve host address ‘pc_fetch_aid1265434_activities_0.cgi’
FINISHED --2019-06-20 19:25:56--
Total wall clock time: 1.2s
Downloaded: 1 files, 79 in 0.01s (5.30 KB/s)
