--2019-06-20 21:13:53--  ftp://ftp-private.ncbi.nlm.nih.gov/pubchem/.fetch/61/4103123848493017968.txt.gz
           => ‘4103123848493017968.txt.gz’
Resolving ftp-private.ncbi.nlm.nih.gov (ftp-private.ncbi.nlm.nih.gov)... 130.14.29.35
Connecting to ftp-private.ncbi.nlm.nih.gov (ftp-private.ncbi.nlm.nih.gov)|130.14.29.35|:21... connected.
Logging in as anonymous ... Logged in!
==> SYST ... done.    ==> PWD ... done.
==> TYPE I ... done.  ==> CWD (1) /pubchem/.fetch/61 ... done.
==> SIZE 4103123848493017968.txt.gz ... 77
==> PASV ... done.    ==> RETR 4103123848493017968.txt.gz ... done.
Length: 77 (unauthoritative)

     0K                                                       100%  105K=0.001s

2019-06-20 21:13:53 (105 KB/s) - ‘4103123848493017968.txt.gz’ saved [77]

--2019-06-20 21:13:53--  http://query/
Resolving query (query)... failed: Name or service not known.
wget: unable to resolve host address ‘query’
--2019-06-20 21:13:53--  ftp://xml/
           => ‘.listing’
Resolving xml (xml)... failed: Name or service not known.
wget: unable to resolve host address ‘xml’
--2019-06-20 21:13:53--  http://pc_fetch_aid267789_activities_0.cgi/
Resolving pc_fetch_aid267789_activities_0.cgi (pc_fetch_aid267789_activities_0.cgi)... failed: Name or service not known.
wget: unable to resolve host address ‘pc_fetch_aid267789_activities_0.cgi’
FINISHED --2019-06-20 21:13:53--
Total wall clock time: 0.4s
Downloaded: 1 files, 77 in 0.001s (105 KB/s)
