--2019-06-21 00:39:35--  ftp://ftp-private.ncbi.nlm.nih.gov/pubchem/.fetch/4/4109632007485592590.txt.gz
           => ‘4109632007485592590.txt.gz’
Resolving ftp-private.ncbi.nlm.nih.gov (ftp-private.ncbi.nlm.nih.gov)... 130.14.29.30
Connecting to ftp-private.ncbi.nlm.nih.gov (ftp-private.ncbi.nlm.nih.gov)|130.14.29.30|:21... connected.
Logging in as anonymous ... Logged in!
==> SYST ... done.    ==> PWD ... done.
==> TYPE I ... done.  ==> CWD (1) /pubchem/.fetch/4 ... done.
==> SIZE 4109632007485592590.txt.gz ... 559
==> PASV ... done.    ==> RETR 4109632007485592590.txt.gz ... done.
Length: 559 (unauthoritative)

     0K                                                       100%  305K=0.002s

2019-06-21 00:39:36 (305 KB/s) - ‘4109632007485592590.txt.gz’ saved [559]

--2019-06-21 00:39:36--  http://query/
Resolving query (query)... failed: Name or service not known.
wget: unable to resolve host address ‘query’
--2019-06-21 00:39:36--  ftp://xml/
           => ‘.listing’
Resolving xml (xml)... failed: Name or service not known.
wget: unable to resolve host address ‘xml’
--2019-06-21 00:39:36--  http://pc_fetch_aid769609_activities_0.cgi/
Resolving pc_fetch_aid769609_activities_0.cgi (pc_fetch_aid769609_activities_0.cgi)... failed: Name or service not known.
wget: unable to resolve host address ‘pc_fetch_aid769609_activities_0.cgi’
FINISHED --2019-06-21 00:39:36--
Total wall clock time: 0.8s
Downloaded: 1 files, 559 in 0.002s (305 KB/s)
