--2019-06-20 19:38:22--  ftp://ftp-private.ncbi.nlm.nih.gov/pubchem/.fetch/45/108669907011192211.txt.gz
           => ‘108669907011192211.txt.gz’
Resolving ftp-private.ncbi.nlm.nih.gov (ftp-private.ncbi.nlm.nih.gov)... 130.14.29.35
Connecting to ftp-private.ncbi.nlm.nih.gov (ftp-private.ncbi.nlm.nih.gov)|130.14.29.35|:21... connected.
Logging in as anonymous ... Logged in!
==> SYST ... done.    ==> PWD ... done.
==> TYPE I ... done.  ==> CWD (1) /pubchem/.fetch/45 ... done.
==> SIZE 108669907011192211.txt.gz ... 82
==> PASV ... done.    ==> RETR 108669907011192211.txt.gz ... done.
Length: 82 (unauthoritative)

     0K                                                       100%  101K=0.001s

2019-06-20 19:38:23 (101 KB/s) - ‘108669907011192211.txt.gz’ saved [82]

--2019-06-20 19:38:23--  http://query/
Resolving query (query)... failed: Name or service not known.
wget: unable to resolve host address ‘query’
--2019-06-20 19:38:23--  ftp://xml/
           => ‘.listing’
Resolving xml (xml)... failed: Name or service not known.
wget: unable to resolve host address ‘xml’
--2019-06-20 19:38:23--  http://pc_fetch_aid1276767_activities_0.cgi/
Resolving pc_fetch_aid1276767_activities_0.cgi (pc_fetch_aid1276767_activities_0.cgi)... failed: Name or service not known.
wget: unable to resolve host address ‘pc_fetch_aid1276767_activities_0.cgi’
FINISHED --2019-06-20 19:38:23--
Total wall clock time: 1.0s
Downloaded: 1 files, 82 in 0.001s (101 KB/s)
