--2019-06-21 00:40:05--  ftp://ftp-private.ncbi.nlm.nih.gov/pubchem/.fetch/53/4182913628542067055.txt.gz
           => ‘4182913628542067055.txt.gz’
Resolving ftp-private.ncbi.nlm.nih.gov (ftp-private.ncbi.nlm.nih.gov)... 130.14.29.30
Connecting to ftp-private.ncbi.nlm.nih.gov (ftp-private.ncbi.nlm.nih.gov)|130.14.29.30|:21... connected.
Logging in as anonymous ... Logged in!
==> SYST ... done.    ==> PWD ... done.
==> TYPE I ... done.  ==> CWD (1) /pubchem/.fetch/53 ... done.
==> SIZE 4182913628542067055.txt.gz ... 108
==> PASV ... done.    ==> RETR 4182913628542067055.txt.gz ... done.
Length: 108 (unauthoritative)

     0K                                                       100% 74.6K=0.001s

2019-06-21 00:40:05 (74.6 KB/s) - ‘4182913628542067055.txt.gz’ saved [108]

--2019-06-21 00:40:05--  http://query/
Resolving query (query)... failed: Name or service not known.
wget: unable to resolve host address ‘query’
--2019-06-21 00:40:05--  ftp://xml/
           => ‘.listing’
Resolving xml (xml)... failed: Name or service not known.
wget: unable to resolve host address ‘xml’
--2019-06-21 00:40:05--  http://pc_fetch_aid774790_activities_0.cgi/
Resolving pc_fetch_aid774790_activities_0.cgi (pc_fetch_aid774790_activities_0.cgi)... failed: Name or service not known.
wget: unable to resolve host address ‘pc_fetch_aid774790_activities_0.cgi’
FINISHED --2019-06-21 00:40:05--
Total wall clock time: 0.5s
Downloaded: 1 files, 108 in 0.001s (74.6 KB/s)
