--2019-06-21 16:59:02--  ftp://ftp-private.ncbi.nlm.nih.gov/pubchem/.fetch/41/986831181214982903.txt.gz
           => '986831181214982903.txt.gz'
Resolving ftp-private.ncbi.nlm.nih.gov (ftp-private.ncbi.nlm.nih.gov)... 130.14.29.35
Connecting to ftp-private.ncbi.nlm.nih.gov (ftp-private.ncbi.nlm.nih.gov)|130.14.29.35|:21... connected.
Logging in as anonymous ... Logged in!
==> SYST ... done.    ==> PWD ... done.
==> TYPE I ... done.  ==> CWD (1) /pubchem/.fetch/41 ... done.
==> SIZE 986831181214982903.txt.gz ... 75
==> PASV ... done.    ==> RETR 986831181214982903.txt.gz ... done.
Length: 75 (unauthoritative)

     0K                                                       100% 89.4K=0.001s

2019-06-21 16:59:02 (89.4 KB/s) - '986831181214982903.txt.gz' saved [75]

--2019-06-21 16:59:02--  http://query/
Resolving query (query)... failed: Name or service not known.
wget: unable to resolve host address 'query'
--2019-06-21 16:59:02--  ftp://xml/
           => '.listing'
Resolving xml (xml)... failed: Name or service not known.
wget: unable to resolve host address 'xml'
--2019-06-21 16:59:02--  http://pc_fetch_aid1061789_activities_0.cgi/
Resolving pc_fetch_aid1061789_activities_0.cgi (pc_fetch_aid1061789_activities_0.cgi)... failed: Name or service not known.
wget: unable to resolve host address 'pc_fetch_aid1061789_activities_0.cgi'
FINISHED --2019-06-21 16:59:02--
Total wall clock time: 0.4s
Downloaded: 1 files, 75 in 0.001s (89.4 KB/s)
