--2019-06-20 19:17:55--  ftp://ftp-private.ncbi.nlm.nih.gov/pubchem/.fetch/3/1564559386499342807.txt.gz
           => ‘1564559386499342807.txt.gz’
Resolving ftp-private.ncbi.nlm.nih.gov (ftp-private.ncbi.nlm.nih.gov)... 130.14.29.35
Connecting to ftp-private.ncbi.nlm.nih.gov (ftp-private.ncbi.nlm.nih.gov)|130.14.29.35|:21... connected.
Logging in as anonymous ... Logged in!
==> SYST ... done.    ==> PWD ... done.
==> TYPE I ... done.  ==> CWD (1) /pubchem/.fetch/3 ... done.
==> SIZE 1564559386499342807.txt.gz ... 75
==> PASV ... done.    ==> RETR 1564559386499342807.txt.gz ... done.
Length: 75 (unauthoritative)

     0K                                                       100% 92.7K=0.001s

2019-06-20 19:17:55 (92.7 KB/s) - ‘1564559386499342807.txt.gz’ saved [75]

--2019-06-20 19:17:55--  http://query/
Resolving query (query)... failed: Name or service not known.
wget: unable to resolve host address ‘query’
--2019-06-20 19:17:55--  ftp://xml/
           => ‘.listing’
Resolving xml (xml)... failed: Name or service not known.
wget: unable to resolve host address ‘xml’
--2019-06-20 19:17:55--  http://pc_fetch_aid1258519_activities_0.cgi/
Resolving pc_fetch_aid1258519_activities_0.cgi (pc_fetch_aid1258519_activities_0.cgi)... failed: Name or service not known.
wget: unable to resolve host address ‘pc_fetch_aid1258519_activities_0.cgi’
FINISHED --2019-06-20 19:17:55--
Total wall clock time: 0.4s
Downloaded: 1 files, 75 in 0.001s (92.7 KB/s)
