--2019-06-20 17:58:18--  ftp://ftp-private.ncbi.nlm.nih.gov/pubchem/.fetch/74/1377602430102660431.txt.gz
           => ‘1377602430102660431.txt.gz’
Resolving ftp-private.ncbi.nlm.nih.gov (ftp-private.ncbi.nlm.nih.gov)... 130.14.29.35
Connecting to ftp-private.ncbi.nlm.nih.gov (ftp-private.ncbi.nlm.nih.gov)|130.14.29.35|:21... connected.
Logging in as anonymous ... Logged in!
==> SYST ... done.    ==> PWD ... done.
==> TYPE I ... done.  ==> CWD (1) /pubchem/.fetch/74 ... done.
==> SIZE 1377602430102660431.txt.gz ... 72
==> PASV ... done.    ==> RETR 1377602430102660431.txt.gz ... done.
Length: 72 (unauthoritative)

     0K                                                       100% 1.50K=0.05s

2019-06-20 17:58:19 (1.50 KB/s) - ‘1377602430102660431.txt.gz’ saved [72]

--2019-06-20 17:58:19--  http://query/
Resolving query (query)... failed: Name or service not known.
wget: unable to resolve host address ‘query’
--2019-06-20 17:58:19--  ftp://xml/
           => ‘.listing’
Resolving xml (xml)... failed: Name or service not known.
wget: unable to resolve host address ‘xml’
--2019-06-20 17:58:19--  http://pc_fetch_aid1163462_activities_0.cgi/
Resolving pc_fetch_aid1163462_activities_0.cgi (pc_fetch_aid1163462_activities_0.cgi)... failed: Name or service not known.
wget: unable to resolve host address ‘pc_fetch_aid1163462_activities_0.cgi’
FINISHED --2019-06-20 17:58:19--
Total wall clock time: 0.8s
Downloaded: 1 files, 72 in 0.05s (1.50 KB/s)
