--2019-06-20 18:17:55--  ftp://ftp-private.ncbi.nlm.nih.gov/pubchem/.fetch/46/3206529790092580526.txt.gz
           => ‘3206529790092580526.txt.gz’
Resolving ftp-private.ncbi.nlm.nih.gov (ftp-private.ncbi.nlm.nih.gov)... 130.14.29.30
Connecting to ftp-private.ncbi.nlm.nih.gov (ftp-private.ncbi.nlm.nih.gov)|130.14.29.30|:21... connected.
Logging in as anonymous ... Logged in!
==> SYST ... done.    ==> PWD ... done.
==> TYPE I ... done.  ==> CWD (1) /pubchem/.fetch/46 ... done.
==> SIZE 3206529790092580526.txt.gz ... 207
==> PASV ... done.    ==> RETR 3206529790092580526.txt.gz ... done.
Length: 207 (unauthoritative)

     0K                                                       100% 14.0K=0.01s

2019-06-20 18:17:56 (14.0 KB/s) - ‘3206529790092580526.txt.gz’ saved [207]

--2019-06-20 18:17:56--  http://query/
Resolving query (query)... failed: Name or service not known.
wget: unable to resolve host address ‘query’
--2019-06-20 18:17:56--  ftp://xml/
           => ‘.listing’
Resolving xml (xml)... failed: Name or service not known.
wget: unable to resolve host address ‘xml’
--2019-06-20 18:17:56--  http://pc_fetch_aid1170962_activities_0.cgi/
Resolving pc_fetch_aid1170962_activities_0.cgi (pc_fetch_aid1170962_activities_0.cgi)... failed: Name or service not known.
wget: unable to resolve host address ‘pc_fetch_aid1170962_activities_0.cgi’
FINISHED --2019-06-20 18:17:56--
Total wall clock time: 0.5s
Downloaded: 1 files, 207 in 0.01s (14.0 KB/s)
