--2019-06-21 00:52:26--  ftp://ftp-private.ncbi.nlm.nih.gov/pubchem/.fetch/25/4230619339023184969.txt.gz
           => ‘4230619339023184969.txt.gz’
Resolving ftp-private.ncbi.nlm.nih.gov (ftp-private.ncbi.nlm.nih.gov)... 130.14.29.35
Connecting to ftp-private.ncbi.nlm.nih.gov (ftp-private.ncbi.nlm.nih.gov)|130.14.29.35|:21... connected.
Logging in as anonymous ... Logged in!
==> SYST ... done.    ==> PWD ... done.
==> TYPE I ... done.  ==> CWD (1) /pubchem/.fetch/25 ... done.
==> SIZE 4230619339023184969.txt.gz ... 404
==> PASV ... done.    ==> RETR 4230619339023184969.txt.gz ... done.
Length: 404 (unauthoritative)

     0K                                                       100%  197K=0.002s

2019-06-21 00:52:27 (197 KB/s) - ‘4230619339023184969.txt.gz’ saved [404]

--2019-06-21 00:52:27--  http://query/
Resolving query (query)... failed: Name or service not known.
wget: unable to resolve host address ‘query’
--2019-06-21 00:52:27--  ftp://xml/
           => ‘.listing’
Resolving xml (xml)... failed: Name or service not known.
wget: unable to resolve host address ‘xml’
--2019-06-21 00:52:27--  http://pc_fetch_aid776387_activities_0.cgi/
Resolving pc_fetch_aid776387_activities_0.cgi (pc_fetch_aid776387_activities_0.cgi)... failed: Name or service not known.
wget: unable to resolve host address ‘pc_fetch_aid776387_activities_0.cgi’
FINISHED --2019-06-21 00:52:27--
Total wall clock time: 0.6s
Downloaded: 1 files, 404 in 0.002s (197 KB/s)
