--2019-06-20 20:17:59--  ftp://ftp-private.ncbi.nlm.nih.gov/pubchem/.fetch/99/3894690410021678839.txt.gz
           => ‘3894690410021678839.txt.gz’
Resolving ftp-private.ncbi.nlm.nih.gov (ftp-private.ncbi.nlm.nih.gov)... 130.14.29.30
Connecting to ftp-private.ncbi.nlm.nih.gov (ftp-private.ncbi.nlm.nih.gov)|130.14.29.30|:21... connected.
Logging in as anonymous ... Logged in!
==> SYST ... done.    ==> PWD ... done.
==> TYPE I ... done.  ==> CWD (1) /pubchem/.fetch/99 ... done.
==> SIZE 3894690410021678839.txt.gz ... 72
==> PASV ... done.    ==> RETR 3894690410021678839.txt.gz ... done.
Length: 72 (unauthoritative)

     0K                                                       100% 99.8K=0.001s

2019-06-20 20:18:00 (99.8 KB/s) - ‘3894690410021678839.txt.gz’ saved [72]

--2019-06-20 20:18:00--  http://query/
Resolving query (query)... failed: Name or service not known.
wget: unable to resolve host address ‘query’
--2019-06-20 20:18:00--  ftp://xml/
           => ‘.listing’
Resolving xml (xml)... failed: Name or service not known.
wget: unable to resolve host address ‘xml’
--2019-06-20 20:18:00--  http://pc_fetch_aid1308566_activities_0.cgi/
Resolving pc_fetch_aid1308566_activities_0.cgi (pc_fetch_aid1308566_activities_0.cgi)... failed: Name or service not known.
wget: unable to resolve host address ‘pc_fetch_aid1308566_activities_0.cgi’
FINISHED --2019-06-20 20:18:00--
Total wall clock time: 0.7s
Downloaded: 1 files, 72 in 0.001s (99.8 KB/s)
