--2019-06-20 23:25:01--  ftp://ftp-private.ncbi.nlm.nih.gov/pubchem/.fetch/99/3779794348379344903.txt.gz
           => ‘3779794348379344903.txt.gz’
Resolving ftp-private.ncbi.nlm.nih.gov (ftp-private.ncbi.nlm.nih.gov)... 130.14.29.30
Connecting to ftp-private.ncbi.nlm.nih.gov (ftp-private.ncbi.nlm.nih.gov)|130.14.29.30|:21... connected.
Logging in as anonymous ... Logged in!
==> SYST ... done.    ==> PWD ... done.
==> TYPE I ... done.  ==> CWD (1) /pubchem/.fetch/99 ... done.
==> SIZE 3779794348379344903.txt.gz ... 74
==> PASV ... done.    ==> RETR 3779794348379344903.txt.gz ... done.
Length: 74 (unauthoritative)

     0K                                                       100% 90.0K=0.001s

2019-06-20 23:25:01 (90.0 KB/s) - ‘3779794348379344903.txt.gz’ saved [74]

--2019-06-20 23:25:01--  http://query/
Resolving query (query)... failed: Name or service not known.
wget: unable to resolve host address ‘query’
--2019-06-20 23:25:01--  ftp://xml/
           => ‘.listing’
Resolving xml (xml)... failed: Name or service not known.
wget: unable to resolve host address ‘xml’
--2019-06-20 23:25:01--  http://pc_fetch_aid647479_activities_0.cgi/
Resolving pc_fetch_aid647479_activities_0.cgi (pc_fetch_aid647479_activities_0.cgi)... failed: Name or service not known.
wget: unable to resolve host address ‘pc_fetch_aid647479_activities_0.cgi’
FINISHED --2019-06-20 23:25:01--
Total wall clock time: 0.4s
Downloaded: 1 files, 74 in 0.001s (90.0 KB/s)
