--2019-06-20 23:23:11--  ftp://ftp-private.ncbi.nlm.nih.gov/pubchem/.fetch/28/1989941325748737803.txt.gz
           => ‘1989941325748737803.txt.gz’
Resolving ftp-private.ncbi.nlm.nih.gov (ftp-private.ncbi.nlm.nih.gov)... 130.14.29.35
Connecting to ftp-private.ncbi.nlm.nih.gov (ftp-private.ncbi.nlm.nih.gov)|130.14.29.35|:21... connected.
Logging in as anonymous ... Logged in!
==> SYST ... done.    ==> PWD ... done.
==> TYPE I ... done.  ==> CWD (1) /pubchem/.fetch/28 ... done.
==> SIZE 1989941325748737803.txt.gz ... 74
==> PASV ... done.    ==> RETR 1989941325748737803.txt.gz ... done.
Length: 74 (unauthoritative)

     0K                                                       100% 95.7K=0.001s

2019-06-20 23:23:11 (95.7 KB/s) - ‘1989941325748737803.txt.gz’ saved [74]

--2019-06-20 23:23:11--  http://query/
Resolving query (query)... failed: Name or service not known.
wget: unable to resolve host address ‘query’
--2019-06-20 23:23:11--  ftp://xml/
           => ‘.listing’
Resolving xml (xml)... failed: Name or service not known.
wget: unable to resolve host address ‘xml’
--2019-06-20 23:23:11--  http://pc_fetch_aid647334_activities_0.cgi/
Resolving pc_fetch_aid647334_activities_0.cgi (pc_fetch_aid647334_activities_0.cgi)... failed: Name or service not known.
wget: unable to resolve host address ‘pc_fetch_aid647334_activities_0.cgi’
FINISHED --2019-06-20 23:23:11--
Total wall clock time: 0.4s
Downloaded: 1 files, 74 in 0.001s (95.7 KB/s)
