--2019-06-20 22:23:45--  ftp://ftp-private.ncbi.nlm.nih.gov/pubchem/.fetch/12/2284193082218203648.txt.gz
           => ‘2284193082218203648.txt.gz’
Resolving ftp-private.ncbi.nlm.nih.gov (ftp-private.ncbi.nlm.nih.gov)... 130.14.29.35
Connecting to ftp-private.ncbi.nlm.nih.gov (ftp-private.ncbi.nlm.nih.gov)|130.14.29.35|:21... connected.
Logging in as anonymous ... Logged in!
==> SYST ... done.    ==> PWD ... done.
==> TYPE I ... done.  ==> CWD (1) /pubchem/.fetch/12 ... done.
==> SIZE 2284193082218203648.txt.gz ... 100
==> PASV ... done.    ==> RETR 2284193082218203648.txt.gz ... done.
Length: 100 (unauthoritative)

     0K                                                       100%  107K=0.001s

2019-06-20 22:23:45 (107 KB/s) - ‘2284193082218203648.txt.gz’ saved [100]

--2019-06-20 22:23:45--  http://query/
Resolving query (query)... failed: Name or service not known.
wget: unable to resolve host address ‘query’
--2019-06-20 22:23:45--  ftp://xml/
           => ‘.listing’
Resolving xml (xml)... failed: Name or service not known.
wget: unable to resolve host address ‘xml’
--2019-06-20 22:23:45--  http://pc_fetch_aid500501_activities_0.cgi/
Resolving pc_fetch_aid500501_activities_0.cgi (pc_fetch_aid500501_activities_0.cgi)... failed: Name or service not known.
wget: unable to resolve host address ‘pc_fetch_aid500501_activities_0.cgi’
FINISHED --2019-06-20 22:23:45--
Total wall clock time: 0.4s
Downloaded: 1 files, 100 in 0.001s (107 KB/s)
