--2019-06-20 21:20:33--  ftp://ftp-private.ncbi.nlm.nih.gov/pubchem/.fetch/19/298518061931884888.txt.gz
           => ‘298518061931884888.txt.gz’
Resolving ftp-private.ncbi.nlm.nih.gov (ftp-private.ncbi.nlm.nih.gov)... 130.14.29.30
Connecting to ftp-private.ncbi.nlm.nih.gov (ftp-private.ncbi.nlm.nih.gov)|130.14.29.30|:21... connected.
Logging in as anonymous ... Logged in!
==> SYST ... done.    ==> PWD ... done.
==> TYPE I ... done.  ==> CWD (1) /pubchem/.fetch/19 ... done.
==> SIZE 298518061931884888.txt.gz ... 66
==> PASV ... done.    ==> RETR 298518061931884888.txt.gz ... done.
Length: 66 (unauthoritative)

     0K                                                       100% 79.2K=0.001s

2019-06-20 21:20:34 (79.2 KB/s) - ‘298518061931884888.txt.gz’ saved [66]

--2019-06-20 21:20:34--  http://query/
Resolving query (query)... failed: Name or service not known.
wget: unable to resolve host address ‘query’
--2019-06-20 21:20:34--  ftp://xml/
           => ‘.listing’
Resolving xml (xml)... failed: Name or service not known.
wget: unable to resolve host address ‘xml’
--2019-06-20 21:20:34--  http://pc_fetch_aid297634_activities_0.cgi/
Resolving pc_fetch_aid297634_activities_0.cgi (pc_fetch_aid297634_activities_0.cgi)... failed: Name or service not known.
wget: unable to resolve host address ‘pc_fetch_aid297634_activities_0.cgi’
FINISHED --2019-06-20 21:20:34--
Total wall clock time: 0.5s
Downloaded: 1 files, 66 in 0.001s (79.2 KB/s)
