--2019-06-20 20:05:14--  ftp://ftp-private.ncbi.nlm.nih.gov/pubchem/.fetch/37/3516754395190965902.txt.gz
           => ‘3516754395190965902.txt.gz’
Resolving ftp-private.ncbi.nlm.nih.gov (ftp-private.ncbi.nlm.nih.gov)... 130.14.29.35
Connecting to ftp-private.ncbi.nlm.nih.gov (ftp-private.ncbi.nlm.nih.gov)|130.14.29.35|:21... connected.
Logging in as anonymous ... Logged in!
==> SYST ... done.    ==> PWD ... done.
==> TYPE I ... done.  ==> CWD (1) /pubchem/.fetch/37 ... done.
==> SIZE 3516754395190965902.txt.gz ... 104
==> PASV ... done.    ==> RETR 3516754395190965902.txt.gz ... done.
Length: 104 (unauthoritative)

     0K                                                       100%  136K=0.001s

2019-06-20 20:05:14 (136 KB/s) - ‘3516754395190965902.txt.gz’ saved [104]

--2019-06-20 20:05:14--  http://query/
Resolving query (query)... failed: Name or service not known.
wget: unable to resolve host address ‘query’
--2019-06-20 20:05:14--  ftp://xml/
           => ‘.listing’
Resolving xml (xml)... failed: Name or service not known.
wget: unable to resolve host address ‘xml’
--2019-06-20 20:05:15--  http://pc_fetch_aid1300975_activities_0.cgi/
Resolving pc_fetch_aid1300975_activities_0.cgi (pc_fetch_aid1300975_activities_0.cgi)... failed: Name or service not known.
wget: unable to resolve host address ‘pc_fetch_aid1300975_activities_0.cgi’
FINISHED --2019-06-20 20:05:15--
Total wall clock time: 1.2s
Downloaded: 1 files, 104 in 0.001s (136 KB/s)
