--2019-06-20 22:54:38--  ftp://ftp-private.ncbi.nlm.nih.gov/pubchem/.fetch/23/4528222249867149982.txt.gz
           => ‘4528222249867149982.txt.gz’
Resolving ftp-private.ncbi.nlm.nih.gov (ftp-private.ncbi.nlm.nih.gov)... 130.14.29.35
Connecting to ftp-private.ncbi.nlm.nih.gov (ftp-private.ncbi.nlm.nih.gov)|130.14.29.35|:21... connected.
Logging in as anonymous ... Logged in!
==> SYST ... done.    ==> PWD ... done.
==> TYPE I ... done.  ==> CWD (1) /pubchem/.fetch/23 ... done.
==> SIZE 4528222249867149982.txt.gz ... 57
==> PASV ... done.    ==> RETR 4528222249867149982.txt.gz ... done.
Length: 57 (unauthoritative)

     0K                                                       100% 71.8K=0.001s

2019-06-20 22:54:38 (71.8 KB/s) - ‘4528222249867149982.txt.gz’ saved [57]

--2019-06-20 22:54:38--  http://query/
Resolving query (query)... failed: Name or service not known.
wget: unable to resolve host address ‘query’
--2019-06-20 22:54:38--  ftp://xml/
           => ‘.listing’
Resolving xml (xml)... failed: Name or service not known.
wget: unable to resolve host address ‘xml’
--2019-06-20 22:54:38--  http://pc_fetch_aid584809_activities_0.cgi/
Resolving pc_fetch_aid584809_activities_0.cgi (pc_fetch_aid584809_activities_0.cgi)... failed: Name or service not known.
wget: unable to resolve host address ‘pc_fetch_aid584809_activities_0.cgi’
FINISHED --2019-06-20 22:54:38--
Total wall clock time: 0.5s
Downloaded: 1 files, 57 in 0.001s (71.8 KB/s)
