--2019-06-20 17:09:14--  ftp://ftp-private.ncbi.nlm.nih.gov/pubchem/.fetch/70/3145455057864338251.txt.gz
           => ‘3145455057864338251.txt.gz’
Resolving ftp-private.ncbi.nlm.nih.gov (ftp-private.ncbi.nlm.nih.gov)... 130.14.29.35
Connecting to ftp-private.ncbi.nlm.nih.gov (ftp-private.ncbi.nlm.nih.gov)|130.14.29.35|:21... connected.
Logging in as anonymous ... Logged in!
==> SYST ... done.    ==> PWD ... done.
==> TYPE I ... done.  ==> CWD (1) /pubchem/.fetch/70 ... done.
==> SIZE 3145455057864338251.txt.gz ... 77
==> PASV ... done.    ==> RETR 3145455057864338251.txt.gz ... done.
Length: 77 (unauthoritative)

     0K                                                       100% 97.3K=0.001s

2019-06-20 17:09:15 (97.3 KB/s) - ‘3145455057864338251.txt.gz’ saved [77]

--2019-06-20 17:09:15--  http://query/
Resolving query (query)... failed: Name or service not known.
wget: unable to resolve host address ‘query’
--2019-06-20 17:09:15--  ftp://xml/
           => ‘.listing’
Resolving xml (xml)... failed: Name or service not known.
wget: unable to resolve host address ‘xml’
--2019-06-20 17:09:15--  http://pc_fetch_aid1063092_activities_0.cgi/
Resolving pc_fetch_aid1063092_activities_0.cgi (pc_fetch_aid1063092_activities_0.cgi)... failed: Name or service not known.
wget: unable to resolve host address ‘pc_fetch_aid1063092_activities_0.cgi’
FINISHED --2019-06-20 17:09:15--
Total wall clock time: 0.4s
Downloaded: 1 files, 77 in 0.001s (97.3 KB/s)
