--2019-06-20 20:09:56--  ftp://ftp-private.ncbi.nlm.nih.gov/pubchem/.fetch/34/1281066583743678173.txt.gz
           => ‘1281066583743678173.txt.gz’
Resolving ftp-private.ncbi.nlm.nih.gov (ftp-private.ncbi.nlm.nih.gov)... 130.14.29.35
Connecting to ftp-private.ncbi.nlm.nih.gov (ftp-private.ncbi.nlm.nih.gov)|130.14.29.35|:21... connected.
Logging in as anonymous ... Logged in!
==> SYST ... done.    ==> PWD ... done.
==> TYPE I ... done.  ==> CWD (1) /pubchem/.fetch/34 ... done.
==> SIZE 1281066583743678173.txt.gz ... 57
==> PASV ... done.    ==> RETR 1281066583743678173.txt.gz ... done.
Length: 57 (unauthoritative)

     0K                                                       100% 76.8K=0.001s

2019-06-20 20:09:57 (76.8 KB/s) - ‘1281066583743678173.txt.gz’ saved [57]

--2019-06-20 20:09:57--  http://query/
Resolving query (query)... failed: Name or service not known.
wget: unable to resolve host address ‘query’
--2019-06-20 20:09:57--  ftp://xml/
           => ‘.listing’
Resolving xml (xml)... failed: Name or service not known.
wget: unable to resolve host address ‘xml’
--2019-06-20 20:09:57--  http://pc_fetch_aid1303268_activities_0.cgi/
Resolving pc_fetch_aid1303268_activities_0.cgi (pc_fetch_aid1303268_activities_0.cgi)... failed: Name or service not known.
wget: unable to resolve host address ‘pc_fetch_aid1303268_activities_0.cgi’
FINISHED --2019-06-20 20:09:57--
Total wall clock time: 0.5s
Downloaded: 1 files, 57 in 0.001s (76.8 KB/s)
