--2019-06-20 19:21:15--  ftp://ftp-private.ncbi.nlm.nih.gov/pubchem/.fetch/71/334049871113170632.txt.gz
           => ‘334049871113170632.txt.gz’
Resolving ftp-private.ncbi.nlm.nih.gov (ftp-private.ncbi.nlm.nih.gov)... 130.14.29.35
Connecting to ftp-private.ncbi.nlm.nih.gov (ftp-private.ncbi.nlm.nih.gov)|130.14.29.35|:21... connected.
Logging in as anonymous ... Logged in!
==> SYST ... done.    ==> PWD ... done.
==> TYPE I ... done.  ==> CWD (1) /pubchem/.fetch/71 ... done.
==> SIZE 334049871113170632.txt.gz ... 73
==> PASV ... done.    ==> RETR 334049871113170632.txt.gz ... done.
Length: 73 (unauthoritative)

     0K                                                       100% 79.8K=0.001s

2019-06-20 19:21:15 (79.8 KB/s) - ‘334049871113170632.txt.gz’ saved [73]

--2019-06-20 19:21:15--  http://query/
Resolving query (query)... failed: Name or service not known.
wget: unable to resolve host address ‘query’
--2019-06-20 19:21:15--  ftp://xml/
           => ‘.listing’
Resolving xml (xml)... failed: Name or service not known.
wget: unable to resolve host address ‘xml’
--2019-06-20 19:21:15--  http://pc_fetch_aid1261162_activities_0.cgi/
Resolving pc_fetch_aid1261162_activities_0.cgi (pc_fetch_aid1261162_activities_0.cgi)... failed: Name or service not known.
wget: unable to resolve host address ‘pc_fetch_aid1261162_activities_0.cgi’
FINISHED --2019-06-20 19:21:15--
Total wall clock time: 0.4s
Downloaded: 1 files, 73 in 0.001s (79.8 KB/s)
