--2019-06-20 23:59:10--  ftp://ftp-private.ncbi.nlm.nih.gov/pubchem/.fetch/72/189583526002737974.txt.gz
           => ‘189583526002737974.txt.gz’
Resolving ftp-private.ncbi.nlm.nih.gov (ftp-private.ncbi.nlm.nih.gov)... 130.14.29.35
Connecting to ftp-private.ncbi.nlm.nih.gov (ftp-private.ncbi.nlm.nih.gov)|130.14.29.35|:21... connected.
Logging in as anonymous ... Logged in!
==> SYST ... done.    ==> PWD ... done.
==> TYPE I ... done.  ==> CWD (1) /pubchem/.fetch/72 ... done.
==> SIZE 189583526002737974.txt.gz ... 114
==> PASV ... done.    ==> RETR 189583526002737974.txt.gz ... done.
Length: 114 (unauthoritative)

     0K                                                       100%  134K=0.001s

2019-06-20 23:59:10 (134 KB/s) - ‘189583526002737974.txt.gz’ saved [114]

--2019-06-20 23:59:10--  http://query/
Resolving query (query)... failed: Name or service not known.
wget: unable to resolve host address ‘query’
--2019-06-20 23:59:10--  ftp://xml/
           => ‘.listing’
Resolving xml (xml)... failed: Name or service not known.
wget: unable to resolve host address ‘xml’
--2019-06-20 23:59:10--  http://pc_fetch_aid726454_activities_0.cgi/
Resolving pc_fetch_aid726454_activities_0.cgi (pc_fetch_aid726454_activities_0.cgi)... failed: Name or service not known.
wget: unable to resolve host address ‘pc_fetch_aid726454_activities_0.cgi’
FINISHED --2019-06-20 23:59:10--
Total wall clock time: 0.5s
Downloaded: 1 files, 114 in 0.001s (134 KB/s)
