--2019-06-20 21:06:39--  ftp://ftp-private.ncbi.nlm.nih.gov/pubchem/.fetch/54/2862160034426946741.txt.gz
           => ‘2862160034426946741.txt.gz’
Resolving ftp-private.ncbi.nlm.nih.gov (ftp-private.ncbi.nlm.nih.gov)... 130.14.29.35
Connecting to ftp-private.ncbi.nlm.nih.gov (ftp-private.ncbi.nlm.nih.gov)|130.14.29.35|:21... connected.
Logging in as anonymous ... Logged in!
==> SYST ... done.    ==> PWD ... done.
==> TYPE I ... done.  ==> CWD (1) /pubchem/.fetch/54 ... done.
==> SIZE 2862160034426946741.txt.gz ... 93
==> PASV ... done.    ==> RETR 2862160034426946741.txt.gz ... done.
Length: 93 (unauthoritative)

     0K                                                       100% 98.1K=0.001s

2019-06-20 21:06:40 (98.1 KB/s) - ‘2862160034426946741.txt.gz’ saved [93]

--2019-06-20 21:06:40--  http://query/
Resolving query (query)... failed: Name or service not known.
wget: unable to resolve host address ‘query’
--2019-06-20 21:06:40--  ftp://xml/
           => ‘.listing’
Resolving xml (xml)... failed: Name or service not known.
wget: unable to resolve host address ‘xml’
--2019-06-20 21:06:40--  http://pc_fetch_aid1336771_activities_0.cgi/
Resolving pc_fetch_aid1336771_activities_0.cgi (pc_fetch_aid1336771_activities_0.cgi)... failed: Name or service not known.
wget: unable to resolve host address ‘pc_fetch_aid1336771_activities_0.cgi’
FINISHED --2019-06-20 21:06:40--
Total wall clock time: 0.5s
Downloaded: 1 files, 93 in 0.001s (98.1 KB/s)
