--2019-06-20 19:33:59--  ftp://ftp-private.ncbi.nlm.nih.gov/pubchem/.fetch/9/4143883403216304035.txt.gz
           => ‘4143883403216304035.txt.gz’
Resolving ftp-private.ncbi.nlm.nih.gov (ftp-private.ncbi.nlm.nih.gov)... 130.14.29.30
Connecting to ftp-private.ncbi.nlm.nih.gov (ftp-private.ncbi.nlm.nih.gov)|130.14.29.30|:21... connected.
Logging in as anonymous ... Logged in!
==> SYST ... done.    ==> PWD ... done.
==> TYPE I ... done.  ==> CWD (1) /pubchem/.fetch/9 ... done.
==> SIZE 4143883403216304035.txt.gz ... 111
==> PASV ... done.    ==> RETR 4143883403216304035.txt.gz ... done.
Length: 111 (unauthoritative)

     0K                                                       100% 30.9K=0.004s

2019-06-20 19:34:00 (30.9 KB/s) - ‘4143883403216304035.txt.gz’ saved [111]

--2019-06-20 19:34:00--  http://query/
Resolving query (query)... failed: Name or service not known.
wget: unable to resolve host address ‘query’
--2019-06-20 19:34:00--  ftp://xml/
           => ‘.listing’
Resolving xml (xml)... failed: Name or service not known.
wget: unable to resolve host address ‘xml’
--2019-06-20 19:34:00--  http://pc_fetch_aid1273921_activities_0.cgi/
Resolving pc_fetch_aid1273921_activities_0.cgi (pc_fetch_aid1273921_activities_0.cgi)... failed: Name or service not known.
wget: unable to resolve host address ‘pc_fetch_aid1273921_activities_0.cgi’
FINISHED --2019-06-20 19:34:00--
Total wall clock time: 0.5s
Downloaded: 1 files, 111 in 0.004s (30.9 KB/s)
