--2019-06-21 16:56:31--  ftp://ftp-private.ncbi.nlm.nih.gov/pubchem/.fetch/94/4292557837736228389.txt.gz
           => '4292557837736228389.txt.gz'
Resolving ftp-private.ncbi.nlm.nih.gov (ftp-private.ncbi.nlm.nih.gov)... 130.14.29.30
Connecting to ftp-private.ncbi.nlm.nih.gov (ftp-private.ncbi.nlm.nih.gov)|130.14.29.30|:21... connected.
Logging in as anonymous ... Logged in!
==> SYST ... done.    ==> PWD ... done.
==> TYPE I ... done.  ==> CWD (1) /pubchem/.fetch/94 ... done.
==> SIZE 4292557837736228389.txt.gz ... 97
==> PASV ... done.    ==> RETR 4292557837736228389.txt.gz ... done.
Length: 97 (unauthoritative)

     0K                                                       100%  114K=0.001s

2019-06-21 16:56:32 (114 KB/s) - '4292557837736228389.txt.gz' saved [97]

--2019-06-21 16:56:32--  http://query/
Resolving query (query)... failed: Name or service not known.
wget: unable to resolve host address 'query'
--2019-06-21 16:56:32--  ftp://xml/
           => '.listing'
Resolving xml (xml)... failed: Name or service not known.
wget: unable to resolve host address 'xml'
--2019-06-21 16:56:32--  http://pc_fetch_aid1057234_activities_0.cgi/
Resolving pc_fetch_aid1057234_activities_0.cgi (pc_fetch_aid1057234_activities_0.cgi)... failed: Name or service not known.
wget: unable to resolve host address 'pc_fetch_aid1057234_activities_0.cgi'
FINISHED --2019-06-21 16:56:32--
Total wall clock time: 0.4s
Downloaded: 1 files, 97 in 0.001s (114 KB/s)
