--2019-06-20 18:20:15--  ftp://ftp-private.ncbi.nlm.nih.gov/pubchem/.fetch/53/2482339247588481742.txt.gz
           => ‘2482339247588481742.txt.gz’
Resolving ftp-private.ncbi.nlm.nih.gov (ftp-private.ncbi.nlm.nih.gov)... 130.14.29.35
Connecting to ftp-private.ncbi.nlm.nih.gov (ftp-private.ncbi.nlm.nih.gov)|130.14.29.35|:21... connected.
Logging in as anonymous ... Logged in!
==> SYST ... done.    ==> PWD ... done.
==> TYPE I ... done.  ==> CWD (1) /pubchem/.fetch/53 ... done.
==> SIZE 2482339247588481742.txt.gz ... 334
==> PASV ... done.    ==> RETR 2482339247588481742.txt.gz ... done.
Length: 334 (unauthoritative)

     0K                                                       100% 11.0K=0.03s

2019-06-20 18:20:15 (11.0 KB/s) - ‘2482339247588481742.txt.gz’ saved [334]

--2019-06-20 18:20:15--  http://query/
Resolving query (query)... failed: Name or service not known.
wget: unable to resolve host address ‘query’
--2019-06-20 18:20:15--  ftp://xml/
           => ‘.listing’
Resolving xml (xml)... failed: Name or service not known.
wget: unable to resolve host address ‘xml’
--2019-06-20 18:20:15--  http://pc_fetch_aid1174409_activities_0.cgi/
Resolving pc_fetch_aid1174409_activities_0.cgi (pc_fetch_aid1174409_activities_0.cgi)... failed: Name or service not known.
wget: unable to resolve host address ‘pc_fetch_aid1174409_activities_0.cgi’
FINISHED --2019-06-20 18:20:15--
Total wall clock time: 0.6s
Downloaded: 1 files, 334 in 0.03s (11.0 KB/s)
