--2019-06-20 23:02:46--  ftp://ftp-private.ncbi.nlm.nih.gov/pubchem/.fetch/95/2256319875105094833.txt.gz
           => ‘2256319875105094833.txt.gz’
Resolving ftp-private.ncbi.nlm.nih.gov (ftp-private.ncbi.nlm.nih.gov)... 130.14.29.35
Connecting to ftp-private.ncbi.nlm.nih.gov (ftp-private.ncbi.nlm.nih.gov)|130.14.29.35|:21... connected.
Logging in as anonymous ... Logged in!
==> SYST ... done.    ==> PWD ... done.
==> TYPE I ... done.  ==> CWD (1) /pubchem/.fetch/95 ... done.
==> SIZE 2256319875105094833.txt.gz ... 92
==> PASV ... done.    ==> RETR 2256319875105094833.txt.gz ... done.
Length: 92 (unauthoritative)

     0K                                                       100% 87.2K=0.001s

2019-06-20 23:02:47 (87.2 KB/s) - ‘2256319875105094833.txt.gz’ saved [92]

--2019-06-20 23:02:47--  http://query/
Resolving query (query)... failed: Name or service not known.
wget: unable to resolve host address ‘query’
--2019-06-20 23:02:47--  ftp://xml/
           => ‘.listing’
Resolving xml (xml)... failed: Name or service not known.
wget: unable to resolve host address ‘xml’
--2019-06-20 23:02:47--  http://pc_fetch_aid617176_activities_0.cgi/
Resolving pc_fetch_aid617176_activities_0.cgi (pc_fetch_aid617176_activities_0.cgi)... failed: Name or service not known.
wget: unable to resolve host address ‘pc_fetch_aid617176_activities_0.cgi’
FINISHED --2019-06-20 23:02:47--
Total wall clock time: 0.7s
Downloaded: 1 files, 92 in 0.001s (87.2 KB/s)
