--2019-06-20 20:56:00--  ftp://ftp-private.ncbi.nlm.nih.gov/pubchem/.fetch/1/891971796345642627.txt.gz
           => ‘891971796345642627.txt.gz’
Resolving ftp-private.ncbi.nlm.nih.gov (ftp-private.ncbi.nlm.nih.gov)... 130.14.29.35
Connecting to ftp-private.ncbi.nlm.nih.gov (ftp-private.ncbi.nlm.nih.gov)|130.14.29.35|:21... connected.
Logging in as anonymous ... Logged in!
==> SYST ... done.    ==> PWD ... done.
==> TYPE I ... done.  ==> CWD (1) /pubchem/.fetch/1 ... done.
==> SIZE 891971796345642627.txt.gz ... 82
==> PASV ... done.    ==> RETR 891971796345642627.txt.gz ... done.
Length: 82 (unauthoritative)

     0K                                                       100%  104K=0.001s

2019-06-20 20:56:01 (104 KB/s) - ‘891971796345642627.txt.gz’ saved [82]

--2019-06-20 20:56:01--  http://query/
Resolving query (query)... failed: Name or service not known.
wget: unable to resolve host address ‘query’
--2019-06-20 20:56:01--  ftp://xml/
           => ‘.listing’
Resolving xml (xml)... failed: Name or service not known.
wget: unable to resolve host address ‘xml’
--2019-06-20 20:56:01--  http://pc_fetch_aid1329417_activities_0.cgi/
Resolving pc_fetch_aid1329417_activities_0.cgi (pc_fetch_aid1329417_activities_0.cgi)... failed: Name or service not known.
wget: unable to resolve host address ‘pc_fetch_aid1329417_activities_0.cgi’
FINISHED --2019-06-20 20:56:01--
Total wall clock time: 0.6s
Downloaded: 1 files, 82 in 0.001s (104 KB/s)
