--2019-06-20 18:19:39--  ftp://ftp-private.ncbi.nlm.nih.gov/pubchem/.fetch/96/1852980850506359775.txt.gz
           => ‘1852980850506359775.txt.gz’
Resolving ftp-private.ncbi.nlm.nih.gov (ftp-private.ncbi.nlm.nih.gov)... 130.14.29.35
Connecting to ftp-private.ncbi.nlm.nih.gov (ftp-private.ncbi.nlm.nih.gov)|130.14.29.35|:21... connected.
Logging in as anonymous ... Logged in!
==> SYST ... done.    ==> PWD ... done.
==> TYPE I ... done.  ==> CWD (1) /pubchem/.fetch/96 ... done.
==> SIZE 1852980850506359775.txt.gz ... 74
==> PASV ... done.    ==> RETR 1852980850506359775.txt.gz ... done.
Length: 74 (unauthoritative)

     0K                                                       100% 62.2K=0.001s

2019-06-20 18:19:39 (62.2 KB/s) - ‘1852980850506359775.txt.gz’ saved [74]

--2019-06-20 18:19:39--  http://query/
Resolving query (query)... failed: Name or service not known.
wget: unable to resolve host address ‘query’
--2019-06-20 18:19:39--  ftp://xml/
           => ‘.listing’
Resolving xml (xml)... failed: Name or service not known.
wget: unable to resolve host address ‘xml’
--2019-06-20 18:19:39--  http://pc_fetch_aid1170979_activities_0.cgi/
Resolving pc_fetch_aid1170979_activities_0.cgi (pc_fetch_aid1170979_activities_0.cgi)... failed: Name or service not known.
wget: unable to resolve host address ‘pc_fetch_aid1170979_activities_0.cgi’
FINISHED --2019-06-20 18:19:39--
Total wall clock time: 0.4s
Downloaded: 1 files, 74 in 0.001s (62.2 KB/s)
