--2019-06-20 23:11:32--  ftp://ftp-private.ncbi.nlm.nih.gov/pubchem/.fetch/63/3951561512004376144.txt.gz
           => ‘3951561512004376144.txt.gz’
Resolving ftp-private.ncbi.nlm.nih.gov (ftp-private.ncbi.nlm.nih.gov)... 130.14.29.30
Connecting to ftp-private.ncbi.nlm.nih.gov (ftp-private.ncbi.nlm.nih.gov)|130.14.29.30|:21... connected.
Logging in as anonymous ... Logged in!
==> SYST ... done.    ==> PWD ... done.
==> TYPE I ... done.  ==> CWD (1) /pubchem/.fetch/63 ... done.
==> SIZE 3951561512004376144.txt.gz ... 207
==> PASV ... done.    ==> RETR 3951561512004376144.txt.gz ... done.
Length: 207 (unauthoritative)

     0K                                                       100%  206K=0.001s

2019-06-20 23:11:33 (206 KB/s) - ‘3951561512004376144.txt.gz’ saved [207]

--2019-06-20 23:11:33--  http://query/
Resolving query (query)... failed: Name or service not known.
wget: unable to resolve host address ‘query’
--2019-06-20 23:11:33--  ftp://xml/
           => ‘.listing’
Resolving xml (xml)... failed: Name or service not known.
wget: unable to resolve host address ‘xml’
--2019-06-20 23:11:33--  http://pc_fetch_aid635962_activities_0.cgi/
Resolving pc_fetch_aid635962_activities_0.cgi (pc_fetch_aid635962_activities_0.cgi)... failed: Name or service not known.
wget: unable to resolve host address ‘pc_fetch_aid635962_activities_0.cgi’
FINISHED --2019-06-20 23:11:33--
Total wall clock time: 0.9s
Downloaded: 1 files, 207 in 0.001s (206 KB/s)
