--2019-06-20 23:12:57--  ftp://ftp-private.ncbi.nlm.nih.gov/pubchem/.fetch/92/4552599761075304103.txt.gz
           => ‘4552599761075304103.txt.gz’
Resolving ftp-private.ncbi.nlm.nih.gov (ftp-private.ncbi.nlm.nih.gov)... 130.14.29.35
Connecting to ftp-private.ncbi.nlm.nih.gov (ftp-private.ncbi.nlm.nih.gov)|130.14.29.35|:21... connected.
Logging in as anonymous ... Logged in!
==> SYST ... done.    ==> PWD ... done.
==> TYPE I ... done.  ==> CWD (1) /pubchem/.fetch/92 ... done.
==> SIZE 4552599761075304103.txt.gz ... 176
==> PASV ... done.    ==> RETR 4552599761075304103.txt.gz ... done.
Length: 176 (unauthoritative)

     0K                                                       100%  160K=0.001s

2019-06-20 23:12:57 (160 KB/s) - ‘4552599761075304103.txt.gz’ saved [176]

--2019-06-20 23:12:57--  http://query/
Resolving query (query)... failed: Name or service not known.
wget: unable to resolve host address ‘query’
--2019-06-20 23:12:57--  ftp://xml/
           => ‘.listing’
Resolving xml (xml)... failed: Name or service not known.
wget: unable to resolve host address ‘xml’
--2019-06-20 23:12:57--  http://pc_fetch_aid636050_activities_0.cgi/
Resolving pc_fetch_aid636050_activities_0.cgi (pc_fetch_aid636050_activities_0.cgi)... failed: Name or service not known.
wget: unable to resolve host address ‘pc_fetch_aid636050_activities_0.cgi’
FINISHED --2019-06-20 23:12:57--
Total wall clock time: 0.5s
Downloaded: 1 files, 176 in 0.001s (160 KB/s)
