--2019-06-20 22:46:44--  ftp://ftp-private.ncbi.nlm.nih.gov/pubchem/.fetch/11/1148195324532569170.txt.gz
           => ‘1148195324532569170.txt.gz’
Resolving ftp-private.ncbi.nlm.nih.gov (ftp-private.ncbi.nlm.nih.gov)... 130.14.29.35
Connecting to ftp-private.ncbi.nlm.nih.gov (ftp-private.ncbi.nlm.nih.gov)|130.14.29.35|:21... connected.
Logging in as anonymous ... Logged in!
==> SYST ... done.    ==> PWD ... done.
==> TYPE I ... done.  ==> CWD (1) /pubchem/.fetch/11 ... done.
==> SIZE 1148195324532569170.txt.gz ... 77
==> PASV ... done.    ==> RETR 1148195324532569170.txt.gz ... done.
Length: 77 (unauthoritative)

     0K                                                       100% 90.8K=0.001s

2019-06-20 22:46:44 (90.8 KB/s) - ‘1148195324532569170.txt.gz’ saved [77]

--2019-06-20 22:46:44--  http://query/
Resolving query (query)... failed: Name or service not known.
wget: unable to resolve host address ‘query’
--2019-06-20 22:46:44--  ftp://xml/
           => ‘.listing’
Resolving xml (xml)... failed: Name or service not known.
wget: unable to resolve host address ‘xml’
--2019-06-20 22:46:44--  http://pc_fetch_aid549180_activities_0.cgi/
Resolving pc_fetch_aid549180_activities_0.cgi (pc_fetch_aid549180_activities_0.cgi)... failed: Name or service not known.
wget: unable to resolve host address ‘pc_fetch_aid549180_activities_0.cgi’
FINISHED --2019-06-20 22:46:44--
Total wall clock time: 0.5s
Downloaded: 1 files, 77 in 0.001s (90.8 KB/s)
