--2019-06-20 18:27:30--  ftp://ftp-private.ncbi.nlm.nih.gov/pubchem/.fetch/23/3908234139066896594.txt.gz
           => ‘3908234139066896594.txt.gz’
Resolving ftp-private.ncbi.nlm.nih.gov (ftp-private.ncbi.nlm.nih.gov)... 130.14.29.30
Connecting to ftp-private.ncbi.nlm.nih.gov (ftp-private.ncbi.nlm.nih.gov)|130.14.29.30|:21... connected.
Logging in as anonymous ... Logged in!
==> SYST ... done.    ==> PWD ... done.
==> TYPE I ... done.  ==> CWD (1) /pubchem/.fetch/23 ... done.
==> SIZE 3908234139066896594.txt.gz ... 448
==> PASV ... done.    ==> RETR 3908234139066896594.txt.gz ... done.
Length: 448 (unauthoritative)

     0K                                                       100%  246K=0.002s

2019-06-20 18:27:31 (246 KB/s) - ‘3908234139066896594.txt.gz’ saved [448]

--2019-06-20 18:27:31--  http://query/
Resolving query (query)... failed: Name or service not known.
wget: unable to resolve host address ‘query’
--2019-06-20 18:27:31--  ftp://xml/
           => ‘.listing’
Resolving xml (xml)... failed: Name or service not known.
wget: unable to resolve host address ‘xml’
--2019-06-20 18:27:31--  http://pc_fetch_aid1178005_activities_0.cgi/
Resolving pc_fetch_aid1178005_activities_0.cgi (pc_fetch_aid1178005_activities_0.cgi)... failed: Name or service not known.
wget: unable to resolve host address ‘pc_fetch_aid1178005_activities_0.cgi’
FINISHED --2019-06-20 18:27:31--
Total wall clock time: 0.4s
Downloaded: 1 files, 448 in 0.002s (246 KB/s)
