--2019-06-20 21:12:58--  ftp://ftp-private.ncbi.nlm.nih.gov/pubchem/.fetch/37/4467596263543193125.txt.gz
           => ‘4467596263543193125.txt.gz’
Resolving ftp-private.ncbi.nlm.nih.gov (ftp-private.ncbi.nlm.nih.gov)... 130.14.29.35
Connecting to ftp-private.ncbi.nlm.nih.gov (ftp-private.ncbi.nlm.nih.gov)|130.14.29.35|:21... connected.
Logging in as anonymous ... Logged in!
==> SYST ... done.    ==> PWD ... done.
==> TYPE I ... done.  ==> CWD (1) /pubchem/.fetch/37 ... done.
==> SIZE 4467596263543193125.txt.gz ... 369
==> PASV ... done.    ==> RETR 4467596263543193125.txt.gz ... done.
Length: 369 (unauthoritative)

     0K                                                       100%  255K=0.001s

2019-06-20 21:12:59 (255 KB/s) - ‘4467596263543193125.txt.gz’ saved [369]

--2019-06-20 21:12:59--  http://query/
Resolving query (query)... failed: Name or service not known.
wget: unable to resolve host address ‘query’
--2019-06-20 21:12:59--  ftp://xml/
           => ‘.listing’
Resolving xml (xml)... failed: Name or service not known.
wget: unable to resolve host address ‘xml’
--2019-06-20 21:12:59--  http://pc_fetch_aid249983_activities_0.cgi/
Resolving pc_fetch_aid249983_activities_0.cgi (pc_fetch_aid249983_activities_0.cgi)... failed: Name or service not known.
wget: unable to resolve host address ‘pc_fetch_aid249983_activities_0.cgi’
FINISHED --2019-06-20 21:12:59--
Total wall clock time: 0.6s
Downloaded: 1 files, 369 in 0.001s (255 KB/s)
