--2019-06-20 20:24:46--  ftp://ftp-private.ncbi.nlm.nih.gov/pubchem/.fetch/41/2006578837639762250.txt.gz
           => ‘2006578837639762250.txt.gz’
Resolving ftp-private.ncbi.nlm.nih.gov (ftp-private.ncbi.nlm.nih.gov)... 130.14.29.30
Connecting to ftp-private.ncbi.nlm.nih.gov (ftp-private.ncbi.nlm.nih.gov)|130.14.29.30|:21... connected.
Logging in as anonymous ... Logged in!
==> SYST ... done.    ==> PWD ... done.
==> TYPE I ... done.  ==> CWD (1) /pubchem/.fetch/41 ... done.
==> SIZE 2006578837639762250.txt.gz ... 79
==> PASV ... done.    ==> RETR 2006578837639762250.txt.gz ... done.
Length: 79 (unauthoritative)

     0K                                                       100% 94.9K=0.001s

2019-06-20 20:24:47 (94.9 KB/s) - ‘2006578837639762250.txt.gz’ saved [79]

--2019-06-20 20:24:47--  http://query/
Resolving query (query)... failed: Name or service not known.
wget: unable to resolve host address ‘query’
--2019-06-20 20:24:47--  ftp://xml/
           => ‘.listing’
Resolving xml (xml)... failed: Name or service not known.
wget: unable to resolve host address ‘xml’
--2019-06-20 20:24:47--  http://pc_fetch_aid1310417_activities_0.cgi/
Resolving pc_fetch_aid1310417_activities_0.cgi (pc_fetch_aid1310417_activities_0.cgi)... failed: Name or service not known.
wget: unable to resolve host address ‘pc_fetch_aid1310417_activities_0.cgi’
FINISHED --2019-06-20 20:24:47--
Total wall clock time: 0.4s
Downloaded: 1 files, 79 in 0.001s (94.9 KB/s)
