--2019-06-20 19:14:25--  ftp://ftp-private.ncbi.nlm.nih.gov/pubchem/.fetch/57/3590434821103821539.txt.gz
           => ‘3590434821103821539.txt.gz’
Resolving ftp-private.ncbi.nlm.nih.gov (ftp-private.ncbi.nlm.nih.gov)... 130.14.29.35
Connecting to ftp-private.ncbi.nlm.nih.gov (ftp-private.ncbi.nlm.nih.gov)|130.14.29.35|:21... connected.
Logging in as anonymous ... Logged in!
==> SYST ... done.    ==> PWD ... done.
==> TYPE I ... done.  ==> CWD (1) /pubchem/.fetch/57 ... done.
==> SIZE 3590434821103821539.txt.gz ... 117
==> PASV ... done.    ==> RETR 3590434821103821539.txt.gz ... done.
Length: 117 (unauthoritative)

     0K                                                       100% 12.4K=0.009s

2019-06-20 19:14:26 (12.4 KB/s) - ‘3590434821103821539.txt.gz’ saved [117]

--2019-06-20 19:14:26--  http://query/
Resolving query (query)... failed: Name or service not known.
wget: unable to resolve host address ‘query’
--2019-06-20 19:14:26--  ftp://xml/
           => ‘.listing’
Resolving xml (xml)... failed: Name or service not known.
wget: unable to resolve host address ‘xml’
--2019-06-20 19:14:26--  http://pc_fetch_aid1252544_activities_0.cgi/
Resolving pc_fetch_aid1252544_activities_0.cgi (pc_fetch_aid1252544_activities_0.cgi)... failed: Name or service not known.
wget: unable to resolve host address ‘pc_fetch_aid1252544_activities_0.cgi’
FINISHED --2019-06-20 19:14:26--
Total wall clock time: 0.6s
Downloaded: 1 files, 117 in 0.009s (12.4 KB/s)
