--2019-06-21 00:00:14--  ftp://ftp-private.ncbi.nlm.nih.gov/pubchem/.fetch/73/3220306515746707639.txt.gz
           => ‘3220306515746707639.txt.gz’
Resolving ftp-private.ncbi.nlm.nih.gov (ftp-private.ncbi.nlm.nih.gov)... 130.14.29.30
Connecting to ftp-private.ncbi.nlm.nih.gov (ftp-private.ncbi.nlm.nih.gov)|130.14.29.30|:21... connected.
Logging in as anonymous ... Logged in!
==> SYST ... done.    ==> PWD ... done.
==> TYPE I ... done.  ==> CWD (1) /pubchem/.fetch/73 ... done.
==> SIZE 3220306515746707639.txt.gz ... 114
==> PASV ... done.    ==> RETR 3220306515746707639.txt.gz ... done.
Length: 114 (unauthoritative)

     0K                                                       100%  126K=0.001s

2019-06-21 00:00:15 (126 KB/s) - ‘3220306515746707639.txt.gz’ saved [114]

--2019-06-21 00:00:15--  http://query/
Resolving query (query)... failed: Name or service not known.
wget: unable to resolve host address ‘query’
--2019-06-21 00:00:15--  ftp://xml/
           => ‘.listing’
Resolving xml (xml)... failed: Name or service not known.
wget: unable to resolve host address ‘xml’
--2019-06-21 00:00:15--  http://pc_fetch_aid726465_activities_0.cgi/
Resolving pc_fetch_aid726465_activities_0.cgi (pc_fetch_aid726465_activities_0.cgi)... failed: Name or service not known.
wget: unable to resolve host address ‘pc_fetch_aid726465_activities_0.cgi’
FINISHED --2019-06-21 00:00:15--
Total wall clock time: 0.7s
Downloaded: 1 files, 114 in 0.001s (126 KB/s)
