--2019-06-20 21:32:13--  ftp://ftp-private.ncbi.nlm.nih.gov/pubchem/.fetch/64/4253839737697013313.txt.gz
           => ‘4253839737697013313.txt.gz’
Resolving ftp-private.ncbi.nlm.nih.gov (ftp-private.ncbi.nlm.nih.gov)... 130.14.29.35
Connecting to ftp-private.ncbi.nlm.nih.gov (ftp-private.ncbi.nlm.nih.gov)|130.14.29.35|:21... connected.
Logging in as anonymous ... Logged in!
==> SYST ... done.    ==> PWD ... done.
==> TYPE I ... done.  ==> CWD (1) /pubchem/.fetch/64 ... done.
==> SIZE 4253839737697013313.txt.gz ... 72
==> PASV ... done.    ==> RETR 4253839737697013313.txt.gz ... done.
Length: 72 (unauthoritative)

     0K                                                       100% 76.5K=0.001s

2019-06-20 21:32:13 (76.5 KB/s) - ‘4253839737697013313.txt.gz’ saved [72]

--2019-06-20 21:32:13--  http://query/
Resolving query (query)... failed: Name or service not known.
wget: unable to resolve host address ‘query’
--2019-06-20 21:32:13--  ftp://xml/
           => ‘.listing’
Resolving xml (xml)... failed: Name or service not known.
wget: unable to resolve host address ‘xml’
--2019-06-20 21:32:13--  http://pc_fetch_aid340584_activities_0.cgi/
Resolving pc_fetch_aid340584_activities_0.cgi (pc_fetch_aid340584_activities_0.cgi)... failed: Name or service not known.
wget: unable to resolve host address ‘pc_fetch_aid340584_activities_0.cgi’
FINISHED --2019-06-20 21:32:13--
Total wall clock time: 0.6s
Downloaded: 1 files, 72 in 0.001s (76.5 KB/s)
