--2019-06-20 23:26:53--  ftp://ftp-private.ncbi.nlm.nih.gov/pubchem/.fetch/41/915553992003907876.txt.gz
           => ‘915553992003907876.txt.gz’
Resolving ftp-private.ncbi.nlm.nih.gov (ftp-private.ncbi.nlm.nih.gov)... 130.14.29.35
Connecting to ftp-private.ncbi.nlm.nih.gov (ftp-private.ncbi.nlm.nih.gov)|130.14.29.35|:21... connected.
Logging in as anonymous ... Logged in!
==> SYST ... done.    ==> PWD ... done.
==> TYPE I ... done.  ==> CWD (1) /pubchem/.fetch/41 ... done.
==> SIZE 915553992003907876.txt.gz ... 162
==> PASV ... done.    ==> RETR 915553992003907876.txt.gz ... done.
Length: 162 (unauthoritative)

     0K                                                       100%  147K=0.001s

2019-06-20 23:26:54 (147 KB/s) - ‘915553992003907876.txt.gz’ saved [162]

--2019-06-20 23:26:54--  http://query/
Resolving query (query)... failed: Name or service not known.
wget: unable to resolve host address ‘query’
--2019-06-20 23:26:54--  ftp://xml/
           => ‘.listing’
Resolving xml (xml)... failed: Name or service not known.
wget: unable to resolve host address ‘xml’
--2019-06-20 23:26:54--  http://pc_fetch_aid656946_activities_0.cgi/
Resolving pc_fetch_aid656946_activities_0.cgi (pc_fetch_aid656946_activities_0.cgi)... failed: Name or service not known.
wget: unable to resolve host address ‘pc_fetch_aid656946_activities_0.cgi’
FINISHED --2019-06-20 23:26:54--
Total wall clock time: 0.4s
Downloaded: 1 files, 162 in 0.001s (147 KB/s)
