--2019-06-20 20:57:07--  ftp://ftp-private.ncbi.nlm.nih.gov/pubchem/.fetch/12/389099194099181705.txt.gz
           => ‘389099194099181705.txt.gz’
Resolving ftp-private.ncbi.nlm.nih.gov (ftp-private.ncbi.nlm.nih.gov)... 130.14.29.30
Connecting to ftp-private.ncbi.nlm.nih.gov (ftp-private.ncbi.nlm.nih.gov)|130.14.29.30|:21... connected.
Logging in as anonymous ... Logged in!
==> SYST ... done.    ==> PWD ... done.
==> TYPE I ... done.  ==> CWD (1) /pubchem/.fetch/12 ... done.
==> SIZE 389099194099181705.txt.gz ... 397
==> PASV ... done.    ==> RETR 389099194099181705.txt.gz ... done.
Length: 397 (unauthoritative)

     0K                                                       100%  240K=0.002s

2019-06-20 20:57:08 (240 KB/s) - ‘389099194099181705.txt.gz’ saved [397]

--2019-06-20 20:57:08--  http://query/
Resolving query (query)... failed: Name or service not known.
wget: unable to resolve host address ‘query’
--2019-06-20 20:57:08--  ftp://xml/
           => ‘.listing’
Resolving xml (xml)... failed: Name or service not known.
wget: unable to resolve host address ‘xml’
--2019-06-20 20:57:08--  http://pc_fetch_aid1335667_activities_0.cgi/
Resolving pc_fetch_aid1335667_activities_0.cgi (pc_fetch_aid1335667_activities_0.cgi)... failed: Name or service not known.
wget: unable to resolve host address ‘pc_fetch_aid1335667_activities_0.cgi’
FINISHED --2019-06-20 20:57:08--
Total wall clock time: 0.4s
Downloaded: 1 files, 397 in 0.002s (240 KB/s)
