--2019-06-20 19:49:54--  ftp://ftp-private.ncbi.nlm.nih.gov/pubchem/.fetch/71/4088909112073079265.txt.gz
           => ‘4088909112073079265.txt.gz’
Resolving ftp-private.ncbi.nlm.nih.gov (ftp-private.ncbi.nlm.nih.gov)... 130.14.29.30
Connecting to ftp-private.ncbi.nlm.nih.gov (ftp-private.ncbi.nlm.nih.gov)|130.14.29.30|:21... connected.
Logging in as anonymous ... Logged in!
==> SYST ... done.    ==> PWD ... done.
==> TYPE I ... done.  ==> CWD (1) /pubchem/.fetch/71 ... done.
==> SIZE 4088909112073079265.txt.gz ... 575
==> PASV ... done.    ==> RETR 4088909112073079265.txt.gz ... done.
Length: 575 (unauthoritative)

     0K                                                       100%  288K=0.002s

2019-06-20 19:49:55 (288 KB/s) - ‘4088909112073079265.txt.gz’ saved [575]

--2019-06-20 19:49:55--  http://query/
Resolving query (query)... failed: Name or service not known.
wget: unable to resolve host address ‘query’
--2019-06-20 19:49:55--  ftp://xml/
           => ‘.listing’
Resolving xml (xml)... failed: Name or service not known.
wget: unable to resolve host address ‘xml’
--2019-06-20 19:49:55--  http://pc_fetch_aid1284106_activities_0.cgi/
Resolving pc_fetch_aid1284106_activities_0.cgi (pc_fetch_aid1284106_activities_0.cgi)... failed: Name or service not known.
wget: unable to resolve host address ‘pc_fetch_aid1284106_activities_0.cgi’
FINISHED --2019-06-20 19:49:55--
Total wall clock time: 0.8s
Downloaded: 1 files, 575 in 0.002s (288 KB/s)
