--2019-06-20 18:19:45--  ftp://ftp-private.ncbi.nlm.nih.gov/pubchem/.fetch/34/4403027422224025287.txt.gz
           => ‘4403027422224025287.txt.gz’
Resolving ftp-private.ncbi.nlm.nih.gov (ftp-private.ncbi.nlm.nih.gov)... 130.14.29.30
Connecting to ftp-private.ncbi.nlm.nih.gov (ftp-private.ncbi.nlm.nih.gov)|130.14.29.30|:21... connected.
Logging in as anonymous ... Logged in!
==> SYST ... done.    ==> PWD ... done.
==> TYPE I ... done.  ==> CWD (1) /pubchem/.fetch/34 ... done.
==> SIZE 4403027422224025287.txt.gz ... 74
==> PASV ... done.    ==> RETR 4403027422224025287.txt.gz ... done.
Length: 74 (unauthoritative)

     0K                                                       100% 83.9K=0.001s

2019-06-20 18:19:45 (83.9 KB/s) - ‘4403027422224025287.txt.gz’ saved [74]

--2019-06-20 18:19:45--  http://query/
Resolving query (query)... failed: Name or service not known.
wget: unable to resolve host address ‘query’
--2019-06-20 18:19:45--  ftp://xml/
           => ‘.listing’
Resolving xml (xml)... failed: Name or service not known.
wget: unable to resolve host address ‘xml’
--2019-06-20 18:19:45--  http://pc_fetch_aid1170980_activities_0.cgi/
Resolving pc_fetch_aid1170980_activities_0.cgi (pc_fetch_aid1170980_activities_0.cgi)... failed: Name or service not known.
wget: unable to resolve host address ‘pc_fetch_aid1170980_activities_0.cgi’
FINISHED --2019-06-20 18:19:45--
Total wall clock time: 0.7s
Downloaded: 1 files, 74 in 0.001s (83.9 KB/s)
