--2019-06-20 17:44:32--  ftp://ftp-private.ncbi.nlm.nih.gov/pubchem/.fetch/79/656072465467566368.txt.gz
           => ‘656072465467566368.txt.gz’
Resolving ftp-private.ncbi.nlm.nih.gov (ftp-private.ncbi.nlm.nih.gov)... 130.14.29.30
Connecting to ftp-private.ncbi.nlm.nih.gov (ftp-private.ncbi.nlm.nih.gov)|130.14.29.30|:21... connected.
Logging in as anonymous ... Logged in!
==> SYST ... done.    ==> PWD ... done.
==> TYPE I ... done.  ==> CWD (1) /pubchem/.fetch/79 ... done.
==> SIZE 656072465467566368.txt.gz ... 78
==> PASV ... done.    ==> RETR 656072465467566368.txt.gz ... done.
Length: 78 (unauthoritative)

     0K                                                       100%  973 =0.08s

2019-06-20 17:44:32 (973 B/s) - ‘656072465467566368.txt.gz’ saved [78]

--2019-06-20 17:44:32--  http://query/
Resolving query (query)... failed: Name or service not known.
wget: unable to resolve host address ‘query’
--2019-06-20 17:44:32--  ftp://xml/
           => ‘.listing’
Resolving xml (xml)... failed: Name or service not known.
wget: unable to resolve host address ‘xml’
--2019-06-20 17:44:32--  http://pc_fetch_aid1154430_activities_0.cgi/
Resolving pc_fetch_aid1154430_activities_0.cgi (pc_fetch_aid1154430_activities_0.cgi)... failed: Name or service not known.
wget: unable to resolve host address ‘pc_fetch_aid1154430_activities_0.cgi’
FINISHED --2019-06-20 17:44:32--
Total wall clock time: 0.7s
Downloaded: 1 files, 78 in 0.08s (973 B/s)
