--2019-06-20 17:51:41--  ftp://ftp-private.ncbi.nlm.nih.gov/pubchem/.fetch/63/2424701582859590610.txt.gz
           => ‘2424701582859590610.txt.gz’
Resolving ftp-private.ncbi.nlm.nih.gov (ftp-private.ncbi.nlm.nih.gov)... 130.14.29.30
Connecting to ftp-private.ncbi.nlm.nih.gov (ftp-private.ncbi.nlm.nih.gov)|130.14.29.30|:21... connected.
Logging in as anonymous ... Logged in!
==> SYST ... done.    ==> PWD ... done.
==> TYPE I ... done.  ==> CWD (1) /pubchem/.fetch/63 ... done.
==> SIZE 2424701582859590610.txt.gz ... 101
==> PASV ... done.    ==> RETR 2424701582859590610.txt.gz ... done.
Length: 101 (unauthoritative)

     0K                                                       100% 18.6K=0.005s

2019-06-20 17:51:42 (18.6 KB/s) - ‘2424701582859590610.txt.gz’ saved [101]

--2019-06-20 17:51:42--  http://query/
Resolving query (query)... failed: Name or service not known.
wget: unable to resolve host address ‘query’
--2019-06-20 17:51:42--  ftp://xml/
           => ‘.listing’
Resolving xml (xml)... failed: Name or service not known.
wget: unable to resolve host address ‘xml’
--2019-06-20 17:51:42--  http://pc_fetch_aid1162225_activities_0.cgi/
Resolving pc_fetch_aid1162225_activities_0.cgi (pc_fetch_aid1162225_activities_0.cgi)... failed: Name or service not known.
wget: unable to resolve host address ‘pc_fetch_aid1162225_activities_0.cgi’
FINISHED --2019-06-20 17:51:42--
Total wall clock time: 0.6s
Downloaded: 1 files, 101 in 0.005s (18.6 KB/s)
