--2019-06-20 17:48:43--  ftp://ftp-private.ncbi.nlm.nih.gov/pubchem/.fetch/17/1907447659118588264.txt.gz
           => ‘1907447659118588264.txt.gz’
Resolving ftp-private.ncbi.nlm.nih.gov (ftp-private.ncbi.nlm.nih.gov)... 130.14.29.35
Connecting to ftp-private.ncbi.nlm.nih.gov (ftp-private.ncbi.nlm.nih.gov)|130.14.29.35|:21... connected.
Logging in as anonymous ... Logged in!
==> SYST ... done.    ==> PWD ... done.
==> TYPE I ... done.  ==> CWD (1) /pubchem/.fetch/17 ... done.
==> SIZE 1907447659118588264.txt.gz ... 107
==> PASV ... done.    ==> RETR 1907447659118588264.txt.gz ... done.
Length: 107 (unauthoritative)

     0K                                                       100%  118K=0.001s

2019-06-20 17:48:43 (118 KB/s) - ‘1907447659118588264.txt.gz’ saved [107]

--2019-06-20 17:48:43--  http://query/
Resolving query (query)... failed: Name or service not known.
wget: unable to resolve host address ‘query’
--2019-06-20 17:48:43--  ftp://xml/
           => ‘.listing’
Resolving xml (xml)... failed: Name or service not known.
wget: unable to resolve host address ‘xml’
--2019-06-20 17:48:43--  http://pc_fetch_aid1161342_activities_0.cgi/
Resolving pc_fetch_aid1161342_activities_0.cgi (pc_fetch_aid1161342_activities_0.cgi)... failed: Name or service not known.
wget: unable to resolve host address ‘pc_fetch_aid1161342_activities_0.cgi’
FINISHED --2019-06-20 17:48:43--
Total wall clock time: 0.6s
Downloaded: 1 files, 107 in 0.001s (118 KB/s)
