--2019-06-20 18:07:18--  ftp://ftp-private.ncbi.nlm.nih.gov/pubchem/.fetch/50/4177932191573405593.txt.gz
           => ‘4177932191573405593.txt.gz’
Resolving ftp-private.ncbi.nlm.nih.gov (ftp-private.ncbi.nlm.nih.gov)... 130.14.29.30
Connecting to ftp-private.ncbi.nlm.nih.gov (ftp-private.ncbi.nlm.nih.gov)|130.14.29.30|:21... connected.
Logging in as anonymous ... Logged in!
==> SYST ... done.    ==> PWD ... done.
==> TYPE I ... done.  ==> CWD (1) /pubchem/.fetch/50 ... done.
==> SIZE 4177932191573405593.txt.gz ... 198
==> PASV ... done.    ==> RETR 4177932191573405593.txt.gz ... done.
Length: 198 (unauthoritative)

     0K                                                       100%  161K=0.001s

2019-06-20 18:07:19 (161 KB/s) - ‘4177932191573405593.txt.gz’ saved [198]

--2019-06-20 18:07:19--  http://query/
Resolving query (query)... failed: Name or service not known.
wget: unable to resolve host address ‘query’
--2019-06-20 18:07:19--  ftp://xml/
           => ‘.listing’
Resolving xml (xml)... failed: Name or service not known.
wget: unable to resolve host address ‘xml’
--2019-06-20 18:07:19--  http://pc_fetch_aid1165464_activities_0.cgi/
Resolving pc_fetch_aid1165464_activities_0.cgi (pc_fetch_aid1165464_activities_0.cgi)... failed: Name or service not known.
wget: unable to resolve host address ‘pc_fetch_aid1165464_activities_0.cgi’
FINISHED --2019-06-20 18:07:19--
Total wall clock time: 0.8s
Downloaded: 1 files, 198 in 0.001s (161 KB/s)
