--2019-06-20 17:21:14--  ftp://ftp-private.ncbi.nlm.nih.gov/pubchem/.fetch/58/1908925173456351739.txt.gz
           => ‘1908925173456351739.txt.gz’
Resolving ftp-private.ncbi.nlm.nih.gov (ftp-private.ncbi.nlm.nih.gov)... 130.14.29.30
Connecting to ftp-private.ncbi.nlm.nih.gov (ftp-private.ncbi.nlm.nih.gov)|130.14.29.30|:21... connected.
Logging in as anonymous ... Logged in!
==> SYST ... done.    ==> PWD ... done.
==> TYPE I ... done.  ==> CWD (1) /pubchem/.fetch/58 ... done.
==> SIZE 1908925173456351739.txt.gz ... 94
==> PASV ... done.    ==> RETR 1908925173456351739.txt.gz ... done.
Length: 94 (unauthoritative)

     0K                                                       100%  101K=0.001s

2019-06-20 17:21:14 (101 KB/s) - ‘1908925173456351739.txt.gz’ saved [94]

--2019-06-20 17:21:14--  http://query/
Resolving query (query)... failed: Name or service not known.
wget: unable to resolve host address ‘query’
--2019-06-20 17:21:14--  ftp://xml/
           => ‘.listing’
Resolving xml (xml)... failed: Name or service not known.
wget: unable to resolve host address ‘xml’
--2019-06-20 17:21:14--  http://pc_fetch_aid1090435_activities_0.cgi/
Resolving pc_fetch_aid1090435_activities_0.cgi (pc_fetch_aid1090435_activities_0.cgi)... failed: Name or service not known.
wget: unable to resolve host address ‘pc_fetch_aid1090435_activities_0.cgi’
FINISHED --2019-06-20 17:21:14--
Total wall clock time: 0.4s
Downloaded: 1 files, 94 in 0.001s (101 KB/s)
