--2019-06-20 22:54:14--  ftp://ftp-private.ncbi.nlm.nih.gov/pubchem/.fetch/49/1700351320622367482.txt.gz
           => ‘1700351320622367482.txt.gz’
Resolving ftp-private.ncbi.nlm.nih.gov (ftp-private.ncbi.nlm.nih.gov)... 130.14.29.35
Connecting to ftp-private.ncbi.nlm.nih.gov (ftp-private.ncbi.nlm.nih.gov)|130.14.29.35|:21... connected.
Logging in as anonymous ... Logged in!
==> SYST ... done.    ==> PWD ... done.
==> TYPE I ... done.  ==> CWD (1) /pubchem/.fetch/49 ... done.
==> SIZE 1700351320622367482.txt.gz ... 60
==> PASV ... done.    ==> RETR 1700351320622367482.txt.gz ... done.
Length: 60 (unauthoritative)

     0K                                                       100% 83.6K=0.001s

2019-06-20 22:54:15 (83.6 KB/s) - ‘1700351320622367482.txt.gz’ saved [60]

--2019-06-20 22:54:15--  http://query/
Resolving query (query)... failed: Name or service not known.
wget: unable to resolve host address ‘query’
--2019-06-20 22:54:15--  ftp://xml/
           => ‘.listing’
Resolving xml (xml)... failed: Name or service not known.
wget: unable to resolve host address ‘xml’
--2019-06-20 22:54:15--  http://pc_fetch_aid584805_activities_0.cgi/
Resolving pc_fetch_aid584805_activities_0.cgi (pc_fetch_aid584805_activities_0.cgi)... failed: Name or service not known.
wget: unable to resolve host address ‘pc_fetch_aid584805_activities_0.cgi’
FINISHED --2019-06-20 22:54:15--
Total wall clock time: 0.6s
Downloaded: 1 files, 60 in 0.001s (83.6 KB/s)
