--2019-06-20 17:05:47--  ftp://ftp-private.ncbi.nlm.nih.gov/pubchem/.fetch/91/1569747647308082424.txt.gz
           => ‘1569747647308082424.txt.gz’
Resolving ftp-private.ncbi.nlm.nih.gov (ftp-private.ncbi.nlm.nih.gov)... 130.14.29.30
Connecting to ftp-private.ncbi.nlm.nih.gov (ftp-private.ncbi.nlm.nih.gov)|130.14.29.30|:21... connected.
Logging in as anonymous ... Logged in!
==> SYST ... done.    ==> PWD ... done.
==> TYPE I ... done.  ==> CWD (1) /pubchem/.fetch/91 ... done.
==> SIZE 1569747647308082424.txt.gz ... 97
==> PASV ... done.    ==> RETR 1569747647308082424.txt.gz ... done.
Length: 97 (unauthoritative)

     0K                                                       100%  130K=0.001s

2019-06-20 17:05:47 (130 KB/s) - ‘1569747647308082424.txt.gz’ saved [97]

--2019-06-20 17:05:47--  http://query/
Resolving query (query)... failed: Name or service not known.
wget: unable to resolve host address ‘query’
--2019-06-20 17:05:47--  ftp://xml/
           => ‘.listing’
Resolving xml (xml)... failed: Name or service not known.
wget: unable to resolve host address ‘xml’
--2019-06-20 17:05:47--  http://pc_fetch_aid1057208_activities_0.cgi/
Resolving pc_fetch_aid1057208_activities_0.cgi (pc_fetch_aid1057208_activities_0.cgi)... failed: Name or service not known.
wget: unable to resolve host address ‘pc_fetch_aid1057208_activities_0.cgi’
FINISHED --2019-06-20 17:05:47--
Total wall clock time: 0.4s
Downloaded: 1 files, 97 in 0.001s (130 KB/s)
