--2019-06-21 00:02:53--  ftp://ftp-private.ncbi.nlm.nih.gov/pubchem/.fetch/75/800989527008538552.txt.gz
           => ‘800989527008538552.txt.gz’
Resolving ftp-private.ncbi.nlm.nih.gov (ftp-private.ncbi.nlm.nih.gov)... 130.14.29.35
Connecting to ftp-private.ncbi.nlm.nih.gov (ftp-private.ncbi.nlm.nih.gov)|130.14.29.35|:21... connected.
Logging in as anonymous ... Logged in!
==> SYST ... done.    ==> PWD ... done.
==> TYPE I ... done.  ==> CWD (1) /pubchem/.fetch/75 ... done.
==> SIZE 800989527008538552.txt.gz ... 109
==> PASV ... done.    ==> RETR 800989527008538552.txt.gz ... done.
Length: 109 (unauthoritative)

     0K                                                       100%  121K=0.001s

2019-06-21 00:02:53 (121 KB/s) - ‘800989527008538552.txt.gz’ saved [109]

--2019-06-21 00:02:53--  http://query/
Resolving query (query)... failed: Name or service not known.
wget: unable to resolve host address ‘query’
--2019-06-21 00:02:53--  ftp://xml/
           => ‘.listing’
Resolving xml (xml)... failed: Name or service not known.
wget: unable to resolve host address ‘xml’
--2019-06-21 00:02:53--  http://pc_fetch_aid733292_activities_0.cgi/
Resolving pc_fetch_aid733292_activities_0.cgi (pc_fetch_aid733292_activities_0.cgi)... failed: Name or service not known.
wget: unable to resolve host address ‘pc_fetch_aid733292_activities_0.cgi’
FINISHED --2019-06-21 00:02:53--
Total wall clock time: 0.8s
Downloaded: 1 files, 109 in 0.001s (121 KB/s)
