--2019-06-20 18:22:51--  ftp://ftp-private.ncbi.nlm.nih.gov/pubchem/.fetch/71/732214014550514073.txt.gz
           => ‘732214014550514073.txt.gz’
Resolving ftp-private.ncbi.nlm.nih.gov (ftp-private.ncbi.nlm.nih.gov)... 130.14.29.30
Connecting to ftp-private.ncbi.nlm.nih.gov (ftp-private.ncbi.nlm.nih.gov)|130.14.29.30|:21... connected.
Logging in as anonymous ... Logged in!
==> SYST ... done.    ==> PWD ... done.
==> TYPE I ... done.  ==> CWD (1) /pubchem/.fetch/71 ... done.
==> SIZE 732214014550514073.txt.gz ... 97
==> PASV ... done.    ==> RETR 732214014550514073.txt.gz ... done.
Length: 97 (unauthoritative)

     0K                                                       100%  112K=0.001s

2019-06-20 18:22:52 (112 KB/s) - ‘732214014550514073.txt.gz’ saved [97]

--2019-06-20 18:22:52--  http://query/
Resolving query (query)... failed: Name or service not known.
wget: unable to resolve host address ‘query’
--2019-06-20 18:22:52--  ftp://xml/
           => ‘.listing’
Resolving xml (xml)... failed: Name or service not known.
wget: unable to resolve host address ‘xml’
--2019-06-20 18:22:52--  http://pc_fetch_aid1174434_activities_0.cgi/
Resolving pc_fetch_aid1174434_activities_0.cgi (pc_fetch_aid1174434_activities_0.cgi)... failed: Name or service not known.
wget: unable to resolve host address ‘pc_fetch_aid1174434_activities_0.cgi’
FINISHED --2019-06-20 18:22:52--
Total wall clock time: 0.7s
Downloaded: 1 files, 97 in 0.001s (112 KB/s)
