--2019-06-20 23:50:37--  ftp://ftp-private.ncbi.nlm.nih.gov/pubchem/.fetch/94/20935350122042515.txt.gz
           => ‘20935350122042515.txt.gz’
Resolving ftp-private.ncbi.nlm.nih.gov (ftp-private.ncbi.nlm.nih.gov)... 130.14.29.35
Connecting to ftp-private.ncbi.nlm.nih.gov (ftp-private.ncbi.nlm.nih.gov)|130.14.29.35|:21... connected.
Logging in as anonymous ... Logged in!
==> SYST ... done.    ==> PWD ... done.
==> TYPE I ... done.  ==> CWD (1) /pubchem/.fetch/94 ... done.
==> SIZE 20935350122042515.txt.gz ... 59
==> PASV ... done.    ==> RETR 20935350122042515.txt.gz ... done.
Length: 59 (unauthoritative)

     0K                                                       100% 65.9K=0.001s

2019-06-20 23:50:37 (65.9 KB/s) - ‘20935350122042515.txt.gz’ saved [59]

--2019-06-20 23:50:37--  http://query/
Resolving query (query)... failed: Name or service not known.
wget: unable to resolve host address ‘query’
--2019-06-20 23:50:37--  ftp://xml/
           => ‘.listing’
Resolving xml (xml)... failed: Name or service not known.
wget: unable to resolve host address ‘xml’
--2019-06-20 23:50:37--  http://pc_fetch_aid713404_activities_0.cgi/
Resolving pc_fetch_aid713404_activities_0.cgi (pc_fetch_aid713404_activities_0.cgi)... failed: Name or service not known.
wget: unable to resolve host address ‘pc_fetch_aid713404_activities_0.cgi’
FINISHED --2019-06-20 23:50:37--
Total wall clock time: 0.9s
Downloaded: 1 files, 59 in 0.001s (65.9 KB/s)
