--2019-06-20 17:46:12--  ftp://ftp-private.ncbi.nlm.nih.gov/pubchem/.fetch/27/2607524328574600290.txt.gz
           => ‘2607524328574600290.txt.gz’
Resolving ftp-private.ncbi.nlm.nih.gov (ftp-private.ncbi.nlm.nih.gov)... 130.14.29.35
Connecting to ftp-private.ncbi.nlm.nih.gov (ftp-private.ncbi.nlm.nih.gov)|130.14.29.35|:21... connected.
Logging in as anonymous ... Logged in!
==> SYST ... done.    ==> PWD ... done.
==> TYPE I ... done.  ==> CWD (1) /pubchem/.fetch/27 ... done.
==> SIZE 2607524328574600290.txt.gz ... 111
==> PASV ... done.    ==> RETR 2607524328574600290.txt.gz ... done.
Length: 111 (unauthoritative)

     0K                                                       100%  105K=0.001s

2019-06-20 17:46:13 (105 KB/s) - ‘2607524328574600290.txt.gz’ saved [111]

--2019-06-20 17:46:13--  http://query/
Resolving query (query)... failed: Name or service not known.
wget: unable to resolve host address ‘query’
--2019-06-20 17:46:13--  ftp://xml/
           => ‘.listing’
Resolving xml (xml)... failed: Name or service not known.
wget: unable to resolve host address ‘xml’
--2019-06-20 17:46:13--  http://pc_fetch_aid1161120_activities_0.cgi/
Resolving pc_fetch_aid1161120_activities_0.cgi (pc_fetch_aid1161120_activities_0.cgi)... failed: Name or service not known.
wget: unable to resolve host address ‘pc_fetch_aid1161120_activities_0.cgi’
FINISHED --2019-06-20 17:46:13--
Total wall clock time: 0.4s
Downloaded: 1 files, 111 in 0.001s (105 KB/s)
