--2019-06-20 22:57:09--  ftp://ftp-private.ncbi.nlm.nih.gov/pubchem/.fetch/69/2937607477918572336.txt.gz
           => ‘2937607477918572336.txt.gz’
Resolving ftp-private.ncbi.nlm.nih.gov (ftp-private.ncbi.nlm.nih.gov)... 130.14.29.30
Connecting to ftp-private.ncbi.nlm.nih.gov (ftp-private.ncbi.nlm.nih.gov)|130.14.29.30|:21... connected.
Logging in as anonymous ... Logged in!
==> SYST ... done.    ==> PWD ... done.
==> TYPE I ... done.  ==> CWD (1) /pubchem/.fetch/69 ... done.
==> SIZE 2937607477918572336.txt.gz ... 71
==> PASV ... done.    ==> RETR 2937607477918572336.txt.gz ... done.
Length: 71 (unauthoritative)

     0K                                                       100% 84.2K=0.001s

2019-06-20 22:57:10 (84.2 KB/s) - ‘2937607477918572336.txt.gz’ saved [71]

--2019-06-20 22:57:10--  http://query/
Resolving query (query)... failed: Name or service not known.
wget: unable to resolve host address ‘query’
--2019-06-20 22:57:10--  ftp://xml/
           => ‘.listing’
Resolving xml (xml)... failed: Name or service not known.
wget: unable to resolve host address ‘xml’
--2019-06-20 22:57:10--  http://pc_fetch_aid600324_activities_0.cgi/
Resolving pc_fetch_aid600324_activities_0.cgi (pc_fetch_aid600324_activities_0.cgi)... failed: Name or service not known.
wget: unable to resolve host address ‘pc_fetch_aid600324_activities_0.cgi’
FINISHED --2019-06-20 22:57:10--
Total wall clock time: 0.7s
Downloaded: 1 files, 71 in 0.001s (84.2 KB/s)
