--2019-06-20 20:02:48--  ftp://ftp-private.ncbi.nlm.nih.gov/pubchem/.fetch/75/2555895644175576996.txt.gz
           => ‘2555895644175576996.txt.gz’
Resolving ftp-private.ncbi.nlm.nih.gov (ftp-private.ncbi.nlm.nih.gov)... 130.14.29.35
Connecting to ftp-private.ncbi.nlm.nih.gov (ftp-private.ncbi.nlm.nih.gov)|130.14.29.35|:21... connected.
Logging in as anonymous ... Logged in!
==> SYST ... done.    ==> PWD ... done.
==> TYPE I ... done.  ==> CWD (1) /pubchem/.fetch/75 ... done.
==> SIZE 2555895644175576996.txt.gz ... 505
==> PASV ... done.    ==> RETR 2555895644175576996.txt.gz ... done.
Length: 505 (unauthoritative)

     0K                                                       100%  248K=0.002s

2019-06-20 20:02:49 (248 KB/s) - ‘2555895644175576996.txt.gz’ saved [505]

--2019-06-20 20:02:49--  http://query/
Resolving query (query)... failed: Name or service not known.
wget: unable to resolve host address ‘query’
--2019-06-20 20:02:49--  ftp://xml/
           => ‘.listing’
Resolving xml (xml)... failed: Name or service not known.
wget: unable to resolve host address ‘xml’
--2019-06-20 20:02:49--  http://pc_fetch_aid1300951_activities_0.cgi/
Resolving pc_fetch_aid1300951_activities_0.cgi (pc_fetch_aid1300951_activities_0.cgi)... failed: Name or service not known.
wget: unable to resolve host address ‘pc_fetch_aid1300951_activities_0.cgi’
FINISHED --2019-06-20 20:02:49--
Total wall clock time: 0.7s
Downloaded: 1 files, 505 in 0.002s (248 KB/s)
