--2019-06-20 22:17:02--  ftp://ftp-private.ncbi.nlm.nih.gov/pubchem/.fetch/81/2148011900463499921.txt.gz
           => ‘2148011900463499921.txt.gz’
Resolving ftp-private.ncbi.nlm.nih.gov (ftp-private.ncbi.nlm.nih.gov)... 130.14.29.30
Connecting to ftp-private.ncbi.nlm.nih.gov (ftp-private.ncbi.nlm.nih.gov)|130.14.29.30|:21... connected.
Logging in as anonymous ... Logged in!
==> SYST ... done.    ==> PWD ... done.
==> TYPE I ... done.  ==> CWD (1) /pubchem/.fetch/81 ... done.
==> SIZE 2148011900463499921.txt.gz ... 103
==> PASV ... done.    ==> RETR 2148011900463499921.txt.gz ... done.
Length: 103 (unauthoritative)

     0K                                                       100%  112K=0.001s

2019-06-20 22:17:02 (112 KB/s) - ‘2148011900463499921.txt.gz’ saved [103]

--2019-06-20 22:17:02--  http://query/
Resolving query (query)... failed: Name or service not known.
wget: unable to resolve host address ‘query’
--2019-06-20 22:17:02--  ftp://xml/
           => ‘.listing’
Resolving xml (xml)... failed: Name or service not known.
wget: unable to resolve host address ‘xml’
--2019-06-20 22:17:02--  http://pc_fetch_aid491609_activities_0.cgi/
Resolving pc_fetch_aid491609_activities_0.cgi (pc_fetch_aid491609_activities_0.cgi)... failed: Name or service not known.
wget: unable to resolve host address ‘pc_fetch_aid491609_activities_0.cgi’
FINISHED --2019-06-20 22:17:02--
Total wall clock time: 0.6s
Downloaded: 1 files, 103 in 0.001s (112 KB/s)
