--2019-06-21 00:27:19--  ftp://ftp-private.ncbi.nlm.nih.gov/pubchem/.fetch/31/3020761041964325405.txt.gz
           => ‘3020761041964325405.txt.gz’
Resolving ftp-private.ncbi.nlm.nih.gov (ftp-private.ncbi.nlm.nih.gov)... 130.14.29.35
Connecting to ftp-private.ncbi.nlm.nih.gov (ftp-private.ncbi.nlm.nih.gov)|130.14.29.35|:21... connected.
Logging in as anonymous ... Logged in!
==> SYST ... done.    ==> PWD ... done.
==> TYPE I ... done.  ==> CWD (1) /pubchem/.fetch/31 ... done.
==> SIZE 3020761041964325405.txt.gz ... 50
==> PASV ... done.    ==> RETR 3020761041964325405.txt.gz ... done.
Length: 50 (unauthoritative)

     0K                                                       100% 54.9K=0.001s

2019-06-21 00:27:20 (54.9 KB/s) - ‘3020761041964325405.txt.gz’ saved [50]

--2019-06-21 00:27:20--  http://query/
Resolving query (query)... failed: Name or service not known.
wget: unable to resolve host address ‘query’
--2019-06-21 00:27:20--  ftp://xml/
           => ‘.listing’
Resolving xml (xml)... failed: Name or service not known.
wget: unable to resolve host address ‘xml’
--2019-06-21 00:27:20--  http://pc_fetch_aid752860_activities_0.cgi/
Resolving pc_fetch_aid752860_activities_0.cgi (pc_fetch_aid752860_activities_0.cgi)... failed: Name or service not known.
wget: unable to resolve host address ‘pc_fetch_aid752860_activities_0.cgi’
FINISHED --2019-06-21 00:27:20--
Total wall clock time: 0.6s
Downloaded: 1 files, 50 in 0.001s (54.9 KB/s)
