--2019-06-20 22:37:37--  ftp://ftp-private.ncbi.nlm.nih.gov/pubchem/.fetch/16/1828221460072361958.txt.gz
           => ‘1828221460072361958.txt.gz’
Resolving ftp-private.ncbi.nlm.nih.gov (ftp-private.ncbi.nlm.nih.gov)... 130.14.29.35
Connecting to ftp-private.ncbi.nlm.nih.gov (ftp-private.ncbi.nlm.nih.gov)|130.14.29.35|:21... connected.
Logging in as anonymous ... Logged in!
==> SYST ... done.    ==> PWD ... done.
==> TYPE I ... done.  ==> CWD (1) /pubchem/.fetch/16 ... done.
==> SIZE 1828221460072361958.txt.gz ... 69
==> PASV ... done.    ==> RETR 1828221460072361958.txt.gz ... done.
Length: 69 (unauthoritative)

     0K                                                       100% 77.2K=0.001s

2019-06-20 22:37:38 (77.2 KB/s) - ‘1828221460072361958.txt.gz’ saved [69]

--2019-06-20 22:37:38--  http://query/
Resolving query (query)... failed: Name or service not known.
wget: unable to resolve host address ‘query’
--2019-06-20 22:37:38--  ftp://xml/
           => ‘.listing’
Resolving xml (xml)... failed: Name or service not known.
wget: unable to resolve host address ‘xml’
--2019-06-20 22:37:38--  http://pc_fetch_aid527892_activities_0.cgi/
Resolving pc_fetch_aid527892_activities_0.cgi (pc_fetch_aid527892_activities_0.cgi)... failed: Name or service not known.
wget: unable to resolve host address ‘pc_fetch_aid527892_activities_0.cgi’
FINISHED --2019-06-20 22:37:38--
Total wall clock time: 0.4s
Downloaded: 1 files, 69 in 0.001s (77.2 KB/s)
