--2019-06-20 20:51:55--  ftp://ftp-private.ncbi.nlm.nih.gov/pubchem/.fetch/41/2008229583983893531.txt.gz
           => ‘2008229583983893531.txt.gz’
Resolving ftp-private.ncbi.nlm.nih.gov (ftp-private.ncbi.nlm.nih.gov)... 130.14.29.35
Connecting to ftp-private.ncbi.nlm.nih.gov (ftp-private.ncbi.nlm.nih.gov)|130.14.29.35|:21... connected.
Logging in as anonymous ... Logged in!
==> SYST ... done.    ==> PWD ... done.
==> TYPE I ... done.  ==> CWD (1) /pubchem/.fetch/41 ... done.
==> SIZE 2008229583983893531.txt.gz ... 422
==> PASV ... done.    ==> RETR 2008229583983893531.txt.gz ... done.
Length: 422 (unauthoritative)

     0K                                                       100%  287K=0.001s

2019-06-20 20:51:55 (287 KB/s) - ‘2008229583983893531.txt.gz’ saved [422]

--2019-06-20 20:51:55--  http://query/
Resolving query (query)... failed: Name or service not known.
wget: unable to resolve host address ‘query’
--2019-06-20 20:51:55--  ftp://xml/
           => ‘.listing’
Resolving xml (xml)... failed: Name or service not known.
wget: unable to resolve host address ‘xml’
--2019-06-20 20:51:55--  http://pc_fetch_aid1329377_activities_0.cgi/
Resolving pc_fetch_aid1329377_activities_0.cgi (pc_fetch_aid1329377_activities_0.cgi)... failed: Name or service not known.
wget: unable to resolve host address ‘pc_fetch_aid1329377_activities_0.cgi’
FINISHED --2019-06-20 20:51:55--
Total wall clock time: 0.5s
Downloaded: 1 files, 422 in 0.001s (287 KB/s)
