--2019-06-20 20:06:27--  ftp://ftp-private.ncbi.nlm.nih.gov/pubchem/.fetch/30/1770581465135612340.txt.gz
           => ‘1770581465135612340.txt.gz’
Resolving ftp-private.ncbi.nlm.nih.gov (ftp-private.ncbi.nlm.nih.gov)... 130.14.29.30
Connecting to ftp-private.ncbi.nlm.nih.gov (ftp-private.ncbi.nlm.nih.gov)|130.14.29.30|:21... connected.
Logging in as anonymous ... Logged in!
==> SYST ... done.    ==> PWD ... done.
==> TYPE I ... done.  ==> CWD (1) /pubchem/.fetch/30 ... done.
==> SIZE 1770581465135612340.txt.gz ... 104
==> PASV ... done.    ==> RETR 1770581465135612340.txt.gz ... done.
Length: 104 (unauthoritative)

     0K                                                       100%  116K=0.001s

2019-06-20 20:06:27 (116 KB/s) - ‘1770581465135612340.txt.gz’ saved [104]

--2019-06-20 20:06:27--  http://query/
Resolving query (query)... failed: Name or service not known.
wget: unable to resolve host address ‘query’
--2019-06-20 20:06:27--  ftp://xml/
           => ‘.listing’
Resolving xml (xml)... failed: Name or service not known.
wget: unable to resolve host address ‘xml’
--2019-06-20 20:06:27--  http://pc_fetch_aid1300987_activities_0.cgi/
Resolving pc_fetch_aid1300987_activities_0.cgi (pc_fetch_aid1300987_activities_0.cgi)... failed: Name or service not known.
wget: unable to resolve host address ‘pc_fetch_aid1300987_activities_0.cgi’
FINISHED --2019-06-20 20:06:27--
Total wall clock time: 0.5s
Downloaded: 1 files, 104 in 0.001s (116 KB/s)
