--2019-06-20 18:52:59--  ftp://ftp-private.ncbi.nlm.nih.gov/pubchem/.fetch/43/4541024850734489128.txt.gz
           => ‘4541024850734489128.txt.gz’
Resolving ftp-private.ncbi.nlm.nih.gov (ftp-private.ncbi.nlm.nih.gov)... 130.14.29.35
Connecting to ftp-private.ncbi.nlm.nih.gov (ftp-private.ncbi.nlm.nih.gov)|130.14.29.35|:21... connected.
Logging in as anonymous ... Logged in!
==> SYST ... done.    ==> PWD ... done.
==> TYPE I ... done.  ==> CWD (1) /pubchem/.fetch/43 ... done.
==> SIZE 4541024850734489128.txt.gz ... 125
==> PASV ... done.    ==> RETR 4541024850734489128.txt.gz ... done.
Length: 125 (unauthoritative)

     0K                                                       100%  123K=0.001s

2019-06-20 18:53:00 (123 KB/s) - ‘4541024850734489128.txt.gz’ saved [125]

--2019-06-20 18:53:00--  http://query/
Resolving query (query)... failed: Name or service not known.
wget: unable to resolve host address ‘query’
--2019-06-20 18:53:00--  ftp://xml/
           => ‘.listing’
Resolving xml (xml)... failed: Name or service not known.
wget: unable to resolve host address ‘xml’
--2019-06-20 18:53:00--  http://pc_fetch_aid1206162_activities_0.cgi/
Resolving pc_fetch_aid1206162_activities_0.cgi (pc_fetch_aid1206162_activities_0.cgi)... failed: Name or service not known.
wget: unable to resolve host address ‘pc_fetch_aid1206162_activities_0.cgi’
FINISHED --2019-06-20 18:53:00--
Total wall clock time: 0.7s
Downloaded: 1 files, 125 in 0.001s (123 KB/s)
