--2019-06-21 00:06:30--  ftp://ftp-private.ncbi.nlm.nih.gov/pubchem/.fetch/22/4166460927563731765.txt.gz
           => ‘4166460927563731765.txt.gz’
Resolving ftp-private.ncbi.nlm.nih.gov (ftp-private.ncbi.nlm.nih.gov)... 130.14.29.30
Connecting to ftp-private.ncbi.nlm.nih.gov (ftp-private.ncbi.nlm.nih.gov)|130.14.29.30|:21... connected.
Logging in as anonymous ... Logged in!
==> SYST ... done.    ==> PWD ... done.
==> TYPE I ... done.  ==> CWD (1) /pubchem/.fetch/22 ... done.
==> SIZE 4166460927563731765.txt.gz ... 73
==> PASV ... done.    ==> RETR 4166460927563731765.txt.gz ... done.
Length: 73 (unauthoritative)

     0K                                                       100% 81.1K=0.001s

2019-06-21 00:06:31 (81.1 KB/s) - ‘4166460927563731765.txt.gz’ saved [73]

--2019-06-21 00:06:31--  http://query/
Resolving query (query)... failed: Name or service not known.
wget: unable to resolve host address ‘query’
--2019-06-21 00:06:31--  ftp://xml/
           => ‘.listing’
Resolving xml (xml)... failed: Name or service not known.
wget: unable to resolve host address ‘xml’
--2019-06-21 00:06:31--  http://pc_fetch_aid734022_activities_0.cgi/
Resolving pc_fetch_aid734022_activities_0.cgi (pc_fetch_aid734022_activities_0.cgi)... failed: Name or service not known.
wget: unable to resolve host address ‘pc_fetch_aid734022_activities_0.cgi’
FINISHED --2019-06-21 00:06:31--
Total wall clock time: 0.8s
Downloaded: 1 files, 73 in 0.001s (81.1 KB/s)
