--2019-06-20 18:10:28--  ftp://ftp-private.ncbi.nlm.nih.gov/pubchem/.fetch/61/2383264873458503615.txt.gz
           => ‘2383264873458503615.txt.gz’
Resolving ftp-private.ncbi.nlm.nih.gov (ftp-private.ncbi.nlm.nih.gov)... 130.14.29.30
Connecting to ftp-private.ncbi.nlm.nih.gov (ftp-private.ncbi.nlm.nih.gov)|130.14.29.30|:21... connected.
Logging in as anonymous ... Logged in!
==> SYST ... done.    ==> PWD ... done.
==> TYPE I ... done.  ==> CWD (1) /pubchem/.fetch/61 ... done.
==> SIZE 2383264873458503615.txt.gz ... 118
==> PASV ... done.    ==> RETR 2383264873458503615.txt.gz ... done.
Length: 118 (unauthoritative)

     0K                                                       100%  119K=0.001s

2019-06-20 18:10:28 (119 KB/s) - ‘2383264873458503615.txt.gz’ saved [118]

--2019-06-20 18:10:28--  http://query/
Resolving query (query)... failed: Name or service not known.
wget: unable to resolve host address ‘query’
--2019-06-20 18:10:28--  ftp://xml/
           => ‘.listing’
Resolving xml (xml)... failed: Name or service not known.
wget: unable to resolve host address ‘xml’
--2019-06-20 18:10:28--  http://pc_fetch_aid1165495_activities_0.cgi/
Resolving pc_fetch_aid1165495_activities_0.cgi (pc_fetch_aid1165495_activities_0.cgi)... failed: Name or service not known.
wget: unable to resolve host address ‘pc_fetch_aid1165495_activities_0.cgi’
FINISHED --2019-06-20 18:10:28--
Total wall clock time: 0.4s
Downloaded: 1 files, 118 in 0.001s (119 KB/s)
