--2019-06-20 19:54:01--  ftp://ftp-private.ncbi.nlm.nih.gov/pubchem/.fetch/53/4543044377359717354.txt.gz
           => ‘4543044377359717354.txt.gz’
Resolving ftp-private.ncbi.nlm.nih.gov (ftp-private.ncbi.nlm.nih.gov)... 130.14.29.30
Connecting to ftp-private.ncbi.nlm.nih.gov (ftp-private.ncbi.nlm.nih.gov)|130.14.29.30|:21... connected.
Logging in as anonymous ... Logged in!
==> SYST ... done.    ==> PWD ... done.
==> TYPE I ... done.  ==> CWD (1) /pubchem/.fetch/53 ... done.
==> SIZE 4543044377359717354.txt.gz ... 61
==> PASV ... done.    ==> RETR 4543044377359717354.txt.gz ... done.
Length: 61 (unauthoritative)

     0K                                                       100% 84.1K=0.001s

2019-06-20 19:54:02 (84.1 KB/s) - ‘4543044377359717354.txt.gz’ saved [61]

--2019-06-20 19:54:02--  http://query/
Resolving query (query)... failed: Name or service not known.
wget: unable to resolve host address ‘query’
--2019-06-20 19:54:02--  ftp://xml/
           => ‘.listing’
Resolving xml (xml)... failed: Name or service not known.
wget: unable to resolve host address ‘xml’
--2019-06-20 19:54:02--  http://pc_fetch_aid1287174_activities_0.cgi/
Resolving pc_fetch_aid1287174_activities_0.cgi (pc_fetch_aid1287174_activities_0.cgi)... failed: Name or service not known.
wget: unable to resolve host address ‘pc_fetch_aid1287174_activities_0.cgi’
FINISHED --2019-06-20 19:54:02--
Total wall clock time: 0.7s
Downloaded: 1 files, 61 in 0.001s (84.1 KB/s)
