--2019-06-20 20:09:39--  ftp://ftp-private.ncbi.nlm.nih.gov/pubchem/.fetch/21/3675871559935594805.txt.gz
           => ‘3675871559935594805.txt.gz’
Resolving ftp-private.ncbi.nlm.nih.gov (ftp-private.ncbi.nlm.nih.gov)... 130.14.29.35
Connecting to ftp-private.ncbi.nlm.nih.gov (ftp-private.ncbi.nlm.nih.gov)|130.14.29.35|:21... connected.
Logging in as anonymous ... Logged in!
==> SYST ... done.    ==> PWD ... done.
==> TYPE I ... done.  ==> CWD (1) /pubchem/.fetch/21 ... done.
==> SIZE 3675871559935594805.txt.gz ... 57
==> PASV ... done.    ==> RETR 3675871559935594805.txt.gz ... done.
Length: 57 (unauthoritative)

     0K                                                       100% 58.8K=0.001s

2019-06-20 20:09:39 (58.8 KB/s) - ‘3675871559935594805.txt.gz’ saved [57]

--2019-06-20 20:09:39--  http://query/
Resolving query (query)... failed: Name or service not known.
wget: unable to resolve host address ‘query’
--2019-06-20 20:09:39--  ftp://xml/
           => ‘.listing’
Resolving xml (xml)... failed: Name or service not known.
wget: unable to resolve host address ‘xml’
--2019-06-20 20:09:39--  http://pc_fetch_aid1303265_activities_0.cgi/
Resolving pc_fetch_aid1303265_activities_0.cgi (pc_fetch_aid1303265_activities_0.cgi)... failed: Name or service not known.
wget: unable to resolve host address ‘pc_fetch_aid1303265_activities_0.cgi’
FINISHED --2019-06-20 20:09:39--
Total wall clock time: 0.6s
Downloaded: 1 files, 57 in 0.001s (58.8 KB/s)
