--2019-06-20 23:12:14--  ftp://ftp-private.ncbi.nlm.nih.gov/pubchem/.fetch/52/1237187770883288755.txt.gz
           => ‘1237187770883288755.txt.gz’
Resolving ftp-private.ncbi.nlm.nih.gov (ftp-private.ncbi.nlm.nih.gov)... 130.14.29.30
Connecting to ftp-private.ncbi.nlm.nih.gov (ftp-private.ncbi.nlm.nih.gov)|130.14.29.30|:21... connected.
Logging in as anonymous ... Logged in!
==> SYST ... done.    ==> PWD ... done.
==> TYPE I ... done.  ==> CWD (1) /pubchem/.fetch/52 ... done.
==> SIZE 1237187770883288755.txt.gz ... 176
==> PASV ... done.    ==> RETR 1237187770883288755.txt.gz ... done.
Length: 176 (unauthoritative)

     0K                                                       100%  164K=0.001s

2019-06-20 23:12:15 (164 KB/s) - ‘1237187770883288755.txt.gz’ saved [176]

--2019-06-20 23:12:15--  http://query/
Resolving query (query)... failed: Name or service not known.
wget: unable to resolve host address ‘query’
--2019-06-20 23:12:15--  ftp://xml/
           => ‘.listing’
Resolving xml (xml)... failed: Name or service not known.
wget: unable to resolve host address ‘xml’
--2019-06-20 23:12:15--  http://pc_fetch_aid636043_activities_0.cgi/
Resolving pc_fetch_aid636043_activities_0.cgi (pc_fetch_aid636043_activities_0.cgi)... failed: Name or service not known.
wget: unable to resolve host address ‘pc_fetch_aid636043_activities_0.cgi’
FINISHED --2019-06-20 23:12:15--
Total wall clock time: 0.8s
Downloaded: 1 files, 176 in 0.001s (164 KB/s)
