--2019-06-20 23:14:17--  ftp://ftp-private.ncbi.nlm.nih.gov/pubchem/.fetch/47/3157596873815295699.txt.gz
           => ‘3157596873815295699.txt.gz’
Resolving ftp-private.ncbi.nlm.nih.gov (ftp-private.ncbi.nlm.nih.gov)... 130.14.29.30
Connecting to ftp-private.ncbi.nlm.nih.gov (ftp-private.ncbi.nlm.nih.gov)|130.14.29.30|:21... connected.
Logging in as anonymous ... Logged in!
==> SYST ... done.    ==> PWD ... done.
==> TYPE I ... done.  ==> CWD (1) /pubchem/.fetch/47 ... done.
==> SIZE 3157596873815295699.txt.gz ... 86
==> PASV ... done.    ==> RETR 3157596873815295699.txt.gz ... done.
Length: 86 (unauthoritative)

     0K                                                       100%  110K=0.001s

2019-06-20 23:14:18 (110 KB/s) - ‘3157596873815295699.txt.gz’ saved [86]

--2019-06-20 23:14:18--  http://query/
Resolving query (query)... failed: Name or service not known.
wget: unable to resolve host address ‘query’
--2019-06-20 23:14:18--  ftp://xml/
           => ‘.listing’
Resolving xml (xml)... failed: Name or service not known.
wget: unable to resolve host address ‘xml’
--2019-06-20 23:14:18--  http://pc_fetch_aid636063_activities_0.cgi/
Resolving pc_fetch_aid636063_activities_0.cgi (pc_fetch_aid636063_activities_0.cgi)... failed: Name or service not known.
wget: unable to resolve host address ‘pc_fetch_aid636063_activities_0.cgi’
FINISHED --2019-06-20 23:14:18--
Total wall clock time: 0.4s
Downloaded: 1 files, 86 in 0.001s (110 KB/s)
