--2019-06-20 21:17:33--  ftp://ftp-private.ncbi.nlm.nih.gov/pubchem/.fetch/57/4447726559765910820.txt.gz
           => ‘4447726559765910820.txt.gz’
Resolving ftp-private.ncbi.nlm.nih.gov (ftp-private.ncbi.nlm.nih.gov)... 130.14.29.30
Connecting to ftp-private.ncbi.nlm.nih.gov (ftp-private.ncbi.nlm.nih.gov)|130.14.29.30|:21... connected.
Logging in as anonymous ... Logged in!
==> SYST ... done.    ==> PWD ... done.
==> TYPE I ... done.  ==> CWD (1) /pubchem/.fetch/57 ... done.
==> SIZE 4447726559765910820.txt.gz ... 53
==> PASV ... done.    ==> RETR 4447726559765910820.txt.gz ... done.
Length: 53 (unauthoritative)

     0K                                                       100% 62.7K=0.001s

2019-06-20 21:17:33 (62.7 KB/s) - ‘4447726559765910820.txt.gz’ saved [53]

--2019-06-20 21:17:33--  http://query/
Resolving query (query)... failed: Name or service not known.
wget: unable to resolve host address ‘query’
--2019-06-20 21:17:33--  ftp://xml/
           => ‘.listing’
Resolving xml (xml)... failed: Name or service not known.
wget: unable to resolve host address ‘xml’
--2019-06-20 21:17:33--  http://pc_fetch_aid285943_activities_0.cgi/
Resolving pc_fetch_aid285943_activities_0.cgi (pc_fetch_aid285943_activities_0.cgi)... failed: Name or service not known.
wget: unable to resolve host address ‘pc_fetch_aid285943_activities_0.cgi’
FINISHED --2019-06-20 21:17:33--
Total wall clock time: 0.5s
Downloaded: 1 files, 53 in 0.001s (62.7 KB/s)
