--2019-06-20 20:28:06--  ftp://ftp-private.ncbi.nlm.nih.gov/pubchem/.fetch/100/4400152823836664626.txt.gz
           => ‘4400152823836664626.txt.gz’
Resolving ftp-private.ncbi.nlm.nih.gov (ftp-private.ncbi.nlm.nih.gov)... 130.14.29.30
Connecting to ftp-private.ncbi.nlm.nih.gov (ftp-private.ncbi.nlm.nih.gov)|130.14.29.30|:21... connected.
Logging in as anonymous ... Logged in!
==> SYST ... done.    ==> PWD ... done.
==> TYPE I ... done.  ==> CWD (1) /pubchem/.fetch/100 ... done.
==> SIZE 4400152823836664626.txt.gz ... 79
==> PASV ... done.    ==> RETR 4400152823836664626.txt.gz ... done.
Length: 79 (unauthoritative)

     0K                                                       100% 99.2K=0.001s

2019-06-20 20:28:07 (99.2 KB/s) - ‘4400152823836664626.txt.gz’ saved [79]

--2019-06-20 20:28:07--  http://query/
Resolving query (query)... failed: Name or service not known.
wget: unable to resolve host address ‘query’
--2019-06-20 20:28:07--  ftp://xml/
           => ‘.listing’
Resolving xml (xml)... failed: Name or service not known.
wget: unable to resolve host address ‘xml’
--2019-06-20 20:28:07--  http://pc_fetch_aid1310450_activities_0.cgi/
Resolving pc_fetch_aid1310450_activities_0.cgi (pc_fetch_aid1310450_activities_0.cgi)... failed: Name or service not known.
wget: unable to resolve host address ‘pc_fetch_aid1310450_activities_0.cgi’
FINISHED --2019-06-20 20:28:07--
Total wall clock time: 0.6s
Downloaded: 1 files, 79 in 0.001s (99.2 KB/s)
