--2019-06-20 23:47:24--  ftp://ftp-private.ncbi.nlm.nih.gov/pubchem/.fetch/13/712867739465407918.txt.gz
           => ‘712867739465407918.txt.gz’
Resolving ftp-private.ncbi.nlm.nih.gov (ftp-private.ncbi.nlm.nih.gov)... 130.14.29.35
Connecting to ftp-private.ncbi.nlm.nih.gov (ftp-private.ncbi.nlm.nih.gov)|130.14.29.35|:21... connected.
Logging in as anonymous ... Logged in!
==> SYST ... done.    ==> PWD ... done.
==> TYPE I ... done.  ==> CWD (1) /pubchem/.fetch/13 ... done.
==> SIZE 712867739465407918.txt.gz ... 87
==> PASV ... done.    ==> RETR 712867739465407918.txt.gz ... done.
Length: 87 (unauthoritative)

     0K                                                       100% 86.7K=0.001s

2019-06-20 23:47:25 (86.7 KB/s) - ‘712867739465407918.txt.gz’ saved [87]

--2019-06-20 23:47:25--  http://query/
Resolving query (query)... failed: Name or service not known.
wget: unable to resolve host address ‘query’
--2019-06-20 23:47:25--  ftp://xml/
           => ‘.listing’
Resolving xml (xml)... failed: Name or service not known.
wget: unable to resolve host address ‘xml’
--2019-06-20 23:47:25--  http://pc_fetch_aid713373_activities_0.cgi/
Resolving pc_fetch_aid713373_activities_0.cgi (pc_fetch_aid713373_activities_0.cgi)... failed: Name or service not known.
wget: unable to resolve host address ‘pc_fetch_aid713373_activities_0.cgi’
FINISHED --2019-06-20 23:47:25--
Total wall clock time: 0.7s
Downloaded: 1 files, 87 in 0.001s (86.7 KB/s)
