--2019-06-20 19:45:14--  ftp://ftp-private.ncbi.nlm.nih.gov/pubchem/.fetch/40/4285017145169764043.txt.gz
           => ‘4285017145169764043.txt.gz’
Resolving ftp-private.ncbi.nlm.nih.gov (ftp-private.ncbi.nlm.nih.gov)... 130.14.29.35
Connecting to ftp-private.ncbi.nlm.nih.gov (ftp-private.ncbi.nlm.nih.gov)|130.14.29.35|:21... connected.
Logging in as anonymous ... Logged in!
==> SYST ... done.    ==> PWD ... done.
==> TYPE I ... done.  ==> CWD (1) /pubchem/.fetch/40 ... done.
==> SIZE 4285017145169764043.txt.gz ... 70
==> PASV ... done.    ==> RETR 4285017145169764043.txt.gz ... done.
Length: 70 (unauthoritative)

     0K                                                       100% 89.4K=0.001s

2019-06-20 19:45:15 (89.4 KB/s) - ‘4285017145169764043.txt.gz’ saved [70]

--2019-06-20 19:45:15--  http://query/
Resolving query (query)... failed: Name or service not known.
wget: unable to resolve host address ‘query’
--2019-06-20 19:45:15--  ftp://xml/
           => ‘.listing’
Resolving xml (xml)... failed: Name or service not known.
wget: unable to resolve host address ‘xml’
--2019-06-20 19:45:15--  http://pc_fetch_aid1277129_activities_0.cgi/
Resolving pc_fetch_aid1277129_activities_0.cgi (pc_fetch_aid1277129_activities_0.cgi)... failed: Name or service not known.
wget: unable to resolve host address ‘pc_fetch_aid1277129_activities_0.cgi’
FINISHED --2019-06-20 19:45:15--
Total wall clock time: 0.6s
Downloaded: 1 files, 70 in 0.001s (89.4 KB/s)
