--2019-06-20 18:41:51--  ftp://ftp-private.ncbi.nlm.nih.gov/pubchem/.fetch/45/412487643978337520.txt.gz
           => ‘412487643978337520.txt.gz’
Resolving ftp-private.ncbi.nlm.nih.gov (ftp-private.ncbi.nlm.nih.gov)... 130.14.29.30
Connecting to ftp-private.ncbi.nlm.nih.gov (ftp-private.ncbi.nlm.nih.gov)|130.14.29.30|:21... connected.
Logging in as anonymous ... Logged in!
==> SYST ... done.    ==> PWD ... done.
==> TYPE I ... done.  ==> CWD (1) /pubchem/.fetch/45 ... done.
==> SIZE 412487643978337520.txt.gz ... 67
==> PASV ... done.    ==> RETR 412487643978337520.txt.gz ... done.
Length: 67 (unauthoritative)

     0K                                                       100% 74.7K=0.001s

2019-06-20 18:41:51 (74.7 KB/s) - ‘412487643978337520.txt.gz’ saved [67]

--2019-06-20 18:41:51--  http://query/
Resolving query (query)... failed: Name or service not known.
wget: unable to resolve host address ‘query’
--2019-06-20 18:41:51--  ftp://xml/
           => ‘.listing’
Resolving xml (xml)... failed: Name or service not known.
wget: unable to resolve host address ‘xml’
--2019-06-20 18:41:51--  http://pc_fetch_aid1187282_activities_0.cgi/
Resolving pc_fetch_aid1187282_activities_0.cgi (pc_fetch_aid1187282_activities_0.cgi)... failed: Name or service not known.
wget: unable to resolve host address ‘pc_fetch_aid1187282_activities_0.cgi’
FINISHED --2019-06-20 18:41:51--
Total wall clock time: 0.4s
Downloaded: 1 files, 67 in 0.001s (74.7 KB/s)
