--2019-06-20 19:35:49--  ftp://ftp-private.ncbi.nlm.nih.gov/pubchem/.fetch/16/2422514828888603775.txt.gz
           => ‘2422514828888603775.txt.gz’
Resolving ftp-private.ncbi.nlm.nih.gov (ftp-private.ncbi.nlm.nih.gov)... 130.14.29.35
Connecting to ftp-private.ncbi.nlm.nih.gov (ftp-private.ncbi.nlm.nih.gov)|130.14.29.35|:21... connected.
Logging in as anonymous ... Logged in!
==> SYST ... done.    ==> PWD ... done.
==> TYPE I ... done.  ==> CWD (1) /pubchem/.fetch/16 ... done.
==> SIZE 2422514828888603775.txt.gz ... 62
==> PASV ... done.    ==> RETR 2422514828888603775.txt.gz ... done.
Length: 62 (unauthoritative)

     0K                                                       100% 81.0K=0.001s

2019-06-20 19:35:49 (81.0 KB/s) - ‘2422514828888603775.txt.gz’ saved [62]

--2019-06-20 19:35:49--  http://query/
Resolving query (query)... failed: Name or service not known.
wget: unable to resolve host address ‘query’
--2019-06-20 19:35:49--  ftp://xml/
           => ‘.listing’
Resolving xml (xml)... failed: Name or service not known.
wget: unable to resolve host address ‘xml’
--2019-06-20 19:35:49--  http://pc_fetch_aid1276320_activities_0.cgi/
Resolving pc_fetch_aid1276320_activities_0.cgi (pc_fetch_aid1276320_activities_0.cgi)... failed: Name or service not known.
wget: unable to resolve host address ‘pc_fetch_aid1276320_activities_0.cgi’
FINISHED --2019-06-20 19:35:50--
Total wall clock time: 0.6s
Downloaded: 1 files, 62 in 0.001s (81.0 KB/s)
