--2019-06-20 22:16:19--  ftp://ftp-private.ncbi.nlm.nih.gov/pubchem/.fetch/36/670335456957586955.txt.gz
           => ‘670335456957586955.txt.gz’
Resolving ftp-private.ncbi.nlm.nih.gov (ftp-private.ncbi.nlm.nih.gov)... 130.14.29.35
Connecting to ftp-private.ncbi.nlm.nih.gov (ftp-private.ncbi.nlm.nih.gov)|130.14.29.35|:21... connected.
Logging in as anonymous ... Logged in!
==> SYST ... done.    ==> PWD ... done.
==> TYPE I ... done.  ==> CWD (1) /pubchem/.fetch/36 ... done.
==> SIZE 670335456957586955.txt.gz ... 103
==> PASV ... done.    ==> RETR 670335456957586955.txt.gz ... done.
Length: 103 (unauthoritative)

     0K                                                       100%  107K=0.001s

2019-06-20 22:16:20 (107 KB/s) - ‘670335456957586955.txt.gz’ saved [103]

--2019-06-20 22:16:20--  http://query/
Resolving query (query)... failed: Name or service not known.
wget: unable to resolve host address ‘query’
--2019-06-20 22:16:20--  ftp://xml/
           => ‘.listing’
Resolving xml (xml)... failed: Name or service not known.
wget: unable to resolve host address ‘xml’
--2019-06-20 22:16:20--  http://pc_fetch_aid491602_activities_0.cgi/
Resolving pc_fetch_aid491602_activities_0.cgi (pc_fetch_aid491602_activities_0.cgi)... failed: Name or service not known.
wget: unable to resolve host address ‘pc_fetch_aid491602_activities_0.cgi’
FINISHED --2019-06-20 22:16:20--
Total wall clock time: 0.7s
Downloaded: 1 files, 103 in 0.001s (107 KB/s)
