--2019-06-21 00:42:33--  ftp://ftp-private.ncbi.nlm.nih.gov/pubchem/.fetch/59/2301763234078740086.txt.gz
           => ‘2301763234078740086.txt.gz’
Resolving ftp-private.ncbi.nlm.nih.gov (ftp-private.ncbi.nlm.nih.gov)... 130.14.29.35
Connecting to ftp-private.ncbi.nlm.nih.gov (ftp-private.ncbi.nlm.nih.gov)|130.14.29.35|:21... connected.
Logging in as anonymous ... Logged in!
==> SYST ... done.    ==> PWD ... done.
==> TYPE I ... done.  ==> CWD (1) /pubchem/.fetch/59 ... done.
==> SIZE 2301763234078740086.txt.gz ... 127
==> PASV ... done.    ==> RETR 2301763234078740086.txt.gz ... done.
Length: 127 (unauthoritative)

     0K                                                       100%  146K=0.001s

2019-06-21 00:42:33 (146 KB/s) - ‘2301763234078740086.txt.gz’ saved [127]

--2019-06-21 00:42:33--  http://query/
Resolving query (query)... failed: Name or service not known.
wget: unable to resolve host address ‘query’
--2019-06-21 00:42:33--  ftp://xml/
           => ‘.listing’
Resolving xml (xml)... failed: Name or service not known.
wget: unable to resolve host address ‘xml’
--2019-06-21 00:42:33--  http://pc_fetch_aid774893_activities_0.cgi/
Resolving pc_fetch_aid774893_activities_0.cgi (pc_fetch_aid774893_activities_0.cgi)... failed: Name or service not known.
wget: unable to resolve host address ‘pc_fetch_aid774893_activities_0.cgi’
FINISHED --2019-06-21 00:42:33--
Total wall clock time: 0.5s
Downloaded: 1 files, 127 in 0.001s (146 KB/s)
