--2019-06-20 17:36:18--  ftp://ftp-private.ncbi.nlm.nih.gov/pubchem/.fetch/77/2929637565373203690.txt.gz
           => ‘2929637565373203690.txt.gz’
Resolving ftp-private.ncbi.nlm.nih.gov (ftp-private.ncbi.nlm.nih.gov)... 130.14.29.35
Connecting to ftp-private.ncbi.nlm.nih.gov (ftp-private.ncbi.nlm.nih.gov)|130.14.29.35|:21... connected.
Logging in as anonymous ... Logged in!
==> SYST ... done.    ==> PWD ... done.
==> TYPE I ... done.  ==> CWD (1) /pubchem/.fetch/77 ... done.
==> SIZE 2929637565373203690.txt.gz ... 41
==> PASV ... done.    ==> RETR 2929637565373203690.txt.gz ... done.
Length: 41 (unauthoritative)

     0K                                                       100% 53.5K=0.001s

2019-06-20 17:36:18 (53.5 KB/s) - ‘2929637565373203690.txt.gz’ saved [41]

--2019-06-20 17:36:18--  http://query/
Resolving query (query)... failed: Name or service not known.
wget: unable to resolve host address ‘query’
--2019-06-20 17:36:18--  ftp://xml/
           => ‘.listing’
Resolving xml (xml)... failed: Name or service not known.
wget: unable to resolve host address ‘xml’
--2019-06-20 17:36:18--  http://pc_fetch_aid1129868_activities_0.cgi/
Resolving pc_fetch_aid1129868_activities_0.cgi (pc_fetch_aid1129868_activities_0.cgi)... failed: Name or service not known.
wget: unable to resolve host address ‘pc_fetch_aid1129868_activities_0.cgi’
FINISHED --2019-06-20 17:36:18--
Total wall clock time: 0.5s
Downloaded: 1 files, 41 in 0.001s (53.5 KB/s)
