--2019-06-20 17:35:48--  ftp://ftp-private.ncbi.nlm.nih.gov/pubchem/.fetch/25/1872188822000140864.txt.gz
           => ‘1872188822000140864.txt.gz’
Resolving ftp-private.ncbi.nlm.nih.gov (ftp-private.ncbi.nlm.nih.gov)... 130.14.29.35
Connecting to ftp-private.ncbi.nlm.nih.gov (ftp-private.ncbi.nlm.nih.gov)|130.14.29.35|:21... connected.
Logging in as anonymous ... Logged in!
==> SYST ... done.    ==> PWD ... done.
==> TYPE I ... done.  ==> CWD (1) /pubchem/.fetch/25 ... done.
==> SIZE 1872188822000140864.txt.gz ... 41
==> PASV ... done.    ==> RETR 1872188822000140864.txt.gz ... done.
Length: 41 (unauthoritative)

     0K                                                       100% 56.1K=0.001s

2019-06-20 17:35:48 (56.1 KB/s) - ‘1872188822000140864.txt.gz’ saved [41]

--2019-06-20 17:35:48--  http://query/
Resolving query (query)... failed: Name or service not known.
wget: unable to resolve host address ‘query’
--2019-06-20 17:35:48--  ftp://xml/
           => ‘.listing’
Resolving xml (xml)... failed: Name or service not known.
wget: unable to resolve host address ‘xml’
--2019-06-20 17:35:48--  http://pc_fetch_aid1129863_activities_0.cgi/
Resolving pc_fetch_aid1129863_activities_0.cgi (pc_fetch_aid1129863_activities_0.cgi)... failed: Name or service not known.
wget: unable to resolve host address ‘pc_fetch_aid1129863_activities_0.cgi’
FINISHED --2019-06-20 17:35:48--
Total wall clock time: 0.6s
Downloaded: 1 files, 41 in 0.001s (56.1 KB/s)
