--2019-06-20 19:02:33--  ftp://ftp-private.ncbi.nlm.nih.gov/pubchem/.fetch/23/2421341062262729374.txt.gz
           => ‘2421341062262729374.txt.gz’
Resolving ftp-private.ncbi.nlm.nih.gov (ftp-private.ncbi.nlm.nih.gov)... 130.14.29.30
Connecting to ftp-private.ncbi.nlm.nih.gov (ftp-private.ncbi.nlm.nih.gov)|130.14.29.30|:21... connected.
Logging in as anonymous ... Logged in!
==> SYST ... done.    ==> PWD ... done.
==> TYPE I ... done.  ==> CWD (1) /pubchem/.fetch/23 ... done.
==> SIZE 2421341062262729374.txt.gz ... 299
==> PASV ... done.    ==> RETR 2421341062262729374.txt.gz ... done.
Length: 299 (unauthoritative)

     0K                                                       100%  225K=0.001s

2019-06-20 19:02:34 (225 KB/s) - ‘2421341062262729374.txt.gz’ saved [299]

--2019-06-20 19:02:34--  http://query/
Resolving query (query)... failed: Name or service not known.
wget: unable to resolve host address ‘query’
--2019-06-20 19:02:34--  ftp://xml/
           => ‘.listing’
Resolving xml (xml)... failed: Name or service not known.
wget: unable to resolve host address ‘xml’
--2019-06-20 19:02:34--  http://pc_fetch_aid1235394_activities_0.cgi/
Resolving pc_fetch_aid1235394_activities_0.cgi (pc_fetch_aid1235394_activities_0.cgi)... failed: Name or service not known.
wget: unable to resolve host address ‘pc_fetch_aid1235394_activities_0.cgi’
FINISHED --2019-06-20 19:02:34--
Total wall clock time: 0.8s
Downloaded: 1 files, 299 in 0.001s (225 KB/s)
