--2019-06-20 20:45:48--  ftp://ftp-private.ncbi.nlm.nih.gov/pubchem/.fetch/93/2903699828032673219.txt.gz
           => ‘2903699828032673219.txt.gz’
Resolving ftp-private.ncbi.nlm.nih.gov (ftp-private.ncbi.nlm.nih.gov)... 130.14.29.30
Connecting to ftp-private.ncbi.nlm.nih.gov (ftp-private.ncbi.nlm.nih.gov)|130.14.29.30|:21... connected.
Logging in as anonymous ... Logged in!
==> SYST ... done.    ==> PWD ... done.
==> TYPE I ... done.  ==> CWD (1) /pubchem/.fetch/93 ... done.
==> SIZE 2903699828032673219.txt.gz ... 112
==> PASV ... done.    ==> RETR 2903699828032673219.txt.gz ... done.
Length: 112 (unauthoritative)

     0K                                                       100%  125K=0.001s

2019-06-20 20:45:48 (125 KB/s) - ‘2903699828032673219.txt.gz’ saved [112]

--2019-06-20 20:45:48--  http://query/
Resolving query (query)... failed: Name or service not known.
wget: unable to resolve host address ‘query’
--2019-06-20 20:45:48--  ftp://xml/
           => ‘.listing’
Resolving xml (xml)... failed: Name or service not known.
wget: unable to resolve host address ‘xml’
--2019-06-20 20:45:48--  http://pc_fetch_aid1323049_activities_0.cgi/
Resolving pc_fetch_aid1323049_activities_0.cgi (pc_fetch_aid1323049_activities_0.cgi)... failed: Name or service not known.
wget: unable to resolve host address ‘pc_fetch_aid1323049_activities_0.cgi’
FINISHED --2019-06-20 20:45:48--
Total wall clock time: 0.5s
Downloaded: 1 files, 112 in 0.001s (125 KB/s)
