--2019-06-20 22:52:13--  ftp://ftp-private.ncbi.nlm.nih.gov/pubchem/.fetch/62/776714749298485912.txt.gz
           => ‘776714749298485912.txt.gz’
Resolving ftp-private.ncbi.nlm.nih.gov (ftp-private.ncbi.nlm.nih.gov)... 130.14.29.30
Connecting to ftp-private.ncbi.nlm.nih.gov (ftp-private.ncbi.nlm.nih.gov)|130.14.29.30|:21... connected.
Logging in as anonymous ... Logged in!
==> SYST ... done.    ==> PWD ... done.
==> TYPE I ... done.  ==> CWD (1) /pubchem/.fetch/62 ... done.
==> SIZE 776714749298485912.txt.gz ... 57
==> PASV ... done.    ==> RETR 776714749298485912.txt.gz ... done.
Length: 57 (unauthoritative)

     0K                                                       100% 72.9K=0.001s

2019-06-20 22:52:14 (72.9 KB/s) - ‘776714749298485912.txt.gz’ saved [57]

--2019-06-20 22:52:14--  http://query/
Resolving query (query)... failed: Name or service not known.
wget: unable to resolve host address ‘query’
--2019-06-20 22:52:14--  ftp://xml/
           => ‘.listing’
Resolving xml (xml)... failed: Name or service not known.
wget: unable to resolve host address ‘xml’
--2019-06-20 22:52:14--  http://pc_fetch_aid584626_activities_0.cgi/
Resolving pc_fetch_aid584626_activities_0.cgi (pc_fetch_aid584626_activities_0.cgi)... failed: Name or service not known.
wget: unable to resolve host address ‘pc_fetch_aid584626_activities_0.cgi’
FINISHED --2019-06-20 22:52:14--
Total wall clock time: 0.9s
Downloaded: 1 files, 57 in 0.001s (72.9 KB/s)
