--2019-06-20 21:31:30--  ftp://ftp-private.ncbi.nlm.nih.gov/pubchem/.fetch/66/414996989341828326.txt.gz
           => ‘414996989341828326.txt.gz’
Resolving ftp-private.ncbi.nlm.nih.gov (ftp-private.ncbi.nlm.nih.gov)... 130.14.29.35
Connecting to ftp-private.ncbi.nlm.nih.gov (ftp-private.ncbi.nlm.nih.gov)|130.14.29.35|:21... connected.
Logging in as anonymous ... Logged in!
==> SYST ... done.    ==> PWD ... done.
==> TYPE I ... done.  ==> CWD (1) /pubchem/.fetch/66 ... done.
==> SIZE 414996989341828326.txt.gz ... 72
==> PASV ... done.    ==> RETR 414996989341828326.txt.gz ... done.
Length: 72 (unauthoritative)

     0K                                                       100% 61.3K=0.001s

2019-06-20 21:31:30 (61.3 KB/s) - ‘414996989341828326.txt.gz’ saved [72]

--2019-06-20 21:31:30--  http://query/
Resolving query (query)... failed: Name or service not known.
wget: unable to resolve host address ‘query’
--2019-06-20 21:31:30--  ftp://xml/
           => ‘.listing’
Resolving xml (xml)... failed: Name or service not known.
wget: unable to resolve host address ‘xml’
--2019-06-20 21:31:30--  http://pc_fetch_aid340577_activities_0.cgi/
Resolving pc_fetch_aid340577_activities_0.cgi (pc_fetch_aid340577_activities_0.cgi)... failed: Name or service not known.
wget: unable to resolve host address ‘pc_fetch_aid340577_activities_0.cgi’
FINISHED --2019-06-20 21:31:30--
Total wall clock time: 0.5s
Downloaded: 1 files, 72 in 0.001s (61.3 KB/s)
