--2019-06-20 18:04:26--  ftp://ftp-private.ncbi.nlm.nih.gov/pubchem/.fetch/27/3116185253159355229.txt.gz
           => ‘3116185253159355229.txt.gz’
Resolving ftp-private.ncbi.nlm.nih.gov (ftp-private.ncbi.nlm.nih.gov)... 130.14.29.35
Connecting to ftp-private.ncbi.nlm.nih.gov (ftp-private.ncbi.nlm.nih.gov)|130.14.29.35|:21... connected.
Logging in as anonymous ... Logged in!
==> SYST ... done.    ==> PWD ... done.
==> TYPE I ... done.  ==> CWD (1) /pubchem/.fetch/27 ... done.
==> SIZE 3116185253159355229.txt.gz ... 177
==> PASV ... done.    ==> RETR 3116185253159355229.txt.gz ... done.
Length: 177 (unauthoritative)

     0K                                                       100% 8.25K=0.02s

2019-06-20 18:04:26 (8.25 KB/s) - ‘3116185253159355229.txt.gz’ saved [177]

--2019-06-20 18:04:26--  http://query/
Resolving query (query)... failed: Name or service not known.
wget: unable to resolve host address ‘query’
--2019-06-20 18:04:26--  ftp://xml/
           => ‘.listing’
Resolving xml (xml)... failed: Name or service not known.
wget: unable to resolve host address ‘xml’
--2019-06-20 18:04:26--  http://pc_fetch_aid1165436_activities_0.cgi/
Resolving pc_fetch_aid1165436_activities_0.cgi (pc_fetch_aid1165436_activities_0.cgi)... failed: Name or service not known.
wget: unable to resolve host address ‘pc_fetch_aid1165436_activities_0.cgi’
FINISHED --2019-06-20 18:04:26--
Total wall clock time: 0.5s
Downloaded: 1 files, 177 in 0.02s (8.25 KB/s)
