--2019-06-20 17:17:48--  ftp://ftp-private.ncbi.nlm.nih.gov/pubchem/.fetch/30/1144408236946821172.txt.gz
           => ‘1144408236946821172.txt.gz’
Resolving ftp-private.ncbi.nlm.nih.gov (ftp-private.ncbi.nlm.nih.gov)... 130.14.29.30
Connecting to ftp-private.ncbi.nlm.nih.gov (ftp-private.ncbi.nlm.nih.gov)|130.14.29.30|:21... connected.
Logging in as anonymous ... Logged in!
==> SYST ... done.    ==> PWD ... done.
==> TYPE I ... done.  ==> CWD (1) /pubchem/.fetch/30 ... done.
==> SIZE 1144408236946821172.txt.gz ... 98
==> PASV ... done.    ==> RETR 1144408236946821172.txt.gz ... done.
Length: 98 (unauthoritative)

     0K                                                       100%  106K=0.001s

2019-06-20 17:17:49 (106 KB/s) - ‘1144408236946821172.txt.gz’ saved [98]

--2019-06-20 17:17:49--  http://query/
Resolving query (query)... failed: Name or service not known.
wget: unable to resolve host address ‘query’
--2019-06-20 17:17:49--  ftp://xml/
           => ‘.listing’
Resolving xml (xml)... failed: Name or service not known.
wget: unable to resolve host address ‘xml’
--2019-06-20 17:17:49--  http://pc_fetch_aid1076703_activities_0.cgi/
Resolving pc_fetch_aid1076703_activities_0.cgi (pc_fetch_aid1076703_activities_0.cgi)... failed: Name or service not known.
wget: unable to resolve host address ‘pc_fetch_aid1076703_activities_0.cgi’
FINISHED --2019-06-20 17:17:49--
Total wall clock time: 0.4s
Downloaded: 1 files, 98 in 0.001s (106 KB/s)
