--2019-06-20 23:30:21--  ftp://ftp-private.ncbi.nlm.nih.gov/pubchem/.fetch/94/1375800877413849086.txt.gz
           => ‘1375800877413849086.txt.gz’
Resolving ftp-private.ncbi.nlm.nih.gov (ftp-private.ncbi.nlm.nih.gov)... 130.14.29.30
Connecting to ftp-private.ncbi.nlm.nih.gov (ftp-private.ncbi.nlm.nih.gov)|130.14.29.30|:21... connected.
Logging in as anonymous ... Logged in!
==> SYST ... done.    ==> PWD ... done.
==> TYPE I ... done.  ==> CWD (1) /pubchem/.fetch/94 ... done.
==> SIZE 1375800877413849086.txt.gz ... 164
==> PASV ... done.    ==> RETR 1375800877413849086.txt.gz ... done.
Length: 164 (unauthoritative)

     0K                                                       100%  163K=0.001s

2019-06-20 23:30:21 (163 KB/s) - ‘1375800877413849086.txt.gz’ saved [164]

--2019-06-20 23:30:21--  http://query/
Resolving query (query)... failed: Name or service not known.
wget: unable to resolve host address ‘query’
--2019-06-20 23:30:21--  ftp://xml/
           => ‘.listing’
Resolving xml (xml)... failed: Name or service not known.
wget: unable to resolve host address ‘xml’
--2019-06-20 23:30:21--  http://pc_fetch_aid690557_activities_0.cgi/
Resolving pc_fetch_aid690557_activities_0.cgi (pc_fetch_aid690557_activities_0.cgi)... failed: Name or service not known.
wget: unable to resolve host address ‘pc_fetch_aid690557_activities_0.cgi’
FINISHED --2019-06-20 23:30:21--
Total wall clock time: 0.4s
Downloaded: 1 files, 164 in 0.001s (163 KB/s)
