--2019-06-20 19:21:26--  ftp://ftp-private.ncbi.nlm.nih.gov/pubchem/.fetch/28/3439266323396521084.txt.gz
           => ‘3439266323396521084.txt.gz’
Resolving ftp-private.ncbi.nlm.nih.gov (ftp-private.ncbi.nlm.nih.gov)... 130.14.29.35
Connecting to ftp-private.ncbi.nlm.nih.gov (ftp-private.ncbi.nlm.nih.gov)|130.14.29.35|:21... connected.
Logging in as anonymous ... Logged in!
==> SYST ... done.    ==> PWD ... done.
==> TYPE I ... done.  ==> CWD (1) /pubchem/.fetch/28 ... done.
==> SIZE 3439266323396521084.txt.gz ... 73
==> PASV ... done.    ==> RETR 3439266323396521084.txt.gz ... done.
Length: 73 (unauthoritative)

     0K                                                       100% 3.17K=0.02s

2019-06-20 19:21:27 (3.17 KB/s) - ‘3439266323396521084.txt.gz’ saved [73]

--2019-06-20 19:21:27--  http://query/
Resolving query (query)... failed: Name or service not known.
wget: unable to resolve host address ‘query’
--2019-06-20 19:21:27--  ftp://xml/
           => ‘.listing’
Resolving xml (xml)... failed: Name or service not known.
wget: unable to resolve host address ‘xml’
--2019-06-20 19:21:27--  http://pc_fetch_aid1261164_activities_0.cgi/
Resolving pc_fetch_aid1261164_activities_0.cgi (pc_fetch_aid1261164_activities_0.cgi)... failed: Name or service not known.
wget: unable to resolve host address ‘pc_fetch_aid1261164_activities_0.cgi’
FINISHED --2019-06-20 19:21:27--
Total wall clock time: 0.6s
Downloaded: 1 files, 73 in 0.02s (3.17 KB/s)
