--2019-06-20 17:53:25--  ftp://ftp-private.ncbi.nlm.nih.gov/pubchem/.fetch/34/3846147833479749234.txt.gz
           => ‘3846147833479749234.txt.gz’
Resolving ftp-private.ncbi.nlm.nih.gov (ftp-private.ncbi.nlm.nih.gov)... 130.14.29.35
Connecting to ftp-private.ncbi.nlm.nih.gov (ftp-private.ncbi.nlm.nih.gov)|130.14.29.35|:21... connected.
Logging in as anonymous ... Logged in!
==> SYST ... done.    ==> PWD ... done.
==> TYPE I ... done.  ==> CWD (1) /pubchem/.fetch/34 ... done.
==> SIZE 3846147833479749234.txt.gz ... 59
==> PASV ... done.    ==> RETR 3846147833479749234.txt.gz ... done.
Length: 59 (unauthoritative)

     0K                                                       100% 77.6K=0.001s

2019-06-20 17:53:25 (77.6 KB/s) - ‘3846147833479749234.txt.gz’ saved [59]

--2019-06-20 17:53:25--  http://query/
Resolving query (query)... failed: Name or service not known.
wget: unable to resolve host address ‘query’
--2019-06-20 17:53:25--  ftp://xml/
           => ‘.listing’
Resolving xml (xml)... failed: Name or service not known.
wget: unable to resolve host address ‘xml’
--2019-06-20 17:53:25--  http://pc_fetch_aid1162275_activities_0.cgi/
Resolving pc_fetch_aid1162275_activities_0.cgi (pc_fetch_aid1162275_activities_0.cgi)... failed: Name or service not known.
wget: unable to resolve host address ‘pc_fetch_aid1162275_activities_0.cgi’
FINISHED --2019-06-20 17:53:25--
Total wall clock time: 0.6s
Downloaded: 1 files, 59 in 0.001s (77.6 KB/s)
