--2019-06-20 18:14:44--  ftp://ftp-private.ncbi.nlm.nih.gov/pubchem/.fetch/8/3315140603887665679.txt.gz
           => ‘3315140603887665679.txt.gz’
Resolving ftp-private.ncbi.nlm.nih.gov (ftp-private.ncbi.nlm.nih.gov)... 130.14.29.30
Connecting to ftp-private.ncbi.nlm.nih.gov (ftp-private.ncbi.nlm.nih.gov)|130.14.29.30|:21... connected.
Logging in as anonymous ... Logged in!
==> SYST ... done.    ==> PWD ... done.
==> TYPE I ... done.  ==> CWD (1) /pubchem/.fetch/8 ... done.
==> SIZE 3315140603887665679.txt.gz ... 130
==> PASV ... done.    ==> RETR 3315140603887665679.txt.gz ... done.
Length: 130 (unauthoritative)

     0K                                                       100%  144K=0.001s

2019-06-20 18:14:45 (144 KB/s) - ‘3315140603887665679.txt.gz’ saved [130]

--2019-06-20 18:14:45--  http://query/
Resolving query (query)... failed: Name or service not known.
wget: unable to resolve host address ‘query’
--2019-06-20 18:14:45--  ftp://xml/
           => ‘.listing’
Resolving xml (xml)... failed: Name or service not known.
wget: unable to resolve host address ‘xml’
--2019-06-20 18:14:45--  http://pc_fetch_aid1165537_activities_0.cgi/
Resolving pc_fetch_aid1165537_activities_0.cgi (pc_fetch_aid1165537_activities_0.cgi)... failed: Name or service not known.
wget: unable to resolve host address ‘pc_fetch_aid1165537_activities_0.cgi’
FINISHED --2019-06-20 18:14:45--
Total wall clock time: 0.5s
Downloaded: 1 files, 130 in 0.001s (144 KB/s)
