--2019-06-20 18:09:34--  ftp://ftp-private.ncbi.nlm.nih.gov/pubchem/.fetch/49/2819735915903701402.txt.gz
           => ‘2819735915903701402.txt.gz’
Resolving ftp-private.ncbi.nlm.nih.gov (ftp-private.ncbi.nlm.nih.gov)... 130.14.29.35
Connecting to ftp-private.ncbi.nlm.nih.gov (ftp-private.ncbi.nlm.nih.gov)|130.14.29.35|:21... connected.
Logging in as anonymous ... Logged in!
==> SYST ... done.    ==> PWD ... done.
==> TYPE I ... done.  ==> CWD (1) /pubchem/.fetch/49 ... done.
==> SIZE 2819735915903701402.txt.gz ... 122
==> PASV ... done.    ==> RETR 2819735915903701402.txt.gz ... done.
Length: 122 (unauthoritative)

     0K                                                       100%  105K=0.001s

2019-06-20 18:09:35 (105 KB/s) - ‘2819735915903701402.txt.gz’ saved [122]

--2019-06-20 18:09:35--  http://query/
Resolving query (query)... failed: Name or service not known.
wget: unable to resolve host address ‘query’
--2019-06-20 18:09:35--  ftp://xml/
           => ‘.listing’
Resolving xml (xml)... failed: Name or service not known.
wget: unable to resolve host address ‘xml’
--2019-06-20 18:09:35--  http://pc_fetch_aid1165486_activities_0.cgi/
Resolving pc_fetch_aid1165486_activities_0.cgi (pc_fetch_aid1165486_activities_0.cgi)... failed: Name or service not known.
wget: unable to resolve host address ‘pc_fetch_aid1165486_activities_0.cgi’
FINISHED --2019-06-20 18:09:35--
Total wall clock time: 0.6s
Downloaded: 1 files, 122 in 0.001s (105 KB/s)
