--2019-06-20 19:59:09--  ftp://ftp-private.ncbi.nlm.nih.gov/pubchem/.fetch/98/1200260505359500953.txt.gz
           => ‘1200260505359500953.txt.gz’
Resolving ftp-private.ncbi.nlm.nih.gov (ftp-private.ncbi.nlm.nih.gov)... 130.14.29.35
Connecting to ftp-private.ncbi.nlm.nih.gov (ftp-private.ncbi.nlm.nih.gov)|130.14.29.35|:21... connected.
Logging in as anonymous ... Logged in!
==> SYST ... done.    ==> PWD ... done.
==> TYPE I ... done.  ==> CWD (1) /pubchem/.fetch/98 ... done.
==> SIZE 1200260505359500953.txt.gz ... 116
==> PASV ... done.    ==> RETR 1200260505359500953.txt.gz ... done.
Length: 116 (unauthoritative)

     0K                                                       100%  119K=0.001s

2019-06-20 19:59:09 (119 KB/s) - ‘1200260505359500953.txt.gz’ saved [116]

--2019-06-20 19:59:09--  http://query/
Resolving query (query)... failed: Name or service not known.
wget: unable to resolve host address ‘query’
--2019-06-20 19:59:09--  ftp://xml/
           => ‘.listing’
Resolving xml (xml)... failed: Name or service not known.
wget: unable to resolve host address ‘xml’
--2019-06-20 19:59:09--  http://pc_fetch_aid1292158_activities_0.cgi/
Resolving pc_fetch_aid1292158_activities_0.cgi (pc_fetch_aid1292158_activities_0.cgi)... failed: Name or service not known.
wget: unable to resolve host address ‘pc_fetch_aid1292158_activities_0.cgi’
FINISHED --2019-06-20 19:59:09--
Total wall clock time: 0.5s
Downloaded: 1 files, 116 in 0.001s (119 KB/s)
