--2019-06-20 17:26:56--  ftp://ftp-private.ncbi.nlm.nih.gov/pubchem/.fetch/54/4534977424931241489.txt.gz
           => ‘4534977424931241489.txt.gz’
Resolving ftp-private.ncbi.nlm.nih.gov (ftp-private.ncbi.nlm.nih.gov)... 130.14.29.30
Connecting to ftp-private.ncbi.nlm.nih.gov (ftp-private.ncbi.nlm.nih.gov)|130.14.29.30|:21... connected.
Logging in as anonymous ... Logged in!
==> SYST ... done.    ==> PWD ... done.
==> TYPE I ... done.  ==> CWD (1) /pubchem/.fetch/54 ... done.
==> SIZE 4534977424931241489.txt.gz ... 115
==> PASV ... done.    ==> RETR 4534977424931241489.txt.gz ... done.
Length: 115 (unauthoritative)

     0K                                                       100%  123K=0.001s

2019-06-20 17:26:57 (123 KB/s) - ‘4534977424931241489.txt.gz’ saved [115]

--2019-06-20 17:26:57--  http://query/
Resolving query (query)... failed: Name or service not known.
wget: unable to resolve host address ‘query’
--2019-06-20 17:26:57--  ftp://xml/
           => ‘.listing’
Resolving xml (xml)... failed: Name or service not known.
wget: unable to resolve host address ‘xml’
--2019-06-20 17:26:57--  http://pc_fetch_aid1090816_activities_0.cgi/
Resolving pc_fetch_aid1090816_activities_0.cgi (pc_fetch_aid1090816_activities_0.cgi)... failed: Name or service not known.
wget: unable to resolve host address ‘pc_fetch_aid1090816_activities_0.cgi’
FINISHED --2019-06-20 17:26:57--
Total wall clock time: 0.4s
Downloaded: 1 files, 115 in 0.001s (123 KB/s)
