--2019-06-20 20:40:24--  ftp://ftp-private.ncbi.nlm.nih.gov/pubchem/.fetch/18/3082491857511035361.txt.gz
           => ‘3082491857511035361.txt.gz’
Resolving ftp-private.ncbi.nlm.nih.gov (ftp-private.ncbi.nlm.nih.gov)... 130.14.29.35
Connecting to ftp-private.ncbi.nlm.nih.gov (ftp-private.ncbi.nlm.nih.gov)|130.14.29.35|:21... connected.
Logging in as anonymous ... Logged in!
==> SYST ... done.    ==> PWD ... done.
==> TYPE I ... done.  ==> CWD (1) /pubchem/.fetch/18 ... done.
==> SIZE 3082491857511035361.txt.gz ... 82
==> PASV ... done.    ==> RETR 3082491857511035361.txt.gz ... done.
Length: 82 (unauthoritative)

     0K                                                       100% 85.9K=0.001s

2019-06-20 20:40:24 (85.9 KB/s) - ‘3082491857511035361.txt.gz’ saved [82]

--2019-06-20 20:40:24--  http://query/
Resolving query (query)... failed: Name or service not known.
wget: unable to resolve host address ‘query’
--2019-06-20 20:40:24--  ftp://xml/
           => ‘.listing’
Resolving xml (xml)... failed: Name or service not known.
wget: unable to resolve host address ‘xml’
--2019-06-20 20:40:24--  http://pc_fetch_aid1322996_activities_0.cgi/
Resolving pc_fetch_aid1322996_activities_0.cgi (pc_fetch_aid1322996_activities_0.cgi)... failed: Name or service not known.
wget: unable to resolve host address ‘pc_fetch_aid1322996_activities_0.cgi’
FINISHED --2019-06-20 20:40:25--
Total wall clock time: 0.4s
Downloaded: 1 files, 82 in 0.001s (85.9 KB/s)
