--2019-06-20 22:36:13--  ftp://ftp-private.ncbi.nlm.nih.gov/pubchem/.fetch/64/41897256861712202.txt.gz
           => ‘41897256861712202.txt.gz’
Resolving ftp-private.ncbi.nlm.nih.gov (ftp-private.ncbi.nlm.nih.gov)... 130.14.29.30
Connecting to ftp-private.ncbi.nlm.nih.gov (ftp-private.ncbi.nlm.nih.gov)|130.14.29.30|:21... connected.
Logging in as anonymous ... Logged in!
==> SYST ... done.    ==> PWD ... done.
==> TYPE I ... done.  ==> CWD (1) /pubchem/.fetch/64 ... done.
==> SIZE 41897256861712202.txt.gz ... 152
==> PASV ... done.    ==> RETR 41897256861712202.txt.gz ... done.
Length: 152 (unauthoritative)

     0K                                                       100%  128K=0.001s

2019-06-20 22:36:14 (128 KB/s) - ‘41897256861712202.txt.gz’ saved [152]

--2019-06-20 22:36:14--  http://query/
Resolving query (query)... failed: Name or service not known.
wget: unable to resolve host address ‘query’
--2019-06-20 22:36:14--  ftp://xml/
           => ‘.listing’
Resolving xml (xml)... failed: Name or service not known.
wget: unable to resolve host address ‘xml’
--2019-06-20 22:36:14--  http://pc_fetch_aid526319_activities_0.cgi/
Resolving pc_fetch_aid526319_activities_0.cgi (pc_fetch_aid526319_activities_0.cgi)... failed: Name or service not known.
wget: unable to resolve host address ‘pc_fetch_aid526319_activities_0.cgi’
FINISHED --2019-06-20 22:36:14--
Total wall clock time: 0.4s
Downloaded: 1 files, 152 in 0.001s (128 KB/s)
