--2019-06-20 22:19:02--  ftp://ftp-private.ncbi.nlm.nih.gov/pubchem/.fetch/17/949398855725273672.txt.gz
           => ‘949398855725273672.txt.gz’
Resolving ftp-private.ncbi.nlm.nih.gov (ftp-private.ncbi.nlm.nih.gov)... 130.14.29.30
Connecting to ftp-private.ncbi.nlm.nih.gov (ftp-private.ncbi.nlm.nih.gov)|130.14.29.30|:21... connected.
Logging in as anonymous ... Logged in!
==> SYST ... done.    ==> PWD ... done.
==> TYPE I ... done.  ==> CWD (1) /pubchem/.fetch/17 ... done.
==> SIZE 949398855725273672.txt.gz ... 134
==> PASV ... done.    ==> RETR 949398855725273672.txt.gz ... done.
Length: 134 (unauthoritative)

     0K                                                       100%  141K=0.001s

2019-06-20 22:19:02 (141 KB/s) - ‘949398855725273672.txt.gz’ saved [134]

--2019-06-20 22:19:02--  http://query/
Resolving query (query)... failed: Name or service not known.
wget: unable to resolve host address ‘query’
--2019-06-20 22:19:02--  ftp://xml/
           => ‘.listing’
Resolving xml (xml)... failed: Name or service not known.
wget: unable to resolve host address ‘xml’
--2019-06-20 22:19:02--  http://pc_fetch_aid491824_activities_0.cgi/
Resolving pc_fetch_aid491824_activities_0.cgi (pc_fetch_aid491824_activities_0.cgi)... failed: Name or service not known.
wget: unable to resolve host address ‘pc_fetch_aid491824_activities_0.cgi’
FINISHED --2019-06-20 22:19:02--
Total wall clock time: 0.4s
Downloaded: 1 files, 134 in 0.001s (141 KB/s)
