--2019-06-20 19:51:02--  ftp://ftp-private.ncbi.nlm.nih.gov/pubchem/.fetch/54/3946550780446763829.txt.gz
           => ‘3946550780446763829.txt.gz’
Resolving ftp-private.ncbi.nlm.nih.gov (ftp-private.ncbi.nlm.nih.gov)... 130.14.29.30
Connecting to ftp-private.ncbi.nlm.nih.gov (ftp-private.ncbi.nlm.nih.gov)|130.14.29.30|:21... connected.
Logging in as anonymous ... Logged in!
==> SYST ... done.    ==> PWD ... done.
==> TYPE I ... done.  ==> CWD (1) /pubchem/.fetch/54 ... done.
==> SIZE 3946550780446763829.txt.gz ... 70
==> PASV ... done.    ==> RETR 3946550780446763829.txt.gz ... done.
Length: 70 (unauthoritative)

     0K                                                       100% 76.6K=0.001s

2019-06-20 19:51:02 (76.6 KB/s) - ‘3946550780446763829.txt.gz’ saved [70]

--2019-06-20 19:51:02--  http://query/
Resolving query (query)... failed: Name or service not known.
wget: unable to resolve host address ‘query’
--2019-06-20 19:51:02--  ftp://xml/
           => ‘.listing’
Resolving xml (xml)... failed: Name or service not known.
wget: unable to resolve host address ‘xml’
--2019-06-20 19:51:02--  http://pc_fetch_aid1284117_activities_0.cgi/
Resolving pc_fetch_aid1284117_activities_0.cgi (pc_fetch_aid1284117_activities_0.cgi)... failed: Name or service not known.
wget: unable to resolve host address ‘pc_fetch_aid1284117_activities_0.cgi’
FINISHED --2019-06-20 19:51:02--
Total wall clock time: 0.6s
Downloaded: 1 files, 70 in 0.001s (76.6 KB/s)
