--2019-06-20 22:18:02--  ftp://ftp-private.ncbi.nlm.nih.gov/pubchem/.fetch/1/883917554388860962.txt.gz
           => ‘883917554388860962.txt.gz’
Resolving ftp-private.ncbi.nlm.nih.gov (ftp-private.ncbi.nlm.nih.gov)... 130.14.29.35
Connecting to ftp-private.ncbi.nlm.nih.gov (ftp-private.ncbi.nlm.nih.gov)|130.14.29.35|:21... connected.
Logging in as anonymous ... Logged in!
==> SYST ... done.    ==> PWD ... done.
==> TYPE I ... done.  ==> CWD (1) /pubchem/.fetch/1 ... done.
==> SIZE 883917554388860962.txt.gz ... 180
==> PASV ... done.    ==> RETR 883917554388860962.txt.gz ... done.
Length: 180 (unauthoritative)

     0K                                                       100%  156K=0.001s

2019-06-20 22:18:02 (156 KB/s) - ‘883917554388860962.txt.gz’ saved [180]

--2019-06-20 22:18:02--  http://query/
Resolving query (query)... failed: Name or service not known.
wget: unable to resolve host address ‘query’
--2019-06-20 22:18:02--  ftp://xml/
           => ‘.listing’
Resolving xml (xml)... failed: Name or service not known.
wget: unable to resolve host address ‘xml’
--2019-06-20 22:18:02--  http://pc_fetch_aid491815_activities_0.cgi/
Resolving pc_fetch_aid491815_activities_0.cgi (pc_fetch_aid491815_activities_0.cgi)... failed: Name or service not known.
wget: unable to resolve host address ‘pc_fetch_aid491815_activities_0.cgi’
FINISHED --2019-06-20 22:18:03--
Total wall clock time: 0.4s
Downloaded: 1 files, 180 in 0.001s (156 KB/s)
