--2019-06-20 17:37:27--  ftp://ftp-private.ncbi.nlm.nih.gov/pubchem/.fetch/92/3714958020313551873.txt.gz
           => ‘3714958020313551873.txt.gz’
Resolving ftp-private.ncbi.nlm.nih.gov (ftp-private.ncbi.nlm.nih.gov)... 130.14.29.30
Connecting to ftp-private.ncbi.nlm.nih.gov (ftp-private.ncbi.nlm.nih.gov)|130.14.29.30|:21... connected.
Logging in as anonymous ... Logged in!
==> SYST ... done.    ==> PWD ... done.
==> TYPE I ... done.  ==> CWD (1) /pubchem/.fetch/92 ... done.
==> SIZE 3714958020313551873.txt.gz ... 80
==> PASV ... done.    ==> RETR 3714958020313551873.txt.gz ... done.
Length: 80 (unauthoritative)

     0K                                                       100% 86.4K=0.001s

2019-06-20 17:37:27 (86.4 KB/s) - ‘3714958020313551873.txt.gz’ saved [80]

--2019-06-20 17:37:27--  http://query/
Resolving query (query)... failed: Name or service not known.
wget: unable to resolve host address ‘query’
--2019-06-20 17:37:27--  ftp://xml/
           => ‘.listing’
Resolving xml (xml)... failed: Name or service not known.
wget: unable to resolve host address ‘xml’
--2019-06-20 17:37:27--  http://pc_fetch_aid1138467_activities_0.cgi/
Resolving pc_fetch_aid1138467_activities_0.cgi (pc_fetch_aid1138467_activities_0.cgi)... failed: Name or service not known.
wget: unable to resolve host address ‘pc_fetch_aid1138467_activities_0.cgi’
FINISHED --2019-06-20 17:37:27--
Total wall clock time: 0.6s
Downloaded: 1 files, 80 in 0.001s (86.4 KB/s)
