--2019-06-20 23:29:37--  ftp://ftp-private.ncbi.nlm.nih.gov/pubchem/.fetch/63/3024492588051801888.txt.gz
           => ‘3024492588051801888.txt.gz’
Resolving ftp-private.ncbi.nlm.nih.gov (ftp-private.ncbi.nlm.nih.gov)... 130.14.29.30
Connecting to ftp-private.ncbi.nlm.nih.gov (ftp-private.ncbi.nlm.nih.gov)|130.14.29.30|:21... connected.
Logging in as anonymous ... Logged in!
==> SYST ... done.    ==> PWD ... done.
==> TYPE I ... done.  ==> CWD (1) /pubchem/.fetch/63 ... done.
==> SIZE 3024492588051801888.txt.gz ... 68
==> PASV ... done.    ==> RETR 3024492588051801888.txt.gz ... done.
Length: 68 (unauthoritative)

     0K                                                       100% 92.4K=0.001s

2019-06-20 23:29:37 (92.4 KB/s) - ‘3024492588051801888.txt.gz’ saved [68]

--2019-06-20 23:29:37--  http://query/
Resolving query (query)... failed: Name or service not known.
wget: unable to resolve host address ‘query’
--2019-06-20 23:29:37--  ftp://xml/
           => ‘.listing’
Resolving xml (xml)... failed: Name or service not known.
wget: unable to resolve host address ‘xml’
--2019-06-20 23:29:37--  http://pc_fetch_aid675248_activities_0.cgi/
Resolving pc_fetch_aid675248_activities_0.cgi (pc_fetch_aid675248_activities_0.cgi)... failed: Name or service not known.
wget: unable to resolve host address ‘pc_fetch_aid675248_activities_0.cgi’
FINISHED --2019-06-20 23:29:38--
Total wall clock time: 1.3s
Downloaded: 1 files, 68 in 0.001s (92.4 KB/s)
