--2019-06-20 21:43:08--  ftp://ftp-private.ncbi.nlm.nih.gov/pubchem/.fetch/72/2120953504010422868.txt.gz
           => ‘2120953504010422868.txt.gz’
Resolving ftp-private.ncbi.nlm.nih.gov (ftp-private.ncbi.nlm.nih.gov)... 130.14.29.30
Connecting to ftp-private.ncbi.nlm.nih.gov (ftp-private.ncbi.nlm.nih.gov)|130.14.29.30|:21... connected.
Logging in as anonymous ... Logged in!
==> SYST ... done.    ==> PWD ... done.
==> TYPE I ... done.  ==> CWD (1) /pubchem/.fetch/72 ... done.
==> SIZE 2120953504010422868.txt.gz ... 75
==> PASV ... done.    ==> RETR 2120953504010422868.txt.gz ... done.
Length: 75 (unauthoritative)

     0K                                                       100% 94.4K=0.001s

2019-06-20 21:43:08 (94.4 KB/s) - ‘2120953504010422868.txt.gz’ saved [75]

--2019-06-20 21:43:08--  http://query/
Resolving query (query)... failed: Name or service not known.
wget: unable to resolve host address ‘query’
--2019-06-20 21:43:08--  ftp://xml/
           => ‘.listing’
Resolving xml (xml)... failed: Name or service not known.
wget: unable to resolve host address ‘xml’
--2019-06-20 21:43:08--  http://pc_fetch_aid384229_activities_0.cgi/
Resolving pc_fetch_aid384229_activities_0.cgi (pc_fetch_aid384229_activities_0.cgi)... failed: Name or service not known.
wget: unable to resolve host address ‘pc_fetch_aid384229_activities_0.cgi’
FINISHED --2019-06-20 21:43:08--
Total wall clock time: 0.5s
Downloaded: 1 files, 75 in 0.001s (94.4 KB/s)
