--2019-06-20 23:06:58--  ftp://ftp-private.ncbi.nlm.nih.gov/pubchem/.fetch/40/3135571482752838307.txt.gz
           => ‘3135571482752838307.txt.gz’
Resolving ftp-private.ncbi.nlm.nih.gov (ftp-private.ncbi.nlm.nih.gov)... 130.14.29.30
Connecting to ftp-private.ncbi.nlm.nih.gov (ftp-private.ncbi.nlm.nih.gov)|130.14.29.30|:21... connected.
Logging in as anonymous ... Logged in!
==> SYST ... done.    ==> PWD ... done.
==> TYPE I ... done.  ==> CWD (1) /pubchem/.fetch/40 ... done.
==> SIZE 3135571482752838307.txt.gz ... 105
==> PASV ... done.    ==> RETR 3135571482752838307.txt.gz ... done.
Length: 105 (unauthoritative)

     0K                                                       100%  121K=0.001s

2019-06-20 23:06:59 (121 KB/s) - ‘3135571482752838307.txt.gz’ saved [105]

--2019-06-20 23:06:59--  http://query/
Resolving query (query)... failed: Name or service not known.
wget: unable to resolve host address ‘query’
--2019-06-20 23:06:59--  ftp://xml/
           => ‘.listing’
Resolving xml (xml)... failed: Name or service not known.
wget: unable to resolve host address ‘xml’
--2019-06-20 23:06:59--  http://pc_fetch_aid627229_activities_0.cgi/
Resolving pc_fetch_aid627229_activities_0.cgi (pc_fetch_aid627229_activities_0.cgi)... failed: Name or service not known.
wget: unable to resolve host address ‘pc_fetch_aid627229_activities_0.cgi’
FINISHED --2019-06-20 23:06:59--
Total wall clock time: 0.5s
Downloaded: 1 files, 105 in 0.001s (121 KB/s)
