--2019-06-20 22:43:17--  ftp://ftp-private.ncbi.nlm.nih.gov/pubchem/.fetch/31/3123421015367867951.txt.gz
           => ‘3123421015367867951.txt.gz’
Resolving ftp-private.ncbi.nlm.nih.gov (ftp-private.ncbi.nlm.nih.gov)... 130.14.29.35
Connecting to ftp-private.ncbi.nlm.nih.gov (ftp-private.ncbi.nlm.nih.gov)|130.14.29.35|:21... connected.
Logging in as anonymous ... Logged in!
==> SYST ... done.    ==> PWD ... done.
==> TYPE I ... done.  ==> CWD (1) /pubchem/.fetch/31 ... done.
==> SIZE 3123421015367867951.txt.gz ... 226
==> PASV ... done.    ==> RETR 3123421015367867951.txt.gz ... done.
Length: 226 (unauthoritative)

     0K                                                       100%  169K=0.001s

2019-06-20 22:43:18 (169 KB/s) - ‘3123421015367867951.txt.gz’ saved [226]

--2019-06-20 22:43:18--  http://query/
Resolving query (query)... failed: Name or service not known.
wget: unable to resolve host address ‘query’
--2019-06-20 22:43:18--  ftp://xml/
           => ‘.listing’
Resolving xml (xml)... failed: Name or service not known.
wget: unable to resolve host address ‘xml’
--2019-06-20 22:43:18--  http://pc_fetch_aid549146_activities_0.cgi/
Resolving pc_fetch_aid549146_activities_0.cgi (pc_fetch_aid549146_activities_0.cgi)... failed: Name or service not known.
wget: unable to resolve host address ‘pc_fetch_aid549146_activities_0.cgi’
FINISHED --2019-06-20 22:43:18--
Total wall clock time: 1.2s
Downloaded: 1 files, 226 in 0.001s (169 KB/s)
