--2019-06-20 22:17:20--  ftp://ftp-private.ncbi.nlm.nih.gov/pubchem/.fetch/86/90071668739209386.txt.gz
           => ‘90071668739209386.txt.gz’
Resolving ftp-private.ncbi.nlm.nih.gov (ftp-private.ncbi.nlm.nih.gov)... 130.14.29.30
Connecting to ftp-private.ncbi.nlm.nih.gov (ftp-private.ncbi.nlm.nih.gov)|130.14.29.30|:21... connected.
Logging in as anonymous ... Logged in!
==> SYST ... done.    ==> PWD ... done.
==> TYPE I ... done.  ==> CWD (1) /pubchem/.fetch/86 ... done.
==> SIZE 90071668739209386.txt.gz ... 100
==> PASV ... done.    ==> RETR 90071668739209386.txt.gz ... done.
Length: 100 (unauthoritative)

     0K                                                       100%  111K=0.001s

2019-06-20 22:17:21 (111 KB/s) - ‘90071668739209386.txt.gz’ saved [100]

--2019-06-20 22:17:21--  http://query/
Resolving query (query)... failed: Name or service not known.
wget: unable to resolve host address ‘query’
--2019-06-20 22:17:21--  ftp://xml/
           => ‘.listing’
Resolving xml (xml)... failed: Name or service not known.
wget: unable to resolve host address ‘xml’
--2019-06-20 22:17:21--  http://pc_fetch_aid491808_activities_0.cgi/
Resolving pc_fetch_aid491808_activities_0.cgi (pc_fetch_aid491808_activities_0.cgi)... failed: Name or service not known.
wget: unable to resolve host address ‘pc_fetch_aid491808_activities_0.cgi’
FINISHED --2019-06-20 22:17:21--
Total wall clock time: 0.8s
Downloaded: 1 files, 100 in 0.001s (111 KB/s)
