--2019-06-20 22:57:46--  ftp://ftp-private.ncbi.nlm.nih.gov/pubchem/.fetch/93/3844522185413256536.txt.gz
           => ‘3844522185413256536.txt.gz’
Resolving ftp-private.ncbi.nlm.nih.gov (ftp-private.ncbi.nlm.nih.gov)... 130.14.29.30
Connecting to ftp-private.ncbi.nlm.nih.gov (ftp-private.ncbi.nlm.nih.gov)|130.14.29.30|:21... connected.
Logging in as anonymous ... Logged in!
==> SYST ... done.    ==> PWD ... done.
==> TYPE I ... done.  ==> CWD (1) /pubchem/.fetch/93 ... done.
==> SIZE 3844522185413256536.txt.gz ... 141
==> PASV ... done.    ==> RETR 3844522185413256536.txt.gz ... done.
Length: 141 (unauthoritative)

     0K                                                       100%  136K=0.001s

2019-06-20 22:57:47 (136 KB/s) - ‘3844522185413256536.txt.gz’ saved [141]

--2019-06-20 22:57:47--  http://query/
Resolving query (query)... failed: Name or service not known.
wget: unable to resolve host address ‘query’
--2019-06-20 22:57:47--  ftp://xml/
           => ‘.listing’
Resolving xml (xml)... failed: Name or service not known.
wget: unable to resolve host address ‘xml’
--2019-06-20 22:57:47--  http://pc_fetch_aid608122_activities_0.cgi/
Resolving pc_fetch_aid608122_activities_0.cgi (pc_fetch_aid608122_activities_0.cgi)... failed: Name or service not known.
wget: unable to resolve host address ‘pc_fetch_aid608122_activities_0.cgi’
FINISHED --2019-06-20 22:57:47--
Total wall clock time: 0.5s
Downloaded: 1 files, 141 in 0.001s (136 KB/s)
