--2019-06-20 21:31:00--  ftp://ftp-private.ncbi.nlm.nih.gov/pubchem/.fetch/59/3327371967349018824.txt.gz
           => ‘3327371967349018824.txt.gz’
Resolving ftp-private.ncbi.nlm.nih.gov (ftp-private.ncbi.nlm.nih.gov)... 130.14.29.35
Connecting to ftp-private.ncbi.nlm.nih.gov (ftp-private.ncbi.nlm.nih.gov)|130.14.29.35|:21... connected.
Logging in as anonymous ... Logged in!
==> SYST ... done.    ==> PWD ... done.
==> TYPE I ... done.  ==> CWD (1) /pubchem/.fetch/59 ... done.
==> SIZE 3327371967349018824.txt.gz ... 78
==> PASV ... done.    ==> RETR 3327371967349018824.txt.gz ... done.
Length: 78 (unauthoritative)

     0K                                                       100% 81.6K=0.001s

2019-06-20 21:31:01 (81.6 KB/s) - ‘3327371967349018824.txt.gz’ saved [78]

--2019-06-20 21:31:01--  http://query/
Resolving query (query)... failed: Name or service not known.
wget: unable to resolve host address ‘query’
--2019-06-20 21:31:01--  ftp://xml/
           => ‘.listing’
Resolving xml (xml)... failed: Name or service not known.
wget: unable to resolve host address ‘xml’
--2019-06-20 21:31:01--  http://pc_fetch_aid340572_activities_0.cgi/
Resolving pc_fetch_aid340572_activities_0.cgi (pc_fetch_aid340572_activities_0.cgi)... failed: Name or service not known.
wget: unable to resolve host address ‘pc_fetch_aid340572_activities_0.cgi’
FINISHED --2019-06-20 21:31:01--
Total wall clock time: 0.5s
Downloaded: 1 files, 78 in 0.001s (81.6 KB/s)
