--2019-06-20 19:44:19--  ftp://ftp-private.ncbi.nlm.nih.gov/pubchem/.fetch/30/931403129613606825.txt.gz
           => ‘931403129613606825.txt.gz’
Resolving ftp-private.ncbi.nlm.nih.gov (ftp-private.ncbi.nlm.nih.gov)... 130.14.29.30
Connecting to ftp-private.ncbi.nlm.nih.gov (ftp-private.ncbi.nlm.nih.gov)|130.14.29.30|:21... connected.
Logging in as anonymous ... Logged in!
==> SYST ... done.    ==> PWD ... done.
==> TYPE I ... done.  ==> CWD (1) /pubchem/.fetch/30 ... done.
==> SIZE 931403129613606825.txt.gz ... 70
==> PASV ... done.    ==> RETR 931403129613606825.txt.gz ... done.
Length: 70 (unauthoritative)

     0K                                                       100%  107K=0.001s

2019-06-20 19:44:19 (107 KB/s) - ‘931403129613606825.txt.gz’ saved [70]

--2019-06-20 19:44:19--  http://query/
Resolving query (query)... failed: Name or service not known.
wget: unable to resolve host address ‘query’
--2019-06-20 19:44:19--  ftp://xml/
           => ‘.listing’
Resolving xml (xml)... failed: Name or service not known.
wget: unable to resolve host address ‘xml’
--2019-06-20 19:44:19--  http://pc_fetch_aid1277120_activities_0.cgi/
Resolving pc_fetch_aid1277120_activities_0.cgi (pc_fetch_aid1277120_activities_0.cgi)... failed: Name or service not known.
wget: unable to resolve host address ‘pc_fetch_aid1277120_activities_0.cgi’
FINISHED --2019-06-20 19:44:19--
Total wall clock time: 0.4s
Downloaded: 1 files, 70 in 0.001s (107 KB/s)
