--2019-06-20 21:01:27--  ftp://ftp-private.ncbi.nlm.nih.gov/pubchem/.fetch/60/419095814966612794.txt.gz
           => ‘419095814966612794.txt.gz’
Resolving ftp-private.ncbi.nlm.nih.gov (ftp-private.ncbi.nlm.nih.gov)... 130.14.29.30
Connecting to ftp-private.ncbi.nlm.nih.gov (ftp-private.ncbi.nlm.nih.gov)|130.14.29.30|:21... connected.
Logging in as anonymous ... Logged in!
==> SYST ... done.    ==> PWD ... done.
==> TYPE I ... done.  ==> CWD (1) /pubchem/.fetch/60 ... done.
==> SIZE 419095814966612794.txt.gz ... 91
==> PASV ... done.    ==> RETR 419095814966612794.txt.gz ... done.
Length: 91 (unauthoritative)

     0K                                                       100% 5.30K=0.02s

2019-06-20 21:01:27 (5.30 KB/s) - ‘419095814966612794.txt.gz’ saved [91]

--2019-06-20 21:01:27--  http://query/
Resolving query (query)... failed: Name or service not known.
wget: unable to resolve host address ‘query’
--2019-06-20 21:01:27--  ftp://xml/
           => ‘.listing’
Resolving xml (xml)... failed: Name or service not known.
wget: unable to resolve host address ‘xml’
--2019-06-20 21:01:27--  http://pc_fetch_aid1335708_activities_0.cgi/
Resolving pc_fetch_aid1335708_activities_0.cgi (pc_fetch_aid1335708_activities_0.cgi)... failed: Name or service not known.
wget: unable to resolve host address ‘pc_fetch_aid1335708_activities_0.cgi’
FINISHED --2019-06-20 21:01:27--
Total wall clock time: 0.5s
Downloaded: 1 files, 91 in 0.02s (5.30 KB/s)
