--2019-06-20 20:19:03--  ftp://ftp-private.ncbi.nlm.nih.gov/pubchem/.fetch/93/3120348323247012361.txt.gz
           => ‘3120348323247012361.txt.gz’
Resolving ftp-private.ncbi.nlm.nih.gov (ftp-private.ncbi.nlm.nih.gov)... 130.14.29.35
Connecting to ftp-private.ncbi.nlm.nih.gov (ftp-private.ncbi.nlm.nih.gov)|130.14.29.35|:21... connected.
Logging in as anonymous ... Logged in!
==> SYST ... done.    ==> PWD ... done.
==> TYPE I ... done.  ==> CWD (1) /pubchem/.fetch/93 ... done.
==> SIZE 3120348323247012361.txt.gz ... 72
==> PASV ... done.    ==> RETR 3120348323247012361.txt.gz ... done.
Length: 72 (unauthoritative)

     0K                                                       100% 84.3K=0.001s

2019-06-20 20:19:04 (84.3 KB/s) - ‘3120348323247012361.txt.gz’ saved [72]

--2019-06-20 20:19:04--  http://query/
Resolving query (query)... failed: Name or service not known.
wget: unable to resolve host address ‘query’
--2019-06-20 20:19:04--  ftp://xml/
           => ‘.listing’
Resolving xml (xml)... failed: Name or service not known.
wget: unable to resolve host address ‘xml’
--2019-06-20 20:19:04--  http://pc_fetch_aid1308576_activities_0.cgi/
Resolving pc_fetch_aid1308576_activities_0.cgi (pc_fetch_aid1308576_activities_0.cgi)... failed: Name or service not known.
wget: unable to resolve host address ‘pc_fetch_aid1308576_activities_0.cgi’
FINISHED --2019-06-20 20:19:04--
Total wall clock time: 0.8s
Downloaded: 1 files, 72 in 0.001s (84.3 KB/s)
