--2019-06-20 23:25:42--  ftp://ftp-private.ncbi.nlm.nih.gov/pubchem/.fetch/62/1035318641937229768.txt.gz
           => ‘1035318641937229768.txt.gz’
Resolving ftp-private.ncbi.nlm.nih.gov (ftp-private.ncbi.nlm.nih.gov)... 130.14.29.35
Connecting to ftp-private.ncbi.nlm.nih.gov (ftp-private.ncbi.nlm.nih.gov)|130.14.29.35|:21... connected.
Logging in as anonymous ... Logged in!
==> SYST ... done.    ==> PWD ... done.
==> TYPE I ... done.  ==> CWD (1) /pubchem/.fetch/62 ... done.
==> SIZE 1035318641937229768.txt.gz ... 74
==> PASV ... done.    ==> RETR 1035318641937229768.txt.gz ... done.
Length: 74 (unauthoritative)

     0K                                                       100% 81.8K=0.001s

2019-06-20 23:25:43 (81.8 KB/s) - ‘1035318641937229768.txt.gz’ saved [74]

--2019-06-20 23:25:43--  http://query/
Resolving query (query)... failed: Name or service not known.
wget: unable to resolve host address ‘query’
--2019-06-20 23:25:43--  ftp://xml/
           => ‘.listing’
Resolving xml (xml)... failed: Name or service not known.
wget: unable to resolve host address ‘xml’
--2019-06-20 23:25:43--  http://pc_fetch_aid647486_activities_0.cgi/
Resolving pc_fetch_aid647486_activities_0.cgi (pc_fetch_aid647486_activities_0.cgi)... failed: Name or service not known.
wget: unable to resolve host address ‘pc_fetch_aid647486_activities_0.cgi’
FINISHED --2019-06-20 23:25:43--
Total wall clock time: 0.8s
Downloaded: 1 files, 74 in 0.001s (81.8 KB/s)
