--2019-06-20 23:11:03--  ftp://ftp-private.ncbi.nlm.nih.gov/pubchem/.fetch/51/1306480575636239348.txt.gz
           => ‘1306480575636239348.txt.gz’
Resolving ftp-private.ncbi.nlm.nih.gov (ftp-private.ncbi.nlm.nih.gov)... 130.14.29.35
Connecting to ftp-private.ncbi.nlm.nih.gov (ftp-private.ncbi.nlm.nih.gov)|130.14.29.35|:21... connected.
Logging in as anonymous ... Logged in!
==> SYST ... done.    ==> PWD ... done.
==> TYPE I ... done.  ==> CWD (1) /pubchem/.fetch/51 ... done.
==> SIZE 1306480575636239348.txt.gz ... 453
==> PASV ... done.    ==> RETR 1306480575636239348.txt.gz ... done.
Length: 453 (unauthoritative)

     0K                                                       100%  263K=0.002s

2019-06-20 23:11:03 (263 KB/s) - ‘1306480575636239348.txt.gz’ saved [453]

--2019-06-20 23:11:03--  http://query/
Resolving query (query)... failed: Name or service not known.
wget: unable to resolve host address ‘query’
--2019-06-20 23:11:03--  ftp://xml/
           => ‘.listing’
Resolving xml (xml)... failed: Name or service not known.
wget: unable to resolve host address ‘xml’
--2019-06-20 23:11:03--  http://pc_fetch_aid635957_activities_0.cgi/
Resolving pc_fetch_aid635957_activities_0.cgi (pc_fetch_aid635957_activities_0.cgi)... failed: Name or service not known.
wget: unable to resolve host address ‘pc_fetch_aid635957_activities_0.cgi’
FINISHED --2019-06-20 23:11:03--
Total wall clock time: 0.6s
Downloaded: 1 files, 453 in 0.002s (263 KB/s)
