--2019-06-20 22:28:39--  ftp://ftp-private.ncbi.nlm.nih.gov/pubchem/.fetch/47/2709654956535678249.txt.gz
           => ‘2709654956535678249.txt.gz’
Resolving ftp-private.ncbi.nlm.nih.gov (ftp-private.ncbi.nlm.nih.gov)... 130.14.29.30
Connecting to ftp-private.ncbi.nlm.nih.gov (ftp-private.ncbi.nlm.nih.gov)|130.14.29.30|:21... connected.
Logging in as anonymous ... Logged in!
==> SYST ... done.    ==> PWD ... done.
==> TYPE I ... done.  ==> CWD (1) /pubchem/.fetch/47 ... done.
==> SIZE 2709654956535678249.txt.gz ... 89
==> PASV ... done.    ==> RETR 2709654956535678249.txt.gz ... done.
Length: 89 (unauthoritative)

     0K                                                       100% 99.9K=0.001s

2019-06-20 22:28:40 (99.9 KB/s) - ‘2709654956535678249.txt.gz’ saved [89]

--2019-06-20 22:28:40--  http://query/
Resolving query (query)... failed: Name or service not known.
wget: unable to resolve host address ‘query’
--2019-06-20 22:28:40--  ftp://xml/
           => ‘.listing’
Resolving xml (xml)... failed: Name or service not known.
wget: unable to resolve host address ‘xml’
--2019-06-20 22:28:40--  http://pc_fetch_aid503320_activities_0.cgi/
Resolving pc_fetch_aid503320_activities_0.cgi (pc_fetch_aid503320_activities_0.cgi)... failed: Name or service not known.
wget: unable to resolve host address ‘pc_fetch_aid503320_activities_0.cgi’
FINISHED --2019-06-20 22:28:40--
Total wall clock time: 0.6s
Downloaded: 1 files, 89 in 0.001s (99.9 KB/s)
