--2019-06-20 18:41:20--  ftp://ftp-private.ncbi.nlm.nih.gov/pubchem/.fetch/54/2219471024600407975.txt.gz
           => ‘2219471024600407975.txt.gz’
Resolving ftp-private.ncbi.nlm.nih.gov (ftp-private.ncbi.nlm.nih.gov)... 130.14.29.35
Connecting to ftp-private.ncbi.nlm.nih.gov (ftp-private.ncbi.nlm.nih.gov)|130.14.29.35|:21... connected.
Logging in as anonymous ... Logged in!
==> SYST ... done.    ==> PWD ... done.
==> TYPE I ... done.  ==> CWD (1) /pubchem/.fetch/54 ... done.
==> SIZE 2219471024600407975.txt.gz ... 250
==> PASV ... done.    ==> RETR 2219471024600407975.txt.gz ... done.
Length: 250 (unauthoritative)

     0K                                                       100%  180K=0.001s

2019-06-20 18:41:21 (180 KB/s) - ‘2219471024600407975.txt.gz’ saved [250]

--2019-06-20 18:41:21--  http://query/
Resolving query (query)... failed: Name or service not known.
wget: unable to resolve host address ‘query’
--2019-06-20 18:41:21--  ftp://xml/
           => ‘.listing’
Resolving xml (xml)... failed: Name or service not known.
wget: unable to resolve host address ‘xml’
--2019-06-20 18:41:21--  http://pc_fetch_aid1187277_activities_0.cgi/
Resolving pc_fetch_aid1187277_activities_0.cgi (pc_fetch_aid1187277_activities_0.cgi)... failed: Name or service not known.
wget: unable to resolve host address ‘pc_fetch_aid1187277_activities_0.cgi’
FINISHED --2019-06-20 18:41:22--
Total wall clock time: 1.2s
Downloaded: 1 files, 250 in 0.001s (180 KB/s)
