--2019-06-20 20:45:42--  ftp://ftp-private.ncbi.nlm.nih.gov/pubchem/.fetch/42/2087755366111238221.txt.gz
           => ‘2087755366111238221.txt.gz’
Resolving ftp-private.ncbi.nlm.nih.gov (ftp-private.ncbi.nlm.nih.gov)... 130.14.29.30
Connecting to ftp-private.ncbi.nlm.nih.gov (ftp-private.ncbi.nlm.nih.gov)|130.14.29.30|:21... connected.
Logging in as anonymous ... Logged in!
==> SYST ... done.    ==> PWD ... done.
==> TYPE I ... done.  ==> CWD (1) /pubchem/.fetch/42 ... done.
==> SIZE 2087755366111238221.txt.gz ... 112
==> PASV ... done.    ==> RETR 2087755366111238221.txt.gz ... done.
Length: 112 (unauthoritative)

     0K                                                       100%  106K=0.001s

2019-06-20 20:45:42 (106 KB/s) - ‘2087755366111238221.txt.gz’ saved [112]

--2019-06-20 20:45:42--  http://query/
Resolving query (query)... failed: Name or service not known.
wget: unable to resolve host address ‘query’
--2019-06-20 20:45:42--  ftp://xml/
           => ‘.listing’
Resolving xml (xml)... failed: Name or service not known.
wget: unable to resolve host address ‘xml’
--2019-06-20 20:45:42--  http://pc_fetch_aid1323048_activities_0.cgi/
Resolving pc_fetch_aid1323048_activities_0.cgi (pc_fetch_aid1323048_activities_0.cgi)... failed: Name or service not known.
wget: unable to resolve host address ‘pc_fetch_aid1323048_activities_0.cgi’
FINISHED --2019-06-20 20:45:42--
Total wall clock time: 0.4s
Downloaded: 1 files, 112 in 0.001s (106 KB/s)
