--2019-06-20 19:53:08--  ftp://ftp-private.ncbi.nlm.nih.gov/pubchem/.fetch/40/609021680928782279.txt.gz
           => ‘609021680928782279.txt.gz’
Resolving ftp-private.ncbi.nlm.nih.gov (ftp-private.ncbi.nlm.nih.gov)... 130.14.29.35
Connecting to ftp-private.ncbi.nlm.nih.gov (ftp-private.ncbi.nlm.nih.gov)|130.14.29.35|:21... connected.
Logging in as anonymous ... Logged in!
==> SYST ... done.    ==> PWD ... done.
==> TYPE I ... done.  ==> CWD (1) /pubchem/.fetch/40 ... done.
==> SIZE 609021680928782279.txt.gz ... 68
==> PASV ... done.    ==> RETR 609021680928782279.txt.gz ... done.
Length: 68 (unauthoritative)

     0K                                                       100% 80.3K=0.001s

2019-06-20 19:53:08 (80.3 KB/s) - ‘609021680928782279.txt.gz’ saved [68]

--2019-06-20 19:53:08--  http://query/
Resolving query (query)... failed: Name or service not known.
wget: unable to resolve host address ‘query’
--2019-06-20 19:53:08--  ftp://xml/
           => ‘.listing’
Resolving xml (xml)... failed: Name or service not known.
wget: unable to resolve host address ‘xml’
--2019-06-20 19:53:08--  http://pc_fetch_aid1287165_activities_0.cgi/
Resolving pc_fetch_aid1287165_activities_0.cgi (pc_fetch_aid1287165_activities_0.cgi)... failed: Name or service not known.
wget: unable to resolve host address ‘pc_fetch_aid1287165_activities_0.cgi’
FINISHED --2019-06-20 19:53:08--
Total wall clock time: 0.7s
Downloaded: 1 files, 68 in 0.001s (80.3 KB/s)
