--2019-06-20 18:44:14--  ftp://ftp-private.ncbi.nlm.nih.gov/pubchem/.fetch/81/3755479366492210157.txt.gz
           => ‘3755479366492210157.txt.gz’
Resolving ftp-private.ncbi.nlm.nih.gov (ftp-private.ncbi.nlm.nih.gov)... 130.14.29.30
Connecting to ftp-private.ncbi.nlm.nih.gov (ftp-private.ncbi.nlm.nih.gov)|130.14.29.30|:21... connected.
Logging in as anonymous ... Logged in!
==> SYST ... done.    ==> PWD ... done.
==> TYPE I ... done.  ==> CWD (1) /pubchem/.fetch/81 ... done.
==> SIZE 3755479366492210157.txt.gz ... 64
==> PASV ... done.    ==> RETR 3755479366492210157.txt.gz ... done.
Length: 64 (unauthoritative)

     0K                                                       100% 70.1K=0.001s

2019-06-20 18:44:14 (70.1 KB/s) - ‘3755479366492210157.txt.gz’ saved [64]

--2019-06-20 18:44:14--  http://query/
Resolving query (query)... failed: Name or service not known.
wget: unable to resolve host address ‘query’
--2019-06-20 18:44:14--  ftp://xml/
           => ‘.listing’
Resolving xml (xml)... failed: Name or service not known.
wget: unable to resolve host address ‘xml’
--2019-06-20 18:44:14--  http://pc_fetch_aid1190158_activities_0.cgi/
Resolving pc_fetch_aid1190158_activities_0.cgi (pc_fetch_aid1190158_activities_0.cgi)... failed: Name or service not known.
wget: unable to resolve host address ‘pc_fetch_aid1190158_activities_0.cgi’
FINISHED --2019-06-20 18:44:14--
Total wall clock time: 0.6s
Downloaded: 1 files, 64 in 0.001s (70.1 KB/s)
