--2019-06-20 17:23:07--  ftp://ftp-private.ncbi.nlm.nih.gov/pubchem/.fetch/39/2848171829762180581.txt.gz
           => ‘2848171829762180581.txt.gz’
Resolving ftp-private.ncbi.nlm.nih.gov (ftp-private.ncbi.nlm.nih.gov)... 130.14.29.35
Connecting to ftp-private.ncbi.nlm.nih.gov (ftp-private.ncbi.nlm.nih.gov)|130.14.29.35|:21... connected.
Logging in as anonymous ... Logged in!
==> SYST ... done.    ==> PWD ... done.
==> TYPE I ... done.  ==> CWD (1) /pubchem/.fetch/39 ... done.
==> SIZE 2848171829762180581.txt.gz ... 53
==> PASV ... done.    ==> RETR 2848171829762180581.txt.gz ... done.
Length: 53 (unauthoritative)

     0K                                                       100% 75.5K=0.001s

2019-06-20 17:23:08 (75.5 KB/s) - ‘2848171829762180581.txt.gz’ saved [53]

--2019-06-20 17:23:08--  http://query/
Resolving query (query)... failed: Name or service not known.
wget: unable to resolve host address ‘query’
--2019-06-20 17:23:08--  ftp://xml/
           => ‘.listing’
Resolving xml (xml)... failed: Name or service not known.
wget: unable to resolve host address ‘xml’
--2019-06-20 17:23:08--  http://pc_fetch_aid1090454_activities_0.cgi/
Resolving pc_fetch_aid1090454_activities_0.cgi (pc_fetch_aid1090454_activities_0.cgi)... failed: Name or service not known.
wget: unable to resolve host address ‘pc_fetch_aid1090454_activities_0.cgi’
FINISHED --2019-06-20 17:23:08--
Total wall clock time: 0.6s
Downloaded: 1 files, 53 in 0.001s (75.5 KB/s)
