--2019-06-20 19:09:44--  ftp://ftp-private.ncbi.nlm.nih.gov/pubchem/.fetch/94/101682223445287461.txt.gz
           => ‘101682223445287461.txt.gz’
Resolving ftp-private.ncbi.nlm.nih.gov (ftp-private.ncbi.nlm.nih.gov)... 130.14.29.35
Connecting to ftp-private.ncbi.nlm.nih.gov (ftp-private.ncbi.nlm.nih.gov)|130.14.29.35|:21... connected.
Logging in as anonymous ... Logged in!
==> SYST ... done.    ==> PWD ... done.
==> TYPE I ... done.  ==> CWD (1) /pubchem/.fetch/94 ... done.
==> SIZE 101682223445287461.txt.gz ... 118
==> PASV ... done.    ==> RETR 101682223445287461.txt.gz ... done.
Length: 118 (unauthoritative)

     0K                                                       100% 11.0K=0.01s

2019-06-20 19:09:44 (11.0 KB/s) - ‘101682223445287461.txt.gz’ saved [118]

--2019-06-20 19:09:44--  http://query/
Resolving query (query)... failed: Name or service not known.
wget: unable to resolve host address ‘query’
--2019-06-20 19:09:44--  ftp://xml/
           => ‘.listing’
Resolving xml (xml)... failed: Name or service not known.
wget: unable to resolve host address ‘xml’
--2019-06-20 19:09:44--  http://pc_fetch_aid1244548_activities_0.cgi/
Resolving pc_fetch_aid1244548_activities_0.cgi (pc_fetch_aid1244548_activities_0.cgi)... failed: Name or service not known.
wget: unable to resolve host address ‘pc_fetch_aid1244548_activities_0.cgi’
FINISHED --2019-06-20 19:09:44--
Total wall clock time: 0.5s
Downloaded: 1 files, 118 in 0.01s (11.0 KB/s)
