--2019-06-20 22:03:03--  ftp://ftp-private.ncbi.nlm.nih.gov/pubchem/.fetch/36/959314621601617914.txt.gz
           => ‘959314621601617914.txt.gz’
Resolving ftp-private.ncbi.nlm.nih.gov (ftp-private.ncbi.nlm.nih.gov)... 130.14.29.35
Connecting to ftp-private.ncbi.nlm.nih.gov (ftp-private.ncbi.nlm.nih.gov)|130.14.29.35|:21... connected.
Logging in as anonymous ... Logged in!
==> SYST ... done.    ==> PWD ... done.
==> TYPE I ... done.  ==> CWD (1) /pubchem/.fetch/36 ... done.
==> SIZE 959314621601617914.txt.gz ... 73
==> PASV ... done.    ==> RETR 959314621601617914.txt.gz ... done.
Length: 73 (unauthoritative)

     0K                                                       100% 89.9K=0.001s

2019-06-20 22:03:03 (89.9 KB/s) - ‘959314621601617914.txt.gz’ saved [73]

--2019-06-20 22:03:03--  http://query/
Resolving query (query)... failed: Name or service not known.
wget: unable to resolve host address ‘query’
--2019-06-20 22:03:03--  ftp://xml/
           => ‘.listing’
Resolving xml (xml)... failed: Name or service not known.
wget: unable to resolve host address ‘xml’
--2019-06-20 22:03:03--  http://pc_fetch_aid457865_activities_0.cgi/
Resolving pc_fetch_aid457865_activities_0.cgi (pc_fetch_aid457865_activities_0.cgi)... failed: Name or service not known.
wget: unable to resolve host address ‘pc_fetch_aid457865_activities_0.cgi’
FINISHED --2019-06-20 22:03:03--
Total wall clock time: 0.4s
Downloaded: 1 files, 73 in 0.001s (89.9 KB/s)
