--2019-06-20 23:33:26--  ftp://ftp-private.ncbi.nlm.nih.gov/pubchem/.fetch/91/3262110118790917938.txt.gz
           => ‘3262110118790917938.txt.gz’
Resolving ftp-private.ncbi.nlm.nih.gov (ftp-private.ncbi.nlm.nih.gov)... 130.14.29.30
Connecting to ftp-private.ncbi.nlm.nih.gov (ftp-private.ncbi.nlm.nih.gov)|130.14.29.30|:21... connected.
Logging in as anonymous ... Logged in!
==> SYST ... done.    ==> PWD ... done.
==> TYPE I ... done.  ==> CWD (1) /pubchem/.fetch/91 ... done.
==> SIZE 3262110118790917938.txt.gz ... 77
==> PASV ... done.    ==> RETR 3262110118790917938.txt.gz ... done.
Length: 77 (unauthoritative)

     0K                                                       100% 91.6K=0.001s

2019-06-20 23:33:26 (91.6 KB/s) - ‘3262110118790917938.txt.gz’ saved [77]

--2019-06-20 23:33:26--  http://query/
Resolving query (query)... failed: Name or service not known.
wget: unable to resolve host address ‘query’
--2019-06-20 23:33:26--  ftp://xml/
           => ‘.listing’
Resolving xml (xml)... failed: Name or service not known.
wget: unable to resolve host address ‘xml’
--2019-06-20 23:33:26--  http://pc_fetch_aid700556_activities_0.cgi/
Resolving pc_fetch_aid700556_activities_0.cgi (pc_fetch_aid700556_activities_0.cgi)... failed: Name or service not known.
wget: unable to resolve host address ‘pc_fetch_aid700556_activities_0.cgi’
FINISHED --2019-06-20 23:33:26--
Total wall clock time: 0.6s
Downloaded: 1 files, 77 in 0.001s (91.6 KB/s)
