--2019-06-20 18:52:53--  ftp://ftp-private.ncbi.nlm.nih.gov/pubchem/.fetch/32/3223404423895140707.txt.gz
           => ‘3223404423895140707.txt.gz’
Resolving ftp-private.ncbi.nlm.nih.gov (ftp-private.ncbi.nlm.nih.gov)... 130.14.29.35
Connecting to ftp-private.ncbi.nlm.nih.gov (ftp-private.ncbi.nlm.nih.gov)|130.14.29.35|:21... connected.
Logging in as anonymous ... Logged in!
==> SYST ... done.    ==> PWD ... done.
==> TYPE I ... done.  ==> CWD (1) /pubchem/.fetch/32 ... done.
==> SIZE 3223404423895140707.txt.gz ... 143
==> PASV ... done.    ==> RETR 3223404423895140707.txt.gz ... done.
Length: 143 (unauthoritative)

     0K                                                       100%  132K=0.001s

2019-06-20 18:52:54 (132 KB/s) - ‘3223404423895140707.txt.gz’ saved [143]

--2019-06-20 18:52:54--  http://query/
Resolving query (query)... failed: Name or service not known.
wget: unable to resolve host address ‘query’
--2019-06-20 18:52:54--  ftp://xml/
           => ‘.listing’
Resolving xml (xml)... failed: Name or service not known.
wget: unable to resolve host address ‘xml’
--2019-06-20 18:52:54--  http://pc_fetch_aid1206161_activities_0.cgi/
Resolving pc_fetch_aid1206161_activities_0.cgi (pc_fetch_aid1206161_activities_0.cgi)... failed: Name or service not known.
wget: unable to resolve host address ‘pc_fetch_aid1206161_activities_0.cgi’
FINISHED --2019-06-20 18:52:54--
Total wall clock time: 0.5s
Downloaded: 1 files, 143 in 0.001s (132 KB/s)
