--2019-06-20 20:53:31--  ftp://ftp-private.ncbi.nlm.nih.gov/pubchem/.fetch/51/3140601388083366387.txt.gz
           => ‘3140601388083366387.txt.gz’
Resolving ftp-private.ncbi.nlm.nih.gov (ftp-private.ncbi.nlm.nih.gov)... 130.14.29.30
Connecting to ftp-private.ncbi.nlm.nih.gov (ftp-private.ncbi.nlm.nih.gov)|130.14.29.30|:21... connected.
Logging in as anonymous ... Logged in!
==> SYST ... done.    ==> PWD ... done.
==> TYPE I ... done.  ==> CWD (1) /pubchem/.fetch/51 ... done.
==> SIZE 3140601388083366387.txt.gz ... 82
==> PASV ... done.    ==> RETR 3140601388083366387.txt.gz ... done.
Length: 82 (unauthoritative)

     0K                                                       100%  113K=0.001s

2019-06-20 20:53:31 (113 KB/s) - ‘3140601388083366387.txt.gz’ saved [82]

--2019-06-20 20:53:31--  http://query/
Resolving query (query)... failed: Name or service not known.
wget: unable to resolve host address ‘query’
--2019-06-20 20:53:31--  ftp://xml/
           => ‘.listing’
Resolving xml (xml)... failed: Name or service not known.
wget: unable to resolve host address ‘xml’
--2019-06-20 20:53:31--  http://pc_fetch_aid1329393_activities_0.cgi/
Resolving pc_fetch_aid1329393_activities_0.cgi (pc_fetch_aid1329393_activities_0.cgi)... failed: Name or service not known.
wget: unable to resolve host address ‘pc_fetch_aid1329393_activities_0.cgi’
FINISHED --2019-06-20 20:53:31--
Total wall clock time: 0.5s
Downloaded: 1 files, 82 in 0.001s (113 KB/s)
