--2019-06-21 00:27:54--  ftp://ftp-private.ncbi.nlm.nih.gov/pubchem/.fetch/80/2945563224919860654.txt.gz
           => ‘2945563224919860654.txt.gz’
Resolving ftp-private.ncbi.nlm.nih.gov (ftp-private.ncbi.nlm.nih.gov)... 130.14.29.30
Connecting to ftp-private.ncbi.nlm.nih.gov (ftp-private.ncbi.nlm.nih.gov)|130.14.29.30|:21... connected.
Logging in as anonymous ... Logged in!
==> SYST ... done.    ==> PWD ... done.
==> TYPE I ... done.  ==> CWD (1) /pubchem/.fetch/80 ... done.
==> SIZE 2945563224919860654.txt.gz ... 50
==> PASV ... done.    ==> RETR 2945563224919860654.txt.gz ... done.
Length: 50 (unauthoritative)

     0K                                                       100% 61.1K=0.001s

2019-06-21 00:27:55 (61.1 KB/s) - ‘2945563224919860654.txt.gz’ saved [50]

--2019-06-21 00:27:55--  http://query/
Resolving query (query)... failed: Name or service not known.
wget: unable to resolve host address ‘query’
--2019-06-21 00:27:55--  ftp://xml/
           => ‘.listing’
Resolving xml (xml)... failed: Name or service not known.
wget: unable to resolve host address ‘xml’
--2019-06-21 00:27:55--  http://pc_fetch_aid754320_activities_0.cgi/
Resolving pc_fetch_aid754320_activities_0.cgi (pc_fetch_aid754320_activities_0.cgi)... failed: Name or service not known.
wget: unable to resolve host address ‘pc_fetch_aid754320_activities_0.cgi’
FINISHED --2019-06-21 00:27:55--
Total wall clock time: 0.7s
Downloaded: 1 files, 50 in 0.001s (61.1 KB/s)
