--2019-06-21 00:20:44--  ftp://ftp-private.ncbi.nlm.nih.gov/pubchem/.fetch/69/3843677999148497096.txt.gz
           => ‘3843677999148497096.txt.gz’
Resolving ftp-private.ncbi.nlm.nih.gov (ftp-private.ncbi.nlm.nih.gov)... 130.14.29.35
Connecting to ftp-private.ncbi.nlm.nih.gov (ftp-private.ncbi.nlm.nih.gov)|130.14.29.35|:21... connected.
Logging in as anonymous ... Logged in!
==> SYST ... done.    ==> PWD ... done.
==> TYPE I ... done.  ==> CWD (1) /pubchem/.fetch/69 ... done.
==> SIZE 3843677999148497096.txt.gz ... 91
==> PASV ... done.    ==> RETR 3843677999148497096.txt.gz ... done.
Length: 91 (unauthoritative)

     0K                                                       100% 98.4K=0.001s

2019-06-21 00:20:44 (98.4 KB/s) - ‘3843677999148497096.txt.gz’ saved [91]

--2019-06-21 00:20:44--  http://query/
Resolving query (query)... failed: Name or service not known.
wget: unable to resolve host address ‘query’
--2019-06-21 00:20:44--  ftp://xml/
           => ‘.listing’
Resolving xml (xml)... failed: Name or service not known.
wget: unable to resolve host address ‘xml’
--2019-06-21 00:20:44--  http://pc_fetch_aid752536_activities_0.cgi/
Resolving pc_fetch_aid752536_activities_0.cgi (pc_fetch_aid752536_activities_0.cgi)... failed: Name or service not known.
wget: unable to resolve host address ‘pc_fetch_aid752536_activities_0.cgi’
FINISHED --2019-06-21 00:20:44--
Total wall clock time: 0.4s
Downloaded: 1 files, 91 in 0.001s (98.4 KB/s)
