--2019-06-20 20:17:29--  ftp://ftp-private.ncbi.nlm.nih.gov/pubchem/.fetch/59/1476096066070845634.txt.gz
           => ‘1476096066070845634.txt.gz’
Resolving ftp-private.ncbi.nlm.nih.gov (ftp-private.ncbi.nlm.nih.gov)... 130.14.29.35
Connecting to ftp-private.ncbi.nlm.nih.gov (ftp-private.ncbi.nlm.nih.gov)|130.14.29.35|:21... connected.
Logging in as anonymous ... Logged in!
==> SYST ... done.    ==> PWD ... done.
==> TYPE I ... done.  ==> CWD (1) /pubchem/.fetch/59 ... done.
==> SIZE 1476096066070845634.txt.gz ... 271
==> PASV ... done.    ==> RETR 1476096066070845634.txt.gz ... done.
Length: 271 (unauthoritative)

     0K                                                       100%  236K=0.001s

2019-06-20 20:17:30 (236 KB/s) - ‘1476096066070845634.txt.gz’ saved [271]

--2019-06-20 20:17:30--  http://query/
Resolving query (query)... failed: Name or service not known.
wget: unable to resolve host address ‘query’
--2019-06-20 20:17:30--  ftp://xml/
           => ‘.listing’
Resolving xml (xml)... failed: Name or service not known.
wget: unable to resolve host address ‘xml’
--2019-06-20 20:17:30--  http://pc_fetch_aid1308561_activities_0.cgi/
Resolving pc_fetch_aid1308561_activities_0.cgi (pc_fetch_aid1308561_activities_0.cgi)... failed: Name or service not known.
wget: unable to resolve host address ‘pc_fetch_aid1308561_activities_0.cgi’
FINISHED --2019-06-20 20:17:30--
Total wall clock time: 0.8s
Downloaded: 1 files, 271 in 0.001s (236 KB/s)
