--2019-06-20 22:09:40--  ftp://ftp-private.ncbi.nlm.nih.gov/pubchem/.fetch/73/379068574235590508.txt.gz
           => ‘379068574235590508.txt.gz’
Resolving ftp-private.ncbi.nlm.nih.gov (ftp-private.ncbi.nlm.nih.gov)... 130.14.29.35
Connecting to ftp-private.ncbi.nlm.nih.gov (ftp-private.ncbi.nlm.nih.gov)|130.14.29.35|:21... connected.
Logging in as anonymous ... Logged in!
==> SYST ... done.    ==> PWD ... done.
==> TYPE I ... done.  ==> CWD (1) /pubchem/.fetch/73 ... done.
==> SIZE 379068574235590508.txt.gz ... 215
==> PASV ... done.    ==> RETR 379068574235590508.txt.gz ... done.
Length: 215 (unauthoritative)

     0K                                                       100% 21.9K=0.01s

2019-06-20 22:09:41 (21.9 KB/s) - ‘379068574235590508.txt.gz’ saved [215]

--2019-06-20 22:09:41--  http://query/
Resolving query (query)... failed: Name or service not known.
wget: unable to resolve host address ‘query’
--2019-06-20 22:09:41--  ftp://xml/
           => ‘.listing’
Resolving xml (xml)... failed: Name or service not known.
wget: unable to resolve host address ‘xml’
--2019-06-20 22:09:41--  http://pc_fetch_aid478216_activities_0.cgi/
Resolving pc_fetch_aid478216_activities_0.cgi (pc_fetch_aid478216_activities_0.cgi)... failed: Name or service not known.
wget: unable to resolve host address ‘pc_fetch_aid478216_activities_0.cgi’
FINISHED --2019-06-20 22:09:41--
Total wall clock time: 0.5s
Downloaded: 1 files, 215 in 0.01s (21.9 KB/s)
