--2019-06-21 00:38:41--  ftp://ftp-private.ncbi.nlm.nih.gov/pubchem/.fetch/82/3645961665036350829.txt.gz
           => ‘3645961665036350829.txt.gz’
Resolving ftp-private.ncbi.nlm.nih.gov (ftp-private.ncbi.nlm.nih.gov)... 130.14.29.35
Connecting to ftp-private.ncbi.nlm.nih.gov (ftp-private.ncbi.nlm.nih.gov)|130.14.29.35|:21... connected.
Logging in as anonymous ... Logged in!
==> SYST ... done.    ==> PWD ... done.
==> TYPE I ... done.  ==> CWD (1) /pubchem/.fetch/82 ... done.
==> SIZE 3645961665036350829.txt.gz ... 143
==> PASV ... done.    ==> RETR 3645961665036350829.txt.gz ... done.
Length: 143 (unauthoritative)

     0K                                                       100%  140K=0.001s

2019-06-21 00:38:42 (140 KB/s) - ‘3645961665036350829.txt.gz’ saved [143]

--2019-06-21 00:38:42--  http://query/
Resolving query (query)... failed: Name or service not known.
wget: unable to resolve host address ‘query’
--2019-06-21 00:38:42--  ftp://xml/
           => ‘.listing’
Resolving xml (xml)... failed: Name or service not known.
wget: unable to resolve host address ‘xml’
--2019-06-21 00:38:42--  http://pc_fetch_aid769600_activities_0.cgi/
Resolving pc_fetch_aid769600_activities_0.cgi (pc_fetch_aid769600_activities_0.cgi)... failed: Name or service not known.
wget: unable to resolve host address ‘pc_fetch_aid769600_activities_0.cgi’
FINISHED --2019-06-21 00:38:42--
Total wall clock time: 0.5s
Downloaded: 1 files, 143 in 0.001s (140 KB/s)
