--2019-06-20 20:42:32--  ftp://ftp-private.ncbi.nlm.nih.gov/pubchem/.fetch/7/6280606325838713.txt.gz
           => ‘6280606325838713.txt.gz’
Resolving ftp-private.ncbi.nlm.nih.gov (ftp-private.ncbi.nlm.nih.gov)... 130.14.29.30
Connecting to ftp-private.ncbi.nlm.nih.gov (ftp-private.ncbi.nlm.nih.gov)|130.14.29.30|:21... connected.
Logging in as anonymous ... Logged in!
==> SYST ... done.    ==> PWD ... done.
==> TYPE I ... done.  ==> CWD (1) /pubchem/.fetch/7 ... done.
==> SIZE 6280606325838713.txt.gz ... 112
==> PASV ... done.    ==> RETR 6280606325838713.txt.gz ... done.
Length: 112 (unauthoritative)

     0K                                                       100%  119K=0.001s

2019-06-20 20:42:33 (119 KB/s) - ‘6280606325838713.txt.gz’ saved [112]

--2019-06-20 20:42:33--  http://query/
Resolving query (query)... failed: Name or service not known.
wget: unable to resolve host address ‘query’
--2019-06-20 20:42:33--  ftp://xml/
           => ‘.listing’
Resolving xml (xml)... failed: Name or service not known.
wget: unable to resolve host address ‘xml’
--2019-06-20 20:42:33--  http://pc_fetch_aid1323017_activities_0.cgi/
Resolving pc_fetch_aid1323017_activities_0.cgi (pc_fetch_aid1323017_activities_0.cgi)... failed: Name or service not known.
wget: unable to resolve host address ‘pc_fetch_aid1323017_activities_0.cgi’
FINISHED --2019-06-20 20:42:33--
Total wall clock time: 0.6s
Downloaded: 1 files, 112 in 0.001s (119 KB/s)
