--2019-06-20 18:39:50--  ftp://ftp-private.ncbi.nlm.nih.gov/pubchem/.fetch/26/3764172129743632963.txt.gz
           => ‘3764172129743632963.txt.gz’
Resolving ftp-private.ncbi.nlm.nih.gov (ftp-private.ncbi.nlm.nih.gov)... 130.14.29.35
Connecting to ftp-private.ncbi.nlm.nih.gov (ftp-private.ncbi.nlm.nih.gov)|130.14.29.35|:21... connected.
Logging in as anonymous ... Logged in!
==> SYST ... done.    ==> PWD ... done.
==> TYPE I ... done.  ==> CWD (1) /pubchem/.fetch/26 ... done.
==> SIZE 3764172129743632963.txt.gz ... 139
==> PASV ... done.    ==> RETR 3764172129743632963.txt.gz ... done.
Length: 139 (unauthoritative)

     0K                                                       100% 2.32K=0.06s

2019-06-20 18:39:51 (2.32 KB/s) - ‘3764172129743632963.txt.gz’ saved [139]

--2019-06-20 18:39:51--  http://query/
Resolving query (query)... failed: Name or service not known.
wget: unable to resolve host address ‘query’
--2019-06-20 18:39:51--  ftp://xml/
           => ‘.listing’
Resolving xml (xml)... failed: Name or service not known.
wget: unable to resolve host address ‘xml’
--2019-06-20 18:39:51--  http://pc_fetch_aid1186566_activities_0.cgi/
Resolving pc_fetch_aid1186566_activities_0.cgi (pc_fetch_aid1186566_activities_0.cgi)... failed: Name or service not known.
wget: unable to resolve host address ‘pc_fetch_aid1186566_activities_0.cgi’
FINISHED --2019-06-20 18:39:51--
Total wall clock time: 0.5s
Downloaded: 1 files, 139 in 0.06s (2.32 KB/s)
