--2019-06-20 18:37:19--  ftp://ftp-private.ncbi.nlm.nih.gov/pubchem/.fetch/100/187197636864427830.txt.gz
           => ‘187197636864427830.txt.gz’
Resolving ftp-private.ncbi.nlm.nih.gov (ftp-private.ncbi.nlm.nih.gov)... 130.14.29.35
Connecting to ftp-private.ncbi.nlm.nih.gov (ftp-private.ncbi.nlm.nih.gov)|130.14.29.35|:21... connected.
Logging in as anonymous ... Logged in!
==> SYST ... done.    ==> PWD ... done.
==> TYPE I ... done.  ==> CWD (1) /pubchem/.fetch/100 ... done.
==> SIZE 187197636864427830.txt.gz ... 83
==> PASV ... done.    ==> RETR 187197636864427830.txt.gz ... done.
Length: 83 (unauthoritative)

     0K                                                       100% 88.9K=0.001s

2019-06-20 18:37:19 (88.9 KB/s) - ‘187197636864427830.txt.gz’ saved [83]

--2019-06-20 18:37:19--  http://query/
Resolving query (query)... failed: Name or service not known.
wget: unable to resolve host address ‘query’
--2019-06-20 18:37:19--  ftp://xml/
           => ‘.listing’
Resolving xml (xml)... failed: Name or service not known.
wget: unable to resolve host address ‘xml’
--2019-06-20 18:37:19--  http://pc_fetch_aid1185732_activities_0.cgi/
Resolving pc_fetch_aid1185732_activities_0.cgi (pc_fetch_aid1185732_activities_0.cgi)... failed: Name or service not known.
wget: unable to resolve host address ‘pc_fetch_aid1185732_activities_0.cgi’
FINISHED --2019-06-20 18:37:19--
Total wall clock time: 0.8s
Downloaded: 1 files, 83 in 0.001s (88.9 KB/s)
