--2019-06-20 17:06:53--  ftp://ftp-private.ncbi.nlm.nih.gov/pubchem/.fetch/50/199483302266779193.txt.gz
           => ‘199483302266779193.txt.gz’
Resolving ftp-private.ncbi.nlm.nih.gov (ftp-private.ncbi.nlm.nih.gov)... 130.14.29.35
Connecting to ftp-private.ncbi.nlm.nih.gov (ftp-private.ncbi.nlm.nih.gov)|130.14.29.35|:21... connected.
Logging in as anonymous ... Logged in!
==> SYST ... done.    ==> PWD ... done.
==> TYPE I ... done.  ==> CWD (1) /pubchem/.fetch/50 ... done.
==> SIZE 199483302266779193.txt.gz ... 78
==> PASV ... done.    ==> RETR 199483302266779193.txt.gz ... done.
Length: 78 (unauthoritative)

     0K                                                       100% 98.4K=0.001s

2019-06-20 17:06:54 (98.4 KB/s) - ‘199483302266779193.txt.gz’ saved [78]

--2019-06-20 17:06:54--  http://query/
Resolving query (query)... failed: Name or service not known.
wget: unable to resolve host address ‘query’
--2019-06-20 17:06:54--  ftp://xml/
           => ‘.listing’
Resolving xml (xml)... failed: Name or service not known.
wget: unable to resolve host address ‘xml’
--2019-06-20 17:06:54--  http://pc_fetch_aid1063069_activities_0.cgi/
Resolving pc_fetch_aid1063069_activities_0.cgi (pc_fetch_aid1063069_activities_0.cgi)... failed: Name or service not known.
wget: unable to resolve host address ‘pc_fetch_aid1063069_activities_0.cgi’
FINISHED --2019-06-20 17:06:54--
Total wall clock time: 0.7s
Downloaded: 1 files, 78 in 0.001s (98.4 KB/s)
