--2019-06-20 17:41:39--  ftp://ftp-private.ncbi.nlm.nih.gov/pubchem/.fetch/68/1516354656148628432.txt.gz
           => ‘1516354656148628432.txt.gz’
Resolving ftp-private.ncbi.nlm.nih.gov (ftp-private.ncbi.nlm.nih.gov)... 130.14.29.30
Connecting to ftp-private.ncbi.nlm.nih.gov (ftp-private.ncbi.nlm.nih.gov)|130.14.29.30|:21... connected.
Logging in as anonymous ... Logged in!
==> SYST ... done.    ==> PWD ... done.
==> TYPE I ... done.  ==> CWD (1) /pubchem/.fetch/68 ... done.
==> SIZE 1516354656148628432.txt.gz ... 76
==> PASV ... done.    ==> RETR 1516354656148628432.txt.gz ... done.
Length: 76 (unauthoritative)

     0K                                                       100% 90.6K=0.001s

2019-06-20 17:41:39 (90.6 KB/s) - ‘1516354656148628432.txt.gz’ saved [76]

--2019-06-20 17:41:39--  http://query/
Resolving query (query)... failed: Name or service not known.
wget: unable to resolve host address ‘query’
--2019-06-20 17:41:39--  ftp://xml/
           => ‘.listing’
Resolving xml (xml)... failed: Name or service not known.
wget: unable to resolve host address ‘xml’
--2019-06-20 17:41:39--  http://pc_fetch_aid1143738_activities_0.cgi/
Resolving pc_fetch_aid1143738_activities_0.cgi (pc_fetch_aid1143738_activities_0.cgi)... failed: Name or service not known.
wget: unable to resolve host address ‘pc_fetch_aid1143738_activities_0.cgi’
FINISHED --2019-06-20 17:41:39--
Total wall clock time: 0.4s
Downloaded: 1 files, 76 in 0.001s (90.6 KB/s)
