--2019-06-20 21:08:14--  ftp://ftp-private.ncbi.nlm.nih.gov/pubchem/.fetch/1/2937839336074945059.txt.gz
           => ‘2937839336074945059.txt.gz’
Resolving ftp-private.ncbi.nlm.nih.gov (ftp-private.ncbi.nlm.nih.gov)... 130.14.29.35
Connecting to ftp-private.ncbi.nlm.nih.gov (ftp-private.ncbi.nlm.nih.gov)|130.14.29.35|:21... connected.
Logging in as anonymous ... Logged in!
==> SYST ... done.    ==> PWD ... done.
==> TYPE I ... done.  ==> CWD (1) /pubchem/.fetch/1 ... done.
==> SIZE 2937839336074945059.txt.gz ... 128
==> PASV ... done.    ==> RETR 2937839336074945059.txt.gz ... done.
Length: 128 (unauthoritative)

     0K                                                       100%  122K=0.001s

2019-06-20 21:08:15 (122 KB/s) - ‘2937839336074945059.txt.gz’ saved [128]

--2019-06-20 21:08:15--  http://query/
Resolving query (query)... failed: Name or service not known.
wget: unable to resolve host address ‘query’
--2019-06-20 21:08:15--  ftp://xml/
           => ‘.listing’
Resolving xml (xml)... failed: Name or service not known.
wget: unable to resolve host address ‘xml’
--2019-06-20 21:08:15--  http://pc_fetch_aid1339177_activities_0.cgi/
Resolving pc_fetch_aid1339177_activities_0.cgi (pc_fetch_aid1339177_activities_0.cgi)... failed: Name or service not known.
wget: unable to resolve host address ‘pc_fetch_aid1339177_activities_0.cgi’
FINISHED --2019-06-20 21:08:15--
Total wall clock time: 0.5s
Downloaded: 1 files, 128 in 0.001s (122 KB/s)
