--2019-06-20 22:53:49--  ftp://ftp-private.ncbi.nlm.nih.gov/pubchem/.fetch/91/702364262871407909.txt.gz
           => ‘702364262871407909.txt.gz’
Resolving ftp-private.ncbi.nlm.nih.gov (ftp-private.ncbi.nlm.nih.gov)... 130.14.29.35
Connecting to ftp-private.ncbi.nlm.nih.gov (ftp-private.ncbi.nlm.nih.gov)|130.14.29.35|:21... connected.
Logging in as anonymous ... Logged in!
==> SYST ... done.    ==> PWD ... done.
==> TYPE I ... done.  ==> CWD (1) /pubchem/.fetch/91 ... done.
==> SIZE 702364262871407909.txt.gz ... 72
==> PASV ... done.    ==> RETR 702364262871407909.txt.gz ... done.
Length: 72 (unauthoritative)

     0K                                                       100%  145K=0s

2019-06-20 22:53:50 (145 KB/s) - ‘702364262871407909.txt.gz’ saved [72]

--2019-06-20 22:53:50--  http://query/
Resolving query (query)... failed: Name or service not known.
wget: unable to resolve host address ‘query’
--2019-06-20 22:53:50--  ftp://xml/
           => ‘.listing’
Resolving xml (xml)... failed: Name or service not known.
wget: unable to resolve host address ‘xml’
--2019-06-20 22:53:50--  http://pc_fetch_aid584801_activities_0.cgi/
Resolving pc_fetch_aid584801_activities_0.cgi (pc_fetch_aid584801_activities_0.cgi)... failed: Name or service not known.
wget: unable to resolve host address ‘pc_fetch_aid584801_activities_0.cgi’
FINISHED --2019-06-20 22:53:51--
Total wall clock time: 1.3s
Downloaded: 1 files, 72 in 0s (145 KB/s)
