--2019-06-20 23:31:23--  ftp://ftp-private.ncbi.nlm.nih.gov/pubchem/.fetch/52/1994717404224381869.txt.gz
           => ‘1994717404224381869.txt.gz’
Resolving ftp-private.ncbi.nlm.nih.gov (ftp-private.ncbi.nlm.nih.gov)... 130.14.29.35
Connecting to ftp-private.ncbi.nlm.nih.gov (ftp-private.ncbi.nlm.nih.gov)|130.14.29.35|:21... connected.
Logging in as anonymous ... Logged in!
==> SYST ... done.    ==> PWD ... done.
==> TYPE I ... done.  ==> CWD (1) /pubchem/.fetch/52 ... done.
==> SIZE 1994717404224381869.txt.gz ... 164
==> PASV ... done.    ==> RETR 1994717404224381869.txt.gz ... done.
Length: 164 (unauthoritative)

     0K                                                       100%  170K=0.001s

2019-06-20 23:31:24 (170 KB/s) - ‘1994717404224381869.txt.gz’ saved [164]

--2019-06-20 23:31:24--  http://query/
Resolving query (query)... failed: Name or service not known.
wget: unable to resolve host address ‘query’
--2019-06-20 23:31:24--  ftp://xml/
           => ‘.listing’
Resolving xml (xml)... failed: Name or service not known.
wget: unable to resolve host address ‘xml’
--2019-06-20 23:31:24--  http://pc_fetch_aid690567_activities_0.cgi/
Resolving pc_fetch_aid690567_activities_0.cgi (pc_fetch_aid690567_activities_0.cgi)... failed: Name or service not known.
wget: unable to resolve host address ‘pc_fetch_aid690567_activities_0.cgi’
FINISHED --2019-06-20 23:31:24--
Total wall clock time: 0.8s
Downloaded: 1 files, 164 in 0.001s (170 KB/s)
