--2019-06-20 17:50:46--  ftp://ftp-private.ncbi.nlm.nih.gov/pubchem/.fetch/10/4305937886866208955.txt.gz
           => ‘4305937886866208955.txt.gz’
Resolving ftp-private.ncbi.nlm.nih.gov (ftp-private.ncbi.nlm.nih.gov)... 130.14.29.35
Connecting to ftp-private.ncbi.nlm.nih.gov (ftp-private.ncbi.nlm.nih.gov)|130.14.29.35|:21... connected.
Logging in as anonymous ... Logged in!
==> SYST ... done.    ==> PWD ... done.
==> TYPE I ... done.  ==> CWD (1) /pubchem/.fetch/10 ... done.
==> SIZE 4305937886866208955.txt.gz ... 145
==> PASV ... done.    ==> RETR 4305937886866208955.txt.gz ... done.
Length: 145 (unauthoritative)

     0K                                                       100%  131K=0.001s

2019-06-20 17:50:46 (131 KB/s) - ‘4305937886866208955.txt.gz’ saved [145]

--2019-06-20 17:50:46--  http://query/
Resolving query (query)... failed: Name or service not known.
wget: unable to resolve host address ‘query’
--2019-06-20 17:50:46--  ftp://xml/
           => ‘.listing’
Resolving xml (xml)... failed: Name or service not known.
wget: unable to resolve host address ‘xml’
--2019-06-20 17:50:46--  http://pc_fetch_aid1162216_activities_0.cgi/
Resolving pc_fetch_aid1162216_activities_0.cgi (pc_fetch_aid1162216_activities_0.cgi)... failed: Name or service not known.
wget: unable to resolve host address ‘pc_fetch_aid1162216_activities_0.cgi’
FINISHED --2019-06-20 17:50:46--
Total wall clock time: 0.4s
Downloaded: 1 files, 145 in 0.001s (131 KB/s)
