--2019-06-20 17:03:29--  ftp://ftp-private.ncbi.nlm.nih.gov/pubchem/.fetch/95/1468323835905600961.txt.gz
           => ‘1468323835905600961.txt.gz’
Resolving ftp-private.ncbi.nlm.nih.gov (ftp-private.ncbi.nlm.nih.gov)... 130.14.29.30
Connecting to ftp-private.ncbi.nlm.nih.gov (ftp-private.ncbi.nlm.nih.gov)|130.14.29.30|:21... connected.
Logging in as anonymous ... Logged in!
==> SYST ... done.    ==> PWD ... done.
==> TYPE I ... done.  ==> CWD (1) /pubchem/.fetch/95 ... done.
==> SIZE 1468323835905600961.txt.gz ... 103
==> PASV ... done.    ==> RETR 1468323835905600961.txt.gz ... done.
Length: 103 (unauthoritative)

     0K                                                       100%  111K=0.001s

2019-06-20 17:03:30 (111 KB/s) - ‘1468323835905600961.txt.gz’ saved [103]

--2019-06-20 17:03:30--  http://query/
Resolving query (query)... failed: Name or service not known.
wget: unable to resolve host address ‘query’
--2019-06-20 17:03:30--  ftp://xml/
           => ‘.listing’
Resolving xml (xml)... failed: Name or service not known.
wget: unable to resolve host address ‘xml’
--2019-06-20 17:03:30--  http://pc_fetch_aid1055308_activities_0.cgi/
Resolving pc_fetch_aid1055308_activities_0.cgi (pc_fetch_aid1055308_activities_0.cgi)... failed: Name or service not known.
wget: unable to resolve host address ‘pc_fetch_aid1055308_activities_0.cgi’
FINISHED --2019-06-20 17:03:30--
Total wall clock time: 0.5s
Downloaded: 1 files, 103 in 0.001s (111 KB/s)
