--2019-06-20 18:29:20--  ftp://ftp-private.ncbi.nlm.nih.gov/pubchem/.fetch/7/3076800318940920781.txt.gz
           => ‘3076800318940920781.txt.gz’
Resolving ftp-private.ncbi.nlm.nih.gov (ftp-private.ncbi.nlm.nih.gov)... 130.14.29.35
Connecting to ftp-private.ncbi.nlm.nih.gov (ftp-private.ncbi.nlm.nih.gov)|130.14.29.35|:21... connected.
Logging in as anonymous ... Logged in!
==> SYST ... done.    ==> PWD ... done.
==> TYPE I ... done.  ==> CWD (1) /pubchem/.fetch/7 ... done.
==> SIZE 3076800318940920781.txt.gz ... 289
==> PASV ... done.    ==> RETR 3076800318940920781.txt.gz ... done.
Length: 289 (unauthoritative)

     0K                                                       100%  220K=0.001s

2019-06-20 18:29:21 (220 KB/s) - ‘3076800318940920781.txt.gz’ saved [289]

--2019-06-20 18:29:21--  http://query/
Resolving query (query)... failed: Name or service not known.
wget: unable to resolve host address ‘query’
--2019-06-20 18:29:21--  ftp://xml/
           => ‘.listing’
Resolving xml (xml)... failed: Name or service not known.
wget: unable to resolve host address ‘xml’
--2019-06-20 18:29:21--  http://pc_fetch_aid1178023_activities_0.cgi/
Resolving pc_fetch_aid1178023_activities_0.cgi (pc_fetch_aid1178023_activities_0.cgi)... failed: Name or service not known.
wget: unable to resolve host address ‘pc_fetch_aid1178023_activities_0.cgi’
FINISHED --2019-06-20 18:29:21--
Total wall clock time: 0.7s
Downloaded: 1 files, 289 in 0.001s (220 KB/s)
