--2019-06-20 20:56:38--  ftp://ftp-private.ncbi.nlm.nih.gov/pubchem/.fetch/29/432558441569096439.txt.gz
           => ‘432558441569096439.txt.gz’
Resolving ftp-private.ncbi.nlm.nih.gov (ftp-private.ncbi.nlm.nih.gov)... 130.14.29.35
Connecting to ftp-private.ncbi.nlm.nih.gov (ftp-private.ncbi.nlm.nih.gov)|130.14.29.35|:21... connected.
Logging in as anonymous ... Logged in!
==> SYST ... done.    ==> PWD ... done.
==> TYPE I ... done.  ==> CWD (1) /pubchem/.fetch/29 ... done.
==> SIZE 432558441569096439.txt.gz ... 82
==> PASV ... done.    ==> RETR 432558441569096439.txt.gz ... done.
Length: 82 (unauthoritative)

     0K                                                       100% 86.5K=0.001s

2019-06-20 20:56:38 (86.5 KB/s) - ‘432558441569096439.txt.gz’ saved [82]

--2019-06-20 20:56:38--  http://query/
Resolving query (query)... failed: Name or service not known.
wget: unable to resolve host address ‘query’
--2019-06-20 20:56:38--  ftp://xml/
           => ‘.listing’
Resolving xml (xml)... failed: Name or service not known.
wget: unable to resolve host address ‘xml’
--2019-06-20 20:56:38--  http://pc_fetch_aid1329423_activities_0.cgi/
Resolving pc_fetch_aid1329423_activities_0.cgi (pc_fetch_aid1329423_activities_0.cgi)... failed: Name or service not known.
wget: unable to resolve host address ‘pc_fetch_aid1329423_activities_0.cgi’
FINISHED --2019-06-20 20:56:38--
Total wall clock time: 0.4s
Downloaded: 1 files, 82 in 0.001s (86.5 KB/s)
