--2019-06-20 17:35:42--  ftp://ftp-private.ncbi.nlm.nih.gov/pubchem/.fetch/49/1667888747720182894.txt.gz
           => ‘1667888747720182894.txt.gz’
Resolving ftp-private.ncbi.nlm.nih.gov (ftp-private.ncbi.nlm.nih.gov)... 130.14.29.30
Connecting to ftp-private.ncbi.nlm.nih.gov (ftp-private.ncbi.nlm.nih.gov)|130.14.29.30|:21... connected.
Logging in as anonymous ... Logged in!
==> SYST ... done.    ==> PWD ... done.
==> TYPE I ... done.  ==> CWD (1) /pubchem/.fetch/49 ... done.
==> SIZE 1667888747720182894.txt.gz ... 41
==> PASV ... done.    ==> RETR 1667888747720182894.txt.gz ... done.
Length: 41 (unauthoritative)

     0K                                                       100% 51.2K=0.001s

2019-06-20 17:35:43 (51.2 KB/s) - ‘1667888747720182894.txt.gz’ saved [41]

--2019-06-20 17:35:43--  http://query/
Resolving query (query)... failed: Name or service not known.
wget: unable to resolve host address ‘query’
--2019-06-20 17:35:43--  ftp://xml/
           => ‘.listing’
Resolving xml (xml)... failed: Name or service not known.
wget: unable to resolve host address ‘xml’
--2019-06-20 17:35:43--  http://pc_fetch_aid1129862_activities_0.cgi/
Resolving pc_fetch_aid1129862_activities_0.cgi (pc_fetch_aid1129862_activities_0.cgi)... failed: Name or service not known.
wget: unable to resolve host address ‘pc_fetch_aid1129862_activities_0.cgi’
FINISHED --2019-06-20 17:35:43--
Total wall clock time: 0.4s
Downloaded: 1 files, 41 in 0.001s (51.2 KB/s)
