--2019-06-20 23:34:23--  ftp://ftp-private.ncbi.nlm.nih.gov/pubchem/.fetch/11/1495702265051175826.txt.gz
           => ‘1495702265051175826.txt.gz’
Resolving ftp-private.ncbi.nlm.nih.gov (ftp-private.ncbi.nlm.nih.gov)... 130.14.29.35
Connecting to ftp-private.ncbi.nlm.nih.gov (ftp-private.ncbi.nlm.nih.gov)|130.14.29.35|:21... connected.
Logging in as anonymous ... Logged in!
==> SYST ... done.    ==> PWD ... done.
==> TYPE I ... done.  ==> CWD (1) /pubchem/.fetch/11 ... done.
==> SIZE 1495702265051175826.txt.gz ... 77
==> PASV ... done.    ==> RETR 1495702265051175826.txt.gz ... done.
Length: 77 (unauthoritative)

     0K                                                       100% 92.1K=0.001s

2019-06-20 23:34:24 (92.1 KB/s) - ‘1495702265051175826.txt.gz’ saved [77]

--2019-06-20 23:34:24--  http://query/
Resolving query (query)... failed: Name or service not known.
wget: unable to resolve host address ‘query’
--2019-06-20 23:34:24--  ftp://xml/
           => ‘.listing’
Resolving xml (xml)... failed: Name or service not known.
wget: unable to resolve host address ‘xml’
--2019-06-20 23:34:24--  http://pc_fetch_aid700873_activities_0.cgi/
Resolving pc_fetch_aid700873_activities_0.cgi (pc_fetch_aid700873_activities_0.cgi)... failed: Name or service not known.
wget: unable to resolve host address ‘pc_fetch_aid700873_activities_0.cgi’
FINISHED --2019-06-20 23:34:24--
Total wall clock time: 0.5s
Downloaded: 1 files, 77 in 0.001s (92.1 KB/s)
