--2019-06-20 22:27:16--  ftp://ftp-private.ncbi.nlm.nih.gov/pubchem/.fetch/3/2387859893037154878.txt.gz
           => ‘2387859893037154878.txt.gz’
Resolving ftp-private.ncbi.nlm.nih.gov (ftp-private.ncbi.nlm.nih.gov)... 130.14.29.30
Connecting to ftp-private.ncbi.nlm.nih.gov (ftp-private.ncbi.nlm.nih.gov)|130.14.29.30|:21... connected.
Logging in as anonymous ... Logged in!
==> SYST ... done.    ==> PWD ... done.
==> TYPE I ... done.  ==> CWD (1) /pubchem/.fetch/3 ... done.
==> SIZE 2387859893037154878.txt.gz ... 286
==> PASV ... done.    ==> RETR 2387859893037154878.txt.gz ... done.
Length: 286 (unauthoritative)

     0K                                                       100%  257K=0.001s

2019-06-20 22:27:16 (257 KB/s) - ‘2387859893037154878.txt.gz’ saved [286]

--2019-06-20 22:27:16--  http://query/
Resolving query (query)... failed: Name or service not known.
wget: unable to resolve host address ‘query’
--2019-06-20 22:27:16--  ftp://xml/
           => ‘.listing’
Resolving xml (xml)... failed: Name or service not known.
wget: unable to resolve host address ‘xml’
--2019-06-20 22:27:16--  http://pc_fetch_aid503306_activities_0.cgi/
Resolving pc_fetch_aid503306_activities_0.cgi (pc_fetch_aid503306_activities_0.cgi)... failed: Name or service not known.
wget: unable to resolve host address ‘pc_fetch_aid503306_activities_0.cgi’
FINISHED --2019-06-20 22:27:16--
Total wall clock time: 0.5s
Downloaded: 1 files, 286 in 0.001s (257 KB/s)
