--2019-06-20 22:55:26--  ftp://ftp-private.ncbi.nlm.nih.gov/pubchem/.fetch/54/2336129647710686851.txt.gz
           => ‘2336129647710686851.txt.gz’
Resolving ftp-private.ncbi.nlm.nih.gov (ftp-private.ncbi.nlm.nih.gov)... 130.14.29.30
Connecting to ftp-private.ncbi.nlm.nih.gov (ftp-private.ncbi.nlm.nih.gov)|130.14.29.30|:21... connected.
Logging in as anonymous ... Logged in!
==> SYST ... done.    ==> PWD ... done.
==> TYPE I ... done.  ==> CWD (1) /pubchem/.fetch/54 ... done.
==> SIZE 2336129647710686851.txt.gz ... 72
==> PASV ... done.    ==> RETR 2336129647710686851.txt.gz ... done.
Length: 72 (unauthoritative)

     0K                                                       100% 88.1K=0.001s

2019-06-20 22:55:26 (88.1 KB/s) - ‘2336129647710686851.txt.gz’ saved [72]

--2019-06-20 22:55:26--  http://query/
Resolving query (query)... failed: Name or service not known.
wget: unable to resolve host address ‘query’
--2019-06-20 22:55:26--  ftp://xml/
           => ‘.listing’
Resolving xml (xml)... failed: Name or service not known.
wget: unable to resolve host address ‘xml’
--2019-06-20 22:55:26--  http://pc_fetch_aid584817_activities_0.cgi/
Resolving pc_fetch_aid584817_activities_0.cgi (pc_fetch_aid584817_activities_0.cgi)... failed: Name or service not known.
wget: unable to resolve host address ‘pc_fetch_aid584817_activities_0.cgi’
FINISHED --2019-06-20 22:55:26--
Total wall clock time: 0.4s
Downloaded: 1 files, 72 in 0.001s (88.1 KB/s)
