--2019-06-20 23:05:29--  ftp://ftp-private.ncbi.nlm.nih.gov/pubchem/.fetch/53/4513376197098563688.txt.gz
           => ‘4513376197098563688.txt.gz’
Resolving ftp-private.ncbi.nlm.nih.gov (ftp-private.ncbi.nlm.nih.gov)... 130.14.29.30
Connecting to ftp-private.ncbi.nlm.nih.gov (ftp-private.ncbi.nlm.nih.gov)|130.14.29.30|:21... connected.
Logging in as anonymous ... Logged in!
==> SYST ... done.    ==> PWD ... done.
==> TYPE I ... done.  ==> CWD (1) /pubchem/.fetch/53 ... done.
==> SIZE 4513376197098563688.txt.gz ... 119
==> PASV ... done.    ==> RETR 4513376197098563688.txt.gz ... done.
Length: 119 (unauthoritative)

     0K                                                       100%  133K=0.001s

2019-06-20 23:05:30 (133 KB/s) - ‘4513376197098563688.txt.gz’ saved [119]

--2019-06-20 23:05:30--  http://query/
Resolving query (query)... failed: Name or service not known.
wget: unable to resolve host address ‘query’
--2019-06-20 23:05:30--  ftp://xml/
           => ‘.listing’
Resolving xml (xml)... failed: Name or service not known.
wget: unable to resolve host address ‘xml’
--2019-06-20 23:05:30--  http://pc_fetch_aid627159_activities_0.cgi/
Resolving pc_fetch_aid627159_activities_0.cgi (pc_fetch_aid627159_activities_0.cgi)... failed: Name or service not known.
wget: unable to resolve host address ‘pc_fetch_aid627159_activities_0.cgi’
FINISHED --2019-06-20 23:05:30--
Total wall clock time: 0.7s
Downloaded: 1 files, 119 in 0.001s (133 KB/s)
