--2019-06-20 22:58:25--  ftp://ftp-private.ncbi.nlm.nih.gov/pubchem/.fetch/93/393442569988967628.txt.gz
           => ‘393442569988967628.txt.gz’
Resolving ftp-private.ncbi.nlm.nih.gov (ftp-private.ncbi.nlm.nih.gov)... 130.14.29.30
Connecting to ftp-private.ncbi.nlm.nih.gov (ftp-private.ncbi.nlm.nih.gov)|130.14.29.30|:21... connected.
Logging in as anonymous ... Logged in!
==> SYST ... done.    ==> PWD ... done.
==> TYPE I ... done.  ==> CWD (1) /pubchem/.fetch/93 ... done.
==> SIZE 393442569988967628.txt.gz ... 117
==> PASV ... done.    ==> RETR 393442569988967628.txt.gz ... done.
Length: 117 (unauthoritative)

     0K                                                       100%  131K=0.001s

2019-06-20 22:58:25 (131 KB/s) - ‘393442569988967628.txt.gz’ saved [117]

--2019-06-20 22:58:25--  http://query/
Resolving query (query)... failed: Name or service not known.
wget: unable to resolve host address ‘query’
--2019-06-20 22:58:25--  ftp://xml/
           => ‘.listing’
Resolving xml (xml)... failed: Name or service not known.
wget: unable to resolve host address ‘xml’
--2019-06-20 22:58:25--  http://pc_fetch_aid608128_activities_0.cgi/
Resolving pc_fetch_aid608128_activities_0.cgi (pc_fetch_aid608128_activities_0.cgi)... failed: Name or service not known.
wget: unable to resolve host address ‘pc_fetch_aid608128_activities_0.cgi’
FINISHED --2019-06-20 22:58:25--
Total wall clock time: 0.4s
Downloaded: 1 files, 117 in 0.001s (131 KB/s)
