--2019-06-21 00:24:50--  ftp://ftp-private.ncbi.nlm.nih.gov/pubchem/.fetch/27/3308864973338455586.txt.gz
           => ‘3308864973338455586.txt.gz’
Resolving ftp-private.ncbi.nlm.nih.gov (ftp-private.ncbi.nlm.nih.gov)... 130.14.29.30
Connecting to ftp-private.ncbi.nlm.nih.gov (ftp-private.ncbi.nlm.nih.gov)|130.14.29.30|:21... connected.
Logging in as anonymous ... Logged in!
==> SYST ... done.    ==> PWD ... done.
==> TYPE I ... done.  ==> CWD (1) /pubchem/.fetch/27 ... done.
==> SIZE 3308864973338455586.txt.gz ... 89
==> PASV ... done.    ==> RETR 3308864973338455586.txt.gz ... done.
Length: 89 (unauthoritative)

     0K                                                       100%  110K=0.001s

2019-06-21 00:24:51 (110 KB/s) - ‘3308864973338455586.txt.gz’ saved [89]

--2019-06-21 00:24:51--  http://query/
Resolving query (query)... failed: Name or service not known.
wget: unable to resolve host address ‘query’
--2019-06-21 00:24:51--  ftp://xml/
           => ‘.listing’
Resolving xml (xml)... failed: Name or service not known.
wget: unable to resolve host address ‘xml’
--2019-06-21 00:24:51--  http://pc_fetch_aid752576_activities_0.cgi/
Resolving pc_fetch_aid752576_activities_0.cgi (pc_fetch_aid752576_activities_0.cgi)... failed: Name or service not known.
wget: unable to resolve host address ‘pc_fetch_aid752576_activities_0.cgi’
FINISHED --2019-06-21 00:24:51--
Total wall clock time: 0.4s
Downloaded: 1 files, 89 in 0.001s (110 KB/s)
