--2019-06-20 19:15:01--  ftp://ftp-private.ncbi.nlm.nih.gov/pubchem/.fetch/82/3851051932328194865.txt.gz
           => ‘3851051932328194865.txt.gz’
Resolving ftp-private.ncbi.nlm.nih.gov (ftp-private.ncbi.nlm.nih.gov)... 130.14.29.30
Connecting to ftp-private.ncbi.nlm.nih.gov (ftp-private.ncbi.nlm.nih.gov)|130.14.29.30|:21... connected.
Logging in as anonymous ... Logged in!
==> SYST ... done.    ==> PWD ... done.
==> TYPE I ... done.  ==> CWD (1) /pubchem/.fetch/82 ... done.
==> SIZE 3851051932328194865.txt.gz ... 399
==> PASV ... done.    ==> RETR 3851051932328194865.txt.gz ... done.
Length: 399 (unauthoritative)

     0K                                                       100%  220K=0.002s

2019-06-20 19:15:02 (220 KB/s) - ‘3851051932328194865.txt.gz’ saved [399]

--2019-06-20 19:15:02--  http://query/
Resolving query (query)... failed: Name or service not known.
wget: unable to resolve host address ‘query’
--2019-06-20 19:15:02--  ftp://xml/
           => ‘.listing’
Resolving xml (xml)... failed: Name or service not known.
wget: unable to resolve host address ‘xml’
--2019-06-20 19:15:02--  http://pc_fetch_aid1252550_activities_0.cgi/
Resolving pc_fetch_aid1252550_activities_0.cgi (pc_fetch_aid1252550_activities_0.cgi)... failed: Name or service not known.
wget: unable to resolve host address ‘pc_fetch_aid1252550_activities_0.cgi’
FINISHED --2019-06-20 19:15:02--
Total wall clock time: 1.0s
Downloaded: 1 files, 399 in 0.002s (220 KB/s)
