--2019-06-21 00:50:41--  ftp://ftp-private.ncbi.nlm.nih.gov/pubchem/.fetch/28/4499840940280461993.txt.gz
           => ‘4499840940280461993.txt.gz’
Resolving ftp-private.ncbi.nlm.nih.gov (ftp-private.ncbi.nlm.nih.gov)... 130.14.29.35
Connecting to ftp-private.ncbi.nlm.nih.gov (ftp-private.ncbi.nlm.nih.gov)|130.14.29.35|:21... connected.
Logging in as anonymous ... Logged in!
==> SYST ... done.    ==> PWD ... done.
==> TYPE I ... done.  ==> CWD (1) /pubchem/.fetch/28 ... done.
==> SIZE 4499840940280461993.txt.gz ... 137
==> PASV ... done.    ==> RETR 4499840940280461993.txt.gz ... done.
Length: 137 (unauthoritative)

     0K                                                       100%  128K=0.001s

2019-06-21 00:50:41 (128 KB/s) - ‘4499840940280461993.txt.gz’ saved [137]

--2019-06-21 00:50:41--  http://query/
Resolving query (query)... failed: Name or service not known.
wget: unable to resolve host address ‘query’
--2019-06-21 00:50:41--  ftp://xml/
           => ‘.listing’
Resolving xml (xml)... failed: Name or service not known.
wget: unable to resolve host address ‘xml’
--2019-06-21 00:50:41--  http://pc_fetch_aid775943_activities_0.cgi/
Resolving pc_fetch_aid775943_activities_0.cgi (pc_fetch_aid775943_activities_0.cgi)... failed: Name or service not known.
wget: unable to resolve host address ‘pc_fetch_aid775943_activities_0.cgi’
FINISHED --2019-06-21 00:50:41--
Total wall clock time: 0.5s
Downloaded: 1 files, 137 in 0.001s (128 KB/s)
