--2019-06-20 21:14:23--  ftp://ftp-private.ncbi.nlm.nih.gov/pubchem/.fetch/5/34220568572913768.txt.gz
           => ‘34220568572913768.txt.gz’
Resolving ftp-private.ncbi.nlm.nih.gov (ftp-private.ncbi.nlm.nih.gov)... 130.14.29.35
Connecting to ftp-private.ncbi.nlm.nih.gov (ftp-private.ncbi.nlm.nih.gov)|130.14.29.35|:21... connected.
Logging in as anonymous ... Logged in!
==> SYST ... done.    ==> PWD ... done.
==> TYPE I ... done.  ==> CWD (1) /pubchem/.fetch/5 ... done.
==> SIZE 34220568572913768.txt.gz ... 106
==> PASV ... done.    ==> RETR 34220568572913768.txt.gz ... done.
Length: 106 (unauthoritative)

     0K                                                       100%  114K=0.001s

2019-06-20 21:14:23 (114 KB/s) - ‘34220568572913768.txt.gz’ saved [106]

--2019-06-20 21:14:23--  http://query/
Resolving query (query)... failed: Name or service not known.
wget: unable to resolve host address ‘query’
--2019-06-20 21:14:23--  ftp://xml/
           => ‘.listing’
Resolving xml (xml)... failed: Name or service not known.
wget: unable to resolve host address ‘xml’
--2019-06-20 21:14:23--  http://pc_fetch_aid267794_activities_0.cgi/
Resolving pc_fetch_aid267794_activities_0.cgi (pc_fetch_aid267794_activities_0.cgi)... failed: Name or service not known.
wget: unable to resolve host address ‘pc_fetch_aid267794_activities_0.cgi’
FINISHED --2019-06-20 21:14:23--
Total wall clock time: 0.4s
Downloaded: 1 files, 106 in 0.001s (114 KB/s)
