--2019-06-21 00:50:12--  ftp://ftp-private.ncbi.nlm.nih.gov/pubchem/.fetch/93/414489742510850576.txt.gz
           => ‘414489742510850576.txt.gz’
Resolving ftp-private.ncbi.nlm.nih.gov (ftp-private.ncbi.nlm.nih.gov)... 130.14.29.35
Connecting to ftp-private.ncbi.nlm.nih.gov (ftp-private.ncbi.nlm.nih.gov)|130.14.29.35|:21... connected.
Logging in as anonymous ... Logged in!
==> SYST ... done.    ==> PWD ... done.
==> TYPE I ... done.  ==> CWD (1) /pubchem/.fetch/93 ... done.
==> SIZE 414489742510850576.txt.gz ... 125
==> PASV ... done.    ==> RETR 414489742510850576.txt.gz ... done.
Length: 125 (unauthoritative)

     0K                                                       100% 65.0K=0.002s

2019-06-21 00:50:12 (65.0 KB/s) - ‘414489742510850576.txt.gz’ saved [125]

--2019-06-21 00:50:12--  http://query/
Resolving query (query)... failed: Name or service not known.
wget: unable to resolve host address ‘query’
--2019-06-21 00:50:12--  ftp://xml/
           => ‘.listing’
Resolving xml (xml)... failed: Name or service not known.
wget: unable to resolve host address ‘xml’
--2019-06-21 00:50:12--  http://pc_fetch_aid775938_activities_0.cgi/
Resolving pc_fetch_aid775938_activities_0.cgi (pc_fetch_aid775938_activities_0.cgi)... failed: Name or service not known.
wget: unable to resolve host address ‘pc_fetch_aid775938_activities_0.cgi’
FINISHED --2019-06-21 00:50:12--
Total wall clock time: 0.5s
Downloaded: 1 files, 125 in 0.002s (65.0 KB/s)
