--2019-06-21 00:10:19--  ftp://ftp-private.ncbi.nlm.nih.gov/pubchem/.fetch/32/660871094660893103.txt.gz
           => ‘660871094660893103.txt.gz’
Resolving ftp-private.ncbi.nlm.nih.gov (ftp-private.ncbi.nlm.nih.gov)... 130.14.29.35
Connecting to ftp-private.ncbi.nlm.nih.gov (ftp-private.ncbi.nlm.nih.gov)|130.14.29.35|:21... connected.
Logging in as anonymous ... Logged in!
==> SYST ... done.    ==> PWD ... done.
==> TYPE I ... done.  ==> CWD (1) /pubchem/.fetch/32 ... done.
==> SIZE 660871094660893103.txt.gz ... 115
==> PASV ... done.    ==> RETR 660871094660893103.txt.gz ... done.
Length: 115 (unauthoritative)

     0K                                                       100%  113K=0.001s

2019-06-21 00:10:20 (113 KB/s) - ‘660871094660893103.txt.gz’ saved [115]

--2019-06-21 00:10:20--  http://query/
Resolving query (query)... failed: Name or service not known.
wget: unable to resolve host address ‘query’
--2019-06-21 00:10:20--  ftp://xml/
           => ‘.listing’
Resolving xml (xml)... failed: Name or service not known.
wget: unable to resolve host address ‘xml’
--2019-06-21 00:10:20--  http://pc_fetch_aid738408_activities_0.cgi/
Resolving pc_fetch_aid738408_activities_0.cgi (pc_fetch_aid738408_activities_0.cgi)... failed: Name or service not known.
wget: unable to resolve host address ‘pc_fetch_aid738408_activities_0.cgi’
FINISHED --2019-06-21 00:10:20--
Total wall clock time: 0.4s
Downloaded: 1 files, 115 in 0.001s (113 KB/s)
