--2019-06-20 18:43:09--  ftp://ftp-private.ncbi.nlm.nih.gov/pubchem/.fetch/61/1506965746676213903.txt.gz
           => ‘1506965746676213903.txt.gz’
Resolving ftp-private.ncbi.nlm.nih.gov (ftp-private.ncbi.nlm.nih.gov)... 130.14.29.35
Connecting to ftp-private.ncbi.nlm.nih.gov (ftp-private.ncbi.nlm.nih.gov)|130.14.29.35|:21... connected.
Logging in as anonymous ... Logged in!
==> SYST ... done.    ==> PWD ... done.
==> TYPE I ... done.  ==> CWD (1) /pubchem/.fetch/61 ... done.
==> SIZE 1506965746676213903.txt.gz ... 136
==> PASV ... done.    ==> RETR 1506965746676213903.txt.gz ... done.
Length: 136 (unauthoritative)

     0K                                                       100%  135K=0.001s

2019-06-20 18:43:09 (135 KB/s) - ‘1506965746676213903.txt.gz’ saved [136]

--2019-06-20 18:43:09--  http://query/
Resolving query (query)... failed: Name or service not known.
wget: unable to resolve host address ‘query’
--2019-06-20 18:43:09--  ftp://xml/
           => ‘.listing’
Resolving xml (xml)... failed: Name or service not known.
wget: unable to resolve host address ‘xml’
--2019-06-20 18:43:09--  http://pc_fetch_aid1190147_activities_0.cgi/
Resolving pc_fetch_aid1190147_activities_0.cgi (pc_fetch_aid1190147_activities_0.cgi)... failed: Name or service not known.
wget: unable to resolve host address ‘pc_fetch_aid1190147_activities_0.cgi’
FINISHED --2019-06-20 18:43:09--
Total wall clock time: 0.4s
Downloaded: 1 files, 136 in 0.001s (135 KB/s)
