--2019-06-20 20:35:38--  ftp://ftp-private.ncbi.nlm.nih.gov/pubchem/.fetch/16/747376013057736717.txt.gz
           => ‘747376013057736717.txt.gz’
Resolving ftp-private.ncbi.nlm.nih.gov (ftp-private.ncbi.nlm.nih.gov)... 130.14.29.35
Connecting to ftp-private.ncbi.nlm.nih.gov (ftp-private.ncbi.nlm.nih.gov)|130.14.29.35|:21... connected.
Logging in as anonymous ... Logged in!
==> SYST ... done.    ==> PWD ... done.
==> TYPE I ... done.  ==> CWD (1) /pubchem/.fetch/16 ... done.
==> SIZE 747376013057736717.txt.gz ... 124
==> PASV ... done.    ==> RETR 747376013057736717.txt.gz ... done.
Length: 124 (unauthoritative)

     0K                                                       100%  135K=0.001s

2019-06-20 20:35:38 (135 KB/s) - ‘747376013057736717.txt.gz’ saved [124]

--2019-06-20 20:35:38--  http://query/
Resolving query (query)... failed: Name or service not known.
wget: unable to resolve host address ‘query’
--2019-06-20 20:35:38--  ftp://xml/
           => ‘.listing’
Resolving xml (xml)... failed: Name or service not known.
wget: unable to resolve host address ‘xml’
--2019-06-20 20:35:38--  http://pc_fetch_aid1310509_activities_0.cgi/
Resolving pc_fetch_aid1310509_activities_0.cgi (pc_fetch_aid1310509_activities_0.cgi)... failed: Name or service not known.
wget: unable to resolve host address ‘pc_fetch_aid1310509_activities_0.cgi’
FINISHED --2019-06-20 20:35:38--
Total wall clock time: 0.5s
Downloaded: 1 files, 124 in 0.001s (135 KB/s)
