--2019-06-20 22:19:57--  ftp://ftp-private.ncbi.nlm.nih.gov/pubchem/.fetch/43/4311357536872313953.txt.gz
           => ‘4311357536872313953.txt.gz’
Resolving ftp-private.ncbi.nlm.nih.gov (ftp-private.ncbi.nlm.nih.gov)... 130.14.29.30
Connecting to ftp-private.ncbi.nlm.nih.gov (ftp-private.ncbi.nlm.nih.gov)|130.14.29.30|:21... connected.
Logging in as anonymous ... Logged in!
==> SYST ... done.    ==> PWD ... done.
==> TYPE I ... done.  ==> CWD (1) /pubchem/.fetch/43 ... done.
==> SIZE 4311357536872313953.txt.gz ... 67
==> PASV ... done.    ==> RETR 4311357536872313953.txt.gz ... done.
Length: 67 (unauthoritative)

     0K                                                       100% 85.6K=0.001s

2019-06-20 22:19:57 (85.6 KB/s) - ‘4311357536872313953.txt.gz’ saved [67]

--2019-06-20 22:19:57--  http://query/
Resolving query (query)... failed: Name or service not known.
wget: unable to resolve host address ‘query’
--2019-06-20 22:19:57--  ftp://xml/
           => ‘.listing’
Resolving xml (xml)... failed: Name or service not known.
wget: unable to resolve host address ‘xml’
--2019-06-20 22:19:57--  http://pc_fetch_aid497357_activities_0.cgi/
Resolving pc_fetch_aid497357_activities_0.cgi (pc_fetch_aid497357_activities_0.cgi)... failed: Name or service not known.
wget: unable to resolve host address ‘pc_fetch_aid497357_activities_0.cgi’
FINISHED --2019-06-20 22:19:57--
Total wall clock time: 0.4s
Downloaded: 1 files, 67 in 0.001s (85.6 KB/s)
