--2019-06-20 18:44:55--  ftp://ftp-private.ncbi.nlm.nih.gov/pubchem/.fetch/90/1542226682734470696.txt.gz
           => ‘1542226682734470696.txt.gz’
Resolving ftp-private.ncbi.nlm.nih.gov (ftp-private.ncbi.nlm.nih.gov)... 130.14.29.30
Connecting to ftp-private.ncbi.nlm.nih.gov (ftp-private.ncbi.nlm.nih.gov)|130.14.29.30|:21... connected.
Logging in as anonymous ... Logged in!
==> SYST ... done.    ==> PWD ... done.
==> TYPE I ... done.  ==> CWD (1) /pubchem/.fetch/90 ... done.
==> SIZE 1542226682734470696.txt.gz ... 64
==> PASV ... done.    ==> RETR 1542226682734470696.txt.gz ... done.
Length: 64 (unauthoritative)

     0K                                                       100% 75.3K=0.001s

2019-06-20 18:44:56 (75.3 KB/s) - ‘1542226682734470696.txt.gz’ saved [64]

--2019-06-20 18:44:56--  http://query/
Resolving query (query)... failed: Name or service not known.
wget: unable to resolve host address ‘query’
--2019-06-20 18:44:56--  ftp://xml/
           => ‘.listing’
Resolving xml (xml)... failed: Name or service not known.
wget: unable to resolve host address ‘xml’
--2019-06-20 18:44:56--  http://pc_fetch_aid1190165_activities_0.cgi/
Resolving pc_fetch_aid1190165_activities_0.cgi (pc_fetch_aid1190165_activities_0.cgi)... failed: Name or service not known.
wget: unable to resolve host address ‘pc_fetch_aid1190165_activities_0.cgi’
FINISHED --2019-06-20 18:44:56--
Total wall clock time: 0.8s
Downloaded: 1 files, 64 in 0.001s (75.3 KB/s)
