--2019-06-20 22:02:50--  ftp://ftp-private.ncbi.nlm.nih.gov/pubchem/.fetch/29/2361199033595279639.txt.gz
           => ‘2361199033595279639.txt.gz’
Resolving ftp-private.ncbi.nlm.nih.gov (ftp-private.ncbi.nlm.nih.gov)... 130.14.29.35
Connecting to ftp-private.ncbi.nlm.nih.gov (ftp-private.ncbi.nlm.nih.gov)|130.14.29.35|:21... connected.
Logging in as anonymous ... Logged in!
==> SYST ... done.    ==> PWD ... done.
==> TYPE I ... done.  ==> CWD (1) /pubchem/.fetch/29 ... done.
==> SIZE 2361199033595279639.txt.gz ... 73
==> PASV ... done.    ==> RETR 2361199033595279639.txt.gz ... done.
Length: 73 (unauthoritative)

     0K                                                       100% 83.3K=0.001s

2019-06-20 22:02:51 (83.3 KB/s) - ‘2361199033595279639.txt.gz’ saved [73]

--2019-06-20 22:02:51--  http://query/
Resolving query (query)... failed: Name or service not known.
wget: unable to resolve host address ‘query’
--2019-06-20 22:02:51--  ftp://xml/
           => ‘.listing’
Resolving xml (xml)... failed: Name or service not known.
wget: unable to resolve host address ‘xml’
--2019-06-20 22:02:51--  http://pc_fetch_aid457863_activities_0.cgi/
Resolving pc_fetch_aid457863_activities_0.cgi (pc_fetch_aid457863_activities_0.cgi)... failed: Name or service not known.
wget: unable to resolve host address ‘pc_fetch_aid457863_activities_0.cgi’
FINISHED --2019-06-20 22:02:51--
Total wall clock time: 0.8s
Downloaded: 1 files, 73 in 0.001s (83.3 KB/s)
