--2019-06-20 22:22:31--  ftp://ftp-private.ncbi.nlm.nih.gov/pubchem/.fetch/73/1770089814498882263.txt.gz
           => ‘1770089814498882263.txt.gz’
Resolving ftp-private.ncbi.nlm.nih.gov (ftp-private.ncbi.nlm.nih.gov)... 130.14.29.30
Connecting to ftp-private.ncbi.nlm.nih.gov (ftp-private.ncbi.nlm.nih.gov)|130.14.29.30|:21... connected.
Logging in as anonymous ... Logged in!
==> SYST ... done.    ==> PWD ... done.
==> TYPE I ... done.  ==> CWD (1) /pubchem/.fetch/73 ... done.
==> SIZE 1770089814498882263.txt.gz ... 119
==> PASV ... done.    ==> RETR 1770089814498882263.txt.gz ... done.
Length: 119 (unauthoritative)

     0K                                                       100%  132K=0.001s

2019-06-20 22:22:32 (132 KB/s) - ‘1770089814498882263.txt.gz’ saved [119]

--2019-06-20 22:22:32--  http://query/
Resolving query (query)... failed: Name or service not known.
wget: unable to resolve host address ‘query’
--2019-06-20 22:22:32--  ftp://xml/
           => ‘.listing’
Resolving xml (xml)... failed: Name or service not known.
wget: unable to resolve host address ‘xml’
--2019-06-20 22:22:32--  http://pc_fetch_aid500488_activities_0.cgi/
Resolving pc_fetch_aid500488_activities_0.cgi (pc_fetch_aid500488_activities_0.cgi)... failed: Name or service not known.
wget: unable to resolve host address ‘pc_fetch_aid500488_activities_0.cgi’
FINISHED --2019-06-20 22:22:32--
Total wall clock time: 0.5s
Downloaded: 1 files, 119 in 0.001s (132 KB/s)
