--2019-06-20 21:04:28--  ftp://ftp-private.ncbi.nlm.nih.gov/pubchem/.fetch/42/664041690478015367.txt.gz
           => ‘664041690478015367.txt.gz’
Resolving ftp-private.ncbi.nlm.nih.gov (ftp-private.ncbi.nlm.nih.gov)... 130.14.29.35
Connecting to ftp-private.ncbi.nlm.nih.gov (ftp-private.ncbi.nlm.nih.gov)|130.14.29.35|:21... connected.
Logging in as anonymous ... Logged in!
==> SYST ... done.    ==> PWD ... done.
==> TYPE I ... done.  ==> CWD (1) /pubchem/.fetch/42 ... done.
==> SIZE 664041690478015367.txt.gz ... 448
==> PASV ... done.    ==> RETR 664041690478015367.txt.gz ... done.
Length: 448 (unauthoritative)

     0K                                                       100%  234K=0.002s

2019-06-20 21:04:29 (234 KB/s) - ‘664041690478015367.txt.gz’ saved [448]

--2019-06-20 21:04:29--  http://query/
Resolving query (query)... failed: Name or service not known.
wget: unable to resolve host address ‘query’
--2019-06-20 21:04:29--  ftp://xml/
           => ‘.listing’
Resolving xml (xml)... failed: Name or service not known.
wget: unable to resolve host address ‘xml’
--2019-06-20 21:04:29--  http://pc_fetch_aid1336750_activities_0.cgi/
Resolving pc_fetch_aid1336750_activities_0.cgi (pc_fetch_aid1336750_activities_0.cgi)... failed: Name or service not known.
wget: unable to resolve host address ‘pc_fetch_aid1336750_activities_0.cgi’
FINISHED --2019-06-20 21:04:29--
Total wall clock time: 0.4s
Downloaded: 1 files, 448 in 0.002s (234 KB/s)
