--2019-06-20 17:14:43--  ftp://ftp-private.ncbi.nlm.nih.gov/pubchem/.fetch/70/4107189989031432561.txt.gz
           => ‘4107189989031432561.txt.gz’
Resolving ftp-private.ncbi.nlm.nih.gov (ftp-private.ncbi.nlm.nih.gov)... 130.14.29.35
Connecting to ftp-private.ncbi.nlm.nih.gov (ftp-private.ncbi.nlm.nih.gov)|130.14.29.35|:21... connected.
Logging in as anonymous ... Logged in!
==> SYST ... done.    ==> PWD ... done.
==> TYPE I ... done.  ==> CWD (1) /pubchem/.fetch/70 ... done.
==> SIZE 4107189989031432561.txt.gz ... 80
==> PASV ... done.    ==> RETR 4107189989031432561.txt.gz ... done.
Length: 80 (unauthoritative)

     0K                                                       100% 83.9K=0.001s

2019-06-20 17:14:43 (83.9 KB/s) - ‘4107189989031432561.txt.gz’ saved [80]

--2019-06-20 17:14:43--  http://query/
Resolving query (query)... failed: Name or service not known.
wget: unable to resolve host address ‘query’
--2019-06-20 17:14:43--  ftp://xml/
           => ‘.listing’
Resolving xml (xml)... failed: Name or service not known.
wget: unable to resolve host address ‘xml’
--2019-06-20 17:14:43--  http://pc_fetch_aid1064230_activities_0.cgi/
Resolving pc_fetch_aid1064230_activities_0.cgi (pc_fetch_aid1064230_activities_0.cgi)... failed: Name or service not known.
wget: unable to resolve host address ‘pc_fetch_aid1064230_activities_0.cgi’
FINISHED --2019-06-20 17:14:43--
Total wall clock time: 0.6s
Downloaded: 1 files, 80 in 0.001s (83.9 KB/s)
