--2019-06-20 18:20:02--  ftp://ftp-private.ncbi.nlm.nih.gov/pubchem/.fetch/84/4051513671326578033.txt.gz
           => ‘4051513671326578033.txt.gz’
Resolving ftp-private.ncbi.nlm.nih.gov (ftp-private.ncbi.nlm.nih.gov)... 130.14.29.30
Connecting to ftp-private.ncbi.nlm.nih.gov (ftp-private.ncbi.nlm.nih.gov)|130.14.29.30|:21... connected.
Logging in as anonymous ... Logged in!
==> SYST ... done.    ==> PWD ... done.
==> TYPE I ... done.  ==> CWD (1) /pubchem/.fetch/84 ... done.
==> SIZE 4051513671326578033.txt.gz ... 77
==> PASV ... done.    ==> RETR 4051513671326578033.txt.gz ... done.
Length: 77 (unauthoritative)

     0K                                                       100% 90.8K=0.001s

2019-06-20 18:20:03 (90.8 KB/s) - ‘4051513671326578033.txt.gz’ saved [77]

--2019-06-20 18:20:03--  http://query/
Resolving query (query)... failed: Name or service not known.
wget: unable to resolve host address ‘query’
--2019-06-20 18:20:03--  ftp://xml/
           => ‘.listing’
Resolving xml (xml)... failed: Name or service not known.
wget: unable to resolve host address ‘xml’
--2019-06-20 18:20:03--  http://pc_fetch_aid1170983_activities_0.cgi/
Resolving pc_fetch_aid1170983_activities_0.cgi (pc_fetch_aid1170983_activities_0.cgi)... failed: Name or service not known.
wget: unable to resolve host address ‘pc_fetch_aid1170983_activities_0.cgi’
FINISHED --2019-06-20 18:20:03--
Total wall clock time: 0.4s
Downloaded: 1 files, 77 in 0.001s (90.8 KB/s)
