--2019-06-20 22:41:45--  ftp://ftp-private.ncbi.nlm.nih.gov/pubchem/.fetch/94/3223170432117628070.txt.gz
           => ‘3223170432117628070.txt.gz’
Resolving ftp-private.ncbi.nlm.nih.gov (ftp-private.ncbi.nlm.nih.gov)... 130.14.29.30
Connecting to ftp-private.ncbi.nlm.nih.gov (ftp-private.ncbi.nlm.nih.gov)|130.14.29.30|:21... connected.
Logging in as anonymous ... Logged in!
==> SYST ... done.    ==> PWD ... done.
==> TYPE I ... done.  ==> CWD (1) /pubchem/.fetch/94 ... done.
==> SIZE 3223170432117628070.txt.gz ... 65
==> PASV ... done.    ==> RETR 3223170432117628070.txt.gz ... done.
Length: 65 (unauthoritative)

     0K                                                       100% 77.7K=0.001s

2019-06-20 22:41:46 (77.7 KB/s) - ‘3223170432117628070.txt.gz’ saved [65]

--2019-06-20 22:41:46--  http://query/
Resolving query (query)... failed: Name or service not known.
wget: unable to resolve host address ‘query’
--2019-06-20 22:41:46--  ftp://xml/
           => ‘.listing’
Resolving xml (xml)... failed: Name or service not known.
wget: unable to resolve host address ‘xml’
--2019-06-20 22:41:46--  http://pc_fetch_aid528381_activities_0.cgi/
Resolving pc_fetch_aid528381_activities_0.cgi (pc_fetch_aid528381_activities_0.cgi)... failed: Name or service not known.
wget: unable to resolve host address ‘pc_fetch_aid528381_activities_0.cgi’
FINISHED --2019-06-20 22:41:46--
Total wall clock time: 0.5s
Downloaded: 1 files, 65 in 0.001s (77.7 KB/s)
