--2019-06-20 17:16:28--  ftp://ftp-private.ncbi.nlm.nih.gov/pubchem/.fetch/66/924112810505007589.txt.gz
           => ‘924112810505007589.txt.gz’
Resolving ftp-private.ncbi.nlm.nih.gov (ftp-private.ncbi.nlm.nih.gov)... 130.14.29.30
Connecting to ftp-private.ncbi.nlm.nih.gov (ftp-private.ncbi.nlm.nih.gov)|130.14.29.30|:21... connected.
Logging in as anonymous ... Logged in!
==> SYST ... done.    ==> PWD ... done.
==> TYPE I ... done.  ==> CWD (1) /pubchem/.fetch/66 ... done.
==> SIZE 924112810505007589.txt.gz ... 102
==> PASV ... done.    ==> RETR 924112810505007589.txt.gz ... done.
Length: 102 (unauthoritative)

     0K                                                       100%  135K=0.001s

2019-06-20 17:16:28 (135 KB/s) - ‘924112810505007589.txt.gz’ saved [102]

--2019-06-20 17:16:28--  http://query/
Resolving query (query)... failed: Name or service not known.
wget: unable to resolve host address ‘query’
--2019-06-20 17:16:28--  ftp://xml/
           => ‘.listing’
Resolving xml (xml)... failed: Name or service not known.
wget: unable to resolve host address ‘xml’
--2019-06-20 17:16:28--  http://pc_fetch_aid1064568_activities_0.cgi/
Resolving pc_fetch_aid1064568_activities_0.cgi (pc_fetch_aid1064568_activities_0.cgi)... failed: Name or service not known.
wget: unable to resolve host address ‘pc_fetch_aid1064568_activities_0.cgi’
FINISHED --2019-06-20 17:16:29--
Total wall clock time: 1.4s
Downloaded: 1 files, 102 in 0.001s (135 KB/s)
