--2019-06-20 21:57:23--  ftp://ftp-private.ncbi.nlm.nih.gov/pubchem/.fetch/56/3178663461146445579.txt.gz
           => ‘3178663461146445579.txt.gz’
Resolving ftp-private.ncbi.nlm.nih.gov (ftp-private.ncbi.nlm.nih.gov)... 130.14.29.30
Connecting to ftp-private.ncbi.nlm.nih.gov (ftp-private.ncbi.nlm.nih.gov)|130.14.29.30|:21... connected.
Logging in as anonymous ... Logged in!
==> SYST ... done.    ==> PWD ... done.
==> TYPE I ... done.  ==> CWD (1) /pubchem/.fetch/56 ... done.
==> SIZE 3178663461146445579.txt.gz ... 73
==> PASV ... done.    ==> RETR 3178663461146445579.txt.gz ... done.
Length: 73 (unauthoritative)

     0K                                                       100% 50.0K=0.001s

2019-06-20 21:57:23 (50.0 KB/s) - ‘3178663461146445579.txt.gz’ saved [73]

--2019-06-20 21:57:23--  http://query/
Resolving query (query)... failed: Name or service not known.
wget: unable to resolve host address ‘query’
--2019-06-20 21:57:23--  ftp://xml/
           => ‘.listing’
Resolving xml (xml)... failed: Name or service not known.
wget: unable to resolve host address ‘xml’
--2019-06-20 21:57:23--  http://pc_fetch_aid457809_activities_0.cgi/
Resolving pc_fetch_aid457809_activities_0.cgi (pc_fetch_aid457809_activities_0.cgi)... failed: Name or service not known.
wget: unable to resolve host address ‘pc_fetch_aid457809_activities_0.cgi’
FINISHED --2019-06-20 21:57:23--
Total wall clock time: 0.7s
Downloaded: 1 files, 73 in 0.001s (50.0 KB/s)
