--2019-06-20 23:59:27--  ftp://ftp-private.ncbi.nlm.nih.gov/pubchem/.fetch/35/1058796738922225294.txt.gz
           => ‘1058796738922225294.txt.gz’
Resolving ftp-private.ncbi.nlm.nih.gov (ftp-private.ncbi.nlm.nih.gov)... 130.14.29.30
Connecting to ftp-private.ncbi.nlm.nih.gov (ftp-private.ncbi.nlm.nih.gov)|130.14.29.30|:21... connected.
Logging in as anonymous ... Logged in!
==> SYST ... done.    ==> PWD ... done.
==> TYPE I ... done.  ==> CWD (1) /pubchem/.fetch/35 ... done.
==> SIZE 1058796738922225294.txt.gz ... 76
==> PASV ... done.    ==> RETR 1058796738922225294.txt.gz ... done.
Length: 76 (unauthoritative)

     0K                                                       100% 96.8K=0.001s

2019-06-20 23:59:28 (96.8 KB/s) - ‘1058796738922225294.txt.gz’ saved [76]

--2019-06-20 23:59:28--  http://query/
Resolving query (query)... failed: Name or service not known.
wget: unable to resolve host address ‘query’
--2019-06-20 23:59:28--  ftp://xml/
           => ‘.listing’
Resolving xml (xml)... failed: Name or service not known.
wget: unable to resolve host address ‘xml’
--2019-06-20 23:59:28--  http://pc_fetch_aid726457_activities_0.cgi/
Resolving pc_fetch_aid726457_activities_0.cgi (pc_fetch_aid726457_activities_0.cgi)... failed: Name or service not known.
wget: unable to resolve host address ‘pc_fetch_aid726457_activities_0.cgi’
FINISHED --2019-06-20 23:59:28--
Total wall clock time: 0.5s
Downloaded: 1 files, 76 in 0.001s (96.8 KB/s)
