--2019-06-20 21:35:18--  ftp://ftp-private.ncbi.nlm.nih.gov/pubchem/.fetch/50/4505507687808609419.txt.gz
           => ‘4505507687808609419.txt.gz’
Resolving ftp-private.ncbi.nlm.nih.gov (ftp-private.ncbi.nlm.nih.gov)... 130.14.29.35
Connecting to ftp-private.ncbi.nlm.nih.gov (ftp-private.ncbi.nlm.nih.gov)|130.14.29.35|:21... connected.
Logging in as anonymous ... Logged in!
==> SYST ... done.    ==> PWD ... done.
==> TYPE I ... done.  ==> CWD (1) /pubchem/.fetch/50 ... done.
==> SIZE 4505507687808609419.txt.gz ... 86
==> PASV ... done.    ==> RETR 4505507687808609419.txt.gz ... done.
Length: 86 (unauthoritative)

     0K                                                       100%  102K=0.001s

2019-06-20 21:35:18 (102 KB/s) - ‘4505507687808609419.txt.gz’ saved [86]

--2019-06-20 21:35:18--  http://query/
Resolving query (query)... failed: Name or service not known.
wget: unable to resolve host address ‘query’
--2019-06-20 21:35:18--  ftp://xml/
           => ‘.listing’
Resolving xml (xml)... failed: Name or service not known.
wget: unable to resolve host address ‘xml’
--2019-06-20 21:35:18--  http://pc_fetch_aid351660_activities_0.cgi/
Resolving pc_fetch_aid351660_activities_0.cgi (pc_fetch_aid351660_activities_0.cgi)... failed: Name or service not known.
wget: unable to resolve host address ‘pc_fetch_aid351660_activities_0.cgi’
FINISHED --2019-06-20 21:35:19--
Total wall clock time: 0.5s
Downloaded: 1 files, 86 in 0.001s (102 KB/s)
