--2019-06-20 21:24:17--  ftp://ftp-private.ncbi.nlm.nih.gov/pubchem/.fetch/88/2573444798720680968.txt.gz
           => ‘2573444798720680968.txt.gz’
Resolving ftp-private.ncbi.nlm.nih.gov (ftp-private.ncbi.nlm.nih.gov)... 130.14.29.35
Connecting to ftp-private.ncbi.nlm.nih.gov (ftp-private.ncbi.nlm.nih.gov)|130.14.29.35|:21... connected.
Logging in as anonymous ... Logged in!
==> SYST ... done.    ==> PWD ... done.
==> TYPE I ... done.  ==> CWD (1) /pubchem/.fetch/88 ... done.
==> SIZE 2573444798720680968.txt.gz ... 70
==> PASV ... done.    ==> RETR 2573444798720680968.txt.gz ... done.
Length: 70 (unauthoritative)

     0K                                                       100% 70.8K=0.001s

2019-06-20 21:24:17 (70.8 KB/s) - ‘2573444798720680968.txt.gz’ saved [70]

--2019-06-20 21:24:17--  http://query/
Resolving query (query)... failed: Name or service not known.
wget: unable to resolve host address ‘query’
--2019-06-20 21:24:17--  ftp://xml/
           => ‘.listing’
Resolving xml (xml)... failed: Name or service not known.
wget: unable to resolve host address ‘xml’
--2019-06-20 21:24:17--  http://pc_fetch_aid308806_activities_0.cgi/
Resolving pc_fetch_aid308806_activities_0.cgi (pc_fetch_aid308806_activities_0.cgi)... failed: Name or service not known.
wget: unable to resolve host address ‘pc_fetch_aid308806_activities_0.cgi’
FINISHED --2019-06-20 21:24:18--
Total wall clock time: 0.4s
Downloaded: 1 files, 70 in 0.001s (70.8 KB/s)
