--2019-06-20 20:17:23--  ftp://ftp-private.ncbi.nlm.nih.gov/pubchem/.fetch/89/4402797545488400823.txt.gz
           => ‘4402797545488400823.txt.gz’
Resolving ftp-private.ncbi.nlm.nih.gov (ftp-private.ncbi.nlm.nih.gov)... 130.14.29.35
Connecting to ftp-private.ncbi.nlm.nih.gov (ftp-private.ncbi.nlm.nih.gov)|130.14.29.35|:21... connected.
Logging in as anonymous ... Logged in!
==> SYST ... done.    ==> PWD ... done.
==> TYPE I ... done.  ==> CWD (1) /pubchem/.fetch/89 ... done.
==> SIZE 4402797545488400823.txt.gz ... 271
==> PASV ... done.    ==> RETR 4402797545488400823.txt.gz ... done.
Length: 271 (unauthoritative)

     0K                                                       100%  237K=0.001s

2019-06-20 20:17:23 (237 KB/s) - ‘4402797545488400823.txt.gz’ saved [271]

--2019-06-20 20:17:23--  http://query/
Resolving query (query)... failed: Name or service not known.
wget: unable to resolve host address ‘query’
--2019-06-20 20:17:23--  ftp://xml/
           => ‘.listing’
Resolving xml (xml)... failed: Name or service not known.
wget: unable to resolve host address ‘xml’
--2019-06-20 20:17:23--  http://pc_fetch_aid1308560_activities_0.cgi/
Resolving pc_fetch_aid1308560_activities_0.cgi (pc_fetch_aid1308560_activities_0.cgi)... failed: Name or service not known.
wget: unable to resolve host address ‘pc_fetch_aid1308560_activities_0.cgi’
FINISHED --2019-06-20 20:17:23--
Total wall clock time: 0.5s
Downloaded: 1 files, 271 in 0.001s (237 KB/s)
