--2019-06-20 18:15:32--  ftp://ftp-private.ncbi.nlm.nih.gov/pubchem/.fetch/14/396110472668366877.txt.gz
           => ‘396110472668366877.txt.gz’
Resolving ftp-private.ncbi.nlm.nih.gov (ftp-private.ncbi.nlm.nih.gov)... 130.14.29.30
Connecting to ftp-private.ncbi.nlm.nih.gov (ftp-private.ncbi.nlm.nih.gov)|130.14.29.30|:21... connected.
Logging in as anonymous ... Logged in!
==> SYST ... done.    ==> PWD ... done.
==> TYPE I ... done.  ==> CWD (1) /pubchem/.fetch/14 ... done.
==> SIZE 396110472668366877.txt.gz ... 87
==> PASV ... done.    ==> RETR 396110472668366877.txt.gz ... done.
Length: 87 (unauthoritative)

     0K                                                       100%  110K=0.001s

2019-06-20 18:15:32 (110 KB/s) - ‘396110472668366877.txt.gz’ saved [87]

--2019-06-20 18:15:32--  http://query/
Resolving query (query)... failed: Name or service not known.
wget: unable to resolve host address ‘query’
--2019-06-20 18:15:32--  ftp://xml/
           => ‘.listing’
Resolving xml (xml)... failed: Name or service not known.
wget: unable to resolve host address ‘xml’
--2019-06-20 18:15:32--  http://pc_fetch_aid1166326_activities_0.cgi/
Resolving pc_fetch_aid1166326_activities_0.cgi (pc_fetch_aid1166326_activities_0.cgi)... failed: Name or service not known.
wget: unable to resolve host address ‘pc_fetch_aid1166326_activities_0.cgi’
FINISHED --2019-06-20 18:15:32--
Total wall clock time: 0.4s
Downloaded: 1 files, 87 in 0.001s (110 KB/s)
