--2019-06-20 17:13:43--  ftp://ftp-private.ncbi.nlm.nih.gov/pubchem/.fetch/62/2947580470174136990.txt.gz
           => ‘2947580470174136990.txt.gz’
Resolving ftp-private.ncbi.nlm.nih.gov (ftp-private.ncbi.nlm.nih.gov)... 130.14.29.35
Connecting to ftp-private.ncbi.nlm.nih.gov (ftp-private.ncbi.nlm.nih.gov)|130.14.29.35|:21... connected.
Logging in as anonymous ... Logged in!
==> SYST ... done.    ==> PWD ... done.
==> TYPE I ... done.  ==> CWD (1) /pubchem/.fetch/62 ... done.
==> SIZE 2947580470174136990.txt.gz ... 58
==> PASV ... done.    ==> RETR 2947580470174136990.txt.gz ... done.
Length: 58 (unauthoritative)

     0K                                                       100% 73.2K=0.001s

2019-06-20 17:13:44 (73.2 KB/s) - ‘2947580470174136990.txt.gz’ saved [58]

--2019-06-20 17:13:44--  http://query/
Resolving query (query)... failed: Name or service not known.
wget: unable to resolve host address ‘query’
--2019-06-20 17:13:44--  ftp://xml/
           => ‘.listing’
Resolving xml (xml)... failed: Name or service not known.
wget: unable to resolve host address ‘xml’
--2019-06-20 17:13:44--  http://pc_fetch_aid1064220_activities_0.cgi/
Resolving pc_fetch_aid1064220_activities_0.cgi (pc_fetch_aid1064220_activities_0.cgi)... failed: Name or service not known.
wget: unable to resolve host address ‘pc_fetch_aid1064220_activities_0.cgi’
FINISHED --2019-06-20 17:13:44--
Total wall clock time: 0.5s
Downloaded: 1 files, 58 in 0.001s (73.2 KB/s)
