--2019-06-21 00:31:45--  ftp://ftp-private.ncbi.nlm.nih.gov/pubchem/.fetch/19/1427519898887936042.txt.gz
           => ‘1427519898887936042.txt.gz’
Resolving ftp-private.ncbi.nlm.nih.gov (ftp-private.ncbi.nlm.nih.gov)... 130.14.29.35
Connecting to ftp-private.ncbi.nlm.nih.gov (ftp-private.ncbi.nlm.nih.gov)|130.14.29.35|:21... connected.
Logging in as anonymous ... Logged in!
==> SYST ... done.    ==> PWD ... done.
==> TYPE I ... done.  ==> CWD (1) /pubchem/.fetch/19 ... done.
==> SIZE 1427519898887936042.txt.gz ... 60
==> PASV ... done.    ==> RETR 1427519898887936042.txt.gz ... done.
Length: 60 (unauthoritative)

     0K                                                       100% 79.2K=0.001s

2019-06-21 00:31:45 (79.2 KB/s) - ‘1427519898887936042.txt.gz’ saved [60]

--2019-06-21 00:31:45--  http://query/
Resolving query (query)... failed: Name or service not known.
wget: unable to resolve host address ‘query’
--2019-06-21 00:31:45--  ftp://xml/
           => ‘.listing’
Resolving xml (xml)... failed: Name or service not known.
wget: unable to resolve host address ‘xml’
--2019-06-21 00:31:45--  http://pc_fetch_aid756727_activities_0.cgi/
Resolving pc_fetch_aid756727_activities_0.cgi (pc_fetch_aid756727_activities_0.cgi)... failed: Name or service not known.
wget: unable to resolve host address ‘pc_fetch_aid756727_activities_0.cgi’
FINISHED --2019-06-21 00:31:45--
Total wall clock time: 0.4s
Downloaded: 1 files, 60 in 0.001s (79.2 KB/s)
