--2019-06-20 23:23:23--  ftp://ftp-private.ncbi.nlm.nih.gov/pubchem/.fetch/23/1373905556403447595.txt.gz
           => ‘1373905556403447595.txt.gz’
Resolving ftp-private.ncbi.nlm.nih.gov (ftp-private.ncbi.nlm.nih.gov)... 130.14.29.35
Connecting to ftp-private.ncbi.nlm.nih.gov (ftp-private.ncbi.nlm.nih.gov)|130.14.29.35|:21... connected.
Logging in as anonymous ... Logged in!
==> SYST ... done.    ==> PWD ... done.
==> TYPE I ... done.  ==> CWD (1) /pubchem/.fetch/23 ... done.
==> SIZE 1373905556403447595.txt.gz ... 74
==> PASV ... done.    ==> RETR 1373905556403447595.txt.gz ... done.
Length: 74 (unauthoritative)

     0K                                                       100% 81.6K=0.001s

2019-06-20 23:23:23 (81.6 KB/s) - ‘1373905556403447595.txt.gz’ saved [74]

--2019-06-20 23:23:23--  http://query/
Resolving query (query)... failed: Name or service not known.
wget: unable to resolve host address ‘query’
--2019-06-20 23:23:23--  ftp://xml/
           => ‘.listing’
Resolving xml (xml)... failed: Name or service not known.
wget: unable to resolve host address ‘xml’
--2019-06-20 23:23:23--  http://pc_fetch_aid647336_activities_0.cgi/
Resolving pc_fetch_aid647336_activities_0.cgi (pc_fetch_aid647336_activities_0.cgi)... failed: Name or service not known.
wget: unable to resolve host address ‘pc_fetch_aid647336_activities_0.cgi’
FINISHED --2019-06-20 23:23:23--
Total wall clock time: 0.5s
Downloaded: 1 files, 74 in 0.001s (81.6 KB/s)
