--2019-06-20 22:05:09--  ftp://ftp-private.ncbi.nlm.nih.gov/pubchem/.fetch/99/3105857734500889677.txt.gz
           => ‘3105857734500889677.txt.gz’
Resolving ftp-private.ncbi.nlm.nih.gov (ftp-private.ncbi.nlm.nih.gov)... 130.14.29.30
Connecting to ftp-private.ncbi.nlm.nih.gov (ftp-private.ncbi.nlm.nih.gov)|130.14.29.30|:21... connected.
Logging in as anonymous ... Logged in!
==> SYST ... done.    ==> PWD ... done.
==> TYPE I ... done.  ==> CWD (1) /pubchem/.fetch/99 ... done.
==> SIZE 3105857734500889677.txt.gz ... 79
==> PASV ... done.    ==> RETR 3105857734500889677.txt.gz ... done.
Length: 79 (unauthoritative)

     0K                                                       100% 90.6K=0.001s

2019-06-20 22:05:10 (90.6 KB/s) - ‘3105857734500889677.txt.gz’ saved [79]

--2019-06-20 22:05:10--  http://query/
Resolving query (query)... failed: Name or service not known.
wget: unable to resolve host address ‘query’
--2019-06-20 22:05:10--  ftp://xml/
           => ‘.listing’
Resolving xml (xml)... failed: Name or service not known.
wget: unable to resolve host address ‘xml’
--2019-06-20 22:05:10--  http://pc_fetch_aid468216_activities_0.cgi/
Resolving pc_fetch_aid468216_activities_0.cgi (pc_fetch_aid468216_activities_0.cgi)... failed: Name or service not known.
wget: unable to resolve host address ‘pc_fetch_aid468216_activities_0.cgi’
FINISHED --2019-06-20 22:05:10--
Total wall clock time: 0.8s
Downloaded: 1 files, 79 in 0.001s (90.6 KB/s)
