--2019-06-20 21:57:47--  ftp://ftp-private.ncbi.nlm.nih.gov/pubchem/.fetch/7/3068268510868050228.txt.gz
           => ‘3068268510868050228.txt.gz’
Resolving ftp-private.ncbi.nlm.nih.gov (ftp-private.ncbi.nlm.nih.gov)... 130.14.29.30
Connecting to ftp-private.ncbi.nlm.nih.gov (ftp-private.ncbi.nlm.nih.gov)|130.14.29.30|:21... connected.
Logging in as anonymous ... Logged in!
==> SYST ... done.    ==> PWD ... done.
==> TYPE I ... done.  ==> CWD (1) /pubchem/.fetch/7 ... done.
==> SIZE 3068268510868050228.txt.gz ... 73
==> PASV ... done.    ==> RETR 3068268510868050228.txt.gz ... done.
Length: 73 (unauthoritative)

     0K                                                       100%  100K=0.001s

2019-06-20 21:57:47 (100 KB/s) - ‘3068268510868050228.txt.gz’ saved [73]

--2019-06-20 21:57:47--  http://query/
Resolving query (query)... failed: Name or service not known.
wget: unable to resolve host address ‘query’
--2019-06-20 21:57:47--  ftp://xml/
           => ‘.listing’
Resolving xml (xml)... failed: Name or service not known.
wget: unable to resolve host address ‘xml’
--2019-06-20 21:57:47--  http://pc_fetch_aid457813_activities_0.cgi/
Resolving pc_fetch_aid457813_activities_0.cgi (pc_fetch_aid457813_activities_0.cgi)... failed: Name or service not known.
wget: unable to resolve host address ‘pc_fetch_aid457813_activities_0.cgi’
FINISHED --2019-06-20 21:57:47--
Total wall clock time: 0.5s
Downloaded: 1 files, 73 in 0.001s (100 KB/s)
