--2019-06-20 21:26:18--  ftp://ftp-private.ncbi.nlm.nih.gov/pubchem/.fetch/95/4443230074143480238.txt.gz
           => ‘4443230074143480238.txt.gz’
Resolving ftp-private.ncbi.nlm.nih.gov (ftp-private.ncbi.nlm.nih.gov)... 130.14.29.30
Connecting to ftp-private.ncbi.nlm.nih.gov (ftp-private.ncbi.nlm.nih.gov)|130.14.29.30|:21... connected.
Logging in as anonymous ... Logged in!
==> SYST ... done.    ==> PWD ... done.
==> TYPE I ... done.  ==> CWD (1) /pubchem/.fetch/95 ... done.
==> SIZE 4443230074143480238.txt.gz ... 374
==> PASV ... done.    ==> RETR 4443230074143480238.txt.gz ... done.
Length: 374 (unauthoritative)

     0K                                                       100%  252K=0.001s

2019-06-20 21:26:18 (252 KB/s) - ‘4443230074143480238.txt.gz’ saved [374]

--2019-06-20 21:26:18--  http://query/
Resolving query (query)... failed: Name or service not known.
wget: unable to resolve host address ‘query’
--2019-06-20 21:26:18--  ftp://xml/
           => ‘.listing’
Resolving xml (xml)... failed: Name or service not known.
wget: unable to resolve host address ‘xml’
--2019-06-20 21:26:18--  http://pc_fetch_aid321548_activities_0.cgi/
Resolving pc_fetch_aid321548_activities_0.cgi (pc_fetch_aid321548_activities_0.cgi)... failed: Name or service not known.
wget: unable to resolve host address ‘pc_fetch_aid321548_activities_0.cgi’
FINISHED --2019-06-20 21:26:18--
Total wall clock time: 0.5s
Downloaded: 1 files, 374 in 0.001s (252 KB/s)
