--2019-06-20 19:11:55--  ftp://ftp-private.ncbi.nlm.nih.gov/pubchem/.fetch/63/201425373038086813.txt.gz
           => ‘201425373038086813.txt.gz’
Resolving ftp-private.ncbi.nlm.nih.gov (ftp-private.ncbi.nlm.nih.gov)... 130.14.29.30
Connecting to ftp-private.ncbi.nlm.nih.gov (ftp-private.ncbi.nlm.nih.gov)|130.14.29.30|:21... connected.
Logging in as anonymous ... Logged in!
==> SYST ... done.    ==> PWD ... done.
==> TYPE I ... done.  ==> CWD (1) /pubchem/.fetch/63 ... done.
==> SIZE 201425373038086813.txt.gz ... 99
==> PASV ... done.    ==> RETR 201425373038086813.txt.gz ... done.
Length: 99 (unauthoritative)

     0K                                                       100% 16.9K=0.006s

2019-06-20 19:11:56 (16.9 KB/s) - ‘201425373038086813.txt.gz’ saved [99]

--2019-06-20 19:11:56--  http://query/
Resolving query (query)... failed: Name or service not known.
wget: unable to resolve host address ‘query’
--2019-06-20 19:11:56--  ftp://xml/
           => ‘.listing’
Resolving xml (xml)... failed: Name or service not known.
wget: unable to resolve host address ‘xml’
--2019-06-20 19:11:56--  http://pc_fetch_aid1247280_activities_0.cgi/
Resolving pc_fetch_aid1247280_activities_0.cgi (pc_fetch_aid1247280_activities_0.cgi)... failed: Name or service not known.
wget: unable to resolve host address ‘pc_fetch_aid1247280_activities_0.cgi’
FINISHED --2019-06-20 19:11:56--
Total wall clock time: 0.8s
Downloaded: 1 files, 99 in 0.006s (16.9 KB/s)
