--2019-06-20 20:08:57--  ftp://ftp-private.ncbi.nlm.nih.gov/pubchem/.fetch/38/2876471874616919552.txt.gz
           => ‘2876471874616919552.txt.gz’
Resolving ftp-private.ncbi.nlm.nih.gov (ftp-private.ncbi.nlm.nih.gov)... 130.14.29.35
Connecting to ftp-private.ncbi.nlm.nih.gov (ftp-private.ncbi.nlm.nih.gov)|130.14.29.35|:21... connected.
Logging in as anonymous ... Logged in!
==> SYST ... done.    ==> PWD ... done.
==> TYPE I ... done.  ==> CWD (1) /pubchem/.fetch/38 ... done.
==> SIZE 2876471874616919552.txt.gz ... 57
==> PASV ... done.    ==> RETR 2876471874616919552.txt.gz ... done.
Length: 57 (unauthoritative)

     0K                                                       100% 78.4K=0.001s

2019-06-20 20:08:58 (78.4 KB/s) - ‘2876471874616919552.txt.gz’ saved [57]

--2019-06-20 20:08:58--  http://query/
Resolving query (query)... failed: Name or service not known.
wget: unable to resolve host address ‘query’
--2019-06-20 20:08:58--  ftp://xml/
           => ‘.listing’
Resolving xml (xml)... failed: Name or service not known.
wget: unable to resolve host address ‘xml’
--2019-06-20 20:08:58--  http://pc_fetch_aid1303258_activities_0.cgi/
Resolving pc_fetch_aid1303258_activities_0.cgi (pc_fetch_aid1303258_activities_0.cgi)... failed: Name or service not known.
wget: unable to resolve host address ‘pc_fetch_aid1303258_activities_0.cgi’
FINISHED --2019-06-20 20:08:58--
Total wall clock time: 0.8s
Downloaded: 1 files, 57 in 0.001s (78.4 KB/s)
