--2019-06-21 00:06:07--  ftp://ftp-private.ncbi.nlm.nih.gov/pubchem/.fetch/77/850224323408330962.txt.gz
           => ‘850224323408330962.txt.gz’
Resolving ftp-private.ncbi.nlm.nih.gov (ftp-private.ncbi.nlm.nih.gov)... 130.14.29.30
Connecting to ftp-private.ncbi.nlm.nih.gov (ftp-private.ncbi.nlm.nih.gov)|130.14.29.30|:21... connected.
Logging in as anonymous ... Logged in!
==> SYST ... done.    ==> PWD ... done.
==> TYPE I ... done.  ==> CWD (1) /pubchem/.fetch/77 ... done.
==> SIZE 850224323408330962.txt.gz ... 227
==> PASV ... done.    ==> RETR 850224323408330962.txt.gz ... done.
Length: 227 (unauthoritative)

     0K                                                       100%  189K=0.001s

2019-06-21 00:06:07 (189 KB/s) - ‘850224323408330962.txt.gz’ saved [227]

--2019-06-21 00:06:07--  http://query/
Resolving query (query)... failed: Name or service not known.
wget: unable to resolve host address ‘query’
--2019-06-21 00:06:07--  ftp://xml/
           => ‘.listing’
Resolving xml (xml)... failed: Name or service not known.
wget: unable to resolve host address ‘xml’
--2019-06-21 00:06:07--  http://pc_fetch_aid733743_activities_0.cgi/
Resolving pc_fetch_aid733743_activities_0.cgi (pc_fetch_aid733743_activities_0.cgi)... failed: Name or service not known.
wget: unable to resolve host address ‘pc_fetch_aid733743_activities_0.cgi’
FINISHED --2019-06-21 00:06:07--
Total wall clock time: 0.6s
Downloaded: 1 files, 227 in 0.001s (189 KB/s)
