--2019-06-20 20:53:07--  ftp://ftp-private.ncbi.nlm.nih.gov/pubchem/.fetch/3/2551244185444100087.txt.gz
           => ‘2551244185444100087.txt.gz’
Resolving ftp-private.ncbi.nlm.nih.gov (ftp-private.ncbi.nlm.nih.gov)... 130.14.29.35
Connecting to ftp-private.ncbi.nlm.nih.gov (ftp-private.ncbi.nlm.nih.gov)|130.14.29.35|:21... connected.
Logging in as anonymous ... Logged in!
==> SYST ... done.    ==> PWD ... done.
==> TYPE I ... done.  ==> CWD (1) /pubchem/.fetch/3 ... done.
==> SIZE 2551244185444100087.txt.gz ... 87
==> PASV ... done.    ==> RETR 2551244185444100087.txt.gz ... done.
Length: 87 (unauthoritative)

     0K                                                       100% 99.8K=0.001s

2019-06-20 20:53:07 (99.8 KB/s) - ‘2551244185444100087.txt.gz’ saved [87]

--2019-06-20 20:53:07--  http://query/
Resolving query (query)... failed: Name or service not known.
wget: unable to resolve host address ‘query’
--2019-06-20 20:53:07--  ftp://xml/
           => ‘.listing’
Resolving xml (xml)... failed: Name or service not known.
wget: unable to resolve host address ‘xml’
--2019-06-20 20:53:07--  http://pc_fetch_aid1329389_activities_0.cgi/
Resolving pc_fetch_aid1329389_activities_0.cgi (pc_fetch_aid1329389_activities_0.cgi)... failed: Name or service not known.
wget: unable to resolve host address ‘pc_fetch_aid1329389_activities_0.cgi’
FINISHED --2019-06-20 20:53:07--
Total wall clock time: 0.5s
Downloaded: 1 files, 87 in 0.001s (99.8 KB/s)
