--2019-06-21 16:59:51--  ftp://ftp-private.ncbi.nlm.nih.gov/pubchem/.fetch/53/1098015605890900385.txt.gz
           => '1098015605890900385.txt.gz'
Resolving ftp-private.ncbi.nlm.nih.gov (ftp-private.ncbi.nlm.nih.gov)... 130.14.29.35
Connecting to ftp-private.ncbi.nlm.nih.gov (ftp-private.ncbi.nlm.nih.gov)|130.14.29.35|:21... connected.
Logging in as anonymous ... Logged in!
==> SYST ... done.    ==> PWD ... done.
==> TYPE I ... done.  ==> CWD (1) /pubchem/.fetch/53 ... done.
==> SIZE 1098015605890900385.txt.gz ... 264
==> PASV ... done.    ==> RETR 1098015605890900385.txt.gz ... done.
Length: 264 (unauthoritative)

     0K                                                       100%  206K=0.001s

2019-06-21 16:59:52 (206 KB/s) - '1098015605890900385.txt.gz' saved [264]

--2019-06-21 16:59:52--  http://query/
Resolving query (query)... failed: Name or service not known.
wget: unable to resolve host address 'query'
--2019-06-21 16:59:52--  ftp://xml/
           => '.listing'
Resolving xml (xml)... failed: Name or service not known.
wget: unable to resolve host address 'xml'
--2019-06-21 16:59:52--  http://pc_fetch_aid1061797_activities_0.cgi/
Resolving pc_fetch_aid1061797_activities_0.cgi (pc_fetch_aid1061797_activities_0.cgi)... failed: Name or service not known.
wget: unable to resolve host address 'pc_fetch_aid1061797_activities_0.cgi'
FINISHED --2019-06-21 16:59:52--
Total wall clock time: 0.8s
Downloaded: 1 files, 264 in 0.001s (206 KB/s)
