--2019-06-20 17:27:32--  ftp://ftp-private.ncbi.nlm.nih.gov/pubchem/.fetch/57/975165257853042804.txt.gz
           => ‘975165257853042804.txt.gz’
Resolving ftp-private.ncbi.nlm.nih.gov (ftp-private.ncbi.nlm.nih.gov)... 130.14.29.35
Connecting to ftp-private.ncbi.nlm.nih.gov (ftp-private.ncbi.nlm.nih.gov)|130.14.29.35|:21... connected.
Logging in as anonymous ... Logged in!
==> SYST ... done.    ==> PWD ... done.
==> TYPE I ... done.  ==> CWD (1) /pubchem/.fetch/57 ... done.
==> SIZE 975165257853042804.txt.gz ... 99
==> PASV ... done.    ==> RETR 975165257853042804.txt.gz ... done.
Length: 99 (unauthoritative)

     0K                                                       100%  115K=0.001s

2019-06-20 17:27:32 (115 KB/s) - ‘975165257853042804.txt.gz’ saved [99]

--2019-06-20 17:27:32--  http://query/
Resolving query (query)... failed: Name or service not known.
wget: unable to resolve host address ‘query’
--2019-06-20 17:27:32--  ftp://xml/
           => ‘.listing’
Resolving xml (xml)... failed: Name or service not known.
wget: unable to resolve host address ‘xml’
--2019-06-20 17:27:32--  http://pc_fetch_aid1090822_activities_0.cgi/
Resolving pc_fetch_aid1090822_activities_0.cgi (pc_fetch_aid1090822_activities_0.cgi)... failed: Name or service not known.
wget: unable to resolve host address ‘pc_fetch_aid1090822_activities_0.cgi’
FINISHED --2019-06-20 17:27:32--
Total wall clock time: 0.4s
Downloaded: 1 files, 99 in 0.001s (115 KB/s)
