--2019-06-20 17:54:37--  ftp://ftp-private.ncbi.nlm.nih.gov/pubchem/.fetch/6/904807612403059001.txt.gz
           => ‘904807612403059001.txt.gz’
Resolving ftp-private.ncbi.nlm.nih.gov (ftp-private.ncbi.nlm.nih.gov)... 130.14.29.35
Connecting to ftp-private.ncbi.nlm.nih.gov (ftp-private.ncbi.nlm.nih.gov)|130.14.29.35|:21... connected.
Logging in as anonymous ... Logged in!
==> SYST ... done.    ==> PWD ... done.
==> TYPE I ... done.  ==> CWD (1) /pubchem/.fetch/6 ... done.
==> SIZE 904807612403059001.txt.gz ... 123
==> PASV ... done.    ==> RETR 904807612403059001.txt.gz ... done.
Length: 123 (unauthoritative)

     0K                                                       100% 22.4K=0.005s

2019-06-20 17:54:37 (22.4 KB/s) - ‘904807612403059001.txt.gz’ saved [123]

--2019-06-20 17:54:37--  http://query/
Resolving query (query)... failed: Name or service not known.
wget: unable to resolve host address ‘query’
--2019-06-20 17:54:37--  ftp://xml/
           => ‘.listing’
Resolving xml (xml)... failed: Name or service not known.
wget: unable to resolve host address ‘xml’
--2019-06-20 17:54:37--  http://pc_fetch_aid1162823_activities_0.cgi/
Resolving pc_fetch_aid1162823_activities_0.cgi (pc_fetch_aid1162823_activities_0.cgi)... failed: Name or service not known.
wget: unable to resolve host address ‘pc_fetch_aid1162823_activities_0.cgi’
FINISHED --2019-06-20 17:54:37--
Total wall clock time: 0.4s
Downloaded: 1 files, 123 in 0.005s (22.4 KB/s)
