--2019-06-20 21:51:29--  ftp://ftp-private.ncbi.nlm.nih.gov/pubchem/.fetch/95/2560877532958141713.txt.gz
           => ‘2560877532958141713.txt.gz’
Resolving ftp-private.ncbi.nlm.nih.gov (ftp-private.ncbi.nlm.nih.gov)... 130.14.29.35
Connecting to ftp-private.ncbi.nlm.nih.gov (ftp-private.ncbi.nlm.nih.gov)|130.14.29.35|:21... connected.
Logging in as anonymous ... Logged in!
==> SYST ... done.    ==> PWD ... done.
==> TYPE I ... done.  ==> CWD (1) /pubchem/.fetch/95 ... done.
==> SIZE 2560877532958141713.txt.gz ... 57
==> PASV ... done.    ==> RETR 2560877532958141713.txt.gz ... done.
Length: 57 (unauthoritative)

     0K                                                       100% 46.8K=0.001s

2019-06-20 21:51:30 (46.8 KB/s) - ‘2560877532958141713.txt.gz’ saved [57]

--2019-06-20 21:51:30--  http://query/
Resolving query (query)... failed: Name or service not known.
wget: unable to resolve host address ‘query’
--2019-06-20 21:51:30--  ftp://xml/
           => ‘.listing’
Resolving xml (xml)... failed: Name or service not known.
wget: unable to resolve host address ‘xml’
--2019-06-20 21:51:30--  http://pc_fetch_aid405750_activities_0.cgi/
Resolving pc_fetch_aid405750_activities_0.cgi (pc_fetch_aid405750_activities_0.cgi)... failed: Name or service not known.
wget: unable to resolve host address ‘pc_fetch_aid405750_activities_0.cgi’
FINISHED --2019-06-20 21:51:30--
Total wall clock time: 0.9s
Downloaded: 1 files, 57 in 0.001s (46.8 KB/s)
