--2019-06-20 22:50:57--  ftp://ftp-private.ncbi.nlm.nih.gov/pubchem/.fetch/77/4370887957207875747.txt.gz
           => ‘4370887957207875747.txt.gz’
Resolving ftp-private.ncbi.nlm.nih.gov (ftp-private.ncbi.nlm.nih.gov)... 130.14.29.35
Connecting to ftp-private.ncbi.nlm.nih.gov (ftp-private.ncbi.nlm.nih.gov)|130.14.29.35|:21... connected.
Logging in as anonymous ... Logged in!
==> SYST ... done.    ==> PWD ... done.
==> TYPE I ... done.  ==> CWD (1) /pubchem/.fetch/77 ... done.
==> SIZE 4370887957207875747.txt.gz ... 72
==> PASV ... done.    ==> RETR 4370887957207875747.txt.gz ... done.
Length: 72 (unauthoritative)

     0K                                                       100% 82.4K=0.001s

2019-06-20 22:50:57 (82.4 KB/s) - ‘4370887957207875747.txt.gz’ saved [72]

--2019-06-20 22:50:57--  http://query/
Resolving query (query)... failed: Name or service not known.
wget: unable to resolve host address ‘query’
--2019-06-20 22:50:57--  ftp://xml/
           => ‘.listing’
Resolving xml (xml)... failed: Name or service not known.
wget: unable to resolve host address ‘xml’
--2019-06-20 22:50:57--  http://pc_fetch_aid584614_activities_0.cgi/
Resolving pc_fetch_aid584614_activities_0.cgi (pc_fetch_aid584614_activities_0.cgi)... failed: Name or service not known.
wget: unable to resolve host address ‘pc_fetch_aid584614_activities_0.cgi’
FINISHED --2019-06-20 22:50:57--
Total wall clock time: 0.6s
Downloaded: 1 files, 72 in 0.001s (82.4 KB/s)
