--2019-06-20 18:03:43--  ftp://ftp-private.ncbi.nlm.nih.gov/pubchem/.fetch/100/3918233422471666242.txt.gz
           => ‘3918233422471666242.txt.gz’
Resolving ftp-private.ncbi.nlm.nih.gov (ftp-private.ncbi.nlm.nih.gov)... 130.14.29.30
Connecting to ftp-private.ncbi.nlm.nih.gov (ftp-private.ncbi.nlm.nih.gov)|130.14.29.30|:21... connected.
Logging in as anonymous ... Logged in!
==> SYST ... done.    ==> PWD ... done.
==> TYPE I ... done.  ==> CWD (1) /pubchem/.fetch/100 ... done.
==> SIZE 3918233422471666242.txt.gz ... 246
==> PASV ... done.    ==> RETR 3918233422471666242.txt.gz ... done.
Length: 246 (unauthoritative)

     0K                                                       100%  249K=0.001s

2019-06-20 18:03:43 (249 KB/s) - ‘3918233422471666242.txt.gz’ saved [246]

--2019-06-20 18:03:43--  http://query/
Resolving query (query)... failed: Name or service not known.
wget: unable to resolve host address ‘query’
--2019-06-20 18:03:43--  ftp://xml/
           => ‘.listing’
Resolving xml (xml)... failed: Name or service not known.
wget: unable to resolve host address ‘xml’
--2019-06-20 18:03:43--  http://pc_fetch_aid1165429_activities_0.cgi/
Resolving pc_fetch_aid1165429_activities_0.cgi (pc_fetch_aid1165429_activities_0.cgi)... failed: Name or service not known.
wget: unable to resolve host address ‘pc_fetch_aid1165429_activities_0.cgi’
FINISHED --2019-06-20 18:03:44--
Total wall clock time: 1.2s
Downloaded: 1 files, 246 in 0.001s (249 KB/s)
