--2019-06-20 19:30:09--  ftp://ftp-private.ncbi.nlm.nih.gov/pubchem/.fetch/98/3563323381542237855.txt.gz
           => ‘3563323381542237855.txt.gz’
Resolving ftp-private.ncbi.nlm.nih.gov (ftp-private.ncbi.nlm.nih.gov)... 130.14.29.35
Connecting to ftp-private.ncbi.nlm.nih.gov (ftp-private.ncbi.nlm.nih.gov)|130.14.29.35|:21... connected.
Logging in as anonymous ... Logged in!
==> SYST ... done.    ==> PWD ... done.
==> TYPE I ... done.  ==> CWD (1) /pubchem/.fetch/98 ... done.
==> SIZE 3563323381542237855.txt.gz ... 161
==> PASV ... done.    ==> RETR 3563323381542237855.txt.gz ... done.
Length: 161 (unauthoritative)

     0K                                                       100%  154K=0.001s

2019-06-20 19:30:09 (154 KB/s) - ‘3563323381542237855.txt.gz’ saved [161]

--2019-06-20 19:30:09--  http://query/
Resolving query (query)... failed: Name or service not known.
wget: unable to resolve host address ‘query’
--2019-06-20 19:30:09--  ftp://xml/
           => ‘.listing’
Resolving xml (xml)... failed: Name or service not known.
wget: unable to resolve host address ‘xml’
--2019-06-20 19:30:09--  http://pc_fetch_aid1267544_activities_0.cgi/
Resolving pc_fetch_aid1267544_activities_0.cgi (pc_fetch_aid1267544_activities_0.cgi)... failed: Name or service not known.
wget: unable to resolve host address ‘pc_fetch_aid1267544_activities_0.cgi’
FINISHED --2019-06-20 19:30:09--
Total wall clock time: 0.9s
Downloaded: 1 files, 161 in 0.001s (154 KB/s)
