--2019-06-20 23:04:45--  ftp://ftp-private.ncbi.nlm.nih.gov/pubchem/.fetch/87/103199136009176590.txt.gz
           => ‘103199136009176590.txt.gz’
Resolving ftp-private.ncbi.nlm.nih.gov (ftp-private.ncbi.nlm.nih.gov)... 130.14.29.30
Connecting to ftp-private.ncbi.nlm.nih.gov (ftp-private.ncbi.nlm.nih.gov)|130.14.29.30|:21... connected.
Logging in as anonymous ... Logged in!
==> SYST ... done.    ==> PWD ... done.
==> TYPE I ... done.  ==> CWD (1) /pubchem/.fetch/87 ... done.
==> SIZE 103199136009176590.txt.gz ... 119
==> PASV ... done.    ==> RETR 103199136009176590.txt.gz ... done.
Length: 119 (unauthoritative)

     0K                                                       100%  131K=0.001s

2019-06-20 23:04:46 (131 KB/s) - ‘103199136009176590.txt.gz’ saved [119]

--2019-06-20 23:04:46--  http://query/
Resolving query (query)... failed: Name or service not known.
wget: unable to resolve host address ‘query’
--2019-06-20 23:04:46--  ftp://xml/
           => ‘.listing’
Resolving xml (xml)... failed: Name or service not known.
wget: unable to resolve host address ‘xml’
--2019-06-20 23:04:46--  http://pc_fetch_aid627152_activities_0.cgi/
Resolving pc_fetch_aid627152_activities_0.cgi (pc_fetch_aid627152_activities_0.cgi)... failed: Name or service not known.
wget: unable to resolve host address ‘pc_fetch_aid627152_activities_0.cgi’
FINISHED --2019-06-20 23:04:46--
Total wall clock time: 0.9s
Downloaded: 1 files, 119 in 0.001s (131 KB/s)
