--2019-06-20 20:21:44--  ftp://ftp-private.ncbi.nlm.nih.gov/pubchem/.fetch/49/3864389881609335336.txt.gz
           => ‘3864389881609335336.txt.gz’
Resolving ftp-private.ncbi.nlm.nih.gov (ftp-private.ncbi.nlm.nih.gov)... 130.14.29.35
Connecting to ftp-private.ncbi.nlm.nih.gov (ftp-private.ncbi.nlm.nih.gov)|130.14.29.35|:21... connected.
Logging in as anonymous ... Logged in!
==> SYST ... done.    ==> PWD ... done.
==> TYPE I ... done.  ==> CWD (1) /pubchem/.fetch/49 ... done.
==> SIZE 3864389881609335336.txt.gz ... 72
==> PASV ... done.    ==> RETR 3864389881609335336.txt.gz ... done.
Length: 72 (unauthoritative)

     0K                                                       100% 83.4K=0.001s

2019-06-20 20:21:45 (83.4 KB/s) - ‘3864389881609335336.txt.gz’ saved [72]

--2019-06-20 20:21:45--  http://query/
Resolving query (query)... failed: Name or service not known.
wget: unable to resolve host address ‘query’
--2019-06-20 20:21:45--  ftp://xml/
           => ‘.listing’
Resolving xml (xml)... failed: Name or service not known.
wget: unable to resolve host address ‘xml’
--2019-06-20 20:21:45--  http://pc_fetch_aid1308602_activities_0.cgi/
Resolving pc_fetch_aid1308602_activities_0.cgi (pc_fetch_aid1308602_activities_0.cgi)... failed: Name or service not known.
wget: unable to resolve host address ‘pc_fetch_aid1308602_activities_0.cgi’
FINISHED --2019-06-20 20:21:45--
Total wall clock time: 0.9s
Downloaded: 1 files, 72 in 0.001s (83.4 KB/s)
