--2019-06-20 23:38:04--  ftp://ftp-private.ncbi.nlm.nih.gov/pubchem/.fetch/5/1959201921886502780.txt.gz
           => ‘1959201921886502780.txt.gz’
Resolving ftp-private.ncbi.nlm.nih.gov (ftp-private.ncbi.nlm.nih.gov)... 130.14.29.30
Connecting to ftp-private.ncbi.nlm.nih.gov (ftp-private.ncbi.nlm.nih.gov)|130.14.29.30|:21... connected.
Logging in as anonymous ... Logged in!
==> SYST ... done.    ==> PWD ... done.
==> TYPE I ... done.  ==> CWD (1) /pubchem/.fetch/5 ... done.
==> SIZE 1959201921886502780.txt.gz ... 105
==> PASV ... done.    ==> RETR 1959201921886502780.txt.gz ... done.
Length: 105 (unauthoritative)

     0K                                                       100% 15.7K=0.007s

2019-06-20 23:38:05 (15.7 KB/s) - ‘1959201921886502780.txt.gz’ saved [105]

--2019-06-20 23:38:05--  http://query/
Resolving query (query)... failed: Name or service not known.
wget: unable to resolve host address ‘query’
--2019-06-20 23:38:05--  ftp://xml/
           => ‘.listing’
Resolving xml (xml)... failed: Name or service not known.
wget: unable to resolve host address ‘xml’
--2019-06-20 23:38:05--  http://pc_fetch_aid701762_activities_0.cgi/
Resolving pc_fetch_aid701762_activities_0.cgi (pc_fetch_aid701762_activities_0.cgi)... failed: Name or service not known.
wget: unable to resolve host address ‘pc_fetch_aid701762_activities_0.cgi’
FINISHED --2019-06-20 23:38:05--
Total wall clock time: 0.8s
Downloaded: 1 files, 105 in 0.007s (15.7 KB/s)
