--2019-06-20 22:12:33--  ftp://ftp-private.ncbi.nlm.nih.gov/pubchem/.fetch/27/1434263472898911831.txt.gz
           => ‘1434263472898911831.txt.gz’
Resolving ftp-private.ncbi.nlm.nih.gov (ftp-private.ncbi.nlm.nih.gov)... 130.14.29.35
Connecting to ftp-private.ncbi.nlm.nih.gov (ftp-private.ncbi.nlm.nih.gov)|130.14.29.35|:21... connected.
Logging in as anonymous ... Logged in!
==> SYST ... done.    ==> PWD ... done.
==> TYPE I ... done.  ==> CWD (1) /pubchem/.fetch/27 ... done.
==> SIZE 1434263472898911831.txt.gz ... 89
==> PASV ... done.    ==> RETR 1434263472898911831.txt.gz ... done.
Length: 89 (unauthoritative)

     0K                                                       100%  101K=0.001s

2019-06-20 22:12:34 (101 KB/s) - ‘1434263472898911831.txt.gz’ saved [89]

--2019-06-20 22:12:34--  http://query/
Resolving query (query)... failed: Name or service not known.
wget: unable to resolve host address ‘query’
--2019-06-20 22:12:34--  ftp://xml/
           => ‘.listing’
Resolving xml (xml)... failed: Name or service not known.
wget: unable to resolve host address ‘xml’
--2019-06-20 22:12:34--  http://pc_fetch_aid486837_activities_0.cgi/
Resolving pc_fetch_aid486837_activities_0.cgi (pc_fetch_aid486837_activities_0.cgi)... failed: Name or service not known.
wget: unable to resolve host address ‘pc_fetch_aid486837_activities_0.cgi’
FINISHED --2019-06-20 22:12:34--
Total wall clock time: 0.8s
Downloaded: 1 files, 89 in 0.001s (101 KB/s)
