--2019-06-20 20:30:14--  ftp://ftp-private.ncbi.nlm.nih.gov/pubchem/.fetch/68/1091205583759220221.txt.gz
           => ‘1091205583759220221.txt.gz’
Resolving ftp-private.ncbi.nlm.nih.gov (ftp-private.ncbi.nlm.nih.gov)... 130.14.29.35
Connecting to ftp-private.ncbi.nlm.nih.gov (ftp-private.ncbi.nlm.nih.gov)|130.14.29.35|:21... connected.
Logging in as anonymous ... Logged in!
==> SYST ... done.    ==> PWD ... done.
==> TYPE I ... done.  ==> CWD (1) /pubchem/.fetch/68 ... done.
==> SIZE 1091205583759220221.txt.gz ... 174
==> PASV ... done.    ==> RETR 1091205583759220221.txt.gz ... done.
Length: 174 (unauthoritative)

     0K                                                       100% 14.0K=0.01s

2019-06-20 20:30:15 (14.0 KB/s) - ‘1091205583759220221.txt.gz’ saved [174]

--2019-06-20 20:30:15--  http://query/
Resolving query (query)... failed: Name or service not known.
wget: unable to resolve host address ‘query’
--2019-06-20 20:30:15--  ftp://xml/
           => ‘.listing’
Resolving xml (xml)... failed: Name or service not known.
wget: unable to resolve host address ‘xml’
--2019-06-20 20:30:15--  http://pc_fetch_aid1310471_activities_0.cgi/
Resolving pc_fetch_aid1310471_activities_0.cgi (pc_fetch_aid1310471_activities_0.cgi)... failed: Name or service not known.
wget: unable to resolve host address ‘pc_fetch_aid1310471_activities_0.cgi’
FINISHED --2019-06-20 20:30:15--
Total wall clock time: 0.6s
Downloaded: 1 files, 174 in 0.01s (14.0 KB/s)
