--2019-06-20 17:14:30--  ftp://ftp-private.ncbi.nlm.nih.gov/pubchem/.fetch/32/2386961644619488647.txt.gz
           => ‘2386961644619488647.txt.gz’
Resolving ftp-private.ncbi.nlm.nih.gov (ftp-private.ncbi.nlm.nih.gov)... 130.14.29.30
Connecting to ftp-private.ncbi.nlm.nih.gov (ftp-private.ncbi.nlm.nih.gov)|130.14.29.30|:21... connected.
Logging in as anonymous ... Logged in!
==> SYST ... done.    ==> PWD ... done.
==> TYPE I ... done.  ==> CWD (1) /pubchem/.fetch/32 ... done.
==> SIZE 2386961644619488647.txt.gz ... 80
==> PASV ... done.    ==> RETR 2386961644619488647.txt.gz ... done.
Length: 80 (unauthoritative)

     0K                                                       100% 92.6K=0.001s

2019-06-20 17:14:30 (92.6 KB/s) - ‘2386961644619488647.txt.gz’ saved [80]

--2019-06-20 17:14:30--  http://query/
Resolving query (query)... failed: Name or service not known.
wget: unable to resolve host address ‘query’
--2019-06-20 17:14:30--  ftp://xml/
           => ‘.listing’
Resolving xml (xml)... failed: Name or service not known.
wget: unable to resolve host address ‘xml’
--2019-06-20 17:14:30--  http://pc_fetch_aid1064228_activities_0.cgi/
Resolving pc_fetch_aid1064228_activities_0.cgi (pc_fetch_aid1064228_activities_0.cgi)... failed: Name or service not known.
wget: unable to resolve host address ‘pc_fetch_aid1064228_activities_0.cgi’
FINISHED --2019-06-20 17:14:30--
Total wall clock time: 0.5s
Downloaded: 1 files, 80 in 0.001s (92.6 KB/s)
