--2019-06-20 19:42:58--  ftp://ftp-private.ncbi.nlm.nih.gov/pubchem/.fetch/49/3044416014864585589.txt.gz
           => ‘3044416014864585589.txt.gz’
Resolving ftp-private.ncbi.nlm.nih.gov (ftp-private.ncbi.nlm.nih.gov)... 130.14.29.35
Connecting to ftp-private.ncbi.nlm.nih.gov (ftp-private.ncbi.nlm.nih.gov)|130.14.29.35|:21... connected.
Logging in as anonymous ... Logged in!
==> SYST ... done.    ==> PWD ... done.
==> TYPE I ... done.  ==> CWD (1) /pubchem/.fetch/49 ... done.
==> SIZE 3044416014864585589.txt.gz ... 70
==> PASV ... done.    ==> RETR 3044416014864585589.txt.gz ... done.
Length: 70 (unauthoritative)

     0K                                                       100% 78.9K=0.001s

2019-06-20 19:42:58 (78.9 KB/s) - ‘3044416014864585589.txt.gz’ saved [70]

--2019-06-20 19:42:58--  http://query/
Resolving query (query)... failed: Name or service not known.
wget: unable to resolve host address ‘query’
--2019-06-20 19:42:58--  ftp://xml/
           => ‘.listing’
Resolving xml (xml)... failed: Name or service not known.
wget: unable to resolve host address ‘xml’
--2019-06-20 19:42:58--  http://pc_fetch_aid1277107_activities_0.cgi/
Resolving pc_fetch_aid1277107_activities_0.cgi (pc_fetch_aid1277107_activities_0.cgi)... failed: Name or service not known.
wget: unable to resolve host address ‘pc_fetch_aid1277107_activities_0.cgi’
FINISHED --2019-06-20 19:42:58--
Total wall clock time: 0.4s
Downloaded: 1 files, 70 in 0.001s (78.9 KB/s)
