--2019-06-20 23:21:27--  ftp://ftp-private.ncbi.nlm.nih.gov/pubchem/.fetch/21/739778918592616011.txt.gz
           => ‘739778918592616011.txt.gz’
Resolving ftp-private.ncbi.nlm.nih.gov (ftp-private.ncbi.nlm.nih.gov)... 130.14.29.30
Connecting to ftp-private.ncbi.nlm.nih.gov (ftp-private.ncbi.nlm.nih.gov)|130.14.29.30|:21... connected.
Logging in as anonymous ... Logged in!
==> SYST ... done.    ==> PWD ... done.
==> TYPE I ... done.  ==> CWD (1) /pubchem/.fetch/21 ... done.
==> SIZE 739778918592616011.txt.gz ... 173
==> PASV ... done.    ==> RETR 739778918592616011.txt.gz ... done.
Length: 173 (unauthoritative)

     0K                                                       100%  166K=0.001s

2019-06-20 23:21:27 (166 KB/s) - ‘739778918592616011.txt.gz’ saved [173]

--2019-06-20 23:21:27--  http://query/
Resolving query (query)... failed: Name or service not known.
wget: unable to resolve host address ‘query’
--2019-06-20 23:21:27--  ftp://xml/
           => ‘.listing’
Resolving xml (xml)... failed: Name or service not known.
wget: unable to resolve host address ‘xml’
--2019-06-20 23:21:27--  http://pc_fetch_aid647317_activities_0.cgi/
Resolving pc_fetch_aid647317_activities_0.cgi (pc_fetch_aid647317_activities_0.cgi)... failed: Name or service not known.
wget: unable to resolve host address ‘pc_fetch_aid647317_activities_0.cgi’
FINISHED --2019-06-20 23:21:27--
Total wall clock time: 0.4s
Downloaded: 1 files, 173 in 0.001s (166 KB/s)
