--2019-06-20 23:47:30--  ftp://ftp-private.ncbi.nlm.nih.gov/pubchem/.fetch/43/1309983010484160852.txt.gz
           => ‘1309983010484160852.txt.gz’
Resolving ftp-private.ncbi.nlm.nih.gov (ftp-private.ncbi.nlm.nih.gov)... 130.14.29.35
Connecting to ftp-private.ncbi.nlm.nih.gov (ftp-private.ncbi.nlm.nih.gov)|130.14.29.35|:21... connected.
Logging in as anonymous ... Logged in!
==> SYST ... done.    ==> PWD ... done.
==> TYPE I ... done.  ==> CWD (1) /pubchem/.fetch/43 ... done.
==> SIZE 1309983010484160852.txt.gz ... 59
==> PASV ... done.    ==> RETR 1309983010484160852.txt.gz ... done.
Length: 59 (unauthoritative)

     0K                                                       100% 80.5K=0.001s

2019-06-20 23:47:31 (80.5 KB/s) - ‘1309983010484160852.txt.gz’ saved [59]

--2019-06-20 23:47:31--  http://query/
Resolving query (query)... failed: Name or service not known.
wget: unable to resolve host address ‘query’
--2019-06-20 23:47:31--  ftp://xml/
           => ‘.listing’
Resolving xml (xml)... failed: Name or service not known.
wget: unable to resolve host address ‘xml’
--2019-06-20 23:47:31--  http://pc_fetch_aid713374_activities_0.cgi/
Resolving pc_fetch_aid713374_activities_0.cgi (pc_fetch_aid713374_activities_0.cgi)... failed: Name or service not known.
wget: unable to resolve host address ‘pc_fetch_aid713374_activities_0.cgi’
FINISHED --2019-06-20 23:47:31--
Total wall clock time: 1.6s
Downloaded: 1 files, 59 in 0.001s (80.5 KB/s)
