--2019-06-20 23:07:18--  ftp://ftp-private.ncbi.nlm.nih.gov/pubchem/.fetch/61/4113692883505007075.txt.gz
           => ‘4113692883505007075.txt.gz’
Resolving ftp-private.ncbi.nlm.nih.gov (ftp-private.ncbi.nlm.nih.gov)... 130.14.29.35
Connecting to ftp-private.ncbi.nlm.nih.gov (ftp-private.ncbi.nlm.nih.gov)|130.14.29.35|:21... connected.
Logging in as anonymous ... Logged in!
==> SYST ... done.    ==> PWD ... done.
==> TYPE I ... done.  ==> CWD (1) /pubchem/.fetch/61 ... done.
==> SIZE 4113692883505007075.txt.gz ... 140
==> PASV ... done.    ==> RETR 4113692883505007075.txt.gz ... done.
Length: 140 (unauthoritative)

     0K                                                       100%  134K=0.001s

2019-06-20 23:07:19 (134 KB/s) - ‘4113692883505007075.txt.gz’ saved [140]

--2019-06-20 23:07:19--  http://query/
Resolving query (query)... failed: Name or service not known.
wget: unable to resolve host address ‘query’
--2019-06-20 23:07:19--  ftp://xml/
           => ‘.listing’
Resolving xml (xml)... failed: Name or service not known.
wget: unable to resolve host address ‘xml’
--2019-06-20 23:07:19--  http://pc_fetch_aid627232_activities_0.cgi/
Resolving pc_fetch_aid627232_activities_0.cgi (pc_fetch_aid627232_activities_0.cgi)... failed: Name or service not known.
wget: unable to resolve host address ‘pc_fetch_aid627232_activities_0.cgi’
FINISHED --2019-06-20 23:07:19--
Total wall clock time: 0.6s
Downloaded: 1 files, 140 in 0.001s (134 KB/s)
