--2019-06-20 22:09:15--  ftp://ftp-private.ncbi.nlm.nih.gov/pubchem/.fetch/78/3402503830011268006.txt.gz
           => ‘3402503830011268006.txt.gz’
Resolving ftp-private.ncbi.nlm.nih.gov (ftp-private.ncbi.nlm.nih.gov)... 130.14.29.30
Connecting to ftp-private.ncbi.nlm.nih.gov (ftp-private.ncbi.nlm.nih.gov)|130.14.29.30|:21... connected.
Logging in as anonymous ... Logged in!
==> SYST ... done.    ==> PWD ... done.
==> TYPE I ... done.  ==> CWD (1) /pubchem/.fetch/78 ... done.
==> SIZE 3402503830011268006.txt.gz ... 79
==> PASV ... done.    ==> RETR 3402503830011268006.txt.gz ... done.
Length: 79 (unauthoritative)

     0K                                                       100% 92.7K=0.001s

2019-06-20 22:09:16 (92.7 KB/s) - ‘3402503830011268006.txt.gz’ saved [79]

--2019-06-20 22:09:16--  http://query/
Resolving query (query)... failed: Name or service not known.
wget: unable to resolve host address ‘query’
--2019-06-20 22:09:16--  ftp://xml/
           => ‘.listing’
Resolving xml (xml)... failed: Name or service not known.
wget: unable to resolve host address ‘xml’
--2019-06-20 22:09:16--  http://pc_fetch_aid468803_activities_0.cgi/
Resolving pc_fetch_aid468803_activities_0.cgi (pc_fetch_aid468803_activities_0.cgi)... failed: Name or service not known.
wget: unable to resolve host address ‘pc_fetch_aid468803_activities_0.cgi’
FINISHED --2019-06-20 22:09:17--
Total wall clock time: 1.5s
Downloaded: 1 files, 79 in 0.001s (92.7 KB/s)
