--2019-06-20 18:14:08--  ftp://ftp-private.ncbi.nlm.nih.gov/pubchem/.fetch/93/1030027090564225257.txt.gz
           => ‘1030027090564225257.txt.gz’
Resolving ftp-private.ncbi.nlm.nih.gov (ftp-private.ncbi.nlm.nih.gov)... 130.14.29.35
Connecting to ftp-private.ncbi.nlm.nih.gov (ftp-private.ncbi.nlm.nih.gov)|130.14.29.35|:21... connected.
Logging in as anonymous ... Logged in!
==> SYST ... done.    ==> PWD ... done.
==> TYPE I ... done.  ==> CWD (1) /pubchem/.fetch/93 ... done.
==> SIZE 1030027090564225257.txt.gz ... 130
==> PASV ... done.    ==> RETR 1030027090564225257.txt.gz ... done.
Length: 130 (unauthoritative)

     0K                                                       100% 94.9K=0.001s

2019-06-20 18:14:08 (94.9 KB/s) - ‘1030027090564225257.txt.gz’ saved [130]

--2019-06-20 18:14:08--  http://query/
Resolving query (query)... failed: Name or service not known.
wget: unable to resolve host address ‘query’
--2019-06-20 18:14:08--  ftp://xml/
           => ‘.listing’
Resolving xml (xml)... failed: Name or service not known.
wget: unable to resolve host address ‘xml’
--2019-06-20 18:14:08--  http://pc_fetch_aid1165531_activities_0.cgi/
Resolving pc_fetch_aid1165531_activities_0.cgi (pc_fetch_aid1165531_activities_0.cgi)... failed: Name or service not known.
wget: unable to resolve host address ‘pc_fetch_aid1165531_activities_0.cgi’
FINISHED --2019-06-20 18:14:08--
Total wall clock time: 0.8s
Downloaded: 1 files, 130 in 0.001s (94.9 KB/s)
