--2019-06-20 23:19:56--  ftp://ftp-private.ncbi.nlm.nih.gov/pubchem/.fetch/89/3403747528419363576.txt.gz
           => ‘3403747528419363576.txt.gz’
Resolving ftp-private.ncbi.nlm.nih.gov (ftp-private.ncbi.nlm.nih.gov)... 130.14.29.35
Connecting to ftp-private.ncbi.nlm.nih.gov (ftp-private.ncbi.nlm.nih.gov)|130.14.29.35|:21... connected.
Logging in as anonymous ... Logged in!
==> SYST ... done.    ==> PWD ... done.
==> TYPE I ... done.  ==> CWD (1) /pubchem/.fetch/89 ... done.
==> SIZE 3403747528419363576.txt.gz ... 70
==> PASV ... done.    ==> RETR 3403747528419363576.txt.gz ... done.
Length: 70 (unauthoritative)

     0K                                                       100% 85.7K=0.001s

2019-06-20 23:19:56 (85.7 KB/s) - ‘3403747528419363576.txt.gz’ saved [70]

--2019-06-20 23:19:56--  http://query/
Resolving query (query)... failed: Name or service not known.
wget: unable to resolve host address ‘query’
--2019-06-20 23:19:56--  ftp://xml/
           => ‘.listing’
Resolving xml (xml)... failed: Name or service not known.
wget: unable to resolve host address ‘xml’
--2019-06-20 23:19:56--  http://pc_fetch_aid645983_activities_0.cgi/
Resolving pc_fetch_aid645983_activities_0.cgi (pc_fetch_aid645983_activities_0.cgi)... failed: Name or service not known.
wget: unable to resolve host address ‘pc_fetch_aid645983_activities_0.cgi’
FINISHED --2019-06-20 23:19:56--
Total wall clock time: 0.6s
Downloaded: 1 files, 70 in 0.001s (85.7 KB/s)
