--2019-06-20 22:51:34--  ftp://ftp-private.ncbi.nlm.nih.gov/pubchem/.fetch/36/147271758531746668.txt.gz
           => ‘147271758531746668.txt.gz’
Resolving ftp-private.ncbi.nlm.nih.gov (ftp-private.ncbi.nlm.nih.gov)... 130.14.29.35
Connecting to ftp-private.ncbi.nlm.nih.gov (ftp-private.ncbi.nlm.nih.gov)|130.14.29.35|:21... connected.
Logging in as anonymous ... Logged in!
==> SYST ... done.    ==> PWD ... done.
==> TYPE I ... done.  ==> CWD (1) /pubchem/.fetch/36 ... done.
==> SIZE 147271758531746668.txt.gz ... 60
==> PASV ... done.    ==> RETR 147271758531746668.txt.gz ... done.
Length: 60 (unauthoritative)

     0K                                                       100% 56.8K=0.001s

2019-06-20 22:51:34 (56.8 KB/s) - ‘147271758531746668.txt.gz’ saved [60]

--2019-06-20 22:51:34--  http://query/
Resolving query (query)... failed: Name or service not known.
wget: unable to resolve host address ‘query’
--2019-06-20 22:51:34--  ftp://xml/
           => ‘.listing’
Resolving xml (xml)... failed: Name or service not known.
wget: unable to resolve host address ‘xml’
--2019-06-20 22:51:34--  http://pc_fetch_aid584620_activities_0.cgi/
Resolving pc_fetch_aid584620_activities_0.cgi (pc_fetch_aid584620_activities_0.cgi)... failed: Name or service not known.
wget: unable to resolve host address ‘pc_fetch_aid584620_activities_0.cgi’
FINISHED --2019-06-20 22:51:34--
Total wall clock time: 0.5s
Downloaded: 1 files, 60 in 0.001s (56.8 KB/s)
