--2019-06-20 21:26:05--  ftp://ftp-private.ncbi.nlm.nih.gov/pubchem/.fetch/80/1368021440833786213.txt.gz
           => ‘1368021440833786213.txt.gz’
Resolving ftp-private.ncbi.nlm.nih.gov (ftp-private.ncbi.nlm.nih.gov)... 130.14.29.30
Connecting to ftp-private.ncbi.nlm.nih.gov (ftp-private.ncbi.nlm.nih.gov)|130.14.29.30|:21... connected.
Logging in as anonymous ... Logged in!
==> SYST ... done.    ==> PWD ... done.
==> TYPE I ... done.  ==> CWD (1) /pubchem/.fetch/80 ... done.
==> SIZE 1368021440833786213.txt.gz ... 465
==> PASV ... done.    ==> RETR 1368021440833786213.txt.gz ... done.
Length: 465 (unauthoritative)

     0K                                                       100%  290K=0.002s

2019-06-20 21:26:06 (290 KB/s) - ‘1368021440833786213.txt.gz’ saved [465]

--2019-06-20 21:26:06--  http://query/
Resolving query (query)... failed: Name or service not known.
wget: unable to resolve host address ‘query’
--2019-06-20 21:26:06--  ftp://xml/
           => ‘.listing’
Resolving xml (xml)... failed: Name or service not known.
wget: unable to resolve host address ‘xml’
--2019-06-20 21:26:06--  http://pc_fetch_aid321546_activities_0.cgi/
Resolving pc_fetch_aid321546_activities_0.cgi (pc_fetch_aid321546_activities_0.cgi)... failed: Name or service not known.
wget: unable to resolve host address ‘pc_fetch_aid321546_activities_0.cgi’
FINISHED --2019-06-20 21:26:06--
Total wall clock time: 0.8s
Downloaded: 1 files, 465 in 0.002s (290 KB/s)
