--2019-06-20 21:07:04--  ftp://ftp-private.ncbi.nlm.nih.gov/pubchem/.fetch/32/600106608641007497.txt.gz
           => ‘600106608641007497.txt.gz’
Resolving ftp-private.ncbi.nlm.nih.gov (ftp-private.ncbi.nlm.nih.gov)... 130.14.29.35
Connecting to ftp-private.ncbi.nlm.nih.gov (ftp-private.ncbi.nlm.nih.gov)|130.14.29.35|:21... connected.
Logging in as anonymous ... Logged in!
==> SYST ... done.    ==> PWD ... done.
==> TYPE I ... done.  ==> CWD (1) /pubchem/.fetch/32 ... done.
==> SIZE 600106608641007497.txt.gz ... 124
==> PASV ... done.    ==> RETR 600106608641007497.txt.gz ... done.
Length: 124 (unauthoritative)

     0K                                                       100%  126K=0.001s

2019-06-20 21:07:05 (126 KB/s) - ‘600106608641007497.txt.gz’ saved [124]

--2019-06-20 21:07:05--  http://query/
Resolving query (query)... failed: Name or service not known.
wget: unable to resolve host address ‘query’
--2019-06-20 21:07:05--  ftp://xml/
           => ‘.listing’
Resolving xml (xml)... failed: Name or service not known.
wget: unable to resolve host address ‘xml’
--2019-06-20 21:07:05--  http://pc_fetch_aid1336775_activities_0.cgi/
Resolving pc_fetch_aid1336775_activities_0.cgi (pc_fetch_aid1336775_activities_0.cgi)... failed: Name or service not known.
wget: unable to resolve host address ‘pc_fetch_aid1336775_activities_0.cgi’
FINISHED --2019-06-20 21:07:05--
Total wall clock time: 0.4s
Downloaded: 1 files, 124 in 0.001s (126 KB/s)
