--2019-06-20 19:36:32--  ftp://ftp-private.ncbi.nlm.nih.gov/pubchem/.fetch/11/989797522442877900.txt.gz
           => ‘989797522442877900.txt.gz’
Resolving ftp-private.ncbi.nlm.nih.gov (ftp-private.ncbi.nlm.nih.gov)... 130.14.29.35
Connecting to ftp-private.ncbi.nlm.nih.gov (ftp-private.ncbi.nlm.nih.gov)|130.14.29.35|:21... connected.
Logging in as anonymous ... Logged in!
==> SYST ... done.    ==> PWD ... done.
==> TYPE I ... done.  ==> CWD (1) /pubchem/.fetch/11 ... done.
==> SIZE 989797522442877900.txt.gz ... 62
==> PASV ... done.    ==> RETR 989797522442877900.txt.gz ... done.
Length: 62 (unauthoritative)

     0K                                                       100% 83.0K=0.001s

2019-06-20 19:36:32 (83.0 KB/s) - ‘989797522442877900.txt.gz’ saved [62]

--2019-06-20 19:36:32--  http://query/
Resolving query (query)... failed: Name or service not known.
wget: unable to resolve host address ‘query’
--2019-06-20 19:36:32--  ftp://xml/
           => ‘.listing’
Resolving xml (xml)... failed: Name or service not known.
wget: unable to resolve host address ‘xml’
--2019-06-20 19:36:32--  http://pc_fetch_aid1276327_activities_0.cgi/
Resolving pc_fetch_aid1276327_activities_0.cgi (pc_fetch_aid1276327_activities_0.cgi)... failed: Name or service not known.
wget: unable to resolve host address ‘pc_fetch_aid1276327_activities_0.cgi’
FINISHED --2019-06-20 19:36:33--
Total wall clock time: 0.4s
Downloaded: 1 files, 62 in 0.001s (83.0 KB/s)
