--2019-06-20 20:59:28--  ftp://ftp-private.ncbi.nlm.nih.gov/pubchem/.fetch/67/3669864602083211672.txt.gz
           => ‘3669864602083211672.txt.gz’
Resolving ftp-private.ncbi.nlm.nih.gov (ftp-private.ncbi.nlm.nih.gov)... 130.14.29.35
Connecting to ftp-private.ncbi.nlm.nih.gov (ftp-private.ncbi.nlm.nih.gov)|130.14.29.35|:21... connected.
Logging in as anonymous ... Logged in!
==> SYST ... done.    ==> PWD ... done.
==> TYPE I ... done.  ==> CWD (1) /pubchem/.fetch/67 ... done.
==> SIZE 3669864602083211672.txt.gz ... 91
==> PASV ... done.    ==> RETR 3669864602083211672.txt.gz ... done.
Length: 91 (unauthoritative)

     0K                                                       100%  103K=0.001s

2019-06-20 20:59:28 (103 KB/s) - ‘3669864602083211672.txt.gz’ saved [91]

--2019-06-20 20:59:28--  http://query/
Resolving query (query)... failed: Name or service not known.
wget: unable to resolve host address ‘query’
--2019-06-20 20:59:28--  ftp://xml/
           => ‘.listing’
Resolving xml (xml)... failed: Name or service not known.
wget: unable to resolve host address ‘xml’
--2019-06-20 20:59:28--  http://pc_fetch_aid1335689_activities_0.cgi/
Resolving pc_fetch_aid1335689_activities_0.cgi (pc_fetch_aid1335689_activities_0.cgi)... failed: Name or service not known.
wget: unable to resolve host address ‘pc_fetch_aid1335689_activities_0.cgi’
FINISHED --2019-06-20 20:59:28--
Total wall clock time: 0.4s
Downloaded: 1 files, 91 in 0.001s (103 KB/s)
