--2019-06-20 18:02:46--  ftp://ftp-private.ncbi.nlm.nih.gov/pubchem/.fetch/79/1224725369354033495.txt.gz
           => ‘1224725369354033495.txt.gz’
Resolving ftp-private.ncbi.nlm.nih.gov (ftp-private.ncbi.nlm.nih.gov)... 130.14.29.30
Connecting to ftp-private.ncbi.nlm.nih.gov (ftp-private.ncbi.nlm.nih.gov)|130.14.29.30|:21... connected.
Logging in as anonymous ... Logged in!
==> SYST ... done.    ==> PWD ... done.
==> TYPE I ... done.  ==> CWD (1) /pubchem/.fetch/79 ... done.
==> SIZE 1224725369354033495.txt.gz ... 81
==> PASV ... done.    ==> RETR 1224725369354033495.txt.gz ... done.
Length: 81 (unauthoritative)

     0K                                                       100% 3.49K=0.02s

2019-06-20 18:02:47 (3.49 KB/s) - ‘1224725369354033495.txt.gz’ saved [81]

--2019-06-20 18:02:47--  http://query/
Resolving query (query)... failed: Name or service not known.
wget: unable to resolve host address ‘query’
--2019-06-20 18:02:47--  ftp://xml/
           => ‘.listing’
Resolving xml (xml)... failed: Name or service not known.
wget: unable to resolve host address ‘xml’
--2019-06-20 18:02:47--  http://pc_fetch_aid1165246_activities_0.cgi/
Resolving pc_fetch_aid1165246_activities_0.cgi (pc_fetch_aid1165246_activities_0.cgi)... failed: Name or service not known.
wget: unable to resolve host address ‘pc_fetch_aid1165246_activities_0.cgi’
FINISHED --2019-06-20 18:02:47--
Total wall clock time: 0.5s
Downloaded: 1 files, 81 in 0.02s (3.49 KB/s)
