--2019-06-21 00:44:43--  ftp://ftp-private.ncbi.nlm.nih.gov/pubchem/.fetch/92/3894557970527982635.txt.gz
           => ‘3894557970527982635.txt.gz’
Resolving ftp-private.ncbi.nlm.nih.gov (ftp-private.ncbi.nlm.nih.gov)... 130.14.29.30
Connecting to ftp-private.ncbi.nlm.nih.gov (ftp-private.ncbi.nlm.nih.gov)|130.14.29.30|:21... connected.
Logging in as anonymous ... Logged in!
==> SYST ... done.    ==> PWD ... done.
==> TYPE I ... done.  ==> CWD (1) /pubchem/.fetch/92 ... done.
==> SIZE 3894557970527982635.txt.gz ... 125
==> PASV ... done.    ==> RETR 3894557970527982635.txt.gz ... done.
Length: 125 (unauthoritative)

     0K                                                       100%  139K=0.001s

2019-06-21 00:44:44 (139 KB/s) - ‘3894557970527982635.txt.gz’ saved [125]

--2019-06-21 00:44:44--  http://query/
Resolving query (query)... failed: Name or service not known.
wget: unable to resolve host address ‘query’
--2019-06-21 00:44:44--  ftp://xml/
           => ‘.listing’
Resolving xml (xml)... failed: Name or service not known.
wget: unable to resolve host address ‘xml’
--2019-06-21 00:44:44--  http://pc_fetch_aid775883_activities_0.cgi/
Resolving pc_fetch_aid775883_activities_0.cgi (pc_fetch_aid775883_activities_0.cgi)... failed: Name or service not known.
wget: unable to resolve host address ‘pc_fetch_aid775883_activities_0.cgi’
FINISHED --2019-06-21 00:44:44--
Total wall clock time: 0.7s
Downloaded: 1 files, 125 in 0.001s (139 KB/s)
