--2019-06-20 17:11:58--  ftp://ftp-private.ncbi.nlm.nih.gov/pubchem/.fetch/96/1904858838388284321.txt.gz
           => ‘1904858838388284321.txt.gz’
Resolving ftp-private.ncbi.nlm.nih.gov (ftp-private.ncbi.nlm.nih.gov)... 130.14.29.30
Connecting to ftp-private.ncbi.nlm.nih.gov (ftp-private.ncbi.nlm.nih.gov)|130.14.29.30|:21... connected.
Logging in as anonymous ... Logged in!
==> SYST ... done.    ==> PWD ... done.
==> TYPE I ... done.  ==> CWD (1) /pubchem/.fetch/96 ... done.
==> SIZE 1904858838388284321.txt.gz ... 41
==> PASV ... done.    ==> RETR 1904858838388284321.txt.gz ... done.
Length: 41 (unauthoritative)

     0K                                                       100% 50.8K=0.001s

2019-06-20 17:11:59 (50.8 KB/s) - ‘1904858838388284321.txt.gz’ saved [41]

--2019-06-20 17:11:59--  http://query/
Resolving query (query)... failed: Name or service not known.
wget: unable to resolve host address ‘query’
--2019-06-20 17:11:59--  ftp://xml/
           => ‘.listing’
Resolving xml (xml)... failed: Name or service not known.
wget: unable to resolve host address ‘xml’
--2019-06-20 17:11:59--  http://pc_fetch_aid1064203_activities_0.cgi/
Resolving pc_fetch_aid1064203_activities_0.cgi (pc_fetch_aid1064203_activities_0.cgi)... failed: Name or service not known.
wget: unable to resolve host address ‘pc_fetch_aid1064203_activities_0.cgi’
FINISHED --2019-06-20 17:11:59--
Total wall clock time: 0.4s
Downloaded: 1 files, 41 in 0.001s (50.8 KB/s)
