--2019-06-20 22:56:21--  ftp://ftp-private.ncbi.nlm.nih.gov/pubchem/.fetch/100/3558420353184650432.txt.gz
           => ‘3558420353184650432.txt.gz’
Resolving ftp-private.ncbi.nlm.nih.gov (ftp-private.ncbi.nlm.nih.gov)... 130.14.29.30
Connecting to ftp-private.ncbi.nlm.nih.gov (ftp-private.ncbi.nlm.nih.gov)|130.14.29.30|:21... connected.
Logging in as anonymous ... Logged in!
==> SYST ... done.    ==> PWD ... done.
==> TYPE I ... done.  ==> CWD (1) /pubchem/.fetch/100 ... done.
==> SIZE 3558420353184650432.txt.gz ... 71
==> PASV ... done.    ==> RETR 3558420353184650432.txt.gz ... done.
Length: 71 (unauthoritative)

     0K                                                       100% 84.6K=0.001s

2019-06-20 22:56:22 (84.6 KB/s) - ‘3558420353184650432.txt.gz’ saved [71]

--2019-06-20 22:56:22--  http://query/
Resolving query (query)... failed: Name or service not known.
wget: unable to resolve host address ‘query’
--2019-06-20 22:56:22--  ftp://xml/
           => ‘.listing’
Resolving xml (xml)... failed: Name or service not known.
wget: unable to resolve host address ‘xml’
--2019-06-20 22:56:22--  http://pc_fetch_aid600316_activities_0.cgi/
Resolving pc_fetch_aid600316_activities_0.cgi (pc_fetch_aid600316_activities_0.cgi)... failed: Name or service not known.
wget: unable to resolve host address ‘pc_fetch_aid600316_activities_0.cgi’
FINISHED --2019-06-20 22:56:22--
Total wall clock time: 0.7s
Downloaded: 1 files, 71 in 0.001s (84.6 KB/s)
