--2019-06-20 23:20:20--  ftp://ftp-private.ncbi.nlm.nih.gov/pubchem/.fetch/81/417053179856689470.txt.gz
           => ‘417053179856689470.txt.gz’
Resolving ftp-private.ncbi.nlm.nih.gov (ftp-private.ncbi.nlm.nih.gov)... 130.14.29.35
Connecting to ftp-private.ncbi.nlm.nih.gov (ftp-private.ncbi.nlm.nih.gov)|130.14.29.35|:21... connected.
Logging in as anonymous ... Logged in!
==> SYST ... done.    ==> PWD ... done.
==> TYPE I ... done.  ==> CWD (1) /pubchem/.fetch/81 ... done.
==> SIZE 417053179856689470.txt.gz ... 70
==> PASV ... done.    ==> RETR 417053179856689470.txt.gz ... done.
Length: 70 (unauthoritative)

     0K                                                       100% 88.8K=0.001s

2019-06-20 23:20:20 (88.8 KB/s) - ‘417053179856689470.txt.gz’ saved [70]

--2019-06-20 23:20:20--  http://query/
Resolving query (query)... failed: Name or service not known.
wget: unable to resolve host address ‘query’
--2019-06-20 23:20:20--  ftp://xml/
           => ‘.listing’
Resolving xml (xml)... failed: Name or service not known.
wget: unable to resolve host address ‘xml’
--2019-06-20 23:20:20--  http://pc_fetch_aid645987_activities_0.cgi/
Resolving pc_fetch_aid645987_activities_0.cgi (pc_fetch_aid645987_activities_0.cgi)... failed: Name or service not known.
wget: unable to resolve host address ‘pc_fetch_aid645987_activities_0.cgi’
FINISHED --2019-06-20 23:20:20--
Total wall clock time: 0.4s
Downloaded: 1 files, 70 in 0.001s (88.8 KB/s)
