--2019-06-20 21:28:59--  ftp://ftp-private.ncbi.nlm.nih.gov/pubchem/.fetch/25/1968943029463334196.txt.gz
           => ‘1968943029463334196.txt.gz’
Resolving ftp-private.ncbi.nlm.nih.gov (ftp-private.ncbi.nlm.nih.gov)... 130.14.29.30
Connecting to ftp-private.ncbi.nlm.nih.gov (ftp-private.ncbi.nlm.nih.gov)|130.14.29.30|:21... connected.
Logging in as anonymous ... Logged in!
==> SYST ... done.    ==> PWD ... done.
==> TYPE I ... done.  ==> CWD (1) /pubchem/.fetch/25 ... done.
==> SIZE 1968943029463334196.txt.gz ... 91
==> PASV ... done.    ==> RETR 1968943029463334196.txt.gz ... done.
Length: 91 (unauthoritative)

     0K                                                       100%  125K=0.001s

2019-06-20 21:28:59 (125 KB/s) - ‘1968943029463334196.txt.gz’ saved [91]

--2019-06-20 21:28:59--  http://query/
Resolving query (query)... failed: Name or service not known.
wget: unable to resolve host address ‘query’
--2019-06-20 21:28:59--  ftp://xml/
           => ‘.listing’
Resolving xml (xml)... failed: Name or service not known.
wget: unable to resolve host address ‘xml’
--2019-06-20 21:28:59--  http://pc_fetch_aid322903_activities_0.cgi/
Resolving pc_fetch_aid322903_activities_0.cgi (pc_fetch_aid322903_activities_0.cgi)... failed: Name or service not known.
wget: unable to resolve host address ‘pc_fetch_aid322903_activities_0.cgi’
FINISHED --2019-06-20 21:29:00--
Total wall clock time: 0.8s
Downloaded: 1 files, 91 in 0.001s (125 KB/s)
