--2019-06-21 00:26:37--  ftp://ftp-private.ncbi.nlm.nih.gov/pubchem/.fetch/27/4479318924607523147.txt.gz
           => ‘4479318924607523147.txt.gz’
Resolving ftp-private.ncbi.nlm.nih.gov (ftp-private.ncbi.nlm.nih.gov)... 130.14.29.35
Connecting to ftp-private.ncbi.nlm.nih.gov (ftp-private.ncbi.nlm.nih.gov)|130.14.29.35|:21... connected.
Logging in as anonymous ... Logged in!
==> SYST ... done.    ==> PWD ... done.
==> TYPE I ... done.  ==> CWD (1) /pubchem/.fetch/27 ... done.
==> SIZE 4479318924607523147.txt.gz ... 50
==> PASV ... done.    ==> RETR 4479318924607523147.txt.gz ... done.
Length: 50 (unauthoritative)

     0K                                                       100% 54.5K=0.001s

2019-06-21 00:26:38 (54.5 KB/s) - ‘4479318924607523147.txt.gz’ saved [50]

--2019-06-21 00:26:38--  http://query/
Resolving query (query)... failed: Name or service not known.
wget: unable to resolve host address ‘query’
--2019-06-21 00:26:38--  ftp://xml/
           => ‘.listing’
Resolving xml (xml)... failed: Name or service not known.
wget: unable to resolve host address ‘xml’
--2019-06-21 00:26:38--  http://pc_fetch_aid752853_activities_0.cgi/
Resolving pc_fetch_aid752853_activities_0.cgi (pc_fetch_aid752853_activities_0.cgi)... failed: Name or service not known.
wget: unable to resolve host address ‘pc_fetch_aid752853_activities_0.cgi’
FINISHED --2019-06-21 00:26:38--
Total wall clock time: 0.5s
Downloaded: 1 files, 50 in 0.001s (54.5 KB/s)
