--2019-06-20 20:51:43--  ftp://ftp-private.ncbi.nlm.nih.gov/pubchem/.fetch/40/1519848101022046174.txt.gz
           => ‘1519848101022046174.txt.gz’
Resolving ftp-private.ncbi.nlm.nih.gov (ftp-private.ncbi.nlm.nih.gov)... 130.14.29.35
Connecting to ftp-private.ncbi.nlm.nih.gov (ftp-private.ncbi.nlm.nih.gov)|130.14.29.35|:21... connected.
Logging in as anonymous ... Logged in!
==> SYST ... done.    ==> PWD ... done.
==> TYPE I ... done.  ==> CWD (1) /pubchem/.fetch/40 ... done.
==> SIZE 1519848101022046174.txt.gz ... 87
==> PASV ... done.    ==> RETR 1519848101022046174.txt.gz ... done.
Length: 87 (unauthoritative)

     0K                                                       100% 96.3K=0.001s

2019-06-20 20:51:43 (96.3 KB/s) - ‘1519848101022046174.txt.gz’ saved [87]

--2019-06-20 20:51:43--  http://query/
Resolving query (query)... failed: Name or service not known.
wget: unable to resolve host address ‘query’
--2019-06-20 20:51:43--  ftp://xml/
           => ‘.listing’
Resolving xml (xml)... failed: Name or service not known.
wget: unable to resolve host address ‘xml’
--2019-06-20 20:51:43--  http://pc_fetch_aid1329375_activities_0.cgi/
Resolving pc_fetch_aid1329375_activities_0.cgi (pc_fetch_aid1329375_activities_0.cgi)... failed: Name or service not known.
wget: unable to resolve host address ‘pc_fetch_aid1329375_activities_0.cgi’
FINISHED --2019-06-20 20:51:43--
Total wall clock time: 0.6s
Downloaded: 1 files, 87 in 0.001s (96.3 KB/s)
