--2019-06-20 17:28:25--  ftp://ftp-private.ncbi.nlm.nih.gov/pubchem/.fetch/39/4311515560648226848.txt.gz
           => ‘4311515560648226848.txt.gz’
Resolving ftp-private.ncbi.nlm.nih.gov (ftp-private.ncbi.nlm.nih.gov)... 130.14.29.30
Connecting to ftp-private.ncbi.nlm.nih.gov (ftp-private.ncbi.nlm.nih.gov)|130.14.29.30|:21... connected.
Logging in as anonymous ... Logged in!
==> SYST ... done.    ==> PWD ... done.
==> TYPE I ... done.  ==> CWD (1) /pubchem/.fetch/39 ... done.
==> SIZE 4311515560648226848.txt.gz ... 180
==> PASV ... done.    ==> RETR 4311515560648226848.txt.gz ... done.
Length: 180 (unauthoritative)

     0K                                                       100%  154K=0.001s

2019-06-20 17:28:26 (154 KB/s) - ‘4311515560648226848.txt.gz’ saved [180]

--2019-06-20 17:28:26--  http://query/
Resolving query (query)... failed: Name or service not known.
wget: unable to resolve host address ‘query’
--2019-06-20 17:28:26--  ftp://xml/
           => ‘.listing’
Resolving xml (xml)... failed: Name or service not known.
wget: unable to resolve host address ‘xml’
--2019-06-20 17:28:26--  http://pc_fetch_aid1102006_activities_0.cgi/
Resolving pc_fetch_aid1102006_activities_0.cgi (pc_fetch_aid1102006_activities_0.cgi)... failed: Name or service not known.
wget: unable to resolve host address ‘pc_fetch_aid1102006_activities_0.cgi’
FINISHED --2019-06-20 17:28:26--
Total wall clock time: 0.4s
Downloaded: 1 files, 180 in 0.001s (154 KB/s)
