--2019-06-21 16:55:49--  ftp://ftp-private.ncbi.nlm.nih.gov/pubchem/.fetch/88/1522237795041827348.txt.gz
           => '1522237795041827348.txt.gz'
Resolving ftp-private.ncbi.nlm.nih.gov (ftp-private.ncbi.nlm.nih.gov)... 130.14.29.35
Connecting to ftp-private.ncbi.nlm.nih.gov (ftp-private.ncbi.nlm.nih.gov)|130.14.29.35|:21... connected.
Logging in as anonymous ... Logged in!
==> SYST ... done.    ==> PWD ... done.
==> TYPE I ... done.  ==> CWD (1) /pubchem/.fetch/88 ... done.
==> SIZE 1522237795041827348.txt.gz ... 51
==> PASV ... done.    ==> RETR 1522237795041827348.txt.gz ... done.
Length: 51 (unauthoritative)

     0K                                                       100% 42.5K=0.001s

2019-06-21 16:55:50 (42.5 KB/s) - '1522237795041827348.txt.gz' saved [51]

--2019-06-21 16:55:50--  http://query/
Resolving query (query)... failed: Name or service not known.
wget: unable to resolve host address 'query'
--2019-06-21 16:55:50--  ftp://xml/
           => '.listing'
Resolving xml (xml)... failed: Name or service not known.
wget: unable to resolve host address 'xml'
--2019-06-21 16:55:50--  http://pc_fetch_aid1057226_activities_0.cgi/
Resolving pc_fetch_aid1057226_activities_0.cgi (pc_fetch_aid1057226_activities_0.cgi)... failed: Name or service not known.
wget: unable to resolve host address 'pc_fetch_aid1057226_activities_0.cgi'
FINISHED --2019-06-21 16:55:50--
Total wall clock time: 0.5s
Downloaded: 1 files, 51 in 0.001s (42.5 KB/s)
