--2019-06-20 17:31:00--  ftp://ftp-private.ncbi.nlm.nih.gov/pubchem/.fetch/54/4177296595957533729.txt.gz
           => ‘4177296595957533729.txt.gz’
Resolving ftp-private.ncbi.nlm.nih.gov (ftp-private.ncbi.nlm.nih.gov)... 130.14.29.35
Connecting to ftp-private.ncbi.nlm.nih.gov (ftp-private.ncbi.nlm.nih.gov)|130.14.29.35|:21... connected.
Logging in as anonymous ... Logged in!
==> SYST ... done.    ==> PWD ... done.
==> TYPE I ... done.  ==> CWD (1) /pubchem/.fetch/54 ... done.
==> SIZE 4177296595957533729.txt.gz ... 96
==> PASV ... done.    ==> RETR 4177296595957533729.txt.gz ... done.
Length: 96 (unauthoritative)

     0K                                                       100% 98.9K=0.001s

2019-06-20 17:31:00 (98.9 KB/s) - ‘4177296595957533729.txt.gz’ saved [96]

--2019-06-20 17:31:00--  http://query/
Resolving query (query)... failed: Name or service not known.
wget: unable to resolve host address ‘query’
--2019-06-20 17:31:00--  ftp://xml/
           => ‘.listing’
Resolving xml (xml)... failed: Name or service not known.
wget: unable to resolve host address ‘xml’
--2019-06-20 17:31:00--  http://pc_fetch_aid1103763_activities_0.cgi/
Resolving pc_fetch_aid1103763_activities_0.cgi (pc_fetch_aid1103763_activities_0.cgi)... failed: Name or service not known.
wget: unable to resolve host address ‘pc_fetch_aid1103763_activities_0.cgi’
FINISHED --2019-06-20 17:31:00--
Total wall clock time: 0.4s
Downloaded: 1 files, 96 in 0.001s (98.9 KB/s)
