--2019-06-20 18:53:43--  ftp://ftp-private.ncbi.nlm.nih.gov/pubchem/.fetch/11/3427237200483238667.txt.gz
           => ‘3427237200483238667.txt.gz’
Resolving ftp-private.ncbi.nlm.nih.gov (ftp-private.ncbi.nlm.nih.gov)... 130.14.29.35
Connecting to ftp-private.ncbi.nlm.nih.gov (ftp-private.ncbi.nlm.nih.gov)|130.14.29.35|:21... connected.
Logging in as anonymous ... Logged in!
==> SYST ... done.    ==> PWD ... done.
==> TYPE I ... done.  ==> CWD (1) /pubchem/.fetch/11 ... done.
==> SIZE 3427237200483238667.txt.gz ... 89
==> PASV ... done.    ==> RETR 3427237200483238667.txt.gz ... done.
Length: 89 (unauthoritative)

     0K                                                       100%  113K=0.001s

2019-06-20 18:53:43 (113 KB/s) - ‘3427237200483238667.txt.gz’ saved [89]

--2019-06-20 18:53:43--  http://query/
Resolving query (query)... failed: Name or service not known.
wget: unable to resolve host address ‘query’
--2019-06-20 18:53:43--  ftp://xml/
           => ‘.listing’
Resolving xml (xml)... failed: Name or service not known.
wget: unable to resolve host address ‘xml’
--2019-06-20 18:53:43--  http://pc_fetch_aid1206169_activities_0.cgi/
Resolving pc_fetch_aid1206169_activities_0.cgi (pc_fetch_aid1206169_activities_0.cgi)... failed: Name or service not known.
wget: unable to resolve host address ‘pc_fetch_aid1206169_activities_0.cgi’
FINISHED --2019-06-20 18:53:43--
Total wall clock time: 0.4s
Downloaded: 1 files, 89 in 0.001s (113 KB/s)
