--2019-06-20 19:59:57--  ftp://ftp-private.ncbi.nlm.nih.gov/pubchem/.fetch/20/1151530080461366634.txt.gz
           => ‘1151530080461366634.txt.gz’
Resolving ftp-private.ncbi.nlm.nih.gov (ftp-private.ncbi.nlm.nih.gov)... 130.14.29.35
Connecting to ftp-private.ncbi.nlm.nih.gov (ftp-private.ncbi.nlm.nih.gov)|130.14.29.35|:21... connected.
Logging in as anonymous ... Logged in!
==> SYST ... done.    ==> PWD ... done.
==> TYPE I ... done.  ==> CWD (1) /pubchem/.fetch/20 ... done.
==> SIZE 1151530080461366634.txt.gz ... 56
==> PASV ... done.    ==> RETR 1151530080461366634.txt.gz ... done.
Length: 56 (unauthoritative)

     0K                                                       100% 71.7K=0.001s

2019-06-20 19:59:57 (71.7 KB/s) - ‘1151530080461366634.txt.gz’ saved [56]

--2019-06-20 19:59:57--  http://query/
Resolving query (query)... failed: Name or service not known.
wget: unable to resolve host address ‘query’
--2019-06-20 19:59:57--  ftp://xml/
           => ‘.listing’
Resolving xml (xml)... failed: Name or service not known.
wget: unable to resolve host address ‘xml’
--2019-06-20 19:59:57--  http://pc_fetch_aid1296460_activities_0.cgi/
Resolving pc_fetch_aid1296460_activities_0.cgi (pc_fetch_aid1296460_activities_0.cgi)... failed: Name or service not known.
wget: unable to resolve host address ‘pc_fetch_aid1296460_activities_0.cgi’
FINISHED --2019-06-20 19:59:57--
Total wall clock time: 0.4s
Downloaded: 1 files, 56 in 0.001s (71.7 KB/s)
