--2019-06-20 22:34:31--  ftp://ftp-private.ncbi.nlm.nih.gov/pubchem/.fetch/73/3374308392578619418.txt.gz
           => ‘3374308392578619418.txt.gz’
Resolving ftp-private.ncbi.nlm.nih.gov (ftp-private.ncbi.nlm.nih.gov)... 130.14.29.30
Connecting to ftp-private.ncbi.nlm.nih.gov (ftp-private.ncbi.nlm.nih.gov)|130.14.29.30|:21... connected.
Logging in as anonymous ... Logged in!
==> SYST ... done.    ==> PWD ... done.
==> TYPE I ... done.  ==> CWD (1) /pubchem/.fetch/73 ... done.
==> SIZE 3374308392578619418.txt.gz ... 155
==> PASV ... done.    ==> RETR 3374308392578619418.txt.gz ... done.
Length: 155 (unauthoritative)

     0K                                                       100%  154K=0.001s

2019-06-20 22:34:31 (154 KB/s) - ‘3374308392578619418.txt.gz’ saved [155]

--2019-06-20 22:34:31--  http://query/
Resolving query (query)... failed: Name or service not known.
wget: unable to resolve host address ‘query’
--2019-06-20 22:34:31--  ftp://xml/
           => ‘.listing’
Resolving xml (xml)... failed: Name or service not known.
wget: unable to resolve host address ‘xml’
--2019-06-20 22:34:31--  http://pc_fetch_aid521058_activities_0.cgi/
Resolving pc_fetch_aid521058_activities_0.cgi (pc_fetch_aid521058_activities_0.cgi)... failed: Name or service not known.
wget: unable to resolve host address ‘pc_fetch_aid521058_activities_0.cgi’
FINISHED --2019-06-20 22:34:31--
Total wall clock time: 0.5s
Downloaded: 1 files, 155 in 0.001s (154 KB/s)
