--2019-06-21 00:44:56--  ftp://ftp-private.ncbi.nlm.nih.gov/pubchem/.fetch/47/3722541539744898146.txt.gz
           => ‘3722541539744898146.txt.gz’
Resolving ftp-private.ncbi.nlm.nih.gov (ftp-private.ncbi.nlm.nih.gov)... 130.14.29.30
Connecting to ftp-private.ncbi.nlm.nih.gov (ftp-private.ncbi.nlm.nih.gov)|130.14.29.30|:21... connected.
Logging in as anonymous ... Logged in!
==> SYST ... done.    ==> PWD ... done.
==> TYPE I ... done.  ==> CWD (1) /pubchem/.fetch/47 ... done.
==> SIZE 3722541539744898146.txt.gz ... 125
==> PASV ... done.    ==> RETR 3722541539744898146.txt.gz ... done.
Length: 125 (unauthoritative)

     0K                                                       100% 7.85K=0.02s

2019-06-21 00:44:56 (7.85 KB/s) - ‘3722541539744898146.txt.gz’ saved [125]

--2019-06-21 00:44:56--  http://query/
Resolving query (query)... failed: Name or service not known.
wget: unable to resolve host address ‘query’
--2019-06-21 00:44:56--  ftp://xml/
           => ‘.listing’
Resolving xml (xml)... failed: Name or service not known.
wget: unable to resolve host address ‘xml’
--2019-06-21 00:44:56--  http://pc_fetch_aid775885_activities_0.cgi/
Resolving pc_fetch_aid775885_activities_0.cgi (pc_fetch_aid775885_activities_0.cgi)... failed: Name or service not known.
wget: unable to resolve host address ‘pc_fetch_aid775885_activities_0.cgi’
FINISHED --2019-06-21 00:44:57--
Total wall clock time: 1.2s
Downloaded: 1 files, 125 in 0.02s (7.85 KB/s)
