--2019-06-20 23:50:31--  ftp://ftp-private.ncbi.nlm.nih.gov/pubchem/.fetch/50/2062762936704386874.txt.gz
           => ‘2062762936704386874.txt.gz’
Resolving ftp-private.ncbi.nlm.nih.gov (ftp-private.ncbi.nlm.nih.gov)... 130.14.29.35
Connecting to ftp-private.ncbi.nlm.nih.gov (ftp-private.ncbi.nlm.nih.gov)|130.14.29.35|:21... connected.
Logging in as anonymous ... Logged in!
==> SYST ... done.    ==> PWD ... done.
==> TYPE I ... done.  ==> CWD (1) /pubchem/.fetch/50 ... done.
==> SIZE 2062762936704386874.txt.gz ... 59
==> PASV ... done.    ==> RETR 2062762936704386874.txt.gz ... done.
Length: 59 (unauthoritative)

     0K                                                       100% 90.6K=0.001s

2019-06-20 23:50:31 (90.6 KB/s) - ‘2062762936704386874.txt.gz’ saved [59]

--2019-06-20 23:50:31--  http://query/
Resolving query (query)... failed: Name or service not known.
wget: unable to resolve host address ‘query’
--2019-06-20 23:50:31--  ftp://xml/
           => ‘.listing’
Resolving xml (xml)... failed: Name or service not known.
wget: unable to resolve host address ‘xml’
--2019-06-20 23:50:31--  http://pc_fetch_aid713403_activities_0.cgi/
Resolving pc_fetch_aid713403_activities_0.cgi (pc_fetch_aid713403_activities_0.cgi)... failed: Name or service not known.
wget: unable to resolve host address ‘pc_fetch_aid713403_activities_0.cgi’
FINISHED --2019-06-20 23:50:31--
Total wall clock time: 0.4s
Downloaded: 1 files, 59 in 0.001s (90.6 KB/s)
