--2019-06-20 19:25:00--  ftp://ftp-private.ncbi.nlm.nih.gov/pubchem/.fetch/39/68723772249400763.txt.gz
           => ‘68723772249400763.txt.gz’
Resolving ftp-private.ncbi.nlm.nih.gov (ftp-private.ncbi.nlm.nih.gov)... 130.14.29.35
Connecting to ftp-private.ncbi.nlm.nih.gov (ftp-private.ncbi.nlm.nih.gov)|130.14.29.35|:21... connected.
Logging in as anonymous ... Logged in!
==> SYST ... done.    ==> PWD ... done.
==> TYPE I ... done.  ==> CWD (1) /pubchem/.fetch/39 ... done.
==> SIZE 68723772249400763.txt.gz ... 138
==> PASV ... done.    ==> RETR 68723772249400763.txt.gz ... done.
Length: 138 (unauthoritative)

     0K                                                       100%  154K=0.001s

2019-06-20 19:25:01 (154 KB/s) - ‘68723772249400763.txt.gz’ saved [138]

--2019-06-20 19:25:01--  http://query/
Resolving query (query)... failed: Name or service not known.
wget: unable to resolve host address ‘query’
--2019-06-20 19:25:01--  ftp://xml/
           => ‘.listing’
Resolving xml (xml)... failed: Name or service not known.
wget: unable to resolve host address ‘xml’
--2019-06-20 19:25:01--  http://pc_fetch_aid1265425_activities_0.cgi/
Resolving pc_fetch_aid1265425_activities_0.cgi (pc_fetch_aid1265425_activities_0.cgi)... failed: Name or service not known.
wget: unable to resolve host address ‘pc_fetch_aid1265425_activities_0.cgi’
FINISHED --2019-06-20 19:25:01--
Total wall clock time: 0.5s
Downloaded: 1 files, 138 in 0.001s (154 KB/s)
