--2019-06-20 19:13:43--  ftp://ftp-private.ncbi.nlm.nih.gov/pubchem/.fetch/72/3618934444291179546.txt.gz
           => ‘3618934444291179546.txt.gz’
Resolving ftp-private.ncbi.nlm.nih.gov (ftp-private.ncbi.nlm.nih.gov)... 130.14.29.30
Connecting to ftp-private.ncbi.nlm.nih.gov (ftp-private.ncbi.nlm.nih.gov)|130.14.29.30|:21... connected.
Logging in as anonymous ... Logged in!
==> SYST ... done.    ==> PWD ... done.
==> TYPE I ... done.  ==> CWD (1) /pubchem/.fetch/72 ... done.
==> SIZE 3618934444291179546.txt.gz ... 64
==> PASV ... done.    ==> RETR 3618934444291179546.txt.gz ... done.
Length: 64 (unauthoritative)

     0K                                                       100% 67.8K=0.001s

2019-06-20 19:13:43 (67.8 KB/s) - ‘3618934444291179546.txt.gz’ saved [64]

--2019-06-20 19:13:43--  http://query/
Resolving query (query)... failed: Name or service not known.
wget: unable to resolve host address ‘query’
--2019-06-20 19:13:43--  ftp://xml/
           => ‘.listing’
Resolving xml (xml)... failed: Name or service not known.
wget: unable to resolve host address ‘xml’
--2019-06-20 19:13:43--  http://pc_fetch_aid1247298_activities_0.cgi/
Resolving pc_fetch_aid1247298_activities_0.cgi (pc_fetch_aid1247298_activities_0.cgi)... failed: Name or service not known.
wget: unable to resolve host address ‘pc_fetch_aid1247298_activities_0.cgi’
FINISHED --2019-06-20 19:13:43--
Total wall clock time: 0.4s
Downloaded: 1 files, 64 in 0.001s (67.8 KB/s)
