--2019-06-20 18:54:37--  ftp://ftp-private.ncbi.nlm.nih.gov/pubchem/.fetch/38/2602459915944092192.txt.gz
           => ‘2602459915944092192.txt.gz’
Resolving ftp-private.ncbi.nlm.nih.gov (ftp-private.ncbi.nlm.nih.gov)... 130.14.29.35
Connecting to ftp-private.ncbi.nlm.nih.gov (ftp-private.ncbi.nlm.nih.gov)|130.14.29.35|:21... connected.
Logging in as anonymous ... Logged in!
==> SYST ... done.    ==> PWD ... done.
==> TYPE I ... done.  ==> CWD (1) /pubchem/.fetch/38 ... done.
==> SIZE 2602459915944092192.txt.gz ... 143
==> PASV ... done.    ==> RETR 2602459915944092192.txt.gz ... done.
Length: 143 (unauthoritative)

     0K                                                       100%  165K=0.001s

2019-06-20 18:54:38 (165 KB/s) - ‘2602459915944092192.txt.gz’ saved [143]

--2019-06-20 18:54:38--  http://query/
Resolving query (query)... failed: Name or service not known.
wget: unable to resolve host address ‘query’
--2019-06-20 18:54:38--  ftp://xml/
           => ‘.listing’
Resolving xml (xml)... failed: Name or service not known.
wget: unable to resolve host address ‘xml’
--2019-06-20 18:54:38--  http://pc_fetch_aid1206178_activities_0.cgi/
Resolving pc_fetch_aid1206178_activities_0.cgi (pc_fetch_aid1206178_activities_0.cgi)... failed: Name or service not known.
wget: unable to resolve host address ‘pc_fetch_aid1206178_activities_0.cgi’
FINISHED --2019-06-20 18:54:38--
Total wall clock time: 0.7s
Downloaded: 1 files, 143 in 0.001s (165 KB/s)
