--2019-06-20 20:58:15--  ftp://ftp-private.ncbi.nlm.nih.gov/pubchem/.fetch/26/1053724046573845116.txt.gz
           => ‘1053724046573845116.txt.gz’
Resolving ftp-private.ncbi.nlm.nih.gov (ftp-private.ncbi.nlm.nih.gov)... 130.14.29.35
Connecting to ftp-private.ncbi.nlm.nih.gov (ftp-private.ncbi.nlm.nih.gov)|130.14.29.35|:21... connected.
Logging in as anonymous ... Logged in!
==> SYST ... done.    ==> PWD ... done.
==> TYPE I ... done.  ==> CWD (1) /pubchem/.fetch/26 ... done.
==> SIZE 1053724046573845116.txt.gz ... 91
==> PASV ... done.    ==> RETR 1053724046573845116.txt.gz ... done.
Length: 91 (unauthoritative)

     0K                                                       100% 97.6K=0.001s

2019-06-20 20:58:15 (97.6 KB/s) - ‘1053724046573845116.txt.gz’ saved [91]

--2019-06-20 20:58:15--  http://query/
Resolving query (query)... failed: Name or service not known.
wget: unable to resolve host address ‘query’
--2019-06-20 20:58:15--  ftp://xml/
           => ‘.listing’
Resolving xml (xml)... failed: Name or service not known.
wget: unable to resolve host address ‘xml’
--2019-06-20 20:58:15--  http://pc_fetch_aid1335678_activities_0.cgi/
Resolving pc_fetch_aid1335678_activities_0.cgi (pc_fetch_aid1335678_activities_0.cgi)... failed: Name or service not known.
wget: unable to resolve host address ‘pc_fetch_aid1335678_activities_0.cgi’
FINISHED --2019-06-20 20:58:15--
Total wall clock time: 0.4s
Downloaded: 1 files, 91 in 0.001s (97.6 KB/s)
