--2019-06-20 17:08:25--  ftp://ftp-private.ncbi.nlm.nih.gov/pubchem/.fetch/31/2961544406613569508.txt.gz
           => ‘2961544406613569508.txt.gz’
Resolving ftp-private.ncbi.nlm.nih.gov (ftp-private.ncbi.nlm.nih.gov)... 130.14.29.35
Connecting to ftp-private.ncbi.nlm.nih.gov (ftp-private.ncbi.nlm.nih.gov)|130.14.29.35|:21... connected.
Logging in as anonymous ... Logged in!
==> SYST ... done.    ==> PWD ... done.
==> TYPE I ... done.  ==> CWD (1) /pubchem/.fetch/31 ... done.
==> SIZE 2961544406613569508.txt.gz ... 77
==> PASV ... done.    ==> RETR 2961544406613569508.txt.gz ... done.
Length: 77 (unauthoritative)

     0K                                                       100% 98.6K=0.001s

2019-06-20 17:08:25 (98.6 KB/s) - ‘2961544406613569508.txt.gz’ saved [77]

--2019-06-20 17:08:25--  http://query/
Resolving query (query)... failed: Name or service not known.
wget: unable to resolve host address ‘query’
--2019-06-20 17:08:25--  ftp://xml/
           => ‘.listing’
Resolving xml (xml)... failed: Name or service not known.
wget: unable to resolve host address ‘xml’
--2019-06-20 17:08:25--  http://pc_fetch_aid1063084_activities_0.cgi/
Resolving pc_fetch_aid1063084_activities_0.cgi (pc_fetch_aid1063084_activities_0.cgi)... failed: Name or service not known.
wget: unable to resolve host address ‘pc_fetch_aid1063084_activities_0.cgi’
FINISHED --2019-06-20 17:08:25--
Total wall clock time: 0.5s
Downloaded: 1 files, 77 in 0.001s (98.6 KB/s)
