--2019-06-20 17:10:52--  ftp://ftp-private.ncbi.nlm.nih.gov/pubchem/.fetch/100/314189661585121808.txt.gz
           => ‘314189661585121808.txt.gz’
Resolving ftp-private.ncbi.nlm.nih.gov (ftp-private.ncbi.nlm.nih.gov)... 130.14.29.30
Connecting to ftp-private.ncbi.nlm.nih.gov (ftp-private.ncbi.nlm.nih.gov)|130.14.29.30|:21... connected.
Logging in as anonymous ... Logged in!
==> SYST ... done.    ==> PWD ... done.
==> TYPE I ... done.  ==> CWD (1) /pubchem/.fetch/100 ... done.
==> SIZE 314189661585121808.txt.gz ... 62
==> PASV ... done.    ==> RETR 314189661585121808.txt.gz ... done.
Length: 62 (unauthoritative)

     0K                                                       100% 72.6K=0.001s

2019-06-20 17:10:52 (72.6 KB/s) - ‘314189661585121808.txt.gz’ saved [62]

--2019-06-20 17:10:52--  http://query/
Resolving query (query)... failed: Name or service not known.
wget: unable to resolve host address ‘query’
--2019-06-20 17:10:52--  ftp://xml/
           => ‘.listing’
Resolving xml (xml)... failed: Name or service not known.
wget: unable to resolve host address ‘xml’
--2019-06-20 17:10:52--  http://pc_fetch_aid1063108_activities_0.cgi/
Resolving pc_fetch_aid1063108_activities_0.cgi (pc_fetch_aid1063108_activities_0.cgi)... failed: Name or service not known.
wget: unable to resolve host address ‘pc_fetch_aid1063108_activities_0.cgi’
FINISHED --2019-06-20 17:10:52--
Total wall clock time: 0.4s
Downloaded: 1 files, 62 in 0.001s (72.6 KB/s)
