--2019-06-20 19:43:40--  ftp://ftp-private.ncbi.nlm.nih.gov/pubchem/.fetch/38/1756369983889150390.txt.gz
           => ‘1756369983889150390.txt.gz’
Resolving ftp-private.ncbi.nlm.nih.gov (ftp-private.ncbi.nlm.nih.gov)... 130.14.29.30
Connecting to ftp-private.ncbi.nlm.nih.gov (ftp-private.ncbi.nlm.nih.gov)|130.14.29.30|:21... connected.
Logging in as anonymous ... Logged in!
==> SYST ... done.    ==> PWD ... done.
==> TYPE I ... done.  ==> CWD (1) /pubchem/.fetch/38 ... done.
==> SIZE 1756369983889150390.txt.gz ... 70
==> PASV ... done.    ==> RETR 1756369983889150390.txt.gz ... done.
Length: 70 (unauthoritative)

     0K                                                       100% 66.9K=0.001s

2019-06-20 19:43:41 (66.9 KB/s) - ‘1756369983889150390.txt.gz’ saved [70]

--2019-06-20 19:43:41--  http://query/
Resolving query (query)... failed: Name or service not known.
wget: unable to resolve host address ‘query’
--2019-06-20 19:43:41--  ftp://xml/
           => ‘.listing’
Resolving xml (xml)... failed: Name or service not known.
wget: unable to resolve host address ‘xml’
--2019-06-20 19:43:41--  http://pc_fetch_aid1277114_activities_0.cgi/
Resolving pc_fetch_aid1277114_activities_0.cgi (pc_fetch_aid1277114_activities_0.cgi)... failed: Name or service not known.
wget: unable to resolve host address ‘pc_fetch_aid1277114_activities_0.cgi’
FINISHED --2019-06-20 19:43:41--
Total wall clock time: 0.8s
Downloaded: 1 files, 70 in 0.001s (66.9 KB/s)
