--2019-06-20 18:31:01--  ftp://ftp-private.ncbi.nlm.nih.gov/pubchem/.fetch/46/698409063379485215.txt.gz
           => ‘698409063379485215.txt.gz’
Resolving ftp-private.ncbi.nlm.nih.gov (ftp-private.ncbi.nlm.nih.gov)... 130.14.29.35
Connecting to ftp-private.ncbi.nlm.nih.gov (ftp-private.ncbi.nlm.nih.gov)|130.14.29.35|:21... connected.
Logging in as anonymous ... Logged in!
==> SYST ... done.    ==> PWD ... done.
==> TYPE I ... done.  ==> CWD (1) /pubchem/.fetch/46 ... done.
==> SIZE 698409063379485215.txt.gz ... 116
==> PASV ... done.    ==> RETR 698409063379485215.txt.gz ... done.
Length: 116 (unauthoritative)

     0K                                                       100%  106K=0.001s

2019-06-20 18:31:02 (106 KB/s) - ‘698409063379485215.txt.gz’ saved [116]

--2019-06-20 18:31:02--  http://query/
Resolving query (query)... failed: Name or service not known.
wget: unable to resolve host address ‘query’
--2019-06-20 18:31:02--  ftp://xml/
           => ‘.listing’
Resolving xml (xml)... failed: Name or service not known.
wget: unable to resolve host address ‘xml’
--2019-06-20 18:31:02--  http://pc_fetch_aid1178040_activities_0.cgi/
Resolving pc_fetch_aid1178040_activities_0.cgi (pc_fetch_aid1178040_activities_0.cgi)... failed: Name or service not known.
wget: unable to resolve host address ‘pc_fetch_aid1178040_activities_0.cgi’
FINISHED --2019-06-20 18:31:02--
Total wall clock time: 0.5s
Downloaded: 1 files, 116 in 0.001s (106 KB/s)
