--2019-06-20 19:06:41--  ftp://ftp-private.ncbi.nlm.nih.gov/pubchem/.fetch/15/450204573121035165.txt.gz
           => ‘450204573121035165.txt.gz’
Resolving ftp-private.ncbi.nlm.nih.gov (ftp-private.ncbi.nlm.nih.gov)... 130.14.29.35
Connecting to ftp-private.ncbi.nlm.nih.gov (ftp-private.ncbi.nlm.nih.gov)|130.14.29.35|:21... connected.
Logging in as anonymous ... Logged in!
==> SYST ... done.    ==> PWD ... done.
==> TYPE I ... done.  ==> CWD (1) /pubchem/.fetch/15 ... done.
==> SIZE 450204573121035165.txt.gz ... 105
==> PASV ... done.    ==> RETR 450204573121035165.txt.gz ... done.
Length: 105 (unauthoritative)

     0K                                                       100% 4.68K=0.02s

2019-06-20 19:06:41 (4.68 KB/s) - ‘450204573121035165.txt.gz’ saved [105]

--2019-06-20 19:06:41--  http://query/
Resolving query (query)... failed: Name or service not known.
wget: unable to resolve host address ‘query’
--2019-06-20 19:06:41--  ftp://xml/
           => ‘.listing’
Resolving xml (xml)... failed: Name or service not known.
wget: unable to resolve host address ‘xml’
--2019-06-20 19:06:41--  http://pc_fetch_aid1242132_activities_0.cgi/
Resolving pc_fetch_aid1242132_activities_0.cgi (pc_fetch_aid1242132_activities_0.cgi)... failed: Name or service not known.
wget: unable to resolve host address ‘pc_fetch_aid1242132_activities_0.cgi’
FINISHED --2019-06-20 19:06:41--
Total wall clock time: 0.4s
Downloaded: 1 files, 105 in 0.02s (4.68 KB/s)
