--2019-06-20 23:20:13--  ftp://ftp-private.ncbi.nlm.nih.gov/pubchem/.fetch/24/4089500368313667180.txt.gz
           => ‘4089500368313667180.txt.gz’
Resolving ftp-private.ncbi.nlm.nih.gov (ftp-private.ncbi.nlm.nih.gov)... 130.14.29.35
Connecting to ftp-private.ncbi.nlm.nih.gov (ftp-private.ncbi.nlm.nih.gov)|130.14.29.35|:21... connected.
Logging in as anonymous ... Logged in!
==> SYST ... done.    ==> PWD ... done.
==> TYPE I ... done.  ==> CWD (1) /pubchem/.fetch/24 ... done.
==> SIZE 4089500368313667180.txt.gz ... 70
==> PASV ... done.    ==> RETR 4089500368313667180.txt.gz ... done.
Length: 70 (unauthoritative)

     0K                                                       100% 78.7K=0.001s

2019-06-20 23:20:14 (78.7 KB/s) - ‘4089500368313667180.txt.gz’ saved [70]

--2019-06-20 23:20:14--  http://query/
Resolving query (query)... failed: Name or service not known.
wget: unable to resolve host address ‘query’
--2019-06-20 23:20:14--  ftp://xml/
           => ‘.listing’
Resolving xml (xml)... failed: Name or service not known.
wget: unable to resolve host address ‘xml’
--2019-06-20 23:20:14--  http://pc_fetch_aid645986_activities_0.cgi/
Resolving pc_fetch_aid645986_activities_0.cgi (pc_fetch_aid645986_activities_0.cgi)... failed: Name or service not known.
wget: unable to resolve host address ‘pc_fetch_aid645986_activities_0.cgi’
FINISHED --2019-06-20 23:20:14--
Total wall clock time: 1.2s
Downloaded: 1 files, 70 in 0.001s (78.7 KB/s)
