--2019-06-20 17:04:16--  ftp://ftp-private.ncbi.nlm.nih.gov/pubchem/.fetch/68/1414359767188576851.txt.gz
           => ‘1414359767188576851.txt.gz’
Resolving ftp-private.ncbi.nlm.nih.gov (ftp-private.ncbi.nlm.nih.gov)... 130.14.29.35
Connecting to ftp-private.ncbi.nlm.nih.gov (ftp-private.ncbi.nlm.nih.gov)|130.14.29.35|:21... connected.
Logging in as anonymous ... Logged in!
==> SYST ... done.    ==> PWD ... done.
==> TYPE I ... done.  ==> CWD (1) /pubchem/.fetch/68 ... done.
==> SIZE 1414359767188576851.txt.gz ... 82
==> PASV ... done.    ==> RETR 1414359767188576851.txt.gz ... done.
Length: 82 (unauthoritative)

     0K                                                       100% 4.56K=0.02s

2019-06-20 17:04:16 (4.56 KB/s) - ‘1414359767188576851.txt.gz’ saved [82]

--2019-06-20 17:04:16--  http://query/
Resolving query (query)... failed: Name or service not known.
wget: unable to resolve host address ‘query’
--2019-06-20 17:04:16--  ftp://xml/
           => ‘.listing’
Resolving xml (xml)... failed: Name or service not known.
wget: unable to resolve host address ‘xml’
--2019-06-20 17:04:16--  http://pc_fetch_aid1055315_activities_0.cgi/
Resolving pc_fetch_aid1055315_activities_0.cgi (pc_fetch_aid1055315_activities_0.cgi)... failed: Name or service not known.
wget: unable to resolve host address ‘pc_fetch_aid1055315_activities_0.cgi’
FINISHED --2019-06-20 17:04:16--
Total wall clock time: 0.8s
Downloaded: 1 files, 82 in 0.02s (4.56 KB/s)
