--2019-06-20 19:45:08--  ftp://ftp-private.ncbi.nlm.nih.gov/pubchem/.fetch/30/3910067754683709539.txt.gz
           => ‘3910067754683709539.txt.gz’
Resolving ftp-private.ncbi.nlm.nih.gov (ftp-private.ncbi.nlm.nih.gov)... 130.14.29.35
Connecting to ftp-private.ncbi.nlm.nih.gov (ftp-private.ncbi.nlm.nih.gov)|130.14.29.35|:21... connected.
Logging in as anonymous ... Logged in!
==> SYST ... done.    ==> PWD ... done.
==> TYPE I ... done.  ==> CWD (1) /pubchem/.fetch/30 ... done.
==> SIZE 3910067754683709539.txt.gz ... 70
==> PASV ... done.    ==> RETR 3910067754683709539.txt.gz ... done.
Length: 70 (unauthoritative)

     0K                                                       100% 77.0K=0.001s

2019-06-20 19:45:09 (77.0 KB/s) - ‘3910067754683709539.txt.gz’ saved [70]

--2019-06-20 19:45:09--  http://query/
Resolving query (query)... failed: Name or service not known.
wget: unable to resolve host address ‘query’
--2019-06-20 19:45:09--  ftp://xml/
           => ‘.listing’
Resolving xml (xml)... failed: Name or service not known.
wget: unable to resolve host address ‘xml’
--2019-06-20 19:45:09--  http://pc_fetch_aid1277128_activities_0.cgi/
Resolving pc_fetch_aid1277128_activities_0.cgi (pc_fetch_aid1277128_activities_0.cgi)... failed: Name or service not known.
wget: unable to resolve host address ‘pc_fetch_aid1277128_activities_0.cgi’
FINISHED --2019-06-20 19:45:09--
Total wall clock time: 0.6s
Downloaded: 1 files, 70 in 0.001s (77.0 KB/s)
