--2019-06-20 18:32:09--  ftp://ftp-private.ncbi.nlm.nih.gov/pubchem/.fetch/97/3689949904402926157.txt.gz
           => ‘3689949904402926157.txt.gz’
Resolving ftp-private.ncbi.nlm.nih.gov (ftp-private.ncbi.nlm.nih.gov)... 130.14.29.35
Connecting to ftp-private.ncbi.nlm.nih.gov (ftp-private.ncbi.nlm.nih.gov)|130.14.29.35|:21... connected.
Logging in as anonymous ... Logged in!
==> SYST ... done.    ==> PWD ... done.
==> TYPE I ... done.  ==> CWD (1) /pubchem/.fetch/97 ... done.
==> SIZE 3689949904402926157.txt.gz ... 114
==> PASV ... done.    ==> RETR 3689949904402926157.txt.gz ... done.
Length: 114 (unauthoritative)

     0K                                                       100% 92.0K=0.001s

2019-06-20 18:32:09 (92.0 KB/s) - ‘3689949904402926157.txt.gz’ saved [114]

--2019-06-20 18:32:09--  http://query/
Resolving query (query)... failed: Name or service not known.
wget: unable to resolve host address ‘query’
--2019-06-20 18:32:09--  ftp://xml/
           => ‘.listing’
Resolving xml (xml)... failed: Name or service not known.
wget: unable to resolve host address ‘xml’
--2019-06-20 18:32:09--  http://pc_fetch_aid1178051_activities_0.cgi/
Resolving pc_fetch_aid1178051_activities_0.cgi (pc_fetch_aid1178051_activities_0.cgi)... failed: Name or service not known.
wget: unable to resolve host address ‘pc_fetch_aid1178051_activities_0.cgi’
FINISHED --2019-06-20 18:32:09--
Total wall clock time: 0.4s
Downloaded: 1 files, 114 in 0.001s (92.0 KB/s)
