--2019-06-20 23:05:16--  ftp://ftp-private.ncbi.nlm.nih.gov/pubchem/.fetch/62/595165005720109902.txt.gz
           => ‘595165005720109902.txt.gz’
Resolving ftp-private.ncbi.nlm.nih.gov (ftp-private.ncbi.nlm.nih.gov)... 130.14.29.35
Connecting to ftp-private.ncbi.nlm.nih.gov (ftp-private.ncbi.nlm.nih.gov)|130.14.29.35|:21... connected.
Logging in as anonymous ... Logged in!
==> SYST ... done.    ==> PWD ... done.
==> TYPE I ... done.  ==> CWD (1) /pubchem/.fetch/62 ... done.
==> SIZE 595165005720109902.txt.gz ... 119
==> PASV ... done.    ==> RETR 595165005720109902.txt.gz ... done.
Length: 119 (unauthoritative)

     0K                                                       100%  129K=0.001s

2019-06-20 23:05:16 (129 KB/s) - ‘595165005720109902.txt.gz’ saved [119]

--2019-06-20 23:05:16--  http://query/
Resolving query (query)... failed: Name or service not known.
wget: unable to resolve host address ‘query’
--2019-06-20 23:05:16--  ftp://xml/
           => ‘.listing’
Resolving xml (xml)... failed: Name or service not known.
wget: unable to resolve host address ‘xml’
--2019-06-20 23:05:16--  http://pc_fetch_aid627157_activities_0.cgi/
Resolving pc_fetch_aid627157_activities_0.cgi (pc_fetch_aid627157_activities_0.cgi)... failed: Name or service not known.
wget: unable to resolve host address ‘pc_fetch_aid627157_activities_0.cgi’
FINISHED --2019-06-20 23:05:16--
Total wall clock time: 0.4s
Downloaded: 1 files, 119 in 0.001s (129 KB/s)
