--2019-06-21 00:29:38--  ftp://ftp-private.ncbi.nlm.nih.gov/pubchem/.fetch/96/1213657400974074587.txt.gz
           => ‘1213657400974074587.txt.gz’
Resolving ftp-private.ncbi.nlm.nih.gov (ftp-private.ncbi.nlm.nih.gov)... 130.14.29.30
Connecting to ftp-private.ncbi.nlm.nih.gov (ftp-private.ncbi.nlm.nih.gov)|130.14.29.30|:21... connected.
Logging in as anonymous ... Logged in!
==> SYST ... done.    ==> PWD ... done.
==> TYPE I ... done.  ==> CWD (1) /pubchem/.fetch/96 ... done.
==> SIZE 1213657400974074587.txt.gz ... 102
==> PASV ... done.    ==> RETR 1213657400974074587.txt.gz ... done.
Length: 102 (unauthoritative)

     0K                                                       100%  107K=0.001s

2019-06-21 00:29:39 (107 KB/s) - ‘1213657400974074587.txt.gz’ saved [102]

--2019-06-21 00:29:39--  http://query/
Resolving query (query)... failed: Name or service not known.
wget: unable to resolve host address ‘query’
--2019-06-21 00:29:39--  ftp://xml/
           => ‘.listing’
Resolving xml (xml)... failed: Name or service not known.
wget: unable to resolve host address ‘xml’
--2019-06-21 00:29:39--  http://pc_fetch_aid754337_activities_0.cgi/
Resolving pc_fetch_aid754337_activities_0.cgi (pc_fetch_aid754337_activities_0.cgi)... failed: Name or service not known.
wget: unable to resolve host address ‘pc_fetch_aid754337_activities_0.cgi’
FINISHED --2019-06-21 00:29:40--
Total wall clock time: 1.2s
Downloaded: 1 files, 102 in 0.001s (107 KB/s)
