--2019-06-20 22:28:45--  ftp://ftp-private.ncbi.nlm.nih.gov/pubchem/.fetch/43/3612107651943942275.txt.gz
           => ‘3612107651943942275.txt.gz’
Resolving ftp-private.ncbi.nlm.nih.gov (ftp-private.ncbi.nlm.nih.gov)... 130.14.29.30
Connecting to ftp-private.ncbi.nlm.nih.gov (ftp-private.ncbi.nlm.nih.gov)|130.14.29.30|:21... connected.
Logging in as anonymous ... Logged in!
==> SYST ... done.    ==> PWD ... done.
==> TYPE I ... done.  ==> CWD (1) /pubchem/.fetch/43 ... done.
==> SIZE 3612107651943942275.txt.gz ... 166
==> PASV ... done.    ==> RETR 3612107651943942275.txt.gz ... done.
Length: 166 (unauthoritative)

     0K                                                       100%  178K=0.001s

2019-06-20 22:28:46 (178 KB/s) - ‘3612107651943942275.txt.gz’ saved [166]

--2019-06-20 22:28:46--  http://query/
Resolving query (query)... failed: Name or service not known.
wget: unable to resolve host address ‘query’
--2019-06-20 22:28:46--  ftp://xml/
           => ‘.listing’
Resolving xml (xml)... failed: Name or service not known.
wget: unable to resolve host address ‘xml’
--2019-06-20 22:28:46--  http://pc_fetch_aid503321_activities_0.cgi/
Resolving pc_fetch_aid503321_activities_0.cgi (pc_fetch_aid503321_activities_0.cgi)... failed: Name or service not known.
wget: unable to resolve host address ‘pc_fetch_aid503321_activities_0.cgi’
FINISHED --2019-06-20 22:28:46--
Total wall clock time: 0.4s
Downloaded: 1 files, 166 in 0.001s (178 KB/s)
