--2019-06-20 18:45:36--  ftp://ftp-private.ncbi.nlm.nih.gov/pubchem/.fetch/100/2918304881400046204.txt.gz
           => ‘2918304881400046204.txt.gz’
Resolving ftp-private.ncbi.nlm.nih.gov (ftp-private.ncbi.nlm.nih.gov)... 130.14.29.35
Connecting to ftp-private.ncbi.nlm.nih.gov (ftp-private.ncbi.nlm.nih.gov)|130.14.29.35|:21... connected.
Logging in as anonymous ... Logged in!
==> SYST ... done.    ==> PWD ... done.
==> TYPE I ... done.  ==> CWD (1) /pubchem/.fetch/100 ... done.
==> SIZE 2918304881400046204.txt.gz ... 64
==> PASV ... done.    ==> RETR 2918304881400046204.txt.gz ... done.
Length: 64 (unauthoritative)

     0K                                                       100% 71.7K=0.001s

2019-06-20 18:45:37 (71.7 KB/s) - ‘2918304881400046204.txt.gz’ saved [64]

--2019-06-20 18:45:37--  http://query/
Resolving query (query)... failed: Name or service not known.
wget: unable to resolve host address ‘query’
--2019-06-20 18:45:37--  ftp://xml/
           => ‘.listing’
Resolving xml (xml)... failed: Name or service not known.
wget: unable to resolve host address ‘xml’
--2019-06-20 18:45:37--  http://pc_fetch_aid1190172_activities_0.cgi/
Resolving pc_fetch_aid1190172_activities_0.cgi (pc_fetch_aid1190172_activities_0.cgi)... failed: Name or service not known.
wget: unable to resolve host address ‘pc_fetch_aid1190172_activities_0.cgi’
FINISHED --2019-06-20 18:45:37--
Total wall clock time: 0.4s
Downloaded: 1 files, 64 in 0.001s (71.7 KB/s)
