--2019-06-20 17:08:07--  ftp://ftp-private.ncbi.nlm.nih.gov/pubchem/.fetch/96/1297826682348214806.txt.gz
           => ‘1297826682348214806.txt.gz’
Resolving ftp-private.ncbi.nlm.nih.gov (ftp-private.ncbi.nlm.nih.gov)... 130.14.29.35
Connecting to ftp-private.ncbi.nlm.nih.gov (ftp-private.ncbi.nlm.nih.gov)|130.14.29.35|:21... connected.
Logging in as anonymous ... Logged in!
==> SYST ... done.    ==> PWD ... done.
==> TYPE I ... done.  ==> CWD (1) /pubchem/.fetch/96 ... done.
==> SIZE 1297826682348214806.txt.gz ... 78
==> PASV ... done.    ==> RETR 1297826682348214806.txt.gz ... done.
Length: 78 (unauthoritative)

     0K                                                       100% 2.77K=0.03s

2019-06-20 17:08:07 (2.77 KB/s) - ‘1297826682348214806.txt.gz’ saved [78]

--2019-06-20 17:08:07--  http://query/
Resolving query (query)... failed: Name or service not known.
wget: unable to resolve host address ‘query’
--2019-06-20 17:08:07--  ftp://xml/
           => ‘.listing’
Resolving xml (xml)... failed: Name or service not known.
wget: unable to resolve host address ‘xml’
--2019-06-20 17:08:07--  http://pc_fetch_aid1063081_activities_0.cgi/
Resolving pc_fetch_aid1063081_activities_0.cgi (pc_fetch_aid1063081_activities_0.cgi)... failed: Name or service not known.
wget: unable to resolve host address ‘pc_fetch_aid1063081_activities_0.cgi’
FINISHED --2019-06-20 17:08:07--
Total wall clock time: 0.4s
Downloaded: 1 files, 78 in 0.03s (2.77 KB/s)
