--2019-06-20 22:16:07--  ftp://ftp-private.ncbi.nlm.nih.gov/pubchem/.fetch/86/1057322832882348882.txt.gz
           => ‘1057322832882348882.txt.gz’
Resolving ftp-private.ncbi.nlm.nih.gov (ftp-private.ncbi.nlm.nih.gov)... 130.14.29.30
Connecting to ftp-private.ncbi.nlm.nih.gov (ftp-private.ncbi.nlm.nih.gov)|130.14.29.30|:21... connected.
Logging in as anonymous ... Logged in!
==> SYST ... done.    ==> PWD ... done.
==> TYPE I ... done.  ==> CWD (1) /pubchem/.fetch/86 ... done.
==> SIZE 1057322832882348882.txt.gz ... 449
==> PASV ... done.    ==> RETR 1057322832882348882.txt.gz ... done.
Length: 449 (unauthoritative)

     0K                                                       100%  238K=0.002s

2019-06-20 22:16:07 (238 KB/s) - ‘1057322832882348882.txt.gz’ saved [449]

--2019-06-20 22:16:07--  http://query/
Resolving query (query)... failed: Name or service not known.
wget: unable to resolve host address ‘query’
--2019-06-20 22:16:07--  ftp://xml/
           => ‘.listing’
Resolving xml (xml)... failed: Name or service not known.
wget: unable to resolve host address ‘xml’
--2019-06-20 22:16:07--  http://pc_fetch_aid491600_activities_0.cgi/
Resolving pc_fetch_aid491600_activities_0.cgi (pc_fetch_aid491600_activities_0.cgi)... failed: Name or service not known.
wget: unable to resolve host address ‘pc_fetch_aid491600_activities_0.cgi’
FINISHED --2019-06-20 22:16:07--
Total wall clock time: 0.5s
Downloaded: 1 files, 449 in 0.002s (238 KB/s)
