--2019-06-20 20:17:35--  ftp://ftp-private.ncbi.nlm.nih.gov/pubchem/.fetch/20/2129752434984930455.txt.gz
           => ‘2129752434984930455.txt.gz’
Resolving ftp-private.ncbi.nlm.nih.gov (ftp-private.ncbi.nlm.nih.gov)... 130.14.29.35
Connecting to ftp-private.ncbi.nlm.nih.gov (ftp-private.ncbi.nlm.nih.gov)|130.14.29.35|:21... connected.
Logging in as anonymous ... Logged in!
==> SYST ... done.    ==> PWD ... done.
==> TYPE I ... done.  ==> CWD (1) /pubchem/.fetch/20 ... done.
==> SIZE 2129752434984930455.txt.gz ... 271
==> PASV ... done.    ==> RETR 2129752434984930455.txt.gz ... done.
Length: 271 (unauthoritative)

     0K                                                       100%  257K=0.001s

2019-06-20 20:17:36 (257 KB/s) - ‘2129752434984930455.txt.gz’ saved [271]

--2019-06-20 20:17:36--  http://query/
Resolving query (query)... failed: Name or service not known.
wget: unable to resolve host address ‘query’
--2019-06-20 20:17:36--  ftp://xml/
           => ‘.listing’
Resolving xml (xml)... failed: Name or service not known.
wget: unable to resolve host address ‘xml’
--2019-06-20 20:17:36--  http://pc_fetch_aid1308562_activities_0.cgi/
Resolving pc_fetch_aid1308562_activities_0.cgi (pc_fetch_aid1308562_activities_0.cgi)... failed: Name or service not known.
wget: unable to resolve host address ‘pc_fetch_aid1308562_activities_0.cgi’
FINISHED --2019-06-20 20:17:36--
Total wall clock time: 0.6s
Downloaded: 1 files, 271 in 0.001s (257 KB/s)
