--2019-06-20 19:07:47--  ftp://ftp-private.ncbi.nlm.nih.gov/pubchem/.fetch/57/1765497085163096166.txt.gz
           => ‘1765497085163096166.txt.gz’
Resolving ftp-private.ncbi.nlm.nih.gov (ftp-private.ncbi.nlm.nih.gov)... 130.14.29.30
Connecting to ftp-private.ncbi.nlm.nih.gov (ftp-private.ncbi.nlm.nih.gov)|130.14.29.30|:21... connected.
Logging in as anonymous ... Logged in!
==> SYST ... done.    ==> PWD ... done.
==> TYPE I ... done.  ==> CWD (1) /pubchem/.fetch/57 ... done.
==> SIZE 1765497085163096166.txt.gz ... 105
==> PASV ... done.    ==> RETR 1765497085163096166.txt.gz ... done.
Length: 105 (unauthoritative)

     0K                                                       100%  121K=0.001s

2019-06-20 19:07:47 (121 KB/s) - ‘1765497085163096166.txt.gz’ saved [105]

--2019-06-20 19:07:47--  http://query/
Resolving query (query)... failed: Name or service not known.
wget: unable to resolve host address ‘query’
--2019-06-20 19:07:47--  ftp://xml/
           => ‘.listing’
Resolving xml (xml)... failed: Name or service not known.
wget: unable to resolve host address ‘xml’
--2019-06-20 19:07:47--  http://pc_fetch_aid1242143_activities_0.cgi/
Resolving pc_fetch_aid1242143_activities_0.cgi (pc_fetch_aid1242143_activities_0.cgi)... failed: Name or service not known.
wget: unable to resolve host address ‘pc_fetch_aid1242143_activities_0.cgi’
FINISHED --2019-06-20 19:07:47--
Total wall clock time: 0.6s
Downloaded: 1 files, 105 in 0.001s (121 KB/s)
