--2019-06-20 22:38:17--  ftp://ftp-private.ncbi.nlm.nih.gov/pubchem/.fetch/83/3691018163551694569.txt.gz
           => ‘3691018163551694569.txt.gz’
Resolving ftp-private.ncbi.nlm.nih.gov (ftp-private.ncbi.nlm.nih.gov)... 130.14.29.30
Connecting to ftp-private.ncbi.nlm.nih.gov (ftp-private.ncbi.nlm.nih.gov)|130.14.29.30|:21... connected.
Logging in as anonymous ... Logged in!
==> SYST ... done.    ==> PWD ... done.
==> TYPE I ... done.  ==> CWD (1) /pubchem/.fetch/83 ... done.
==> SIZE 3691018163551694569.txt.gz ... 69
==> PASV ... done.    ==> RETR 3691018163551694569.txt.gz ... done.
Length: 69 (unauthoritative)

     0K                                                       100% 82.9K=0.001s

2019-06-20 22:38:18 (82.9 KB/s) - ‘3691018163551694569.txt.gz’ saved [69]

--2019-06-20 22:38:18--  http://query/
Resolving query (query)... failed: Name or service not known.
wget: unable to resolve host address ‘query’
--2019-06-20 22:38:18--  ftp://xml/
           => ‘.listing’
Resolving xml (xml)... failed: Name or service not known.
wget: unable to resolve host address ‘xml’
--2019-06-20 22:38:18--  http://pc_fetch_aid527898_activities_0.cgi/
Resolving pc_fetch_aid527898_activities_0.cgi (pc_fetch_aid527898_activities_0.cgi)... failed: Name or service not known.
wget: unable to resolve host address ‘pc_fetch_aid527898_activities_0.cgi’
FINISHED --2019-06-20 22:38:18--
Total wall clock time: 1.0s
Downloaded: 1 files, 69 in 0.001s (82.9 KB/s)
