--2019-06-20 22:21:18--  ftp://ftp-private.ncbi.nlm.nih.gov/pubchem/.fetch/63/3584709615084455391.txt.gz
           => ‘3584709615084455391.txt.gz’
Resolving ftp-private.ncbi.nlm.nih.gov (ftp-private.ncbi.nlm.nih.gov)... 130.14.29.35
Connecting to ftp-private.ncbi.nlm.nih.gov (ftp-private.ncbi.nlm.nih.gov)|130.14.29.35|:21... connected.
Logging in as anonymous ... Logged in!
==> SYST ... done.    ==> PWD ... done.
==> TYPE I ... done.  ==> CWD (1) /pubchem/.fetch/63 ... done.
==> SIZE 3584709615084455391.txt.gz ... 100
==> PASV ... done.    ==> RETR 3584709615084455391.txt.gz ... done.
Length: 100 (unauthoritative)

     0K                                                       100%  142K=0.001s

2019-06-20 22:21:19 (142 KB/s) - ‘3584709615084455391.txt.gz’ saved [100]

--2019-06-20 22:21:19--  http://query/
Resolving query (query)... failed: Name or service not known.
wget: unable to resolve host address ‘query’
--2019-06-20 22:21:19--  ftp://xml/
           => ‘.listing’
Resolving xml (xml)... failed: Name or service not known.
wget: unable to resolve host address ‘xml’
--2019-06-20 22:21:19--  http://pc_fetch_aid500476_activities_0.cgi/
Resolving pc_fetch_aid500476_activities_0.cgi (pc_fetch_aid500476_activities_0.cgi)... failed: Name or service not known.
wget: unable to resolve host address ‘pc_fetch_aid500476_activities_0.cgi’
FINISHED --2019-06-20 22:21:19--
Total wall clock time: 0.5s
Downloaded: 1 files, 100 in 0.001s (142 KB/s)
