--2019-06-21 00:09:01--  ftp://ftp-private.ncbi.nlm.nih.gov/pubchem/.fetch/95/1254520437740392196.txt.gz
           => ‘1254520437740392196.txt.gz’
Resolving ftp-private.ncbi.nlm.nih.gov (ftp-private.ncbi.nlm.nih.gov)... 130.14.29.35
Connecting to ftp-private.ncbi.nlm.nih.gov (ftp-private.ncbi.nlm.nih.gov)|130.14.29.35|:21... connected.
Logging in as anonymous ... Logged in!
==> SYST ... done.    ==> PWD ... done.
==> TYPE I ... done.  ==> CWD (1) /pubchem/.fetch/95 ... done.
==> SIZE 1254520437740392196.txt.gz ... 96
==> PASV ... done.    ==> RETR 1254520437740392196.txt.gz ... done.
Length: 96 (unauthoritative)

     0K                                                       100%  104K=0.001s

2019-06-21 00:09:02 (104 KB/s) - ‘1254520437740392196.txt.gz’ saved [96]

--2019-06-21 00:09:02--  http://query/
Resolving query (query)... failed: Name or service not known.
wget: unable to resolve host address ‘query’
--2019-06-21 00:09:02--  ftp://xml/
           => ‘.listing’
Resolving xml (xml)... failed: Name or service not known.
wget: unable to resolve host address ‘xml’
--2019-06-21 00:09:02--  http://pc_fetch_aid734047_activities_0.cgi/
Resolving pc_fetch_aid734047_activities_0.cgi (pc_fetch_aid734047_activities_0.cgi)... failed: Name or service not known.
wget: unable to resolve host address ‘pc_fetch_aid734047_activities_0.cgi’
FINISHED --2019-06-21 00:09:02--
Total wall clock time: 0.4s
Downloaded: 1 files, 96 in 0.001s (104 KB/s)
