--2019-06-20 21:45:18--  ftp://ftp-private.ncbi.nlm.nih.gov/pubchem/.fetch/47/3311569305021344021.txt.gz
           => ‘3311569305021344021.txt.gz’
Resolving ftp-private.ncbi.nlm.nih.gov (ftp-private.ncbi.nlm.nih.gov)... 130.14.29.35
Connecting to ftp-private.ncbi.nlm.nih.gov (ftp-private.ncbi.nlm.nih.gov)|130.14.29.35|:21... connected.
Logging in as anonymous ... Logged in!
==> SYST ... done.    ==> PWD ... done.
==> TYPE I ... done.  ==> CWD (1) /pubchem/.fetch/47 ... done.
==> SIZE 3311569305021344021.txt.gz ... 133
==> PASV ... done.    ==> RETR 3311569305021344021.txt.gz ... done.
Length: 133 (unauthoritative)

     0K                                                       100%  136K=0.001s

2019-06-20 21:45:18 (136 KB/s) - ‘3311569305021344021.txt.gz’ saved [133]

--2019-06-20 21:45:18--  http://query/
Resolving query (query)... failed: Name or service not known.
wget: unable to resolve host address ‘query’
--2019-06-20 21:45:18--  ftp://xml/
           => ‘.listing’
Resolving xml (xml)... failed: Name or service not known.
wget: unable to resolve host address ‘xml’
--2019-06-20 21:45:18--  http://pc_fetch_aid395927_activities_0.cgi/
Resolving pc_fetch_aid395927_activities_0.cgi (pc_fetch_aid395927_activities_0.cgi)... failed: Name or service not known.
wget: unable to resolve host address ‘pc_fetch_aid395927_activities_0.cgi’
FINISHED --2019-06-20 21:45:18--
Total wall clock time: 0.5s
Downloaded: 1 files, 133 in 0.001s (136 KB/s)
