--2019-06-20 22:30:47--  ftp://ftp-private.ncbi.nlm.nih.gov/pubchem/.fetch/72/3938069262448927057.txt.gz
           => ‘3938069262448927057.txt.gz’
Resolving ftp-private.ncbi.nlm.nih.gov (ftp-private.ncbi.nlm.nih.gov)... 130.14.29.30
Connecting to ftp-private.ncbi.nlm.nih.gov (ftp-private.ncbi.nlm.nih.gov)|130.14.29.30|:21... connected.
Logging in as anonymous ... Logged in!
==> SYST ... done.    ==> PWD ... done.
==> TYPE I ... done.  ==> CWD (1) /pubchem/.fetch/72 ... done.
==> SIZE 3938069262448927057.txt.gz ... 72
==> PASV ... done.    ==> RETR 3938069262448927057.txt.gz ... done.
Length: 72 (unauthoritative)

     0K                                                       100% 4.08K=0.02s

2019-06-20 22:30:48 (4.08 KB/s) - ‘3938069262448927057.txt.gz’ saved [72]

--2019-06-20 22:30:48--  http://query/
Resolving query (query)... failed: Name or service not known.
wget: unable to resolve host address ‘query’
--2019-06-20 22:30:48--  ftp://xml/
           => ‘.listing’
Resolving xml (xml)... failed: Name or service not known.
wget: unable to resolve host address ‘xml’
--2019-06-20 22:30:48--  http://pc_fetch_aid503341_activities_0.cgi/
Resolving pc_fetch_aid503341_activities_0.cgi (pc_fetch_aid503341_activities_0.cgi)... failed: Name or service not known.
wget: unable to resolve host address ‘pc_fetch_aid503341_activities_0.cgi’
FINISHED --2019-06-20 22:30:48--
Total wall clock time: 0.5s
Downloaded: 1 files, 72 in 0.02s (4.08 KB/s)
