--2019-06-20 19:14:19--  ftp://ftp-private.ncbi.nlm.nih.gov/pubchem/.fetch/84/3363645476808165626.txt.gz
           => ‘3363645476808165626.txt.gz’
Resolving ftp-private.ncbi.nlm.nih.gov (ftp-private.ncbi.nlm.nih.gov)... 130.14.29.35
Connecting to ftp-private.ncbi.nlm.nih.gov (ftp-private.ncbi.nlm.nih.gov)|130.14.29.35|:21... connected.
Logging in as anonymous ... Logged in!
==> SYST ... done.    ==> PWD ... done.
==> TYPE I ... done.  ==> CWD (1) /pubchem/.fetch/84 ... done.
==> SIZE 3363645476808165626.txt.gz ... 71
==> PASV ... done.    ==> RETR 3363645476808165626.txt.gz ... done.
Length: 71 (unauthoritative)

     0K                                                       100% 81.6K=0.001s

2019-06-20 19:14:19 (81.6 KB/s) - ‘3363645476808165626.txt.gz’ saved [71]

--2019-06-20 19:14:19--  http://query/
Resolving query (query)... failed: Name or service not known.
wget: unable to resolve host address ‘query’
--2019-06-20 19:14:19--  ftp://xml/
           => ‘.listing’
Resolving xml (xml)... failed: Name or service not known.
wget: unable to resolve host address ‘xml’
--2019-06-20 19:14:19--  http://pc_fetch_aid1252543_activities_0.cgi/
Resolving pc_fetch_aid1252543_activities_0.cgi (pc_fetch_aid1252543_activities_0.cgi)... failed: Name or service not known.
wget: unable to resolve host address ‘pc_fetch_aid1252543_activities_0.cgi’
FINISHED --2019-06-20 19:14:20--
Total wall clock time: 0.9s
Downloaded: 1 files, 71 in 0.001s (81.6 KB/s)
