--2019-06-21 00:19:32--  ftp://ftp-private.ncbi.nlm.nih.gov/pubchem/.fetch/95/2157467781190249442.txt.gz
           => ‘2157467781190249442.txt.gz’
Resolving ftp-private.ncbi.nlm.nih.gov (ftp-private.ncbi.nlm.nih.gov)... 130.14.29.30
Connecting to ftp-private.ncbi.nlm.nih.gov (ftp-private.ncbi.nlm.nih.gov)|130.14.29.30|:21... connected.
Logging in as anonymous ... Logged in!
==> SYST ... done.    ==> PWD ... done.
==> TYPE I ... done.  ==> CWD (1) /pubchem/.fetch/95 ... done.
==> SIZE 2157467781190249442.txt.gz ... 91
==> PASV ... done.    ==> RETR 2157467781190249442.txt.gz ... done.
Length: 91 (unauthoritative)

     0K                                                       100%  106K=0.001s

2019-06-21 00:19:33 (106 KB/s) - ‘2157467781190249442.txt.gz’ saved [91]

--2019-06-21 00:19:33--  http://query/
Resolving query (query)... failed: Name or service not known.
wget: unable to resolve host address ‘query’
--2019-06-21 00:19:33--  ftp://xml/
           => ‘.listing’
Resolving xml (xml)... failed: Name or service not known.
wget: unable to resolve host address ‘xml’
--2019-06-21 00:19:33--  http://pc_fetch_aid752524_activities_0.cgi/
Resolving pc_fetch_aid752524_activities_0.cgi (pc_fetch_aid752524_activities_0.cgi)... failed: Name or service not known.
wget: unable to resolve host address ‘pc_fetch_aid752524_activities_0.cgi’
FINISHED --2019-06-21 00:19:34--
Total wall clock time: 1.5s
Downloaded: 1 files, 91 in 0.001s (106 KB/s)
