--2019-06-20 17:11:29--  ftp://ftp-private.ncbi.nlm.nih.gov/pubchem/.fetch/78/428802695306742611.txt.gz
           => ‘428802695306742611.txt.gz’
Resolving ftp-private.ncbi.nlm.nih.gov (ftp-private.ncbi.nlm.nih.gov)... 130.14.29.30
Connecting to ftp-private.ncbi.nlm.nih.gov (ftp-private.ncbi.nlm.nih.gov)|130.14.29.30|:21... connected.
Logging in as anonymous ... Logged in!
==> SYST ... done.    ==> PWD ... done.
==> TYPE I ... done.  ==> CWD (1) /pubchem/.fetch/78 ... done.
==> SIZE 428802695306742611.txt.gz ... 62
==> PASV ... done.    ==> RETR 428802695306742611.txt.gz ... done.
Length: 62 (unauthoritative)

     0K                                                       100% 69.7K=0.001s

2019-06-20 17:11:30 (69.7 KB/s) - ‘428802695306742611.txt.gz’ saved [62]

--2019-06-20 17:11:30--  http://query/
Resolving query (query)... failed: Name or service not known.
wget: unable to resolve host address ‘query’
--2019-06-20 17:11:30--  ftp://xml/
           => ‘.listing’
Resolving xml (xml)... failed: Name or service not known.
wget: unable to resolve host address ‘xml’
--2019-06-20 17:11:30--  http://pc_fetch_aid1063114_activities_0.cgi/
Resolving pc_fetch_aid1063114_activities_0.cgi (pc_fetch_aid1063114_activities_0.cgi)... failed: Name or service not known.
wget: unable to resolve host address ‘pc_fetch_aid1063114_activities_0.cgi’
FINISHED --2019-06-20 17:11:30--
Total wall clock time: 0.4s
Downloaded: 1 files, 62 in 0.001s (69.7 KB/s)
