--2019-06-20 19:04:49--  ftp://ftp-private.ncbi.nlm.nih.gov/pubchem/.fetch/83/99698684667875312.txt.gz
           => ‘99698684667875312.txt.gz’
Resolving ftp-private.ncbi.nlm.nih.gov (ftp-private.ncbi.nlm.nih.gov)... 130.14.29.30
Connecting to ftp-private.ncbi.nlm.nih.gov (ftp-private.ncbi.nlm.nih.gov)|130.14.29.30|:21... connected.
Logging in as anonymous ... Logged in!
==> SYST ... done.    ==> PWD ... done.
==> TYPE I ... done.  ==> CWD (1) /pubchem/.fetch/83 ... done.
==> SIZE 99698684667875312.txt.gz ... 83
==> PASV ... done.    ==> RETR 99698684667875312.txt.gz ... done.
Length: 83 (unauthoritative)

     0K                                                       100% 94.7K=0.001s

2019-06-20 19:04:49 (94.7 KB/s) - ‘99698684667875312.txt.gz’ saved [83]

--2019-06-20 19:04:49--  http://query/
Resolving query (query)... failed: Name or service not known.
wget: unable to resolve host address ‘query’
--2019-06-20 19:04:49--  ftp://xml/
           => ‘.listing’
Resolving xml (xml)... failed: Name or service not known.
wget: unable to resolve host address ‘xml’
--2019-06-20 19:04:49--  http://pc_fetch_aid1235417_activities_0.cgi/
Resolving pc_fetch_aid1235417_activities_0.cgi (pc_fetch_aid1235417_activities_0.cgi)... failed: Name or service not known.
wget: unable to resolve host address ‘pc_fetch_aid1235417_activities_0.cgi’
FINISHED --2019-06-20 19:04:50--
Total wall clock time: 0.5s
Downloaded: 1 files, 83 in 0.001s (94.7 KB/s)
