--2019-06-21 00:11:32--  ftp://ftp-private.ncbi.nlm.nih.gov/pubchem/.fetch/3/122451417735266026.txt.gz
           => ‘122451417735266026.txt.gz’
Resolving ftp-private.ncbi.nlm.nih.gov (ftp-private.ncbi.nlm.nih.gov)... 130.14.29.35
Connecting to ftp-private.ncbi.nlm.nih.gov (ftp-private.ncbi.nlm.nih.gov)|130.14.29.35|:21... connected.
Logging in as anonymous ... Logged in!
==> SYST ... done.    ==> PWD ... done.
==> TYPE I ... done.  ==> CWD (1) /pubchem/.fetch/3 ... done.
==> SIZE 122451417735266026.txt.gz ... 149
==> PASV ... done.    ==> RETR 122451417735266026.txt.gz ... done.
Length: 149 (unauthoritative)

     0K                                                       100%  134K=0.001s

2019-06-21 00:11:32 (134 KB/s) - ‘122451417735266026.txt.gz’ saved [149]

--2019-06-21 00:11:32--  http://query/
Resolving query (query)... failed: Name or service not known.
wget: unable to resolve host address ‘query’
--2019-06-21 00:11:32--  ftp://xml/
           => ‘.listing’
Resolving xml (xml)... failed: Name or service not known.
wget: unable to resolve host address ‘xml’
--2019-06-21 00:11:32--  http://pc_fetch_aid744659_activities_0.cgi/
Resolving pc_fetch_aid744659_activities_0.cgi (pc_fetch_aid744659_activities_0.cgi)... failed: Name or service not known.
wget: unable to resolve host address ‘pc_fetch_aid744659_activities_0.cgi’
FINISHED --2019-06-21 00:11:32--
Total wall clock time: 0.5s
Downloaded: 1 files, 149 in 0.001s (134 KB/s)
