--2019-06-20 22:24:56--  ftp://ftp-private.ncbi.nlm.nih.gov/pubchem/.fetch/19/3665802499279984161.txt.gz
           => ‘3665802499279984161.txt.gz’
Resolving ftp-private.ncbi.nlm.nih.gov (ftp-private.ncbi.nlm.nih.gov)... 130.14.29.35
Connecting to ftp-private.ncbi.nlm.nih.gov (ftp-private.ncbi.nlm.nih.gov)|130.14.29.35|:21... connected.
Logging in as anonymous ... Logged in!
==> SYST ... done.    ==> PWD ... done.
==> TYPE I ... done.  ==> CWD (1) /pubchem/.fetch/19 ... done.
==> SIZE 3665802499279984161.txt.gz ... 100
==> PASV ... done.    ==> RETR 3665802499279984161.txt.gz ... done.
Length: 100 (unauthoritative)

     0K                                                       100%  102K=0.001s

2019-06-20 22:24:57 (102 KB/s) - ‘3665802499279984161.txt.gz’ saved [100]

--2019-06-20 22:24:57--  http://query/
Resolving query (query)... failed: Name or service not known.
wget: unable to resolve host address ‘query’
--2019-06-20 22:24:57--  ftp://xml/
           => ‘.listing’
Resolving xml (xml)... failed: Name or service not known.
wget: unable to resolve host address ‘xml’
--2019-06-20 22:24:57--  http://pc_fetch_aid500513_activities_0.cgi/
Resolving pc_fetch_aid500513_activities_0.cgi (pc_fetch_aid500513_activities_0.cgi)... failed: Name or service not known.
wget: unable to resolve host address ‘pc_fetch_aid500513_activities_0.cgi’
FINISHED --2019-06-20 22:24:57--
Total wall clock time: 0.5s
Downloaded: 1 files, 100 in 0.001s (102 KB/s)
