--2019-06-20 18:50:02--  ftp://ftp-private.ncbi.nlm.nih.gov/pubchem/.fetch/46/1164310613028352658.txt.gz
           => ‘1164310613028352658.txt.gz’
Resolving ftp-private.ncbi.nlm.nih.gov (ftp-private.ncbi.nlm.nih.gov)... 130.14.29.35
Connecting to ftp-private.ncbi.nlm.nih.gov (ftp-private.ncbi.nlm.nih.gov)|130.14.29.35|:21... connected.
Logging in as anonymous ... Logged in!
==> SYST ... done.    ==> PWD ... done.
==> TYPE I ... done.  ==> CWD (1) /pubchem/.fetch/46 ... done.
==> SIZE 1164310613028352658.txt.gz ... 115
==> PASV ... done.    ==> RETR 1164310613028352658.txt.gz ... done.
Length: 115 (unauthoritative)

     0K                                                       100%  125K=0.001s

2019-06-20 18:50:03 (125 KB/s) - ‘1164310613028352658.txt.gz’ saved [115]

--2019-06-20 18:50:03--  http://query/
Resolving query (query)... failed: Name or service not known.
wget: unable to resolve host address ‘query’
--2019-06-20 18:50:03--  ftp://xml/
           => ‘.listing’
Resolving xml (xml)... failed: Name or service not known.
wget: unable to resolve host address ‘xml’
--2019-06-20 18:50:03--  http://pc_fetch_aid1202157_activities_0.cgi/
Resolving pc_fetch_aid1202157_activities_0.cgi (pc_fetch_aid1202157_activities_0.cgi)... failed: Name or service not known.
wget: unable to resolve host address ‘pc_fetch_aid1202157_activities_0.cgi’
FINISHED --2019-06-20 18:50:03--
Total wall clock time: 0.4s
Downloaded: 1 files, 115 in 0.001s (125 KB/s)
