--2019-06-20 18:32:46--  ftp://ftp-private.ncbi.nlm.nih.gov/pubchem/.fetch/82/621349713168734750.txt.gz
           => ‘621349713168734750.txt.gz’
Resolving ftp-private.ncbi.nlm.nih.gov (ftp-private.ncbi.nlm.nih.gov)... 130.14.29.35
Connecting to ftp-private.ncbi.nlm.nih.gov (ftp-private.ncbi.nlm.nih.gov)|130.14.29.35|:21... connected.
Logging in as anonymous ... Logged in!
==> SYST ... done.    ==> PWD ... done.
==> TYPE I ... done.  ==> CWD (1) /pubchem/.fetch/82 ... done.
==> SIZE 621349713168734750.txt.gz ... 114
==> PASV ... done.    ==> RETR 621349713168734750.txt.gz ... done.
Length: 114 (unauthoritative)

     0K                                                       100%  111K=0.001s

2019-06-20 18:32:47 (111 KB/s) - ‘621349713168734750.txt.gz’ saved [114]

--2019-06-20 18:32:47--  http://query/
Resolving query (query)... failed: Name or service not known.
wget: unable to resolve host address ‘query’
--2019-06-20 18:32:47--  ftp://xml/
           => ‘.listing’
Resolving xml (xml)... failed: Name or service not known.
wget: unable to resolve host address ‘xml’
--2019-06-20 18:32:47--  http://pc_fetch_aid1178057_activities_0.cgi/
Resolving pc_fetch_aid1178057_activities_0.cgi (pc_fetch_aid1178057_activities_0.cgi)... failed: Name or service not known.
wget: unable to resolve host address ‘pc_fetch_aid1178057_activities_0.cgi’
FINISHED --2019-06-20 18:32:47--
Total wall clock time: 0.4s
Downloaded: 1 files, 114 in 0.001s (111 KB/s)
