--2019-06-20 21:06:57--  ftp://ftp-private.ncbi.nlm.nih.gov/pubchem/.fetch/86/334761476407610769.txt.gz
           => ‘334761476407610769.txt.gz’
Resolving ftp-private.ncbi.nlm.nih.gov (ftp-private.ncbi.nlm.nih.gov)... 130.14.29.35
Connecting to ftp-private.ncbi.nlm.nih.gov (ftp-private.ncbi.nlm.nih.gov)|130.14.29.35|:21... connected.
Logging in as anonymous ... Logged in!
==> SYST ... done.    ==> PWD ... done.
==> TYPE I ... done.  ==> CWD (1) /pubchem/.fetch/86 ... done.
==> SIZE 334761476407610769.txt.gz ... 93
==> PASV ... done.    ==> RETR 334761476407610769.txt.gz ... done.
Length: 93 (unauthoritative)

     0K                                                       100%  112K=0.001s

2019-06-20 21:06:58 (112 KB/s) - ‘334761476407610769.txt.gz’ saved [93]

--2019-06-20 21:06:58--  http://query/
Resolving query (query)... failed: Name or service not known.
wget: unable to resolve host address ‘query’
--2019-06-20 21:06:58--  ftp://xml/
           => ‘.listing’
Resolving xml (xml)... failed: Name or service not known.
wget: unable to resolve host address ‘xml’
--2019-06-20 21:06:58--  http://pc_fetch_aid1336774_activities_0.cgi/
Resolving pc_fetch_aid1336774_activities_0.cgi (pc_fetch_aid1336774_activities_0.cgi)... failed: Name or service not known.
wget: unable to resolve host address ‘pc_fetch_aid1336774_activities_0.cgi’
FINISHED --2019-06-20 21:06:59--
Total wall clock time: 1.7s
Downloaded: 1 files, 93 in 0.001s (112 KB/s)
