--2019-06-20 21:11:10--  ftp://ftp-private.ncbi.nlm.nih.gov/pubchem/.fetch/85/1488961875161917905.txt.gz
           => ‘1488961875161917905.txt.gz’
Resolving ftp-private.ncbi.nlm.nih.gov (ftp-private.ncbi.nlm.nih.gov)... 130.14.29.30
Connecting to ftp-private.ncbi.nlm.nih.gov (ftp-private.ncbi.nlm.nih.gov)|130.14.29.30|:21... connected.
Logging in as anonymous ... Logged in!
==> SYST ... done.    ==> PWD ... done.
==> TYPE I ... done.  ==> CWD (1) /pubchem/.fetch/85 ... done.
==> SIZE 1488961875161917905.txt.gz ... 264
==> PASV ... done.    ==> RETR 1488961875161917905.txt.gz ... done.
Length: 264 (unauthoritative)

     0K                                                       100%  178K=0.001s

2019-06-20 21:11:11 (178 KB/s) - ‘1488961875161917905.txt.gz’ saved [264]

--2019-06-20 21:11:11--  http://query/
Resolving query (query)... failed: Name or service not known.
wget: unable to resolve host address ‘query’
--2019-06-20 21:11:11--  ftp://xml/
           => ‘.listing’
Resolving xml (xml)... failed: Name or service not known.
wget: unable to resolve host address ‘xml’
--2019-06-20 21:11:11--  http://pc_fetch_aid234411_activities_0.cgi/
Resolving pc_fetch_aid234411_activities_0.cgi (pc_fetch_aid234411_activities_0.cgi)... failed: Name or service not known.
wget: unable to resolve host address ‘pc_fetch_aid234411_activities_0.cgi’
FINISHED --2019-06-20 21:11:11--
Total wall clock time: 0.7s
Downloaded: 1 files, 264 in 0.001s (178 KB/s)
