--2019-06-20 21:41:33--  ftp://ftp-private.ncbi.nlm.nih.gov/pubchem/.fetch/1/3992976109085996800.txt.gz
           => ‘3992976109085996800.txt.gz’
Resolving ftp-private.ncbi.nlm.nih.gov (ftp-private.ncbi.nlm.nih.gov)... 130.14.29.30
Connecting to ftp-private.ncbi.nlm.nih.gov (ftp-private.ncbi.nlm.nih.gov)|130.14.29.30|:21... connected.
Logging in as anonymous ... Logged in!
==> SYST ... done.    ==> PWD ... done.
==> TYPE I ... done.  ==> CWD (1) /pubchem/.fetch/1 ... done.
==> SIZE 3992976109085996800.txt.gz ... 75
==> PASV ... done.    ==> RETR 3992976109085996800.txt.gz ... done.
Length: 75 (unauthoritative)

     0K                                                       100% 65.3K=0.001s

2019-06-20 21:41:34 (65.3 KB/s) - ‘3992976109085996800.txt.gz’ saved [75]

--2019-06-20 21:41:34--  http://query/
Resolving query (query)... failed: Name or service not known.
wget: unable to resolve host address ‘query’
--2019-06-20 21:41:34--  ftp://xml/
           => ‘.listing’
Resolving xml (xml)... failed: Name or service not known.
wget: unable to resolve host address ‘xml’
--2019-06-20 21:41:34--  http://pc_fetch_aid384214_activities_0.cgi/
Resolving pc_fetch_aid384214_activities_0.cgi (pc_fetch_aid384214_activities_0.cgi)... failed: Name or service not known.
wget: unable to resolve host address ‘pc_fetch_aid384214_activities_0.cgi’
FINISHED --2019-06-20 21:41:34--
Total wall clock time: 0.4s
Downloaded: 1 files, 75 in 0.001s (65.3 KB/s)
