--2019-06-20 20:05:27--  ftp://ftp-private.ncbi.nlm.nih.gov/pubchem/.fetch/79/1989737850914586756.txt.gz
           => ‘1989737850914586756.txt.gz’
Resolving ftp-private.ncbi.nlm.nih.gov (ftp-private.ncbi.nlm.nih.gov)... 130.14.29.35
Connecting to ftp-private.ncbi.nlm.nih.gov (ftp-private.ncbi.nlm.nih.gov)|130.14.29.35|:21... connected.
Logging in as anonymous ... Logged in!
==> SYST ... done.    ==> PWD ... done.
==> TYPE I ... done.  ==> CWD (1) /pubchem/.fetch/79 ... done.
==> SIZE 1989737850914586756.txt.gz ... 104
==> PASV ... done.    ==> RETR 1989737850914586756.txt.gz ... done.
Length: 104 (unauthoritative)

     0K                                                       100%  102K=0.001s

2019-06-20 20:05:27 (102 KB/s) - ‘1989737850914586756.txt.gz’ saved [104]

--2019-06-20 20:05:27--  http://query/
Resolving query (query)... failed: Name or service not known.
wget: unable to resolve host address ‘query’
--2019-06-20 20:05:27--  ftp://xml/
           => ‘.listing’
Resolving xml (xml)... failed: Name or service not known.
wget: unable to resolve host address ‘xml’
--2019-06-20 20:05:27--  http://pc_fetch_aid1300977_activities_0.cgi/
Resolving pc_fetch_aid1300977_activities_0.cgi (pc_fetch_aid1300977_activities_0.cgi)... failed: Name or service not known.
wget: unable to resolve host address ‘pc_fetch_aid1300977_activities_0.cgi’
FINISHED --2019-06-20 20:05:27--
Total wall clock time: 0.4s
Downloaded: 1 files, 104 in 0.001s (102 KB/s)
