--2019-06-20 21:05:01--  ftp://ftp-private.ncbi.nlm.nih.gov/pubchem/.fetch/12/687332664451951534.txt.gz
           => ‘687332664451951534.txt.gz’
Resolving ftp-private.ncbi.nlm.nih.gov (ftp-private.ncbi.nlm.nih.gov)... 130.14.29.35
Connecting to ftp-private.ncbi.nlm.nih.gov (ftp-private.ncbi.nlm.nih.gov)|130.14.29.35|:21... connected.
Logging in as anonymous ... Logged in!
==> SYST ... done.    ==> PWD ... done.
==> TYPE I ... done.  ==> CWD (1) /pubchem/.fetch/12 ... done.
==> SIZE 687332664451951534.txt.gz ... 113
==> PASV ... done.    ==> RETR 687332664451951534.txt.gz ... done.
Length: 113 (unauthoritative)

     0K                                                       100%  139K=0.001s

2019-06-20 21:05:02 (139 KB/s) - ‘687332664451951534.txt.gz’ saved [113]

--2019-06-20 21:05:02--  http://query/
Resolving query (query)... failed: Name or service not known.
wget: unable to resolve host address ‘query’
--2019-06-20 21:05:02--  ftp://xml/
           => ‘.listing’
Resolving xml (xml)... failed: Name or service not known.
wget: unable to resolve host address ‘xml’
--2019-06-20 21:05:02--  http://pc_fetch_aid1336755_activities_0.cgi/
Resolving pc_fetch_aid1336755_activities_0.cgi (pc_fetch_aid1336755_activities_0.cgi)... failed: Name or service not known.
wget: unable to resolve host address ‘pc_fetch_aid1336755_activities_0.cgi’
FINISHED --2019-06-20 21:05:02--
Total wall clock time: 0.5s
Downloaded: 1 files, 113 in 0.001s (139 KB/s)
