--2019-06-21 00:36:15--  ftp://ftp-private.ncbi.nlm.nih.gov/pubchem/.fetch/57/3004167124770987276.txt.gz
           => ‘3004167124770987276.txt.gz’
Resolving ftp-private.ncbi.nlm.nih.gov (ftp-private.ncbi.nlm.nih.gov)... 130.14.29.35
Connecting to ftp-private.ncbi.nlm.nih.gov (ftp-private.ncbi.nlm.nih.gov)|130.14.29.35|:21... connected.
Logging in as anonymous ... Logged in!
==> SYST ... done.    ==> PWD ... done.
==> TYPE I ... done.  ==> CWD (1) /pubchem/.fetch/57 ... done.
==> SIZE 3004167124770987276.txt.gz ... 143
==> PASV ... done.    ==> RETR 3004167124770987276.txt.gz ... done.
Length: 143 (unauthoritative)

     0K                                                       100% 11.1K=0.01s

2019-06-21 00:36:15 (11.1 KB/s) - ‘3004167124770987276.txt.gz’ saved [143]

--2019-06-21 00:36:15--  http://query/
Resolving query (query)... failed: Name or service not known.
wget: unable to resolve host address ‘query’
--2019-06-21 00:36:15--  ftp://xml/
           => ‘.listing’
Resolving xml (xml)... failed: Name or service not known.
wget: unable to resolve host address ‘xml’
--2019-06-21 00:36:15--  http://pc_fetch_aid769577_activities_0.cgi/
Resolving pc_fetch_aid769577_activities_0.cgi (pc_fetch_aid769577_activities_0.cgi)... failed: Name or service not known.
wget: unable to resolve host address ‘pc_fetch_aid769577_activities_0.cgi’
FINISHED --2019-06-21 00:36:16--
Total wall clock time: 1.2s
Downloaded: 1 files, 143 in 0.01s (11.1 KB/s)
