--2019-06-20 23:31:15--  ftp://ftp-private.ncbi.nlm.nih.gov/pubchem/.fetch/49/782435898142918578.txt.gz
           => ‘782435898142918578.txt.gz’
Resolving ftp-private.ncbi.nlm.nih.gov (ftp-private.ncbi.nlm.nih.gov)... 130.14.29.35
Connecting to ftp-private.ncbi.nlm.nih.gov (ftp-private.ncbi.nlm.nih.gov)|130.14.29.35|:21... connected.
Logging in as anonymous ... Logged in!
==> SYST ... done.    ==> PWD ... done.
==> TYPE I ... done.  ==> CWD (1) /pubchem/.fetch/49 ... done.
==> SIZE 782435898142918578.txt.gz ... 113
==> PASV ... done.    ==> RETR 782435898142918578.txt.gz ... done.
Length: 113 (unauthoritative)

     0K                                                       100%  121K=0.001s

2019-06-20 23:31:16 (121 KB/s) - ‘782435898142918578.txt.gz’ saved [113]

--2019-06-20 23:31:16--  http://query/
Resolving query (query)... failed: Name or service not known.
wget: unable to resolve host address ‘query’
--2019-06-20 23:31:16--  ftp://xml/
           => ‘.listing’
Resolving xml (xml)... failed: Name or service not known.
wget: unable to resolve host address ‘xml’
--2019-06-20 23:31:16--  http://pc_fetch_aid690566_activities_0.cgi/
Resolving pc_fetch_aid690566_activities_0.cgi (pc_fetch_aid690566_activities_0.cgi)... failed: Name or service not known.
wget: unable to resolve host address ‘pc_fetch_aid690566_activities_0.cgi’
FINISHED --2019-06-20 23:31:16--
Total wall clock time: 0.6s
Downloaded: 1 files, 113 in 0.001s (121 KB/s)
