--2019-06-20 18:29:26--  ftp://ftp-private.ncbi.nlm.nih.gov/pubchem/.fetch/14/366257990118086133.txt.gz
           => ‘366257990118086133.txt.gz’
Resolving ftp-private.ncbi.nlm.nih.gov (ftp-private.ncbi.nlm.nih.gov)... 130.14.29.35
Connecting to ftp-private.ncbi.nlm.nih.gov (ftp-private.ncbi.nlm.nih.gov)|130.14.29.35|:21... connected.
Logging in as anonymous ... Logged in!
==> SYST ... done.    ==> PWD ... done.
==> TYPE I ... done.  ==> CWD (1) /pubchem/.fetch/14 ... done.
==> SIZE 366257990118086133.txt.gz ... 289
==> PASV ... done.    ==> RETR 366257990118086133.txt.gz ... done.
Length: 289 (unauthoritative)

     0K                                                       100%  228K=0.001s

2019-06-20 18:29:27 (228 KB/s) - ‘366257990118086133.txt.gz’ saved [289]

--2019-06-20 18:29:27--  http://query/
Resolving query (query)... failed: Name or service not known.
wget: unable to resolve host address ‘query’
--2019-06-20 18:29:27--  ftp://xml/
           => ‘.listing’
Resolving xml (xml)... failed: Name or service not known.
wget: unable to resolve host address ‘xml’
--2019-06-20 18:29:27--  http://pc_fetch_aid1178024_activities_0.cgi/
Resolving pc_fetch_aid1178024_activities_0.cgi (pc_fetch_aid1178024_activities_0.cgi)... failed: Name or service not known.
wget: unable to resolve host address ‘pc_fetch_aid1178024_activities_0.cgi’
FINISHED --2019-06-20 18:29:27--
Total wall clock time: 0.4s
Downloaded: 1 files, 289 in 0.001s (228 KB/s)
