--2019-06-20 23:40:16--  ftp://ftp-private.ncbi.nlm.nih.gov/pubchem/.fetch/9/3730085176631975016.txt.gz
           => ‘3730085176631975016.txt.gz’
Resolving ftp-private.ncbi.nlm.nih.gov (ftp-private.ncbi.nlm.nih.gov)... 130.14.29.30
Connecting to ftp-private.ncbi.nlm.nih.gov (ftp-private.ncbi.nlm.nih.gov)|130.14.29.30|:21... connected.
Logging in as anonymous ... Logged in!
==> SYST ... done.    ==> PWD ... done.
==> TYPE I ... done.  ==> CWD (1) /pubchem/.fetch/9 ... done.
==> SIZE 3730085176631975016.txt.gz ... 114
==> PASV ... done.    ==> RETR 3730085176631975016.txt.gz ... done.
Length: 114 (unauthoritative)

     0K                                                       100%  119K=0.001s

2019-06-20 23:40:16 (119 KB/s) - ‘3730085176631975016.txt.gz’ saved [114]

--2019-06-20 23:40:16--  http://query/
Resolving query (query)... failed: Name or service not known.
wget: unable to resolve host address ‘query’
--2019-06-20 23:40:16--  ftp://xml/
           => ‘.listing’
Resolving xml (xml)... failed: Name or service not known.
wget: unable to resolve host address ‘xml’
--2019-06-20 23:40:16--  http://pc_fetch_aid701784_activities_0.cgi/
Resolving pc_fetch_aid701784_activities_0.cgi (pc_fetch_aid701784_activities_0.cgi)... failed: Name or service not known.
wget: unable to resolve host address ‘pc_fetch_aid701784_activities_0.cgi’
FINISHED --2019-06-20 23:40:16--
Total wall clock time: 0.7s
Downloaded: 1 files, 114 in 0.001s (119 KB/s)
