--2019-06-20 23:13:20--  ftp://ftp-private.ncbi.nlm.nih.gov/pubchem/.fetch/98/2636904933937332373.txt.gz
           => ‘2636904933937332373.txt.gz’
Resolving ftp-private.ncbi.nlm.nih.gov (ftp-private.ncbi.nlm.nih.gov)... 130.14.29.30
Connecting to ftp-private.ncbi.nlm.nih.gov (ftp-private.ncbi.nlm.nih.gov)|130.14.29.30|:21... connected.
Logging in as anonymous ... Logged in!
==> SYST ... done.    ==> PWD ... done.
==> TYPE I ... done.  ==> CWD (1) /pubchem/.fetch/98 ... done.
==> SIZE 2636904933937332373.txt.gz ... 139
==> PASV ... done.    ==> RETR 2636904933937332373.txt.gz ... done.
Length: 139 (unauthoritative)

     0K                                                       100%  105K=0.001s

2019-06-20 23:13:21 (105 KB/s) - ‘2636904933937332373.txt.gz’ saved [139]

--2019-06-20 23:13:21--  http://query/
Resolving query (query)... failed: Name or service not known.
wget: unable to resolve host address ‘query’
--2019-06-20 23:13:21--  ftp://xml/
           => ‘.listing’
Resolving xml (xml)... failed: Name or service not known.
wget: unable to resolve host address ‘xml’
--2019-06-20 23:13:21--  http://pc_fetch_aid636054_activities_0.cgi/
Resolving pc_fetch_aid636054_activities_0.cgi (pc_fetch_aid636054_activities_0.cgi)... failed: Name or service not known.
wget: unable to resolve host address ‘pc_fetch_aid636054_activities_0.cgi’
FINISHED --2019-06-20 23:13:21--
Total wall clock time: 0.6s
Downloaded: 1 files, 139 in 0.001s (105 KB/s)
