--2019-06-20 18:37:00--  ftp://ftp-private.ncbi.nlm.nih.gov/pubchem/.fetch/23/3355828768785706766.txt.gz
           => ‘3355828768785706766.txt.gz’
Resolving ftp-private.ncbi.nlm.nih.gov (ftp-private.ncbi.nlm.nih.gov)... 130.14.29.30
Connecting to ftp-private.ncbi.nlm.nih.gov (ftp-private.ncbi.nlm.nih.gov)|130.14.29.30|:21... connected.
Logging in as anonymous ... Logged in!
==> SYST ... done.    ==> PWD ... done.
==> TYPE I ... done.  ==> CWD (1) /pubchem/.fetch/23 ... done.
==> SIZE 3355828768785706766.txt.gz ... 83
==> PASV ... done.    ==> RETR 3355828768785706766.txt.gz ... done.
Length: 83 (unauthoritative)

     0K                                                       100%  102K=0.001s

2019-06-20 18:37:00 (102 KB/s) - ‘3355828768785706766.txt.gz’ saved [83]

--2019-06-20 18:37:00--  http://query/
Resolving query (query)... failed: Name or service not known.
wget: unable to resolve host address ‘query’
--2019-06-20 18:37:00--  ftp://xml/
           => ‘.listing’
Resolving xml (xml)... failed: Name or service not known.
wget: unable to resolve host address ‘xml’
--2019-06-20 18:37:00--  http://pc_fetch_aid1185729_activities_0.cgi/
Resolving pc_fetch_aid1185729_activities_0.cgi (pc_fetch_aid1185729_activities_0.cgi)... failed: Name or service not known.
wget: unable to resolve host address ‘pc_fetch_aid1185729_activities_0.cgi’
FINISHED --2019-06-20 18:37:00--
Total wall clock time: 0.4s
Downloaded: 1 files, 83 in 0.001s (102 KB/s)
