--2019-06-20 22:00:30--  ftp://ftp-private.ncbi.nlm.nih.gov/pubchem/.fetch/43/652527430761334479.txt.gz
           => ‘652527430761334479.txt.gz’
Resolving ftp-private.ncbi.nlm.nih.gov (ftp-private.ncbi.nlm.nih.gov)... 130.14.29.30
Connecting to ftp-private.ncbi.nlm.nih.gov (ftp-private.ncbi.nlm.nih.gov)|130.14.29.30|:21... connected.
Logging in as anonymous ... Logged in!
==> SYST ... done.    ==> PWD ... done.
==> TYPE I ... done.  ==> CWD (1) /pubchem/.fetch/43 ... done.
==> SIZE 652527430761334479.txt.gz ... 73
==> PASV ... done.    ==> RETR 652527430761334479.txt.gz ... done.
Length: 73 (unauthoritative)

     0K                                                       100% 89.3K=0.001s

2019-06-20 22:00:31 (89.3 KB/s) - ‘652527430761334479.txt.gz’ saved [73]

--2019-06-20 22:00:31--  http://query/
Resolving query (query)... failed: Name or service not known.
wget: unable to resolve host address ‘query’
--2019-06-20 22:00:31--  ftp://xml/
           => ‘.listing’
Resolving xml (xml)... failed: Name or service not known.
wget: unable to resolve host address ‘xml’
--2019-06-20 22:00:31--  http://pc_fetch_aid457840_activities_0.cgi/
Resolving pc_fetch_aid457840_activities_0.cgi (pc_fetch_aid457840_activities_0.cgi)... failed: Name or service not known.
wget: unable to resolve host address ‘pc_fetch_aid457840_activities_0.cgi’
FINISHED --2019-06-20 22:00:31--
Total wall clock time: 0.4s
Downloaded: 1 files, 73 in 0.001s (89.3 KB/s)
