--2019-06-20 23:04:02--  ftp://ftp-private.ncbi.nlm.nih.gov/pubchem/.fetch/9/2751975334286599166.txt.gz
           => ‘2751975334286599166.txt.gz’
Resolving ftp-private.ncbi.nlm.nih.gov (ftp-private.ncbi.nlm.nih.gov)... 130.14.29.30
Connecting to ftp-private.ncbi.nlm.nih.gov (ftp-private.ncbi.nlm.nih.gov)|130.14.29.30|:21... connected.
Logging in as anonymous ... Logged in!
==> SYST ... done.    ==> PWD ... done.
==> TYPE I ... done.  ==> CWD (1) /pubchem/.fetch/9 ... done.
==> SIZE 2751975334286599166.txt.gz ... 102
==> PASV ... done.    ==> RETR 2751975334286599166.txt.gz ... done.
Length: 102 (unauthoritative)

     0K                                                       100%  122K=0.001s

2019-06-20 23:04:03 (122 KB/s) - ‘2751975334286599166.txt.gz’ saved [102]

--2019-06-20 23:04:03--  http://query/
Resolving query (query)... failed: Name or service not known.
wget: unable to resolve host address ‘query’
--2019-06-20 23:04:03--  ftp://xml/
           => ‘.listing’
Resolving xml (xml)... failed: Name or service not known.
wget: unable to resolve host address ‘xml’
--2019-06-20 23:04:03--  http://pc_fetch_aid624062_activities_0.cgi/
Resolving pc_fetch_aid624062_activities_0.cgi (pc_fetch_aid624062_activities_0.cgi)... failed: Name or service not known.
wget: unable to resolve host address ‘pc_fetch_aid624062_activities_0.cgi’
FINISHED --2019-06-20 23:04:03--
Total wall clock time: 0.6s
Downloaded: 1 files, 102 in 0.001s (122 KB/s)
