--2019-06-20 21:12:22--  ftp://ftp-private.ncbi.nlm.nih.gov/pubchem/.fetch/18/3900722969328439208.txt.gz
           => ‘3900722969328439208.txt.gz’
Resolving ftp-private.ncbi.nlm.nih.gov (ftp-private.ncbi.nlm.nih.gov)... 130.14.29.30
Connecting to ftp-private.ncbi.nlm.nih.gov (ftp-private.ncbi.nlm.nih.gov)|130.14.29.30|:21... connected.
Logging in as anonymous ... Logged in!
==> SYST ... done.    ==> PWD ... done.
==> TYPE I ... done.  ==> CWD (1) /pubchem/.fetch/18 ... done.
==> SIZE 3900722969328439208.txt.gz ... 101
==> PASV ... done.    ==> RETR 3900722969328439208.txt.gz ... done.
Length: 101 (unauthoritative)

     0K                                                       100%  114K=0.001s

2019-06-20 21:12:23 (114 KB/s) - ‘3900722969328439208.txt.gz’ saved [101]

--2019-06-20 21:12:23--  http://query/
Resolving query (query)... failed: Name or service not known.
wget: unable to resolve host address ‘query’
--2019-06-20 21:12:23--  ftp://xml/
           => ‘.listing’
Resolving xml (xml)... failed: Name or service not known.
wget: unable to resolve host address ‘xml’
--2019-06-20 21:12:23--  http://pc_fetch_aid249848_activities_0.cgi/
Resolving pc_fetch_aid249848_activities_0.cgi (pc_fetch_aid249848_activities_0.cgi)... failed: Name or service not known.
wget: unable to resolve host address ‘pc_fetch_aid249848_activities_0.cgi’
FINISHED --2019-06-20 21:12:23--
Total wall clock time: 0.8s
Downloaded: 1 files, 101 in 0.001s (114 KB/s)
