--2019-06-20 17:30:30--  ftp://ftp-private.ncbi.nlm.nih.gov/pubchem/.fetch/76/623066863889102523.txt.gz
           => ‘623066863889102523.txt.gz’
Resolving ftp-private.ncbi.nlm.nih.gov (ftp-private.ncbi.nlm.nih.gov)... 130.14.29.35
Connecting to ftp-private.ncbi.nlm.nih.gov (ftp-private.ncbi.nlm.nih.gov)|130.14.29.35|:21... connected.
Logging in as anonymous ... Logged in!
==> SYST ... done.    ==> PWD ... done.
==> TYPE I ... done.  ==> CWD (1) /pubchem/.fetch/76 ... done.
==> SIZE 623066863889102523.txt.gz ... 96
==> PASV ... done.    ==> RETR 623066863889102523.txt.gz ... done.
Length: 96 (unauthoritative)

     0K                                                       100% 8.38K=0.01s

2019-06-20 17:30:30 (8.38 KB/s) - ‘623066863889102523.txt.gz’ saved [96]

--2019-06-20 17:30:30--  http://query/
Resolving query (query)... failed: Name or service not known.
wget: unable to resolve host address ‘query’
--2019-06-20 17:30:30--  ftp://xml/
           => ‘.listing’
Resolving xml (xml)... failed: Name or service not known.
wget: unable to resolve host address ‘xml’
--2019-06-20 17:30:30--  http://pc_fetch_aid1103758_activities_0.cgi/
Resolving pc_fetch_aid1103758_activities_0.cgi (pc_fetch_aid1103758_activities_0.cgi)... failed: Name or service not known.
wget: unable to resolve host address ‘pc_fetch_aid1103758_activities_0.cgi’
FINISHED --2019-06-20 17:30:31--
Total wall clock time: 1.2s
Downloaded: 1 files, 96 in 0.01s (8.38 KB/s)
