--2019-06-20 18:07:36--  ftp://ftp-private.ncbi.nlm.nih.gov/pubchem/.fetch/8/2907674934626403591.txt.gz
           => ‘2907674934626403591.txt.gz’
Resolving ftp-private.ncbi.nlm.nih.gov (ftp-private.ncbi.nlm.nih.gov)... 130.14.29.35
Connecting to ftp-private.ncbi.nlm.nih.gov (ftp-private.ncbi.nlm.nih.gov)|130.14.29.35|:21... connected.
Logging in as anonymous ... Logged in!
==> SYST ... done.    ==> PWD ... done.
==> TYPE I ... done.  ==> CWD (1) /pubchem/.fetch/8 ... done.
==> SIZE 2907674934626403591.txt.gz ... 198
==> PASV ... done.    ==> RETR 2907674934626403591.txt.gz ... done.
Length: 198 (unauthoritative)

     0K                                                       100% 9.60K=0.02s

2019-06-20 18:07:37 (9.60 KB/s) - ‘2907674934626403591.txt.gz’ saved [198]

--2019-06-20 18:07:37--  http://query/
Resolving query (query)... failed: Name or service not known.
wget: unable to resolve host address ‘query’
--2019-06-20 18:07:37--  ftp://xml/
           => ‘.listing’
Resolving xml (xml)... failed: Name or service not known.
wget: unable to resolve host address ‘xml’
--2019-06-20 18:07:37--  http://pc_fetch_aid1165467_activities_0.cgi/
Resolving pc_fetch_aid1165467_activities_0.cgi (pc_fetch_aid1165467_activities_0.cgi)... failed: Name or service not known.
wget: unable to resolve host address ‘pc_fetch_aid1165467_activities_0.cgi’
FINISHED --2019-06-20 18:07:37--
Total wall clock time: 0.6s
Downloaded: 1 files, 198 in 0.02s (9.60 KB/s)
