--2019-06-20 22:25:53--  ftp://ftp-private.ncbi.nlm.nih.gov/pubchem/.fetch/61/3327693041913683134.txt.gz
           => ‘3327693041913683134.txt.gz’
Resolving ftp-private.ncbi.nlm.nih.gov (ftp-private.ncbi.nlm.nih.gov)... 130.14.29.30
Connecting to ftp-private.ncbi.nlm.nih.gov (ftp-private.ncbi.nlm.nih.gov)|130.14.29.30|:21... connected.
Logging in as anonymous ... Logged in!
==> SYST ... done.    ==> PWD ... done.
==> TYPE I ... done.  ==> CWD (1) /pubchem/.fetch/61 ... done.
==> SIZE 3327693041913683134.txt.gz ... 110
==> PASV ... done.    ==> RETR 3327693041913683134.txt.gz ... done.
Length: 110 (unauthoritative)

     0K                                                       100%  117K=0.001s

2019-06-20 22:25:54 (117 KB/s) - ‘3327693041913683134.txt.gz’ saved [110]

--2019-06-20 22:25:54--  http://query/
Resolving query (query)... failed: Name or service not known.
wget: unable to resolve host address ‘query’
--2019-06-20 22:25:54--  ftp://xml/
           => ‘.listing’
Resolving xml (xml)... failed: Name or service not known.
wget: unable to resolve host address ‘xml’
--2019-06-20 22:25:54--  http://pc_fetch_aid503293_activities_0.cgi/
Resolving pc_fetch_aid503293_activities_0.cgi (pc_fetch_aid503293_activities_0.cgi)... failed: Name or service not known.
wget: unable to resolve host address ‘pc_fetch_aid503293_activities_0.cgi’
FINISHED --2019-06-20 22:25:54--
Total wall clock time: 0.8s
Downloaded: 1 files, 110 in 0.001s (117 KB/s)
