--2019-06-20 19:14:49--  ftp://ftp-private.ncbi.nlm.nih.gov/pubchem/.fetch/31/3084824006535603879.txt.gz
           => ‘3084824006535603879.txt.gz’
Resolving ftp-private.ncbi.nlm.nih.gov (ftp-private.ncbi.nlm.nih.gov)... 130.14.29.35
Connecting to ftp-private.ncbi.nlm.nih.gov (ftp-private.ncbi.nlm.nih.gov)|130.14.29.35|:21... connected.
Logging in as anonymous ... Logged in!
==> SYST ... done.    ==> PWD ... done.
==> TYPE I ... done.  ==> CWD (1) /pubchem/.fetch/31 ... done.
==> SIZE 3084824006535603879.txt.gz ... 399
==> PASV ... done.    ==> RETR 3084824006535603879.txt.gz ... done.
Length: 399 (unauthoritative)

     0K                                                       100%  203K=0.002s

2019-06-20 19:14:50 (203 KB/s) - ‘3084824006535603879.txt.gz’ saved [399]

--2019-06-20 19:14:50--  http://query/
Resolving query (query)... failed: Name or service not known.
wget: unable to resolve host address ‘query’
--2019-06-20 19:14:50--  ftp://xml/
           => ‘.listing’
Resolving xml (xml)... failed: Name or service not known.
wget: unable to resolve host address ‘xml’
--2019-06-20 19:14:50--  http://pc_fetch_aid1252548_activities_0.cgi/
Resolving pc_fetch_aid1252548_activities_0.cgi (pc_fetch_aid1252548_activities_0.cgi)... failed: Name or service not known.
wget: unable to resolve host address ‘pc_fetch_aid1252548_activities_0.cgi’
FINISHED --2019-06-20 19:14:50--
Total wall clock time: 0.6s
Downloaded: 1 files, 399 in 0.002s (203 KB/s)
