--2019-06-20 22:40:00--  ftp://ftp-private.ncbi.nlm.nih.gov/pubchem/.fetch/8/1079625379799594310.txt.gz
           => ‘1079625379799594310.txt.gz’
Resolving ftp-private.ncbi.nlm.nih.gov (ftp-private.ncbi.nlm.nih.gov)... 130.14.29.35
Connecting to ftp-private.ncbi.nlm.nih.gov (ftp-private.ncbi.nlm.nih.gov)|130.14.29.35|:21... connected.
Logging in as anonymous ... Logged in!
==> SYST ... done.    ==> PWD ... done.
==> TYPE I ... done.  ==> CWD (1) /pubchem/.fetch/8 ... done.
==> SIZE 1079625379799594310.txt.gz ... 91
==> PASV ... done.    ==> RETR 1079625379799594310.txt.gz ... done.
Length: 91 (unauthoritative)

     0K                                                       100%  100K=0.001s

2019-06-20 22:40:00 (100 KB/s) - ‘1079625379799594310.txt.gz’ saved [91]

--2019-06-20 22:40:00--  http://query/
Resolving query (query)... failed: Name or service not known.
wget: unable to resolve host address ‘query’
--2019-06-20 22:40:00--  ftp://xml/
           => ‘.listing’
Resolving xml (xml)... failed: Name or service not known.
wget: unable to resolve host address ‘xml’
--2019-06-20 22:40:00--  http://pc_fetch_aid528364_activities_0.cgi/
Resolving pc_fetch_aid528364_activities_0.cgi (pc_fetch_aid528364_activities_0.cgi)... failed: Name or service not known.
wget: unable to resolve host address ‘pc_fetch_aid528364_activities_0.cgi’
FINISHED --2019-06-20 22:40:01--
Total wall clock time: 1.2s
Downloaded: 1 files, 91 in 0.001s (100 KB/s)
