--2019-06-20 21:02:55--  ftp://ftp-private.ncbi.nlm.nih.gov/pubchem/.fetch/74/218536393950727461.txt.gz
           => ‘218536393950727461.txt.gz’
Resolving ftp-private.ncbi.nlm.nih.gov (ftp-private.ncbi.nlm.nih.gov)... 130.14.29.30
Connecting to ftp-private.ncbi.nlm.nih.gov (ftp-private.ncbi.nlm.nih.gov)|130.14.29.30|:21... connected.
Logging in as anonymous ... Logged in!
==> SYST ... done.    ==> PWD ... done.
==> TYPE I ... done.  ==> CWD (1) /pubchem/.fetch/74 ... done.
==> SIZE 218536393950727461.txt.gz ... 77
==> PASV ... done.    ==> RETR 218536393950727461.txt.gz ... done.
Length: 77 (unauthoritative)

     0K                                                       100% 78.2K=0.001s

2019-06-20 21:02:55 (78.2 KB/s) - ‘218536393950727461.txt.gz’ saved [77]

--2019-06-20 21:02:55--  http://query/
Resolving query (query)... failed: Name or service not known.
wget: unable to resolve host address ‘query’
--2019-06-20 21:02:55--  ftp://xml/
           => ‘.listing’
Resolving xml (xml)... failed: Name or service not known.
wget: unable to resolve host address ‘xml’
--2019-06-20 21:02:55--  http://pc_fetch_aid1335871_activities_0.cgi/
Resolving pc_fetch_aid1335871_activities_0.cgi (pc_fetch_aid1335871_activities_0.cgi)... failed: Name or service not known.
wget: unable to resolve host address ‘pc_fetch_aid1335871_activities_0.cgi’
FINISHED --2019-06-20 21:02:56--
Total wall clock time: 1.2s
Downloaded: 1 files, 77 in 0.001s (78.2 KB/s)
