--2019-06-20 19:01:27--  ftp://ftp-private.ncbi.nlm.nih.gov/pubchem/.fetch/34/895293078572547994.txt.gz
           => ‘895293078572547994.txt.gz’
Resolving ftp-private.ncbi.nlm.nih.gov (ftp-private.ncbi.nlm.nih.gov)... 130.14.29.30
Connecting to ftp-private.ncbi.nlm.nih.gov (ftp-private.ncbi.nlm.nih.gov)|130.14.29.30|:21... connected.
Logging in as anonymous ... Logged in!
==> SYST ... done.    ==> PWD ... done.
==> TYPE I ... done.  ==> CWD (1) /pubchem/.fetch/34 ... done.
==> SIZE 895293078572547994.txt.gz ... 59
==> PASV ... done.    ==> RETR 895293078572547994.txt.gz ... done.
Length: 59 (unauthoritative)

     0K                                                       100% 72.8K=0.001s

2019-06-20 19:01:27 (72.8 KB/s) - ‘895293078572547994.txt.gz’ saved [59]

--2019-06-20 19:01:27--  http://query/
Resolving query (query)... failed: Name or service not known.
wget: unable to resolve host address ‘query’
--2019-06-20 19:01:27--  ftp://xml/
           => ‘.listing’
Resolving xml (xml)... failed: Name or service not known.
wget: unable to resolve host address ‘xml’
--2019-06-20 19:01:27--  http://pc_fetch_aid1228074_activities_0.cgi/
Resolving pc_fetch_aid1228074_activities_0.cgi (pc_fetch_aid1228074_activities_0.cgi)... failed: Name or service not known.
wget: unable to resolve host address ‘pc_fetch_aid1228074_activities_0.cgi’
FINISHED --2019-06-20 19:01:27--
Total wall clock time: 0.4s
Downloaded: 1 files, 59 in 0.001s (72.8 KB/s)
