--2019-06-20 19:29:39--  ftp://ftp-private.ncbi.nlm.nih.gov/pubchem/.fetch/30/4349435763908802136.txt.gz
           => ‘4349435763908802136.txt.gz’
Resolving ftp-private.ncbi.nlm.nih.gov (ftp-private.ncbi.nlm.nih.gov)... 130.14.29.30
Connecting to ftp-private.ncbi.nlm.nih.gov (ftp-private.ncbi.nlm.nih.gov)|130.14.29.30|:21... connected.
Logging in as anonymous ... Logged in!
==> SYST ... done.    ==> PWD ... done.
==> TYPE I ... done.  ==> CWD (1) /pubchem/.fetch/30 ... done.
==> SIZE 4349435763908802136.txt.gz ... 312
==> PASV ... done.    ==> RETR 4349435763908802136.txt.gz ... done.
Length: 312 (unauthoritative)

     0K                                                       100%  173K=0.002s

2019-06-20 19:29:39 (173 KB/s) - ‘4349435763908802136.txt.gz’ saved [312]

--2019-06-20 19:29:39--  http://query/
Resolving query (query)... failed: Name or service not known.
wget: unable to resolve host address ‘query’
--2019-06-20 19:29:39--  ftp://xml/
           => ‘.listing’
Resolving xml (xml)... failed: Name or service not known.
wget: unable to resolve host address ‘xml’
--2019-06-20 19:29:39--  http://pc_fetch_aid1267539_activities_0.cgi/
Resolving pc_fetch_aid1267539_activities_0.cgi (pc_fetch_aid1267539_activities_0.cgi)... failed: Name or service not known.
wget: unable to resolve host address ‘pc_fetch_aid1267539_activities_0.cgi’
FINISHED --2019-06-20 19:29:39--
Total wall clock time: 0.4s
Downloaded: 1 files, 312 in 0.002s (173 KB/s)
