--2019-06-21 00:53:59--  ftp://ftp-private.ncbi.nlm.nih.gov/pubchem/.fetch/67/3661594840444866911.txt.gz
           => ‘3661594840444866911.txt.gz’
Resolving ftp-private.ncbi.nlm.nih.gov (ftp-private.ncbi.nlm.nih.gov)... 130.14.29.30
Connecting to ftp-private.ncbi.nlm.nih.gov (ftp-private.ncbi.nlm.nih.gov)|130.14.29.30|:21... connected.
Logging in as anonymous ... Logged in!
==> SYST ... done.    ==> PWD ... done.
==> TYPE I ... done.  ==> CWD (1) /pubchem/.fetch/67 ... done.
==> SIZE 3661594840444866911.txt.gz ... 86
==> PASV ... done.    ==> RETR 3661594840444866911.txt.gz ... done.
Length: 86 (unauthoritative)

     0K                                                       100% 93.6K=0.001s

2019-06-21 00:54:00 (93.6 KB/s) - ‘3661594840444866911.txt.gz’ saved [86]

--2019-06-21 00:54:00--  http://query/
Resolving query (query)... failed: Name or service not known.
wget: unable to resolve host address ‘query’
--2019-06-21 00:54:00--  ftp://xml/
           => ‘.listing’
Resolving xml (xml)... failed: Name or service not known.
wget: unable to resolve host address ‘xml’
--2019-06-21 00:54:00--  http://pc_fetch_aid777320_activities_0.cgi/
Resolving pc_fetch_aid777320_activities_0.cgi (pc_fetch_aid777320_activities_0.cgi)... failed: Name or service not known.
wget: unable to resolve host address ‘pc_fetch_aid777320_activities_0.cgi’
FINISHED --2019-06-21 00:54:00--
Total wall clock time: 0.5s
Downloaded: 1 files, 86 in 0.001s (93.6 KB/s)
