--2019-06-20 17:09:06--  ftp://ftp-private.ncbi.nlm.nih.gov/pubchem/.fetch/76/1372067855302943840.txt.gz
           => ‘1372067855302943840.txt.gz’
Resolving ftp-private.ncbi.nlm.nih.gov (ftp-private.ncbi.nlm.nih.gov)... 130.14.29.35
Connecting to ftp-private.ncbi.nlm.nih.gov (ftp-private.ncbi.nlm.nih.gov)|130.14.29.35|:21... connected.
Logging in as anonymous ... Logged in!
==> SYST ... done.    ==> PWD ... done.
==> TYPE I ... done.  ==> CWD (1) /pubchem/.fetch/76 ... done.
==> SIZE 1372067855302943840.txt.gz ... 77
==> PASV ... done.    ==> RETR 1372067855302943840.txt.gz ... done.
Length: 77 (unauthoritative)

     0K                                                       100% 89.1K=0.001s

2019-06-20 17:09:07 (89.1 KB/s) - ‘1372067855302943840.txt.gz’ saved [77]

--2019-06-20 17:09:07--  http://query/
Resolving query (query)... failed: Name or service not known.
wget: unable to resolve host address ‘query’
--2019-06-20 17:09:07--  ftp://xml/
           => ‘.listing’
Resolving xml (xml)... failed: Name or service not known.
wget: unable to resolve host address ‘xml’
--2019-06-20 17:09:07--  http://pc_fetch_aid1063091_activities_0.cgi/
Resolving pc_fetch_aid1063091_activities_0.cgi (pc_fetch_aid1063091_activities_0.cgi)... failed: Name or service not known.
wget: unable to resolve host address ‘pc_fetch_aid1063091_activities_0.cgi’
FINISHED --2019-06-20 17:09:07--
Total wall clock time: 0.4s
Downloaded: 1 files, 77 in 0.001s (89.1 KB/s)
