--2019-06-20 22:16:49--  ftp://ftp-private.ncbi.nlm.nih.gov/pubchem/.fetch/29/2995069515172634930.txt.gz
           => ‘2995069515172634930.txt.gz’
Resolving ftp-private.ncbi.nlm.nih.gov (ftp-private.ncbi.nlm.nih.gov)... 130.14.29.30
Connecting to ftp-private.ncbi.nlm.nih.gov (ftp-private.ncbi.nlm.nih.gov)|130.14.29.30|:21... connected.
Logging in as anonymous ... Logged in!
==> SYST ... done.    ==> PWD ... done.
==> TYPE I ... done.  ==> CWD (1) /pubchem/.fetch/29 ... done.
==> SIZE 2995069515172634930.txt.gz ... 103
==> PASV ... done.    ==> RETR 2995069515172634930.txt.gz ... done.
Length: 103 (unauthoritative)

     0K                                                       100%  140K=0.001s

2019-06-20 22:16:50 (140 KB/s) - ‘2995069515172634930.txt.gz’ saved [103]

--2019-06-20 22:16:50--  http://query/
Resolving query (query)... failed: Name or service not known.
wget: unable to resolve host address ‘query’
--2019-06-20 22:16:50--  ftp://xml/
           => ‘.listing’
Resolving xml (xml)... failed: Name or service not known.
wget: unable to resolve host address ‘xml’
--2019-06-20 22:16:50--  http://pc_fetch_aid491607_activities_0.cgi/
Resolving pc_fetch_aid491607_activities_0.cgi (pc_fetch_aid491607_activities_0.cgi)... failed: Name or service not known.
wget: unable to resolve host address ‘pc_fetch_aid491607_activities_0.cgi’
FINISHED --2019-06-20 22:16:50--
Total wall clock time: 0.6s
Downloaded: 1 files, 103 in 0.001s (140 KB/s)
