--2019-06-20 20:43:36--  ftp://ftp-private.ncbi.nlm.nih.gov/pubchem/.fetch/90/2462544853660627430.txt.gz
           => ‘2462544853660627430.txt.gz’
Resolving ftp-private.ncbi.nlm.nih.gov (ftp-private.ncbi.nlm.nih.gov)... 130.14.29.30
Connecting to ftp-private.ncbi.nlm.nih.gov (ftp-private.ncbi.nlm.nih.gov)|130.14.29.30|:21... connected.
Logging in as anonymous ... Logged in!
==> SYST ... done.    ==> PWD ... done.
==> TYPE I ... done.  ==> CWD (1) /pubchem/.fetch/90 ... done.
==> SIZE 2462544853660627430.txt.gz ... 112
==> PASV ... done.    ==> RETR 2462544853660627430.txt.gz ... done.
Length: 112 (unauthoritative)

     0K                                                       100% 74.7K=0.001s

2019-06-20 20:43:37 (74.7 KB/s) - ‘2462544853660627430.txt.gz’ saved [112]

--2019-06-20 20:43:37--  http://query/
Resolving query (query)... failed: Name or service not known.
wget: unable to resolve host address ‘query’
--2019-06-20 20:43:37--  ftp://xml/
           => ‘.listing’
Resolving xml (xml)... failed: Name or service not known.
wget: unable to resolve host address ‘xml’
--2019-06-20 20:43:37--  http://pc_fetch_aid1323027_activities_0.cgi/
Resolving pc_fetch_aid1323027_activities_0.cgi (pc_fetch_aid1323027_activities_0.cgi)... failed: Name or service not known.
wget: unable to resolve host address ‘pc_fetch_aid1323027_activities_0.cgi’
FINISHED --2019-06-20 20:43:37--
Total wall clock time: 0.4s
Downloaded: 1 files, 112 in 0.001s (74.7 KB/s)
