--2019-06-20 18:54:00--  ftp://ftp-private.ncbi.nlm.nih.gov/pubchem/.fetch/94/1346441576871574447.txt.gz
           => ‘1346441576871574447.txt.gz’
Resolving ftp-private.ncbi.nlm.nih.gov (ftp-private.ncbi.nlm.nih.gov)... 130.14.29.30
Connecting to ftp-private.ncbi.nlm.nih.gov (ftp-private.ncbi.nlm.nih.gov)|130.14.29.30|:21... connected.
Logging in as anonymous ... Logged in!
==> SYST ... done.    ==> PWD ... done.
==> TYPE I ... done.  ==> CWD (1) /pubchem/.fetch/94 ... done.
==> SIZE 1346441576871574447.txt.gz ... 143
==> PASV ... done.    ==> RETR 1346441576871574447.txt.gz ... done.
Length: 143 (unauthoritative)

     0K                                                       100%  158K=0.001s

2019-06-20 18:54:01 (158 KB/s) - ‘1346441576871574447.txt.gz’ saved [143]

--2019-06-20 18:54:01--  http://query/
Resolving query (query)... failed: Name or service not known.
wget: unable to resolve host address ‘query’
--2019-06-20 18:54:01--  ftp://xml/
           => ‘.listing’
Resolving xml (xml)... failed: Name or service not known.
wget: unable to resolve host address ‘xml’
--2019-06-20 18:54:01--  http://pc_fetch_aid1206172_activities_0.cgi/
Resolving pc_fetch_aid1206172_activities_0.cgi (pc_fetch_aid1206172_activities_0.cgi)... failed: Name or service not known.
wget: unable to resolve host address ‘pc_fetch_aid1206172_activities_0.cgi’
FINISHED --2019-06-20 18:54:01--
Total wall clock time: 0.4s
Downloaded: 1 files, 143 in 0.001s (158 KB/s)
