--2019-06-21 00:54:23--  ftp://ftp-private.ncbi.nlm.nih.gov/pubchem/.fetch/29/4067864244605354956.txt.gz
           => ‘4067864244605354956.txt.gz’
Resolving ftp-private.ncbi.nlm.nih.gov (ftp-private.ncbi.nlm.nih.gov)... 130.14.29.30
Connecting to ftp-private.ncbi.nlm.nih.gov (ftp-private.ncbi.nlm.nih.gov)|130.14.29.30|:21... connected.
Logging in as anonymous ... Logged in!
==> SYST ... done.    ==> PWD ... done.
==> TYPE I ... done.  ==> CWD (1) /pubchem/.fetch/29 ... done.
==> SIZE 4067864244605354956.txt.gz ... 86
==> PASV ... done.    ==> RETR 4067864244605354956.txt.gz ... done.
Length: 86 (unauthoritative)

     0K                                                       100%  101K=0.001s

2019-06-21 00:54:24 (101 KB/s) - ‘4067864244605354956.txt.gz’ saved [86]

--2019-06-21 00:54:24--  http://query/
Resolving query (query)... failed: Name or service not known.
wget: unable to resolve host address ‘query’
--2019-06-21 00:54:24--  ftp://xml/
           => ‘.listing’
Resolving xml (xml)... failed: Name or service not known.
wget: unable to resolve host address ‘xml’
--2019-06-21 00:54:24--  http://pc_fetch_aid777324_activities_0.cgi/
Resolving pc_fetch_aid777324_activities_0.cgi (pc_fetch_aid777324_activities_0.cgi)... failed: Name or service not known.
wget: unable to resolve host address ‘pc_fetch_aid777324_activities_0.cgi’
FINISHED --2019-06-21 00:54:24--
Total wall clock time: 0.4s
Downloaded: 1 files, 86 in 0.001s (101 KB/s)
