--2019-06-20 20:55:00--  ftp://ftp-private.ncbi.nlm.nih.gov/pubchem/.fetch/68/1024643416399387918.txt.gz
           => ‘1024643416399387918.txt.gz’
Resolving ftp-private.ncbi.nlm.nih.gov (ftp-private.ncbi.nlm.nih.gov)... 130.14.29.35
Connecting to ftp-private.ncbi.nlm.nih.gov (ftp-private.ncbi.nlm.nih.gov)|130.14.29.35|:21... connected.
Logging in as anonymous ... Logged in!
==> SYST ... done.    ==> PWD ... done.
==> TYPE I ... done.  ==> CWD (1) /pubchem/.fetch/68 ... done.
==> SIZE 1024643416399387918.txt.gz ... 82
==> PASV ... done.    ==> RETR 1024643416399387918.txt.gz ... done.
Length: 82 (unauthoritative)

     0K                                                       100% 92.0K=0.001s

2019-06-20 20:55:00 (92.0 KB/s) - ‘1024643416399387918.txt.gz’ saved [82]

--2019-06-20 20:55:00--  http://query/
Resolving query (query)... failed: Name or service not known.
wget: unable to resolve host address ‘query’
--2019-06-20 20:55:00--  ftp://xml/
           => ‘.listing’
Resolving xml (xml)... failed: Name or service not known.
wget: unable to resolve host address ‘xml’
--2019-06-20 20:55:00--  http://pc_fetch_aid1329407_activities_0.cgi/
Resolving pc_fetch_aid1329407_activities_0.cgi (pc_fetch_aid1329407_activities_0.cgi)... failed: Name or service not known.
wget: unable to resolve host address ‘pc_fetch_aid1329407_activities_0.cgi’
FINISHED --2019-06-20 20:55:00--
Total wall clock time: 0.4s
Downloaded: 1 files, 82 in 0.001s (92.0 KB/s)
