--2019-06-20 17:26:26--  ftp://ftp-private.ncbi.nlm.nih.gov/pubchem/.fetch/50/2854133517551411790.txt.gz
           => ‘2854133517551411790.txt.gz’
Resolving ftp-private.ncbi.nlm.nih.gov (ftp-private.ncbi.nlm.nih.gov)... 130.14.29.35
Connecting to ftp-private.ncbi.nlm.nih.gov (ftp-private.ncbi.nlm.nih.gov)|130.14.29.35|:21... connected.
Logging in as anonymous ... Logged in!
==> SYST ... done.    ==> PWD ... done.
==> TYPE I ... done.  ==> CWD (1) /pubchem/.fetch/50 ... done.
==> SIZE 2854133517551411790.txt.gz ... 57
==> PASV ... done.    ==> RETR 2854133517551411790.txt.gz ... done.
Length: 57 (unauthoritative)

     0K                                                       100% 69.9K=0.001s

2019-06-20 17:26:27 (69.9 KB/s) - ‘2854133517551411790.txt.gz’ saved [57]

--2019-06-20 17:26:27--  http://query/
Resolving query (query)... failed: Name or service not known.
wget: unable to resolve host address ‘query’
--2019-06-20 17:26:27--  ftp://xml/
           => ‘.listing’
Resolving xml (xml)... failed: Name or service not known.
wget: unable to resolve host address ‘xml’
--2019-06-20 17:26:27--  http://pc_fetch_aid1090670_activities_0.cgi/
Resolving pc_fetch_aid1090670_activities_0.cgi (pc_fetch_aid1090670_activities_0.cgi)... failed: Name or service not known.
wget: unable to resolve host address ‘pc_fetch_aid1090670_activities_0.cgi’
FINISHED --2019-06-20 17:26:27--
Total wall clock time: 0.5s
Downloaded: 1 files, 57 in 0.001s (69.9 KB/s)
