--2019-06-20 18:41:33--  ftp://ftp-private.ncbi.nlm.nih.gov/pubchem/.fetch/100/4498247081297747498.txt.gz
           => ‘4498247081297747498.txt.gz’
Resolving ftp-private.ncbi.nlm.nih.gov (ftp-private.ncbi.nlm.nih.gov)... 130.14.29.30
Connecting to ftp-private.ncbi.nlm.nih.gov (ftp-private.ncbi.nlm.nih.gov)|130.14.29.30|:21... connected.
Logging in as anonymous ... Logged in!
==> SYST ... done.    ==> PWD ... done.
==> TYPE I ... done.  ==> CWD (1) /pubchem/.fetch/100 ... done.
==> SIZE 4498247081297747498.txt.gz ... 67
==> PASV ... done.    ==> RETR 4498247081297747498.txt.gz ... done.
Length: 67 (unauthoritative)

     0K                                                       100% 77.5K=0.001s

2019-06-20 18:41:34 (77.5 KB/s) - ‘4498247081297747498.txt.gz’ saved [67]

--2019-06-20 18:41:34--  http://query/
Resolving query (query)... failed: Name or service not known.
wget: unable to resolve host address ‘query’
--2019-06-20 18:41:34--  ftp://xml/
           => ‘.listing’
Resolving xml (xml)... failed: Name or service not known.
wget: unable to resolve host address ‘xml’
--2019-06-20 18:41:34--  http://pc_fetch_aid1187279_activities_0.cgi/
Resolving pc_fetch_aid1187279_activities_0.cgi (pc_fetch_aid1187279_activities_0.cgi)... failed: Name or service not known.
wget: unable to resolve host address ‘pc_fetch_aid1187279_activities_0.cgi’
FINISHED --2019-06-20 18:41:34--
Total wall clock time: 0.8s
Downloaded: 1 files, 67 in 0.001s (77.5 KB/s)
