--2019-06-20 22:20:23--  ftp://ftp-private.ncbi.nlm.nih.gov/pubchem/.fetch/91/3839366569432137253.txt.gz
           => ‘3839366569432137253.txt.gz’
Resolving ftp-private.ncbi.nlm.nih.gov (ftp-private.ncbi.nlm.nih.gov)... 130.14.29.30
Connecting to ftp-private.ncbi.nlm.nih.gov (ftp-private.ncbi.nlm.nih.gov)|130.14.29.30|:21... connected.
Logging in as anonymous ... Logged in!
==> SYST ... done.    ==> PWD ... done.
==> TYPE I ... done.  ==> CWD (1) /pubchem/.fetch/91 ... done.
==> SIZE 3839366569432137253.txt.gz ... 67
==> PASV ... done.    ==> RETR 3839366569432137253.txt.gz ... done.
Length: 67 (unauthoritative)

     0K                                                       100% 92.2K=0.001s

2019-06-20 22:20:23 (92.2 KB/s) - ‘3839366569432137253.txt.gz’ saved [67]

--2019-06-20 22:20:23--  http://query/
Resolving query (query)... failed: Name or service not known.
wget: unable to resolve host address ‘query’
--2019-06-20 22:20:23--  ftp://xml/
           => ‘.listing’
Resolving xml (xml)... failed: Name or service not known.
wget: unable to resolve host address ‘xml’
--2019-06-20 22:20:23--  http://pc_fetch_aid497361_activities_0.cgi/
Resolving pc_fetch_aid497361_activities_0.cgi (pc_fetch_aid497361_activities_0.cgi)... failed: Name or service not known.
wget: unable to resolve host address ‘pc_fetch_aid497361_activities_0.cgi’
FINISHED --2019-06-20 22:20:23--
Total wall clock time: 0.6s
Downloaded: 1 files, 67 in 0.001s (92.2 KB/s)
