--2019-06-20 18:20:08--  ftp://ftp-private.ncbi.nlm.nih.gov/pubchem/.fetch/27/1363163783507837168.txt.gz
           => ‘1363163783507837168.txt.gz’
Resolving ftp-private.ncbi.nlm.nih.gov (ftp-private.ncbi.nlm.nih.gov)... 130.14.29.30
Connecting to ftp-private.ncbi.nlm.nih.gov (ftp-private.ncbi.nlm.nih.gov)|130.14.29.30|:21... connected.
Logging in as anonymous ... Logged in!
==> SYST ... done.    ==> PWD ... done.
==> TYPE I ... done.  ==> CWD (1) /pubchem/.fetch/27 ... done.
==> SIZE 1363163783507837168.txt.gz ... 334
==> PASV ... done.    ==> RETR 1363163783507837168.txt.gz ... done.
Length: 334 (unauthoritative)

     0K                                                       100%  155K=0.002s

2019-06-20 18:20:09 (155 KB/s) - ‘1363163783507837168.txt.gz’ saved [334]

--2019-06-20 18:20:09--  http://query/
Resolving query (query)... failed: Name or service not known.
wget: unable to resolve host address ‘query’
--2019-06-20 18:20:09--  ftp://xml/
           => ‘.listing’
Resolving xml (xml)... failed: Name or service not known.
wget: unable to resolve host address ‘xml’
--2019-06-20 18:20:09--  http://pc_fetch_aid1174408_activities_0.cgi/
Resolving pc_fetch_aid1174408_activities_0.cgi (pc_fetch_aid1174408_activities_0.cgi)... failed: Name or service not known.
wget: unable to resolve host address ‘pc_fetch_aid1174408_activities_0.cgi’
FINISHED --2019-06-20 18:20:09--
Total wall clock time: 0.7s
Downloaded: 1 files, 334 in 0.002s (155 KB/s)
