--2019-06-20 17:33:01--  ftp://ftp-private.ncbi.nlm.nih.gov/pubchem/.fetch/41/1314415671878102213.txt.gz
           => ‘1314415671878102213.txt.gz’
Resolving ftp-private.ncbi.nlm.nih.gov (ftp-private.ncbi.nlm.nih.gov)... 130.14.29.30
Connecting to ftp-private.ncbi.nlm.nih.gov (ftp-private.ncbi.nlm.nih.gov)|130.14.29.30|:21... connected.
Logging in as anonymous ... Logged in!
==> SYST ... done.    ==> PWD ... done.
==> TYPE I ... done.  ==> CWD (1) /pubchem/.fetch/41 ... done.
==> SIZE 1314415671878102213.txt.gz ... 113
==> PASV ... done.    ==> RETR 1314415671878102213.txt.gz ... done.
Length: 113 (unauthoritative)

     0K                                                       100% 3.03K=0.04s

2019-06-20 17:33:02 (3.03 KB/s) - ‘1314415671878102213.txt.gz’ saved [113]

--2019-06-20 17:33:02--  http://query/
Resolving query (query)... failed: Name or service not known.
wget: unable to resolve host address ‘query’
--2019-06-20 17:33:02--  ftp://xml/
           => ‘.listing’
Resolving xml (xml)... failed: Name or service not known.
wget: unable to resolve host address ‘xml’
--2019-06-20 17:33:02--  http://pc_fetch_aid1103783_activities_0.cgi/
Resolving pc_fetch_aid1103783_activities_0.cgi (pc_fetch_aid1103783_activities_0.cgi)... failed: Name or service not known.
wget: unable to resolve host address ‘pc_fetch_aid1103783_activities_0.cgi’
FINISHED --2019-06-20 17:33:02--
Total wall clock time: 0.7s
Downloaded: 1 files, 113 in 0.04s (3.03 KB/s)
