--2019-06-20 19:57:20--  ftp://ftp-private.ncbi.nlm.nih.gov/pubchem/.fetch/67/3589251158246633272.txt.gz
           => ‘3589251158246633272.txt.gz’
Resolving ftp-private.ncbi.nlm.nih.gov (ftp-private.ncbi.nlm.nih.gov)... 130.14.29.30
Connecting to ftp-private.ncbi.nlm.nih.gov (ftp-private.ncbi.nlm.nih.gov)|130.14.29.30|:21... connected.
Logging in as anonymous ... Logged in!
==> SYST ... done.    ==> PWD ... done.
==> TYPE I ... done.  ==> CWD (1) /pubchem/.fetch/67 ... done.
==> SIZE 3589251158246633272.txt.gz ... 471
==> PASV ... done.    ==> RETR 3589251158246633272.txt.gz ... done.
Length: 471 (unauthoritative)

     0K                                                       100%  182K=0.003s

2019-06-20 19:57:21 (182 KB/s) - ‘3589251158246633272.txt.gz’ saved [471]

--2019-06-20 19:57:21--  http://query/
Resolving query (query)... failed: Name or service not known.
wget: unable to resolve host address ‘query’
--2019-06-20 19:57:21--  ftp://xml/
           => ‘.listing’
Resolving xml (xml)... failed: Name or service not known.
wget: unable to resolve host address ‘xml’
--2019-06-20 19:57:21--  http://pc_fetch_aid1292140_activities_0.cgi/
Resolving pc_fetch_aid1292140_activities_0.cgi (pc_fetch_aid1292140_activities_0.cgi)... failed: Name or service not known.
wget: unable to resolve host address ‘pc_fetch_aid1292140_activities_0.cgi’
FINISHED --2019-06-20 19:57:21--
Total wall clock time: 0.7s
Downloaded: 1 files, 471 in 0.003s (182 KB/s)
