--2019-06-20 17:35:01--  ftp://ftp-private.ncbi.nlm.nih.gov/pubchem/.fetch/93/695168889931419283.txt.gz
           => ‘695168889931419283.txt.gz’
Resolving ftp-private.ncbi.nlm.nih.gov (ftp-private.ncbi.nlm.nih.gov)... 130.14.29.30
Connecting to ftp-private.ncbi.nlm.nih.gov (ftp-private.ncbi.nlm.nih.gov)|130.14.29.30|:21... connected.
Logging in as anonymous ... Logged in!
==> SYST ... done.    ==> PWD ... done.
==> TYPE I ... done.  ==> CWD (1) /pubchem/.fetch/93 ... done.
==> SIZE 695168889931419283.txt.gz ... 41
==> PASV ... done.    ==> RETR 695168889931419283.txt.gz ... done.
Length: 41 (unauthoritative)

     0K                                                       100%  145K=0s

2019-06-20 17:35:02 (145 KB/s) - ‘695168889931419283.txt.gz’ saved [41]

--2019-06-20 17:35:02--  http://query/
Resolving query (query)... failed: Name or service not known.
wget: unable to resolve host address ‘query’
--2019-06-20 17:35:02--  ftp://xml/
           => ‘.listing’
Resolving xml (xml)... failed: Name or service not known.
wget: unable to resolve host address ‘xml’
--2019-06-20 17:35:02--  http://pc_fetch_aid1129855_activities_0.cgi/
Resolving pc_fetch_aid1129855_activities_0.cgi (pc_fetch_aid1129855_activities_0.cgi)... failed: Name or service not known.
wget: unable to resolve host address ‘pc_fetch_aid1129855_activities_0.cgi’
FINISHED --2019-06-20 17:35:02--
Total wall clock time: 0.7s
Downloaded: 1 files, 41 in 0s (145 KB/s)
