--2019-06-20 23:06:03--  ftp://ftp-private.ncbi.nlm.nih.gov/pubchem/.fetch/75/2826707747189024514.txt.gz
           => ‘2826707747189024514.txt.gz’
Resolving ftp-private.ncbi.nlm.nih.gov (ftp-private.ncbi.nlm.nih.gov)... 130.14.29.30
Connecting to ftp-private.ncbi.nlm.nih.gov (ftp-private.ncbi.nlm.nih.gov)|130.14.29.30|:21... connected.
Logging in as anonymous ... Logged in!
==> SYST ... done.    ==> PWD ... done.
==> TYPE I ... done.  ==> CWD (1) /pubchem/.fetch/75 ... done.
==> SIZE 2826707747189024514.txt.gz ... 119
==> PASV ... done.    ==> RETR 2826707747189024514.txt.gz ... done.
Length: 119 (unauthoritative)

     0K                                                       100% 88.6K=0.001s

2019-06-20 23:06:04 (88.6 KB/s) - ‘2826707747189024514.txt.gz’ saved [119]

--2019-06-20 23:06:04--  http://query/
Resolving query (query)... failed: Name or service not known.
wget: unable to resolve host address ‘query’
--2019-06-20 23:06:04--  ftp://xml/
           => ‘.listing’
Resolving xml (xml)... failed: Name or service not known.
wget: unable to resolve host address ‘xml’
--2019-06-20 23:06:04--  http://pc_fetch_aid627220_activities_0.cgi/
Resolving pc_fetch_aid627220_activities_0.cgi (pc_fetch_aid627220_activities_0.cgi)... failed: Name or service not known.
wget: unable to resolve host address ‘pc_fetch_aid627220_activities_0.cgi’
FINISHED --2019-06-20 23:06:04--
Total wall clock time: 0.5s
Downloaded: 1 files, 119 in 0.001s (88.6 KB/s)
