--2019-06-20 23:10:50--  ftp://ftp-private.ncbi.nlm.nih.gov/pubchem/.fetch/70/3475629532638184664.txt.gz
           => ‘3475629532638184664.txt.gz’
Resolving ftp-private.ncbi.nlm.nih.gov (ftp-private.ncbi.nlm.nih.gov)... 130.14.29.35
Connecting to ftp-private.ncbi.nlm.nih.gov (ftp-private.ncbi.nlm.nih.gov)|130.14.29.35|:21... connected.
Logging in as anonymous ... Logged in!
==> SYST ... done.    ==> PWD ... done.
==> TYPE I ... done.  ==> CWD (1) /pubchem/.fetch/70 ... done.
==> SIZE 3475629532638184664.txt.gz ... 469
==> PASV ... done.    ==> RETR 3475629532638184664.txt.gz ... done.
Length: 469 (unauthoritative)

     0K                                                       100%  271K=0.002s

2019-06-20 23:10:51 (271 KB/s) - ‘3475629532638184664.txt.gz’ saved [469]

--2019-06-20 23:10:51--  http://query/
Resolving query (query)... failed: Name or service not known.
wget: unable to resolve host address ‘query’
--2019-06-20 23:10:51--  ftp://xml/
           => ‘.listing’
Resolving xml (xml)... failed: Name or service not known.
wget: unable to resolve host address ‘xml’
--2019-06-20 23:10:51--  http://pc_fetch_aid635955_activities_0.cgi/
Resolving pc_fetch_aid635955_activities_0.cgi (pc_fetch_aid635955_activities_0.cgi)... failed: Name or service not known.
wget: unable to resolve host address ‘pc_fetch_aid635955_activities_0.cgi’
FINISHED --2019-06-20 23:10:51--
Total wall clock time: 0.7s
Downloaded: 1 files, 469 in 0.002s (271 KB/s)
