--2019-06-20 17:09:39--  ftp://ftp-private.ncbi.nlm.nih.gov/pubchem/.fetch/66/1633420213172351349.txt.gz
           => ‘1633420213172351349.txt.gz’
Resolving ftp-private.ncbi.nlm.nih.gov (ftp-private.ncbi.nlm.nih.gov)... 130.14.29.30
Connecting to ftp-private.ncbi.nlm.nih.gov (ftp-private.ncbi.nlm.nih.gov)|130.14.29.30|:21... connected.
Logging in as anonymous ... Logged in!
==> SYST ... done.    ==> PWD ... done.
==> TYPE I ... done.  ==> CWD (1) /pubchem/.fetch/66 ... done.
==> SIZE 1633420213172351349.txt.gz ... 77
==> PASV ... done.    ==> RETR 1633420213172351349.txt.gz ... done.
Length: 77 (unauthoritative)

     0K                                                       100% 92.3K=0.001s

2019-06-20 17:09:39 (92.3 KB/s) - ‘1633420213172351349.txt.gz’ saved [77]

--2019-06-20 17:09:39--  http://query/
Resolving query (query)... failed: Name or service not known.
wget: unable to resolve host address ‘query’
--2019-06-20 17:09:39--  ftp://xml/
           => ‘.listing’
Resolving xml (xml)... failed: Name or service not known.
wget: unable to resolve host address ‘xml’
--2019-06-20 17:09:39--  http://pc_fetch_aid1063096_activities_0.cgi/
Resolving pc_fetch_aid1063096_activities_0.cgi (pc_fetch_aid1063096_activities_0.cgi)... failed: Name or service not known.
wget: unable to resolve host address ‘pc_fetch_aid1063096_activities_0.cgi’
FINISHED --2019-06-20 17:09:39--
Total wall clock time: 0.5s
Downloaded: 1 files, 77 in 0.001s (92.3 KB/s)
