--2019-06-20 21:24:31--  ftp://ftp-private.ncbi.nlm.nih.gov/pubchem/.fetch/53/170935992974252914.txt.gz
           => ‘170935992974252914.txt.gz’
Resolving ftp-private.ncbi.nlm.nih.gov (ftp-private.ncbi.nlm.nih.gov)... 130.14.29.35
Connecting to ftp-private.ncbi.nlm.nih.gov (ftp-private.ncbi.nlm.nih.gov)|130.14.29.35|:21... connected.
Logging in as anonymous ... Logged in!
==> SYST ... done.    ==> PWD ... done.
==> TYPE I ... done.  ==> CWD (1) /pubchem/.fetch/53 ... done.
==> SIZE 170935992974252914.txt.gz ... 70
==> PASV ... done.    ==> RETR 170935992974252914.txt.gz ... done.
Length: 70 (unauthoritative)

     0K                                                       100% 92.3K=0.001s

2019-06-20 21:24:31 (92.3 KB/s) - ‘170935992974252914.txt.gz’ saved [70]

--2019-06-20 21:24:31--  http://query/
Resolving query (query)... failed: Name or service not known.
wget: unable to resolve host address ‘query’
--2019-06-20 21:24:31--  ftp://xml/
           => ‘.listing’
Resolving xml (xml)... failed: Name or service not known.
wget: unable to resolve host address ‘xml’
--2019-06-20 21:24:31--  http://pc_fetch_aid308808_activities_0.cgi/
Resolving pc_fetch_aid308808_activities_0.cgi (pc_fetch_aid308808_activities_0.cgi)... failed: Name or service not known.
wget: unable to resolve host address ‘pc_fetch_aid308808_activities_0.cgi’
FINISHED --2019-06-20 21:24:32--
Total wall clock time: 1.2s
Downloaded: 1 files, 70 in 0.001s (92.3 KB/s)
