--2019-06-20 17:46:36--  ftp://ftp-private.ncbi.nlm.nih.gov/pubchem/.fetch/42/3102696442026094048.txt.gz
           => ‘3102696442026094048.txt.gz’
Resolving ftp-private.ncbi.nlm.nih.gov (ftp-private.ncbi.nlm.nih.gov)... 130.14.29.35
Connecting to ftp-private.ncbi.nlm.nih.gov (ftp-private.ncbi.nlm.nih.gov)|130.14.29.35|:21... connected.
Logging in as anonymous ... Logged in!
==> SYST ... done.    ==> PWD ... done.
==> TYPE I ... done.  ==> CWD (1) /pubchem/.fetch/42 ... done.
==> SIZE 3102696442026094048.txt.gz ... 273
==> PASV ... done.    ==> RETR 3102696442026094048.txt.gz ... done.
Length: 273 (unauthoritative)

     0K                                                       100%  141K=0.002s

2019-06-20 17:46:37 (141 KB/s) - ‘3102696442026094048.txt.gz’ saved [273]

--2019-06-20 17:46:37--  http://query/
Resolving query (query)... failed: Name or service not known.
wget: unable to resolve host address ‘query’
--2019-06-20 17:46:37--  ftp://xml/
           => ‘.listing’
Resolving xml (xml)... failed: Name or service not known.
wget: unable to resolve host address ‘xml’
--2019-06-20 17:46:37--  http://pc_fetch_aid1161321_activities_0.cgi/
Resolving pc_fetch_aid1161321_activities_0.cgi (pc_fetch_aid1161321_activities_0.cgi)... failed: Name or service not known.
wget: unable to resolve host address ‘pc_fetch_aid1161321_activities_0.cgi’
FINISHED --2019-06-20 17:46:37--
Total wall clock time: 0.8s
Downloaded: 1 files, 273 in 0.002s (141 KB/s)
