--2019-06-20 20:35:11--  ftp://ftp-private.ncbi.nlm.nih.gov/pubchem/.fetch/97/3026768118832289552.txt.gz
           => ‘3026768118832289552.txt.gz’
Resolving ftp-private.ncbi.nlm.nih.gov (ftp-private.ncbi.nlm.nih.gov)... 130.14.29.30
Connecting to ftp-private.ncbi.nlm.nih.gov (ftp-private.ncbi.nlm.nih.gov)|130.14.29.30|:21... connected.
Logging in as anonymous ... Logged in!
==> SYST ... done.    ==> PWD ... done.
==> TYPE I ... done.  ==> CWD (1) /pubchem/.fetch/97 ... done.
==> SIZE 3026768118832289552.txt.gz ... 124
==> PASV ... done.    ==> RETR 3026768118832289552.txt.gz ... done.
Length: 124 (unauthoritative)

     0K                                                       100%  125K=0.001s

2019-06-20 20:35:11 (125 KB/s) - ‘3026768118832289552.txt.gz’ saved [124]

--2019-06-20 20:35:11--  http://query/
Resolving query (query)... failed: Name or service not known.
wget: unable to resolve host address ‘query’
--2019-06-20 20:35:11--  ftp://xml/
           => ‘.listing’
Resolving xml (xml)... failed: Name or service not known.
wget: unable to resolve host address ‘xml’
--2019-06-20 20:35:11--  http://pc_fetch_aid1310505_activities_0.cgi/
Resolving pc_fetch_aid1310505_activities_0.cgi (pc_fetch_aid1310505_activities_0.cgi)... failed: Name or service not known.
wget: unable to resolve host address ‘pc_fetch_aid1310505_activities_0.cgi’
FINISHED --2019-06-20 20:35:11--
Total wall clock time: 0.8s
Downloaded: 1 files, 124 in 0.001s (125 KB/s)
