--2019-06-20 22:13:21--  ftp://ftp-private.ncbi.nlm.nih.gov/pubchem/.fetch/18/748159627182280995.txt.gz
           => ‘748159627182280995.txt.gz’
Resolving ftp-private.ncbi.nlm.nih.gov (ftp-private.ncbi.nlm.nih.gov)... 130.14.29.30
Connecting to ftp-private.ncbi.nlm.nih.gov (ftp-private.ncbi.nlm.nih.gov)|130.14.29.30|:21... connected.
Logging in as anonymous ... Logged in!
==> SYST ... done.    ==> PWD ... done.
==> TYPE I ... done.  ==> CWD (1) /pubchem/.fetch/18 ... done.
==> SIZE 748159627182280995.txt.gz ... 89
==> PASV ... done.    ==> RETR 748159627182280995.txt.gz ... done.
Length: 89 (unauthoritative)

     0K                                                       100%  104K=0.001s

2019-06-20 22:13:21 (104 KB/s) - ‘748159627182280995.txt.gz’ saved [89]

--2019-06-20 22:13:21--  http://query/
Resolving query (query)... failed: Name or service not known.
wget: unable to resolve host address ‘query’
--2019-06-20 22:13:21--  ftp://xml/
           => ‘.listing’
Resolving xml (xml)... failed: Name or service not known.
wget: unable to resolve host address ‘xml’
--2019-06-20 22:13:21--  http://pc_fetch_aid486845_activities_0.cgi/
Resolving pc_fetch_aid486845_activities_0.cgi (pc_fetch_aid486845_activities_0.cgi)... failed: Name or service not known.
wget: unable to resolve host address ‘pc_fetch_aid486845_activities_0.cgi’
FINISHED --2019-06-20 22:13:21--
Total wall clock time: 0.4s
Downloaded: 1 files, 89 in 0.001s (104 KB/s)
