--2019-06-20 19:58:26--  ftp://ftp-private.ncbi.nlm.nih.gov/pubchem/.fetch/43/3855804829500878440.txt.gz
           => ‘3855804829500878440.txt.gz’
Resolving ftp-private.ncbi.nlm.nih.gov (ftp-private.ncbi.nlm.nih.gov)... 130.14.29.35
Connecting to ftp-private.ncbi.nlm.nih.gov (ftp-private.ncbi.nlm.nih.gov)|130.14.29.35|:21... connected.
Logging in as anonymous ... Logged in!
==> SYST ... done.    ==> PWD ... done.
==> TYPE I ... done.  ==> CWD (1) /pubchem/.fetch/43 ... done.
==> SIZE 3855804829500878440.txt.gz ... 116
==> PASV ... done.    ==> RETR 3855804829500878440.txt.gz ... done.
Length: 116 (unauthoritative)

     0K                                                       100%  116K=0.001s

2019-06-20 19:58:27 (116 KB/s) - ‘3855804829500878440.txt.gz’ saved [116]

--2019-06-20 19:58:27--  http://query/
Resolving query (query)... failed: Name or service not known.
wget: unable to resolve host address ‘query’
--2019-06-20 19:58:27--  ftp://xml/
           => ‘.listing’
Resolving xml (xml)... failed: Name or service not known.
wget: unable to resolve host address ‘xml’
--2019-06-20 19:58:27--  http://pc_fetch_aid1292151_activities_0.cgi/
Resolving pc_fetch_aid1292151_activities_0.cgi (pc_fetch_aid1292151_activities_0.cgi)... failed: Name or service not known.
wget: unable to resolve host address ‘pc_fetch_aid1292151_activities_0.cgi’
FINISHED --2019-06-20 19:58:27--
Total wall clock time: 0.7s
Downloaded: 1 files, 116 in 0.001s (116 KB/s)
