--2019-06-20 23:42:27--  ftp://ftp-private.ncbi.nlm.nih.gov/pubchem/.fetch/100/1324659305757739221.txt.gz
           => ‘1324659305757739221.txt.gz’
Resolving ftp-private.ncbi.nlm.nih.gov (ftp-private.ncbi.nlm.nih.gov)... 130.14.29.35
Connecting to ftp-private.ncbi.nlm.nih.gov (ftp-private.ncbi.nlm.nih.gov)|130.14.29.35|:21... connected.
Logging in as anonymous ... Logged in!
==> SYST ... done.    ==> PWD ... done.
==> TYPE I ... done.  ==> CWD (1) /pubchem/.fetch/100 ... done.
==> SIZE 1324659305757739221.txt.gz ... 135
==> PASV ... done.    ==> RETR 1324659305757739221.txt.gz ... done.
Length: 135 (unauthoritative)

     0K                                                       100%  136K=0.001s

2019-06-20 23:42:28 (136 KB/s) - ‘1324659305757739221.txt.gz’ saved [135]

--2019-06-20 23:42:28--  http://query/
Resolving query (query)... failed: Name or service not known.
wget: unable to resolve host address ‘query’
--2019-06-20 23:42:28--  ftp://xml/
           => ‘.listing’
Resolving xml (xml)... failed: Name or service not known.
wget: unable to resolve host address ‘xml’
--2019-06-20 23:42:28--  http://pc_fetch_aid703759_activities_0.cgi/
Resolving pc_fetch_aid703759_activities_0.cgi (pc_fetch_aid703759_activities_0.cgi)... failed: Name or service not known.
wget: unable to resolve host address ‘pc_fetch_aid703759_activities_0.cgi’
FINISHED --2019-06-20 23:42:28--
Total wall clock time: 0.8s
Downloaded: 1 files, 135 in 0.001s (136 KB/s)
