--2019-06-20 18:00:58--  ftp://ftp-private.ncbi.nlm.nih.gov/pubchem/.fetch/33/1308386213388632194.txt.gz
           => ‘1308386213388632194.txt.gz’
Resolving ftp-private.ncbi.nlm.nih.gov (ftp-private.ncbi.nlm.nih.gov)... 130.14.29.35
Connecting to ftp-private.ncbi.nlm.nih.gov (ftp-private.ncbi.nlm.nih.gov)|130.14.29.35|:21... connected.
Logging in as anonymous ... Logged in!
==> SYST ... done.    ==> PWD ... done.
==> TYPE I ... done.  ==> CWD (1) /pubchem/.fetch/33 ... done.
==> SIZE 1308386213388632194.txt.gz ... 72
==> PASV ... done.    ==> RETR 1308386213388632194.txt.gz ... done.
Length: 72 (unauthoritative)

     0K                                                       100% 95.3K=0.001s

2019-06-20 18:00:59 (95.3 KB/s) - ‘1308386213388632194.txt.gz’ saved [72]

--2019-06-20 18:00:59--  http://query/
Resolving query (query)... failed: Name or service not known.
wget: unable to resolve host address ‘query’
--2019-06-20 18:00:59--  ftp://xml/
           => ‘.listing’
Resolving xml (xml)... failed: Name or service not known.
wget: unable to resolve host address ‘xml’
--2019-06-20 18:00:59--  http://pc_fetch_aid1163488_activities_0.cgi/
Resolving pc_fetch_aid1163488_activities_0.cgi (pc_fetch_aid1163488_activities_0.cgi)... failed: Name or service not known.
wget: unable to resolve host address ‘pc_fetch_aid1163488_activities_0.cgi’
FINISHED --2019-06-20 18:00:59--
Total wall clock time: 0.4s
Downloaded: 1 files, 72 in 0.001s (95.3 KB/s)
