--2019-06-20 21:05:39--  ftp://ftp-private.ncbi.nlm.nih.gov/pubchem/.fetch/71/2033567303788248482.txt.gz
           => ‘2033567303788248482.txt.gz’
Resolving ftp-private.ncbi.nlm.nih.gov (ftp-private.ncbi.nlm.nih.gov)... 130.14.29.30
Connecting to ftp-private.ncbi.nlm.nih.gov (ftp-private.ncbi.nlm.nih.gov)|130.14.29.30|:21... connected.
Logging in as anonymous ... Logged in!
==> SYST ... done.    ==> PWD ... done.
==> TYPE I ... done.  ==> CWD (1) /pubchem/.fetch/71 ... done.
==> SIZE 2033567303788248482.txt.gz ... 113
==> PASV ... done.    ==> RETR 2033567303788248482.txt.gz ... done.
Length: 113 (unauthoritative)

     0K                                                       100%  116K=0.001s

2019-06-20 21:05:40 (116 KB/s) - ‘2033567303788248482.txt.gz’ saved [113]

--2019-06-20 21:05:40--  http://query/
Resolving query (query)... failed: Name or service not known.
wget: unable to resolve host address ‘query’
--2019-06-20 21:05:40--  ftp://xml/
           => ‘.listing’
Resolving xml (xml)... failed: Name or service not known.
wget: unable to resolve host address ‘xml’
--2019-06-20 21:05:40--  http://pc_fetch_aid1336761_activities_0.cgi/
Resolving pc_fetch_aid1336761_activities_0.cgi (pc_fetch_aid1336761_activities_0.cgi)... failed: Name or service not known.
wget: unable to resolve host address ‘pc_fetch_aid1336761_activities_0.cgi’
FINISHED --2019-06-20 21:05:40--
Total wall clock time: 0.4s
Downloaded: 1 files, 113 in 0.001s (116 KB/s)
