--2019-06-20 17:19:32--  ftp://ftp-private.ncbi.nlm.nih.gov/pubchem/.fetch/29/3915023256820093246.txt.gz
           => ‘3915023256820093246.txt.gz’
Resolving ftp-private.ncbi.nlm.nih.gov (ftp-private.ncbi.nlm.nih.gov)... 130.14.29.30
Connecting to ftp-private.ncbi.nlm.nih.gov (ftp-private.ncbi.nlm.nih.gov)|130.14.29.30|:21... connected.
Logging in as anonymous ... Logged in!
==> SYST ... done.    ==> PWD ... done.
==> TYPE I ... done.  ==> CWD (1) /pubchem/.fetch/29 ... done.
==> SIZE 3915023256820093246.txt.gz ... 302
==> PASV ... done.    ==> RETR 3915023256820093246.txt.gz ... done.
Length: 302 (unauthoritative)

     0K                                                       100%  200K=0.001s

2019-06-20 17:19:32 (200 KB/s) - ‘3915023256820093246.txt.gz’ saved [302]

--2019-06-20 17:19:32--  http://query/
Resolving query (query)... failed: Name or service not known.
wget: unable to resolve host address ‘query’
--2019-06-20 17:19:32--  ftp://xml/
           => ‘.listing’
Resolving xml (xml)... failed: Name or service not known.
wget: unable to resolve host address ‘xml’
--2019-06-20 17:19:32--  http://pc_fetch_aid1076720_activities_0.cgi/
Resolving pc_fetch_aid1076720_activities_0.cgi (pc_fetch_aid1076720_activities_0.cgi)... failed: Name or service not known.
wget: unable to resolve host address ‘pc_fetch_aid1076720_activities_0.cgi’
FINISHED --2019-06-20 17:19:32--
Total wall clock time: 0.4s
Downloaded: 1 files, 302 in 0.001s (200 KB/s)
