--2019-06-20 20:17:11--  ftp://ftp-private.ncbi.nlm.nih.gov/pubchem/.fetch/16/1748393741114381368.txt.gz
           => ‘1748393741114381368.txt.gz’
Resolving ftp-private.ncbi.nlm.nih.gov (ftp-private.ncbi.nlm.nih.gov)... 130.14.29.30
Connecting to ftp-private.ncbi.nlm.nih.gov (ftp-private.ncbi.nlm.nih.gov)|130.14.29.30|:21... connected.
Logging in as anonymous ... Logged in!
==> SYST ... done.    ==> PWD ... done.
==> TYPE I ... done.  ==> CWD (1) /pubchem/.fetch/16 ... done.
==> SIZE 1748393741114381368.txt.gz ... 271
==> PASV ... done.    ==> RETR 1748393741114381368.txt.gz ... done.
Length: 271 (unauthoritative)

     0K                                                       100%  226K=0.001s

2019-06-20 20:17:11 (226 KB/s) - ‘1748393741114381368.txt.gz’ saved [271]

--2019-06-20 20:17:11--  http://query/
Resolving query (query)... failed: Name or service not known.
wget: unable to resolve host address ‘query’
--2019-06-20 20:17:11--  ftp://xml/
           => ‘.listing’
Resolving xml (xml)... failed: Name or service not known.
wget: unable to resolve host address ‘xml’
--2019-06-20 20:17:11--  http://pc_fetch_aid1308558_activities_0.cgi/
Resolving pc_fetch_aid1308558_activities_0.cgi (pc_fetch_aid1308558_activities_0.cgi)... failed: Name or service not known.
wget: unable to resolve host address ‘pc_fetch_aid1308558_activities_0.cgi’
FINISHED --2019-06-20 20:17:12--
Total wall clock time: 0.4s
Downloaded: 1 files, 271 in 0.001s (226 KB/s)
