--2019-06-21 00:28:50--  ftp://ftp-private.ncbi.nlm.nih.gov/pubchem/.fetch/75/1923669000029887657.txt.gz
           => ‘1923669000029887657.txt.gz’
Resolving ftp-private.ncbi.nlm.nih.gov (ftp-private.ncbi.nlm.nih.gov)... 130.14.29.35
Connecting to ftp-private.ncbi.nlm.nih.gov (ftp-private.ncbi.nlm.nih.gov)|130.14.29.35|:21... connected.
Logging in as anonymous ... Logged in!
==> SYST ... done.    ==> PWD ... done.
==> TYPE I ... done.  ==> CWD (1) /pubchem/.fetch/75 ... done.
==> SIZE 1923669000029887657.txt.gz ... 90
==> PASV ... done.    ==> RETR 1923669000029887657.txt.gz ... done.
Length: 90 (unauthoritative)

     0K                                                       100%  113K=0.001s

2019-06-21 00:28:50 (113 KB/s) - ‘1923669000029887657.txt.gz’ saved [90]

--2019-06-21 00:28:50--  http://query/
Resolving query (query)... failed: Name or service not known.
wget: unable to resolve host address ‘query’
--2019-06-21 00:28:50--  ftp://xml/
           => ‘.listing’
Resolving xml (xml)... failed: Name or service not known.
wget: unable to resolve host address ‘xml’
--2019-06-21 00:28:50--  http://pc_fetch_aid754329_activities_0.cgi/
Resolving pc_fetch_aid754329_activities_0.cgi (pc_fetch_aid754329_activities_0.cgi)... failed: Name or service not known.
wget: unable to resolve host address ‘pc_fetch_aid754329_activities_0.cgi’
FINISHED --2019-06-21 00:28:50--
Total wall clock time: 0.5s
Downloaded: 1 files, 90 in 0.001s (113 KB/s)
