--2019-06-20 19:01:15--  ftp://ftp-private.ncbi.nlm.nih.gov/pubchem/.fetch/75/3497075920024927416.txt.gz
           => ‘3497075920024927416.txt.gz’
Resolving ftp-private.ncbi.nlm.nih.gov (ftp-private.ncbi.nlm.nih.gov)... 130.14.29.30
Connecting to ftp-private.ncbi.nlm.nih.gov (ftp-private.ncbi.nlm.nih.gov)|130.14.29.30|:21... connected.
Logging in as anonymous ... Logged in!
==> SYST ... done.    ==> PWD ... done.
==> TYPE I ... done.  ==> CWD (1) /pubchem/.fetch/75 ... done.
==> SIZE 3497075920024927416.txt.gz ... 59
==> PASV ... done.    ==> RETR 3497075920024927416.txt.gz ... done.
Length: 59 (unauthoritative)

     0K                                                       100% 68.1K=0.001s

2019-06-20 19:01:16 (68.1 KB/s) - ‘3497075920024927416.txt.gz’ saved [59]

--2019-06-20 19:01:16--  http://query/
Resolving query (query)... failed: Name or service not known.
wget: unable to resolve host address ‘query’
--2019-06-20 19:01:16--  ftp://xml/
           => ‘.listing’
Resolving xml (xml)... failed: Name or service not known.
wget: unable to resolve host address ‘xml’
--2019-06-20 19:01:16--  http://pc_fetch_aid1228072_activities_0.cgi/
Resolving pc_fetch_aid1228072_activities_0.cgi (pc_fetch_aid1228072_activities_0.cgi)... failed: Name or service not known.
wget: unable to resolve host address ‘pc_fetch_aid1228072_activities_0.cgi’
FINISHED --2019-06-20 19:01:16--
Total wall clock time: 0.4s
Downloaded: 1 files, 59 in 0.001s (68.1 KB/s)
