--2019-06-20 18:47:41--  ftp://ftp-private.ncbi.nlm.nih.gov/pubchem/.fetch/60/4355186879369697302.txt.gz
           => ‘4355186879369697302.txt.gz’
Resolving ftp-private.ncbi.nlm.nih.gov (ftp-private.ncbi.nlm.nih.gov)... 130.14.29.30
Connecting to ftp-private.ncbi.nlm.nih.gov (ftp-private.ncbi.nlm.nih.gov)|130.14.29.30|:21... connected.
Logging in as anonymous ... Logged in!
==> SYST ... done.    ==> PWD ... done.
==> TYPE I ... done.  ==> CWD (1) /pubchem/.fetch/60 ... done.
==> SIZE 4355186879369697302.txt.gz ... 115
==> PASV ... done.    ==> RETR 4355186879369697302.txt.gz ... done.
Length: 115 (unauthoritative)

     0K                                                       100%  128K=0.001s

2019-06-20 18:47:42 (128 KB/s) - ‘4355186879369697302.txt.gz’ saved [115]

--2019-06-20 18:47:42--  http://query/
Resolving query (query)... failed: Name or service not known.
wget: unable to resolve host address ‘query’
--2019-06-20 18:47:42--  ftp://xml/
           => ‘.listing’
Resolving xml (xml)... failed: Name or service not known.
wget: unable to resolve host address ‘xml’
--2019-06-20 18:47:42--  http://pc_fetch_aid1202134_activities_0.cgi/
Resolving pc_fetch_aid1202134_activities_0.cgi (pc_fetch_aid1202134_activities_0.cgi)... failed: Name or service not known.
wget: unable to resolve host address ‘pc_fetch_aid1202134_activities_0.cgi’
FINISHED --2019-06-20 18:47:42--
Total wall clock time: 0.5s
Downloaded: 1 files, 115 in 0.001s (128 KB/s)
