--2019-06-20 21:50:13--  ftp://ftp-private.ncbi.nlm.nih.gov/pubchem/.fetch/90/1196244851472029388.txt.gz
           => ‘1196244851472029388.txt.gz’
Resolving ftp-private.ncbi.nlm.nih.gov (ftp-private.ncbi.nlm.nih.gov)... 130.14.29.35
Connecting to ftp-private.ncbi.nlm.nih.gov (ftp-private.ncbi.nlm.nih.gov)|130.14.29.35|:21... connected.
Logging in as anonymous ... Logged in!
==> SYST ... done.    ==> PWD ... done.
==> TYPE I ... done.  ==> CWD (1) /pubchem/.fetch/90 ... done.
==> SIZE 1196244851472029388.txt.gz ... 57
==> PASV ... done.    ==> RETR 1196244851472029388.txt.gz ... done.
Length: 57 (unauthoritative)

     0K                                                       100% 60.9K=0.001s

2019-06-20 21:50:14 (60.9 KB/s) - ‘1196244851472029388.txt.gz’ saved [57]

--2019-06-20 21:50:14--  http://query/
Resolving query (query)... failed: Name or service not known.
wget: unable to resolve host address ‘query’
--2019-06-20 21:50:14--  ftp://xml/
           => ‘.listing’
Resolving xml (xml)... failed: Name or service not known.
wget: unable to resolve host address ‘xml’
--2019-06-20 21:50:14--  http://pc_fetch_aid405738_activities_0.cgi/
Resolving pc_fetch_aid405738_activities_0.cgi (pc_fetch_aid405738_activities_0.cgi)... failed: Name or service not known.
wget: unable to resolve host address ‘pc_fetch_aid405738_activities_0.cgi’
FINISHED --2019-06-20 21:50:14--
Total wall clock time: 0.8s
Downloaded: 1 files, 57 in 0.001s (60.9 KB/s)
