--2019-06-20 20:31:15--  ftp://ftp-private.ncbi.nlm.nih.gov/pubchem/.fetch/55/741050293776518687.txt.gz
           => ‘741050293776518687.txt.gz’
Resolving ftp-private.ncbi.nlm.nih.gov (ftp-private.ncbi.nlm.nih.gov)... 130.14.29.30
Connecting to ftp-private.ncbi.nlm.nih.gov (ftp-private.ncbi.nlm.nih.gov)|130.14.29.30|:21... connected.
Logging in as anonymous ... Logged in!
==> SYST ... done.    ==> PWD ... done.
==> TYPE I ... done.  ==> CWD (1) /pubchem/.fetch/55 ... done.
==> SIZE 741050293776518687.txt.gz ... 174
==> PASV ... done.    ==> RETR 741050293776518687.txt.gz ... done.
Length: 174 (unauthoritative)

     0K                                                       100%  152K=0.001s

2019-06-20 20:31:16 (152 KB/s) - ‘741050293776518687.txt.gz’ saved [174]

--2019-06-20 20:31:16--  http://query/
Resolving query (query)... failed: Name or service not known.
wget: unable to resolve host address ‘query’
--2019-06-20 20:31:16--  ftp://xml/
           => ‘.listing’
Resolving xml (xml)... failed: Name or service not known.
wget: unable to resolve host address ‘xml’
--2019-06-20 20:31:16--  http://pc_fetch_aid1310481_activities_0.cgi/
Resolving pc_fetch_aid1310481_activities_0.cgi (pc_fetch_aid1310481_activities_0.cgi)... failed: Name or service not known.
wget: unable to resolve host address ‘pc_fetch_aid1310481_activities_0.cgi’
FINISHED --2019-06-20 20:31:16--
Total wall clock time: 0.6s
Downloaded: 1 files, 174 in 0.001s (152 KB/s)
