--2019-06-20 23:01:29--  ftp://ftp-private.ncbi.nlm.nih.gov/pubchem/.fetch/46/3561480054037918040.txt.gz
           => ‘3561480054037918040.txt.gz’
Resolving ftp-private.ncbi.nlm.nih.gov (ftp-private.ncbi.nlm.nih.gov)... 130.14.29.35
Connecting to ftp-private.ncbi.nlm.nih.gov (ftp-private.ncbi.nlm.nih.gov)|130.14.29.35|:21... connected.
Logging in as anonymous ... Logged in!
==> SYST ... done.    ==> PWD ... done.
==> TYPE I ... done.  ==> CWD (1) /pubchem/.fetch/46 ... done.
==> SIZE 3561480054037918040.txt.gz ... 109
==> PASV ... done.    ==> RETR 3561480054037918040.txt.gz ... done.
Length: 109 (unauthoritative)

     0K                                                       100%  114K=0.001s

2019-06-20 23:01:30 (114 KB/s) - ‘3561480054037918040.txt.gz’ saved [109]

--2019-06-20 23:01:30--  http://query/
Resolving query (query)... failed: Name or service not known.
wget: unable to resolve host address ‘query’
--2019-06-20 23:01:30--  ftp://xml/
           => ‘.listing’
Resolving xml (xml)... failed: Name or service not known.
wget: unable to resolve host address ‘xml’
--2019-06-20 23:01:30--  http://pc_fetch_aid614465_activities_0.cgi/
Resolving pc_fetch_aid614465_activities_0.cgi (pc_fetch_aid614465_activities_0.cgi)... failed: Name or service not known.
wget: unable to resolve host address ‘pc_fetch_aid614465_activities_0.cgi’
FINISHED --2019-06-20 23:01:30--
Total wall clock time: 0.8s
Downloaded: 1 files, 109 in 0.001s (114 KB/s)
