--2019-06-20 18:34:09--  ftp://ftp-private.ncbi.nlm.nih.gov/pubchem/.fetch/54/4523999217608677024.txt.gz
           => ‘4523999217608677024.txt.gz’
Resolving ftp-private.ncbi.nlm.nih.gov (ftp-private.ncbi.nlm.nih.gov)... 130.14.29.35
Connecting to ftp-private.ncbi.nlm.nih.gov (ftp-private.ncbi.nlm.nih.gov)|130.14.29.35|:21... connected.
Logging in as anonymous ... Logged in!
==> SYST ... done.    ==> PWD ... done.
==> TYPE I ... done.  ==> CWD (1) /pubchem/.fetch/54 ... done.
==> SIZE 4523999217608677024.txt.gz ... 118
==> PASV ... done.    ==> RETR 4523999217608677024.txt.gz ... done.
Length: 118 (unauthoritative)

     0K                                                       100%  129K=0.001s

2019-06-20 18:34:09 (129 KB/s) - ‘4523999217608677024.txt.gz’ saved [118]

--2019-06-20 18:34:09--  http://query/
Resolving query (query)... failed: Name or service not known.
wget: unable to resolve host address ‘query’
--2019-06-20 18:34:09--  ftp://xml/
           => ‘.listing’
Resolving xml (xml)... failed: Name or service not known.
wget: unable to resolve host address ‘xml’
--2019-06-20 18:34:09--  http://pc_fetch_aid1185490_activities_0.cgi/
Resolving pc_fetch_aid1185490_activities_0.cgi (pc_fetch_aid1185490_activities_0.cgi)... failed: Name or service not known.
wget: unable to resolve host address ‘pc_fetch_aid1185490_activities_0.cgi’
FINISHED --2019-06-20 18:34:09--
Total wall clock time: 0.4s
Downloaded: 1 files, 118 in 0.001s (129 KB/s)
