--2019-06-20 19:32:27--  ftp://ftp-private.ncbi.nlm.nih.gov/pubchem/.fetch/2/4589308063509820686.txt.gz
           => ‘4589308063509820686.txt.gz’
Resolving ftp-private.ncbi.nlm.nih.gov (ftp-private.ncbi.nlm.nih.gov)... 130.14.29.30
Connecting to ftp-private.ncbi.nlm.nih.gov (ftp-private.ncbi.nlm.nih.gov)|130.14.29.30|:21... connected.
Logging in as anonymous ... Logged in!
==> SYST ... done.    ==> PWD ... done.
==> TYPE I ... done.  ==> CWD (1) /pubchem/.fetch/2 ... done.
==> SIZE 4589308063509820686.txt.gz ... 111
==> PASV ... done.    ==> RETR 4589308063509820686.txt.gz ... done.
Length: 111 (unauthoritative)

     0K                                                       100%  125K=0.001s

2019-06-20 19:32:27 (125 KB/s) - ‘4589308063509820686.txt.gz’ saved [111]

--2019-06-20 19:32:27--  http://query/
Resolving query (query)... failed: Name or service not known.
wget: unable to resolve host address ‘query’
--2019-06-20 19:32:27--  ftp://xml/
           => ‘.listing’
Resolving xml (xml)... failed: Name or service not known.
wget: unable to resolve host address ‘xml’
--2019-06-20 19:32:27--  http://pc_fetch_aid1273906_activities_0.cgi/
Resolving pc_fetch_aid1273906_activities_0.cgi (pc_fetch_aid1273906_activities_0.cgi)... failed: Name or service not known.
wget: unable to resolve host address ‘pc_fetch_aid1273906_activities_0.cgi’
FINISHED --2019-06-20 19:32:27--
Total wall clock time: 0.6s
Downloaded: 1 files, 111 in 0.001s (125 KB/s)
