--2019-06-20 22:42:09--  ftp://ftp-private.ncbi.nlm.nih.gov/pubchem/.fetch/68/4169342169356515179.txt.gz
           => ‘4169342169356515179.txt.gz’
Resolving ftp-private.ncbi.nlm.nih.gov (ftp-private.ncbi.nlm.nih.gov)... 130.14.29.35
Connecting to ftp-private.ncbi.nlm.nih.gov (ftp-private.ncbi.nlm.nih.gov)|130.14.29.35|:21... connected.
Logging in as anonymous ... Logged in!
==> SYST ... done.    ==> PWD ... done.
==> TYPE I ... done.  ==> CWD (1) /pubchem/.fetch/68 ... done.
==> SIZE 4169342169356515179.txt.gz ... 65
==> PASV ... done.    ==> RETR 4169342169356515179.txt.gz ... done.
Length: 65 (unauthoritative)

     0K                                                       100% 83.8K=0.001s

2019-06-20 22:42:09 (83.8 KB/s) - ‘4169342169356515179.txt.gz’ saved [65]

--2019-06-20 22:42:09--  http://query/
Resolving query (query)... failed: Name or service not known.
wget: unable to resolve host address ‘query’
--2019-06-20 22:42:09--  ftp://xml/
           => ‘.listing’
Resolving xml (xml)... failed: Name or service not known.
wget: unable to resolve host address ‘xml’
--2019-06-20 22:42:09--  http://pc_fetch_aid528385_activities_0.cgi/
Resolving pc_fetch_aid528385_activities_0.cgi (pc_fetch_aid528385_activities_0.cgi)... failed: Name or service not known.
wget: unable to resolve host address ‘pc_fetch_aid528385_activities_0.cgi’
FINISHED --2019-06-20 22:42:09--
Total wall clock time: 0.5s
Downloaded: 1 files, 65 in 0.001s (83.8 KB/s)
