--2019-06-20 18:58:17--  ftp://ftp-private.ncbi.nlm.nih.gov/pubchem/.fetch/71/910774207641040258.txt.gz
           => ‘910774207641040258.txt.gz’
Resolving ftp-private.ncbi.nlm.nih.gov (ftp-private.ncbi.nlm.nih.gov)... 130.14.29.30
Connecting to ftp-private.ncbi.nlm.nih.gov (ftp-private.ncbi.nlm.nih.gov)|130.14.29.30|:21... connected.
Logging in as anonymous ... Logged in!
==> SYST ... done.    ==> PWD ... done.
==> TYPE I ... done.  ==> CWD (1) /pubchem/.fetch/71 ... done.
==> SIZE 910774207641040258.txt.gz ... 90
==> PASV ... done.    ==> RETR 910774207641040258.txt.gz ... done.
Length: 90 (unauthoritative)

     0K                                                       100% 87.5K=0.001s

2019-06-20 18:58:17 (87.5 KB/s) - ‘910774207641040258.txt.gz’ saved [90]

--2019-06-20 18:58:17--  http://query/
Resolving query (query)... failed: Name or service not known.
wget: unable to resolve host address ‘query’
--2019-06-20 18:58:17--  ftp://xml/
           => ‘.listing’
Resolving xml (xml)... failed: Name or service not known.
wget: unable to resolve host address ‘xml’
--2019-06-20 18:58:17--  http://pc_fetch_aid1227312_activities_0.cgi/
Resolving pc_fetch_aid1227312_activities_0.cgi (pc_fetch_aid1227312_activities_0.cgi)... failed: Name or service not known.
wget: unable to resolve host address ‘pc_fetch_aid1227312_activities_0.cgi’
FINISHED --2019-06-20 18:58:17--
Total wall clock time: 0.4s
Downloaded: 1 files, 90 in 0.001s (87.5 KB/s)
