--2019-06-20 23:57:33--  ftp://ftp-private.ncbi.nlm.nih.gov/pubchem/.fetch/94/581230134376094994.txt.gz
           => ‘581230134376094994.txt.gz’
Resolving ftp-private.ncbi.nlm.nih.gov (ftp-private.ncbi.nlm.nih.gov)... 130.14.29.30
Connecting to ftp-private.ncbi.nlm.nih.gov (ftp-private.ncbi.nlm.nih.gov)|130.14.29.30|:21... connected.
Logging in as anonymous ... Logged in!
==> SYST ... done.    ==> PWD ... done.
==> TYPE I ... done.  ==> CWD (1) /pubchem/.fetch/94 ... done.
==> SIZE 581230134376094994.txt.gz ... 104
==> PASV ... done.    ==> RETR 581230134376094994.txt.gz ... done.
Length: 104 (unauthoritative)

     0K                                                       100%  114K=0.001s

2019-06-20 23:57:34 (114 KB/s) - ‘581230134376094994.txt.gz’ saved [104]

--2019-06-20 23:57:34--  http://query/
Resolving query (query)... failed: Name or service not known.
wget: unable to resolve host address ‘query’
--2019-06-20 23:57:34--  ftp://xml/
           => ‘.listing’
Resolving xml (xml)... failed: Name or service not known.
wget: unable to resolve host address ‘xml’
--2019-06-20 23:57:34--  http://pc_fetch_aid716390_activities_0.cgi/
Resolving pc_fetch_aid716390_activities_0.cgi (pc_fetch_aid716390_activities_0.cgi)... failed: Name or service not known.
wget: unable to resolve host address ‘pc_fetch_aid716390_activities_0.cgi’
FINISHED --2019-06-20 23:57:34--
Total wall clock time: 0.8s
Downloaded: 1 files, 104 in 0.001s (114 KB/s)
