--2019-06-20 19:48:30--  ftp://ftp-private.ncbi.nlm.nih.gov/pubchem/.fetch/100/467888817724377801.txt.gz
           => ‘467888817724377801.txt.gz’
Resolving ftp-private.ncbi.nlm.nih.gov (ftp-private.ncbi.nlm.nih.gov)... 130.14.29.35
Connecting to ftp-private.ncbi.nlm.nih.gov (ftp-private.ncbi.nlm.nih.gov)|130.14.29.35|:21... connected.
Logging in as anonymous ... Logged in!
==> SYST ... done.    ==> PWD ... done.
==> TYPE I ... done.  ==> CWD (1) /pubchem/.fetch/100 ... done.
==> SIZE 467888817724377801.txt.gz ... 81
==> PASV ... done.    ==> RETR 467888817724377801.txt.gz ... done.
Length: 81 (unauthoritative)

     0K                                                       100%  118K=0.001s

2019-06-20 19:48:30 (118 KB/s) - ‘467888817724377801.txt.gz’ saved [81]

--2019-06-20 19:48:30--  http://query/
Resolving query (query)... failed: Name or service not known.
wget: unable to resolve host address ‘query’
--2019-06-20 19:48:30--  ftp://xml/
           => ‘.listing’
Resolving xml (xml)... failed: Name or service not known.
wget: unable to resolve host address ‘xml’
--2019-06-20 19:48:30--  http://pc_fetch_aid1277289_activities_0.cgi/
Resolving pc_fetch_aid1277289_activities_0.cgi (pc_fetch_aid1277289_activities_0.cgi)... failed: Name or service not known.
wget: unable to resolve host address ‘pc_fetch_aid1277289_activities_0.cgi’
FINISHED --2019-06-20 19:48:30--
Total wall clock time: 0.4s
Downloaded: 1 files, 81 in 0.001s (118 KB/s)
