--2019-06-21 00:11:26--  ftp://ftp-private.ncbi.nlm.nih.gov/pubchem/.fetch/50/4465530564396605086.txt.gz
           => ‘4465530564396605086.txt.gz’
Resolving ftp-private.ncbi.nlm.nih.gov (ftp-private.ncbi.nlm.nih.gov)... 130.14.29.35
Connecting to ftp-private.ncbi.nlm.nih.gov (ftp-private.ncbi.nlm.nih.gov)|130.14.29.35|:21... connected.
Logging in as anonymous ... Logged in!
==> SYST ... done.    ==> PWD ... done.
==> TYPE I ... done.  ==> CWD (1) /pubchem/.fetch/50 ... done.
==> SIZE 4465530564396605086.txt.gz ... 177
==> PASV ... done.    ==> RETR 4465530564396605086.txt.gz ... done.
Length: 177 (unauthoritative)

     0K                                                       100%  161K=0.001s

2019-06-21 00:11:26 (161 KB/s) - ‘4465530564396605086.txt.gz’ saved [177]

--2019-06-21 00:11:26--  http://query/
Resolving query (query)... failed: Name or service not known.
wget: unable to resolve host address ‘query’
--2019-06-21 00:11:26--  ftp://xml/
           => ‘.listing’
Resolving xml (xml)... failed: Name or service not known.
wget: unable to resolve host address ‘xml’
--2019-06-21 00:11:26--  http://pc_fetch_aid744658_activities_0.cgi/
Resolving pc_fetch_aid744658_activities_0.cgi (pc_fetch_aid744658_activities_0.cgi)... failed: Name or service not known.
wget: unable to resolve host address ‘pc_fetch_aid744658_activities_0.cgi’
FINISHED --2019-06-21 00:11:26--
Total wall clock time: 0.5s
Downloaded: 1 files, 177 in 0.001s (161 KB/s)
