--2019-06-20 21:19:33--  ftp://ftp-private.ncbi.nlm.nih.gov/pubchem/.fetch/95/2230655463713872530.txt.gz
           => ‘2230655463713872530.txt.gz’
Resolving ftp-private.ncbi.nlm.nih.gov (ftp-private.ncbi.nlm.nih.gov)... 130.14.29.30
Connecting to ftp-private.ncbi.nlm.nih.gov (ftp-private.ncbi.nlm.nih.gov)|130.14.29.30|:21... connected.
Logging in as anonymous ... Logged in!
==> SYST ... done.    ==> PWD ... done.
==> TYPE I ... done.  ==> CWD (1) /pubchem/.fetch/95 ... done.
==> SIZE 2230655463713872530.txt.gz ... 195
==> PASV ... done.    ==> RETR 2230655463713872530.txt.gz ... done.
Length: 195 (unauthoritative)

     0K                                                       100%  178K=0.001s

2019-06-20 21:19:33 (178 KB/s) - ‘2230655463713872530.txt.gz’ saved [195]

--2019-06-20 21:19:33--  http://query/
Resolving query (query)... failed: Name or service not known.
wget: unable to resolve host address ‘query’
--2019-06-20 21:19:33--  ftp://xml/
           => ‘.listing’
Resolving xml (xml)... failed: Name or service not known.
wget: unable to resolve host address ‘xml’
--2019-06-20 21:19:33--  http://pc_fetch_aid288491_activities_0.cgi/
Resolving pc_fetch_aid288491_activities_0.cgi (pc_fetch_aid288491_activities_0.cgi)... failed: Name or service not known.
wget: unable to resolve host address ‘pc_fetch_aid288491_activities_0.cgi’
FINISHED --2019-06-20 21:19:33--
Total wall clock time: 0.5s
Downloaded: 1 files, 195 in 0.001s (178 KB/s)
