--2019-06-20 20:06:38--  ftp://ftp-private.ncbi.nlm.nih.gov/pubchem/.fetch/51/1465832135951444400.txt.gz
           => ‘1465832135951444400.txt.gz’
Resolving ftp-private.ncbi.nlm.nih.gov (ftp-private.ncbi.nlm.nih.gov)... 130.14.29.30
Connecting to ftp-private.ncbi.nlm.nih.gov (ftp-private.ncbi.nlm.nih.gov)|130.14.29.30|:21... connected.
Logging in as anonymous ... Logged in!
==> SYST ... done.    ==> PWD ... done.
==> TYPE I ... done.  ==> CWD (1) /pubchem/.fetch/51 ... done.
==> SIZE 1465832135951444400.txt.gz ... 100
==> PASV ... done.    ==> RETR 1465832135951444400.txt.gz ... done.
Length: 100 (unauthoritative)

     0K                                                       100%  106K=0.001s

2019-06-20 20:06:39 (106 KB/s) - ‘1465832135951444400.txt.gz’ saved [100]

--2019-06-20 20:06:39--  http://query/
Resolving query (query)... failed: Name or service not known.
wget: unable to resolve host address ‘query’
--2019-06-20 20:06:39--  ftp://xml/
           => ‘.listing’
Resolving xml (xml)... failed: Name or service not known.
wget: unable to resolve host address ‘xml’
--2019-06-20 20:06:39--  http://pc_fetch_aid1303235_activities_0.cgi/
Resolving pc_fetch_aid1303235_activities_0.cgi (pc_fetch_aid1303235_activities_0.cgi)... failed: Name or service not known.
wget: unable to resolve host address ‘pc_fetch_aid1303235_activities_0.cgi’
FINISHED --2019-06-20 20:06:39--
Total wall clock time: 0.5s
Downloaded: 1 files, 100 in 0.001s (106 KB/s)
