--2019-06-20 23:09:38--  ftp://ftp-private.ncbi.nlm.nih.gov/pubchem/.fetch/62/3846464555246368558.txt.gz
           => ‘3846464555246368558.txt.gz’
Resolving ftp-private.ncbi.nlm.nih.gov (ftp-private.ncbi.nlm.nih.gov)... 130.14.29.35
Connecting to ftp-private.ncbi.nlm.nih.gov (ftp-private.ncbi.nlm.nih.gov)|130.14.29.35|:21... connected.
Logging in as anonymous ... Logged in!
==> SYST ... done.    ==> PWD ... done.
==> TYPE I ... done.  ==> CWD (1) /pubchem/.fetch/62 ... done.
==> SIZE 3846464555246368558.txt.gz ... 81
==> PASV ... done.    ==> RETR 3846464555246368558.txt.gz ... done.
Length: 81 (unauthoritative)

     0K                                                       100% 87.8K=0.001s

2019-06-20 23:09:39 (87.8 KB/s) - ‘3846464555246368558.txt.gz’ saved [81]

--2019-06-20 23:09:39--  http://query/
Resolving query (query)... failed: Name or service not known.
wget: unable to resolve host address ‘query’
--2019-06-20 23:09:39--  ftp://xml/
           => ‘.listing’
Resolving xml (xml)... failed: Name or service not known.
wget: unable to resolve host address ‘xml’
--2019-06-20 23:09:39--  http://pc_fetch_aid627307_activities_0.cgi/
Resolving pc_fetch_aid627307_activities_0.cgi (pc_fetch_aid627307_activities_0.cgi)... failed: Name or service not known.
wget: unable to resolve host address ‘pc_fetch_aid627307_activities_0.cgi’
FINISHED --2019-06-20 23:09:39--
Total wall clock time: 0.5s
Downloaded: 1 files, 81 in 0.001s (87.8 KB/s)
