--2019-06-20 17:49:55--  ftp://ftp-private.ncbi.nlm.nih.gov/pubchem/.fetch/3/3632249878833730145.txt.gz
           => ‘3632249878833730145.txt.gz’
Resolving ftp-private.ncbi.nlm.nih.gov (ftp-private.ncbi.nlm.nih.gov)... 130.14.29.30
Connecting to ftp-private.ncbi.nlm.nih.gov (ftp-private.ncbi.nlm.nih.gov)|130.14.29.30|:21... connected.
Logging in as anonymous ... Logged in!
==> SYST ... done.    ==> PWD ... done.
==> TYPE I ... done.  ==> CWD (1) /pubchem/.fetch/3 ... done.
==> SIZE 3632249878833730145.txt.gz ... 265
==> PASV ... done.    ==> RETR 3632249878833730145.txt.gz ... done.
Length: 265 (unauthoritative)

     0K                                                       100%  138K=0.002s

2019-06-20 17:49:55 (138 KB/s) - ‘3632249878833730145.txt.gz’ saved [265]

--2019-06-20 17:49:55--  http://query/
Resolving query (query)... failed: Name or service not known.
wget: unable to resolve host address ‘query’
--2019-06-20 17:49:55--  ftp://xml/
           => ‘.listing’
Resolving xml (xml)... failed: Name or service not known.
wget: unable to resolve host address ‘xml’
--2019-06-20 17:49:55--  http://pc_fetch_aid1162208_activities_0.cgi/
Resolving pc_fetch_aid1162208_activities_0.cgi (pc_fetch_aid1162208_activities_0.cgi)... failed: Name or service not known.
wget: unable to resolve host address ‘pc_fetch_aid1162208_activities_0.cgi’
FINISHED --2019-06-20 17:49:56--
Total wall clock time: 0.7s
Downloaded: 1 files, 265 in 0.002s (138 KB/s)
