--2019-06-20 17:19:14--  ftp://ftp-private.ncbi.nlm.nih.gov/pubchem/.fetch/75/4043317850676309161.txt.gz
           => ‘4043317850676309161.txt.gz’
Resolving ftp-private.ncbi.nlm.nih.gov (ftp-private.ncbi.nlm.nih.gov)... 130.14.29.30
Connecting to ftp-private.ncbi.nlm.nih.gov (ftp-private.ncbi.nlm.nih.gov)|130.14.29.30|:21... connected.
Logging in as anonymous ... Logged in!
==> SYST ... done.    ==> PWD ... done.
==> TYPE I ... done.  ==> CWD (1) /pubchem/.fetch/75 ... done.
==> SIZE 4043317850676309161.txt.gz ... 302
==> PASV ... done.    ==> RETR 4043317850676309161.txt.gz ... done.
Length: 302 (unauthoritative)

     0K                                                       100% 11.4K=0.03s

2019-06-20 17:19:15 (11.4 KB/s) - ‘4043317850676309161.txt.gz’ saved [302]

--2019-06-20 17:19:15--  http://query/
Resolving query (query)... failed: Name or service not known.
wget: unable to resolve host address ‘query’
--2019-06-20 17:19:15--  ftp://xml/
           => ‘.listing’
Resolving xml (xml)... failed: Name or service not known.
wget: unable to resolve host address ‘xml’
--2019-06-20 17:19:15--  http://pc_fetch_aid1076717_activities_0.cgi/
Resolving pc_fetch_aid1076717_activities_0.cgi (pc_fetch_aid1076717_activities_0.cgi)... failed: Name or service not known.
wget: unable to resolve host address ‘pc_fetch_aid1076717_activities_0.cgi’
FINISHED --2019-06-20 17:19:15--
Total wall clock time: 0.4s
Downloaded: 1 files, 302 in 0.03s (11.4 KB/s)
