--2019-06-20 18:28:02--  ftp://ftp-private.ncbi.nlm.nih.gov/pubchem/.fetch/17/3520161106959608107.txt.gz
           => ‘3520161106959608107.txt.gz’
Resolving ftp-private.ncbi.nlm.nih.gov (ftp-private.ncbi.nlm.nih.gov)... 130.14.29.30
Connecting to ftp-private.ncbi.nlm.nih.gov (ftp-private.ncbi.nlm.nih.gov)|130.14.29.30|:21... connected.
Logging in as anonymous ... Logged in!
==> SYST ... done.    ==> PWD ... done.
==> TYPE I ... done.  ==> CWD (1) /pubchem/.fetch/17 ... done.
==> SIZE 3520161106959608107.txt.gz ... 328
==> PASV ... done.    ==> RETR 3520161106959608107.txt.gz ... done.
Length: 328 (unauthoritative)

     0K                                                       100%  216K=0.001s

2019-06-20 18:28:02 (216 KB/s) - ‘3520161106959608107.txt.gz’ saved [328]

--2019-06-20 18:28:02--  http://query/
Resolving query (query)... failed: Name or service not known.
wget: unable to resolve host address ‘query’
--2019-06-20 18:28:02--  ftp://xml/
           => ‘.listing’
Resolving xml (xml)... failed: Name or service not known.
wget: unable to resolve host address ‘xml’
--2019-06-20 18:28:02--  http://pc_fetch_aid1178010_activities_0.cgi/
Resolving pc_fetch_aid1178010_activities_0.cgi (pc_fetch_aid1178010_activities_0.cgi)... failed: Name or service not known.
wget: unable to resolve host address ‘pc_fetch_aid1178010_activities_0.cgi’
FINISHED --2019-06-20 18:28:02--
Total wall clock time: 0.4s
Downloaded: 1 files, 328 in 0.001s (216 KB/s)
