--2019-06-20 23:45:01--  ftp://ftp-private.ncbi.nlm.nih.gov/pubchem/.fetch/19/2340274020251095876.txt.gz
           => ‘2340274020251095876.txt.gz’
Resolving ftp-private.ncbi.nlm.nih.gov (ftp-private.ncbi.nlm.nih.gov)... 130.14.29.35
Connecting to ftp-private.ncbi.nlm.nih.gov (ftp-private.ncbi.nlm.nih.gov)|130.14.29.35|:21... connected.
Logging in as anonymous ... Logged in!
==> SYST ... done.    ==> PWD ... done.
==> TYPE I ... done.  ==> CWD (1) /pubchem/.fetch/19 ... done.
==> SIZE 2340274020251095876.txt.gz ... 59
==> PASV ... done.    ==> RETR 2340274020251095876.txt.gz ... done.
Length: 59 (unauthoritative)

     0K                                                       100% 73.8K=0.001s

2019-06-20 23:45:02 (73.8 KB/s) - ‘2340274020251095876.txt.gz’ saved [59]

--2019-06-20 23:45:02--  http://query/
Resolving query (query)... failed: Name or service not known.
wget: unable to resolve host address ‘query’
--2019-06-20 23:45:02--  ftp://xml/
           => ‘.listing’
Resolving xml (xml)... failed: Name or service not known.
wget: unable to resolve host address ‘xml’
--2019-06-20 23:45:02--  http://pc_fetch_aid713136_activities_0.cgi/
Resolving pc_fetch_aid713136_activities_0.cgi (pc_fetch_aid713136_activities_0.cgi)... failed: Name or service not known.
wget: unable to resolve host address ‘pc_fetch_aid713136_activities_0.cgi’
FINISHED --2019-06-20 23:45:02--
Total wall clock time: 0.4s
Downloaded: 1 files, 59 in 0.001s (73.8 KB/s)
