--2019-06-20 20:58:27--  ftp://ftp-private.ncbi.nlm.nih.gov/pubchem/.fetch/12/2892461184272521680.txt.gz
           => ‘2892461184272521680.txt.gz’
Resolving ftp-private.ncbi.nlm.nih.gov (ftp-private.ncbi.nlm.nih.gov)... 130.14.29.35
Connecting to ftp-private.ncbi.nlm.nih.gov (ftp-private.ncbi.nlm.nih.gov)|130.14.29.35|:21... connected.
Logging in as anonymous ... Logged in!
==> SYST ... done.    ==> PWD ... done.
==> TYPE I ... done.  ==> CWD (1) /pubchem/.fetch/12 ... done.
==> SIZE 2892461184272521680.txt.gz ... 91
==> PASV ... done.    ==> RETR 2892461184272521680.txt.gz ... done.
Length: 91 (unauthoritative)

     0K                                                       100% 92.2K=0.001s

2019-06-20 20:58:27 (92.2 KB/s) - ‘2892461184272521680.txt.gz’ saved [91]

--2019-06-20 20:58:27--  http://query/
Resolving query (query)... failed: Name or service not known.
wget: unable to resolve host address ‘query’
--2019-06-20 20:58:27--  ftp://xml/
           => ‘.listing’
Resolving xml (xml)... failed: Name or service not known.
wget: unable to resolve host address ‘xml’
--2019-06-20 20:58:27--  http://pc_fetch_aid1335680_activities_0.cgi/
Resolving pc_fetch_aid1335680_activities_0.cgi (pc_fetch_aid1335680_activities_0.cgi)... failed: Name or service not known.
wget: unable to resolve host address ‘pc_fetch_aid1335680_activities_0.cgi’
FINISHED --2019-06-20 20:58:27--
Total wall clock time: 0.4s
Downloaded: 1 files, 91 in 0.001s (92.2 KB/s)
