--2019-06-20 20:27:23--  ftp://ftp-private.ncbi.nlm.nih.gov/pubchem/.fetch/77/3410339485006376321.txt.gz
           => ‘3410339485006376321.txt.gz’
Resolving ftp-private.ncbi.nlm.nih.gov (ftp-private.ncbi.nlm.nih.gov)... 130.14.29.30
Connecting to ftp-private.ncbi.nlm.nih.gov (ftp-private.ncbi.nlm.nih.gov)|130.14.29.30|:21... connected.
Logging in as anonymous ... Logged in!
==> SYST ... done.    ==> PWD ... done.
==> TYPE I ... done.  ==> CWD (1) /pubchem/.fetch/77 ... done.
==> SIZE 3410339485006376321.txt.gz ... 79
==> PASV ... done.    ==> RETR 3410339485006376321.txt.gz ... done.
Length: 79 (unauthoritative)

     0K                                                       100%  101K=0.001s

2019-06-20 20:27:24 (101 KB/s) - ‘3410339485006376321.txt.gz’ saved [79]

--2019-06-20 20:27:24--  http://query/
Resolving query (query)... failed: Name or service not known.
wget: unable to resolve host address ‘query’
--2019-06-20 20:27:24--  ftp://xml/
           => ‘.listing’
Resolving xml (xml)... failed: Name or service not known.
wget: unable to resolve host address ‘xml’
--2019-06-20 20:27:24--  http://pc_fetch_aid1310443_activities_0.cgi/
Resolving pc_fetch_aid1310443_activities_0.cgi (pc_fetch_aid1310443_activities_0.cgi)... failed: Name or service not known.
wget: unable to resolve host address ‘pc_fetch_aid1310443_activities_0.cgi’
FINISHED --2019-06-20 20:27:24--
Total wall clock time: 0.7s
Downloaded: 1 files, 79 in 0.001s (101 KB/s)
