--2019-06-20 17:54:31--  ftp://ftp-private.ncbi.nlm.nih.gov/pubchem/.fetch/97/3374419366990104310.txt.gz
           => ‘3374419366990104310.txt.gz’
Resolving ftp-private.ncbi.nlm.nih.gov (ftp-private.ncbi.nlm.nih.gov)... 130.14.29.35
Connecting to ftp-private.ncbi.nlm.nih.gov (ftp-private.ncbi.nlm.nih.gov)|130.14.29.35|:21... connected.
Logging in as anonymous ... Logged in!
==> SYST ... done.    ==> PWD ... done.
==> TYPE I ... done.  ==> CWD (1) /pubchem/.fetch/97 ... done.
==> SIZE 3374419366990104310.txt.gz ... 116
==> PASV ... done.    ==> RETR 3374419366990104310.txt.gz ... done.
Length: 116 (unauthoritative)

     0K                                                       100%  122K=0.001s

2019-06-20 17:54:31 (122 KB/s) - ‘3374419366990104310.txt.gz’ saved [116]

--2019-06-20 17:54:31--  http://query/
Resolving query (query)... failed: Name or service not known.
wget: unable to resolve host address ‘query’
--2019-06-20 17:54:31--  ftp://xml/
           => ‘.listing’
Resolving xml (xml)... failed: Name or service not known.
wget: unable to resolve host address ‘xml’
--2019-06-20 17:54:31--  http://pc_fetch_aid1162822_activities_0.cgi/
Resolving pc_fetch_aid1162822_activities_0.cgi (pc_fetch_aid1162822_activities_0.cgi)... failed: Name or service not known.
wget: unable to resolve host address ‘pc_fetch_aid1162822_activities_0.cgi’
FINISHED --2019-06-20 17:54:31--
Total wall clock time: 0.5s
Downloaded: 1 files, 116 in 0.001s (122 KB/s)
