--2019-06-20 17:37:51--  ftp://ftp-private.ncbi.nlm.nih.gov/pubchem/.fetch/92/1580727665592761735.txt.gz
           => ‘1580727665592761735.txt.gz’
Resolving ftp-private.ncbi.nlm.nih.gov (ftp-private.ncbi.nlm.nih.gov)... 130.14.29.30
Connecting to ftp-private.ncbi.nlm.nih.gov (ftp-private.ncbi.nlm.nih.gov)|130.14.29.30|:21... connected.
Logging in as anonymous ... Logged in!
==> SYST ... done.    ==> PWD ... done.
==> TYPE I ... done.  ==> CWD (1) /pubchem/.fetch/92 ... done.
==> SIZE 1580727665592761735.txt.gz ... 80
==> PASV ... done.    ==> RETR 1580727665592761735.txt.gz ... done.
Length: 80 (unauthoritative)

     0K                                                       100% 85.1K=0.001s

2019-06-20 17:37:52 (85.1 KB/s) - ‘1580727665592761735.txt.gz’ saved [80]

--2019-06-20 17:37:52--  http://query/
Resolving query (query)... failed: Name or service not known.
wget: unable to resolve host address ‘query’
--2019-06-20 17:37:52--  ftp://xml/
           => ‘.listing’
Resolving xml (xml)... failed: Name or service not known.
wget: unable to resolve host address ‘xml’
--2019-06-20 17:37:52--  http://pc_fetch_aid1138471_activities_0.cgi/
Resolving pc_fetch_aid1138471_activities_0.cgi (pc_fetch_aid1138471_activities_0.cgi)... failed: Name or service not known.
wget: unable to resolve host address ‘pc_fetch_aid1138471_activities_0.cgi’
FINISHED --2019-06-20 17:37:52--
Total wall clock time: 0.8s
Downloaded: 1 files, 80 in 0.001s (85.1 KB/s)
