--2019-06-21 00:15:50--  ftp://ftp-private.ncbi.nlm.nih.gov/pubchem/.fetch/58/1206627152742245599.txt.gz
           => ‘1206627152742245599.txt.gz’
Resolving ftp-private.ncbi.nlm.nih.gov (ftp-private.ncbi.nlm.nih.gov)... 130.14.29.30
Connecting to ftp-private.ncbi.nlm.nih.gov (ftp-private.ncbi.nlm.nih.gov)|130.14.29.30|:21... connected.
Logging in as anonymous ... Logged in!
==> SYST ... done.    ==> PWD ... done.
==> TYPE I ... done.  ==> CWD (1) /pubchem/.fetch/58 ... done.
==> SIZE 1206627152742245599.txt.gz ... 139
==> PASV ... done.    ==> RETR 1206627152742245599.txt.gz ... done.
Length: 139 (unauthoritative)

     0K                                                       100%  130K=0.001s

2019-06-21 00:15:51 (130 KB/s) - ‘1206627152742245599.txt.gz’ saved [139]

--2019-06-21 00:15:51--  http://query/
Resolving query (query)... failed: Name or service not known.
wget: unable to resolve host address ‘query’
--2019-06-21 00:15:51--  ftp://xml/
           => ‘.listing’
Resolving xml (xml)... failed: Name or service not known.
wget: unable to resolve host address ‘xml’
--2019-06-21 00:15:51--  http://pc_fetch_aid747204_activities_0.cgi/
Resolving pc_fetch_aid747204_activities_0.cgi (pc_fetch_aid747204_activities_0.cgi)... failed: Name or service not known.
wget: unable to resolve host address ‘pc_fetch_aid747204_activities_0.cgi’
FINISHED --2019-06-21 00:15:51--
Total wall clock time: 0.5s
Downloaded: 1 files, 139 in 0.001s (130 KB/s)
