--2019-06-20 18:53:54--  ftp://ftp-private.ncbi.nlm.nih.gov/pubchem/.fetch/58/975942506986898048.txt.gz
           => ‘975942506986898048.txt.gz’
Resolving ftp-private.ncbi.nlm.nih.gov (ftp-private.ncbi.nlm.nih.gov)... 130.14.29.30
Connecting to ftp-private.ncbi.nlm.nih.gov (ftp-private.ncbi.nlm.nih.gov)|130.14.29.30|:21... connected.
Logging in as anonymous ... Logged in!
==> SYST ... done.    ==> PWD ... done.
==> TYPE I ... done.  ==> CWD (1) /pubchem/.fetch/58 ... done.
==> SIZE 975942506986898048.txt.gz ... 89
==> PASV ... done.    ==> RETR 975942506986898048.txt.gz ... done.
Length: 89 (unauthoritative)

     0K                                                       100%  106K=0.001s

2019-06-20 18:53:55 (106 KB/s) - ‘975942506986898048.txt.gz’ saved [89]

--2019-06-20 18:53:55--  http://query/
Resolving query (query)... failed: Name or service not known.
wget: unable to resolve host address ‘query’
--2019-06-20 18:53:55--  ftp://xml/
           => ‘.listing’
Resolving xml (xml)... failed: Name or service not known.
wget: unable to resolve host address ‘xml’
--2019-06-20 18:53:55--  http://pc_fetch_aid1206171_activities_0.cgi/
Resolving pc_fetch_aid1206171_activities_0.cgi (pc_fetch_aid1206171_activities_0.cgi)... failed: Name or service not known.
wget: unable to resolve host address ‘pc_fetch_aid1206171_activities_0.cgi’
FINISHED --2019-06-20 18:53:55--
Total wall clock time: 0.5s
Downloaded: 1 files, 89 in 0.001s (106 KB/s)
