--2019-06-20 18:58:05--  ftp://ftp-private.ncbi.nlm.nih.gov/pubchem/.fetch/24/73816918287951957.txt.gz
           => ‘73816918287951957.txt.gz’
Resolving ftp-private.ncbi.nlm.nih.gov (ftp-private.ncbi.nlm.nih.gov)... 130.14.29.30
Connecting to ftp-private.ncbi.nlm.nih.gov (ftp-private.ncbi.nlm.nih.gov)|130.14.29.30|:21... connected.
Logging in as anonymous ... Logged in!
==> SYST ... done.    ==> PWD ... done.
==> TYPE I ... done.  ==> CWD (1) /pubchem/.fetch/24 ... done.
==> SIZE 73816918287951957.txt.gz ... 89
==> PASV ... done.    ==> RETR 73816918287951957.txt.gz ... done.
Length: 89 (unauthoritative)

     0K                                                       100% 12.5K=0.007s

2019-06-20 18:58:06 (12.5 KB/s) - ‘73816918287951957.txt.gz’ saved [89]

--2019-06-20 18:58:06--  http://query/
Resolving query (query)... failed: Name or service not known.
wget: unable to resolve host address ‘query’
--2019-06-20 18:58:06--  ftp://xml/
           => ‘.listing’
Resolving xml (xml)... failed: Name or service not known.
wget: unable to resolve host address ‘xml’
--2019-06-20 18:58:06--  http://pc_fetch_aid1206212_activities_0.cgi/
Resolving pc_fetch_aid1206212_activities_0.cgi (pc_fetch_aid1206212_activities_0.cgi)... failed: Name or service not known.
wget: unable to resolve host address ‘pc_fetch_aid1206212_activities_0.cgi’
FINISHED --2019-06-20 18:58:06--
Total wall clock time: 0.4s
Downloaded: 1 files, 89 in 0.007s (12.5 KB/s)
