--2019-06-20 17:08:43--  ftp://ftp-private.ncbi.nlm.nih.gov/pubchem/.fetch/5/2087344023791502232.txt.gz
           => ‘2087344023791502232.txt.gz’
Resolving ftp-private.ncbi.nlm.nih.gov (ftp-private.ncbi.nlm.nih.gov)... 130.14.29.30
Connecting to ftp-private.ncbi.nlm.nih.gov (ftp-private.ncbi.nlm.nih.gov)|130.14.29.30|:21... connected.
Logging in as anonymous ... Logged in!
==> SYST ... done.    ==> PWD ... done.
==> TYPE I ... done.  ==> CWD (1) /pubchem/.fetch/5 ... done.
==> SIZE 2087344023791502232.txt.gz ... 77
==> PASV ... done.    ==> RETR 2087344023791502232.txt.gz ... done.
Length: 77 (unauthoritative)

     0K                                                       100% 92.7K=0.001s

2019-06-20 17:08:43 (92.7 KB/s) - ‘2087344023791502232.txt.gz’ saved [77]

--2019-06-20 17:08:43--  http://query/
Resolving query (query)... failed: Name or service not known.
wget: unable to resolve host address ‘query’
--2019-06-20 17:08:43--  ftp://xml/
           => ‘.listing’
Resolving xml (xml)... failed: Name or service not known.
wget: unable to resolve host address ‘xml’
--2019-06-20 17:08:43--  http://pc_fetch_aid1063087_activities_0.cgi/
Resolving pc_fetch_aid1063087_activities_0.cgi (pc_fetch_aid1063087_activities_0.cgi)... failed: Name or service not known.
wget: unable to resolve host address ‘pc_fetch_aid1063087_activities_0.cgi’
FINISHED --2019-06-20 17:08:43--
Total wall clock time: 0.5s
Downloaded: 1 files, 77 in 0.001s (92.7 KB/s)
