--2019-06-20 17:09:00--  ftp://ftp-private.ncbi.nlm.nih.gov/pubchem/.fetch/13/1048262000593408146.txt.gz
           => ‘1048262000593408146.txt.gz’
Resolving ftp-private.ncbi.nlm.nih.gov (ftp-private.ncbi.nlm.nih.gov)... 130.14.29.30
Connecting to ftp-private.ncbi.nlm.nih.gov (ftp-private.ncbi.nlm.nih.gov)|130.14.29.30|:21... connected.
Logging in as anonymous ... Logged in!
==> SYST ... done.    ==> PWD ... done.
==> TYPE I ... done.  ==> CWD (1) /pubchem/.fetch/13 ... done.
==> SIZE 1048262000593408146.txt.gz ... 77
==> PASV ... done.    ==> RETR 1048262000593408146.txt.gz ... done.
Length: 77 (unauthoritative)

     0K                                                       100% 84.2K=0.001s

2019-06-20 17:09:01 (84.2 KB/s) - ‘1048262000593408146.txt.gz’ saved [77]

--2019-06-20 17:09:01--  http://query/
Resolving query (query)... failed: Name or service not known.
wget: unable to resolve host address ‘query’
--2019-06-20 17:09:01--  ftp://xml/
           => ‘.listing’
Resolving xml (xml)... failed: Name or service not known.
wget: unable to resolve host address ‘xml’
--2019-06-20 17:09:01--  http://pc_fetch_aid1063090_activities_0.cgi/
Resolving pc_fetch_aid1063090_activities_0.cgi (pc_fetch_aid1063090_activities_0.cgi)... failed: Name or service not known.
wget: unable to resolve host address ‘pc_fetch_aid1063090_activities_0.cgi’
FINISHED --2019-06-20 17:09:01--
Total wall clock time: 0.9s
Downloaded: 1 files, 77 in 0.001s (84.2 KB/s)
