--2019-06-20 19:39:56--  ftp://ftp-private.ncbi.nlm.nih.gov/pubchem/.fetch/91/751396805620182101.txt.gz
           => ‘751396805620182101.txt.gz’
Resolving ftp-private.ncbi.nlm.nih.gov (ftp-private.ncbi.nlm.nih.gov)... 130.14.29.30
Connecting to ftp-private.ncbi.nlm.nih.gov (ftp-private.ncbi.nlm.nih.gov)|130.14.29.30|:21... connected.
Logging in as anonymous ... Logged in!
==> SYST ... done.    ==> PWD ... done.
==> TYPE I ... done.  ==> CWD (1) /pubchem/.fetch/91 ... done.
==> SIZE 751396805620182101.txt.gz ... 70
==> PASV ... done.    ==> RETR 751396805620182101.txt.gz ... done.
Length: 70 (unauthoritative)

     0K                                                       100% 88.4K=0.001s

2019-06-20 19:39:56 (88.4 KB/s) - ‘751396805620182101.txt.gz’ saved [70]

--2019-06-20 19:39:56--  http://query/
Resolving query (query)... failed: Name or service not known.
wget: unable to resolve host address ‘query’
--2019-06-20 19:39:56--  ftp://xml/
           => ‘.listing’
Resolving xml (xml)... failed: Name or service not known.
wget: unable to resolve host address ‘xml’
--2019-06-20 19:39:56--  http://pc_fetch_aid1277077_activities_0.cgi/
Resolving pc_fetch_aid1277077_activities_0.cgi (pc_fetch_aid1277077_activities_0.cgi)... failed: Name or service not known.
wget: unable to resolve host address ‘pc_fetch_aid1277077_activities_0.cgi’
FINISHED --2019-06-20 19:39:56--
Total wall clock time: 0.4s
Downloaded: 1 files, 70 in 0.001s (88.4 KB/s)
