--2019-06-20 18:06:39--  ftp://ftp-private.ncbi.nlm.nih.gov/pubchem/.fetch/27/3739265796358865810.txt.gz
           => ‘3739265796358865810.txt.gz’
Resolving ftp-private.ncbi.nlm.nih.gov (ftp-private.ncbi.nlm.nih.gov)... 130.14.29.30
Connecting to ftp-private.ncbi.nlm.nih.gov (ftp-private.ncbi.nlm.nih.gov)|130.14.29.30|:21... connected.
Logging in as anonymous ... Logged in!
==> SYST ... done.    ==> PWD ... done.
==> TYPE I ... done.  ==> CWD (1) /pubchem/.fetch/27 ... done.
==> SIZE 3739265796358865810.txt.gz ... 198
==> PASV ... done.    ==> RETR 3739265796358865810.txt.gz ... done.
Length: 198 (unauthoritative)

     0K                                                       100% 12.8K=0.02s

2019-06-20 18:06:39 (12.8 KB/s) - ‘3739265796358865810.txt.gz’ saved [198]

--2019-06-20 18:06:39--  http://query/
Resolving query (query)... failed: Name or service not known.
wget: unable to resolve host address ‘query’
--2019-06-20 18:06:39--  ftp://xml/
           => ‘.listing’
Resolving xml (xml)... failed: Name or service not known.
wget: unable to resolve host address ‘xml’
--2019-06-20 18:06:39--  http://pc_fetch_aid1165458_activities_0.cgi/
Resolving pc_fetch_aid1165458_activities_0.cgi (pc_fetch_aid1165458_activities_0.cgi)... failed: Name or service not known.
wget: unable to resolve host address ‘pc_fetch_aid1165458_activities_0.cgi’
FINISHED --2019-06-20 18:06:39--
Total wall clock time: 0.5s
Downloaded: 1 files, 198 in 0.02s (12.8 KB/s)
