--2019-06-20 19:22:26--  ftp://ftp-private.ncbi.nlm.nih.gov/pubchem/.fetch/87/1918817055621853972.txt.gz
           => ‘1918817055621853972.txt.gz’
Resolving ftp-private.ncbi.nlm.nih.gov (ftp-private.ncbi.nlm.nih.gov)... 130.14.29.35
Connecting to ftp-private.ncbi.nlm.nih.gov (ftp-private.ncbi.nlm.nih.gov)|130.14.29.35|:21... connected.
Logging in as anonymous ... Logged in!
==> SYST ... done.    ==> PWD ... done.
==> TYPE I ... done.  ==> CWD (1) /pubchem/.fetch/87 ... done.
==> SIZE 1918817055621853972.txt.gz ... 73
==> PASV ... done.    ==> RETR 1918817055621853972.txt.gz ... done.
Length: 73 (unauthoritative)

     0K                                                       100% 81.7K=0.001s

2019-06-20 19:22:26 (81.7 KB/s) - ‘1918817055621853972.txt.gz’ saved [73]

--2019-06-20 19:22:26--  http://query/
Resolving query (query)... failed: Name or service not known.
wget: unable to resolve host address ‘query’
--2019-06-20 19:22:26--  ftp://xml/
           => ‘.listing’
Resolving xml (xml)... failed: Name or service not known.
wget: unable to resolve host address ‘xml’
--2019-06-20 19:22:26--  http://pc_fetch_aid1261173_activities_0.cgi/
Resolving pc_fetch_aid1261173_activities_0.cgi (pc_fetch_aid1261173_activities_0.cgi)... failed: Name or service not known.
wget: unable to resolve host address ‘pc_fetch_aid1261173_activities_0.cgi’
FINISHED --2019-06-20 19:22:26--
Total wall clock time: 0.4s
Downloaded: 1 files, 73 in 0.001s (81.7 KB/s)
