--2019-06-20 20:05:02--  ftp://ftp-private.ncbi.nlm.nih.gov/pubchem/.fetch/87/2754451697537727898.txt.gz
           => ‘2754451697537727898.txt.gz’
Resolving ftp-private.ncbi.nlm.nih.gov (ftp-private.ncbi.nlm.nih.gov)... 130.14.29.35
Connecting to ftp-private.ncbi.nlm.nih.gov (ftp-private.ncbi.nlm.nih.gov)|130.14.29.35|:21... connected.
Logging in as anonymous ... Logged in!
==> SYST ... done.    ==> PWD ... done.
==> TYPE I ... done.  ==> CWD (1) /pubchem/.fetch/87 ... done.
==> SIZE 2754451697537727898.txt.gz ... 104
==> PASV ... done.    ==> RETR 2754451697537727898.txt.gz ... done.
Length: 104 (unauthoritative)

     0K                                                       100%  102K=0.001s

2019-06-20 20:05:02 (102 KB/s) - ‘2754451697537727898.txt.gz’ saved [104]

--2019-06-20 20:05:02--  http://query/
Resolving query (query)... failed: Name or service not known.
wget: unable to resolve host address ‘query’
--2019-06-20 20:05:02--  ftp://xml/
           => ‘.listing’
Resolving xml (xml)... failed: Name or service not known.
wget: unable to resolve host address ‘xml’
--2019-06-20 20:05:02--  http://pc_fetch_aid1300973_activities_0.cgi/
Resolving pc_fetch_aid1300973_activities_0.cgi (pc_fetch_aid1300973_activities_0.cgi)... failed: Name or service not known.
wget: unable to resolve host address ‘pc_fetch_aid1300973_activities_0.cgi’
FINISHED --2019-06-20 20:05:02--
Total wall clock time: 0.4s
Downloaded: 1 files, 104 in 0.001s (102 KB/s)
