--2019-06-20 20:11:11--  ftp://ftp-private.ncbi.nlm.nih.gov/pubchem/.fetch/31/616426979520973582.txt.gz
           => ‘616426979520973582.txt.gz’
Resolving ftp-private.ncbi.nlm.nih.gov (ftp-private.ncbi.nlm.nih.gov)... 130.14.29.35
Connecting to ftp-private.ncbi.nlm.nih.gov (ftp-private.ncbi.nlm.nih.gov)|130.14.29.35|:21... connected.
Logging in as anonymous ... Logged in!
==> SYST ... done.    ==> PWD ... done.
==> TYPE I ... done.  ==> CWD (1) /pubchem/.fetch/31 ... done.
==> SIZE 616426979520973582.txt.gz ... 57
==> PASV ... done.    ==> RETR 616426979520973582.txt.gz ... done.
Length: 57 (unauthoritative)

     0K                                                       100% 77.5K=0.001s

2019-06-20 20:11:12 (77.5 KB/s) - ‘616426979520973582.txt.gz’ saved [57]

--2019-06-20 20:11:12--  http://query/
Resolving query (query)... failed: Name or service not known.
wget: unable to resolve host address ‘query’
--2019-06-20 20:11:12--  ftp://xml/
           => ‘.listing’
Resolving xml (xml)... failed: Name or service not known.
wget: unable to resolve host address ‘xml’
--2019-06-20 20:11:12--  http://pc_fetch_aid1303280_activities_0.cgi/
Resolving pc_fetch_aid1303280_activities_0.cgi (pc_fetch_aid1303280_activities_0.cgi)... failed: Name or service not known.
wget: unable to resolve host address ‘pc_fetch_aid1303280_activities_0.cgi’
FINISHED --2019-06-20 20:11:12--
Total wall clock time: 0.9s
Downloaded: 1 files, 57 in 0.001s (77.5 KB/s)
