--2019-06-20 17:33:09--  ftp://ftp-private.ncbi.nlm.nih.gov/pubchem/.fetch/35/4166525335240921008.txt.gz
           => ‘4166525335240921008.txt.gz’
Resolving ftp-private.ncbi.nlm.nih.gov (ftp-private.ncbi.nlm.nih.gov)... 130.14.29.30
Connecting to ftp-private.ncbi.nlm.nih.gov (ftp-private.ncbi.nlm.nih.gov)|130.14.29.30|:21... connected.
Logging in as anonymous ... Logged in!
==> SYST ... done.    ==> PWD ... done.
==> TYPE I ... done.  ==> CWD (1) /pubchem/.fetch/35 ... done.
==> SIZE 4166525335240921008.txt.gz ... 113
==> PASV ... done.    ==> RETR 4166525335240921008.txt.gz ... done.
Length: 113 (unauthoritative)

     0K                                                       100%  138K=0.001s

2019-06-20 17:33:09 (138 KB/s) - ‘4166525335240921008.txt.gz’ saved [113]

--2019-06-20 17:33:09--  http://query/
Resolving query (query)... failed: Name or service not known.
wget: unable to resolve host address ‘query’
--2019-06-20 17:33:09--  ftp://xml/
           => ‘.listing’
Resolving xml (xml)... failed: Name or service not known.
wget: unable to resolve host address ‘xml’
--2019-06-20 17:33:09--  http://pc_fetch_aid1103784_activities_0.cgi/
Resolving pc_fetch_aid1103784_activities_0.cgi (pc_fetch_aid1103784_activities_0.cgi)... failed: Name or service not known.
wget: unable to resolve host address ‘pc_fetch_aid1103784_activities_0.cgi’
FINISHED --2019-06-20 17:33:09--
Total wall clock time: 0.5s
Downloaded: 1 files, 113 in 0.001s (138 KB/s)
