--2019-06-20 19:34:24--  ftp://ftp-private.ncbi.nlm.nih.gov/pubchem/.fetch/22/1534527205293055673.txt.gz
           => ‘1534527205293055673.txt.gz’
Resolving ftp-private.ncbi.nlm.nih.gov (ftp-private.ncbi.nlm.nih.gov)... 130.14.29.35
Connecting to ftp-private.ncbi.nlm.nih.gov (ftp-private.ncbi.nlm.nih.gov)|130.14.29.35|:21... connected.
Logging in as anonymous ... Logged in!
==> SYST ... done.    ==> PWD ... done.
==> TYPE I ... done.  ==> CWD (1) /pubchem/.fetch/22 ... done.
==> SIZE 1534527205293055673.txt.gz ... 88
==> PASV ... done.    ==> RETR 1534527205293055673.txt.gz ... done.
Length: 88 (unauthoritative)

     0K                                                       100% 96.6K=0.001s

2019-06-20 19:34:24 (96.6 KB/s) - ‘1534527205293055673.txt.gz’ saved [88]

--2019-06-20 19:34:24--  http://query/
Resolving query (query)... failed: Name or service not known.
wget: unable to resolve host address ‘query’
--2019-06-20 19:34:24--  ftp://xml/
           => ‘.listing’
Resolving xml (xml)... failed: Name or service not known.
wget: unable to resolve host address ‘xml’
--2019-06-20 19:34:24--  http://pc_fetch_aid1276021_activities_0.cgi/
Resolving pc_fetch_aid1276021_activities_0.cgi (pc_fetch_aid1276021_activities_0.cgi)... failed: Name or service not known.
wget: unable to resolve host address ‘pc_fetch_aid1276021_activities_0.cgi’
FINISHED --2019-06-20 19:34:25--
Total wall clock time: 1.0s
Downloaded: 1 files, 88 in 0.001s (96.6 KB/s)
