--2019-06-20 21:39:15--  ftp://ftp-private.ncbi.nlm.nih.gov/pubchem/.fetch/62/3586729905954521733.txt.gz
           => ‘3586729905954521733.txt.gz’
Resolving ftp-private.ncbi.nlm.nih.gov (ftp-private.ncbi.nlm.nih.gov)... 130.14.29.35
Connecting to ftp-private.ncbi.nlm.nih.gov (ftp-private.ncbi.nlm.nih.gov)|130.14.29.35|:21... connected.
Logging in as anonymous ... Logged in!
==> SYST ... done.    ==> PWD ... done.
==> TYPE I ... done.  ==> CWD (1) /pubchem/.fetch/62 ... done.
==> SIZE 3586729905954521733.txt.gz ... 95
==> PASV ... done.    ==> RETR 3586729905954521733.txt.gz ... done.
Length: 95 (unauthoritative)

     0K                                                       100%  100K=0.001s

2019-06-20 21:39:16 (100 KB/s) - ‘3586729905954521733.txt.gz’ saved [95]

--2019-06-20 21:39:16--  http://query/
Resolving query (query)... failed: Name or service not known.
wget: unable to resolve host address ‘query’
--2019-06-20 21:39:16--  ftp://xml/
           => ‘.listing’
Resolving xml (xml)... failed: Name or service not known.
wget: unable to resolve host address ‘xml’
--2019-06-20 21:39:16--  http://pc_fetch_aid383726_activities_0.cgi/
Resolving pc_fetch_aid383726_activities_0.cgi (pc_fetch_aid383726_activities_0.cgi)... failed: Name or service not known.
wget: unable to resolve host address ‘pc_fetch_aid383726_activities_0.cgi’
FINISHED --2019-06-20 21:39:16--
Total wall clock time: 0.5s
Downloaded: 1 files, 95 in 0.001s (100 KB/s)
