--2019-06-21 00:40:35--  ftp://ftp-private.ncbi.nlm.nih.gov/pubchem/.fetch/65/1680938807870532051.txt.gz
           => ‘1680938807870532051.txt.gz’
Resolving ftp-private.ncbi.nlm.nih.gov (ftp-private.ncbi.nlm.nih.gov)... 130.14.29.35
Connecting to ftp-private.ncbi.nlm.nih.gov (ftp-private.ncbi.nlm.nih.gov)|130.14.29.35|:21... connected.
Logging in as anonymous ... Logged in!
==> SYST ... done.    ==> PWD ... done.
==> TYPE I ... done.  ==> CWD (1) /pubchem/.fetch/65 ... done.
==> SIZE 1680938807870532051.txt.gz ... 96
==> PASV ... done.    ==> RETR 1680938807870532051.txt.gz ... done.
Length: 96 (unauthoritative)

     0K                                                       100%  101K=0.001s

2019-06-21 00:40:35 (101 KB/s) - ‘1680938807870532051.txt.gz’ saved [96]

--2019-06-21 00:40:35--  http://query/
Resolving query (query)... failed: Name or service not known.
wget: unable to resolve host address ‘query’
--2019-06-21 00:40:35--  ftp://xml/
           => ‘.listing’
Resolving xml (xml)... failed: Name or service not known.
wget: unable to resolve host address ‘xml’
--2019-06-21 00:40:35--  http://pc_fetch_aid774795_activities_0.cgi/
Resolving pc_fetch_aid774795_activities_0.cgi (pc_fetch_aid774795_activities_0.cgi)... failed: Name or service not known.
wget: unable to resolve host address ‘pc_fetch_aid774795_activities_0.cgi’
FINISHED --2019-06-21 00:40:35--
Total wall clock time: 0.7s
Downloaded: 1 files, 96 in 0.001s (101 KB/s)
