--2019-06-20 17:50:33--  ftp://ftp-private.ncbi.nlm.nih.gov/pubchem/.fetch/98/3962573580502014365.txt.gz
           => ‘3962573580502014365.txt.gz’
Resolving ftp-private.ncbi.nlm.nih.gov (ftp-private.ncbi.nlm.nih.gov)... 130.14.29.35
Connecting to ftp-private.ncbi.nlm.nih.gov (ftp-private.ncbi.nlm.nih.gov)|130.14.29.35|:21... connected.
Logging in as anonymous ... Logged in!
==> SYST ... done.    ==> PWD ... done.
==> TYPE I ... done.  ==> CWD (1) /pubchem/.fetch/98 ... done.
==> SIZE 3962573580502014365.txt.gz ... 101
==> PASV ... done.    ==> RETR 3962573580502014365.txt.gz ... done.
Length: 101 (unauthoritative)

     0K                                                       100%  101K=0.001s

2019-06-20 17:50:34 (101 KB/s) - ‘3962573580502014365.txt.gz’ saved [101]

--2019-06-20 17:50:34--  http://query/
Resolving query (query)... failed: Name or service not known.
wget: unable to resolve host address ‘query’
--2019-06-20 17:50:34--  ftp://xml/
           => ‘.listing’
Resolving xml (xml)... failed: Name or service not known.
wget: unable to resolve host address ‘xml’
--2019-06-20 17:50:34--  http://pc_fetch_aid1162214_activities_0.cgi/
Resolving pc_fetch_aid1162214_activities_0.cgi (pc_fetch_aid1162214_activities_0.cgi)... failed: Name or service not known.
wget: unable to resolve host address ‘pc_fetch_aid1162214_activities_0.cgi’
FINISHED --2019-06-20 17:50:34--
Total wall clock time: 0.6s
Downloaded: 1 files, 101 in 0.001s (101 KB/s)
