--2019-06-20 23:59:39--  ftp://ftp-private.ncbi.nlm.nih.gov/pubchem/.fetch/14/2575699585317862231.txt.gz
           => ‘2575699585317862231.txt.gz’
Resolving ftp-private.ncbi.nlm.nih.gov (ftp-private.ncbi.nlm.nih.gov)... 130.14.29.30
Connecting to ftp-private.ncbi.nlm.nih.gov (ftp-private.ncbi.nlm.nih.gov)|130.14.29.30|:21... connected.
Logging in as anonymous ... Logged in!
==> SYST ... done.    ==> PWD ... done.
==> TYPE I ... done.  ==> CWD (1) /pubchem/.fetch/14 ... done.
==> SIZE 2575699585317862231.txt.gz ... 86
==> PASV ... done.    ==> RETR 2575699585317862231.txt.gz ... done.
Length: 86 (unauthoritative)

     0K                                                       100%  104K=0.001s

2019-06-20 23:59:40 (104 KB/s) - ‘2575699585317862231.txt.gz’ saved [86]

--2019-06-20 23:59:40--  http://query/
Resolving query (query)... failed: Name or service not known.
wget: unable to resolve host address ‘query’
--2019-06-20 23:59:40--  ftp://xml/
           => ‘.listing’
Resolving xml (xml)... failed: Name or service not known.
wget: unable to resolve host address ‘xml’
--2019-06-20 23:59:40--  http://pc_fetch_aid726459_activities_0.cgi/
Resolving pc_fetch_aid726459_activities_0.cgi (pc_fetch_aid726459_activities_0.cgi)... failed: Name or service not known.
wget: unable to resolve host address ‘pc_fetch_aid726459_activities_0.cgi’
FINISHED --2019-06-20 23:59:40--
Total wall clock time: 0.4s
Downloaded: 1 files, 86 in 0.001s (104 KB/s)
