--2019-06-21 00:26:08--  ftp://ftp-private.ncbi.nlm.nih.gov/pubchem/.fetch/33/4152878240287618817.txt.gz
           => ‘4152878240287618817.txt.gz’
Resolving ftp-private.ncbi.nlm.nih.gov (ftp-private.ncbi.nlm.nih.gov)... 130.14.29.30
Connecting to ftp-private.ncbi.nlm.nih.gov (ftp-private.ncbi.nlm.nih.gov)|130.14.29.30|:21... connected.
Logging in as anonymous ... Logged in!
==> SYST ... done.    ==> PWD ... done.
==> TYPE I ... done.  ==> CWD (1) /pubchem/.fetch/33 ... done.
==> SIZE 4152878240287618817.txt.gz ... 89
==> PASV ... done.    ==> RETR 4152878240287618817.txt.gz ... done.
Length: 89 (unauthoritative)

     0K                                                       100%  110K=0.001s

2019-06-21 00:26:09 (110 KB/s) - ‘4152878240287618817.txt.gz’ saved [89]

--2019-06-21 00:26:09--  http://query/
Resolving query (query)... failed: Name or service not known.
wget: unable to resolve host address ‘query’
--2019-06-21 00:26:09--  ftp://xml/
           => ‘.listing’
Resolving xml (xml)... failed: Name or service not known.
wget: unable to resolve host address ‘xml’
--2019-06-21 00:26:09--  http://pc_fetch_aid752589_activities_0.cgi/
Resolving pc_fetch_aid752589_activities_0.cgi (pc_fetch_aid752589_activities_0.cgi)... failed: Name or service not known.
wget: unable to resolve host address ‘pc_fetch_aid752589_activities_0.cgi’
FINISHED --2019-06-21 00:26:09--
Total wall clock time: 0.6s
Downloaded: 1 files, 89 in 0.001s (110 KB/s)
