--2019-06-20 19:22:53--  ftp://ftp-private.ncbi.nlm.nih.gov/pubchem/.fetch/15/4304509539103474151.txt.gz
           => ‘4304509539103474151.txt.gz’
Resolving ftp-private.ncbi.nlm.nih.gov (ftp-private.ncbi.nlm.nih.gov)... 130.14.29.30
Connecting to ftp-private.ncbi.nlm.nih.gov (ftp-private.ncbi.nlm.nih.gov)|130.14.29.30|:21... connected.
Logging in as anonymous ... Logged in!
==> SYST ... done.    ==> PWD ... done.
==> TYPE I ... done.  ==> CWD (1) /pubchem/.fetch/15 ... done.
==> SIZE 4304509539103474151.txt.gz ... 376
==> PASV ... done.    ==> RETR 4304509539103474151.txt.gz ... done.
Length: 376 (unauthoritative)

     0K                                                       100% 27.9K=0.01s

2019-06-20 19:22:54 (27.9 KB/s) - ‘4304509539103474151.txt.gz’ saved [376]

--2019-06-20 19:22:54--  http://query/
Resolving query (query)... failed: Name or service not known.
wget: unable to resolve host address ‘query’
--2019-06-20 19:22:54--  ftp://xml/
           => ‘.listing’
Resolving xml (xml)... failed: Name or service not known.
wget: unable to resolve host address ‘xml’
--2019-06-20 19:22:54--  http://pc_fetch_aid1265405_activities_0.cgi/
Resolving pc_fetch_aid1265405_activities_0.cgi (pc_fetch_aid1265405_activities_0.cgi)... failed: Name or service not known.
wget: unable to resolve host address ‘pc_fetch_aid1265405_activities_0.cgi’
FINISHED --2019-06-20 19:22:54--
Total wall clock time: 0.4s
Downloaded: 1 files, 376 in 0.01s (27.9 KB/s)
