--2019-06-20 18:53:17--  ftp://ftp-private.ncbi.nlm.nih.gov/pubchem/.fetch/2/657903661906763262.txt.gz
           => ‘657903661906763262.txt.gz’
Resolving ftp-private.ncbi.nlm.nih.gov (ftp-private.ncbi.nlm.nih.gov)... 130.14.29.35
Connecting to ftp-private.ncbi.nlm.nih.gov (ftp-private.ncbi.nlm.nih.gov)|130.14.29.35|:21... connected.
Logging in as anonymous ... Logged in!
==> SYST ... done.    ==> PWD ... done.
==> TYPE I ... done.  ==> CWD (1) /pubchem/.fetch/2 ... done.
==> SIZE 657903661906763262.txt.gz ... 89
==> PASV ... done.    ==> RETR 657903661906763262.txt.gz ... done.
Length: 89 (unauthoritative)

     0K                                                       100% 4.88K=0.02s

2019-06-20 18:53:18 (4.88 KB/s) - ‘657903661906763262.txt.gz’ saved [89]

--2019-06-20 18:53:18--  http://query/
Resolving query (query)... failed: Name or service not known.
wget: unable to resolve host address ‘query’
--2019-06-20 18:53:18--  ftp://xml/
           => ‘.listing’
Resolving xml (xml)... failed: Name or service not known.
wget: unable to resolve host address ‘xml’
--2019-06-20 18:53:18--  http://pc_fetch_aid1206165_activities_0.cgi/
Resolving pc_fetch_aid1206165_activities_0.cgi (pc_fetch_aid1206165_activities_0.cgi)... failed: Name or service not known.
wget: unable to resolve host address ‘pc_fetch_aid1206165_activities_0.cgi’
FINISHED --2019-06-20 18:53:18--
Total wall clock time: 0.9s
Downloaded: 1 files, 89 in 0.02s (4.88 KB/s)
