--2019-06-21 00:47:55--  ftp://ftp-private.ncbi.nlm.nih.gov/pubchem/.fetch/29/2067731427821781700.txt.gz
           => ‘2067731427821781700.txt.gz’
Resolving ftp-private.ncbi.nlm.nih.gov (ftp-private.ncbi.nlm.nih.gov)... 130.14.29.30
Connecting to ftp-private.ncbi.nlm.nih.gov (ftp-private.ncbi.nlm.nih.gov)|130.14.29.30|:21... connected.
Logging in as anonymous ... Logged in!
==> SYST ... done.    ==> PWD ... done.
==> TYPE I ... done.  ==> CWD (1) /pubchem/.fetch/29 ... done.
==> SIZE 2067731427821781700.txt.gz ... 125
==> PASV ... done.    ==> RETR 2067731427821781700.txt.gz ... done.
Length: 125 (unauthoritative)

     0K                                                       100%  126K=0.001s

2019-06-21 00:47:55 (126 KB/s) - ‘2067731427821781700.txt.gz’ saved [125]

--2019-06-21 00:47:55--  http://query/
Resolving query (query)... failed: Name or service not known.
wget: unable to resolve host address ‘query’
--2019-06-21 00:47:55--  ftp://xml/
           => ‘.listing’
Resolving xml (xml)... failed: Name or service not known.
wget: unable to resolve host address ‘xml’
--2019-06-21 00:47:55--  http://pc_fetch_aid775915_activities_0.cgi/
Resolving pc_fetch_aid775915_activities_0.cgi (pc_fetch_aid775915_activities_0.cgi)... failed: Name or service not known.
wget: unable to resolve host address ‘pc_fetch_aid775915_activities_0.cgi’
FINISHED --2019-06-21 00:47:55--
Total wall clock time: 0.4s
Downloaded: 1 files, 125 in 0.001s (126 KB/s)
