--2019-06-20 18:00:40--  ftp://ftp-private.ncbi.nlm.nih.gov/pubchem/.fetch/54/223468400759033272.txt.gz
           => ‘223468400759033272.txt.gz’
Resolving ftp-private.ncbi.nlm.nih.gov (ftp-private.ncbi.nlm.nih.gov)... 130.14.29.35
Connecting to ftp-private.ncbi.nlm.nih.gov (ftp-private.ncbi.nlm.nih.gov)|130.14.29.35|:21... connected.
Logging in as anonymous ... Logged in!
==> SYST ... done.    ==> PWD ... done.
==> TYPE I ... done.  ==> CWD (1) /pubchem/.fetch/54 ... done.
==> SIZE 223468400759033272.txt.gz ... 72
==> PASV ... done.    ==> RETR 223468400759033272.txt.gz ... done.
Length: 72 (unauthoritative)

     0K                                                       100% 84.3K=0.001s

2019-06-20 18:00:41 (84.3 KB/s) - ‘223468400759033272.txt.gz’ saved [72]

--2019-06-20 18:00:41--  http://query/
Resolving query (query)... failed: Name or service not known.
wget: unable to resolve host address ‘query’
--2019-06-20 18:00:41--  ftp://xml/
           => ‘.listing’
Resolving xml (xml)... failed: Name or service not known.
wget: unable to resolve host address ‘xml’
--2019-06-20 18:00:41--  http://pc_fetch_aid1163485_activities_0.cgi/
Resolving pc_fetch_aid1163485_activities_0.cgi (pc_fetch_aid1163485_activities_0.cgi)... failed: Name or service not known.
wget: unable to resolve host address ‘pc_fetch_aid1163485_activities_0.cgi’
FINISHED --2019-06-20 18:00:41--
Total wall clock time: 0.4s
Downloaded: 1 files, 72 in 0.001s (84.3 KB/s)
