--2019-06-20 23:26:39--  ftp://ftp-private.ncbi.nlm.nih.gov/pubchem/.fetch/24/878613211928806864.txt.gz
           => ‘878613211928806864.txt.gz’
Resolving ftp-private.ncbi.nlm.nih.gov (ftp-private.ncbi.nlm.nih.gov)... 130.14.29.30
Connecting to ftp-private.ncbi.nlm.nih.gov (ftp-private.ncbi.nlm.nih.gov)|130.14.29.30|:21... connected.
Logging in as anonymous ... Logged in!
==> SYST ... done.    ==> PWD ... done.
==> TYPE I ... done.  ==> CWD (1) /pubchem/.fetch/24 ... done.
==> SIZE 878613211928806864.txt.gz ... 112
==> PASV ... done.    ==> RETR 878613211928806864.txt.gz ... done.
Length: 112 (unauthoritative)

     0K                                                       100%  121K=0.001s

2019-06-20 23:26:39 (121 KB/s) - ‘878613211928806864.txt.gz’ saved [112]

--2019-06-20 23:26:39--  http://query/
Resolving query (query)... failed: Name or service not known.
wget: unable to resolve host address ‘query’
--2019-06-20 23:26:39--  ftp://xml/
           => ‘.listing’
Resolving xml (xml)... failed: Name or service not known.
wget: unable to resolve host address ‘xml’
--2019-06-20 23:26:39--  http://pc_fetch_aid656944_activities_0.cgi/
Resolving pc_fetch_aid656944_activities_0.cgi (pc_fetch_aid656944_activities_0.cgi)... failed: Name or service not known.
wget: unable to resolve host address ‘pc_fetch_aid656944_activities_0.cgi’
FINISHED --2019-06-20 23:26:40--
Total wall clock time: 0.5s
Downloaded: 1 files, 112 in 0.001s (121 KB/s)
