--2019-06-20 22:41:40--  ftp://ftp-private.ncbi.nlm.nih.gov/pubchem/.fetch/77/2136660837646413984.txt.gz
           => ‘2136660837646413984.txt.gz’
Resolving ftp-private.ncbi.nlm.nih.gov (ftp-private.ncbi.nlm.nih.gov)... 130.14.29.30
Connecting to ftp-private.ncbi.nlm.nih.gov (ftp-private.ncbi.nlm.nih.gov)|130.14.29.30|:21... connected.
Logging in as anonymous ... Logged in!
==> SYST ... done.    ==> PWD ... done.
==> TYPE I ... done.  ==> CWD (1) /pubchem/.fetch/77 ... done.
==> SIZE 2136660837646413984.txt.gz ... 65
==> PASV ... done.    ==> RETR 2136660837646413984.txt.gz ... done.
Length: 65 (unauthoritative)

     0K                                                       100% 78.5K=0.001s

2019-06-20 22:41:40 (78.5 KB/s) - ‘2136660837646413984.txt.gz’ saved [65]

--2019-06-20 22:41:40--  http://query/
Resolving query (query)... failed: Name or service not known.
wget: unable to resolve host address ‘query’
--2019-06-20 22:41:40--  ftp://xml/
           => ‘.listing’
Resolving xml (xml)... failed: Name or service not known.
wget: unable to resolve host address ‘xml’
--2019-06-20 22:41:40--  http://pc_fetch_aid528380_activities_0.cgi/
Resolving pc_fetch_aid528380_activities_0.cgi (pc_fetch_aid528380_activities_0.cgi)... failed: Name or service not known.
wget: unable to resolve host address ‘pc_fetch_aid528380_activities_0.cgi’
FINISHED --2019-06-20 22:41:40--
Total wall clock time: 0.4s
Downloaded: 1 files, 65 in 0.001s (78.5 KB/s)
