--2019-06-21 00:34:59--  ftp://ftp-private.ncbi.nlm.nih.gov/pubchem/.fetch/26/3705054019243164979.txt.gz
           => ‘3705054019243164979.txt.gz’
Resolving ftp-private.ncbi.nlm.nih.gov (ftp-private.ncbi.nlm.nih.gov)... 130.14.29.35
Connecting to ftp-private.ncbi.nlm.nih.gov (ftp-private.ncbi.nlm.nih.gov)|130.14.29.35|:21... connected.
Logging in as anonymous ... Logged in!
==> SYST ... done.    ==> PWD ... done.
==> TYPE I ... done.  ==> CWD (1) /pubchem/.fetch/26 ... done.
==> SIZE 3705054019243164979.txt.gz ... 74
==> PASV ... done.    ==> RETR 3705054019243164979.txt.gz ... done.
Length: 74 (unauthoritative)

     0K                                                       100% 78.2K=0.001s

2019-06-21 00:35:00 (78.2 KB/s) - ‘3705054019243164979.txt.gz’ saved [74]

--2019-06-21 00:35:00--  http://query/
Resolving query (query)... failed: Name or service not known.
wget: unable to resolve host address ‘query’
--2019-06-21 00:35:00--  ftp://xml/
           => ‘.listing’
Resolving xml (xml)... failed: Name or service not known.
wget: unable to resolve host address ‘xml’
--2019-06-21 00:35:00--  http://pc_fetch_aid769565_activities_0.cgi/
Resolving pc_fetch_aid769565_activities_0.cgi (pc_fetch_aid769565_activities_0.cgi)... failed: Name or service not known.
wget: unable to resolve host address ‘pc_fetch_aid769565_activities_0.cgi’
FINISHED --2019-06-21 00:35:00--
Total wall clock time: 0.7s
Downloaded: 1 files, 74 in 0.001s (78.2 KB/s)
