--2019-06-20 22:31:26--  ftp://ftp-private.ncbi.nlm.nih.gov/pubchem/.fetch/31/4257076886826210885.txt.gz
           => ‘4257076886826210885.txt.gz’
Resolving ftp-private.ncbi.nlm.nih.gov (ftp-private.ncbi.nlm.nih.gov)... 130.14.29.30
Connecting to ftp-private.ncbi.nlm.nih.gov (ftp-private.ncbi.nlm.nih.gov)|130.14.29.30|:21... connected.
Logging in as anonymous ... Logged in!
==> SYST ... done.    ==> PWD ... done.
==> TYPE I ... done.  ==> CWD (1) /pubchem/.fetch/31 ... done.
==> SIZE 4257076886826210885.txt.gz ... 80
==> PASV ... done.    ==> RETR 4257076886826210885.txt.gz ... done.
Length: 80 (unauthoritative)

     0K                                                       100%  103K=0.001s

2019-06-20 22:31:27 (103 KB/s) - ‘4257076886826210885.txt.gz’ saved [80]

--2019-06-20 22:31:27--  http://query/
Resolving query (query)... failed: Name or service not known.
wget: unable to resolve host address ‘query’
--2019-06-20 22:31:27--  ftp://xml/
           => ‘.listing’
Resolving xml (xml)... failed: Name or service not known.
wget: unable to resolve host address ‘xml’
--2019-06-20 22:31:27--  http://pc_fetch_aid513921_activities_0.cgi/
Resolving pc_fetch_aid513921_activities_0.cgi (pc_fetch_aid513921_activities_0.cgi)... failed: Name or service not known.
wget: unable to resolve host address ‘pc_fetch_aid513921_activities_0.cgi’
FINISHED --2019-06-20 22:31:27--
Total wall clock time: 0.4s
Downloaded: 1 files, 80 in 0.001s (103 KB/s)
