--2019-06-20 23:29:30--  ftp://ftp-private.ncbi.nlm.nih.gov/pubchem/.fetch/87/4023163289084994246.txt.gz
           => ‘4023163289084994246.txt.gz’
Resolving ftp-private.ncbi.nlm.nih.gov (ftp-private.ncbi.nlm.nih.gov)... 130.14.29.30
Connecting to ftp-private.ncbi.nlm.nih.gov (ftp-private.ncbi.nlm.nih.gov)|130.14.29.30|:21... connected.
Logging in as anonymous ... Logged in!
==> SYST ... done.    ==> PWD ... done.
==> TYPE I ... done.  ==> CWD (1) /pubchem/.fetch/87 ... done.
==> SIZE 4023163289084994246.txt.gz ... 68
==> PASV ... done.    ==> RETR 4023163289084994246.txt.gz ... done.
Length: 68 (unauthoritative)

     0K                                                       100% 86.4K=0.001s

2019-06-20 23:29:31 (86.4 KB/s) - ‘4023163289084994246.txt.gz’ saved [68]

--2019-06-20 23:29:31--  http://query/
Resolving query (query)... failed: Name or service not known.
wget: unable to resolve host address ‘query’
--2019-06-20 23:29:31--  ftp://xml/
           => ‘.listing’
Resolving xml (xml)... failed: Name or service not known.
wget: unable to resolve host address ‘xml’
--2019-06-20 23:29:31--  http://pc_fetch_aid675247_activities_0.cgi/
Resolving pc_fetch_aid675247_activities_0.cgi (pc_fetch_aid675247_activities_0.cgi)... failed: Name or service not known.
wget: unable to resolve host address ‘pc_fetch_aid675247_activities_0.cgi’
FINISHED --2019-06-20 23:29:31--
Total wall clock time: 0.5s
Downloaded: 1 files, 68 in 0.001s (86.4 KB/s)
