--2019-06-20 21:20:15--  ftp://ftp-private.ncbi.nlm.nih.gov/pubchem/.fetch/85/3951800330528747514.txt.gz
           => ‘3951800330528747514.txt.gz’
Resolving ftp-private.ncbi.nlm.nih.gov (ftp-private.ncbi.nlm.nih.gov)... 130.14.29.30
Connecting to ftp-private.ncbi.nlm.nih.gov (ftp-private.ncbi.nlm.nih.gov)|130.14.29.30|:21... connected.
Logging in as anonymous ... Logged in!
==> SYST ... done.    ==> PWD ... done.
==> TYPE I ... done.  ==> CWD (1) /pubchem/.fetch/85 ... done.
==> SIZE 3951800330528747514.txt.gz ... 66
==> PASV ... done.    ==> RETR 3951800330528747514.txt.gz ... done.
Length: 66 (unauthoritative)

     0K                                                       100% 83.6K=0.001s

2019-06-20 21:20:16 (83.6 KB/s) - ‘3951800330528747514.txt.gz’ saved [66]

--2019-06-20 21:20:16--  http://query/
Resolving query (query)... failed: Name or service not known.
wget: unable to resolve host address ‘query’
--2019-06-20 21:20:16--  ftp://xml/
           => ‘.listing’
Resolving xml (xml)... failed: Name or service not known.
wget: unable to resolve host address ‘xml’
--2019-06-20 21:20:16--  http://pc_fetch_aid297631_activities_0.cgi/
Resolving pc_fetch_aid297631_activities_0.cgi (pc_fetch_aid297631_activities_0.cgi)... failed: Name or service not known.
wget: unable to resolve host address ‘pc_fetch_aid297631_activities_0.cgi’
FINISHED --2019-06-20 21:20:16--
Total wall clock time: 0.6s
Downloaded: 1 files, 66 in 0.001s (83.6 KB/s)
