--2019-06-20 23:55:48--  ftp://ftp-private.ncbi.nlm.nih.gov/pubchem/.fetch/57/2106960954305095552.txt.gz
           => ‘2106960954305095552.txt.gz’
Resolving ftp-private.ncbi.nlm.nih.gov (ftp-private.ncbi.nlm.nih.gov)... 130.14.29.35
Connecting to ftp-private.ncbi.nlm.nih.gov (ftp-private.ncbi.nlm.nih.gov)|130.14.29.35|:21... connected.
Logging in as anonymous ... Logged in!
==> SYST ... done.    ==> PWD ... done.
==> TYPE I ... done.  ==> CWD (1) /pubchem/.fetch/57 ... done.
==> SIZE 2106960954305095552.txt.gz ... 59
==> PASV ... done.    ==> RETR 2106960954305095552.txt.gz ... done.
Length: 59 (unauthoritative)

     0K                                                       100% 69.1K=0.001s

2019-06-20 23:55:49 (69.1 KB/s) - ‘2106960954305095552.txt.gz’ saved [59]

--2019-06-20 23:55:49--  http://query/
Resolving query (query)... failed: Name or service not known.
wget: unable to resolve host address ‘query’
--2019-06-20 23:55:49--  ftp://xml/
           => ‘.listing’
Resolving xml (xml)... failed: Name or service not known.
wget: unable to resolve host address ‘xml’
--2019-06-20 23:55:49--  http://pc_fetch_aid713681_activities_0.cgi/
Resolving pc_fetch_aid713681_activities_0.cgi (pc_fetch_aid713681_activities_0.cgi)... failed: Name or service not known.
wget: unable to resolve host address ‘pc_fetch_aid713681_activities_0.cgi’
FINISHED --2019-06-20 23:55:49--
Total wall clock time: 0.5s
Downloaded: 1 files, 59 in 0.001s (69.1 KB/s)
