--2019-06-20 23:52:01--  ftp://ftp-private.ncbi.nlm.nih.gov/pubchem/.fetch/75/2376383289025564169.txt.gz
           => ‘2376383289025564169.txt.gz’
Resolving ftp-private.ncbi.nlm.nih.gov (ftp-private.ncbi.nlm.nih.gov)... 130.14.29.30
Connecting to ftp-private.ncbi.nlm.nih.gov (ftp-private.ncbi.nlm.nih.gov)|130.14.29.30|:21... connected.
Logging in as anonymous ... Logged in!
==> SYST ... done.    ==> PWD ... done.
==> TYPE I ... done.  ==> CWD (1) /pubchem/.fetch/75 ... done.
==> SIZE 2376383289025564169.txt.gz ... 59
==> PASV ... done.    ==> RETR 2376383289025564169.txt.gz ... done.
Length: 59 (unauthoritative)

     0K                                                       100% 72.2K=0.001s

2019-06-20 23:52:01 (72.2 KB/s) - ‘2376383289025564169.txt.gz’ saved [59]

--2019-06-20 23:52:01--  http://query/
Resolving query (query)... failed: Name or service not known.
wget: unable to resolve host address ‘query’
--2019-06-20 23:52:01--  ftp://xml/
           => ‘.listing’
Resolving xml (xml)... failed: Name or service not known.
wget: unable to resolve host address ‘xml’
--2019-06-20 23:52:01--  http://pc_fetch_aid713418_activities_0.cgi/
Resolving pc_fetch_aid713418_activities_0.cgi (pc_fetch_aid713418_activities_0.cgi)... failed: Name or service not known.
wget: unable to resolve host address ‘pc_fetch_aid713418_activities_0.cgi’
FINISHED --2019-06-20 23:52:02--
Total wall clock time: 1.2s
Downloaded: 1 files, 59 in 0.001s (72.2 KB/s)
