--2019-06-21 00:26:56--  ftp://ftp-private.ncbi.nlm.nih.gov/pubchem/.fetch/30/4587084181122021880.txt.gz
           => ‘4587084181122021880.txt.gz’
Resolving ftp-private.ncbi.nlm.nih.gov (ftp-private.ncbi.nlm.nih.gov)... 130.14.29.35
Connecting to ftp-private.ncbi.nlm.nih.gov (ftp-private.ncbi.nlm.nih.gov)|130.14.29.35|:21... connected.
Logging in as anonymous ... Logged in!
==> SYST ... done.    ==> PWD ... done.
==> TYPE I ... done.  ==> CWD (1) /pubchem/.fetch/30 ... done.
==> SIZE 4587084181122021880.txt.gz ... 50
==> PASV ... done.    ==> RETR 4587084181122021880.txt.gz ... done.
Length: 50 (unauthoritative)

     0K                                                       100% 61.0K=0.001s

2019-06-21 00:26:56 (61.0 KB/s) - ‘4587084181122021880.txt.gz’ saved [50]

--2019-06-21 00:26:56--  http://query/
Resolving query (query)... failed: Name or service not known.
wget: unable to resolve host address ‘query’
--2019-06-21 00:26:56--  ftp://xml/
           => ‘.listing’
Resolving xml (xml)... failed: Name or service not known.
wget: unable to resolve host address ‘xml’
--2019-06-21 00:26:56--  http://pc_fetch_aid752856_activities_0.cgi/
Resolving pc_fetch_aid752856_activities_0.cgi (pc_fetch_aid752856_activities_0.cgi)... failed: Name or service not known.
wget: unable to resolve host address ‘pc_fetch_aid752856_activities_0.cgi’
FINISHED --2019-06-21 00:26:56--
Total wall clock time: 0.4s
Downloaded: 1 files, 50 in 0.001s (61.0 KB/s)
