--2019-06-20 21:06:33--  ftp://ftp-private.ncbi.nlm.nih.gov/pubchem/.fetch/4/4152826588980217325.txt.gz
           => ‘4152826588980217325.txt.gz’
Resolving ftp-private.ncbi.nlm.nih.gov (ftp-private.ncbi.nlm.nih.gov)... 130.14.29.35
Connecting to ftp-private.ncbi.nlm.nih.gov (ftp-private.ncbi.nlm.nih.gov)|130.14.29.35|:21... connected.
Logging in as anonymous ... Logged in!
==> SYST ... done.    ==> PWD ... done.
==> TYPE I ... done.  ==> CWD (1) /pubchem/.fetch/4 ... done.
==> SIZE 4152826588980217325.txt.gz ... 93
==> PASV ... done.    ==> RETR 4152826588980217325.txt.gz ... done.
Length: 93 (unauthoritative)

     0K                                                       100% 97.1K=0.001s

2019-06-20 21:06:34 (97.1 KB/s) - ‘4152826588980217325.txt.gz’ saved [93]

--2019-06-20 21:06:34--  http://query/
Resolving query (query)... failed: Name or service not known.
wget: unable to resolve host address ‘query’
--2019-06-20 21:06:34--  ftp://xml/
           => ‘.listing’
Resolving xml (xml)... failed: Name or service not known.
wget: unable to resolve host address ‘xml’
--2019-06-20 21:06:34--  http://pc_fetch_aid1336770_activities_0.cgi/
Resolving pc_fetch_aid1336770_activities_0.cgi (pc_fetch_aid1336770_activities_0.cgi)... failed: Name or service not known.
wget: unable to resolve host address ‘pc_fetch_aid1336770_activities_0.cgi’
FINISHED --2019-06-20 21:06:34--
Total wall clock time: 0.6s
Downloaded: 1 files, 93 in 0.001s (97.1 KB/s)
