--2019-06-21 00:08:47--  ftp://ftp-private.ncbi.nlm.nih.gov/pubchem/.fetch/25/3606053833564069327.txt.gz
           => ‘3606053833564069327.txt.gz’
Resolving ftp-private.ncbi.nlm.nih.gov (ftp-private.ncbi.nlm.nih.gov)... 130.14.29.30
Connecting to ftp-private.ncbi.nlm.nih.gov (ftp-private.ncbi.nlm.nih.gov)|130.14.29.30|:21... connected.
Logging in as anonymous ... Logged in!
==> SYST ... done.    ==> PWD ... done.
==> TYPE I ... done.  ==> CWD (1) /pubchem/.fetch/25 ... done.
==> SIZE 3606053833564069327.txt.gz ... 63
==> PASV ... done.    ==> RETR 3606053833564069327.txt.gz ... done.
Length: 63 (unauthoritative)

     0K                                                       100% 87.2K=0.001s

2019-06-21 00:08:48 (87.2 KB/s) - ‘3606053833564069327.txt.gz’ saved [63]

--2019-06-21 00:08:48--  http://query/
Resolving query (query)... failed: Name or service not known.
wget: unable to resolve host address ‘query’
--2019-06-21 00:08:48--  ftp://xml/
           => ‘.listing’
Resolving xml (xml)... failed: Name or service not known.
wget: unable to resolve host address ‘xml’
--2019-06-21 00:08:48--  http://pc_fetch_aid734045_activities_0.cgi/
Resolving pc_fetch_aid734045_activities_0.cgi (pc_fetch_aid734045_activities_0.cgi)... failed: Name or service not known.
wget: unable to resolve host address ‘pc_fetch_aid734045_activities_0.cgi’
FINISHED --2019-06-21 00:08:48--
Total wall clock time: 0.8s
Downloaded: 1 files, 63 in 0.001s (87.2 KB/s)
