--2019-06-20 17:33:27--  ftp://ftp-private.ncbi.nlm.nih.gov/pubchem/.fetch/93/1544686253978898339.txt.gz
           => ‘1544686253978898339.txt.gz’
Resolving ftp-private.ncbi.nlm.nih.gov (ftp-private.ncbi.nlm.nih.gov)... 130.14.29.35
Connecting to ftp-private.ncbi.nlm.nih.gov (ftp-private.ncbi.nlm.nih.gov)|130.14.29.35|:21... connected.
Logging in as anonymous ... Logged in!
==> SYST ... done.    ==> PWD ... done.
==> TYPE I ... done.  ==> CWD (1) /pubchem/.fetch/93 ... done.
==> SIZE 1544686253978898339.txt.gz ... 212
==> PASV ... done.    ==> RETR 1544686253978898339.txt.gz ... done.
Length: 212 (unauthoritative)

     0K                                                       100%  191K=0.001s

2019-06-20 17:33:27 (191 KB/s) - ‘1544686253978898339.txt.gz’ saved [212]

--2019-06-20 17:33:27--  http://query/
Resolving query (query)... failed: Name or service not known.
wget: unable to resolve host address ‘query’
--2019-06-20 17:33:27--  ftp://xml/
           => ‘.listing’
Resolving xml (xml)... failed: Name or service not known.
wget: unable to resolve host address ‘xml’
--2019-06-20 17:33:27--  http://pc_fetch_aid1111116_activities_0.cgi/
Resolving pc_fetch_aid1111116_activities_0.cgi (pc_fetch_aid1111116_activities_0.cgi)... failed: Name or service not known.
wget: unable to resolve host address ‘pc_fetch_aid1111116_activities_0.cgi’
FINISHED --2019-06-20 17:33:27--
Total wall clock time: 0.5s
Downloaded: 1 files, 212 in 0.001s (191 KB/s)
