--2019-06-20 21:25:21--  ftp://ftp-private.ncbi.nlm.nih.gov/pubchem/.fetch/65/433684175634959299.txt.gz
           => ‘433684175634959299.txt.gz’
Resolving ftp-private.ncbi.nlm.nih.gov (ftp-private.ncbi.nlm.nih.gov)... 130.14.29.35
Connecting to ftp-private.ncbi.nlm.nih.gov (ftp-private.ncbi.nlm.nih.gov)|130.14.29.35|:21... connected.
Logging in as anonymous ... Logged in!
==> SYST ... done.    ==> PWD ... done.
==> TYPE I ... done.  ==> CWD (1) /pubchem/.fetch/65 ... done.
==> SIZE 433684175634959299.txt.gz ... 70
==> PASV ... done.    ==> RETR 433684175634959299.txt.gz ... done.
Length: 70 (unauthoritative)

     0K                                                       100% 65.4K=0.001s

2019-06-20 21:25:22 (65.4 KB/s) - ‘433684175634959299.txt.gz’ saved [70]

--2019-06-20 21:25:22--  http://query/
Resolving query (query)... failed: Name or service not known.
wget: unable to resolve host address ‘query’
--2019-06-20 21:25:22--  ftp://xml/
           => ‘.listing’
Resolving xml (xml)... failed: Name or service not known.
wget: unable to resolve host address ‘xml’
--2019-06-20 21:25:22--  http://pc_fetch_aid308816_activities_0.cgi/
Resolving pc_fetch_aid308816_activities_0.cgi (pc_fetch_aid308816_activities_0.cgi)... failed: Name or service not known.
wget: unable to resolve host address ‘pc_fetch_aid308816_activities_0.cgi’
FINISHED --2019-06-20 21:25:22--
Total wall clock time: 0.5s
Downloaded: 1 files, 70 in 0.001s (65.4 KB/s)
