--2019-06-20 19:31:19--  ftp://ftp-private.ncbi.nlm.nih.gov/pubchem/.fetch/30/1700624854291002180.txt.gz
           => ‘1700624854291002180.txt.gz’
Resolving ftp-private.ncbi.nlm.nih.gov (ftp-private.ncbi.nlm.nih.gov)... 130.14.29.35
Connecting to ftp-private.ncbi.nlm.nih.gov (ftp-private.ncbi.nlm.nih.gov)|130.14.29.35|:21... connected.
Logging in as anonymous ... Logged in!
==> SYST ... done.    ==> PWD ... done.
==> TYPE I ... done.  ==> CWD (1) /pubchem/.fetch/30 ... done.
==> SIZE 1700624854291002180.txt.gz ... 530
==> PASV ... done.    ==> RETR 1700624854291002180.txt.gz ... done.
Length: 530 (unauthoritative)

     0K                                                       100%  213K=0.002s

2019-06-20 19:31:20 (213 KB/s) - ‘1700624854291002180.txt.gz’ saved [530]

--2019-06-20 19:31:20--  http://query/
Resolving query (query)... failed: Name or service not known.
wget: unable to resolve host address ‘query’
--2019-06-20 19:31:20--  ftp://xml/
           => ‘.listing’
Resolving xml (xml)... failed: Name or service not known.
wget: unable to resolve host address ‘xml’
--2019-06-20 19:31:20--  http://pc_fetch_aid1273895_activities_0.cgi/
Resolving pc_fetch_aid1273895_activities_0.cgi (pc_fetch_aid1273895_activities_0.cgi)... failed: Name or service not known.
wget: unable to resolve host address ‘pc_fetch_aid1273895_activities_0.cgi’
FINISHED --2019-06-20 19:31:21--
Total wall clock time: 1.7s
Downloaded: 1 files, 530 in 0.002s (213 KB/s)
