--2019-06-20 20:40:48--  ftp://ftp-private.ncbi.nlm.nih.gov/pubchem/.fetch/26/2434927824796254209.txt.gz
           => ‘2434927824796254209.txt.gz’
Resolving ftp-private.ncbi.nlm.nih.gov (ftp-private.ncbi.nlm.nih.gov)... 130.14.29.35
Connecting to ftp-private.ncbi.nlm.nih.gov (ftp-private.ncbi.nlm.nih.gov)|130.14.29.35|:21... connected.
Logging in as anonymous ... Logged in!
==> SYST ... done.    ==> PWD ... done.
==> TYPE I ... done.  ==> CWD (1) /pubchem/.fetch/26 ... done.
==> SIZE 2434927824796254209.txt.gz ... 440
==> PASV ... done.    ==> RETR 2434927824796254209.txt.gz ... done.
Length: 440 (unauthoritative)

     0K                                                       100%  294K=0.001s

2019-06-20 20:40:48 (294 KB/s) - ‘2434927824796254209.txt.gz’ saved [440]

--2019-06-20 20:40:48--  http://query/
Resolving query (query)... failed: Name or service not known.
wget: unable to resolve host address ‘query’
--2019-06-20 20:40:48--  ftp://xml/
           => ‘.listing’
Resolving xml (xml)... failed: Name or service not known.
wget: unable to resolve host address ‘xml’
--2019-06-20 20:40:48--  http://pc_fetch_aid1323000_activities_0.cgi/
Resolving pc_fetch_aid1323000_activities_0.cgi (pc_fetch_aid1323000_activities_0.cgi)... failed: Name or service not known.
wget: unable to resolve host address ‘pc_fetch_aid1323000_activities_0.cgi’
FINISHED --2019-06-20 20:40:48--
Total wall clock time: 0.5s
Downloaded: 1 files, 440 in 0.001s (294 KB/s)
