--2019-06-20 18:44:32--  ftp://ftp-private.ncbi.nlm.nih.gov/pubchem/.fetch/97/4521934563199432251.txt.gz
           => ‘4521934563199432251.txt.gz’
Resolving ftp-private.ncbi.nlm.nih.gov (ftp-private.ncbi.nlm.nih.gov)... 130.14.29.35
Connecting to ftp-private.ncbi.nlm.nih.gov (ftp-private.ncbi.nlm.nih.gov)|130.14.29.35|:21... connected.
Logging in as anonymous ... Logged in!
==> SYST ... done.    ==> PWD ... done.
==> TYPE I ... done.  ==> CWD (1) /pubchem/.fetch/97 ... done.
==> SIZE 4521934563199432251.txt.gz ... 145
==> PASV ... done.    ==> RETR 4521934563199432251.txt.gz ... done.
Length: 145 (unauthoritative)

     0K                                                       100%  163K=0.001s

2019-06-20 18:44:32 (163 KB/s) - ‘4521934563199432251.txt.gz’ saved [145]

--2019-06-20 18:44:32--  http://query/
Resolving query (query)... failed: Name or service not known.
wget: unable to resolve host address ‘query’
--2019-06-20 18:44:32--  ftp://xml/
           => ‘.listing’
Resolving xml (xml)... failed: Name or service not known.
wget: unable to resolve host address ‘xml’
--2019-06-20 18:44:32--  http://pc_fetch_aid1190161_activities_0.cgi/
Resolving pc_fetch_aid1190161_activities_0.cgi (pc_fetch_aid1190161_activities_0.cgi)... failed: Name or service not known.
wget: unable to resolve host address ‘pc_fetch_aid1190161_activities_0.cgi’
FINISHED --2019-06-20 18:44:32--
Total wall clock time: 0.4s
Downloaded: 1 files, 145 in 0.001s (163 KB/s)
