--2019-06-20 17:07:08--  ftp://ftp-private.ncbi.nlm.nih.gov/pubchem/.fetch/71/466679075404427612.txt.gz
           => ‘466679075404427612.txt.gz’
Resolving ftp-private.ncbi.nlm.nih.gov (ftp-private.ncbi.nlm.nih.gov)... 130.14.29.35
Connecting to ftp-private.ncbi.nlm.nih.gov (ftp-private.ncbi.nlm.nih.gov)|130.14.29.35|:21... connected.
Logging in as anonymous ... Logged in!
==> SYST ... done.    ==> PWD ... done.
==> TYPE I ... done.  ==> CWD (1) /pubchem/.fetch/71 ... done.
==> SIZE 466679075404427612.txt.gz ... 77
==> PASV ... done.    ==> RETR 466679075404427612.txt.gz ... done.
Length: 77 (unauthoritative)

     0K                                                       100% 76.3K=0.001s

2019-06-20 17:07:09 (76.3 KB/s) - ‘466679075404427612.txt.gz’ saved [77]

--2019-06-20 17:07:09--  http://query/
Resolving query (query)... failed: Name or service not known.
wget: unable to resolve host address ‘query’
--2019-06-20 17:07:09--  ftp://xml/
           => ‘.listing’
Resolving xml (xml)... failed: Name or service not known.
wget: unable to resolve host address ‘xml’
--2019-06-20 17:07:09--  http://pc_fetch_aid1063071_activities_0.cgi/
Resolving pc_fetch_aid1063071_activities_0.cgi (pc_fetch_aid1063071_activities_0.cgi)... failed: Name or service not known.
wget: unable to resolve host address ‘pc_fetch_aid1063071_activities_0.cgi’
FINISHED --2019-06-20 17:07:09--
Total wall clock time: 0.7s
Downloaded: 1 files, 77 in 0.001s (76.3 KB/s)
