--2019-06-20 22:16:01--  ftp://ftp-private.ncbi.nlm.nih.gov/pubchem/.fetch/87/1040518874765915505.txt.gz
           => ‘1040518874765915505.txt.gz’
Resolving ftp-private.ncbi.nlm.nih.gov (ftp-private.ncbi.nlm.nih.gov)... 130.14.29.30
Connecting to ftp-private.ncbi.nlm.nih.gov (ftp-private.ncbi.nlm.nih.gov)|130.14.29.30|:21... connected.
Logging in as anonymous ... Logged in!
==> SYST ... done.    ==> PWD ... done.
==> TYPE I ... done.  ==> CWD (1) /pubchem/.fetch/87 ... done.
==> SIZE 1040518874765915505.txt.gz ... 449
==> PASV ... done.    ==> RETR 1040518874765915505.txt.gz ... done.
Length: 449 (unauthoritative)

     0K                                                       100%  240K=0.002s

2019-06-20 22:16:01 (240 KB/s) - ‘1040518874765915505.txt.gz’ saved [449]

--2019-06-20 22:16:01--  http://query/
Resolving query (query)... failed: Name or service not known.
wget: unable to resolve host address ‘query’
--2019-06-20 22:16:01--  ftp://xml/
           => ‘.listing’
Resolving xml (xml)... failed: Name or service not known.
wget: unable to resolve host address ‘xml’
--2019-06-20 22:16:01--  http://pc_fetch_aid491599_activities_0.cgi/
Resolving pc_fetch_aid491599_activities_0.cgi (pc_fetch_aid491599_activities_0.cgi)... failed: Name or service not known.
wget: unable to resolve host address ‘pc_fetch_aid491599_activities_0.cgi’
FINISHED --2019-06-20 22:16:01--
Total wall clock time: 0.4s
Downloaded: 1 files, 449 in 0.002s (240 KB/s)
