--2019-06-20 19:57:55--  ftp://ftp-private.ncbi.nlm.nih.gov/pubchem/.fetch/23/2820308883057332847.txt.gz
           => ‘2820308883057332847.txt.gz’
Resolving ftp-private.ncbi.nlm.nih.gov (ftp-private.ncbi.nlm.nih.gov)... 130.14.29.30
Connecting to ftp-private.ncbi.nlm.nih.gov (ftp-private.ncbi.nlm.nih.gov)|130.14.29.30|:21... connected.
Logging in as anonymous ... Logged in!
==> SYST ... done.    ==> PWD ... done.
==> TYPE I ... done.  ==> CWD (1) /pubchem/.fetch/23 ... done.
==> SIZE 2820308883057332847.txt.gz ... 116
==> PASV ... done.    ==> RETR 2820308883057332847.txt.gz ... done.
Length: 116 (unauthoritative)

     0K                                                       100%  128K=0.001s

2019-06-20 19:57:56 (128 KB/s) - ‘2820308883057332847.txt.gz’ saved [116]

--2019-06-20 19:57:56--  http://query/
Resolving query (query)... failed: Name or service not known.
wget: unable to resolve host address ‘query’
--2019-06-20 19:57:56--  ftp://xml/
           => ‘.listing’
Resolving xml (xml)... failed: Name or service not known.
wget: unable to resolve host address ‘xml’
--2019-06-20 19:57:56--  http://pc_fetch_aid1292146_activities_0.cgi/
Resolving pc_fetch_aid1292146_activities_0.cgi (pc_fetch_aid1292146_activities_0.cgi)... failed: Name or service not known.
wget: unable to resolve host address ‘pc_fetch_aid1292146_activities_0.cgi’
FINISHED --2019-06-20 19:57:56--
Total wall clock time: 0.6s
Downloaded: 1 files, 116 in 0.001s (128 KB/s)
