--2019-06-20 18:02:33--  ftp://ftp-private.ncbi.nlm.nih.gov/pubchem/.fetch/40/987347863263184171.txt.gz
           => ‘987347863263184171.txt.gz’
Resolving ftp-private.ncbi.nlm.nih.gov (ftp-private.ncbi.nlm.nih.gov)... 130.14.29.30
Connecting to ftp-private.ncbi.nlm.nih.gov (ftp-private.ncbi.nlm.nih.gov)|130.14.29.30|:21... connected.
Logging in as anonymous ... Logged in!
==> SYST ... done.    ==> PWD ... done.
==> TYPE I ... done.  ==> CWD (1) /pubchem/.fetch/40 ... done.
==> SIZE 987347863263184171.txt.gz ... 80
==> PASV ... done.    ==> RETR 987347863263184171.txt.gz ... done.
Length: 80 (unauthoritative)

     0K                                                       100% 4.24K=0.02s

2019-06-20 18:02:34 (4.24 KB/s) - ‘987347863263184171.txt.gz’ saved [80]

--2019-06-20 18:02:34--  http://query/
Resolving query (query)... failed: Name or service not known.
wget: unable to resolve host address ‘query’
--2019-06-20 18:02:34--  ftp://xml/
           => ‘.listing’
Resolving xml (xml)... failed: Name or service not known.
wget: unable to resolve host address ‘xml’
--2019-06-20 18:02:34--  http://pc_fetch_aid1165244_activities_0.cgi/
Resolving pc_fetch_aid1165244_activities_0.cgi (pc_fetch_aid1165244_activities_0.cgi)... failed: Name or service not known.
wget: unable to resolve host address ‘pc_fetch_aid1165244_activities_0.cgi’
FINISHED --2019-06-20 18:02:34--
Total wall clock time: 1.0s
Downloaded: 1 files, 80 in 0.02s (4.24 KB/s)
