--2019-06-20 22:07:29--  ftp://ftp-private.ncbi.nlm.nih.gov/pubchem/.fetch/81/3616672377219799800.txt.gz
           => ‘3616672377219799800.txt.gz’
Resolving ftp-private.ncbi.nlm.nih.gov (ftp-private.ncbi.nlm.nih.gov)... 130.14.29.35
Connecting to ftp-private.ncbi.nlm.nih.gov (ftp-private.ncbi.nlm.nih.gov)|130.14.29.35|:21... connected.
Logging in as anonymous ... Logged in!
==> SYST ... done.    ==> PWD ... done.
==> TYPE I ... done.  ==> CWD (1) /pubchem/.fetch/81 ... done.
==> SIZE 3616672377219799800.txt.gz ... 79
==> PASV ... done.    ==> RETR 3616672377219799800.txt.gz ... done.
Length: 79 (unauthoritative)

     0K                                                       100% 2.82K=0.03s

2019-06-20 22:07:29 (2.82 KB/s) - ‘3616672377219799800.txt.gz’ saved [79]

--2019-06-20 22:07:29--  http://query/
Resolving query (query)... failed: Name or service not known.
wget: unable to resolve host address ‘query’
--2019-06-20 22:07:29--  ftp://xml/
           => ‘.listing’
Resolving xml (xml)... failed: Name or service not known.
wget: unable to resolve host address ‘xml’
--2019-06-20 22:07:29--  http://pc_fetch_aid468786_activities_0.cgi/
Resolving pc_fetch_aid468786_activities_0.cgi (pc_fetch_aid468786_activities_0.cgi)... failed: Name or service not known.
wget: unable to resolve host address ‘pc_fetch_aid468786_activities_0.cgi’
FINISHED --2019-06-20 22:07:29--
Total wall clock time: 0.5s
Downloaded: 1 files, 79 in 0.03s (2.82 KB/s)
