--2019-06-20 23:45:24--  ftp://ftp-private.ncbi.nlm.nih.gov/pubchem/.fetch/23/651706966614056890.txt.gz
           => ‘651706966614056890.txt.gz’
Resolving ftp-private.ncbi.nlm.nih.gov (ftp-private.ncbi.nlm.nih.gov)... 130.14.29.35
Connecting to ftp-private.ncbi.nlm.nih.gov (ftp-private.ncbi.nlm.nih.gov)|130.14.29.35|:21... connected.
Logging in as anonymous ... Logged in!
==> SYST ... done.    ==> PWD ... done.
==> TYPE I ... done.  ==> CWD (1) /pubchem/.fetch/23 ... done.
==> SIZE 651706966614056890.txt.gz ... 59
==> PASV ... done.    ==> RETR 651706966614056890.txt.gz ... done.
Length: 59 (unauthoritative)

     0K                                                       100% 73.7K=0.001s

2019-06-20 23:45:25 (73.7 KB/s) - ‘651706966614056890.txt.gz’ saved [59]

--2019-06-20 23:45:25--  http://query/
Resolving query (query)... failed: Name or service not known.
wget: unable to resolve host address ‘query’
--2019-06-20 23:45:25--  ftp://xml/
           => ‘.listing’
Resolving xml (xml)... failed: Name or service not known.
wget: unable to resolve host address ‘xml’
--2019-06-20 23:45:25--  http://pc_fetch_aid713140_activities_0.cgi/
Resolving pc_fetch_aid713140_activities_0.cgi (pc_fetch_aid713140_activities_0.cgi)... failed: Name or service not known.
wget: unable to resolve host address ‘pc_fetch_aid713140_activities_0.cgi’
FINISHED --2019-06-20 23:45:25--
Total wall clock time: 0.7s
Downloaded: 1 files, 59 in 0.001s (73.7 KB/s)
