--2019-06-20 18:45:13--  ftp://ftp-private.ncbi.nlm.nih.gov/pubchem/.fetch/87/923268331536080565.txt.gz
           => ‘923268331536080565.txt.gz’
Resolving ftp-private.ncbi.nlm.nih.gov (ftp-private.ncbi.nlm.nih.gov)... 130.14.29.30
Connecting to ftp-private.ncbi.nlm.nih.gov (ftp-private.ncbi.nlm.nih.gov)|130.14.29.30|:21... connected.
Logging in as anonymous ... Logged in!
==> SYST ... done.    ==> PWD ... done.
==> TYPE I ... done.  ==> CWD (1) /pubchem/.fetch/87 ... done.
==> SIZE 923268331536080565.txt.gz ... 64
==> PASV ... done.    ==> RETR 923268331536080565.txt.gz ... done.
Length: 64 (unauthoritative)

     0K                                                       100% 79.9K=0.001s

2019-06-20 18:45:13 (79.9 KB/s) - ‘923268331536080565.txt.gz’ saved [64]

--2019-06-20 18:45:13--  http://query/
Resolving query (query)... failed: Name or service not known.
wget: unable to resolve host address ‘query’
--2019-06-20 18:45:13--  ftp://xml/
           => ‘.listing’
Resolving xml (xml)... failed: Name or service not known.
wget: unable to resolve host address ‘xml’
--2019-06-20 18:45:13--  http://pc_fetch_aid1190168_activities_0.cgi/
Resolving pc_fetch_aid1190168_activities_0.cgi (pc_fetch_aid1190168_activities_0.cgi)... failed: Name or service not known.
wget: unable to resolve host address ‘pc_fetch_aid1190168_activities_0.cgi’
FINISHED --2019-06-20 18:45:13--
Total wall clock time: 0.4s
Downloaded: 1 files, 64 in 0.001s (79.9 KB/s)
