--2019-06-20 23:25:31--  ftp://ftp-private.ncbi.nlm.nih.gov/pubchem/.fetch/90/558014284337574631.txt.gz
           => ‘558014284337574631.txt.gz’
Resolving ftp-private.ncbi.nlm.nih.gov (ftp-private.ncbi.nlm.nih.gov)... 130.14.29.35
Connecting to ftp-private.ncbi.nlm.nih.gov (ftp-private.ncbi.nlm.nih.gov)|130.14.29.35|:21... connected.
Logging in as anonymous ... Logged in!
==> SYST ... done.    ==> PWD ... done.
==> TYPE I ... done.  ==> CWD (1) /pubchem/.fetch/90 ... done.
==> SIZE 558014284337574631.txt.gz ... 75
==> PASV ... done.    ==> RETR 558014284337574631.txt.gz ... done.
Length: 75 (unauthoritative)

     0K                                                       100% 97.3K=0.001s

2019-06-20 23:25:31 (97.3 KB/s) - ‘558014284337574631.txt.gz’ saved [75]

--2019-06-20 23:25:31--  http://query/
Resolving query (query)... failed: Name or service not known.
wget: unable to resolve host address ‘query’
--2019-06-20 23:25:31--  ftp://xml/
           => ‘.listing’
Resolving xml (xml)... failed: Name or service not known.
wget: unable to resolve host address ‘xml’
--2019-06-20 23:25:31--  http://pc_fetch_aid647484_activities_0.cgi/
Resolving pc_fetch_aid647484_activities_0.cgi (pc_fetch_aid647484_activities_0.cgi)... failed: Name or service not known.
wget: unable to resolve host address ‘pc_fetch_aid647484_activities_0.cgi’
FINISHED --2019-06-20 23:25:31--
Total wall clock time: 0.5s
Downloaded: 1 files, 75 in 0.001s (97.3 KB/s)
