--2019-06-20 21:44:59--  ftp://ftp-private.ncbi.nlm.nih.gov/pubchem/.fetch/4/4368405059601334807.txt.gz
           => ‘4368405059601334807.txt.gz’
Resolving ftp-private.ncbi.nlm.nih.gov (ftp-private.ncbi.nlm.nih.gov)... 130.14.29.35
Connecting to ftp-private.ncbi.nlm.nih.gov (ftp-private.ncbi.nlm.nih.gov)|130.14.29.35|:21... connected.
Logging in as anonymous ... Logged in!
==> SYST ... done.    ==> PWD ... done.
==> TYPE I ... done.  ==> CWD (1) /pubchem/.fetch/4 ... done.
==> SIZE 4368405059601334807.txt.gz ... 88
==> PASV ... done.    ==> RETR 4368405059601334807.txt.gz ... done.
Length: 88 (unauthoritative)

     0K                                                       100%  105K=0.001s

2019-06-20 21:45:00 (105 KB/s) - ‘4368405059601334807.txt.gz’ saved [88]

--2019-06-20 21:45:00--  http://query/
Resolving query (query)... failed: Name or service not known.
wget: unable to resolve host address ‘query’
--2019-06-20 21:45:00--  ftp://xml/
           => ‘.listing’
Resolving xml (xml)... failed: Name or service not known.
wget: unable to resolve host address ‘xml’
--2019-06-20 21:45:00--  http://pc_fetch_aid395924_activities_0.cgi/
Resolving pc_fetch_aid395924_activities_0.cgi (pc_fetch_aid395924_activities_0.cgi)... failed: Name or service not known.
wget: unable to resolve host address ‘pc_fetch_aid395924_activities_0.cgi’
FINISHED --2019-06-20 21:45:00--
Total wall clock time: 0.6s
Downloaded: 1 files, 88 in 0.001s (105 KB/s)
