--2019-06-21 00:05:25--  ftp://ftp-private.ncbi.nlm.nih.gov/pubchem/.fetch/17/249866379685748697.txt.gz
           => ‘249866379685748697.txt.gz’
Resolving ftp-private.ncbi.nlm.nih.gov (ftp-private.ncbi.nlm.nih.gov)... 130.14.29.30
Connecting to ftp-private.ncbi.nlm.nih.gov (ftp-private.ncbi.nlm.nih.gov)|130.14.29.30|:21... connected.
Logging in as anonymous ... Logged in!
==> SYST ... done.    ==> PWD ... done.
==> TYPE I ... done.  ==> CWD (1) /pubchem/.fetch/17 ... done.
==> SIZE 249866379685748697.txt.gz ... 227
==> PASV ... done.    ==> RETR 249866379685748697.txt.gz ... done.
Length: 227 (unauthoritative)

     0K                                                       100%  190K=0.001s

2019-06-21 00:05:25 (190 KB/s) - ‘249866379685748697.txt.gz’ saved [227]

--2019-06-21 00:05:25--  http://query/
Resolving query (query)... failed: Name or service not known.
wget: unable to resolve host address ‘query’
--2019-06-21 00:05:25--  ftp://xml/
           => ‘.listing’
Resolving xml (xml)... failed: Name or service not known.
wget: unable to resolve host address ‘xml’
--2019-06-21 00:05:25--  http://pc_fetch_aid733317_activities_0.cgi/
Resolving pc_fetch_aid733317_activities_0.cgi (pc_fetch_aid733317_activities_0.cgi)... failed: Name or service not known.
wget: unable to resolve host address ‘pc_fetch_aid733317_activities_0.cgi’
FINISHED --2019-06-21 00:05:25--
Total wall clock time: 0.6s
Downloaded: 1 files, 227 in 0.001s (190 KB/s)
