--2019-06-20 18:58:23--  ftp://ftp-private.ncbi.nlm.nih.gov/pubchem/.fetch/37/1713829795715289027.txt.gz
           => ‘1713829795715289027.txt.gz’
Resolving ftp-private.ncbi.nlm.nih.gov (ftp-private.ncbi.nlm.nih.gov)... 130.14.29.35
Connecting to ftp-private.ncbi.nlm.nih.gov (ftp-private.ncbi.nlm.nih.gov)|130.14.29.35|:21... connected.
Logging in as anonymous ... Logged in!
==> SYST ... done.    ==> PWD ... done.
==> TYPE I ... done.  ==> CWD (1) /pubchem/.fetch/37 ... done.
==> SIZE 1713829795715289027.txt.gz ... 90
==> PASV ... done.    ==> RETR 1713829795715289027.txt.gz ... done.
Length: 90 (unauthoritative)

     0K                                                       100% 94.8K=0.001s

2019-06-20 18:58:23 (94.8 KB/s) - ‘1713829795715289027.txt.gz’ saved [90]

--2019-06-20 18:58:23--  http://query/
Resolving query (query)... failed: Name or service not known.
wget: unable to resolve host address ‘query’
--2019-06-20 18:58:23--  ftp://xml/
           => ‘.listing’
Resolving xml (xml)... failed: Name or service not known.
wget: unable to resolve host address ‘xml’
--2019-06-20 18:58:23--  http://pc_fetch_aid1227313_activities_0.cgi/
Resolving pc_fetch_aid1227313_activities_0.cgi (pc_fetch_aid1227313_activities_0.cgi)... failed: Name or service not known.
wget: unable to resolve host address ‘pc_fetch_aid1227313_activities_0.cgi’
FINISHED --2019-06-20 18:58:23--
Total wall clock time: 0.5s
Downloaded: 1 files, 90 in 0.001s (94.8 KB/s)
