--2019-06-20 22:38:35--  ftp://ftp-private.ncbi.nlm.nih.gov/pubchem/.fetch/46/664090757083843915.txt.gz
           => ‘664090757083843915.txt.gz’
Resolving ftp-private.ncbi.nlm.nih.gov (ftp-private.ncbi.nlm.nih.gov)... 130.14.29.30
Connecting to ftp-private.ncbi.nlm.nih.gov (ftp-private.ncbi.nlm.nih.gov)|130.14.29.30|:21... connected.
Logging in as anonymous ... Logged in!
==> SYST ... done.    ==> PWD ... done.
==> TYPE I ... done.  ==> CWD (1) /pubchem/.fetch/46 ... done.
==> SIZE 664090757083843915.txt.gz ... 69
==> PASV ... done.    ==> RETR 664090757083843915.txt.gz ... done.
Length: 69 (unauthoritative)

     0K                                                       100% 81.9K=0.001s

2019-06-20 22:38:36 (81.9 KB/s) - ‘664090757083843915.txt.gz’ saved [69]

--2019-06-20 22:38:36--  http://query/
Resolving query (query)... failed: Name or service not known.
wget: unable to resolve host address ‘query’
--2019-06-20 22:38:36--  ftp://xml/
           => ‘.listing’
Resolving xml (xml)... failed: Name or service not known.
wget: unable to resolve host address ‘xml’
--2019-06-20 22:38:36--  http://pc_fetch_aid527901_activities_0.cgi/
Resolving pc_fetch_aid527901_activities_0.cgi (pc_fetch_aid527901_activities_0.cgi)... failed: Name or service not known.
wget: unable to resolve host address ‘pc_fetch_aid527901_activities_0.cgi’
FINISHED --2019-06-20 22:38:37--
Total wall clock time: 1.5s
Downloaded: 1 files, 69 in 0.001s (81.9 KB/s)
