--2019-06-21 00:15:56--  ftp://ftp-private.ncbi.nlm.nih.gov/pubchem/.fetch/20/3912892399567643838.txt.gz
           => ‘3912892399567643838.txt.gz’
Resolving ftp-private.ncbi.nlm.nih.gov (ftp-private.ncbi.nlm.nih.gov)... 130.14.29.30
Connecting to ftp-private.ncbi.nlm.nih.gov (ftp-private.ncbi.nlm.nih.gov)|130.14.29.30|:21... connected.
Logging in as anonymous ... Logged in!
==> SYST ... done.    ==> PWD ... done.
==> TYPE I ... done.  ==> CWD (1) /pubchem/.fetch/20 ... done.
==> SIZE 3912892399567643838.txt.gz ... 139
==> PASV ... done.    ==> RETR 3912892399567643838.txt.gz ... done.
Length: 139 (unauthoritative)

     0K                                                       100%  133K=0.001s

2019-06-21 00:15:57 (133 KB/s) - ‘3912892399567643838.txt.gz’ saved [139]

--2019-06-21 00:15:57--  http://query/
Resolving query (query)... failed: Name or service not known.
wget: unable to resolve host address ‘query’
--2019-06-21 00:15:57--  ftp://xml/
           => ‘.listing’
Resolving xml (xml)... failed: Name or service not known.
wget: unable to resolve host address ‘xml’
--2019-06-21 00:15:57--  http://pc_fetch_aid747205_activities_0.cgi/
Resolving pc_fetch_aid747205_activities_0.cgi (pc_fetch_aid747205_activities_0.cgi)... failed: Name or service not known.
wget: unable to resolve host address ‘pc_fetch_aid747205_activities_0.cgi’
FINISHED --2019-06-21 00:15:57--
Total wall clock time: 0.5s
Downloaded: 1 files, 139 in 0.001s (133 KB/s)
