--2019-06-20 21:22:32--  ftp://ftp-private.ncbi.nlm.nih.gov/pubchem/.fetch/46/633248636184807195.txt.gz
           => ‘633248636184807195.txt.gz’
Resolving ftp-private.ncbi.nlm.nih.gov (ftp-private.ncbi.nlm.nih.gov)... 130.14.29.35
Connecting to ftp-private.ncbi.nlm.nih.gov (ftp-private.ncbi.nlm.nih.gov)|130.14.29.35|:21... connected.
Logging in as anonymous ... Logged in!
==> SYST ... done.    ==> PWD ... done.
==> TYPE I ... done.  ==> CWD (1) /pubchem/.fetch/46 ... done.
==> SIZE 633248636184807195.txt.gz ... 73
==> PASV ... done.    ==> RETR 633248636184807195.txt.gz ... done.
Length: 73 (unauthoritative)

     0K                                                       100% 63.5K=0.001s

2019-06-20 21:22:33 (63.5 KB/s) - ‘633248636184807195.txt.gz’ saved [73]

--2019-06-20 21:22:33--  http://query/
Resolving query (query)... failed: Name or service not known.
wget: unable to resolve host address ‘query’
--2019-06-20 21:22:33--  ftp://xml/
           => ‘.listing’
Resolving xml (xml)... failed: Name or service not known.
wget: unable to resolve host address ‘xml’
--2019-06-20 21:22:33--  http://pc_fetch_aid300137_activities_0.cgi/
Resolving pc_fetch_aid300137_activities_0.cgi (pc_fetch_aid300137_activities_0.cgi)... failed: Name or service not known.
wget: unable to resolve host address ‘pc_fetch_aid300137_activities_0.cgi’
FINISHED --2019-06-20 21:22:33--
Total wall clock time: 0.5s
Downloaded: 1 files, 73 in 0.001s (63.5 KB/s)
