--2019-06-20 17:42:32--  ftp://ftp-private.ncbi.nlm.nih.gov/pubchem/.fetch/69/2501367704311785785.txt.gz
           => ‘2501367704311785785.txt.gz’
Resolving ftp-private.ncbi.nlm.nih.gov (ftp-private.ncbi.nlm.nih.gov)... 130.14.29.35
Connecting to ftp-private.ncbi.nlm.nih.gov (ftp-private.ncbi.nlm.nih.gov)|130.14.29.35|:21... connected.
Logging in as anonymous ... Logged in!
==> SYST ... done.    ==> PWD ... done.
==> TYPE I ... done.  ==> CWD (1) /pubchem/.fetch/69 ... done.
==> SIZE 2501367704311785785.txt.gz ... 78
==> PASV ... done.    ==> RETR 2501367704311785785.txt.gz ... done.
Length: 78 (unauthoritative)

     0K                                                       100% 72.1K=0.001s

2019-06-20 17:42:33 (72.1 KB/s) - ‘2501367704311785785.txt.gz’ saved [78]

--2019-06-20 17:42:33--  http://query/
Resolving query (query)... failed: Name or service not known.
wget: unable to resolve host address ‘query’
--2019-06-20 17:42:33--  ftp://xml/
           => ‘.listing’
Resolving xml (xml)... failed: Name or service not known.
wget: unable to resolve host address ‘xml’
--2019-06-20 17:42:33--  http://pc_fetch_aid1154410_activities_0.cgi/
Resolving pc_fetch_aid1154410_activities_0.cgi (pc_fetch_aid1154410_activities_0.cgi)... failed: Name or service not known.
wget: unable to resolve host address ‘pc_fetch_aid1154410_activities_0.cgi’
FINISHED --2019-06-20 17:42:33--
Total wall clock time: 0.4s
Downloaded: 1 files, 78 in 0.001s (72.1 KB/s)
