--2019-06-20 17:56:16--  ftp://ftp-private.ncbi.nlm.nih.gov/pubchem/.fetch/71/1696727478420970987.txt.gz
           => ‘1696727478420970987.txt.gz’
Resolving ftp-private.ncbi.nlm.nih.gov (ftp-private.ncbi.nlm.nih.gov)... 130.14.29.35
Connecting to ftp-private.ncbi.nlm.nih.gov (ftp-private.ncbi.nlm.nih.gov)|130.14.29.35|:21... connected.
Logging in as anonymous ... Logged in!
==> SYST ... done.    ==> PWD ... done.
==> TYPE I ... done.  ==> CWD (1) /pubchem/.fetch/71 ... done.
==> SIZE 1696727478420970987.txt.gz ... 172
==> PASV ... done.    ==> RETR 1696727478420970987.txt.gz ... done.
Length: 172 (unauthoritative)

     0K                                                       100% 9.49K=0.02s

2019-06-20 17:56:16 (9.49 KB/s) - ‘1696727478420970987.txt.gz’ saved [172]

--2019-06-20 17:56:16--  http://query/
Resolving query (query)... failed: Name or service not known.
wget: unable to resolve host address ‘query’
--2019-06-20 17:56:16--  ftp://xml/
           => ‘.listing’
Resolving xml (xml)... failed: Name or service not known.
wget: unable to resolve host address ‘xml’
--2019-06-20 17:56:16--  http://pc_fetch_aid1163442_activities_0.cgi/
Resolving pc_fetch_aid1163442_activities_0.cgi (pc_fetch_aid1163442_activities_0.cgi)... failed: Name or service not known.
wget: unable to resolve host address ‘pc_fetch_aid1163442_activities_0.cgi’
FINISHED --2019-06-20 17:56:16--
Total wall clock time: 0.5s
Downloaded: 1 files, 172 in 0.02s (9.49 KB/s)
