--2019-06-20 17:34:20--  ftp://ftp-private.ncbi.nlm.nih.gov/pubchem/.fetch/18/2917710592102938884.txt.gz
           => ‘2917710592102938884.txt.gz’
Resolving ftp-private.ncbi.nlm.nih.gov (ftp-private.ncbi.nlm.nih.gov)... 130.14.29.30
Connecting to ftp-private.ncbi.nlm.nih.gov (ftp-private.ncbi.nlm.nih.gov)|130.14.29.30|:21... connected.
Logging in as anonymous ... Logged in!
==> SYST ... done.    ==> PWD ... done.
==> TYPE I ... done.  ==> CWD (1) /pubchem/.fetch/18 ... done.
==> SIZE 2917710592102938884.txt.gz ... 83
==> PASV ... done.    ==> RETR 2917710592102938884.txt.gz ... done.
Length: 83 (unauthoritative)

     0K                                                       100% 53.5K=0.002s

2019-06-20 17:34:21 (53.5 KB/s) - ‘2917710592102938884.txt.gz’ saved [83]

--2019-06-20 17:34:21--  http://query/
Resolving query (query)... failed: Name or service not known.
wget: unable to resolve host address ‘query’
--2019-06-20 17:34:21--  ftp://xml/
           => ‘.listing’
Resolving xml (xml)... failed: Name or service not known.
wget: unable to resolve host address ‘xml’
--2019-06-20 17:34:21--  http://pc_fetch_aid1121618_activities_0.cgi/
Resolving pc_fetch_aid1121618_activities_0.cgi (pc_fetch_aid1121618_activities_0.cgi)... failed: Name or service not known.
wget: unable to resolve host address ‘pc_fetch_aid1121618_activities_0.cgi’
FINISHED --2019-06-20 17:34:21--
Total wall clock time: 0.4s
Downloaded: 1 files, 83 in 0.002s (53.5 KB/s)
