--2019-06-20 22:25:47--  ftp://ftp-private.ncbi.nlm.nih.gov/pubchem/.fetch/63/2136543125662563050.txt.gz
           => ‘2136543125662563050.txt.gz’
Resolving ftp-private.ncbi.nlm.nih.gov (ftp-private.ncbi.nlm.nih.gov)... 130.14.29.30
Connecting to ftp-private.ncbi.nlm.nih.gov (ftp-private.ncbi.nlm.nih.gov)|130.14.29.30|:21... connected.
Logging in as anonymous ... Logged in!
==> SYST ... done.    ==> PWD ... done.
==> TYPE I ... done.  ==> CWD (1) /pubchem/.fetch/63 ... done.
==> SIZE 2136543125662563050.txt.gz ... 55
==> PASV ... done.    ==> RETR 2136543125662563050.txt.gz ... done.
Length: 55 (unauthoritative)

     0K                                                       100% 71.6K=0.001s

2019-06-20 22:25:48 (71.6 KB/s) - ‘2136543125662563050.txt.gz’ saved [55]

--2019-06-20 22:25:48--  http://query/
Resolving query (query)... failed: Name or service not known.
wget: unable to resolve host address ‘query’
--2019-06-20 22:25:48--  ftp://xml/
           => ‘.listing’
Resolving xml (xml)... failed: Name or service not known.
wget: unable to resolve host address ‘xml’
--2019-06-20 22:25:48--  http://pc_fetch_aid503292_activities_0.cgi/
Resolving pc_fetch_aid503292_activities_0.cgi (pc_fetch_aid503292_activities_0.cgi)... failed: Name or service not known.
wget: unable to resolve host address ‘pc_fetch_aid503292_activities_0.cgi’
FINISHED --2019-06-20 22:25:48--
Total wall clock time: 0.5s
Downloaded: 1 files, 55 in 0.001s (71.6 KB/s)
