--2019-06-20 23:07:30--  ftp://ftp-private.ncbi.nlm.nih.gov/pubchem/.fetch/5/4307020585030709202.txt.gz
           => ‘4307020585030709202.txt.gz’
Resolving ftp-private.ncbi.nlm.nih.gov (ftp-private.ncbi.nlm.nih.gov)... 130.14.29.35
Connecting to ftp-private.ncbi.nlm.nih.gov (ftp-private.ncbi.nlm.nih.gov)|130.14.29.35|:21... connected.
Logging in as anonymous ... Logged in!
==> SYST ... done.    ==> PWD ... done.
==> TYPE I ... done.  ==> CWD (1) /pubchem/.fetch/5 ... done.
==> SIZE 4307020585030709202.txt.gz ... 105
==> PASV ... done.    ==> RETR 4307020585030709202.txt.gz ... done.
Length: 105 (unauthoritative)

     0K                                                       100% 99.6K=0.001s

2019-06-20 23:07:31 (99.6 KB/s) - ‘4307020585030709202.txt.gz’ saved [105]

--2019-06-20 23:07:31--  http://query/
Resolving query (query)... failed: Name or service not known.
wget: unable to resolve host address ‘query’
--2019-06-20 23:07:31--  ftp://xml/
           => ‘.listing’
Resolving xml (xml)... failed: Name or service not known.
wget: unable to resolve host address ‘xml’
--2019-06-20 23:07:31--  http://pc_fetch_aid627234_activities_0.cgi/
Resolving pc_fetch_aid627234_activities_0.cgi (pc_fetch_aid627234_activities_0.cgi)... failed: Name or service not known.
wget: unable to resolve host address ‘pc_fetch_aid627234_activities_0.cgi’
FINISHED --2019-06-20 23:07:31--
Total wall clock time: 0.8s
Downloaded: 1 files, 105 in 0.001s (99.6 KB/s)
