--2019-06-20 17:29:40--  ftp://ftp-private.ncbi.nlm.nih.gov/pubchem/.fetch/30/3360131025663671286.txt.gz
           => ‘3360131025663671286.txt.gz’
Resolving ftp-private.ncbi.nlm.nih.gov (ftp-private.ncbi.nlm.nih.gov)... 130.14.29.30
Connecting to ftp-private.ncbi.nlm.nih.gov (ftp-private.ncbi.nlm.nih.gov)|130.14.29.30|:21... connected.
Logging in as anonymous ... Logged in!
==> SYST ... done.    ==> PWD ... done.
==> TYPE I ... done.  ==> CWD (1) /pubchem/.fetch/30 ... done.
==> SIZE 3360131025663671286.txt.gz ... 96
==> PASV ... done.    ==> RETR 3360131025663671286.txt.gz ... done.
Length: 96 (unauthoritative)

     0K                                                       100%  125K=0.001s

2019-06-20 17:29:41 (125 KB/s) - ‘3360131025663671286.txt.gz’ saved [96]

--2019-06-20 17:29:41--  http://query/
Resolving query (query)... failed: Name or service not known.
wget: unable to resolve host address ‘query’
--2019-06-20 17:29:41--  ftp://xml/
           => ‘.listing’
Resolving xml (xml)... failed: Name or service not known.
wget: unable to resolve host address ‘xml’
--2019-06-20 17:29:41--  http://pc_fetch_aid1103750_activities_0.cgi/
Resolving pc_fetch_aid1103750_activities_0.cgi (pc_fetch_aid1103750_activities_0.cgi)... failed: Name or service not known.
wget: unable to resolve host address ‘pc_fetch_aid1103750_activities_0.cgi’
FINISHED --2019-06-20 17:29:41--
Total wall clock time: 0.6s
Downloaded: 1 files, 96 in 0.001s (125 KB/s)
