--2019-06-20 18:42:32--  ftp://ftp-private.ncbi.nlm.nih.gov/pubchem/.fetch/70/3263087402723248887.txt.gz
           => ‘3263087402723248887.txt.gz’
Resolving ftp-private.ncbi.nlm.nih.gov (ftp-private.ncbi.nlm.nih.gov)... 130.14.29.35
Connecting to ftp-private.ncbi.nlm.nih.gov (ftp-private.ncbi.nlm.nih.gov)|130.14.29.35|:21... connected.
Logging in as anonymous ... Logged in!
==> SYST ... done.    ==> PWD ... done.
==> TYPE I ... done.  ==> CWD (1) /pubchem/.fetch/70 ... done.
==> SIZE 3263087402723248887.txt.gz ... 136
==> PASV ... done.    ==> RETR 3263087402723248887.txt.gz ... done.
Length: 136 (unauthoritative)

     0K                                                       100% 8.72K=0.02s

2019-06-20 18:42:32 (8.72 KB/s) - ‘3263087402723248887.txt.gz’ saved [136]

--2019-06-20 18:42:32--  http://query/
Resolving query (query)... failed: Name or service not known.
wget: unable to resolve host address ‘query’
--2019-06-20 18:42:32--  ftp://xml/
           => ‘.listing’
Resolving xml (xml)... failed: Name or service not known.
wget: unable to resolve host address ‘xml’
--2019-06-20 18:42:32--  http://pc_fetch_aid1190141_activities_0.cgi/
Resolving pc_fetch_aid1190141_activities_0.cgi (pc_fetch_aid1190141_activities_0.cgi)... failed: Name or service not known.
wget: unable to resolve host address ‘pc_fetch_aid1190141_activities_0.cgi’
FINISHED --2019-06-20 18:42:32--
Total wall clock time: 0.5s
Downloaded: 1 files, 136 in 0.02s (8.72 KB/s)
