--2019-06-20 21:34:29--  ftp://ftp-private.ncbi.nlm.nih.gov/pubchem/.fetch/27/4072224397027463982.txt.gz
           => ‘4072224397027463982.txt.gz’
Resolving ftp-private.ncbi.nlm.nih.gov (ftp-private.ncbi.nlm.nih.gov)... 130.14.29.30
Connecting to ftp-private.ncbi.nlm.nih.gov (ftp-private.ncbi.nlm.nih.gov)|130.14.29.30|:21... connected.
Logging in as anonymous ... Logged in!
==> SYST ... done.    ==> PWD ... done.
==> TYPE I ... done.  ==> CWD (1) /pubchem/.fetch/27 ... done.
==> SIZE 4072224397027463982.txt.gz ... 74
==> PASV ... done.    ==> RETR 4072224397027463982.txt.gz ... done.
Length: 74 (unauthoritative)

     0K                                                       100% 80.8K=0.001s

2019-06-20 21:34:29 (80.8 KB/s) - ‘4072224397027463982.txt.gz’ saved [74]

--2019-06-20 21:34:29--  http://query/
Resolving query (query)... failed: Name or service not known.
wget: unable to resolve host address ‘query’
--2019-06-20 21:34:29--  ftp://xml/
           => ‘.listing’
Resolving xml (xml)... failed: Name or service not known.
wget: unable to resolve host address ‘xml’
--2019-06-20 21:34:29--  http://pc_fetch_aid346054_activities_0.cgi/
Resolving pc_fetch_aid346054_activities_0.cgi (pc_fetch_aid346054_activities_0.cgi)... failed: Name or service not known.
wget: unable to resolve host address ‘pc_fetch_aid346054_activities_0.cgi’
FINISHED --2019-06-20 21:34:29--
Total wall clock time: 0.5s
Downloaded: 1 files, 74 in 0.001s (80.8 KB/s)
