--2019-06-20 18:48:17--  ftp://ftp-private.ncbi.nlm.nih.gov/pubchem/.fetch/78/2352382853996532124.txt.gz
           => ‘2352382853996532124.txt.gz’
Resolving ftp-private.ncbi.nlm.nih.gov (ftp-private.ncbi.nlm.nih.gov)... 130.14.29.35
Connecting to ftp-private.ncbi.nlm.nih.gov (ftp-private.ncbi.nlm.nih.gov)|130.14.29.35|:21... connected.
Logging in as anonymous ... Logged in!
==> SYST ... done.    ==> PWD ... done.
==> TYPE I ... done.  ==> CWD (1) /pubchem/.fetch/78 ... done.
==> SIZE 2352382853996532124.txt.gz ... 115
==> PASV ... done.    ==> RETR 2352382853996532124.txt.gz ... done.
Length: 115 (unauthoritative)

     0K                                                       100%  145K=0.001s

2019-06-20 18:48:18 (145 KB/s) - ‘2352382853996532124.txt.gz’ saved [115]

--2019-06-20 18:48:18--  http://query/
Resolving query (query)... failed: Name or service not known.
wget: unable to resolve host address ‘query’
--2019-06-20 18:48:18--  ftp://xml/
           => ‘.listing’
Resolving xml (xml)... failed: Name or service not known.
wget: unable to resolve host address ‘xml’
--2019-06-20 18:48:18--  http://pc_fetch_aid1202140_activities_0.cgi/
Resolving pc_fetch_aid1202140_activities_0.cgi (pc_fetch_aid1202140_activities_0.cgi)... failed: Name or service not known.
wget: unable to resolve host address ‘pc_fetch_aid1202140_activities_0.cgi’
FINISHED --2019-06-20 18:48:18--
Total wall clock time: 0.7s
Downloaded: 1 files, 115 in 0.001s (145 KB/s)
