--2019-06-20 23:12:27--  ftp://ftp-private.ncbi.nlm.nih.gov/pubchem/.fetch/42/2899507761965615725.txt.gz
           => ‘2899507761965615725.txt.gz’
Resolving ftp-private.ncbi.nlm.nih.gov (ftp-private.ncbi.nlm.nih.gov)... 130.14.29.30
Connecting to ftp-private.ncbi.nlm.nih.gov (ftp-private.ncbi.nlm.nih.gov)|130.14.29.30|:21... connected.
Logging in as anonymous ... Logged in!
==> SYST ... done.    ==> PWD ... done.
==> TYPE I ... done.  ==> CWD (1) /pubchem/.fetch/42 ... done.
==> SIZE 2899507761965615725.txt.gz ... 176
==> PASV ... done.    ==> RETR 2899507761965615725.txt.gz ... done.
Length: 176 (unauthoritative)

     0K                                                       100%  172K=0.001s

2019-06-20 23:12:27 (172 KB/s) - ‘2899507761965615725.txt.gz’ saved [176]

--2019-06-20 23:12:27--  http://query/
Resolving query (query)... failed: Name or service not known.
wget: unable to resolve host address ‘query’
--2019-06-20 23:12:27--  ftp://xml/
           => ‘.listing’
Resolving xml (xml)... failed: Name or service not known.
wget: unable to resolve host address ‘xml’
--2019-06-20 23:12:27--  http://pc_fetch_aid636045_activities_0.cgi/
Resolving pc_fetch_aid636045_activities_0.cgi (pc_fetch_aid636045_activities_0.cgi)... failed: Name or service not known.
wget: unable to resolve host address ‘pc_fetch_aid636045_activities_0.cgi’
FINISHED --2019-06-20 23:12:27--
Total wall clock time: 0.8s
Downloaded: 1 files, 176 in 0.001s (172 KB/s)
