--2019-06-20 21:30:02--  ftp://ftp-private.ncbi.nlm.nih.gov/pubchem/.fetch/41/4346785591365209.txt.gz
           => ‘4346785591365209.txt.gz’
Resolving ftp-private.ncbi.nlm.nih.gov (ftp-private.ncbi.nlm.nih.gov)... 130.14.29.35
Connecting to ftp-private.ncbi.nlm.nih.gov (ftp-private.ncbi.nlm.nih.gov)|130.14.29.35|:21... connected.
Logging in as anonymous ... Logged in!
==> SYST ... done.    ==> PWD ... done.
==> TYPE I ... done.  ==> CWD (1) /pubchem/.fetch/41 ... done.
==> SIZE 4346785591365209.txt.gz ... 107
==> PASV ... done.    ==> RETR 4346785591365209.txt.gz ... done.
Length: 107 (unauthoritative)

     0K                                                       100%  121K=0.001s

2019-06-20 21:30:02 (121 KB/s) - ‘4346785591365209.txt.gz’ saved [107]

--2019-06-20 21:30:02--  http://query/
Resolving query (query)... failed: Name or service not known.
wget: unable to resolve host address ‘query’
--2019-06-20 21:30:02--  ftp://xml/
           => ‘.listing’
Resolving xml (xml)... failed: Name or service not known.
wget: unable to resolve host address ‘xml’
--2019-06-20 21:30:02--  http://pc_fetch_aid340563_activities_0.cgi/
Resolving pc_fetch_aid340563_activities_0.cgi (pc_fetch_aid340563_activities_0.cgi)... failed: Name or service not known.
wget: unable to resolve host address ‘pc_fetch_aid340563_activities_0.cgi’
FINISHED --2019-06-20 21:30:02--
Total wall clock time: 0.6s
Downloaded: 1 files, 107 in 0.001s (121 KB/s)
