--2019-06-20 21:10:59--  ftp://ftp-private.ncbi.nlm.nih.gov/pubchem/.fetch/78/3404980569100616156.txt.gz
           => ‘3404980569100616156.txt.gz’
Resolving ftp-private.ncbi.nlm.nih.gov (ftp-private.ncbi.nlm.nih.gov)... 130.14.29.30
Connecting to ftp-private.ncbi.nlm.nih.gov (ftp-private.ncbi.nlm.nih.gov)|130.14.29.30|:21... connected.
Logging in as anonymous ... Logged in!
==> SYST ... done.    ==> PWD ... done.
==> TYPE I ... done.  ==> CWD (1) /pubchem/.fetch/78 ... done.
==> SIZE 3404980569100616156.txt.gz ... 84
==> PASV ... done.    ==> RETR 3404980569100616156.txt.gz ... done.
Length: 84 (unauthoritative)

     0K                                                       100% 90.7K=0.001s

2019-06-20 21:10:59 (90.7 KB/s) - ‘3404980569100616156.txt.gz’ saved [84]

--2019-06-20 21:10:59--  http://query/
Resolving query (query)... failed: Name or service not known.
wget: unable to resolve host address ‘query’
--2019-06-20 21:10:59--  ftp://xml/
           => ‘.listing’
Resolving xml (xml)... failed: Name or service not known.
wget: unable to resolve host address ‘xml’
--2019-06-20 21:10:59--  http://pc_fetch_aid220763_activities_0.cgi/
Resolving pc_fetch_aid220763_activities_0.cgi (pc_fetch_aid220763_activities_0.cgi)... failed: Name or service not known.
wget: unable to resolve host address ‘pc_fetch_aid220763_activities_0.cgi’
FINISHED --2019-06-20 21:10:59--
Total wall clock time: 0.5s
Downloaded: 1 files, 84 in 0.001s (90.7 KB/s)
