--2019-06-21 00:03:40--  ftp://ftp-private.ncbi.nlm.nih.gov/pubchem/.fetch/33/4396052462577396986.txt.gz
           => ‘4396052462577396986.txt.gz’
Resolving ftp-private.ncbi.nlm.nih.gov (ftp-private.ncbi.nlm.nih.gov)... 130.14.29.30
Connecting to ftp-private.ncbi.nlm.nih.gov (ftp-private.ncbi.nlm.nih.gov)|130.14.29.30|:21... connected.
Logging in as anonymous ... Logged in!
==> SYST ... done.    ==> PWD ... done.
==> TYPE I ... done.  ==> CWD (1) /pubchem/.fetch/33 ... done.
==> SIZE 4396052462577396986.txt.gz ... 109
==> PASV ... done.    ==> RETR 4396052462577396986.txt.gz ... done.
Length: 109 (unauthoritative)

     0K                                                       100%  105K=0.001s

2019-06-21 00:03:41 (105 KB/s) - ‘4396052462577396986.txt.gz’ saved [109]

--2019-06-21 00:03:41--  http://query/
Resolving query (query)... failed: Name or service not known.
wget: unable to resolve host address ‘query’
--2019-06-21 00:03:41--  ftp://xml/
           => ‘.listing’
Resolving xml (xml)... failed: Name or service not known.
wget: unable to resolve host address ‘xml’
--2019-06-21 00:03:41--  http://pc_fetch_aid733300_activities_0.cgi/
Resolving pc_fetch_aid733300_activities_0.cgi (pc_fetch_aid733300_activities_0.cgi)... failed: Name or service not known.
wget: unable to resolve host address ‘pc_fetch_aid733300_activities_0.cgi’
FINISHED --2019-06-21 00:03:41--
Total wall clock time: 0.5s
Downloaded: 1 files, 109 in 0.001s (105 KB/s)
