--2019-06-20 18:11:36--  ftp://ftp-private.ncbi.nlm.nih.gov/pubchem/.fetch/48/1722390341409673393.txt.gz
           => ‘1722390341409673393.txt.gz’
Resolving ftp-private.ncbi.nlm.nih.gov (ftp-private.ncbi.nlm.nih.gov)... 130.14.29.35
Connecting to ftp-private.ncbi.nlm.nih.gov (ftp-private.ncbi.nlm.nih.gov)|130.14.29.35|:21... connected.
Logging in as anonymous ... Logged in!
==> SYST ... done.    ==> PWD ... done.
==> TYPE I ... done.  ==> CWD (1) /pubchem/.fetch/48 ... done.
==> SIZE 1722390341409673393.txt.gz ... 118
==> PASV ... done.    ==> RETR 1722390341409673393.txt.gz ... done.
Length: 118 (unauthoritative)

     0K                                                       100%  141K=0.001s

2019-06-20 18:11:36 (141 KB/s) - ‘1722390341409673393.txt.gz’ saved [118]

--2019-06-20 18:11:36--  http://query/
Resolving query (query)... failed: Name or service not known.
wget: unable to resolve host address ‘query’
--2019-06-20 18:11:36--  ftp://xml/
           => ‘.listing’
Resolving xml (xml)... failed: Name or service not known.
wget: unable to resolve host address ‘xml’
--2019-06-20 18:11:36--  http://pc_fetch_aid1165506_activities_0.cgi/
Resolving pc_fetch_aid1165506_activities_0.cgi (pc_fetch_aid1165506_activities_0.cgi)... failed: Name or service not known.
wget: unable to resolve host address ‘pc_fetch_aid1165506_activities_0.cgi’
FINISHED --2019-06-20 18:11:36--
Total wall clock time: 0.6s
Downloaded: 1 files, 118 in 0.001s (141 KB/s)
