--2019-06-20 17:09:26--  ftp://ftp-private.ncbi.nlm.nih.gov/pubchem/.fetch/27/4301305407589688324.txt.gz
           => ‘4301305407589688324.txt.gz’
Resolving ftp-private.ncbi.nlm.nih.gov (ftp-private.ncbi.nlm.nih.gov)... 130.14.29.35
Connecting to ftp-private.ncbi.nlm.nih.gov (ftp-private.ncbi.nlm.nih.gov)|130.14.29.35|:21... connected.
Logging in as anonymous ... Logged in!
==> SYST ... done.    ==> PWD ... done.
==> TYPE I ... done.  ==> CWD (1) /pubchem/.fetch/27 ... done.
==> SIZE 4301305407589688324.txt.gz ... 78
==> PASV ... done.    ==> RETR 4301305407589688324.txt.gz ... done.
Length: 78 (unauthoritative)

     0K                                                       100% 76.7K=0.001s

2019-06-20 17:09:26 (76.7 KB/s) - ‘4301305407589688324.txt.gz’ saved [78]

--2019-06-20 17:09:26--  http://query/
Resolving query (query)... failed: Name or service not known.
wget: unable to resolve host address ‘query’
--2019-06-20 17:09:26--  ftp://xml/
           => ‘.listing’
Resolving xml (xml)... failed: Name or service not known.
wget: unable to resolve host address ‘xml’
--2019-06-20 17:09:26--  http://pc_fetch_aid1063094_activities_0.cgi/
Resolving pc_fetch_aid1063094_activities_0.cgi (pc_fetch_aid1063094_activities_0.cgi)... failed: Name or service not known.
wget: unable to resolve host address ‘pc_fetch_aid1063094_activities_0.cgi’
FINISHED --2019-06-20 17:09:26--
Total wall clock time: 0.5s
Downloaded: 1 files, 78 in 0.001s (76.7 KB/s)
