--2019-06-20 21:29:05--  ftp://ftp-private.ncbi.nlm.nih.gov/pubchem/.fetch/84/2375238755890300645.txt.gz
           => ‘2375238755890300645.txt.gz’
Resolving ftp-private.ncbi.nlm.nih.gov (ftp-private.ncbi.nlm.nih.gov)... 130.14.29.30
Connecting to ftp-private.ncbi.nlm.nih.gov (ftp-private.ncbi.nlm.nih.gov)|130.14.29.30|:21... connected.
Logging in as anonymous ... Logged in!
==> SYST ... done.    ==> PWD ... done.
==> TYPE I ... done.  ==> CWD (1) /pubchem/.fetch/84 ... done.
==> SIZE 2375238755890300645.txt.gz ... 91
==> PASV ... done.    ==> RETR 2375238755890300645.txt.gz ... done.
Length: 91 (unauthoritative)

     0K                                                       100%  101K=0.001s

2019-06-20 21:29:06 (101 KB/s) - ‘2375238755890300645.txt.gz’ saved [91]

--2019-06-20 21:29:06--  http://query/
Resolving query (query)... failed: Name or service not known.
wget: unable to resolve host address ‘query’
--2019-06-20 21:29:06--  ftp://xml/
           => ‘.listing’
Resolving xml (xml)... failed: Name or service not known.
wget: unable to resolve host address ‘xml’
--2019-06-20 21:29:06--  http://pc_fetch_aid322904_activities_0.cgi/
Resolving pc_fetch_aid322904_activities_0.cgi (pc_fetch_aid322904_activities_0.cgi)... failed: Name or service not known.
wget: unable to resolve host address ‘pc_fetch_aid322904_activities_0.cgi’
FINISHED --2019-06-20 21:29:06--
Total wall clock time: 0.6s
Downloaded: 1 files, 91 in 0.001s (101 KB/s)
