--2019-06-21 00:32:21--  ftp://ftp-private.ncbi.nlm.nih.gov/pubchem/.fetch/33/3682532364736750269.txt.gz
           => ‘3682532364736750269.txt.gz’
Resolving ftp-private.ncbi.nlm.nih.gov (ftp-private.ncbi.nlm.nih.gov)... 130.14.29.35
Connecting to ftp-private.ncbi.nlm.nih.gov (ftp-private.ncbi.nlm.nih.gov)|130.14.29.35|:21... connected.
Logging in as anonymous ... Logged in!
==> SYST ... done.    ==> PWD ... done.
==> TYPE I ... done.  ==> CWD (1) /pubchem/.fetch/33 ... done.
==> SIZE 3682532364736750269.txt.gz ... 60
==> PASV ... done.    ==> RETR 3682532364736750269.txt.gz ... done.
Length: 60 (unauthoritative)

     0K                                                       100% 76.3K=0.001s

2019-06-21 00:32:21 (76.3 KB/s) - ‘3682532364736750269.txt.gz’ saved [60]

--2019-06-21 00:32:21--  http://query/
Resolving query (query)... failed: Name or service not known.
wget: unable to resolve host address ‘query’
--2019-06-21 00:32:21--  ftp://xml/
           => ‘.listing’
Resolving xml (xml)... failed: Name or service not known.
wget: unable to resolve host address ‘xml’
--2019-06-21 00:32:21--  http://pc_fetch_aid756733_activities_0.cgi/
Resolving pc_fetch_aid756733_activities_0.cgi (pc_fetch_aid756733_activities_0.cgi)... failed: Name or service not known.
wget: unable to resolve host address ‘pc_fetch_aid756733_activities_0.cgi’
FINISHED --2019-06-21 00:32:21--
Total wall clock time: 0.5s
Downloaded: 1 files, 60 in 0.001s (76.3 KB/s)
