--2019-06-21 00:03:11--  ftp://ftp-private.ncbi.nlm.nih.gov/pubchem/.fetch/32/330479632423661244.txt.gz
           => ‘330479632423661244.txt.gz’
Resolving ftp-private.ncbi.nlm.nih.gov (ftp-private.ncbi.nlm.nih.gov)... 130.14.29.30
Connecting to ftp-private.ncbi.nlm.nih.gov (ftp-private.ncbi.nlm.nih.gov)|130.14.29.30|:21... connected.
Logging in as anonymous ... Logged in!
==> SYST ... done.    ==> PWD ... done.
==> TYPE I ... done.  ==> CWD (1) /pubchem/.fetch/32 ... done.
==> SIZE 330479632423661244.txt.gz ... 109
==> PASV ... done.    ==> RETR 330479632423661244.txt.gz ... done.
Length: 109 (unauthoritative)

     0K                                                       100%  116K=0.001s

2019-06-21 00:03:12 (116 KB/s) - ‘330479632423661244.txt.gz’ saved [109]

--2019-06-21 00:03:12--  http://query/
Resolving query (query)... failed: Name or service not known.
wget: unable to resolve host address ‘query’
--2019-06-21 00:03:12--  ftp://xml/
           => ‘.listing’
Resolving xml (xml)... failed: Name or service not known.
wget: unable to resolve host address ‘xml’
--2019-06-21 00:03:12--  http://pc_fetch_aid733295_activities_0.cgi/
Resolving pc_fetch_aid733295_activities_0.cgi (pc_fetch_aid733295_activities_0.cgi)... failed: Name or service not known.
wget: unable to resolve host address ‘pc_fetch_aid733295_activities_0.cgi’
FINISHED --2019-06-21 00:03:12--
Total wall clock time: 0.4s
Downloaded: 1 files, 109 in 0.001s (116 KB/s)
