--2019-06-20 22:10:12--  ftp://ftp-private.ncbi.nlm.nih.gov/pubchem/.fetch/19/1044389434910391149.txt.gz
           => ‘1044389434910391149.txt.gz’
Resolving ftp-private.ncbi.nlm.nih.gov (ftp-private.ncbi.nlm.nih.gov)... 130.14.29.35
Connecting to ftp-private.ncbi.nlm.nih.gov (ftp-private.ncbi.nlm.nih.gov)|130.14.29.35|:21... connected.
Logging in as anonymous ... Logged in!
==> SYST ... done.    ==> PWD ... done.
==> TYPE I ... done.  ==> CWD (1) /pubchem/.fetch/19 ... done.
==> SIZE 1044389434910391149.txt.gz ... 156
==> PASV ... done.    ==> RETR 1044389434910391149.txt.gz ... done.
Length: 156 (unauthoritative)

     0K                                                       100%  280K=0.001s

2019-06-20 22:10:13 (280 KB/s) - ‘1044389434910391149.txt.gz’ saved [156]

--2019-06-20 22:10:13--  http://query/
Resolving query (query)... failed: Name or service not known.
wget: unable to resolve host address ‘query’
--2019-06-20 22:10:13--  ftp://xml/
           => ‘.listing’
Resolving xml (xml)... failed: Name or service not known.
wget: unable to resolve host address ‘xml’
--2019-06-20 22:10:13--  http://pc_fetch_aid478221_activities_0.cgi/
Resolving pc_fetch_aid478221_activities_0.cgi (pc_fetch_aid478221_activities_0.cgi)... failed: Name or service not known.
wget: unable to resolve host address ‘pc_fetch_aid478221_activities_0.cgi’
FINISHED --2019-06-20 22:10:13--
Total wall clock time: 0.6s
Downloaded: 1 files, 156 in 0.001s (280 KB/s)
