--2019-06-20 20:48:03--  ftp://ftp-private.ncbi.nlm.nih.gov/pubchem/.fetch/53/3204920516810660634.txt.gz
           => ‘3204920516810660634.txt.gz’
Resolving ftp-private.ncbi.nlm.nih.gov (ftp-private.ncbi.nlm.nih.gov)... 130.14.29.35
Connecting to ftp-private.ncbi.nlm.nih.gov (ftp-private.ncbi.nlm.nih.gov)|130.14.29.35|:21... connected.
Logging in as anonymous ... Logged in!
==> SYST ... done.    ==> PWD ... done.
==> TYPE I ... done.  ==> CWD (1) /pubchem/.fetch/53 ... done.
==> SIZE 3204920516810660634.txt.gz ... 82
==> PASV ... done.    ==> RETR 3204920516810660634.txt.gz ... done.
Length: 82 (unauthoritative)

     0K                                                       100%  102K=0.001s

2019-06-20 20:48:03 (102 KB/s) - ‘3204920516810660634.txt.gz’ saved [82]

--2019-06-20 20:48:03--  http://query/
Resolving query (query)... failed: Name or service not known.
wget: unable to resolve host address ‘query’
--2019-06-20 20:48:03--  ftp://xml/
           => ‘.listing’
Resolving xml (xml)... failed: Name or service not known.
wget: unable to resolve host address ‘xml’
--2019-06-20 20:48:03--  http://pc_fetch_aid1323071_activities_0.cgi/
Resolving pc_fetch_aid1323071_activities_0.cgi (pc_fetch_aid1323071_activities_0.cgi)... failed: Name or service not known.
wget: unable to resolve host address ‘pc_fetch_aid1323071_activities_0.cgi’
FINISHED --2019-06-20 20:48:03--
Total wall clock time: 0.6s
Downloaded: 1 files, 82 in 0.001s (102 KB/s)
