--2019-06-20 21:23:26--  ftp://ftp-private.ncbi.nlm.nih.gov/pubchem/.fetch/86/2094181106047394053.txt.gz
           => ‘2094181106047394053.txt.gz’
Resolving ftp-private.ncbi.nlm.nih.gov (ftp-private.ncbi.nlm.nih.gov)... 130.14.29.35
Connecting to ftp-private.ncbi.nlm.nih.gov (ftp-private.ncbi.nlm.nih.gov)|130.14.29.35|:21... connected.
Logging in as anonymous ... Logged in!
==> SYST ... done.    ==> PWD ... done.
==> TYPE I ... done.  ==> CWD (1) /pubchem/.fetch/86 ... done.
==> SIZE 2094181106047394053.txt.gz ... 135
==> PASV ... done.    ==> RETR 2094181106047394053.txt.gz ... done.
Length: 135 (unauthoritative)

     0K                                                       100%  127K=0.001s

2019-06-20 21:23:26 (127 KB/s) - ‘2094181106047394053.txt.gz’ saved [135]

--2019-06-20 21:23:26--  http://query/
Resolving query (query)... failed: Name or service not known.
wget: unable to resolve host address ‘query’
--2019-06-20 21:23:26--  ftp://xml/
           => ‘.listing’
Resolving xml (xml)... failed: Name or service not known.
wget: unable to resolve host address ‘xml’
--2019-06-20 21:23:26--  http://pc_fetch_aid308798_activities_0.cgi/
Resolving pc_fetch_aid308798_activities_0.cgi (pc_fetch_aid308798_activities_0.cgi)... failed: Name or service not known.
wget: unable to resolve host address ‘pc_fetch_aid308798_activities_0.cgi’
FINISHED --2019-06-20 21:23:26--
Total wall clock time: 0.4s
Downloaded: 1 files, 135 in 0.001s (127 KB/s)
