--2019-06-20 19:21:49--  ftp://ftp-private.ncbi.nlm.nih.gov/pubchem/.fetch/11/2277082532627070587.txt.gz
           => ‘2277082532627070587.txt.gz’
Resolving ftp-private.ncbi.nlm.nih.gov (ftp-private.ncbi.nlm.nih.gov)... 130.14.29.35
Connecting to ftp-private.ncbi.nlm.nih.gov (ftp-private.ncbi.nlm.nih.gov)|130.14.29.35|:21... connected.
Logging in as anonymous ... Logged in!
==> SYST ... done.    ==> PWD ... done.
==> TYPE I ... done.  ==> CWD (1) /pubchem/.fetch/11 ... done.
==> SIZE 2277082532627070587.txt.gz ... 73
==> PASV ... done.    ==> RETR 2277082532627070587.txt.gz ... done.
Length: 73 (unauthoritative)

     0K                                                       100% 83.5K=0.001s

2019-06-20 19:21:49 (83.5 KB/s) - ‘2277082532627070587.txt.gz’ saved [73]

--2019-06-20 19:21:49--  http://query/
Resolving query (query)... failed: Name or service not known.
wget: unable to resolve host address ‘query’
--2019-06-20 19:21:49--  ftp://xml/
           => ‘.listing’
Resolving xml (xml)... failed: Name or service not known.
wget: unable to resolve host address ‘xml’
--2019-06-20 19:21:49--  http://pc_fetch_aid1261167_activities_0.cgi/
Resolving pc_fetch_aid1261167_activities_0.cgi (pc_fetch_aid1261167_activities_0.cgi)... failed: Name or service not known.
wget: unable to resolve host address ‘pc_fetch_aid1261167_activities_0.cgi’
FINISHED --2019-06-20 19:21:50--
Total wall clock time: 0.8s
Downloaded: 1 files, 73 in 0.001s (83.5 KB/s)
