--2019-06-21 00:33:55--  ftp://ftp-private.ncbi.nlm.nih.gov/pubchem/.fetch/8/3233972200089791296.txt.gz
           => ‘3233972200089791296.txt.gz’
Resolving ftp-private.ncbi.nlm.nih.gov (ftp-private.ncbi.nlm.nih.gov)... 130.14.29.30
Connecting to ftp-private.ncbi.nlm.nih.gov (ftp-private.ncbi.nlm.nih.gov)|130.14.29.30|:21... connected.
Logging in as anonymous ... Logged in!
==> SYST ... done.    ==> PWD ... done.
==> TYPE I ... done.  ==> CWD (1) /pubchem/.fetch/8 ... done.
==> SIZE 3233972200089791296.txt.gz ... 74
==> PASV ... done.    ==> RETR 3233972200089791296.txt.gz ... done.
Length: 74 (unauthoritative)

     0K                                                       100% 93.2K=0.001s

2019-06-21 00:33:55 (93.2 KB/s) - ‘3233972200089791296.txt.gz’ saved [74]

--2019-06-21 00:33:55--  http://query/
Resolving query (query)... failed: Name or service not known.
wget: unable to resolve host address ‘query’
--2019-06-21 00:33:55--  ftp://xml/
           => ‘.listing’
Resolving xml (xml)... failed: Name or service not known.
wget: unable to resolve host address ‘xml’
--2019-06-21 00:33:55--  http://pc_fetch_aid769555_activities_0.cgi/
Resolving pc_fetch_aid769555_activities_0.cgi (pc_fetch_aid769555_activities_0.cgi)... failed: Name or service not known.
wget: unable to resolve host address ‘pc_fetch_aid769555_activities_0.cgi’
FINISHED --2019-06-21 00:33:55--
Total wall clock time: 0.4s
Downloaded: 1 files, 74 in 0.001s (93.2 KB/s)
