--2019-06-20 18:31:38--  ftp://ftp-private.ncbi.nlm.nih.gov/pubchem/.fetch/92/1450066029769291000.txt.gz
           => ‘1450066029769291000.txt.gz’
Resolving ftp-private.ncbi.nlm.nih.gov (ftp-private.ncbi.nlm.nih.gov)... 130.14.29.30
Connecting to ftp-private.ncbi.nlm.nih.gov (ftp-private.ncbi.nlm.nih.gov)|130.14.29.30|:21... connected.
Logging in as anonymous ... Logged in!
==> SYST ... done.    ==> PWD ... done.
==> TYPE I ... done.  ==> CWD (1) /pubchem/.fetch/92 ... done.
==> SIZE 1450066029769291000.txt.gz ... 114
==> PASV ... done.    ==> RETR 1450066029769291000.txt.gz ... done.
Length: 114 (unauthoritative)

     0K                                                       100%  113K=0.001s

2019-06-20 18:31:39 (113 KB/s) - ‘1450066029769291000.txt.gz’ saved [114]

--2019-06-20 18:31:39--  http://query/
Resolving query (query)... failed: Name or service not known.
wget: unable to resolve host address ‘query’
--2019-06-20 18:31:39--  ftp://xml/
           => ‘.listing’
Resolving xml (xml)... failed: Name or service not known.
wget: unable to resolve host address ‘xml’
--2019-06-20 18:31:39--  http://pc_fetch_aid1178046_activities_0.cgi/
Resolving pc_fetch_aid1178046_activities_0.cgi (pc_fetch_aid1178046_activities_0.cgi)... failed: Name or service not known.
wget: unable to resolve host address ‘pc_fetch_aid1178046_activities_0.cgi’
FINISHED --2019-06-20 18:31:39--
Total wall clock time: 0.8s
Downloaded: 1 files, 114 in 0.001s (113 KB/s)
