--2019-06-20 22:04:37--  ftp://ftp-private.ncbi.nlm.nih.gov/pubchem/.fetch/79/1739523418917994426.txt.gz
           => ‘1739523418917994426.txt.gz’
Resolving ftp-private.ncbi.nlm.nih.gov (ftp-private.ncbi.nlm.nih.gov)... 130.14.29.35
Connecting to ftp-private.ncbi.nlm.nih.gov (ftp-private.ncbi.nlm.nih.gov)|130.14.29.35|:21... connected.
Logging in as anonymous ... Logged in!
==> SYST ... done.    ==> PWD ... done.
==> TYPE I ... done.  ==> CWD (1) /pubchem/.fetch/79 ... done.
==> SIZE 1739523418917994426.txt.gz ... 67
==> PASV ... done.    ==> RETR 1739523418917994426.txt.gz ... done.
Length: 67 (unauthoritative)

     0K                                                       100% 80.4K=0.001s

2019-06-20 22:04:38 (80.4 KB/s) - ‘1739523418917994426.txt.gz’ saved [67]

--2019-06-20 22:04:38--  http://query/
Resolving query (query)... failed: Name or service not known.
wget: unable to resolve host address ‘query’
--2019-06-20 22:04:38--  ftp://xml/
           => ‘.listing’
Resolving xml (xml)... failed: Name or service not known.
wget: unable to resolve host address ‘xml’
--2019-06-20 22:04:38--  http://pc_fetch_aid468147_activities_0.cgi/
Resolving pc_fetch_aid468147_activities_0.cgi (pc_fetch_aid468147_activities_0.cgi)... failed: Name or service not known.
wget: unable to resolve host address ‘pc_fetch_aid468147_activities_0.cgi’
FINISHED --2019-06-20 22:04:38--
Total wall clock time: 0.8s
Downloaded: 1 files, 67 in 0.001s (80.4 KB/s)
