--2019-06-20 18:31:07--  ftp://ftp-private.ncbi.nlm.nih.gov/pubchem/.fetch/63/2121739230137956409.txt.gz
           => ‘2121739230137956409.txt.gz’
Resolving ftp-private.ncbi.nlm.nih.gov (ftp-private.ncbi.nlm.nih.gov)... 130.14.29.35
Connecting to ftp-private.ncbi.nlm.nih.gov (ftp-private.ncbi.nlm.nih.gov)|130.14.29.35|:21... connected.
Logging in as anonymous ... Logged in!
==> SYST ... done.    ==> PWD ... done.
==> TYPE I ... done.  ==> CWD (1) /pubchem/.fetch/63 ... done.
==> SIZE 2121739230137956409.txt.gz ... 116
==> PASV ... done.    ==> RETR 2121739230137956409.txt.gz ... done.
Length: 116 (unauthoritative)

     0K                                                       100%  122K=0.001s

2019-06-20 18:31:07 (122 KB/s) - ‘2121739230137956409.txt.gz’ saved [116]

--2019-06-20 18:31:07--  http://query/
Resolving query (query)... failed: Name or service not known.
wget: unable to resolve host address ‘query’
--2019-06-20 18:31:07--  ftp://xml/
           => ‘.listing’
Resolving xml (xml)... failed: Name or service not known.
wget: unable to resolve host address ‘xml’
--2019-06-20 18:31:07--  http://pc_fetch_aid1178041_activities_0.cgi/
Resolving pc_fetch_aid1178041_activities_0.cgi (pc_fetch_aid1178041_activities_0.cgi)... failed: Name or service not known.
wget: unable to resolve host address ‘pc_fetch_aid1178041_activities_0.cgi’
FINISHED --2019-06-20 18:31:07--
Total wall clock time: 0.4s
Downloaded: 1 files, 116 in 0.001s (122 KB/s)
