--2019-06-20 19:58:57--  ftp://ftp-private.ncbi.nlm.nih.gov/pubchem/.fetch/77/989557621426664780.txt.gz
           => ‘989557621426664780.txt.gz’
Resolving ftp-private.ncbi.nlm.nih.gov (ftp-private.ncbi.nlm.nih.gov)... 130.14.29.35
Connecting to ftp-private.ncbi.nlm.nih.gov (ftp-private.ncbi.nlm.nih.gov)|130.14.29.35|:21... connected.
Logging in as anonymous ... Logged in!
==> SYST ... done.    ==> PWD ... done.
==> TYPE I ... done.  ==> CWD (1) /pubchem/.fetch/77 ... done.
==> SIZE 989557621426664780.txt.gz ... 116
==> PASV ... done.    ==> RETR 989557621426664780.txt.gz ... done.
Length: 116 (unauthoritative)

     0K                                                       100%  120K=0.001s

2019-06-20 19:58:57 (120 KB/s) - ‘989557621426664780.txt.gz’ saved [116]

--2019-06-20 19:58:57--  http://query/
Resolving query (query)... failed: Name or service not known.
wget: unable to resolve host address ‘query’
--2019-06-20 19:58:57--  ftp://xml/
           => ‘.listing’
Resolving xml (xml)... failed: Name or service not known.
wget: unable to resolve host address ‘xml’
--2019-06-20 19:58:57--  http://pc_fetch_aid1292156_activities_0.cgi/
Resolving pc_fetch_aid1292156_activities_0.cgi (pc_fetch_aid1292156_activities_0.cgi)... failed: Name or service not known.
wget: unable to resolve host address ‘pc_fetch_aid1292156_activities_0.cgi’
FINISHED --2019-06-20 19:58:57--
Total wall clock time: 0.4s
Downloaded: 1 files, 116 in 0.001s (120 KB/s)
