--2019-06-20 20:30:39--  ftp://ftp-private.ncbi.nlm.nih.gov/pubchem/.fetch/50/341553937864130653.txt.gz
           => ‘341553937864130653.txt.gz’
Resolving ftp-private.ncbi.nlm.nih.gov (ftp-private.ncbi.nlm.nih.gov)... 130.14.29.35
Connecting to ftp-private.ncbi.nlm.nih.gov (ftp-private.ncbi.nlm.nih.gov)|130.14.29.35|:21... connected.
Logging in as anonymous ... Logged in!
==> SYST ... done.    ==> PWD ... done.
==> TYPE I ... done.  ==> CWD (1) /pubchem/.fetch/50 ... done.
==> SIZE 341553937864130653.txt.gz ... 174
==> PASV ... done.    ==> RETR 341553937864130653.txt.gz ... done.
Length: 174 (unauthoritative)

     0K                                                       100%  164K=0.001s

2019-06-20 20:30:40 (164 KB/s) - ‘341553937864130653.txt.gz’ saved [174]

--2019-06-20 20:30:40--  http://query/
Resolving query (query)... failed: Name or service not known.
wget: unable to resolve host address ‘query’
--2019-06-20 20:30:40--  ftp://xml/
           => ‘.listing’
Resolving xml (xml)... failed: Name or service not known.
wget: unable to resolve host address ‘xml’
--2019-06-20 20:30:40--  http://pc_fetch_aid1310475_activities_0.cgi/
Resolving pc_fetch_aid1310475_activities_0.cgi (pc_fetch_aid1310475_activities_0.cgi)... failed: Name or service not known.
wget: unable to resolve host address ‘pc_fetch_aid1310475_activities_0.cgi’
FINISHED --2019-06-20 20:30:40--
Total wall clock time: 0.8s
Downloaded: 1 files, 174 in 0.001s (164 KB/s)
