--2019-06-20 23:37:52--  ftp://ftp-private.ncbi.nlm.nih.gov/pubchem/.fetch/80/429167784607567553.txt.gz
           => ‘429167784607567553.txt.gz’
Resolving ftp-private.ncbi.nlm.nih.gov (ftp-private.ncbi.nlm.nih.gov)... 130.14.29.35
Connecting to ftp-private.ncbi.nlm.nih.gov (ftp-private.ncbi.nlm.nih.gov)|130.14.29.35|:21... connected.
Logging in as anonymous ... Logged in!
==> SYST ... done.    ==> PWD ... done.
==> TYPE I ... done.  ==> CWD (1) /pubchem/.fetch/80 ... done.
==> SIZE 429167784607567553.txt.gz ... 105
==> PASV ... done.    ==> RETR 429167784607567553.txt.gz ... done.
Length: 105 (unauthoritative)

     0K                                                       100%  114K=0.001s

2019-06-20 23:37:53 (114 KB/s) - ‘429167784607567553.txt.gz’ saved [105]

--2019-06-20 23:37:53--  http://query/
Resolving query (query)... failed: Name or service not known.
wget: unable to resolve host address ‘query’
--2019-06-20 23:37:53--  ftp://xml/
           => ‘.listing’
Resolving xml (xml)... failed: Name or service not known.
wget: unable to resolve host address ‘xml’
--2019-06-20 23:37:53--  http://pc_fetch_aid701760_activities_0.cgi/
Resolving pc_fetch_aid701760_activities_0.cgi (pc_fetch_aid701760_activities_0.cgi)... failed: Name or service not known.
wget: unable to resolve host address ‘pc_fetch_aid701760_activities_0.cgi’
FINISHED --2019-06-20 23:37:53--
Total wall clock time: 0.5s
Downloaded: 1 files, 105 in 0.001s (114 KB/s)
