--2019-06-20 22:11:19--  ftp://ftp-private.ncbi.nlm.nih.gov/pubchem/.fetch/13/4237475840655516540.txt.gz
           => ‘4237475840655516540.txt.gz’
Resolving ftp-private.ncbi.nlm.nih.gov (ftp-private.ncbi.nlm.nih.gov)... 130.14.29.35
Connecting to ftp-private.ncbi.nlm.nih.gov (ftp-private.ncbi.nlm.nih.gov)|130.14.29.35|:21... connected.
Logging in as anonymous ... Logged in!
==> SYST ... done.    ==> PWD ... done.
==> TYPE I ... done.  ==> CWD (1) /pubchem/.fetch/13 ... done.
==> SIZE 4237475840655516540.txt.gz ... 89
==> PASV ... done.    ==> RETR 4237475840655516540.txt.gz ... done.
Length: 89 (unauthoritative)

     0K                                                       100% 6.73K=0.01s

2019-06-20 22:11:20 (6.73 KB/s) - ‘4237475840655516540.txt.gz’ saved [89]

--2019-06-20 22:11:20--  http://query/
Resolving query (query)... failed: Name or service not known.
wget: unable to resolve host address ‘query’
--2019-06-20 22:11:20--  ftp://xml/
           => ‘.listing’
Resolving xml (xml)... failed: Name or service not known.
wget: unable to resolve host address ‘xml’
--2019-06-20 22:11:20--  http://pc_fetch_aid486661_activities_0.cgi/
Resolving pc_fetch_aid486661_activities_0.cgi (pc_fetch_aid486661_activities_0.cgi)... failed: Name or service not known.
wget: unable to resolve host address ‘pc_fetch_aid486661_activities_0.cgi’
FINISHED --2019-06-20 22:11:20--
Total wall clock time: 0.5s
Downloaded: 1 files, 89 in 0.01s (6.73 KB/s)
