--2019-06-20 19:18:13--  ftp://ftp-private.ncbi.nlm.nih.gov/pubchem/.fetch/37/2091910632111905602.txt.gz
           => ‘2091910632111905602.txt.gz’
Resolving ftp-private.ncbi.nlm.nih.gov (ftp-private.ncbi.nlm.nih.gov)... 130.14.29.35
Connecting to ftp-private.ncbi.nlm.nih.gov (ftp-private.ncbi.nlm.nih.gov)|130.14.29.35|:21... connected.
Logging in as anonymous ... Logged in!
==> SYST ... done.    ==> PWD ... done.
==> TYPE I ... done.  ==> CWD (1) /pubchem/.fetch/37 ... done.
==> SIZE 2091910632111905602.txt.gz ... 73
==> PASV ... done.    ==> RETR 2091910632111905602.txt.gz ... done.
Length: 73 (unauthoritative)

     0K                                                       100% 84.1K=0.001s

2019-06-20 19:18:13 (84.1 KB/s) - ‘2091910632111905602.txt.gz’ saved [73]

--2019-06-20 19:18:13--  http://query/
Resolving query (query)... failed: Name or service not known.
wget: unable to resolve host address ‘query’
--2019-06-20 19:18:13--  ftp://xml/
           => ‘.listing’
Resolving xml (xml)... failed: Name or service not known.
wget: unable to resolve host address ‘xml’
--2019-06-20 19:18:13--  http://pc_fetch_aid1261132_activities_0.cgi/
Resolving pc_fetch_aid1261132_activities_0.cgi (pc_fetch_aid1261132_activities_0.cgi)... failed: Name or service not known.
wget: unable to resolve host address ‘pc_fetch_aid1261132_activities_0.cgi’
FINISHED --2019-06-20 19:18:13--
Total wall clock time: 0.5s
Downloaded: 1 files, 73 in 0.001s (84.1 KB/s)
