--2019-06-21 00:23:09--  ftp://ftp-private.ncbi.nlm.nih.gov/pubchem/.fetch/60/4292928977284699082.txt.gz
           => ‘4292928977284699082.txt.gz’
Resolving ftp-private.ncbi.nlm.nih.gov (ftp-private.ncbi.nlm.nih.gov)... 130.14.29.35
Connecting to ftp-private.ncbi.nlm.nih.gov (ftp-private.ncbi.nlm.nih.gov)|130.14.29.35|:21... connected.
Logging in as anonymous ... Logged in!
==> SYST ... done.    ==> PWD ... done.
==> TYPE I ... done.  ==> CWD (1) /pubchem/.fetch/60 ... done.
==> SIZE 4292928977284699082.txt.gz ... 89
==> PASV ... done.    ==> RETR 4292928977284699082.txt.gz ... done.
Length: 89 (unauthoritative)

     0K                                                       100%  123K=0.001s

2019-06-21 00:23:09 (123 KB/s) - ‘4292928977284699082.txt.gz’ saved [89]

--2019-06-21 00:23:09--  http://query/
Resolving query (query)... failed: Name or service not known.
wget: unable to resolve host address ‘query’
--2019-06-21 00:23:09--  ftp://xml/
           => ‘.listing’
Resolving xml (xml)... failed: Name or service not known.
wget: unable to resolve host address ‘xml’
--2019-06-21 00:23:09--  http://pc_fetch_aid752559_activities_0.cgi/
Resolving pc_fetch_aid752559_activities_0.cgi (pc_fetch_aid752559_activities_0.cgi)... failed: Name or service not known.
wget: unable to resolve host address ‘pc_fetch_aid752559_activities_0.cgi’
FINISHED --2019-06-21 00:23:09--
Total wall clock time: 0.4s
Downloaded: 1 files, 89 in 0.001s (123 KB/s)
