--2019-06-20 19:38:28--  ftp://ftp-private.ncbi.nlm.nih.gov/pubchem/.fetch/7/2595662699324609524.txt.gz
           => ‘2595662699324609524.txt.gz’
Resolving ftp-private.ncbi.nlm.nih.gov (ftp-private.ncbi.nlm.nih.gov)... 130.14.29.30
Connecting to ftp-private.ncbi.nlm.nih.gov (ftp-private.ncbi.nlm.nih.gov)|130.14.29.30|:21... connected.
Logging in as anonymous ... Logged in!
==> SYST ... done.    ==> PWD ... done.
==> TYPE I ... done.  ==> CWD (1) /pubchem/.fetch/7 ... done.
==> SIZE 2595662699324609524.txt.gz ... 82
==> PASV ... done.    ==> RETR 2595662699324609524.txt.gz ... done.
Length: 82 (unauthoritative)

     0K                                                       100% 96.0K=0.001s

2019-06-20 19:38:29 (96.0 KB/s) - ‘2595662699324609524.txt.gz’ saved [82]

--2019-06-20 19:38:29--  http://query/
Resolving query (query)... failed: Name or service not known.
wget: unable to resolve host address ‘query’
--2019-06-20 19:38:29--  ftp://xml/
           => ‘.listing’
Resolving xml (xml)... failed: Name or service not known.
wget: unable to resolve host address ‘xml’
--2019-06-20 19:38:29--  http://pc_fetch_aid1276768_activities_0.cgi/
Resolving pc_fetch_aid1276768_activities_0.cgi (pc_fetch_aid1276768_activities_0.cgi)... failed: Name or service not known.
wget: unable to resolve host address ‘pc_fetch_aid1276768_activities_0.cgi’
FINISHED --2019-06-20 19:38:29--
Total wall clock time: 0.5s
Downloaded: 1 files, 82 in 0.001s (96.0 KB/s)
