--2019-06-20 17:32:00--  ftp://ftp-private.ncbi.nlm.nih.gov/pubchem/.fetch/62/1258078820070154337.txt.gz
           => ‘1258078820070154337.txt.gz’
Resolving ftp-private.ncbi.nlm.nih.gov (ftp-private.ncbi.nlm.nih.gov)... 130.14.29.30
Connecting to ftp-private.ncbi.nlm.nih.gov (ftp-private.ncbi.nlm.nih.gov)|130.14.29.30|:21... connected.
Logging in as anonymous ... Logged in!
==> SYST ... done.    ==> PWD ... done.
==> TYPE I ... done.  ==> CWD (1) /pubchem/.fetch/62 ... done.
==> SIZE 1258078820070154337.txt.gz ... 113
==> PASV ... done.    ==> RETR 1258078820070154337.txt.gz ... done.
Length: 113 (unauthoritative)

     0K                                                       100%  129K=0.001s

2019-06-20 17:32:00 (129 KB/s) - ‘1258078820070154337.txt.gz’ saved [113]

--2019-06-20 17:32:00--  http://query/
Resolving query (query)... failed: Name or service not known.
wget: unable to resolve host address ‘query’
--2019-06-20 17:32:00--  ftp://xml/
           => ‘.listing’
Resolving xml (xml)... failed: Name or service not known.
wget: unable to resolve host address ‘xml’
--2019-06-20 17:32:00--  http://pc_fetch_aid1103773_activities_0.cgi/
Resolving pc_fetch_aid1103773_activities_0.cgi (pc_fetch_aid1103773_activities_0.cgi)... failed: Name or service not known.
wget: unable to resolve host address ‘pc_fetch_aid1103773_activities_0.cgi’
FINISHED --2019-06-20 17:32:00--
Total wall clock time: 0.4s
Downloaded: 1 files, 113 in 0.001s (129 KB/s)
