--2019-06-20 23:03:57--  ftp://ftp-private.ncbi.nlm.nih.gov/pubchem/.fetch/12/232400840997395164.txt.gz
           => ‘232400840997395164.txt.gz’
Resolving ftp-private.ncbi.nlm.nih.gov (ftp-private.ncbi.nlm.nih.gov)... 130.14.29.30
Connecting to ftp-private.ncbi.nlm.nih.gov (ftp-private.ncbi.nlm.nih.gov)|130.14.29.30|:21... connected.
Logging in as anonymous ... Logged in!
==> SYST ... done.    ==> PWD ... done.
==> TYPE I ... done.  ==> CWD (1) /pubchem/.fetch/12 ... done.
==> SIZE 232400840997395164.txt.gz ... 76
==> PASV ... done.    ==> RETR 232400840997395164.txt.gz ... done.
Length: 76 (unauthoritative)

     0K                                                       100% 96.0K=0.001s

2019-06-20 23:03:57 (96.0 KB/s) - ‘232400840997395164.txt.gz’ saved [76]

--2019-06-20 23:03:57--  http://query/
Resolving query (query)... failed: Name or service not known.
wget: unable to resolve host address ‘query’
--2019-06-20 23:03:57--  ftp://xml/
           => ‘.listing’
Resolving xml (xml)... failed: Name or service not known.
wget: unable to resolve host address ‘xml’
--2019-06-20 23:03:57--  http://pc_fetch_aid617249_activities_0.cgi/
Resolving pc_fetch_aid617249_activities_0.cgi (pc_fetch_aid617249_activities_0.cgi)... failed: Name or service not known.
wget: unable to resolve host address ‘pc_fetch_aid617249_activities_0.cgi’
FINISHED --2019-06-20 23:03:57--
Total wall clock time: 0.4s
Downloaded: 1 files, 76 in 0.001s (96.0 KB/s)
