--2019-06-20 17:54:48--  ftp://ftp-private.ncbi.nlm.nih.gov/pubchem/.fetch/12/3830357577654390620.txt.gz
           => ‘3830357577654390620.txt.gz’
Resolving ftp-private.ncbi.nlm.nih.gov (ftp-private.ncbi.nlm.nih.gov)... 130.14.29.35
Connecting to ftp-private.ncbi.nlm.nih.gov (ftp-private.ncbi.nlm.nih.gov)|130.14.29.35|:21... connected.
Logging in as anonymous ... Logged in!
==> SYST ... done.    ==> PWD ... done.
==> TYPE I ... done.  ==> CWD (1) /pubchem/.fetch/12 ... done.
==> SIZE 3830357577654390620.txt.gz ... 123
==> PASV ... done.    ==> RETR 3830357577654390620.txt.gz ... done.
Length: 123 (unauthoritative)

     0K                                                       100%  125K=0.001s

2019-06-20 17:54:49 (125 KB/s) - ‘3830357577654390620.txt.gz’ saved [123]

--2019-06-20 17:54:49--  http://query/
Resolving query (query)... failed: Name or service not known.
wget: unable to resolve host address ‘query’
--2019-06-20 17:54:49--  ftp://xml/
           => ‘.listing’
Resolving xml (xml)... failed: Name or service not known.
wget: unable to resolve host address ‘xml’
--2019-06-20 17:54:49--  http://pc_fetch_aid1162825_activities_0.cgi/
Resolving pc_fetch_aid1162825_activities_0.cgi (pc_fetch_aid1162825_activities_0.cgi)... failed: Name or service not known.
wget: unable to resolve host address ‘pc_fetch_aid1162825_activities_0.cgi’
FINISHED --2019-06-20 17:54:49--
Total wall clock time: 0.7s
Downloaded: 1 files, 123 in 0.001s (125 KB/s)
