--2019-06-20 21:34:42--  ftp://ftp-private.ncbi.nlm.nih.gov/pubchem/.fetch/61/3777700263989309103.txt.gz
           => ‘3777700263989309103.txt.gz’
Resolving ftp-private.ncbi.nlm.nih.gov (ftp-private.ncbi.nlm.nih.gov)... 130.14.29.30
Connecting to ftp-private.ncbi.nlm.nih.gov (ftp-private.ncbi.nlm.nih.gov)|130.14.29.30|:21... connected.
Logging in as anonymous ... Logged in!
==> SYST ... done.    ==> PWD ... done.
==> TYPE I ... done.  ==> CWD (1) /pubchem/.fetch/61 ... done.
==> SIZE 3777700263989309103.txt.gz ... 69
==> PASV ... done.    ==> RETR 3777700263989309103.txt.gz ... done.
Length: 69 (unauthoritative)

     0K                                                       100% 82.5K=0.001s

2019-06-20 21:34:43 (82.5 KB/s) - ‘3777700263989309103.txt.gz’ saved [69]

--2019-06-20 21:34:43--  http://query/
Resolving query (query)... failed: Name or service not known.
wget: unable to resolve host address ‘query’
--2019-06-20 21:34:43--  ftp://xml/
           => ‘.listing’
Resolving xml (xml)... failed: Name or service not known.
wget: unable to resolve host address ‘xml’
--2019-06-20 21:34:43--  http://pc_fetch_aid346056_activities_0.cgi/
Resolving pc_fetch_aid346056_activities_0.cgi (pc_fetch_aid346056_activities_0.cgi)... failed: Name or service not known.
wget: unable to resolve host address ‘pc_fetch_aid346056_activities_0.cgi’
FINISHED --2019-06-20 21:34:43--
Total wall clock time: 0.7s
Downloaded: 1 files, 69 in 0.001s (82.5 KB/s)
