--2019-06-20 18:49:21--  ftp://ftp-private.ncbi.nlm.nih.gov/pubchem/.fetch/42/3785475766533851001.txt.gz
           => ‘3785475766533851001.txt.gz’
Resolving ftp-private.ncbi.nlm.nih.gov (ftp-private.ncbi.nlm.nih.gov)... 130.14.29.35
Connecting to ftp-private.ncbi.nlm.nih.gov (ftp-private.ncbi.nlm.nih.gov)|130.14.29.35|:21... connected.
Logging in as anonymous ... Logged in!
==> SYST ... done.    ==> PWD ... done.
==> TYPE I ... done.  ==> CWD (1) /pubchem/.fetch/42 ... done.
==> SIZE 3785475766533851001.txt.gz ... 115
==> PASV ... done.    ==> RETR 3785475766533851001.txt.gz ... done.
Length: 115 (unauthoritative)

     0K                                                       100%  124K=0.001s

2019-06-20 18:49:21 (124 KB/s) - ‘3785475766533851001.txt.gz’ saved [115]

--2019-06-20 18:49:21--  http://query/
Resolving query (query)... failed: Name or service not known.
wget: unable to resolve host address ‘query’
--2019-06-20 18:49:21--  ftp://xml/
           => ‘.listing’
Resolving xml (xml)... failed: Name or service not known.
wget: unable to resolve host address ‘xml’
--2019-06-20 18:49:21--  http://pc_fetch_aid1202150_activities_0.cgi/
Resolving pc_fetch_aid1202150_activities_0.cgi (pc_fetch_aid1202150_activities_0.cgi)... failed: Name or service not known.
wget: unable to resolve host address ‘pc_fetch_aid1202150_activities_0.cgi’
FINISHED --2019-06-20 18:49:21--
Total wall clock time: 0.4s
Downloaded: 1 files, 115 in 0.001s (124 KB/s)
