--2019-06-21 00:18:57--  ftp://ftp-private.ncbi.nlm.nih.gov/pubchem/.fetch/81/3259860310189908238.txt.gz
           => ‘3259860310189908238.txt.gz’
Resolving ftp-private.ncbi.nlm.nih.gov (ftp-private.ncbi.nlm.nih.gov)... 130.14.29.30
Connecting to ftp-private.ncbi.nlm.nih.gov (ftp-private.ncbi.nlm.nih.gov)|130.14.29.30|:21... connected.
Logging in as anonymous ... Logged in!
==> SYST ... done.    ==> PWD ... done.
==> TYPE I ... done.  ==> CWD (1) /pubchem/.fetch/81 ... done.
==> SIZE 3259860310189908238.txt.gz ... 139
==> PASV ... done.    ==> RETR 3259860310189908238.txt.gz ... done.
Length: 139 (unauthoritative)

     0K                                                       100%  140K=0.001s

2019-06-21 00:18:57 (140 KB/s) - ‘3259860310189908238.txt.gz’ saved [139]

--2019-06-21 00:18:57--  http://query/
Resolving query (query)... failed: Name or service not known.
wget: unable to resolve host address ‘query’
--2019-06-21 00:18:57--  ftp://xml/
           => ‘.listing’
Resolving xml (xml)... failed: Name or service not known.
wget: unable to resolve host address ‘xml’
--2019-06-21 00:18:57--  http://pc_fetch_aid747235_activities_0.cgi/
Resolving pc_fetch_aid747235_activities_0.cgi (pc_fetch_aid747235_activities_0.cgi)... failed: Name or service not known.
wget: unable to resolve host address ‘pc_fetch_aid747235_activities_0.cgi’
FINISHED --2019-06-21 00:18:57--
Total wall clock time: 0.8s
Downloaded: 1 files, 139 in 0.001s (140 KB/s)
