--2019-06-20 23:48:17--  ftp://ftp-private.ncbi.nlm.nih.gov/pubchem/.fetch/43/3721239442755820056.txt.gz
           => ‘3721239442755820056.txt.gz’
Resolving ftp-private.ncbi.nlm.nih.gov (ftp-private.ncbi.nlm.nih.gov)... 130.14.29.30
Connecting to ftp-private.ncbi.nlm.nih.gov (ftp-private.ncbi.nlm.nih.gov)|130.14.29.30|:21... connected.
Logging in as anonymous ... Logged in!
==> SYST ... done.    ==> PWD ... done.
==> TYPE I ... done.  ==> CWD (1) /pubchem/.fetch/43 ... done.
==> SIZE 3721239442755820056.txt.gz ... 59
==> PASV ... done.    ==> RETR 3721239442755820056.txt.gz ... done.
Length: 59 (unauthoritative)

     0K                                                       100% 87.3K=0.001s

2019-06-20 23:48:17 (87.3 KB/s) - ‘3721239442755820056.txt.gz’ saved [59]

--2019-06-20 23:48:17--  http://query/
Resolving query (query)... failed: Name or service not known.
wget: unable to resolve host address ‘query’
--2019-06-20 23:48:17--  ftp://xml/
           => ‘.listing’
Resolving xml (xml)... failed: Name or service not known.
wget: unable to resolve host address ‘xml’
--2019-06-20 23:48:17--  http://pc_fetch_aid713381_activities_0.cgi/
Resolving pc_fetch_aid713381_activities_0.cgi (pc_fetch_aid713381_activities_0.cgi)... failed: Name or service not known.
wget: unable to resolve host address ‘pc_fetch_aid713381_activities_0.cgi’
FINISHED --2019-06-20 23:48:17--
Total wall clock time: 0.4s
Downloaded: 1 files, 59 in 0.001s (87.3 KB/s)
