--2019-06-20 18:40:08--  ftp://ftp-private.ncbi.nlm.nih.gov/pubchem/.fetch/60/3035738936031243554.txt.gz
           => ‘3035738936031243554.txt.gz’
Resolving ftp-private.ncbi.nlm.nih.gov (ftp-private.ncbi.nlm.nih.gov)... 130.14.29.35
Connecting to ftp-private.ncbi.nlm.nih.gov (ftp-private.ncbi.nlm.nih.gov)|130.14.29.35|:21... connected.
Logging in as anonymous ... Logged in!
==> SYST ... done.    ==> PWD ... done.
==> TYPE I ... done.  ==> CWD (1) /pubchem/.fetch/60 ... done.
==> SIZE 3035738936031243554.txt.gz ... 139
==> PASV ... done.    ==> RETR 3035738936031243554.txt.gz ... done.
Length: 139 (unauthoritative)

     0K                                                       100%  126K=0.001s

2019-06-20 18:40:09 (126 KB/s) - ‘3035738936031243554.txt.gz’ saved [139]

--2019-06-20 18:40:09--  http://query/
Resolving query (query)... failed: Name or service not known.
wget: unable to resolve host address ‘query’
--2019-06-20 18:40:09--  ftp://xml/
           => ‘.listing’
Resolving xml (xml)... failed: Name or service not known.
wget: unable to resolve host address ‘xml’
--2019-06-20 18:40:09--  http://pc_fetch_aid1186569_activities_0.cgi/
Resolving pc_fetch_aid1186569_activities_0.cgi (pc_fetch_aid1186569_activities_0.cgi)... failed: Name or service not known.
wget: unable to resolve host address ‘pc_fetch_aid1186569_activities_0.cgi’
FINISHED --2019-06-20 18:40:09--
Total wall clock time: 0.4s
Downloaded: 1 files, 139 in 0.001s (126 KB/s)
