--2019-06-20 23:26:20--  ftp://ftp-private.ncbi.nlm.nih.gov/pubchem/.fetch/18/728222904709296313.txt.gz
           => ‘728222904709296313.txt.gz’
Resolving ftp-private.ncbi.nlm.nih.gov (ftp-private.ncbi.nlm.nih.gov)... 130.14.29.30
Connecting to ftp-private.ncbi.nlm.nih.gov (ftp-private.ncbi.nlm.nih.gov)|130.14.29.30|:21... connected.
Logging in as anonymous ... Logged in!
==> SYST ... done.    ==> PWD ... done.
==> TYPE I ... done.  ==> CWD (1) /pubchem/.fetch/18 ... done.
==> SIZE 728222904709296313.txt.gz ... 14187
==> PASV ... done.    ==> RETR 728222904709296313.txt.gz ... done.
Length: 14187 (14K) (unauthoritative)

     0K .......... ...                                        100%  524K=0.03s

2019-06-20 23:26:20 (524 KB/s) - ‘728222904709296313.txt.gz’ saved [14187]

--2019-06-20 23:26:20--  http://query/
Resolving query (query)... failed: Name or service not known.
wget: unable to resolve host address ‘query’
--2019-06-20 23:26:20--  ftp://xml/
           => ‘.listing’
Resolving xml (xml)... failed: Name or service not known.
wget: unable to resolve host address ‘xml’
--2019-06-20 23:26:20--  http://pc_fetch_aid651755_activities_0.cgi/
Resolving pc_fetch_aid651755_activities_0.cgi (pc_fetch_aid651755_activities_0.cgi)... failed: Name or service not known.
wget: unable to resolve host address ‘pc_fetch_aid651755_activities_0.cgi’
FINISHED --2019-06-20 23:26:20--
Total wall clock time: 0.6s
Downloaded: 1 files, 14K in 0.03s (524 KB/s)
