--2019-06-20 22:53:07--  ftp://ftp-private.ncbi.nlm.nih.gov/pubchem/.fetch/36/762378096246254628.txt.gz
           => ‘762378096246254628.txt.gz’
Resolving ftp-private.ncbi.nlm.nih.gov (ftp-private.ncbi.nlm.nih.gov)... 130.14.29.35
Connecting to ftp-private.ncbi.nlm.nih.gov (ftp-private.ncbi.nlm.nih.gov)|130.14.29.35|:21... connected.
Logging in as anonymous ... Logged in!
==> SYST ... done.    ==> PWD ... done.
==> TYPE I ... done.  ==> CWD (1) /pubchem/.fetch/36 ... done.
==> SIZE 762378096246254628.txt.gz ... 72
==> PASV ... done.    ==> RETR 762378096246254628.txt.gz ... done.
Length: 72 (unauthoritative)

     0K                                                       100% 79.5K=0.001s

2019-06-20 22:53:08 (79.5 KB/s) - ‘762378096246254628.txt.gz’ saved [72]

--2019-06-20 22:53:08--  http://query/
Resolving query (query)... failed: Name or service not known.
wget: unable to resolve host address ‘query’
--2019-06-20 22:53:08--  ftp://xml/
           => ‘.listing’
Resolving xml (xml)... failed: Name or service not known.
wget: unable to resolve host address ‘xml’
--2019-06-20 22:53:08--  http://pc_fetch_aid584635_activities_0.cgi/
Resolving pc_fetch_aid584635_activities_0.cgi (pc_fetch_aid584635_activities_0.cgi)... failed: Name or service not known.
wget: unable to resolve host address ‘pc_fetch_aid584635_activities_0.cgi’
FINISHED --2019-06-20 22:53:08--
Total wall clock time: 0.6s
Downloaded: 1 files, 72 in 0.001s (79.5 KB/s)
