--2019-06-21 00:30:09--  ftp://ftp-private.ncbi.nlm.nih.gov/pubchem/.fetch/92/758529181019119361.txt.gz
           => ‘758529181019119361.txt.gz’
Resolving ftp-private.ncbi.nlm.nih.gov (ftp-private.ncbi.nlm.nih.gov)... 130.14.29.30
Connecting to ftp-private.ncbi.nlm.nih.gov (ftp-private.ncbi.nlm.nih.gov)|130.14.29.30|:21... connected.
Logging in as anonymous ... Logged in!
==> SYST ... done.    ==> PWD ... done.
==> TYPE I ... done.  ==> CWD (1) /pubchem/.fetch/92 ... done.
==> SIZE 758529181019119361.txt.gz ... 102
==> PASV ... done.    ==> RETR 758529181019119361.txt.gz ... done.
Length: 102 (unauthoritative)

     0K                                                       100%  114K=0.001s

2019-06-21 00:30:10 (114 KB/s) - ‘758529181019119361.txt.gz’ saved [102]

--2019-06-21 00:30:10--  http://query/
Resolving query (query)... failed: Name or service not known.
wget: unable to resolve host address ‘query’
--2019-06-21 00:30:10--  ftp://xml/
           => ‘.listing’
Resolving xml (xml)... failed: Name or service not known.
wget: unable to resolve host address ‘xml’
--2019-06-21 00:30:10--  http://pc_fetch_aid754342_activities_0.cgi/
Resolving pc_fetch_aid754342_activities_0.cgi (pc_fetch_aid754342_activities_0.cgi)... failed: Name or service not known.
wget: unable to resolve host address ‘pc_fetch_aid754342_activities_0.cgi’
FINISHED --2019-06-21 00:30:10--
Total wall clock time: 0.5s
Downloaded: 1 files, 102 in 0.001s (114 KB/s)
