--2019-06-20 19:58:39--  ftp://ftp-private.ncbi.nlm.nih.gov/pubchem/.fetch/86/1474680642539102421.txt.gz
           => ‘1474680642539102421.txt.gz’
Resolving ftp-private.ncbi.nlm.nih.gov (ftp-private.ncbi.nlm.nih.gov)... 130.14.29.35
Connecting to ftp-private.ncbi.nlm.nih.gov (ftp-private.ncbi.nlm.nih.gov)|130.14.29.35|:21... connected.
Logging in as anonymous ... Logged in!
==> SYST ... done.    ==> PWD ... done.
==> TYPE I ... done.  ==> CWD (1) /pubchem/.fetch/86 ... done.
==> SIZE 1474680642539102421.txt.gz ... 116
==> PASV ... done.    ==> RETR 1474680642539102421.txt.gz ... done.
Length: 116 (unauthoritative)

     0K                                                       100%  136K=0.001s

2019-06-20 19:58:39 (136 KB/s) - ‘1474680642539102421.txt.gz’ saved [116]

--2019-06-20 19:58:39--  http://query/
Resolving query (query)... failed: Name or service not known.
wget: unable to resolve host address ‘query’
--2019-06-20 19:58:39--  ftp://xml/
           => ‘.listing’
Resolving xml (xml)... failed: Name or service not known.
wget: unable to resolve host address ‘xml’
--2019-06-20 19:58:39--  http://pc_fetch_aid1292153_activities_0.cgi/
Resolving pc_fetch_aid1292153_activities_0.cgi (pc_fetch_aid1292153_activities_0.cgi)... failed: Name or service not known.
wget: unable to resolve host address ‘pc_fetch_aid1292153_activities_0.cgi’
FINISHED --2019-06-20 19:58:39--
Total wall clock time: 0.4s
Downloaded: 1 files, 116 in 0.001s (136 KB/s)
