--2019-06-20 21:14:53--  ftp://ftp-private.ncbi.nlm.nih.gov/pubchem/.fetch/80/804595379710081168.txt.gz
           => ‘804595379710081168.txt.gz’
Resolving ftp-private.ncbi.nlm.nih.gov (ftp-private.ncbi.nlm.nih.gov)... 130.14.29.30
Connecting to ftp-private.ncbi.nlm.nih.gov (ftp-private.ncbi.nlm.nih.gov)|130.14.29.30|:21... connected.
Logging in as anonymous ... Logged in!
==> SYST ... done.    ==> PWD ... done.
==> TYPE I ... done.  ==> CWD (1) /pubchem/.fetch/80 ... done.
==> SIZE 804595379710081168.txt.gz ... 160
==> PASV ... done.    ==> RETR 804595379710081168.txt.gz ... done.
Length: 160 (unauthoritative)

     0K                                                       100% 23.9K=0.007s

2019-06-20 21:14:54 (23.9 KB/s) - ‘804595379710081168.txt.gz’ saved [160]

--2019-06-20 21:14:54--  http://query/
Resolving query (query)... failed: Name or service not known.
wget: unable to resolve host address ‘query’
--2019-06-20 21:14:54--  ftp://xml/
           => ‘.listing’
Resolving xml (xml)... failed: Name or service not known.
wget: unable to resolve host address ‘xml’
--2019-06-20 21:14:54--  http://pc_fetch_aid267889_activities_0.cgi/
Resolving pc_fetch_aid267889_activities_0.cgi (pc_fetch_aid267889_activities_0.cgi)... failed: Name or service not known.
wget: unable to resolve host address ‘pc_fetch_aid267889_activities_0.cgi’
FINISHED --2019-06-20 21:14:54--
Total wall clock time: 0.5s
Downloaded: 1 files, 160 in 0.007s (23.9 KB/s)
