--2019-06-20 22:40:49--  ftp://ftp-private.ncbi.nlm.nih.gov/pubchem/.fetch/29/2050525156263135020.txt.gz
           => ‘2050525156263135020.txt.gz’
Resolving ftp-private.ncbi.nlm.nih.gov (ftp-private.ncbi.nlm.nih.gov)... 130.14.29.30
Connecting to ftp-private.ncbi.nlm.nih.gov (ftp-private.ncbi.nlm.nih.gov)|130.14.29.30|:21... connected.
Logging in as anonymous ... Logged in!
==> SYST ... done.    ==> PWD ... done.
==> TYPE I ... done.  ==> CWD (1) /pubchem/.fetch/29 ... done.
==> SIZE 2050525156263135020.txt.gz ... 91
==> PASV ... done.    ==> RETR 2050525156263135020.txt.gz ... done.
Length: 91 (unauthoritative)

     0K                                                       100%  116K=0.001s

2019-06-20 22:40:50 (116 KB/s) - ‘2050525156263135020.txt.gz’ saved [91]

--2019-06-20 22:40:50--  http://query/
Resolving query (query)... failed: Name or service not known.
wget: unable to resolve host address ‘query’
--2019-06-20 22:40:50--  ftp://xml/
           => ‘.listing’
Resolving xml (xml)... failed: Name or service not known.
wget: unable to resolve host address ‘xml’
--2019-06-20 22:40:50--  http://pc_fetch_aid528372_activities_0.cgi/
Resolving pc_fetch_aid528372_activities_0.cgi (pc_fetch_aid528372_activities_0.cgi)... failed: Name or service not known.
wget: unable to resolve host address ‘pc_fetch_aid528372_activities_0.cgi’
FINISHED --2019-06-20 22:40:50--
Total wall clock time: 0.5s
Downloaded: 1 files, 91 in 0.001s (116 KB/s)
