--2019-06-20 21:00:24--  ftp://ftp-private.ncbi.nlm.nih.gov/pubchem/.fetch/41/1881894179518070008.txt.gz
           => ‘1881894179518070008.txt.gz’
Resolving ftp-private.ncbi.nlm.nih.gov (ftp-private.ncbi.nlm.nih.gov)... 130.14.29.30
Connecting to ftp-private.ncbi.nlm.nih.gov (ftp-private.ncbi.nlm.nih.gov)|130.14.29.30|:21... connected.
Logging in as anonymous ... Logged in!
==> SYST ... done.    ==> PWD ... done.
==> TYPE I ... done.  ==> CWD (1) /pubchem/.fetch/41 ... done.
==> SIZE 1881894179518070008.txt.gz ... 91
==> PASV ... done.    ==> RETR 1881894179518070008.txt.gz ... done.
Length: 91 (unauthoritative)

     0K                                                       100%  102K=0.001s

2019-06-20 21:00:24 (102 KB/s) - ‘1881894179518070008.txt.gz’ saved [91]

--2019-06-20 21:00:24--  http://query/
Resolving query (query)... failed: Name or service not known.
wget: unable to resolve host address ‘query’
--2019-06-20 21:00:24--  ftp://xml/
           => ‘.listing’
Resolving xml (xml)... failed: Name or service not known.
wget: unable to resolve host address ‘xml’
--2019-06-20 21:00:24--  http://pc_fetch_aid1335698_activities_0.cgi/
Resolving pc_fetch_aid1335698_activities_0.cgi (pc_fetch_aid1335698_activities_0.cgi)... failed: Name or service not known.
wget: unable to resolve host address ‘pc_fetch_aid1335698_activities_0.cgi’
FINISHED --2019-06-20 21:00:24--
Total wall clock time: 0.5s
Downloaded: 1 files, 91 in 0.001s (102 KB/s)
