--2019-06-21 00:22:55--  ftp://ftp-private.ncbi.nlm.nih.gov/pubchem/.fetch/65/1505371675442590510.txt.gz
           => ‘1505371675442590510.txt.gz’
Resolving ftp-private.ncbi.nlm.nih.gov (ftp-private.ncbi.nlm.nih.gov)... 130.14.29.35
Connecting to ftp-private.ncbi.nlm.nih.gov (ftp-private.ncbi.nlm.nih.gov)|130.14.29.35|:21... connected.
Logging in as anonymous ... Logged in!
==> SYST ... done.    ==> PWD ... done.
==> TYPE I ... done.  ==> CWD (1) /pubchem/.fetch/65 ... done.
==> SIZE 1505371675442590510.txt.gz ... 89
==> PASV ... done.    ==> RETR 1505371675442590510.txt.gz ... done.
Length: 89 (unauthoritative)

     0K                                                       100% 96.3K=0.001s

2019-06-21 00:22:56 (96.3 KB/s) - ‘1505371675442590510.txt.gz’ saved [89]

--2019-06-21 00:22:56--  http://query/
Resolving query (query)... failed: Name or service not known.
wget: unable to resolve host address ‘query’
--2019-06-21 00:22:56--  ftp://xml/
           => ‘.listing’
Resolving xml (xml)... failed: Name or service not known.
wget: unable to resolve host address ‘xml’
--2019-06-21 00:22:56--  http://pc_fetch_aid752557_activities_0.cgi/
Resolving pc_fetch_aid752557_activities_0.cgi (pc_fetch_aid752557_activities_0.cgi)... failed: Name or service not known.
wget: unable to resolve host address ‘pc_fetch_aid752557_activities_0.cgi’
FINISHED --2019-06-21 00:22:56--
Total wall clock time: 0.5s
Downloaded: 1 files, 89 in 0.001s (96.3 KB/s)
