--2019-06-20 17:57:11--  ftp://ftp-private.ncbi.nlm.nih.gov/pubchem/.fetch/4/2715188642985973323.txt.gz
           => ‘2715188642985973323.txt.gz’
Resolving ftp-private.ncbi.nlm.nih.gov (ftp-private.ncbi.nlm.nih.gov)... 130.14.29.35
Connecting to ftp-private.ncbi.nlm.nih.gov (ftp-private.ncbi.nlm.nih.gov)|130.14.29.35|:21... connected.
Logging in as anonymous ... Logged in!
==> SYST ... done.    ==> PWD ... done.
==> TYPE I ... done.  ==> CWD (1) /pubchem/.fetch/4 ... done.
==> SIZE 2715188642985973323.txt.gz ... 72
==> PASV ... done.    ==> RETR 2715188642985973323.txt.gz ... done.
Length: 72 (unauthoritative)

     0K                                                       100% 75.1K=0.001s

2019-06-20 17:57:12 (75.1 KB/s) - ‘2715188642985973323.txt.gz’ saved [72]

--2019-06-20 17:57:12--  http://query/
Resolving query (query)... failed: Name or service not known.
wget: unable to resolve host address ‘query’
--2019-06-20 17:57:12--  ftp://xml/
           => ‘.listing’
Resolving xml (xml)... failed: Name or service not known.
wget: unable to resolve host address ‘xml’
--2019-06-20 17:57:12--  http://pc_fetch_aid1163451_activities_0.cgi/
Resolving pc_fetch_aid1163451_activities_0.cgi (pc_fetch_aid1163451_activities_0.cgi)... failed: Name or service not known.
wget: unable to resolve host address ‘pc_fetch_aid1163451_activities_0.cgi’
FINISHED --2019-06-20 17:57:12--
Total wall clock time: 0.6s
Downloaded: 1 files, 72 in 0.001s (75.1 KB/s)
