--2019-06-20 19:19:14--  ftp://ftp-private.ncbi.nlm.nih.gov/pubchem/.fetch/21/1504032069073330074.txt.gz
           => ‘1504032069073330074.txt.gz’
Resolving ftp-private.ncbi.nlm.nih.gov (ftp-private.ncbi.nlm.nih.gov)... 130.14.29.35
Connecting to ftp-private.ncbi.nlm.nih.gov (ftp-private.ncbi.nlm.nih.gov)|130.14.29.35|:21... connected.
Logging in as anonymous ... Logged in!
==> SYST ... done.    ==> PWD ... done.
==> TYPE I ... done.  ==> CWD (1) /pubchem/.fetch/21 ... done.
==> SIZE 1504032069073330074.txt.gz ... 73
==> PASV ... done.    ==> RETR 1504032069073330074.txt.gz ... done.
Length: 73 (unauthoritative)

     0K                                                       100% 86.6K=0.001s

2019-06-20 19:19:14 (86.6 KB/s) - ‘1504032069073330074.txt.gz’ saved [73]

--2019-06-20 19:19:14--  http://query/
Resolving query (query)... failed: Name or service not known.
wget: unable to resolve host address ‘query’
--2019-06-20 19:19:14--  ftp://xml/
           => ‘.listing’
Resolving xml (xml)... failed: Name or service not known.
wget: unable to resolve host address ‘xml’
--2019-06-20 19:19:14--  http://pc_fetch_aid1261142_activities_0.cgi/
Resolving pc_fetch_aid1261142_activities_0.cgi (pc_fetch_aid1261142_activities_0.cgi)... failed: Name or service not known.
wget: unable to resolve host address ‘pc_fetch_aid1261142_activities_0.cgi’
FINISHED --2019-06-20 19:19:14--
Total wall clock time: 0.4s
Downloaded: 1 files, 73 in 0.001s (86.6 KB/s)
