--2019-06-20 18:41:14--  ftp://ftp-private.ncbi.nlm.nih.gov/pubchem/.fetch/14/4561936315523372654.txt.gz
           => ‘4561936315523372654.txt.gz’
Resolving ftp-private.ncbi.nlm.nih.gov (ftp-private.ncbi.nlm.nih.gov)... 130.14.29.35
Connecting to ftp-private.ncbi.nlm.nih.gov (ftp-private.ncbi.nlm.nih.gov)|130.14.29.35|:21... connected.
Logging in as anonymous ... Logged in!
==> SYST ... done.    ==> PWD ... done.
==> TYPE I ... done.  ==> CWD (1) /pubchem/.fetch/14 ... done.
==> SIZE 4561936315523372654.txt.gz ... 250
==> PASV ... done.    ==> RETR 4561936315523372654.txt.gz ... done.
Length: 250 (unauthoritative)

     0K                                                       100%  143K=0.002s

2019-06-20 18:41:15 (143 KB/s) - ‘4561936315523372654.txt.gz’ saved [250]

--2019-06-20 18:41:15--  http://query/
Resolving query (query)... failed: Name or service not known.
wget: unable to resolve host address ‘query’
--2019-06-20 18:41:15--  ftp://xml/
           => ‘.listing’
Resolving xml (xml)... failed: Name or service not known.
wget: unable to resolve host address ‘xml’
--2019-06-20 18:41:15--  http://pc_fetch_aid1187276_activities_0.cgi/
Resolving pc_fetch_aid1187276_activities_0.cgi (pc_fetch_aid1187276_activities_0.cgi)... failed: Name or service not known.
wget: unable to resolve host address ‘pc_fetch_aid1187276_activities_0.cgi’
FINISHED --2019-06-20 18:41:15--
Total wall clock time: 0.6s
Downloaded: 1 files, 250 in 0.002s (143 KB/s)
