--2019-06-20 20:12:23--  ftp://ftp-private.ncbi.nlm.nih.gov/pubchem/.fetch/98/2905082407733446899.txt.gz
           => ‘2905082407733446899.txt.gz’
Resolving ftp-private.ncbi.nlm.nih.gov (ftp-private.ncbi.nlm.nih.gov)... 130.14.29.30
Connecting to ftp-private.ncbi.nlm.nih.gov (ftp-private.ncbi.nlm.nih.gov)|130.14.29.30|:21... connected.
Logging in as anonymous ... Logged in!
==> SYST ... done.    ==> PWD ... done.
==> TYPE I ... done.  ==> CWD (1) /pubchem/.fetch/98 ... done.
==> SIZE 2905082407733446899.txt.gz ... 80
==> PASV ... done.    ==> RETR 2905082407733446899.txt.gz ... done.
Length: 80 (unauthoritative)

     0K                                                       100%  104K=0.001s

2019-06-20 20:12:24 (104 KB/s) - ‘2905082407733446899.txt.gz’ saved [80]

--2019-06-20 20:12:24--  http://query/
Resolving query (query)... failed: Name or service not known.
wget: unable to resolve host address ‘query’
--2019-06-20 20:12:24--  ftp://xml/
           => ‘.listing’
Resolving xml (xml)... failed: Name or service not known.
wget: unable to resolve host address ‘xml’
--2019-06-20 20:12:24--  http://pc_fetch_aid1303292_activities_0.cgi/
Resolving pc_fetch_aid1303292_activities_0.cgi (pc_fetch_aid1303292_activities_0.cgi)... failed: Name or service not known.
wget: unable to resolve host address ‘pc_fetch_aid1303292_activities_0.cgi’
FINISHED --2019-06-20 20:12:24--
Total wall clock time: 0.8s
Downloaded: 1 files, 80 in 0.001s (104 KB/s)
