--2019-06-20 18:08:58--  ftp://ftp-private.ncbi.nlm.nih.gov/pubchem/.fetch/66/3453526938250623547.txt.gz
           => ‘3453526938250623547.txt.gz’
Resolving ftp-private.ncbi.nlm.nih.gov (ftp-private.ncbi.nlm.nih.gov)... 130.14.29.35
Connecting to ftp-private.ncbi.nlm.nih.gov (ftp-private.ncbi.nlm.nih.gov)|130.14.29.35|:21... connected.
Logging in as anonymous ... Logged in!
==> SYST ... done.    ==> PWD ... done.
==> TYPE I ... done.  ==> CWD (1) /pubchem/.fetch/66 ... done.
==> SIZE 3453526938250623547.txt.gz ... 122
==> PASV ... done.    ==> RETR 3453526938250623547.txt.gz ... done.
Length: 122 (unauthoritative)

     0K                                                       100%  123K=0.001s

2019-06-20 18:08:59 (123 KB/s) - ‘3453526938250623547.txt.gz’ saved [122]

--2019-06-20 18:08:59--  http://query/
Resolving query (query)... failed: Name or service not known.
wget: unable to resolve host address ‘query’
--2019-06-20 18:08:59--  ftp://xml/
           => ‘.listing’
Resolving xml (xml)... failed: Name or service not known.
wget: unable to resolve host address ‘xml’
--2019-06-20 18:08:59--  http://pc_fetch_aid1165480_activities_0.cgi/
Resolving pc_fetch_aid1165480_activities_0.cgi (pc_fetch_aid1165480_activities_0.cgi)... failed: Name or service not known.
wget: unable to resolve host address ‘pc_fetch_aid1165480_activities_0.cgi’
FINISHED --2019-06-20 18:08:59--
Total wall clock time: 0.5s
Downloaded: 1 files, 122 in 0.001s (123 KB/s)
