--2019-06-21 00:42:02--  ftp://ftp-private.ncbi.nlm.nih.gov/pubchem/.fetch/36/3694698138535047093.txt.gz
           => ‘3694698138535047093.txt.gz’
Resolving ftp-private.ncbi.nlm.nih.gov (ftp-private.ncbi.nlm.nih.gov)... 130.14.29.35
Connecting to ftp-private.ncbi.nlm.nih.gov (ftp-private.ncbi.nlm.nih.gov)|130.14.29.35|:21... connected.
Logging in as anonymous ... Logged in!
==> SYST ... done.    ==> PWD ... done.
==> TYPE I ... done.  ==> CWD (1) /pubchem/.fetch/36 ... done.
==> SIZE 3694698138535047093.txt.gz ... 280
==> PASV ... done.    ==> RETR 3694698138535047093.txt.gz ... done.
Length: 280 (unauthoritative)

     0K                                                       100%  190K=0.001s

2019-06-21 00:42:02 (190 KB/s) - ‘3694698138535047093.txt.gz’ saved [280]

--2019-06-21 00:42:02--  http://query/
Resolving query (query)... failed: Name or service not known.
wget: unable to resolve host address ‘query’
--2019-06-21 00:42:02--  ftp://xml/
           => ‘.listing’
Resolving xml (xml)... failed: Name or service not known.
wget: unable to resolve host address ‘xml’
--2019-06-21 00:42:02--  http://pc_fetch_aid774809_activities_0.cgi/
Resolving pc_fetch_aid774809_activities_0.cgi (pc_fetch_aid774809_activities_0.cgi)... failed: Name or service not known.
wget: unable to resolve host address ‘pc_fetch_aid774809_activities_0.cgi’
FINISHED --2019-06-21 00:42:02--
Total wall clock time: 0.4s
Downloaded: 1 files, 280 in 0.001s (190 KB/s)
