--2019-06-20 20:16:00--  ftp://ftp-private.ncbi.nlm.nih.gov/pubchem/.fetch/87/1378556747234897030.txt.gz
           => ‘1378556747234897030.txt.gz’
Resolving ftp-private.ncbi.nlm.nih.gov (ftp-private.ncbi.nlm.nih.gov)... 130.14.29.35
Connecting to ftp-private.ncbi.nlm.nih.gov (ftp-private.ncbi.nlm.nih.gov)|130.14.29.35|:21... connected.
Logging in as anonymous ... Logged in!
==> SYST ... done.    ==> PWD ... done.
==> TYPE I ... done.  ==> CWD (1) /pubchem/.fetch/87 ... done.
==> SIZE 1378556747234897030.txt.gz ... 599
==> PASV ... done.    ==> RETR 1378556747234897030.txt.gz ... done.
Length: 599 (unauthoritative)

     0K                                                       100%  310K=0.002s

2019-06-20 20:16:00 (310 KB/s) - ‘1378556747234897030.txt.gz’ saved [599]

--2019-06-20 20:16:00--  http://query/
Resolving query (query)... failed: Name or service not known.
wget: unable to resolve host address ‘query’
--2019-06-20 20:16:00--  ftp://xml/
           => ‘.listing’
Resolving xml (xml)... failed: Name or service not known.
wget: unable to resolve host address ‘xml’
--2019-06-20 20:16:00--  http://pc_fetch_aid1308546_activities_0.cgi/
Resolving pc_fetch_aid1308546_activities_0.cgi (pc_fetch_aid1308546_activities_0.cgi)... failed: Name or service not known.
wget: unable to resolve host address ‘pc_fetch_aid1308546_activities_0.cgi’
FINISHED --2019-06-20 20:16:00--
Total wall clock time: 0.7s
Downloaded: 1 files, 599 in 0.002s (310 KB/s)
