--2019-06-20 18:33:39--  ftp://ftp-private.ncbi.nlm.nih.gov/pubchem/.fetch/29/3231554438814736362.txt.gz
           => ‘3231554438814736362.txt.gz’
Resolving ftp-private.ncbi.nlm.nih.gov (ftp-private.ncbi.nlm.nih.gov)... 130.14.29.35
Connecting to ftp-private.ncbi.nlm.nih.gov (ftp-private.ncbi.nlm.nih.gov)|130.14.29.35|:21... connected.
Logging in as anonymous ... Logged in!
==> SYST ... done.    ==> PWD ... done.
==> TYPE I ... done.  ==> CWD (1) /pubchem/.fetch/29 ... done.
==> SIZE 3231554438814736362.txt.gz ... 317
==> PASV ... done.    ==> RETR 3231554438814736362.txt.gz ... done.
Length: 317 (unauthoritative)

     0K                                                       100%  219K=0.001s

2019-06-20 18:33:40 (219 KB/s) - ‘3231554438814736362.txt.gz’ saved [317]

--2019-06-20 18:33:40--  http://query/
Resolving query (query)... failed: Name or service not known.
wget: unable to resolve host address ‘query’
--2019-06-20 18:33:40--  ftp://xml/
           => ‘.listing’
Resolving xml (xml)... failed: Name or service not known.
wget: unable to resolve host address ‘xml’
--2019-06-20 18:33:40--  http://pc_fetch_aid1185485_activities_0.cgi/
Resolving pc_fetch_aid1185485_activities_0.cgi (pc_fetch_aid1185485_activities_0.cgi)... failed: Name or service not known.
wget: unable to resolve host address ‘pc_fetch_aid1185485_activities_0.cgi’
FINISHED --2019-06-20 18:33:40--
Total wall clock time: 0.5s
Downloaded: 1 files, 317 in 0.001s (219 KB/s)
