--2019-06-20 19:55:27--  ftp://ftp-private.ncbi.nlm.nih.gov/pubchem/.fetch/27/3616893900043311764.txt.gz
           => ‘3616893900043311764.txt.gz’
Resolving ftp-private.ncbi.nlm.nih.gov (ftp-private.ncbi.nlm.nih.gov)... 130.14.29.35
Connecting to ftp-private.ncbi.nlm.nih.gov (ftp-private.ncbi.nlm.nih.gov)|130.14.29.35|:21... connected.
Logging in as anonymous ... Logged in!
==> SYST ... done.    ==> PWD ... done.
==> TYPE I ... done.  ==> CWD (1) /pubchem/.fetch/27 ... done.
==> SIZE 3616893900043311764.txt.gz ... 61
==> PASV ... done.    ==> RETR 3616893900043311764.txt.gz ... done.
Length: 61 (unauthoritative)

     0K                                                       100% 62.6K=0.001s

2019-06-20 19:55:27 (62.6 KB/s) - ‘3616893900043311764.txt.gz’ saved [61]

--2019-06-20 19:55:27--  http://query/
Resolving query (query)... failed: Name or service not known.
wget: unable to resolve host address ‘query’
--2019-06-20 19:55:27--  ftp://xml/
           => ‘.listing’
Resolving xml (xml)... failed: Name or service not known.
wget: unable to resolve host address ‘xml’
--2019-06-20 19:55:27--  http://pc_fetch_aid1287188_activities_0.cgi/
Resolving pc_fetch_aid1287188_activities_0.cgi (pc_fetch_aid1287188_activities_0.cgi)... failed: Name or service not known.
wget: unable to resolve host address ‘pc_fetch_aid1287188_activities_0.cgi’
FINISHED --2019-06-20 19:55:27--
Total wall clock time: 0.8s
Downloaded: 1 files, 61 in 0.001s (62.6 KB/s)
