--2019-06-20 20:34:10--  ftp://ftp-private.ncbi.nlm.nih.gov/pubchem/.fetch/48/2105397893028257727.txt.gz
           => ‘2105397893028257727.txt.gz’
Resolving ftp-private.ncbi.nlm.nih.gov (ftp-private.ncbi.nlm.nih.gov)... 130.14.29.35
Connecting to ftp-private.ncbi.nlm.nih.gov (ftp-private.ncbi.nlm.nih.gov)|130.14.29.35|:21... connected.
Logging in as anonymous ... Logged in!
==> SYST ... done.    ==> PWD ... done.
==> TYPE I ... done.  ==> CWD (1) /pubchem/.fetch/48 ... done.
==> SIZE 2105397893028257727.txt.gz ... 124
==> PASV ... done.    ==> RETR 2105397893028257727.txt.gz ... done.
Length: 124 (unauthoritative)

     0K                                                       100%  133K=0.001s

2019-06-20 20:34:10 (133 KB/s) - ‘2105397893028257727.txt.gz’ saved [124]

--2019-06-20 20:34:10--  http://query/
Resolving query (query)... failed: Name or service not known.
wget: unable to resolve host address ‘query’
--2019-06-20 20:34:10--  ftp://xml/
           => ‘.listing’
Resolving xml (xml)... failed: Name or service not known.
wget: unable to resolve host address ‘xml’
--2019-06-20 20:34:10--  http://pc_fetch_aid1310495_activities_0.cgi/
Resolving pc_fetch_aid1310495_activities_0.cgi (pc_fetch_aid1310495_activities_0.cgi)... failed: Name or service not known.
wget: unable to resolve host address ‘pc_fetch_aid1310495_activities_0.cgi’
FINISHED --2019-06-20 20:34:10--
Total wall clock time: 0.5s
Downloaded: 1 files, 124 in 0.001s (133 KB/s)
