--2019-06-20 23:40:10--  ftp://ftp-private.ncbi.nlm.nih.gov/pubchem/.fetch/30/1240520497071971120.txt.gz
           => ‘1240520497071971120.txt.gz’
Resolving ftp-private.ncbi.nlm.nih.gov (ftp-private.ncbi.nlm.nih.gov)... 130.14.29.30
Connecting to ftp-private.ncbi.nlm.nih.gov (ftp-private.ncbi.nlm.nih.gov)|130.14.29.30|:21... connected.
Logging in as anonymous ... Logged in!
==> SYST ... done.    ==> PWD ... done.
==> TYPE I ... done.  ==> CWD (1) /pubchem/.fetch/30 ... done.
==> SIZE 1240520497071971120.txt.gz ... 114
==> PASV ... done.    ==> RETR 1240520497071971120.txt.gz ... done.
Length: 114 (unauthoritative)

     0K                                                       100%  149K=0.001s

2019-06-20 23:40:10 (149 KB/s) - ‘1240520497071971120.txt.gz’ saved [114]

--2019-06-20 23:40:10--  http://query/
Resolving query (query)... failed: Name or service not known.
wget: unable to resolve host address ‘query’
--2019-06-20 23:40:10--  ftp://xml/
           => ‘.listing’
Resolving xml (xml)... failed: Name or service not known.
wget: unable to resolve host address ‘xml’
--2019-06-20 23:40:10--  http://pc_fetch_aid701783_activities_0.cgi/
Resolving pc_fetch_aid701783_activities_0.cgi (pc_fetch_aid701783_activities_0.cgi)... failed: Name or service not known.
wget: unable to resolve host address ‘pc_fetch_aid701783_activities_0.cgi’
FINISHED --2019-06-20 23:40:10--
Total wall clock time: 0.4s
Downloaded: 1 files, 114 in 0.001s (149 KB/s)
