--2019-06-20 20:48:50--  ftp://ftp-private.ncbi.nlm.nih.gov/pubchem/.fetch/40/4213557472936419768.txt.gz
           => ‘4213557472936419768.txt.gz’
Resolving ftp-private.ncbi.nlm.nih.gov (ftp-private.ncbi.nlm.nih.gov)... 130.14.29.30
Connecting to ftp-private.ncbi.nlm.nih.gov (ftp-private.ncbi.nlm.nih.gov)|130.14.29.30|:21... connected.
Logging in as anonymous ... Logged in!
==> SYST ... done.    ==> PWD ... done.
==> TYPE I ... done.  ==> CWD (1) /pubchem/.fetch/40 ... done.
==> SIZE 4213557472936419768.txt.gz ... 217
==> PASV ... done.    ==> RETR 4213557472936419768.txt.gz ... done.
Length: 217 (unauthoritative)

     0K                                                       100%  190K=0.001s

2019-06-20 20:48:51 (190 KB/s) - ‘4213557472936419768.txt.gz’ saved [217]

--2019-06-20 20:48:51--  http://query/
Resolving query (query)... failed: Name or service not known.
wget: unable to resolve host address ‘query’
--2019-06-20 20:48:51--  ftp://xml/
           => ‘.listing’
Resolving xml (xml)... failed: Name or service not known.
wget: unable to resolve host address ‘xml’
--2019-06-20 20:48:51--  http://pc_fetch_aid1326808_activities_0.cgi/
Resolving pc_fetch_aid1326808_activities_0.cgi (pc_fetch_aid1326808_activities_0.cgi)... failed: Name or service not known.
wget: unable to resolve host address ‘pc_fetch_aid1326808_activities_0.cgi’
FINISHED --2019-06-20 20:48:51--
Total wall clock time: 0.4s
Downloaded: 1 files, 217 in 0.001s (190 KB/s)
