--2019-06-20 18:05:01--  ftp://ftp-private.ncbi.nlm.nih.gov/pubchem/.fetch/42/3584288449946135536.txt.gz
           => ‘3584288449946135536.txt.gz’
Resolving ftp-private.ncbi.nlm.nih.gov (ftp-private.ncbi.nlm.nih.gov)... 130.14.29.35
Connecting to ftp-private.ncbi.nlm.nih.gov (ftp-private.ncbi.nlm.nih.gov)|130.14.29.35|:21... connected.
Logging in as anonymous ... Logged in!
==> SYST ... done.    ==> PWD ... done.
==> TYPE I ... done.  ==> CWD (1) /pubchem/.fetch/42 ... done.
==> SIZE 3584288449946135536.txt.gz ... 198
==> PASV ... done.    ==> RETR 3584288449946135536.txt.gz ... done.
Length: 198 (unauthoritative)

     0K                                                       100%  162K=0.001s

2019-06-20 18:05:01 (162 KB/s) - ‘3584288449946135536.txt.gz’ saved [198]

--2019-06-20 18:05:01--  http://query/
Resolving query (query)... failed: Name or service not known.
wget: unable to resolve host address ‘query’
--2019-06-20 18:05:01--  ftp://xml/
           => ‘.listing’
Resolving xml (xml)... failed: Name or service not known.
wget: unable to resolve host address ‘xml’
--2019-06-20 18:05:01--  http://pc_fetch_aid1165442_activities_0.cgi/
Resolving pc_fetch_aid1165442_activities_0.cgi (pc_fetch_aid1165442_activities_0.cgi)... failed: Name or service not known.
wget: unable to resolve host address ‘pc_fetch_aid1165442_activities_0.cgi’
FINISHED --2019-06-20 18:05:01--
Total wall clock time: 0.4s
Downloaded: 1 files, 198 in 0.001s (162 KB/s)
