--2019-06-20 21:07:41--  ftp://ftp-private.ncbi.nlm.nih.gov/pubchem/.fetch/34/3769653834986231339.txt.gz
           => ‘3769653834986231339.txt.gz’
Resolving ftp-private.ncbi.nlm.nih.gov (ftp-private.ncbi.nlm.nih.gov)... 130.14.29.30
Connecting to ftp-private.ncbi.nlm.nih.gov (ftp-private.ncbi.nlm.nih.gov)|130.14.29.30|:21... connected.
Logging in as anonymous ... Logged in!
==> SYST ... done.    ==> PWD ... done.
==> TYPE I ... done.  ==> CWD (1) /pubchem/.fetch/34 ... done.
==> SIZE 3769653834986231339.txt.gz ... 93
==> PASV ... done.    ==> RETR 3769653834986231339.txt.gz ... done.
Length: 93 (unauthoritative)

     0K                                                       100%  114K=0.001s

2019-06-20 21:07:42 (114 KB/s) - ‘3769653834986231339.txt.gz’ saved [93]

--2019-06-20 21:07:42--  http://query/
Resolving query (query)... failed: Name or service not known.
wget: unable to resolve host address ‘query’
--2019-06-20 21:07:42--  ftp://xml/
           => ‘.listing’
Resolving xml (xml)... failed: Name or service not known.
wget: unable to resolve host address ‘xml’
--2019-06-20 21:07:42--  http://pc_fetch_aid1336781_activities_0.cgi/
Resolving pc_fetch_aid1336781_activities_0.cgi (pc_fetch_aid1336781_activities_0.cgi)... failed: Name or service not known.
wget: unable to resolve host address ‘pc_fetch_aid1336781_activities_0.cgi’
FINISHED --2019-06-20 21:07:42--
Total wall clock time: 0.6s
Downloaded: 1 files, 93 in 0.001s (114 KB/s)
