--2019-06-20 17:41:45--  ftp://ftp-private.ncbi.nlm.nih.gov/pubchem/.fetch/84/4192723143295873342.txt.gz
           => ‘4192723143295873342.txt.gz’
Resolving ftp-private.ncbi.nlm.nih.gov (ftp-private.ncbi.nlm.nih.gov)... 130.14.29.35
Connecting to ftp-private.ncbi.nlm.nih.gov (ftp-private.ncbi.nlm.nih.gov)|130.14.29.35|:21... connected.
Logging in as anonymous ... Logged in!
==> SYST ... done.    ==> PWD ... done.
==> TYPE I ... done.  ==> CWD (1) /pubchem/.fetch/84 ... done.
==> SIZE 4192723143295873342.txt.gz ... 76
==> PASV ... done.    ==> RETR 4192723143295873342.txt.gz ... done.
Length: 76 (unauthoritative)

     0K                                                       100% 80.4K=0.001s

2019-06-20 17:41:46 (80.4 KB/s) - ‘4192723143295873342.txt.gz’ saved [76]

--2019-06-20 17:41:46--  http://query/
Resolving query (query)... failed: Name or service not known.
wget: unable to resolve host address ‘query’
--2019-06-20 17:41:46--  ftp://xml/
           => ‘.listing’
Resolving xml (xml)... failed: Name or service not known.
wget: unable to resolve host address ‘xml’
--2019-06-20 17:41:46--  http://pc_fetch_aid1143739_activities_0.cgi/
Resolving pc_fetch_aid1143739_activities_0.cgi (pc_fetch_aid1143739_activities_0.cgi)... failed: Name or service not known.
wget: unable to resolve host address ‘pc_fetch_aid1143739_activities_0.cgi’
FINISHED --2019-06-20 17:41:46--
Total wall clock time: 0.9s
Downloaded: 1 files, 76 in 0.001s (80.4 KB/s)
