--2019-06-20 19:26:31--  ftp://ftp-private.ncbi.nlm.nih.gov/pubchem/.fetch/4/2359520711584253700.txt.gz
           => ‘2359520711584253700.txt.gz’
Resolving ftp-private.ncbi.nlm.nih.gov (ftp-private.ncbi.nlm.nih.gov)... 130.14.29.35
Connecting to ftp-private.ncbi.nlm.nih.gov (ftp-private.ncbi.nlm.nih.gov)|130.14.29.35|:21... connected.
Logging in as anonymous ... Logged in!
==> SYST ... done.    ==> PWD ... done.
==> TYPE I ... done.  ==> CWD (1) /pubchem/.fetch/4 ... done.
==> SIZE 2359520711584253700.txt.gz ... 79
==> PASV ... done.    ==> RETR 2359520711584253700.txt.gz ... done.
Length: 79 (unauthoritative)

     0K                                                       100%  105K=0.001s

2019-06-20 19:26:32 (105 KB/s) - ‘2359520711584253700.txt.gz’ saved [79]

--2019-06-20 19:26:32--  http://query/
Resolving query (query)... failed: Name or service not known.
wget: unable to resolve host address ‘query’
--2019-06-20 19:26:32--  ftp://xml/
           => ‘.listing’
Resolving xml (xml)... failed: Name or service not known.
wget: unable to resolve host address ‘xml’
--2019-06-20 19:26:32--  http://pc_fetch_aid1265440_activities_0.cgi/
Resolving pc_fetch_aid1265440_activities_0.cgi (pc_fetch_aid1265440_activities_0.cgi)... failed: Name or service not known.
wget: unable to resolve host address ‘pc_fetch_aid1265440_activities_0.cgi’
FINISHED --2019-06-20 19:26:32--
Total wall clock time: 0.8s
Downloaded: 1 files, 79 in 0.001s (105 KB/s)
