--2019-06-20 22:55:20--  ftp://ftp-private.ncbi.nlm.nih.gov/pubchem/.fetch/9/1817134686825482993.txt.gz
           => ‘1817134686825482993.txt.gz’
Resolving ftp-private.ncbi.nlm.nih.gov (ftp-private.ncbi.nlm.nih.gov)... 130.14.29.30
Connecting to ftp-private.ncbi.nlm.nih.gov (ftp-private.ncbi.nlm.nih.gov)|130.14.29.30|:21... connected.
Logging in as anonymous ... Logged in!
==> SYST ... done.    ==> PWD ... done.
==> TYPE I ... done.  ==> CWD (1) /pubchem/.fetch/9 ... done.
==> SIZE 1817134686825482993.txt.gz ... 57
==> PASV ... done.    ==> RETR 1817134686825482993.txt.gz ... done.
Length: 57 (unauthoritative)

     0K                                                       100% 70.6K=0.001s

2019-06-20 22:55:20 (70.6 KB/s) - ‘1817134686825482993.txt.gz’ saved [57]

--2019-06-20 22:55:20--  http://query/
Resolving query (query)... failed: Name or service not known.
wget: unable to resolve host address ‘query’
--2019-06-20 22:55:20--  ftp://xml/
           => ‘.listing’
Resolving xml (xml)... failed: Name or service not known.
wget: unable to resolve host address ‘xml’
--2019-06-20 22:55:20--  http://pc_fetch_aid584816_activities_0.cgi/
Resolving pc_fetch_aid584816_activities_0.cgi (pc_fetch_aid584816_activities_0.cgi)... failed: Name or service not known.
wget: unable to resolve host address ‘pc_fetch_aid584816_activities_0.cgi’
FINISHED --2019-06-20 22:55:21--
Total wall clock time: 0.4s
Downloaded: 1 files, 57 in 0.001s (70.6 KB/s)
