--2019-06-20 17:44:50--  ftp://ftp-private.ncbi.nlm.nih.gov/pubchem/.fetch/18/3830059342879546978.txt.gz
           => ‘3830059342879546978.txt.gz’
Resolving ftp-private.ncbi.nlm.nih.gov (ftp-private.ncbi.nlm.nih.gov)... 130.14.29.35
Connecting to ftp-private.ncbi.nlm.nih.gov (ftp-private.ncbi.nlm.nih.gov)|130.14.29.35|:21... connected.
Logging in as anonymous ... Logged in!
==> SYST ... done.    ==> PWD ... done.
==> TYPE I ... done.  ==> CWD (1) /pubchem/.fetch/18 ... done.
==> SIZE 3830059342879546978.txt.gz ... 78
==> PASV ... done.    ==> RETR 3830059342879546978.txt.gz ... done.
Length: 78 (unauthoritative)

     0K                                                       100% 98.5K=0.001s

2019-06-20 17:44:50 (98.5 KB/s) - ‘3830059342879546978.txt.gz’ saved [78]

--2019-06-20 17:44:50--  http://query/
Resolving query (query)... failed: Name or service not known.
wget: unable to resolve host address ‘query’
--2019-06-20 17:44:50--  ftp://xml/
           => ‘.listing’
Resolving xml (xml)... failed: Name or service not known.
wget: unable to resolve host address ‘xml’
--2019-06-20 17:44:50--  http://pc_fetch_aid1154433_activities_0.cgi/
Resolving pc_fetch_aid1154433_activities_0.cgi (pc_fetch_aid1154433_activities_0.cgi)... failed: Name or service not known.
wget: unable to resolve host address ‘pc_fetch_aid1154433_activities_0.cgi’
FINISHED --2019-06-20 17:44:51--
Total wall clock time: 0.7s
Downloaded: 1 files, 78 in 0.001s (98.5 KB/s)
