--2019-06-20 21:58:18--  ftp://ftp-private.ncbi.nlm.nih.gov/pubchem/.fetch/69/882027890618741803.txt.gz
           => ‘882027890618741803.txt.gz’
Resolving ftp-private.ncbi.nlm.nih.gov (ftp-private.ncbi.nlm.nih.gov)... 130.14.29.30
Connecting to ftp-private.ncbi.nlm.nih.gov (ftp-private.ncbi.nlm.nih.gov)|130.14.29.30|:21... connected.
Logging in as anonymous ... Logged in!
==> SYST ... done.    ==> PWD ... done.
==> TYPE I ... done.  ==> CWD (1) /pubchem/.fetch/69 ... done.
==> SIZE 882027890618741803.txt.gz ... 73
==> PASV ... done.    ==> RETR 882027890618741803.txt.gz ... done.
Length: 73 (unauthoritative)

     0K                                                       100% 78.2K=0.001s

2019-06-20 21:58:18 (78.2 KB/s) - ‘882027890618741803.txt.gz’ saved [73]

--2019-06-20 21:58:18--  http://query/
Resolving query (query)... failed: Name or service not known.
wget: unable to resolve host address ‘query’
--2019-06-20 21:58:18--  ftp://xml/
           => ‘.listing’
Resolving xml (xml)... failed: Name or service not known.
wget: unable to resolve host address ‘xml’
--2019-06-20 21:58:18--  http://pc_fetch_aid457818_activities_0.cgi/
Resolving pc_fetch_aid457818_activities_0.cgi (pc_fetch_aid457818_activities_0.cgi)... failed: Name or service not known.
wget: unable to resolve host address ‘pc_fetch_aid457818_activities_0.cgi’
FINISHED --2019-06-20 21:58:18--
Total wall clock time: 0.5s
Downloaded: 1 files, 73 in 0.001s (78.2 KB/s)
