--2019-06-20 23:09:13--  ftp://ftp-private.ncbi.nlm.nih.gov/pubchem/.fetch/82/2594482583749192348.txt.gz
           => ‘2594482583749192348.txt.gz’
Resolving ftp-private.ncbi.nlm.nih.gov (ftp-private.ncbi.nlm.nih.gov)... 130.14.29.35
Connecting to ftp-private.ncbi.nlm.nih.gov (ftp-private.ncbi.nlm.nih.gov)|130.14.29.35|:21... connected.
Logging in as anonymous ... Logged in!
==> SYST ... done.    ==> PWD ... done.
==> TYPE I ... done.  ==> CWD (1) /pubchem/.fetch/82 ... done.
==> SIZE 2594482583749192348.txt.gz ... 81
==> PASV ... done.    ==> RETR 2594482583749192348.txt.gz ... done.
Length: 81 (unauthoritative)

     0K                                                       100% 87.0K=0.001s

2019-06-20 23:09:13 (87.0 KB/s) - ‘2594482583749192348.txt.gz’ saved [81]

--2019-06-20 23:09:13--  http://query/
Resolving query (query)... failed: Name or service not known.
wget: unable to resolve host address ‘query’
--2019-06-20 23:09:13--  ftp://xml/
           => ‘.listing’
Resolving xml (xml)... failed: Name or service not known.
wget: unable to resolve host address ‘xml’
--2019-06-20 23:09:13--  http://pc_fetch_aid627303_activities_0.cgi/
Resolving pc_fetch_aid627303_activities_0.cgi (pc_fetch_aid627303_activities_0.cgi)... failed: Name or service not known.
wget: unable to resolve host address ‘pc_fetch_aid627303_activities_0.cgi’
FINISHED --2019-06-20 23:09:13--
Total wall clock time: 0.4s
Downloaded: 1 files, 81 in 0.001s (87.0 KB/s)
