--2019-06-20 22:20:53--  ftp://ftp-private.ncbi.nlm.nih.gov/pubchem/.fetch/42/2684238563793999091.txt.gz
           => ‘2684238563793999091.txt.gz’
Resolving ftp-private.ncbi.nlm.nih.gov (ftp-private.ncbi.nlm.nih.gov)... 130.14.29.35
Connecting to ftp-private.ncbi.nlm.nih.gov (ftp-private.ncbi.nlm.nih.gov)|130.14.29.35|:21... connected.
Logging in as anonymous ... Logged in!
==> SYST ... done.    ==> PWD ... done.
==> TYPE I ... done.  ==> CWD (1) /pubchem/.fetch/42 ... done.
==> SIZE 2684238563793999091.txt.gz ... 92
==> PASV ... done.    ==> RETR 2684238563793999091.txt.gz ... done.
Length: 92 (unauthoritative)

     0K                                                       100% 87.1K=0.001s

2019-06-20 22:20:54 (87.1 KB/s) - ‘2684238563793999091.txt.gz’ saved [92]

--2019-06-20 22:20:54--  http://query/
Resolving query (query)... failed: Name or service not known.
wget: unable to resolve host address ‘query’
--2019-06-20 22:20:54--  ftp://xml/
           => ‘.listing’
Resolving xml (xml)... failed: Name or service not known.
wget: unable to resolve host address ‘xml’
--2019-06-20 22:20:54--  http://pc_fetch_aid500472_activities_0.cgi/
Resolving pc_fetch_aid500472_activities_0.cgi (pc_fetch_aid500472_activities_0.cgi)... failed: Name or service not known.
wget: unable to resolve host address ‘pc_fetch_aid500472_activities_0.cgi’
FINISHED --2019-06-20 22:20:54--
Total wall clock time: 0.4s
Downloaded: 1 files, 92 in 0.001s (87.1 KB/s)
