--2019-06-20 17:33:33--  ftp://ftp-private.ncbi.nlm.nih.gov/pubchem/.fetch/28/2315593369071696875.txt.gz
           => ‘2315593369071696875.txt.gz’
Resolving ftp-private.ncbi.nlm.nih.gov (ftp-private.ncbi.nlm.nih.gov)... 130.14.29.35
Connecting to ftp-private.ncbi.nlm.nih.gov (ftp-private.ncbi.nlm.nih.gov)|130.14.29.35|:21... connected.
Logging in as anonymous ... Logged in!
==> SYST ... done.    ==> PWD ... done.
==> TYPE I ... done.  ==> CWD (1) /pubchem/.fetch/28 ... done.
==> SIZE 2315593369071696875.txt.gz ... 257
==> PASV ... done.    ==> RETR 2315593369071696875.txt.gz ... done.
Length: 257 (unauthoritative)

     0K                                                       100%  203K=0.001s

2019-06-20 17:33:33 (203 KB/s) - ‘2315593369071696875.txt.gz’ saved [257]

--2019-06-20 17:33:33--  http://query/
Resolving query (query)... failed: Name or service not known.
wget: unable to resolve host address ‘query’
--2019-06-20 17:33:33--  ftp://xml/
           => ‘.listing’
Resolving xml (xml)... failed: Name or service not known.
wget: unable to resolve host address ‘xml’
--2019-06-20 17:33:33--  http://pc_fetch_aid1111117_activities_0.cgi/
Resolving pc_fetch_aid1111117_activities_0.cgi (pc_fetch_aid1111117_activities_0.cgi)... failed: Name or service not known.
wget: unable to resolve host address ‘pc_fetch_aid1111117_activities_0.cgi’
FINISHED --2019-06-20 17:33:33--
Total wall clock time: 0.5s
Downloaded: 1 files, 257 in 0.001s (203 KB/s)
