--2019-06-20 18:27:24--  ftp://ftp-private.ncbi.nlm.nih.gov/pubchem/.fetch/42/2245001853591090766.txt.gz
           => ‘2245001853591090766.txt.gz’
Resolving ftp-private.ncbi.nlm.nih.gov (ftp-private.ncbi.nlm.nih.gov)... 130.14.29.30
Connecting to ftp-private.ncbi.nlm.nih.gov (ftp-private.ncbi.nlm.nih.gov)|130.14.29.30|:21... connected.
Logging in as anonymous ... Logged in!
==> SYST ... done.    ==> PWD ... done.
==> TYPE I ... done.  ==> CWD (1) /pubchem/.fetch/42 ... done.
==> SIZE 2245001853591090766.txt.gz ... 448
==> PASV ... done.    ==> RETR 2245001853591090766.txt.gz ... done.
Length: 448 (unauthoritative)

     0K                                                       100%  249K=0.002s

2019-06-20 18:27:24 (249 KB/s) - ‘2245001853591090766.txt.gz’ saved [448]

--2019-06-20 18:27:24--  http://query/
Resolving query (query)... failed: Name or service not known.
wget: unable to resolve host address ‘query’
--2019-06-20 18:27:24--  ftp://xml/
           => ‘.listing’
Resolving xml (xml)... failed: Name or service not known.
wget: unable to resolve host address ‘xml’
--2019-06-20 18:27:24--  http://pc_fetch_aid1178004_activities_0.cgi/
Resolving pc_fetch_aid1178004_activities_0.cgi (pc_fetch_aid1178004_activities_0.cgi)... failed: Name or service not known.
wget: unable to resolve host address ‘pc_fetch_aid1178004_activities_0.cgi’
FINISHED --2019-06-20 18:27:25--
Total wall clock time: 1.2s
Downloaded: 1 files, 448 in 0.002s (249 KB/s)
