--2019-06-20 17:51:17--  ftp://ftp-private.ncbi.nlm.nih.gov/pubchem/.fetch/9/374835011333491399.txt.gz
           => ‘374835011333491399.txt.gz’
Resolving ftp-private.ncbi.nlm.nih.gov (ftp-private.ncbi.nlm.nih.gov)... 130.14.29.30
Connecting to ftp-private.ncbi.nlm.nih.gov (ftp-private.ncbi.nlm.nih.gov)|130.14.29.30|:21... connected.
Logging in as anonymous ... Logged in!
==> SYST ... done.    ==> PWD ... done.
==> TYPE I ... done.  ==> CWD (1) /pubchem/.fetch/9 ... done.
==> SIZE 374835011333491399.txt.gz ... 115
==> PASV ... done.    ==> RETR 374835011333491399.txt.gz ... done.
Length: 115 (unauthoritative)

     0K                                                       100%  125K=0.001s

2019-06-20 17:51:17 (125 KB/s) - ‘374835011333491399.txt.gz’ saved [115]

--2019-06-20 17:51:17--  http://query/
Resolving query (query)... failed: Name or service not known.
wget: unable to resolve host address ‘query’
--2019-06-20 17:51:17--  ftp://xml/
           => ‘.listing’
Resolving xml (xml)... failed: Name or service not known.
wget: unable to resolve host address ‘xml’
--2019-06-20 17:51:17--  http://pc_fetch_aid1162221_activities_0.cgi/
Resolving pc_fetch_aid1162221_activities_0.cgi (pc_fetch_aid1162221_activities_0.cgi)... failed: Name or service not known.
wget: unable to resolve host address ‘pc_fetch_aid1162221_activities_0.cgi’
FINISHED --2019-06-20 17:51:17--
Total wall clock time: 0.6s
Downloaded: 1 files, 115 in 0.001s (125 KB/s)
