--2019-06-20 19:16:01--  ftp://ftp-private.ncbi.nlm.nih.gov/pubchem/.fetch/28/1209752790760525564.txt.gz
           => ‘1209752790760525564.txt.gz’
Resolving ftp-private.ncbi.nlm.nih.gov (ftp-private.ncbi.nlm.nih.gov)... 130.14.29.30
Connecting to ftp-private.ncbi.nlm.nih.gov (ftp-private.ncbi.nlm.nih.gov)|130.14.29.30|:21... connected.
Logging in as anonymous ... Logged in!
==> SYST ... done.    ==> PWD ... done.
==> TYPE I ... done.  ==> CWD (1) /pubchem/.fetch/28 ... done.
==> SIZE 1209752790760525564.txt.gz ... 97
==> PASV ... done.    ==> RETR 1209752790760525564.txt.gz ... done.
Length: 97 (unauthoritative)

     0K                                                       100%  106K=0.001s

2019-06-20 19:16:01 (106 KB/s) - ‘1209752790760525564.txt.gz’ saved [97]

--2019-06-20 19:16:01--  http://query/
Resolving query (query)... failed: Name or service not known.
wget: unable to resolve host address ‘query’
--2019-06-20 19:16:01--  ftp://xml/
           => ‘.listing’
Resolving xml (xml)... failed: Name or service not known.
wget: unable to resolve host address ‘xml’
--2019-06-20 19:16:01--  http://pc_fetch_aid1252560_activities_0.cgi/
Resolving pc_fetch_aid1252560_activities_0.cgi (pc_fetch_aid1252560_activities_0.cgi)... failed: Name or service not known.
wget: unable to resolve host address ‘pc_fetch_aid1252560_activities_0.cgi’
FINISHED --2019-06-20 19:16:01--
Total wall clock time: 0.6s
Downloaded: 1 files, 97 in 0.001s (106 KB/s)
