--2019-06-20 22:18:36--  ftp://ftp-private.ncbi.nlm.nih.gov/pubchem/.fetch/63/1482664661397092112.txt.gz
           => ‘1482664661397092112.txt.gz’
Resolving ftp-private.ncbi.nlm.nih.gov (ftp-private.ncbi.nlm.nih.gov)... 130.14.29.30
Connecting to ftp-private.ncbi.nlm.nih.gov (ftp-private.ncbi.nlm.nih.gov)|130.14.29.30|:21... connected.
Logging in as anonymous ... Logged in!
==> SYST ... done.    ==> PWD ... done.
==> TYPE I ... done.  ==> CWD (1) /pubchem/.fetch/63 ... done.
==> SIZE 1482664661397092112.txt.gz ... 136
==> PASV ... done.    ==> RETR 1482664661397092112.txt.gz ... done.
Length: 136 (unauthoritative)

     0K                                                       100% 9.89K=0.01s

2019-06-20 22:18:37 (9.89 KB/s) - ‘1482664661397092112.txt.gz’ saved [136]

--2019-06-20 22:18:37--  http://query/
Resolving query (query)... failed: Name or service not known.
wget: unable to resolve host address ‘query’
--2019-06-20 22:18:37--  ftp://xml/
           => ‘.listing’
Resolving xml (xml)... failed: Name or service not known.
wget: unable to resolve host address ‘xml’
--2019-06-20 22:18:37--  http://pc_fetch_aid491820_activities_0.cgi/
Resolving pc_fetch_aid491820_activities_0.cgi (pc_fetch_aid491820_activities_0.cgi)... failed: Name or service not known.
wget: unable to resolve host address ‘pc_fetch_aid491820_activities_0.cgi’
FINISHED --2019-06-20 22:18:37--
Total wall clock time: 0.5s
Downloaded: 1 files, 136 in 0.01s (9.89 KB/s)
