--2019-06-20 17:22:19--  ftp://ftp-private.ncbi.nlm.nih.gov/pubchem/.fetch/65/4586454148042285982.txt.gz
           => ‘4586454148042285982.txt.gz’
Resolving ftp-private.ncbi.nlm.nih.gov (ftp-private.ncbi.nlm.nih.gov)... 130.14.29.35
Connecting to ftp-private.ncbi.nlm.nih.gov (ftp-private.ncbi.nlm.nih.gov)|130.14.29.35|:21... connected.
Logging in as anonymous ... Logged in!
==> SYST ... done.    ==> PWD ... done.
==> TYPE I ... done.  ==> CWD (1) /pubchem/.fetch/65 ... done.
==> SIZE 4586454148042285982.txt.gz ... 94
==> PASV ... done.    ==> RETR 4586454148042285982.txt.gz ... done.
Length: 94 (unauthoritative)

     0K                                                       100% 1.49K=0.06s

2019-06-20 17:22:19 (1.49 KB/s) - ‘4586454148042285982.txt.gz’ saved [94]

--2019-06-20 17:22:19--  http://query/
Resolving query (query)... failed: Name or service not known.
wget: unable to resolve host address ‘query’
--2019-06-20 17:22:19--  ftp://xml/
           => ‘.listing’
Resolving xml (xml)... failed: Name or service not known.
wget: unable to resolve host address ‘xml’
--2019-06-20 17:22:19--  http://pc_fetch_aid1090446_activities_0.cgi/
Resolving pc_fetch_aid1090446_activities_0.cgi (pc_fetch_aid1090446_activities_0.cgi)... failed: Name or service not known.
wget: unable to resolve host address ‘pc_fetch_aid1090446_activities_0.cgi’
FINISHED --2019-06-20 17:22:19--
Total wall clock time: 0.5s
Downloaded: 1 files, 94 in 0.06s (1.49 KB/s)
