--2019-06-20 19:06:12--  ftp://ftp-private.ncbi.nlm.nih.gov/pubchem/.fetch/75/3381434592572784461.txt.gz
           => ‘3381434592572784461.txt.gz’
Resolving ftp-private.ncbi.nlm.nih.gov (ftp-private.ncbi.nlm.nih.gov)... 130.14.29.30
Connecting to ftp-private.ncbi.nlm.nih.gov (ftp-private.ncbi.nlm.nih.gov)|130.14.29.30|:21... connected.
Logging in as anonymous ... Logged in!
==> SYST ... done.    ==> PWD ... done.
==> TYPE I ... done.  ==> CWD (1) /pubchem/.fetch/75 ... done.
==> SIZE 3381434592572784461.txt.gz ... 380
==> PASV ... done.    ==> RETR 3381434592572784461.txt.gz ... done.
Length: 380 (unauthoritative)

     0K                                                       100%  245K=0.002s

2019-06-20 19:06:12 (245 KB/s) - ‘3381434592572784461.txt.gz’ saved [380]

--2019-06-20 19:06:12--  http://query/
Resolving query (query)... failed: Name or service not known.
wget: unable to resolve host address ‘query’
--2019-06-20 19:06:12--  ftp://xml/
           => ‘.listing’
Resolving xml (xml)... failed: Name or service not known.
wget: unable to resolve host address ‘xml’
--2019-06-20 19:06:12--  http://pc_fetch_aid1242127_activities_0.cgi/
Resolving pc_fetch_aid1242127_activities_0.cgi (pc_fetch_aid1242127_activities_0.cgi)... failed: Name or service not known.
wget: unable to resolve host address ‘pc_fetch_aid1242127_activities_0.cgi’
FINISHED --2019-06-20 19:06:12--
Total wall clock time: 0.5s
Downloaded: 1 files, 380 in 0.002s (245 KB/s)
