--2019-06-20 17:32:06--  ftp://ftp-private.ncbi.nlm.nih.gov/pubchem/.fetch/58/4044347281418340876.txt.gz
           => ‘4044347281418340876.txt.gz’
Resolving ftp-private.ncbi.nlm.nih.gov (ftp-private.ncbi.nlm.nih.gov)... 130.14.29.30
Connecting to ftp-private.ncbi.nlm.nih.gov (ftp-private.ncbi.nlm.nih.gov)|130.14.29.30|:21... connected.
Logging in as anonymous ... Logged in!
==> SYST ... done.    ==> PWD ... done.
==> TYPE I ... done.  ==> CWD (1) /pubchem/.fetch/58 ... done.
==> SIZE 4044347281418340876.txt.gz ... 113
==> PASV ... done.    ==> RETR 4044347281418340876.txt.gz ... done.
Length: 113 (unauthoritative)

     0K                                                       100%  112K=0.001s

2019-06-20 17:32:06 (112 KB/s) - ‘4044347281418340876.txt.gz’ saved [113]

--2019-06-20 17:32:06--  http://query/
Resolving query (query)... failed: Name or service not known.
wget: unable to resolve host address ‘query’
--2019-06-20 17:32:06--  ftp://xml/
           => ‘.listing’
Resolving xml (xml)... failed: Name or service not known.
wget: unable to resolve host address ‘xml’
--2019-06-20 17:32:06--  http://pc_fetch_aid1103774_activities_0.cgi/
Resolving pc_fetch_aid1103774_activities_0.cgi (pc_fetch_aid1103774_activities_0.cgi)... failed: Name or service not known.
wget: unable to resolve host address ‘pc_fetch_aid1103774_activities_0.cgi’
FINISHED --2019-06-20 17:32:06--
Total wall clock time: 0.6s
Downloaded: 1 files, 113 in 0.001s (112 KB/s)
