--2019-06-20 20:57:19--  ftp://ftp-private.ncbi.nlm.nih.gov/pubchem/.fetch/32/2371479727968492632.txt.gz
           => ‘2371479727968492632.txt.gz’
Resolving ftp-private.ncbi.nlm.nih.gov (ftp-private.ncbi.nlm.nih.gov)... 130.14.29.30
Connecting to ftp-private.ncbi.nlm.nih.gov (ftp-private.ncbi.nlm.nih.gov)|130.14.29.30|:21... connected.
Logging in as anonymous ... Logged in!
==> SYST ... done.    ==> PWD ... done.
==> TYPE I ... done.  ==> CWD (1) /pubchem/.fetch/32 ... done.
==> SIZE 2371479727968492632.txt.gz ... 397
==> PASV ... done.    ==> RETR 2371479727968492632.txt.gz ... done.
Length: 397 (unauthoritative)

     0K                                                       100%  261K=0.001s

2019-06-20 20:57:20 (261 KB/s) - ‘2371479727968492632.txt.gz’ saved [397]

--2019-06-20 20:57:20--  http://query/
Resolving query (query)... failed: Name or service not known.
wget: unable to resolve host address ‘query’
--2019-06-20 20:57:20--  ftp://xml/
           => ‘.listing’
Resolving xml (xml)... failed: Name or service not known.
wget: unable to resolve host address ‘xml’
--2019-06-20 20:57:20--  http://pc_fetch_aid1335669_activities_0.cgi/
Resolving pc_fetch_aid1335669_activities_0.cgi (pc_fetch_aid1335669_activities_0.cgi)... failed: Name or service not known.
wget: unable to resolve host address ‘pc_fetch_aid1335669_activities_0.cgi’
FINISHED --2019-06-20 20:57:20--
Total wall clock time: 0.4s
Downloaded: 1 files, 397 in 0.001s (261 KB/s)
