--2019-06-20 23:24:37--  ftp://ftp-private.ncbi.nlm.nih.gov/pubchem/.fetch/98/922726911074121350.txt.gz
           => ‘922726911074121350.txt.gz’
Resolving ftp-private.ncbi.nlm.nih.gov (ftp-private.ncbi.nlm.nih.gov)... 130.14.29.35
Connecting to ftp-private.ncbi.nlm.nih.gov (ftp-private.ncbi.nlm.nih.gov)|130.14.29.35|:21... connected.
Logging in as anonymous ... Logged in!
==> SYST ... done.    ==> PWD ... done.
==> TYPE I ... done.  ==> CWD (1) /pubchem/.fetch/98 ... done.
==> SIZE 922726911074121350.txt.gz ... 74
==> PASV ... done.    ==> RETR 922726911074121350.txt.gz ... done.
Length: 74 (unauthoritative)

     0K                                                       100%  103K=0.001s

2019-06-20 23:24:37 (103 KB/s) - ‘922726911074121350.txt.gz’ saved [74]

--2019-06-20 23:24:37--  http://query/
Resolving query (query)... failed: Name or service not known.
wget: unable to resolve host address ‘query’
--2019-06-20 23:24:37--  ftp://xml/
           => ‘.listing’
Resolving xml (xml)... failed: Name or service not known.
wget: unable to resolve host address ‘xml’
--2019-06-20 23:24:37--  http://pc_fetch_aid647475_activities_0.cgi/
Resolving pc_fetch_aid647475_activities_0.cgi (pc_fetch_aid647475_activities_0.cgi)... failed: Name or service not known.
wget: unable to resolve host address ‘pc_fetch_aid647475_activities_0.cgi’
FINISHED --2019-06-20 23:24:37--
Total wall clock time: 0.6s
Downloaded: 1 files, 74 in 0.001s (103 KB/s)
