--2019-06-20 18:01:54--  ftp://ftp-private.ncbi.nlm.nih.gov/pubchem/.fetch/42/2566239444629377698.txt.gz
           => ‘2566239444629377698.txt.gz’
Resolving ftp-private.ncbi.nlm.nih.gov (ftp-private.ncbi.nlm.nih.gov)... 130.14.29.30
Connecting to ftp-private.ncbi.nlm.nih.gov (ftp-private.ncbi.nlm.nih.gov)|130.14.29.30|:21... connected.
Logging in as anonymous ... Logged in!
==> SYST ... done.    ==> PWD ... done.
==> TYPE I ... done.  ==> CWD (1) /pubchem/.fetch/42 ... done.
==> SIZE 2566239444629377698.txt.gz ... 131
==> PASV ... done.    ==> RETR 2566239444629377698.txt.gz ... done.
Length: 131 (unauthoritative)

     0K                                                       100%  183K=0.001s

2019-06-20 18:01:54 (183 KB/s) - ‘2566239444629377698.txt.gz’ saved [131]

--2019-06-20 18:01:54--  http://query/
Resolving query (query)... failed: Name or service not known.
wget: unable to resolve host address ‘query’
--2019-06-20 18:01:54--  ftp://xml/
           => ‘.listing’
Resolving xml (xml)... failed: Name or service not known.
wget: unable to resolve host address ‘xml’
--2019-06-20 18:01:54--  http://pc_fetch_aid1165238_activities_0.cgi/
Resolving pc_fetch_aid1165238_activities_0.cgi (pc_fetch_aid1165238_activities_0.cgi)... failed: Name or service not known.
wget: unable to resolve host address ‘pc_fetch_aid1165238_activities_0.cgi’
FINISHED --2019-06-20 18:01:54--
Total wall clock time: 0.4s
Downloaded: 1 files, 131 in 0.001s (183 KB/s)
