--2019-06-20 22:41:27--  ftp://ftp-private.ncbi.nlm.nih.gov/pubchem/.fetch/23/1398435483536848307.txt.gz
           => ‘1398435483536848307.txt.gz’
Resolving ftp-private.ncbi.nlm.nih.gov (ftp-private.ncbi.nlm.nih.gov)... 130.14.29.35
Connecting to ftp-private.ncbi.nlm.nih.gov (ftp-private.ncbi.nlm.nih.gov)|130.14.29.35|:21... connected.
Logging in as anonymous ... Logged in!
==> SYST ... done.    ==> PWD ... done.
==> TYPE I ... done.  ==> CWD (1) /pubchem/.fetch/23 ... done.
==> SIZE 1398435483536848307.txt.gz ... 65
==> PASV ... done.    ==> RETR 1398435483536848307.txt.gz ... done.
Length: 65 (unauthoritative)

     0K                                                       100% 80.7K=0.001s

2019-06-20 22:41:28 (80.7 KB/s) - ‘1398435483536848307.txt.gz’ saved [65]

--2019-06-20 22:41:28--  http://query/
Resolving query (query)... failed: Name or service not known.
wget: unable to resolve host address ‘query’
--2019-06-20 22:41:28--  ftp://xml/
           => ‘.listing’
Resolving xml (xml)... failed: Name or service not known.
wget: unable to resolve host address ‘xml’
--2019-06-20 22:41:28--  http://pc_fetch_aid528378_activities_0.cgi/
Resolving pc_fetch_aid528378_activities_0.cgi (pc_fetch_aid528378_activities_0.cgi)... failed: Name or service not known.
wget: unable to resolve host address ‘pc_fetch_aid528378_activities_0.cgi’
FINISHED --2019-06-20 22:41:28--
Total wall clock time: 0.6s
Downloaded: 1 files, 65 in 0.001s (80.7 KB/s)
