--2019-06-20 17:45:10--  ftp://ftp-private.ncbi.nlm.nih.gov/pubchem/.fetch/65/1296306718884257486.txt.gz
           => ‘1296306718884257486.txt.gz’
Resolving ftp-private.ncbi.nlm.nih.gov (ftp-private.ncbi.nlm.nih.gov)... 130.14.29.35
Connecting to ftp-private.ncbi.nlm.nih.gov (ftp-private.ncbi.nlm.nih.gov)|130.14.29.35|:21... connected.
Logging in as anonymous ... Logged in!
==> SYST ... done.    ==> PWD ... done.
==> TYPE I ... done.  ==> CWD (1) /pubchem/.fetch/65 ... done.
==> SIZE 1296306718884257486.txt.gz ... 78
==> PASV ... done.    ==> RETR 1296306718884257486.txt.gz ... done.
Length: 78 (unauthoritative)

     0K                                                       100% 81.1K=0.001s

2019-06-20 17:45:11 (81.1 KB/s) - ‘1296306718884257486.txt.gz’ saved [78]

--2019-06-20 17:45:11--  http://query/
Resolving query (query)... failed: Name or service not known.
wget: unable to resolve host address ‘query’
--2019-06-20 17:45:11--  ftp://xml/
           => ‘.listing’
Resolving xml (xml)... failed: Name or service not known.
wget: unable to resolve host address ‘xml’
--2019-06-20 17:45:11--  http://pc_fetch_aid1154436_activities_0.cgi/
Resolving pc_fetch_aid1154436_activities_0.cgi (pc_fetch_aid1154436_activities_0.cgi)... failed: Name or service not known.
wget: unable to resolve host address ‘pc_fetch_aid1154436_activities_0.cgi’
FINISHED --2019-06-20 17:45:12--
Total wall clock time: 1.3s
Downloaded: 1 files, 78 in 0.001s (81.1 KB/s)
