--2019-06-20 21:33:19--  ftp://ftp-private.ncbi.nlm.nih.gov/pubchem/.fetch/36/1020469356010706958.txt.gz
           => ‘1020469356010706958.txt.gz’
Resolving ftp-private.ncbi.nlm.nih.gov (ftp-private.ncbi.nlm.nih.gov)... 130.14.29.30
Connecting to ftp-private.ncbi.nlm.nih.gov (ftp-private.ncbi.nlm.nih.gov)|130.14.29.30|:21... connected.
Logging in as anonymous ... Logged in!
==> SYST ... done.    ==> PWD ... done.
==> TYPE I ... done.  ==> CWD (1) /pubchem/.fetch/36 ... done.
==> SIZE 1020469356010706958.txt.gz ... 205
==> PASV ... done.    ==> RETR 1020469356010706958.txt.gz ... done.
Length: 205 (unauthoritative)

     0K                                                       100%  204K=0.001s

2019-06-20 21:33:20 (204 KB/s) - ‘1020469356010706958.txt.gz’ saved [205]

--2019-06-20 21:33:20--  http://query/
Resolving query (query)... failed: Name or service not known.
wget: unable to resolve host address ‘query’
--2019-06-20 21:33:20--  ftp://xml/
           => ‘.listing’
Resolving xml (xml)... failed: Name or service not known.
wget: unable to resolve host address ‘xml’
--2019-06-20 21:33:20--  http://pc_fetch_aid346043_activities_0.cgi/
Resolving pc_fetch_aid346043_activities_0.cgi (pc_fetch_aid346043_activities_0.cgi)... failed: Name or service not known.
wget: unable to resolve host address ‘pc_fetch_aid346043_activities_0.cgi’
FINISHED --2019-06-20 21:33:20--
Total wall clock time: 0.4s
Downloaded: 1 files, 205 in 0.001s (204 KB/s)
