--2019-06-20 21:48:23--  ftp://ftp-private.ncbi.nlm.nih.gov/pubchem/.fetch/91/957691194193773534.txt.gz
           => ‘957691194193773534.txt.gz’
Resolving ftp-private.ncbi.nlm.nih.gov (ftp-private.ncbi.nlm.nih.gov)... 130.14.29.30
Connecting to ftp-private.ncbi.nlm.nih.gov (ftp-private.ncbi.nlm.nih.gov)|130.14.29.30|:21... connected.
Logging in as anonymous ... Logged in!
==> SYST ... done.    ==> PWD ... done.
==> TYPE I ... done.  ==> CWD (1) /pubchem/.fetch/91 ... done.
==> SIZE 957691194193773534.txt.gz ... 57
==> PASV ... done.    ==> RETR 957691194193773534.txt.gz ... done.
Length: 57 (unauthoritative)

     0K                                                       100% 75.4K=0.001s

2019-06-20 21:48:24 (75.4 KB/s) - ‘957691194193773534.txt.gz’ saved [57]

--2019-06-20 21:48:24--  http://query/
Resolving query (query)... failed: Name or service not known.
wget: unable to resolve host address ‘query’
--2019-06-20 21:48:24--  ftp://xml/
           => ‘.listing’
Resolving xml (xml)... failed: Name or service not known.
wget: unable to resolve host address ‘xml’
--2019-06-20 21:48:24--  http://pc_fetch_aid405720_activities_0.cgi/
Resolving pc_fetch_aid405720_activities_0.cgi (pc_fetch_aid405720_activities_0.cgi)... failed: Name or service not known.
wget: unable to resolve host address ‘pc_fetch_aid405720_activities_0.cgi’
FINISHED --2019-06-20 21:48:24--
Total wall clock time: 0.6s
Downloaded: 1 files, 57 in 0.001s (75.4 KB/s)
