--2019-06-20 23:14:35--  ftp://ftp-private.ncbi.nlm.nih.gov/pubchem/.fetch/92/955911103215498254.txt.gz
           => ‘955911103215498254.txt.gz’
Resolving ftp-private.ncbi.nlm.nih.gov (ftp-private.ncbi.nlm.nih.gov)... 130.14.29.30
Connecting to ftp-private.ncbi.nlm.nih.gov (ftp-private.ncbi.nlm.nih.gov)|130.14.29.30|:21... connected.
Logging in as anonymous ... Logged in!
==> SYST ... done.    ==> PWD ... done.
==> TYPE I ... done.  ==> CWD (1) /pubchem/.fetch/92 ... done.
==> SIZE 955911103215498254.txt.gz ... 70
==> PASV ... done.    ==> RETR 955911103215498254.txt.gz ... done.
Length: 70 (unauthoritative)

     0K                                                       100% 83.4K=0.001s

2019-06-20 23:14:36 (83.4 KB/s) - ‘955911103215498254.txt.gz’ saved [70]

--2019-06-20 23:14:36--  http://query/
Resolving query (query)... failed: Name or service not known.
wget: unable to resolve host address ‘query’
--2019-06-20 23:14:36--  ftp://xml/
           => ‘.listing’
Resolving xml (xml)... failed: Name or service not known.
wget: unable to resolve host address ‘xml’
--2019-06-20 23:14:36--  http://pc_fetch_aid645788_activities_0.cgi/
Resolving pc_fetch_aid645788_activities_0.cgi (pc_fetch_aid645788_activities_0.cgi)... failed: Name or service not known.
wget: unable to resolve host address ‘pc_fetch_aid645788_activities_0.cgi’
FINISHED --2019-06-20 23:14:36--
Total wall clock time: 0.5s
Downloaded: 1 files, 70 in 0.001s (83.4 KB/s)
