--2019-06-20 17:23:19--  ftp://ftp-private.ncbi.nlm.nih.gov/pubchem/.fetch/99/72802752421278974.txt.gz
           => ‘72802752421278974.txt.gz’
Resolving ftp-private.ncbi.nlm.nih.gov (ftp-private.ncbi.nlm.nih.gov)... 130.14.29.35
Connecting to ftp-private.ncbi.nlm.nih.gov (ftp-private.ncbi.nlm.nih.gov)|130.14.29.35|:21... connected.
Logging in as anonymous ... Logged in!
==> SYST ... done.    ==> PWD ... done.
==> TYPE I ... done.  ==> CWD (1) /pubchem/.fetch/99 ... done.
==> SIZE 72802752421278974.txt.gz ... 64
==> PASV ... done.    ==> RETR 72802752421278974.txt.gz ... done.
Length: 64 (unauthoritative)

     0K                                                       100% 74.3K=0.001s

2019-06-20 17:23:19 (74.3 KB/s) - ‘72802752421278974.txt.gz’ saved [64]

--2019-06-20 17:23:19--  http://query/
Resolving query (query)... failed: Name or service not known.
wget: unable to resolve host address ‘query’
--2019-06-20 17:23:19--  ftp://xml/
           => ‘.listing’
Resolving xml (xml)... failed: Name or service not known.
wget: unable to resolve host address ‘xml’
--2019-06-20 17:23:19--  http://pc_fetch_aid1090456_activities_0.cgi/
Resolving pc_fetch_aid1090456_activities_0.cgi (pc_fetch_aid1090456_activities_0.cgi)... failed: Name or service not known.
wget: unable to resolve host address ‘pc_fetch_aid1090456_activities_0.cgi’
FINISHED --2019-06-20 17:23:19--
Total wall clock time: 0.5s
Downloaded: 1 files, 64 in 0.001s (74.3 KB/s)
