--2019-06-20 21:03:15--  ftp://ftp-private.ncbi.nlm.nih.gov/pubchem/.fetch/49/1853443319808440825.txt.gz
           => ‘1853443319808440825.txt.gz’
Resolving ftp-private.ncbi.nlm.nih.gov (ftp-private.ncbi.nlm.nih.gov)... 130.14.29.30
Connecting to ftp-private.ncbi.nlm.nih.gov (ftp-private.ncbi.nlm.nih.gov)|130.14.29.30|:21... connected.
Logging in as anonymous ... Logged in!
==> SYST ... done.    ==> PWD ... done.
==> TYPE I ... done.  ==> CWD (1) /pubchem/.fetch/49 ... done.
==> SIZE 1853443319808440825.txt.gz ... 77
==> PASV ... done.    ==> RETR 1853443319808440825.txt.gz ... done.
Length: 77 (unauthoritative)

     0K                                                       100%  105K=0.001s

2019-06-20 21:03:16 (105 KB/s) - ‘1853443319808440825.txt.gz’ saved [77]

--2019-06-20 21:03:16--  http://query/
Resolving query (query)... failed: Name or service not known.
wget: unable to resolve host address ‘query’
--2019-06-20 21:03:16--  ftp://xml/
           => ‘.listing’
Resolving xml (xml)... failed: Name or service not known.
wget: unable to resolve host address ‘xml’
--2019-06-20 21:03:16--  http://pc_fetch_aid1335874_activities_0.cgi/
Resolving pc_fetch_aid1335874_activities_0.cgi (pc_fetch_aid1335874_activities_0.cgi)... failed: Name or service not known.
wget: unable to resolve host address ‘pc_fetch_aid1335874_activities_0.cgi’
FINISHED --2019-06-20 21:03:16--
Total wall clock time: 0.5s
Downloaded: 1 files, 77 in 0.001s (105 KB/s)
