--2019-06-20 17:37:15--  ftp://ftp-private.ncbi.nlm.nih.gov/pubchem/.fetch/94/663290358988666756.txt.gz
           => ‘663290358988666756.txt.gz’
Resolving ftp-private.ncbi.nlm.nih.gov (ftp-private.ncbi.nlm.nih.gov)... 130.14.29.30
Connecting to ftp-private.ncbi.nlm.nih.gov (ftp-private.ncbi.nlm.nih.gov)|130.14.29.30|:21... connected.
Logging in as anonymous ... Logged in!
==> SYST ... done.    ==> PWD ... done.
==> TYPE I ... done.  ==> CWD (1) /pubchem/.fetch/94 ... done.
==> SIZE 663290358988666756.txt.gz ... 80
==> PASV ... done.    ==> RETR 663290358988666756.txt.gz ... done.
Length: 80 (unauthoritative)

     0K                                                       100% 89.2K=0.001s

2019-06-20 17:37:15 (89.2 KB/s) - ‘663290358988666756.txt.gz’ saved [80]

--2019-06-20 17:37:15--  http://query/
Resolving query (query)... failed: Name or service not known.
wget: unable to resolve host address ‘query’
--2019-06-20 17:37:15--  ftp://xml/
           => ‘.listing’
Resolving xml (xml)... failed: Name or service not known.
wget: unable to resolve host address ‘xml’
--2019-06-20 17:37:15--  http://pc_fetch_aid1138465_activities_0.cgi/
Resolving pc_fetch_aid1138465_activities_0.cgi (pc_fetch_aid1138465_activities_0.cgi)... failed: Name or service not known.
wget: unable to resolve host address ‘pc_fetch_aid1138465_activities_0.cgi’
FINISHED --2019-06-20 17:37:15--
Total wall clock time: 0.8s
Downloaded: 1 files, 80 in 0.001s (89.2 KB/s)
