--2019-06-21 00:34:08--  ftp://ftp-private.ncbi.nlm.nih.gov/pubchem/.fetch/41/134908395071155285.txt.gz
           => ‘134908395071155285.txt.gz’
Resolving ftp-private.ncbi.nlm.nih.gov (ftp-private.ncbi.nlm.nih.gov)... 130.14.29.30
Connecting to ftp-private.ncbi.nlm.nih.gov (ftp-private.ncbi.nlm.nih.gov)|130.14.29.30|:21... connected.
Logging in as anonymous ... Logged in!
==> SYST ... done.    ==> PWD ... done.
==> TYPE I ... done.  ==> CWD (1) /pubchem/.fetch/41 ... done.
==> SIZE 134908395071155285.txt.gz ... 131
==> PASV ... done.    ==> RETR 134908395071155285.txt.gz ... done.
Length: 131 (unauthoritative)

     0K                                                       100%  138K=0.001s

2019-06-21 00:34:09 (138 KB/s) - ‘134908395071155285.txt.gz’ saved [131]

--2019-06-21 00:34:09--  http://query/
Resolving query (query)... failed: Name or service not known.
wget: unable to resolve host address ‘query’
--2019-06-21 00:34:09--  ftp://xml/
           => ‘.listing’
Resolving xml (xml)... failed: Name or service not known.
wget: unable to resolve host address ‘xml’
--2019-06-21 00:34:09--  http://pc_fetch_aid769557_activities_0.cgi/
Resolving pc_fetch_aid769557_activities_0.cgi (pc_fetch_aid769557_activities_0.cgi)... failed: Name or service not known.
wget: unable to resolve host address ‘pc_fetch_aid769557_activities_0.cgi’
FINISHED --2019-06-21 00:34:09--
Total wall clock time: 0.4s
Downloaded: 1 files, 131 in 0.001s (138 KB/s)
