--2019-06-20 20:07:57--  ftp://ftp-private.ncbi.nlm.nih.gov/pubchem/.fetch/100/3955265530995391575.txt.gz
           => ‘3955265530995391575.txt.gz’
Resolving ftp-private.ncbi.nlm.nih.gov (ftp-private.ncbi.nlm.nih.gov)... 130.14.29.35
Connecting to ftp-private.ncbi.nlm.nih.gov (ftp-private.ncbi.nlm.nih.gov)|130.14.29.35|:21... connected.
Logging in as anonymous ... Logged in!
==> SYST ... done.    ==> PWD ... done.
==> TYPE I ... done.  ==> CWD (1) /pubchem/.fetch/100 ... done.
==> SIZE 3955265530995391575.txt.gz ... 69
==> PASV ... done.    ==> RETR 3955265530995391575.txt.gz ... done.
Length: 69 (unauthoritative)

     0K                                                       100% 81.8K=0.001s

2019-06-20 20:07:58 (81.8 KB/s) - ‘3955265530995391575.txt.gz’ saved [69]

--2019-06-20 20:07:58--  http://query/
Resolving query (query)... failed: Name or service not known.
wget: unable to resolve host address ‘query’
--2019-06-20 20:07:58--  ftp://xml/
           => ‘.listing’
Resolving xml (xml)... failed: Name or service not known.
wget: unable to resolve host address ‘xml’
--2019-06-20 20:07:58--  http://pc_fetch_aid1303248_activities_0.cgi/
Resolving pc_fetch_aid1303248_activities_0.cgi (pc_fetch_aid1303248_activities_0.cgi)... failed: Name or service not known.
wget: unable to resolve host address ‘pc_fetch_aid1303248_activities_0.cgi’
FINISHED --2019-06-20 20:07:58--
Total wall clock time: 0.6s
Downloaded: 1 files, 69 in 0.001s (81.8 KB/s)
