--2019-06-20 22:38:29--  ftp://ftp-private.ncbi.nlm.nih.gov/pubchem/.fetch/6/3475004593391936711.txt.gz
           => ‘3475004593391936711.txt.gz’
Resolving ftp-private.ncbi.nlm.nih.gov (ftp-private.ncbi.nlm.nih.gov)... 130.14.29.30
Connecting to ftp-private.ncbi.nlm.nih.gov (ftp-private.ncbi.nlm.nih.gov)|130.14.29.30|:21... connected.
Logging in as anonymous ... Logged in!
==> SYST ... done.    ==> PWD ... done.
==> TYPE I ... done.  ==> CWD (1) /pubchem/.fetch/6 ... done.
==> SIZE 3475004593391936711.txt.gz ... 69
==> PASV ... done.    ==> RETR 3475004593391936711.txt.gz ... done.
Length: 69 (unauthoritative)

     0K                                                       100% 91.8K=0.001s

2019-06-20 22:38:30 (91.8 KB/s) - ‘3475004593391936711.txt.gz’ saved [69]

--2019-06-20 22:38:30--  http://query/
Resolving query (query)... failed: Name or service not known.
wget: unable to resolve host address ‘query’
--2019-06-20 22:38:30--  ftp://xml/
           => ‘.listing’
Resolving xml (xml)... failed: Name or service not known.
wget: unable to resolve host address ‘xml’
--2019-06-20 22:38:30--  http://pc_fetch_aid527900_activities_0.cgi/
Resolving pc_fetch_aid527900_activities_0.cgi (pc_fetch_aid527900_activities_0.cgi)... failed: Name or service not known.
wget: unable to resolve host address ‘pc_fetch_aid527900_activities_0.cgi’
FINISHED --2019-06-20 22:38:30--
Total wall clock time: 0.4s
Downloaded: 1 files, 69 in 0.001s (91.8 KB/s)
