--2019-06-20 21:39:27--  ftp://ftp-private.ncbi.nlm.nih.gov/pubchem/.fetch/84/392009533511780302.txt.gz
           => ‘392009533511780302.txt.gz’
Resolving ftp-private.ncbi.nlm.nih.gov (ftp-private.ncbi.nlm.nih.gov)... 130.14.29.30
Connecting to ftp-private.ncbi.nlm.nih.gov (ftp-private.ncbi.nlm.nih.gov)|130.14.29.30|:21... connected.
Logging in as anonymous ... Logged in!
==> SYST ... done.    ==> PWD ... done.
==> TYPE I ... done.  ==> CWD (1) /pubchem/.fetch/84 ... done.
==> SIZE 392009533511780302.txt.gz ... 95
==> PASV ... done.    ==> RETR 392009533511780302.txt.gz ... done.
Length: 95 (unauthoritative)

     0K                                                       100% 96.6K=0.001s

2019-06-20 21:39:28 (96.6 KB/s) - ‘392009533511780302.txt.gz’ saved [95]

--2019-06-20 21:39:28--  http://query/
Resolving query (query)... failed: Name or service not known.
wget: unable to resolve host address ‘query’
--2019-06-20 21:39:28--  ftp://xml/
           => ‘.listing’
Resolving xml (xml)... failed: Name or service not known.
wget: unable to resolve host address ‘xml’
--2019-06-20 21:39:28--  http://pc_fetch_aid383728_activities_0.cgi/
Resolving pc_fetch_aid383728_activities_0.cgi (pc_fetch_aid383728_activities_0.cgi)... failed: Name or service not known.
wget: unable to resolve host address ‘pc_fetch_aid383728_activities_0.cgi’
FINISHED --2019-06-20 21:39:28--
Total wall clock time: 0.5s
Downloaded: 1 files, 95 in 0.001s (96.6 KB/s)
