--2019-06-20 21:46:28--  ftp://ftp-private.ncbi.nlm.nih.gov/pubchem/.fetch/64/550131450414880258.txt.gz
           => ‘550131450414880258.txt.gz’
Resolving ftp-private.ncbi.nlm.nih.gov (ftp-private.ncbi.nlm.nih.gov)... 130.14.29.30
Connecting to ftp-private.ncbi.nlm.nih.gov (ftp-private.ncbi.nlm.nih.gov)|130.14.29.30|:21... connected.
Logging in as anonymous ... Logged in!
==> SYST ... done.    ==> PWD ... done.
==> TYPE I ... done.  ==> CWD (1) /pubchem/.fetch/64 ... done.
==> SIZE 550131450414880258.txt.gz ... 66
==> PASV ... done.    ==> RETR 550131450414880258.txt.gz ... done.
Length: 66 (unauthoritative)

     0K                                                       100% 69.9K=0.001s

2019-06-20 21:46:29 (69.9 KB/s) - ‘550131450414880258.txt.gz’ saved [66]

--2019-06-20 21:46:29--  http://query/
Resolving query (query)... failed: Name or service not known.
wget: unable to resolve host address ‘query’
--2019-06-20 21:46:29--  ftp://xml/
           => ‘.listing’
Resolving xml (xml)... failed: Name or service not known.
wget: unable to resolve host address ‘xml’
--2019-06-20 21:46:29--  http://pc_fetch_aid396126_activities_0.cgi/
Resolving pc_fetch_aid396126_activities_0.cgi (pc_fetch_aid396126_activities_0.cgi)... failed: Name or service not known.
wget: unable to resolve host address ‘pc_fetch_aid396126_activities_0.cgi’
FINISHED --2019-06-20 21:46:29--
Total wall clock time: 0.4s
Downloaded: 1 files, 66 in 0.001s (69.9 KB/s)
