--2019-06-20 23:39:35--  ftp://ftp-private.ncbi.nlm.nih.gov/pubchem/.fetch/98/369649200314273476.txt.gz
           => ‘369649200314273476.txt.gz’
Resolving ftp-private.ncbi.nlm.nih.gov (ftp-private.ncbi.nlm.nih.gov)... 130.14.29.30
Connecting to ftp-private.ncbi.nlm.nih.gov (ftp-private.ncbi.nlm.nih.gov)|130.14.29.30|:21... connected.
Logging in as anonymous ... Logged in!
==> SYST ... done.    ==> PWD ... done.
==> TYPE I ... done.  ==> CWD (1) /pubchem/.fetch/98 ... done.
==> SIZE 369649200314273476.txt.gz ... 114
==> PASV ... done.    ==> RETR 369649200314273476.txt.gz ... done.
Length: 114 (unauthoritative)

     0K                                                       100%  127K=0.001s

2019-06-20 23:39:35 (127 KB/s) - ‘369649200314273476.txt.gz’ saved [114]

--2019-06-20 23:39:35--  http://query/
Resolving query (query)... failed: Name or service not known.
wget: unable to resolve host address ‘query’
--2019-06-20 23:39:35--  ftp://xml/
           => ‘.listing’
Resolving xml (xml)... failed: Name or service not known.
wget: unable to resolve host address ‘xml’
--2019-06-20 23:39:35--  http://pc_fetch_aid701777_activities_0.cgi/
Resolving pc_fetch_aid701777_activities_0.cgi (pc_fetch_aid701777_activities_0.cgi)... failed: Name or service not known.
wget: unable to resolve host address ‘pc_fetch_aid701777_activities_0.cgi’
FINISHED --2019-06-20 23:39:35--
Total wall clock time: 0.4s
Downloaded: 1 files, 114 in 0.001s (127 KB/s)
