--2019-06-20 17:28:13--  ftp://ftp-private.ncbi.nlm.nih.gov/pubchem/.fetch/64/2018033947728592951.txt.gz
           => ‘2018033947728592951.txt.gz’
Resolving ftp-private.ncbi.nlm.nih.gov (ftp-private.ncbi.nlm.nih.gov)... 130.14.29.35
Connecting to ftp-private.ncbi.nlm.nih.gov (ftp-private.ncbi.nlm.nih.gov)|130.14.29.35|:21... connected.
Logging in as anonymous ... Logged in!
==> SYST ... done.    ==> PWD ... done.
==> TYPE I ... done.  ==> CWD (1) /pubchem/.fetch/64 ... done.
==> SIZE 2018033947728592951.txt.gz ... 164
==> PASV ... done.    ==> RETR 2018033947728592951.txt.gz ... done.
Length: 164 (unauthoritative)

     0K                                                       100%  180K=0.001s

2019-06-20 17:28:14 (180 KB/s) - ‘2018033947728592951.txt.gz’ saved [164]

--2019-06-20 17:28:14--  http://query/
Resolving query (query)... failed: Name or service not known.
wget: unable to resolve host address ‘query’
--2019-06-20 17:28:14--  ftp://xml/
           => ‘.listing’
Resolving xml (xml)... failed: Name or service not known.
wget: unable to resolve host address ‘xml’
--2019-06-20 17:28:14--  http://pc_fetch_aid1102004_activities_0.cgi/
Resolving pc_fetch_aid1102004_activities_0.cgi (pc_fetch_aid1102004_activities_0.cgi)... failed: Name or service not known.
wget: unable to resolve host address ‘pc_fetch_aid1102004_activities_0.cgi’
FINISHED --2019-06-20 17:28:14--
Total wall clock time: 0.5s
Downloaded: 1 files, 164 in 0.001s (180 KB/s)
