--2019-06-20 21:35:54--  ftp://ftp-private.ncbi.nlm.nih.gov/pubchem/.fetch/9/4258219674754274688.txt.gz
           => ‘4258219674754274688.txt.gz’
Resolving ftp-private.ncbi.nlm.nih.gov (ftp-private.ncbi.nlm.nih.gov)... 130.14.29.30
Connecting to ftp-private.ncbi.nlm.nih.gov (ftp-private.ncbi.nlm.nih.gov)|130.14.29.30|:21... connected.
Logging in as anonymous ... Logged in!
==> SYST ... done.    ==> PWD ... done.
==> TYPE I ... done.  ==> CWD (1) /pubchem/.fetch/9 ... done.
==> SIZE 4258219674754274688.txt.gz ... 81
==> PASV ... done.    ==> RETR 4258219674754274688.txt.gz ... done.
Length: 81 (unauthoritative)

     0K                                                       100%  119K=0.001s

2019-06-20 21:35:54 (119 KB/s) - ‘4258219674754274688.txt.gz’ saved [81]

--2019-06-20 21:35:54--  http://query/
Resolving query (query)... failed: Name or service not known.
wget: unable to resolve host address ‘query’
--2019-06-20 21:35:54--  ftp://xml/
           => ‘.listing’
Resolving xml (xml)... failed: Name or service not known.
wget: unable to resolve host address ‘xml’
--2019-06-20 21:35:54--  http://pc_fetch_aid351666_activities_0.cgi/
Resolving pc_fetch_aid351666_activities_0.cgi (pc_fetch_aid351666_activities_0.cgi)... failed: Name or service not known.
wget: unable to resolve host address ‘pc_fetch_aid351666_activities_0.cgi’
FINISHED --2019-06-20 21:35:54--
Total wall clock time: 0.4s
Downloaded: 1 files, 81 in 0.001s (119 KB/s)
