--2019-06-20 17:49:00--  ftp://ftp-private.ncbi.nlm.nih.gov/pubchem/.fetch/72/3904811132832774818.txt.gz
           => ‘3904811132832774818.txt.gz’
Resolving ftp-private.ncbi.nlm.nih.gov (ftp-private.ncbi.nlm.nih.gov)... 130.14.29.30
Connecting to ftp-private.ncbi.nlm.nih.gov (ftp-private.ncbi.nlm.nih.gov)|130.14.29.30|:21... connected.
Logging in as anonymous ... Logged in!
==> SYST ... done.    ==> PWD ... done.
==> TYPE I ... done.  ==> CWD (1) /pubchem/.fetch/72 ... done.
==> SIZE 3904811132832774818.txt.gz ... 107
==> PASV ... done.    ==> RETR 3904811132832774818.txt.gz ... done.
Length: 107 (unauthoritative)

     0K                                                       100%  131K=0.001s

2019-06-20 17:49:01 (131 KB/s) - ‘3904811132832774818.txt.gz’ saved [107]

--2019-06-20 17:49:01--  http://query/
Resolving query (query)... failed: Name or service not known.
wget: unable to resolve host address ‘query’
--2019-06-20 17:49:01--  ftp://xml/
           => ‘.listing’
Resolving xml (xml)... failed: Name or service not known.
wget: unable to resolve host address ‘xml’
--2019-06-20 17:49:01--  http://pc_fetch_aid1161345_activities_0.cgi/
Resolving pc_fetch_aid1161345_activities_0.cgi (pc_fetch_aid1161345_activities_0.cgi)... failed: Name or service not known.
wget: unable to resolve host address ‘pc_fetch_aid1161345_activities_0.cgi’
FINISHED --2019-06-20 17:49:01--
Total wall clock time: 0.5s
Downloaded: 1 files, 107 in 0.001s (131 KB/s)
