--2019-06-20 20:39:45--  ftp://ftp-private.ncbi.nlm.nih.gov/pubchem/.fetch/100/3238790813920285075.txt.gz
           => ‘3238790813920285075.txt.gz’
Resolving ftp-private.ncbi.nlm.nih.gov (ftp-private.ncbi.nlm.nih.gov)... 130.14.29.30
Connecting to ftp-private.ncbi.nlm.nih.gov (ftp-private.ncbi.nlm.nih.gov)|130.14.29.30|:21... connected.
Logging in as anonymous ... Logged in!
==> SYST ... done.    ==> PWD ... done.
==> TYPE I ... done.  ==> CWD (1) /pubchem/.fetch/100 ... done.
==> SIZE 3238790813920285075.txt.gz ... 84
==> PASV ... done.    ==> RETR 3238790813920285075.txt.gz ... done.
Length: 84 (unauthoritative)

     0K                                                       100%  105K=0.001s

2019-06-20 20:39:46 (105 KB/s) - ‘3238790813920285075.txt.gz’ saved [84]

--2019-06-20 20:39:46--  http://query/
Resolving query (query)... failed: Name or service not known.
wget: unable to resolve host address ‘query’
--2019-06-20 20:39:46--  ftp://xml/
           => ‘.listing’
Resolving xml (xml)... failed: Name or service not known.
wget: unable to resolve host address ‘xml’
--2019-06-20 20:39:46--  http://pc_fetch_aid1319593_activities_0.cgi/
Resolving pc_fetch_aid1319593_activities_0.cgi (pc_fetch_aid1319593_activities_0.cgi)... failed: Name or service not known.
wget: unable to resolve host address ‘pc_fetch_aid1319593_activities_0.cgi’
FINISHED --2019-06-20 20:39:46--
Total wall clock time: 0.4s
Downloaded: 1 files, 84 in 0.001s (105 KB/s)
