--2019-06-20 20:13:23--  ftp://ftp-private.ncbi.nlm.nih.gov/pubchem/.fetch/73/534849490548350680.txt.gz
           => ‘534849490548350680.txt.gz’
Resolving ftp-private.ncbi.nlm.nih.gov (ftp-private.ncbi.nlm.nih.gov)... 130.14.29.35
Connecting to ftp-private.ncbi.nlm.nih.gov (ftp-private.ncbi.nlm.nih.gov)|130.14.29.35|:21... connected.
Logging in as anonymous ... Logged in!
==> SYST ... done.    ==> PWD ... done.
==> TYPE I ... done.  ==> CWD (1) /pubchem/.fetch/73 ... done.
==> SIZE 534849490548350680.txt.gz ... 115
==> PASV ... done.    ==> RETR 534849490548350680.txt.gz ... done.
Length: 115 (unauthoritative)

     0K                                                       100%  140K=0.001s

2019-06-20 20:13:24 (140 KB/s) - ‘534849490548350680.txt.gz’ saved [115]

--2019-06-20 20:13:24--  http://query/
Resolving query (query)... failed: Name or service not known.
wget: unable to resolve host address ‘query’
--2019-06-20 20:13:24--  ftp://xml/
           => ‘.listing’
Resolving xml (xml)... failed: Name or service not known.
wget: unable to resolve host address ‘xml’
--2019-06-20 20:13:24--  http://pc_fetch_aid1306304_activities_0.cgi/
Resolving pc_fetch_aid1306304_activities_0.cgi (pc_fetch_aid1306304_activities_0.cgi)... failed: Name or service not known.
wget: unable to resolve host address ‘pc_fetch_aid1306304_activities_0.cgi’
FINISHED --2019-06-20 20:13:24--
Total wall clock time: 0.7s
Downloaded: 1 files, 115 in 0.001s (140 KB/s)
