--2019-06-20 18:03:12--  ftp://ftp-private.ncbi.nlm.nih.gov/pubchem/.fetch/82/231924410811909250.txt.gz
           => ‘231924410811909250.txt.gz’
Resolving ftp-private.ncbi.nlm.nih.gov (ftp-private.ncbi.nlm.nih.gov)... 130.14.29.35
Connecting to ftp-private.ncbi.nlm.nih.gov (ftp-private.ncbi.nlm.nih.gov)|130.14.29.35|:21... connected.
Logging in as anonymous ... Logged in!
==> SYST ... done.    ==> PWD ... done.
==> TYPE I ... done.  ==> CWD (1) /pubchem/.fetch/82 ... done.
==> SIZE 231924410811909250.txt.gz ... 70
==> PASV ... done.    ==> RETR 231924410811909250.txt.gz ... done.
Length: 70 (unauthoritative)

     0K                                                       100% 90.4K=0.001s

2019-06-20 18:03:12 (90.4 KB/s) - ‘231924410811909250.txt.gz’ saved [70]

--2019-06-20 18:03:12--  http://query/
Resolving query (query)... failed: Name or service not known.
wget: unable to resolve host address ‘query’
--2019-06-20 18:03:12--  ftp://xml/
           => ‘.listing’
Resolving xml (xml)... failed: Name or service not known.
wget: unable to resolve host address ‘xml’
--2019-06-20 18:03:12--  http://pc_fetch_aid1165250_activities_0.cgi/
Resolving pc_fetch_aid1165250_activities_0.cgi (pc_fetch_aid1165250_activities_0.cgi)... failed: Name or service not known.
wget: unable to resolve host address ‘pc_fetch_aid1165250_activities_0.cgi’
FINISHED --2019-06-20 18:03:12--
Total wall clock time: 0.5s
Downloaded: 1 files, 70 in 0.001s (90.4 KB/s)
