--2019-06-20 21:21:03--  ftp://ftp-private.ncbi.nlm.nih.gov/pubchem/.fetch/37/2416754786521372000.txt.gz
           => ‘2416754786521372000.txt.gz’
Resolving ftp-private.ncbi.nlm.nih.gov (ftp-private.ncbi.nlm.nih.gov)... 130.14.29.30
Connecting to ftp-private.ncbi.nlm.nih.gov (ftp-private.ncbi.nlm.nih.gov)|130.14.29.30|:21... connected.
Logging in as anonymous ... Logged in!
==> SYST ... done.    ==> PWD ... done.
==> TYPE I ... done.  ==> CWD (1) /pubchem/.fetch/37 ... done.
==> SIZE 2416754786521372000.txt.gz ... 66
==> PASV ... done.    ==> RETR 2416754786521372000.txt.gz ... done.
Length: 66 (unauthoritative)

     0K                                                       100% 73.9K=0.001s

2019-06-20 21:21:04 (73.9 KB/s) - ‘2416754786521372000.txt.gz’ saved [66]

--2019-06-20 21:21:04--  http://query/
Resolving query (query)... failed: Name or service not known.
wget: unable to resolve host address ‘query’
--2019-06-20 21:21:04--  ftp://xml/
           => ‘.listing’
Resolving xml (xml)... failed: Name or service not known.
wget: unable to resolve host address ‘xml’
--2019-06-20 21:21:04--  http://pc_fetch_aid297639_activities_0.cgi/
Resolving pc_fetch_aid297639_activities_0.cgi (pc_fetch_aid297639_activities_0.cgi)... failed: Name or service not known.
wget: unable to resolve host address ‘pc_fetch_aid297639_activities_0.cgi’
FINISHED --2019-06-20 21:21:04--
Total wall clock time: 0.6s
Downloaded: 1 files, 66 in 0.001s (73.9 KB/s)
