--2019-06-20 20:51:01--  ftp://ftp-private.ncbi.nlm.nih.gov/pubchem/.fetch/38/2131041432387577886.txt.gz
           => ‘2131041432387577886.txt.gz’
Resolving ftp-private.ncbi.nlm.nih.gov (ftp-private.ncbi.nlm.nih.gov)... 130.14.29.30
Connecting to ftp-private.ncbi.nlm.nih.gov (ftp-private.ncbi.nlm.nih.gov)|130.14.29.30|:21... connected.
Logging in as anonymous ... Logged in!
==> SYST ... done.    ==> PWD ... done.
==> TYPE I ... done.  ==> CWD (1) /pubchem/.fetch/38 ... done.
==> SIZE 2131041432387577886.txt.gz ... 128
==> PASV ... done.    ==> RETR 2131041432387577886.txt.gz ... done.
Length: 128 (unauthoritative)

     0K                                                       100%  131K=0.001s

2019-06-20 20:51:02 (131 KB/s) - ‘2131041432387577886.txt.gz’ saved [128]

--2019-06-20 20:51:02--  http://query/
Resolving query (query)... failed: Name or service not known.
wget: unable to resolve host address ‘query’
--2019-06-20 20:51:02--  ftp://xml/
           => ‘.listing’
Resolving xml (xml)... failed: Name or service not known.
wget: unable to resolve host address ‘xml’
--2019-06-20 20:51:02--  http://pc_fetch_aid1326829_activities_0.cgi/
Resolving pc_fetch_aid1326829_activities_0.cgi (pc_fetch_aid1326829_activities_0.cgi)... failed: Name or service not known.
wget: unable to resolve host address ‘pc_fetch_aid1326829_activities_0.cgi’
FINISHED --2019-06-20 20:51:02--
Total wall clock time: 0.8s
Downloaded: 1 files, 128 in 0.001s (131 KB/s)
