--2019-06-20 22:25:04--  ftp://ftp-private.ncbi.nlm.nih.gov/pubchem/.fetch/90/1037598207402364962.txt.gz
           => ‘1037598207402364962.txt.gz’
Resolving ftp-private.ncbi.nlm.nih.gov (ftp-private.ncbi.nlm.nih.gov)... 130.14.29.35
Connecting to ftp-private.ncbi.nlm.nih.gov (ftp-private.ncbi.nlm.nih.gov)|130.14.29.35|:21... connected.
Logging in as anonymous ... Logged in!
==> SYST ... done.    ==> PWD ... done.
==> TYPE I ... done.  ==> CWD (1) /pubchem/.fetch/90 ... done.
==> SIZE 1037598207402364962.txt.gz ... 100
==> PASV ... done.    ==> RETR 1037598207402364962.txt.gz ... done.
Length: 100 (unauthoritative)

     0K                                                       100%  120K=0.001s

2019-06-20 22:25:05 (120 KB/s) - ‘1037598207402364962.txt.gz’ saved [100]

--2019-06-20 22:25:05--  http://query/
Resolving query (query)... failed: Name or service not known.
wget: unable to resolve host address ‘query’
--2019-06-20 22:25:05--  ftp://xml/
           => ‘.listing’
Resolving xml (xml)... failed: Name or service not known.
wget: unable to resolve host address ‘xml’
--2019-06-20 22:25:05--  http://pc_fetch_aid500514_activities_0.cgi/
Resolving pc_fetch_aid500514_activities_0.cgi (pc_fetch_aid500514_activities_0.cgi)... failed: Name or service not known.
wget: unable to resolve host address ‘pc_fetch_aid500514_activities_0.cgi’
FINISHED --2019-06-20 22:25:05--
Total wall clock time: 0.8s
Downloaded: 1 files, 100 in 0.001s (120 KB/s)
