--2019-06-20 19:29:21--  ftp://ftp-private.ncbi.nlm.nih.gov/pubchem/.fetch/71/1872931114846850643.txt.gz
           => ‘1872931114846850643.txt.gz’
Resolving ftp-private.ncbi.nlm.nih.gov (ftp-private.ncbi.nlm.nih.gov)... 130.14.29.30
Connecting to ftp-private.ncbi.nlm.nih.gov (ftp-private.ncbi.nlm.nih.gov)|130.14.29.30|:21... connected.
Logging in as anonymous ... Logged in!
==> SYST ... done.    ==> PWD ... done.
==> TYPE I ... done.  ==> CWD (1) /pubchem/.fetch/71 ... done.
==> SIZE 1872931114846850643.txt.gz ... 161
==> PASV ... done.    ==> RETR 1872931114846850643.txt.gz ... done.
Length: 161 (unauthoritative)

     0K                                                       100%  151K=0.001s

2019-06-20 19:29:22 (151 KB/s) - ‘1872931114846850643.txt.gz’ saved [161]

--2019-06-20 19:29:22--  http://query/
Resolving query (query)... failed: Name or service not known.
wget: unable to resolve host address ‘query’
--2019-06-20 19:29:22--  ftp://xml/
           => ‘.listing’
Resolving xml (xml)... failed: Name or service not known.
wget: unable to resolve host address ‘xml’
--2019-06-20 19:29:22--  http://pc_fetch_aid1267536_activities_0.cgi/
Resolving pc_fetch_aid1267536_activities_0.cgi (pc_fetch_aid1267536_activities_0.cgi)... failed: Name or service not known.
wget: unable to resolve host address ‘pc_fetch_aid1267536_activities_0.cgi’
FINISHED --2019-06-20 19:29:22--
Total wall clock time: 0.7s
Downloaded: 1 files, 161 in 0.001s (151 KB/s)
