--2019-06-20 22:46:38--  ftp://ftp-private.ncbi.nlm.nih.gov/pubchem/.fetch/55/2447250142486176427.txt.gz
           => ‘2447250142486176427.txt.gz’
Resolving ftp-private.ncbi.nlm.nih.gov (ftp-private.ncbi.nlm.nih.gov)... 130.14.29.35
Connecting to ftp-private.ncbi.nlm.nih.gov (ftp-private.ncbi.nlm.nih.gov)|130.14.29.35|:21... connected.
Logging in as anonymous ... Logged in!
==> SYST ... done.    ==> PWD ... done.
==> TYPE I ... done.  ==> CWD (1) /pubchem/.fetch/55 ... done.
==> SIZE 2447250142486176427.txt.gz ... 77
==> PASV ... done.    ==> RETR 2447250142486176427.txt.gz ... done.
Length: 77 (unauthoritative)

     0K                                                       100% 5.72K=0.01s

2019-06-20 22:46:38 (5.72 KB/s) - ‘2447250142486176427.txt.gz’ saved [77]

--2019-06-20 22:46:38--  http://query/
Resolving query (query)... failed: Name or service not known.
wget: unable to resolve host address ‘query’
--2019-06-20 22:46:38--  ftp://xml/
           => ‘.listing’
Resolving xml (xml)... failed: Name or service not known.
wget: unable to resolve host address ‘xml’
--2019-06-20 22:46:38--  http://pc_fetch_aid549179_activities_0.cgi/
Resolving pc_fetch_aid549179_activities_0.cgi (pc_fetch_aid549179_activities_0.cgi)... failed: Name or service not known.
wget: unable to resolve host address ‘pc_fetch_aid549179_activities_0.cgi’
FINISHED --2019-06-20 22:46:38--
Total wall clock time: 0.6s
Downloaded: 1 files, 77 in 0.01s (5.72 KB/s)
