--2019-06-20 22:56:51--  ftp://ftp-private.ncbi.nlm.nih.gov/pubchem/.fetch/82/2126960956533969038.txt.gz
           => ‘2126960956533969038.txt.gz’
Resolving ftp-private.ncbi.nlm.nih.gov (ftp-private.ncbi.nlm.nih.gov)... 130.14.29.30
Connecting to ftp-private.ncbi.nlm.nih.gov (ftp-private.ncbi.nlm.nih.gov)|130.14.29.30|:21... connected.
Logging in as anonymous ... Logged in!
==> SYST ... done.    ==> PWD ... done.
==> TYPE I ... done.  ==> CWD (1) /pubchem/.fetch/82 ... done.
==> SIZE 2126960956533969038.txt.gz ... 195
==> PASV ... done.    ==> RETR 2126960956533969038.txt.gz ... done.
Length: 195 (unauthoritative)

     0K                                                       100%  175K=0.001s

2019-06-20 22:56:52 (175 KB/s) - ‘2126960956533969038.txt.gz’ saved [195]

--2019-06-20 22:56:52--  http://query/
Resolving query (query)... failed: Name or service not known.
wget: unable to resolve host address ‘query’
--2019-06-20 22:56:52--  ftp://xml/
           => ‘.listing’
Resolving xml (xml)... failed: Name or service not known.
wget: unable to resolve host address ‘xml’
--2019-06-20 22:56:52--  http://pc_fetch_aid600321_activities_0.cgi/
Resolving pc_fetch_aid600321_activities_0.cgi (pc_fetch_aid600321_activities_0.cgi)... failed: Name or service not known.
wget: unable to resolve host address ‘pc_fetch_aid600321_activities_0.cgi’
FINISHED --2019-06-20 22:56:52--
Total wall clock time: 0.5s
Downloaded: 1 files, 195 in 0.001s (175 KB/s)
