--2019-06-21 00:31:09--  ftp://ftp-private.ncbi.nlm.nih.gov/pubchem/.fetch/41/2261163956780764839.txt.gz
           => ‘2261163956780764839.txt.gz’
Resolving ftp-private.ncbi.nlm.nih.gov (ftp-private.ncbi.nlm.nih.gov)... 130.14.29.35
Connecting to ftp-private.ncbi.nlm.nih.gov (ftp-private.ncbi.nlm.nih.gov)|130.14.29.35|:21... connected.
Logging in as anonymous ... Logged in!
==> SYST ... done.    ==> PWD ... done.
==> TYPE I ... done.  ==> CWD (1) /pubchem/.fetch/41 ... done.
==> SIZE 2261163956780764839.txt.gz ... 50
==> PASV ... done.    ==> RETR 2261163956780764839.txt.gz ... done.
Length: 50 (unauthoritative)

     0K                                                       100% 61.5K=0.001s

2019-06-21 00:31:09 (61.5 KB/s) - ‘2261163956780764839.txt.gz’ saved [50]

--2019-06-21 00:31:09--  http://query/
Resolving query (query)... failed: Name or service not known.
wget: unable to resolve host address ‘query’
--2019-06-21 00:31:09--  ftp://xml/
           => ‘.listing’
Resolving xml (xml)... failed: Name or service not known.
wget: unable to resolve host address ‘xml’
--2019-06-21 00:31:09--  http://pc_fetch_aid754352_activities_0.cgi/
Resolving pc_fetch_aid754352_activities_0.cgi (pc_fetch_aid754352_activities_0.cgi)... failed: Name or service not known.
wget: unable to resolve host address ‘pc_fetch_aid754352_activities_0.cgi’
FINISHED --2019-06-21 00:31:09--
Total wall clock time: 0.6s
Downloaded: 1 files, 50 in 0.001s (61.5 KB/s)
