--2019-06-20 20:29:14--  ftp://ftp-private.ncbi.nlm.nih.gov/pubchem/.fetch/81/2875877528414627688.txt.gz
           => ‘2875877528414627688.txt.gz’
Resolving ftp-private.ncbi.nlm.nih.gov (ftp-private.ncbi.nlm.nih.gov)... 130.14.29.30
Connecting to ftp-private.ncbi.nlm.nih.gov (ftp-private.ncbi.nlm.nih.gov)|130.14.29.30|:21... connected.
Logging in as anonymous ... Logged in!
==> SYST ... done.    ==> PWD ... done.
==> TYPE I ... done.  ==> CWD (1) /pubchem/.fetch/81 ... done.
==> SIZE 2875877528414627688.txt.gz ... 250
==> PASV ... done.    ==> RETR 2875877528414627688.txt.gz ... done.
Length: 250 (unauthoritative)

     0K                                                       100%  200K=0.001s

2019-06-20 20:29:15 (200 KB/s) - ‘2875877528414627688.txt.gz’ saved [250]

--2019-06-20 20:29:15--  http://query/
Resolving query (query)... failed: Name or service not known.
wget: unable to resolve host address ‘query’
--2019-06-20 20:29:15--  ftp://xml/
           => ‘.listing’
Resolving xml (xml)... failed: Name or service not known.
wget: unable to resolve host address ‘xml’
--2019-06-20 20:29:15--  http://pc_fetch_aid1310461_activities_0.cgi/
Resolving pc_fetch_aid1310461_activities_0.cgi (pc_fetch_aid1310461_activities_0.cgi)... failed: Name or service not known.
wget: unable to resolve host address ‘pc_fetch_aid1310461_activities_0.cgi’
FINISHED --2019-06-20 20:29:15--
Total wall clock time: 0.4s
Downloaded: 1 files, 250 in 0.001s (200 KB/s)
