--2019-06-20 22:46:55--  ftp://ftp-private.ncbi.nlm.nih.gov/pubchem/.fetch/37/1478479953857033102.txt.gz
           => ‘1478479953857033102.txt.gz’
Resolving ftp-private.ncbi.nlm.nih.gov (ftp-private.ncbi.nlm.nih.gov)... 130.14.29.30
Connecting to ftp-private.ncbi.nlm.nih.gov (ftp-private.ncbi.nlm.nih.gov)|130.14.29.30|:21... connected.
Logging in as anonymous ... Logged in!
==> SYST ... done.    ==> PWD ... done.
==> TYPE I ... done.  ==> CWD (1) /pubchem/.fetch/37 ... done.
==> SIZE 1478479953857033102.txt.gz ... 77
==> PASV ... done.    ==> RETR 1478479953857033102.txt.gz ... done.
Length: 77 (unauthoritative)

     0K                                                       100% 88.5K=0.001s

2019-06-20 22:46:56 (88.5 KB/s) - ‘1478479953857033102.txt.gz’ saved [77]

--2019-06-20 22:46:56--  http://query/
Resolving query (query)... failed: Name or service not known.
wget: unable to resolve host address ‘query’
--2019-06-20 22:46:56--  ftp://xml/
           => ‘.listing’
Resolving xml (xml)... failed: Name or service not known.
wget: unable to resolve host address ‘xml’
--2019-06-20 22:46:56--  http://pc_fetch_aid549182_activities_0.cgi/
Resolving pc_fetch_aid549182_activities_0.cgi (pc_fetch_aid549182_activities_0.cgi)... failed: Name or service not known.
wget: unable to resolve host address ‘pc_fetch_aid549182_activities_0.cgi’
FINISHED --2019-06-20 22:46:56--
Total wall clock time: 0.5s
Downloaded: 1 files, 77 in 0.001s (88.5 KB/s)
