--2019-06-21 00:12:02--  ftp://ftp-private.ncbi.nlm.nih.gov/pubchem/.fetch/55/2809666647680751788.txt.gz
           => ‘2809666647680751788.txt.gz’
Resolving ftp-private.ncbi.nlm.nih.gov (ftp-private.ncbi.nlm.nih.gov)... 130.14.29.30
Connecting to ftp-private.ncbi.nlm.nih.gov (ftp-private.ncbi.nlm.nih.gov)|130.14.29.30|:21... connected.
Logging in as anonymous ... Logged in!
==> SYST ... done.    ==> PWD ... done.
==> TYPE I ... done.  ==> CWD (1) /pubchem/.fetch/55 ... done.
==> SIZE 2809666647680751788.txt.gz ... 149
==> PASV ... done.    ==> RETR 2809666647680751788.txt.gz ... done.
Length: 149 (unauthoritative)

     0K                                                       100%  172K=0.001s

2019-06-21 00:12:02 (172 KB/s) - ‘2809666647680751788.txt.gz’ saved [149]

--2019-06-21 00:12:02--  http://query/
Resolving query (query)... failed: Name or service not known.
wget: unable to resolve host address ‘query’
--2019-06-21 00:12:02--  ftp://xml/
           => ‘.listing’
Resolving xml (xml)... failed: Name or service not known.
wget: unable to resolve host address ‘xml’
--2019-06-21 00:12:02--  http://pc_fetch_aid744664_activities_0.cgi/
Resolving pc_fetch_aid744664_activities_0.cgi (pc_fetch_aid744664_activities_0.cgi)... failed: Name or service not known.
wget: unable to resolve host address ‘pc_fetch_aid744664_activities_0.cgi’
FINISHED --2019-06-21 00:12:03--
Total wall clock time: 0.7s
Downloaded: 1 files, 149 in 0.001s (172 KB/s)
