--2019-06-20 21:46:54--  ftp://ftp-private.ncbi.nlm.nih.gov/pubchem/.fetch/34/1457657676497183904.txt.gz
           => ‘1457657676497183904.txt.gz’
Resolving ftp-private.ncbi.nlm.nih.gov (ftp-private.ncbi.nlm.nih.gov)... 130.14.29.30
Connecting to ftp-private.ncbi.nlm.nih.gov (ftp-private.ncbi.nlm.nih.gov)|130.14.29.30|:21... connected.
Logging in as anonymous ... Logged in!
==> SYST ... done.    ==> PWD ... done.
==> TYPE I ... done.  ==> CWD (1) /pubchem/.fetch/34 ... done.
==> SIZE 1457657676497183904.txt.gz ... 57
==> PASV ... done.    ==> RETR 1457657676497183904.txt.gz ... done.
Length: 57 (unauthoritative)

     0K                                                       100% 69.0K=0.001s

2019-06-20 21:46:54 (69.0 KB/s) - ‘1457657676497183904.txt.gz’ saved [57]

--2019-06-20 21:46:54--  http://query/
Resolving query (query)... failed: Name or service not known.
wget: unable to resolve host address ‘query’
--2019-06-20 21:46:54--  ftp://xml/
           => ‘.listing’
Resolving xml (xml)... failed: Name or service not known.
wget: unable to resolve host address ‘xml’
--2019-06-20 21:46:54--  http://pc_fetch_aid405705_activities_0.cgi/
Resolving pc_fetch_aid405705_activities_0.cgi (pc_fetch_aid405705_activities_0.cgi)... failed: Name or service not known.
wget: unable to resolve host address ‘pc_fetch_aid405705_activities_0.cgi’
FINISHED --2019-06-20 21:46:54--
Total wall clock time: 0.4s
Downloaded: 1 files, 57 in 0.001s (69.0 KB/s)
