--2019-06-20 17:11:23--  ftp://ftp-private.ncbi.nlm.nih.gov/pubchem/.fetch/5/1323873562689044280.txt.gz
           => ‘1323873562689044280.txt.gz’
Resolving ftp-private.ncbi.nlm.nih.gov (ftp-private.ncbi.nlm.nih.gov)... 130.14.29.30
Connecting to ftp-private.ncbi.nlm.nih.gov (ftp-private.ncbi.nlm.nih.gov)|130.14.29.30|:21... connected.
Logging in as anonymous ... Logged in!
==> SYST ... done.    ==> PWD ... done.
==> TYPE I ... done.  ==> CWD (1) /pubchem/.fetch/5 ... done.
==> SIZE 1323873562689044280.txt.gz ... 70
==> PASV ... done.    ==> RETR 1323873562689044280.txt.gz ... done.
Length: 70 (unauthoritative)

     0K                                                       100% 30.6K=0.002s

2019-06-20 17:11:24 (30.6 KB/s) - ‘1323873562689044280.txt.gz’ saved [70]

--2019-06-20 17:11:24--  http://query/
Resolving query (query)... failed: Name or service not known.
wget: unable to resolve host address ‘query’
--2019-06-20 17:11:24--  ftp://xml/
           => ‘.listing’
Resolving xml (xml)... failed: Name or service not known.
wget: unable to resolve host address ‘xml’
--2019-06-20 17:11:24--  http://pc_fetch_aid1063113_activities_0.cgi/
Resolving pc_fetch_aid1063113_activities_0.cgi (pc_fetch_aid1063113_activities_0.cgi)... failed: Name or service not known.
wget: unable to resolve host address ‘pc_fetch_aid1063113_activities_0.cgi’
FINISHED --2019-06-20 17:11:24--
Total wall clock time: 0.6s
Downloaded: 1 files, 70 in 0.002s (30.6 KB/s)
