--2019-06-20 18:06:33--  ftp://ftp-private.ncbi.nlm.nih.gov/pubchem/.fetch/87/4502118265130191054.txt.gz
           => ‘4502118265130191054.txt.gz’
Resolving ftp-private.ncbi.nlm.nih.gov (ftp-private.ncbi.nlm.nih.gov)... 130.14.29.30
Connecting to ftp-private.ncbi.nlm.nih.gov (ftp-private.ncbi.nlm.nih.gov)|130.14.29.30|:21... connected.
Logging in as anonymous ... Logged in!
==> SYST ... done.    ==> PWD ... done.
==> TYPE I ... done.  ==> CWD (1) /pubchem/.fetch/87 ... done.
==> SIZE 4502118265130191054.txt.gz ... 198
==> PASV ... done.    ==> RETR 4502118265130191054.txt.gz ... done.
Length: 198 (unauthoritative)

     0K                                                       100%  181K=0.001s

2019-06-20 18:06:33 (181 KB/s) - ‘4502118265130191054.txt.gz’ saved [198]

--2019-06-20 18:06:33--  http://query/
Resolving query (query)... failed: Name or service not known.
wget: unable to resolve host address ‘query’
--2019-06-20 18:06:33--  ftp://xml/
           => ‘.listing’
Resolving xml (xml)... failed: Name or service not known.
wget: unable to resolve host address ‘xml’
--2019-06-20 18:06:33--  http://pc_fetch_aid1165457_activities_0.cgi/
Resolving pc_fetch_aid1165457_activities_0.cgi (pc_fetch_aid1165457_activities_0.cgi)... failed: Name or service not known.
wget: unable to resolve host address ‘pc_fetch_aid1165457_activities_0.cgi’
FINISHED --2019-06-20 18:06:33--
Total wall clock time: 0.4s
Downloaded: 1 files, 198 in 0.001s (181 KB/s)
