--2019-06-21 00:33:30--  ftp://ftp-private.ncbi.nlm.nih.gov/pubchem/.fetch/94/908887022781291726.txt.gz
           => ‘908887022781291726.txt.gz’
Resolving ftp-private.ncbi.nlm.nih.gov (ftp-private.ncbi.nlm.nih.gov)... 130.14.29.35
Connecting to ftp-private.ncbi.nlm.nih.gov (ftp-private.ncbi.nlm.nih.gov)|130.14.29.35|:21... connected.
Logging in as anonymous ... Logged in!
==> SYST ... done.    ==> PWD ... done.
==> TYPE I ... done.  ==> CWD (1) /pubchem/.fetch/94 ... done.
==> SIZE 908887022781291726.txt.gz ... 259
==> PASV ... done.    ==> RETR 908887022781291726.txt.gz ... done.
Length: 259 (unauthoritative)

     0K                                                       100%  219K=0.001s

2019-06-21 00:33:30 (219 KB/s) - ‘908887022781291726.txt.gz’ saved [259]

--2019-06-21 00:33:30--  http://query/
Resolving query (query)... failed: Name or service not known.
wget: unable to resolve host address ‘query’
--2019-06-21 00:33:30--  ftp://xml/
           => ‘.listing’
Resolving xml (xml)... failed: Name or service not known.
wget: unable to resolve host address ‘xml’
--2019-06-21 00:33:30--  http://pc_fetch_aid756744_activities_0.cgi/
Resolving pc_fetch_aid756744_activities_0.cgi (pc_fetch_aid756744_activities_0.cgi)... failed: Name or service not known.
wget: unable to resolve host address ‘pc_fetch_aid756744_activities_0.cgi’
FINISHED --2019-06-21 00:33:30--
Total wall clock time: 0.4s
Downloaded: 1 files, 259 in 0.001s (219 KB/s)
