--2019-06-20 19:18:31--  ftp://ftp-private.ncbi.nlm.nih.gov/pubchem/.fetch/100/1772740006754735023.txt.gz
           => ‘1772740006754735023.txt.gz’
Resolving ftp-private.ncbi.nlm.nih.gov (ftp-private.ncbi.nlm.nih.gov)... 130.14.29.35
Connecting to ftp-private.ncbi.nlm.nih.gov (ftp-private.ncbi.nlm.nih.gov)|130.14.29.35|:21... connected.
Logging in as anonymous ... Logged in!
==> SYST ... done.    ==> PWD ... done.
==> TYPE I ... done.  ==> CWD (1) /pubchem/.fetch/100 ... done.
==> SIZE 1772740006754735023.txt.gz ... 258
==> PASV ... done.    ==> RETR 1772740006754735023.txt.gz ... done.
Length: 258 (unauthoritative)

     0K                                                       100%  214K=0.001s

2019-06-20 19:18:31 (214 KB/s) - ‘1772740006754735023.txt.gz’ saved [258]

--2019-06-20 19:18:31--  http://query/
Resolving query (query)... failed: Name or service not known.
wget: unable to resolve host address ‘query’
--2019-06-20 19:18:31--  ftp://xml/
           => ‘.listing’
Resolving xml (xml)... failed: Name or service not known.
wget: unable to resolve host address ‘xml’
--2019-06-20 19:18:31--  http://pc_fetch_aid1261135_activities_0.cgi/
Resolving pc_fetch_aid1261135_activities_0.cgi (pc_fetch_aid1261135_activities_0.cgi)... failed: Name or service not known.
wget: unable to resolve host address ‘pc_fetch_aid1261135_activities_0.cgi’
FINISHED --2019-06-20 19:18:31--
Total wall clock time: 0.6s
Downloaded: 1 files, 258 in 0.001s (214 KB/s)
