--2019-06-20 20:31:39--  ftp://ftp-private.ncbi.nlm.nih.gov/pubchem/.fetch/60/3257840902180301079.txt.gz
           => ‘3257840902180301079.txt.gz’
Resolving ftp-private.ncbi.nlm.nih.gov (ftp-private.ncbi.nlm.nih.gov)... 130.14.29.35
Connecting to ftp-private.ncbi.nlm.nih.gov (ftp-private.ncbi.nlm.nih.gov)|130.14.29.35|:21... connected.
Logging in as anonymous ... Logged in!
==> SYST ... done.    ==> PWD ... done.
==> TYPE I ... done.  ==> CWD (1) /pubchem/.fetch/60 ... done.
==> SIZE 3257840902180301079.txt.gz ... 174
==> PASV ... done.    ==> RETR 3257840902180301079.txt.gz ... done.
Length: 174 (unauthoritative)

     0K                                                       100%  166K=0.001s

2019-06-20 20:31:40 (166 KB/s) - ‘3257840902180301079.txt.gz’ saved [174]

--2019-06-20 20:31:40--  http://query/
Resolving query (query)... failed: Name or service not known.
wget: unable to resolve host address ‘query’
--2019-06-20 20:31:40--  ftp://xml/
           => ‘.listing’
Resolving xml (xml)... failed: Name or service not known.
wget: unable to resolve host address ‘xml’
--2019-06-20 20:31:40--  http://pc_fetch_aid1310485_activities_0.cgi/
Resolving pc_fetch_aid1310485_activities_0.cgi (pc_fetch_aid1310485_activities_0.cgi)... failed: Name or service not known.
wget: unable to resolve host address ‘pc_fetch_aid1310485_activities_0.cgi’
FINISHED --2019-06-20 20:31:40--
Total wall clock time: 0.8s
Downloaded: 1 files, 174 in 0.001s (166 KB/s)
