--2019-06-20 18:01:04--  ftp://ftp-private.ncbi.nlm.nih.gov/pubchem/.fetch/17/443512468828101899.txt.gz
           => ‘443512468828101899.txt.gz’
Resolving ftp-private.ncbi.nlm.nih.gov (ftp-private.ncbi.nlm.nih.gov)... 130.14.29.35
Connecting to ftp-private.ncbi.nlm.nih.gov (ftp-private.ncbi.nlm.nih.gov)|130.14.29.35|:21... connected.
Logging in as anonymous ... Logged in!
==> SYST ... done.    ==> PWD ... done.
==> TYPE I ... done.  ==> CWD (1) /pubchem/.fetch/17 ... done.
==> SIZE 443512468828101899.txt.gz ... 72
==> PASV ... done.    ==> RETR 443512468828101899.txt.gz ... done.
Length: 72 (unauthoritative)

     0K                                                       100% 2.48K=0.03s

2019-06-20 18:01:05 (2.48 KB/s) - ‘443512468828101899.txt.gz’ saved [72]

--2019-06-20 18:01:05--  http://query/
Resolving query (query)... failed: Name or service not known.
wget: unable to resolve host address ‘query’
--2019-06-20 18:01:05--  ftp://xml/
           => ‘.listing’
Resolving xml (xml)... failed: Name or service not known.
wget: unable to resolve host address ‘xml’
--2019-06-20 18:01:05--  http://pc_fetch_aid1163489_activities_0.cgi/
Resolving pc_fetch_aid1163489_activities_0.cgi (pc_fetch_aid1163489_activities_0.cgi)... failed: Name or service not known.
wget: unable to resolve host address ‘pc_fetch_aid1163489_activities_0.cgi’
FINISHED --2019-06-20 18:01:05--
Total wall clock time: 0.5s
Downloaded: 1 files, 72 in 0.03s (2.48 KB/s)
