--2019-06-20 21:34:22--  ftp://ftp-private.ncbi.nlm.nih.gov/pubchem/.fetch/2/4485933662971700348.txt.gz
           => ‘4485933662971700348.txt.gz’
Resolving ftp-private.ncbi.nlm.nih.gov (ftp-private.ncbi.nlm.nih.gov)... 130.14.29.30
Connecting to ftp-private.ncbi.nlm.nih.gov (ftp-private.ncbi.nlm.nih.gov)|130.14.29.30|:21... connected.
Logging in as anonymous ... Logged in!
==> SYST ... done.    ==> PWD ... done.
==> TYPE I ... done.  ==> CWD (1) /pubchem/.fetch/2 ... done.
==> SIZE 4485933662971700348.txt.gz ... 99
==> PASV ... done.    ==> RETR 4485933662971700348.txt.gz ... done.
Length: 99 (unauthoritative)

     0K                                                       100%  123K=0.001s

2019-06-20 21:34:23 (123 KB/s) - ‘4485933662971700348.txt.gz’ saved [99]

--2019-06-20 21:34:23--  http://query/
Resolving query (query)... failed: Name or service not known.
wget: unable to resolve host address ‘query’
--2019-06-20 21:34:23--  ftp://xml/
           => ‘.listing’
Resolving xml (xml)... failed: Name or service not known.
wget: unable to resolve host address ‘xml’
--2019-06-20 21:34:23--  http://pc_fetch_aid346053_activities_0.cgi/
Resolving pc_fetch_aid346053_activities_0.cgi (pc_fetch_aid346053_activities_0.cgi)... failed: Name or service not known.
wget: unable to resolve host address ‘pc_fetch_aid346053_activities_0.cgi’
FINISHED --2019-06-20 21:34:23--
Total wall clock time: 0.5s
Downloaded: 1 files, 99 in 0.001s (123 KB/s)
