--2019-06-21 16:57:45--  ftp://ftp-private.ncbi.nlm.nih.gov/pubchem/.fetch/38/2675900294788611229.txt.gz
           => '2675900294788611229.txt.gz'
Resolving ftp-private.ncbi.nlm.nih.gov (ftp-private.ncbi.nlm.nih.gov)... 130.14.29.30
Connecting to ftp-private.ncbi.nlm.nih.gov (ftp-private.ncbi.nlm.nih.gov)|130.14.29.30|:21... connected.
Logging in as anonymous ... Logged in!
==> SYST ... done.    ==> PWD ... done.
==> TYPE I ... done.  ==> CWD (1) /pubchem/.fetch/38 ... done.
==> SIZE 2675900294788611229.txt.gz ... 161
==> PASV ... done.    ==> RETR 2675900294788611229.txt.gz ... done.
Length: 161 (unauthoritative)

     0K                                                       100%  155K=0.001s

2019-06-21 16:57:45 (155 KB/s) - '2675900294788611229.txt.gz' saved [161]

--2019-06-21 16:57:45--  http://query/
Resolving query (query)... failed: Name or service not known.
wget: unable to resolve host address 'query'
--2019-06-21 16:57:45--  ftp://xml/
           => '.listing'
Resolving xml (xml)... failed: Name or service not known.
wget: unable to resolve host address 'xml'
--2019-06-21 16:57:45--  http://pc_fetch_aid1057246_activities_0.cgi/
Resolving pc_fetch_aid1057246_activities_0.cgi (pc_fetch_aid1057246_activities_0.cgi)... failed: Name or service not known.
wget: unable to resolve host address 'pc_fetch_aid1057246_activities_0.cgi'
FINISHED --2019-06-21 16:57:45--
Total wall clock time: 0.4s
Downloaded: 1 files, 161 in 0.001s (155 KB/s)
