--2019-06-21 00:04:23--  ftp://ftp-private.ncbi.nlm.nih.gov/pubchem/.fetch/35/2837232787306126298.txt.gz
           => ‘2837232787306126298.txt.gz’
Resolving ftp-private.ncbi.nlm.nih.gov (ftp-private.ncbi.nlm.nih.gov)... 130.14.29.35
Connecting to ftp-private.ncbi.nlm.nih.gov (ftp-private.ncbi.nlm.nih.gov)|130.14.29.35|:21... connected.
Logging in as anonymous ... Logged in!
==> SYST ... done.    ==> PWD ... done.
==> TYPE I ... done.  ==> CWD (1) /pubchem/.fetch/35 ... done.
==> SIZE 2837232787306126298.txt.gz ... 109
==> PASV ... done.    ==> RETR 2837232787306126298.txt.gz ... done.
Length: 109 (unauthoritative)

     0K                                                       100%  108K=0.001s

2019-06-21 00:04:23 (108 KB/s) - ‘2837232787306126298.txt.gz’ saved [109]

--2019-06-21 00:04:23--  http://query/
Resolving query (query)... failed: Name or service not known.
wget: unable to resolve host address ‘query’
--2019-06-21 00:04:23--  ftp://xml/
           => ‘.listing’
Resolving xml (xml)... failed: Name or service not known.
wget: unable to resolve host address ‘xml’
--2019-06-21 00:04:23--  http://pc_fetch_aid733307_activities_0.cgi/
Resolving pc_fetch_aid733307_activities_0.cgi (pc_fetch_aid733307_activities_0.cgi)... failed: Name or service not known.
wget: unable to resolve host address ‘pc_fetch_aid733307_activities_0.cgi’
FINISHED --2019-06-21 00:04:23--
Total wall clock time: 0.5s
Downloaded: 1 files, 109 in 0.001s (108 KB/s)
