--2019-06-20 19:02:57--  ftp://ftp-private.ncbi.nlm.nih.gov/pubchem/.fetch/12/2520690669149851222.txt.gz
           => ‘2520690669149851222.txt.gz’
Resolving ftp-private.ncbi.nlm.nih.gov (ftp-private.ncbi.nlm.nih.gov)... 130.14.29.35
Connecting to ftp-private.ncbi.nlm.nih.gov (ftp-private.ncbi.nlm.nih.gov)|130.14.29.35|:21... connected.
Logging in as anonymous ... Logged in!
==> SYST ... done.    ==> PWD ... done.
==> TYPE I ... done.  ==> CWD (1) /pubchem/.fetch/12 ... done.
==> SIZE 2520690669149851222.txt.gz ... 299
==> PASV ... done.    ==> RETR 2520690669149851222.txt.gz ... done.
Length: 299 (unauthoritative)

     0K                                                       100%  193K=0.002s

2019-06-20 19:02:58 (193 KB/s) - ‘2520690669149851222.txt.gz’ saved [299]

--2019-06-20 19:02:58--  http://query/
Resolving query (query)... failed: Name or service not known.
wget: unable to resolve host address ‘query’
--2019-06-20 19:02:58--  ftp://xml/
           => ‘.listing’
Resolving xml (xml)... failed: Name or service not known.
wget: unable to resolve host address ‘xml’
--2019-06-20 19:02:58--  http://pc_fetch_aid1235398_activities_0.cgi/
Resolving pc_fetch_aid1235398_activities_0.cgi (pc_fetch_aid1235398_activities_0.cgi)... failed: Name or service not known.
wget: unable to resolve host address ‘pc_fetch_aid1235398_activities_0.cgi’
FINISHED --2019-06-20 19:02:58--
Total wall clock time: 0.7s
Downloaded: 1 files, 299 in 0.002s (193 KB/s)
