--2019-06-20 23:26:13--  ftp://ftp-private.ncbi.nlm.nih.gov/pubchem/.fetch/59/4343905899514982901.txt.gz
           => ‘4343905899514982901.txt.gz’
Resolving ftp-private.ncbi.nlm.nih.gov (ftp-private.ncbi.nlm.nih.gov)... 130.14.29.30
Connecting to ftp-private.ncbi.nlm.nih.gov (ftp-private.ncbi.nlm.nih.gov)|130.14.29.30|:21... connected.
Logging in as anonymous ... Logged in!
==> SYST ... done.    ==> PWD ... done.
==> TYPE I ... done.  ==> CWD (1) /pubchem/.fetch/59 ... done.
==> SIZE 4343905899514982901.txt.gz ... 14187
==> PASV ... done.    ==> RETR 4343905899514982901.txt.gz ... done.
Length: 14187 (14K) (unauthoritative)

     0K .......... ...                                        100%  920K=0.02s

2019-06-20 23:26:14 (920 KB/s) - ‘4343905899514982901.txt.gz’ saved [14187]

--2019-06-20 23:26:14--  http://query/
Resolving query (query)... failed: Name or service not known.
wget: unable to resolve host address ‘query’
--2019-06-20 23:26:14--  ftp://xml/
           => ‘.listing’
Resolving xml (xml)... failed: Name or service not known.
wget: unable to resolve host address ‘xml’
--2019-06-20 23:26:14--  http://pc_fetch_aid651754_activities_0.cgi/
Resolving pc_fetch_aid651754_activities_0.cgi (pc_fetch_aid651754_activities_0.cgi)... failed: Name or service not known.
wget: unable to resolve host address ‘pc_fetch_aid651754_activities_0.cgi’
FINISHED --2019-06-20 23:26:14--
Total wall clock time: 0.5s
Downloaded: 1 files, 14K in 0.02s (920 KB/s)
