--2019-06-20 23:07:04--  ftp://ftp-private.ncbi.nlm.nih.gov/pubchem/.fetch/69/3984095061129929222.txt.gz
           => ‘3984095061129929222.txt.gz’
Resolving ftp-private.ncbi.nlm.nih.gov (ftp-private.ncbi.nlm.nih.gov)... 130.14.29.30
Connecting to ftp-private.ncbi.nlm.nih.gov (ftp-private.ncbi.nlm.nih.gov)|130.14.29.30|:21... connected.
Logging in as anonymous ... Logged in!
==> SYST ... done.    ==> PWD ... done.
==> TYPE I ... done.  ==> CWD (1) /pubchem/.fetch/69 ... done.
==> SIZE 3984095061129929222.txt.gz ... 140
==> PASV ... done.    ==> RETR 3984095061129929222.txt.gz ... done.
Length: 140 (unauthoritative)

     0K                                                       100%  148K=0.001s

2019-06-20 23:07:05 (148 KB/s) - ‘3984095061129929222.txt.gz’ saved [140]

--2019-06-20 23:07:05--  http://query/
Resolving query (query)... failed: Name or service not known.
wget: unable to resolve host address ‘query’
--2019-06-20 23:07:05--  ftp://xml/
           => ‘.listing’
Resolving xml (xml)... failed: Name or service not known.
wget: unable to resolve host address ‘xml’
--2019-06-20 23:07:05--  http://pc_fetch_aid627230_activities_0.cgi/
Resolving pc_fetch_aid627230_activities_0.cgi (pc_fetch_aid627230_activities_0.cgi)... failed: Name or service not known.
wget: unable to resolve host address ‘pc_fetch_aid627230_activities_0.cgi’
FINISHED --2019-06-20 23:07:05--
Total wall clock time: 0.7s
Downloaded: 1 files, 140 in 0.001s (148 KB/s)
