--2019-06-20 20:06:50--  ftp://ftp-private.ncbi.nlm.nih.gov/pubchem/.fetch/73/1896453769363177428.txt.gz
           => ‘1896453769363177428.txt.gz’
Resolving ftp-private.ncbi.nlm.nih.gov (ftp-private.ncbi.nlm.nih.gov)... 130.14.29.30
Connecting to ftp-private.ncbi.nlm.nih.gov (ftp-private.ncbi.nlm.nih.gov)|130.14.29.30|:21... connected.
Logging in as anonymous ... Logged in!
==> SYST ... done.    ==> PWD ... done.
==> TYPE I ... done.  ==> CWD (1) /pubchem/.fetch/73 ... done.
==> SIZE 1896453769363177428.txt.gz ... 69
==> PASV ... done.    ==> RETR 1896453769363177428.txt.gz ... done.
Length: 69 (unauthoritative)

     0K                                                       100% 97.8K=0.001s

2019-06-20 20:06:50 (97.8 KB/s) - ‘1896453769363177428.txt.gz’ saved [69]

--2019-06-20 20:06:50--  http://query/
Resolving query (query)... failed: Name or service not known.
wget: unable to resolve host address ‘query’
--2019-06-20 20:06:50--  ftp://xml/
           => ‘.listing’
Resolving xml (xml)... failed: Name or service not known.
wget: unable to resolve host address ‘xml’
--2019-06-20 20:06:50--  http://pc_fetch_aid1303237_activities_0.cgi/
Resolving pc_fetch_aid1303237_activities_0.cgi (pc_fetch_aid1303237_activities_0.cgi)... failed: Name or service not known.
wget: unable to resolve host address ‘pc_fetch_aid1303237_activities_0.cgi’
FINISHED --2019-06-20 20:06:50--
Total wall clock time: 0.6s
Downloaded: 1 files, 69 in 0.001s (97.8 KB/s)
