--2019-06-20 21:26:24--  ftp://ftp-private.ncbi.nlm.nih.gov/pubchem/.fetch/31/3657785635627495473.txt.gz
           => ‘3657785635627495473.txt.gz’
Resolving ftp-private.ncbi.nlm.nih.gov (ftp-private.ncbi.nlm.nih.gov)... 130.14.29.30
Connecting to ftp-private.ncbi.nlm.nih.gov (ftp-private.ncbi.nlm.nih.gov)|130.14.29.30|:21... connected.
Logging in as anonymous ... Logged in!
==> SYST ... done.    ==> PWD ... done.
==> TYPE I ... done.  ==> CWD (1) /pubchem/.fetch/31 ... done.
==> SIZE 3657785635627495473.txt.gz ... 239
==> PASV ... done.    ==> RETR 3657785635627495473.txt.gz ... done.
Length: 239 (unauthoritative)

     0K                                                       100%  190K=0.001s

2019-06-20 21:26:24 (190 KB/s) - ‘3657785635627495473.txt.gz’ saved [239]

--2019-06-20 21:26:24--  http://query/
Resolving query (query)... failed: Name or service not known.
wget: unable to resolve host address ‘query’
--2019-06-20 21:26:24--  ftp://xml/
           => ‘.listing’
Resolving xml (xml)... failed: Name or service not known.
wget: unable to resolve host address ‘xml’
--2019-06-20 21:26:24--  http://pc_fetch_aid321744_activities_0.cgi/
Resolving pc_fetch_aid321744_activities_0.cgi (pc_fetch_aid321744_activities_0.cgi)... failed: Name or service not known.
wget: unable to resolve host address ‘pc_fetch_aid321744_activities_0.cgi’
FINISHED --2019-06-20 21:26:24--
Total wall clock time: 0.6s
Downloaded: 1 files, 239 in 0.001s (190 KB/s)
