--2019-06-20 20:11:17--  ftp://ftp-private.ncbi.nlm.nih.gov/pubchem/.fetch/83/664662812140646028.txt.gz
           => ‘664662812140646028.txt.gz’
Resolving ftp-private.ncbi.nlm.nih.gov (ftp-private.ncbi.nlm.nih.gov)... 130.14.29.35
Connecting to ftp-private.ncbi.nlm.nih.gov (ftp-private.ncbi.nlm.nih.gov)|130.14.29.35|:21... connected.
Logging in as anonymous ... Logged in!
==> SYST ... done.    ==> PWD ... done.
==> TYPE I ... done.  ==> CWD (1) /pubchem/.fetch/83 ... done.
==> SIZE 664662812140646028.txt.gz ... 57
==> PASV ... done.    ==> RETR 664662812140646028.txt.gz ... done.
Length: 57 (unauthoritative)

     0K                                                       100% 60.4K=0.001s

2019-06-20 20:11:18 (60.4 KB/s) - ‘664662812140646028.txt.gz’ saved [57]

--2019-06-20 20:11:18--  http://query/
Resolving query (query)... failed: Name or service not known.
wget: unable to resolve host address ‘query’
--2019-06-20 20:11:18--  ftp://xml/
           => ‘.listing’
Resolving xml (xml)... failed: Name or service not known.
wget: unable to resolve host address ‘xml’
--2019-06-20 20:11:18--  http://pc_fetch_aid1303281_activities_0.cgi/
Resolving pc_fetch_aid1303281_activities_0.cgi (pc_fetch_aid1303281_activities_0.cgi)... failed: Name or service not known.
wget: unable to resolve host address ‘pc_fetch_aid1303281_activities_0.cgi’
FINISHED --2019-06-20 20:11:18--
Total wall clock time: 0.5s
Downloaded: 1 files, 57 in 0.001s (60.4 KB/s)
