--2019-06-20 18:19:15--  ftp://ftp-private.ncbi.nlm.nih.gov/pubchem/.fetch/70/3587017305324310457.txt.gz
           => ‘3587017305324310457.txt.gz’
Resolving ftp-private.ncbi.nlm.nih.gov (ftp-private.ncbi.nlm.nih.gov)... 130.14.29.35
Connecting to ftp-private.ncbi.nlm.nih.gov (ftp-private.ncbi.nlm.nih.gov)|130.14.29.35|:21... connected.
Logging in as anonymous ... Logged in!
==> SYST ... done.    ==> PWD ... done.
==> TYPE I ... done.  ==> CWD (1) /pubchem/.fetch/70 ... done.
==> SIZE 3587017305324310457.txt.gz ... 128
==> PASV ... done.    ==> RETR 3587017305324310457.txt.gz ... done.
Length: 128 (unauthoritative)

     0K                                                       100%  146K=0.001s

2019-06-20 18:19:15 (146 KB/s) - ‘3587017305324310457.txt.gz’ saved [128]

--2019-06-20 18:19:15--  http://query/
Resolving query (query)... failed: Name or service not known.
wget: unable to resolve host address ‘query’
--2019-06-20 18:19:15--  ftp://xml/
           => ‘.listing’
Resolving xml (xml)... failed: Name or service not known.
wget: unable to resolve host address ‘xml’
--2019-06-20 18:19:15--  http://pc_fetch_aid1170975_activities_0.cgi/
Resolving pc_fetch_aid1170975_activities_0.cgi (pc_fetch_aid1170975_activities_0.cgi)... failed: Name or service not known.
wget: unable to resolve host address ‘pc_fetch_aid1170975_activities_0.cgi’
FINISHED --2019-06-20 18:19:15--
Total wall clock time: 0.5s
Downloaded: 1 files, 128 in 0.001s (146 KB/s)
