--2019-06-20 23:21:21--  ftp://ftp-private.ncbi.nlm.nih.gov/pubchem/.fetch/43/2809654332262411221.txt.gz
           => ‘2809654332262411221.txt.gz’
Resolving ftp-private.ncbi.nlm.nih.gov (ftp-private.ncbi.nlm.nih.gov)... 130.14.29.30
Connecting to ftp-private.ncbi.nlm.nih.gov (ftp-private.ncbi.nlm.nih.gov)|130.14.29.30|:21... connected.
Logging in as anonymous ... Logged in!
==> SYST ... done.    ==> PWD ... done.
==> TYPE I ... done.  ==> CWD (1) /pubchem/.fetch/43 ... done.
==> SIZE 2809654332262411221.txt.gz ... 173
==> PASV ... done.    ==> RETR 2809654332262411221.txt.gz ... done.
Length: 173 (unauthoritative)

     0K                                                       100%  160K=0.001s

2019-06-20 23:21:21 (160 KB/s) - ‘2809654332262411221.txt.gz’ saved [173]

--2019-06-20 23:21:21--  http://query/
Resolving query (query)... failed: Name or service not known.
wget: unable to resolve host address ‘query’
--2019-06-20 23:21:21--  ftp://xml/
           => ‘.listing’
Resolving xml (xml)... failed: Name or service not known.
wget: unable to resolve host address ‘xml’
--2019-06-20 23:21:21--  http://pc_fetch_aid647316_activities_0.cgi/
Resolving pc_fetch_aid647316_activities_0.cgi (pc_fetch_aid647316_activities_0.cgi)... failed: Name or service not known.
wget: unable to resolve host address ‘pc_fetch_aid647316_activities_0.cgi’
FINISHED --2019-06-20 23:21:21--
Total wall clock time: 0.4s
Downloaded: 1 files, 173 in 0.001s (160 KB/s)
