--2019-06-20 19:54:08--  ftp://ftp-private.ncbi.nlm.nih.gov/pubchem/.fetch/37/1358555043469242648.txt.gz
           => ‘1358555043469242648.txt.gz’
Resolving ftp-private.ncbi.nlm.nih.gov (ftp-private.ncbi.nlm.nih.gov)... 130.14.29.30
Connecting to ftp-private.ncbi.nlm.nih.gov (ftp-private.ncbi.nlm.nih.gov)|130.14.29.30|:21... connected.
Logging in as anonymous ... Logged in!
==> SYST ... done.    ==> PWD ... done.
==> TYPE I ... done.  ==> CWD (1) /pubchem/.fetch/37 ... done.
==> SIZE 1358555043469242648.txt.gz ... 61
==> PASV ... done.    ==> RETR 1358555043469242648.txt.gz ... done.
Length: 61 (unauthoritative)

     0K                                                       100% 68.0K=0.001s

2019-06-20 19:54:08 (68.0 KB/s) - ‘1358555043469242648.txt.gz’ saved [61]

--2019-06-20 19:54:08--  http://query/
Resolving query (query)... failed: Name or service not known.
wget: unable to resolve host address ‘query’
--2019-06-20 19:54:08--  ftp://xml/
           => ‘.listing’
Resolving xml (xml)... failed: Name or service not known.
wget: unable to resolve host address ‘xml’
--2019-06-20 19:54:08--  http://pc_fetch_aid1287175_activities_0.cgi/
Resolving pc_fetch_aid1287175_activities_0.cgi (pc_fetch_aid1287175_activities_0.cgi)... failed: Name or service not known.
wget: unable to resolve host address ‘pc_fetch_aid1287175_activities_0.cgi’
FINISHED --2019-06-20 19:54:08--
Total wall clock time: 0.7s
Downloaded: 1 files, 61 in 0.001s (68.0 KB/s)
